<?xml version="1.0" encoding="UTF-8"?>
<testsuites name="First-Test-Suite" time="472" tests="14" failures="4" errors="0">
   <testsuite name="First-Test-Suite" tests="14" failures="4" errors="0" time="472" timestamp="2019-04-18 11:04:36" hostname="HP - 10.152.214.182" id="Test Suites/First-Test-Suite">
      <properties>
         <property name="deviceName" value=""/>
         <property name="devicePlatform" value=""/>
         <property name="logFolder" value="C:\\Users\\HP\\git\\PMO-Web-Application\\Reports\\First-Test-Suite\\20190418_110433"/>
         <property name="logFiles" value="C:\\Users\\HP\\git\\PMO-Web-Application\\Reports\\First-Test-Suite\\20190418_110433\\execution0.log"/>
         <property name="attachments" value="C:\\Users\\HP\\git\\PMO-Web-Application\\Reports\\First-Test-Suite\\20190418_110433\\1555574755341.png, C:\\Users\\HP\\git\\PMO-Web-Application\\Reports\\First-Test-Suite\\20190418_110433\\1555574823979.png, C:\\Users\\HP\\git\\PMO-Web-Application\\Reports\\First-Test-Suite\\20190418_110433\\1555575054894.png, C:\\Users\\HP\\git\\PMO-Web-Application\\Reports\\First-Test-Suite\\20190418_110433\\1555575147944.png"/>
         <property name="hostName" value="HP - 10.152.214.182"/>
         <property name="os" value="Windows 10 64bit"/>
         <property name="katalonVersion" value="6.0.6.4"/>
         <property name="browser" value="Chrome 73.0.3683.103"/>
         <property name="hostAddress" value="10.152.214.182"/>
         <property name="sessionId" value="37ff0d3bdf9b354f84bfa7d360222f23"/>
         <property name="seleniumVersion" value="3.7.1"/>
         <property name="proxyInformation" value="ProxyInformation{proxyOption=NO_PROXY, proxyServerType=HTTP, password=, proxyServerAddress=, proxyServerPort=0}"/>
         <property name="platform" value="Windows 10"/>
      </properties>
      <testcase name="Test Cases/Main-Test-Cases/001-Login-To-OOB" classname="Test Cases/Main-Test-Cases/001-Login-To-OOB" status="PASSED">
         <system-out><![CDATA[2019-04-18 11:04:36 - [TEST_CASE][PASSED] - Test Cases/Main-Test-Cases/001-Login-To-OOB: Test Cases/Main-Test-Cases/001-Login-To-OOB

2019-04-18 11:04:36 - [TEST_STEP][PASSED] - runFeatureFile("Include/features/Main-Features/001-Login-to-OOB.feature"): Feature file: 'Include/features/Main-Features/001-Login-to-OOB.feature' was passed

2019-04-18 11:04:36 - [MESSAGE][INFO] - Starting run keyword runFeatureFile: 'Include/features/Main-Features/001-Login-to-OOB.feature' and extract report to folder: 'C:\Users\HP\git\PMO-Web-Application\Reports\First-Test-Suite\20190418_110433/cucumber_report/1555574676920'...

2019-04-18 11:04:37 - [TEST_CASE][PASSED] - Start Test Case : SCENARIO Login to OOB: SCENARIO Login to OOB

2019-04-18 11:04:37 - [TEST_STEP][PASSED] - I want to open browser: I want to open browser

2019-04-18 11:04:37 - [MESSAGE][INFO] - Starting 'Chrome' driver

2019-04-18 11:04:37 - [MESSAGE][INFO] - Action delay is set to 0 seconds

2019-04-18 11:04:41 - [MESSAGE][PASSED] - Browser is opened with url: ''

2019-04-18 11:04:41 - [MESSAGE][PASSED] - Delete all cookies successfully

2019-04-18 11:04:41 - [MESSAGE][PASSED] - I want to open browser

2019-04-18 11:04:41 - [TEST_STEP][PASSED] - I want to maximize window: I want to maximize window

2019-04-18 11:04:42 - [MESSAGE][PASSED] - Current window maximized

2019-04-18 11:04:42 - [MESSAGE][PASSED] - I want to maximize window

2019-04-18 11:04:42 - [TEST_STEP][PASSED] - I want to go to OOB: I want to go to OOB

2019-04-18 11:04:53 - [MESSAGE][PASSED] - Navigate to 'http://pmoadmin:P@ssw0rd@dev5.cloudapp.net/OOB2/' successfully

2019-04-18 11:04:53 - [MESSAGE][PASSED] - I want to go to OOB

2019-04-18 11:04:53 - [TEST_STEP][PASSED] - I want to verify I'm in OOB main page: I want to verify I'm in OOB main page

2019-04-18 11:04:53 - [MESSAGE][WARNING] - Timeout '0' is invalid. Using default page load timeout: '30'

2019-04-18 11:04:53 - [MESSAGE][PASSED] - Object 'Object Repository/OOB-Objects/OOB-Side-Bar' is present

2019-04-18 11:04:53 - [MESSAGE][PASSED] - I want to verify I'm in OOB main page

2019-04-18 11:04:53 - [TEST_STEP][PASSED] - I want to close browser: I want to close browser

2019-04-18 11:04:54 - [MESSAGE][PASSED] - Browser is closed

2019-04-18 11:04:54 - [MESSAGE][PASSED] - I want to close browser

2019-04-18 11:04:54 - [MESSAGE][PASSED] - Feature file: 'Include/features/Main-Features/001-Login-to-OOB.feature' was passed]]></system-out>
         <system-err><![CDATA[]]></system-err>
      </testcase>
      <testcase name="Test Cases/Main-Test-Cases/002-Verify-OOB-HomePage" classname="Test Cases/Main-Test-Cases/002-Verify-OOB-HomePage" status="PASSED">
         <system-out><![CDATA[2019-04-18 11:04:54 - [TEST_CASE][PASSED] - Test Cases/Main-Test-Cases/002-Verify-OOB-HomePage: Test Cases/Main-Test-Cases/002-Verify-OOB-HomePage

2019-04-18 11:04:54 - [TEST_STEP][PASSED] - runFeatureFile("Include/features/Main-Features/002-Verify-OOB-HomePage.feature"): Feature file: 'Include/features/Main-Features/002-Verify-OOB-HomePage.feature' was passed

2019-04-18 11:04:54 - [MESSAGE][INFO] - Starting run keyword runFeatureFile: 'Include/features/Main-Features/002-Verify-OOB-HomePage.feature' and extract report to folder: 'C:\Users\HP\git\PMO-Web-Application\Reports\First-Test-Suite\20190418_110433/cucumber_report/1555574694701'...

2019-04-18 11:04:54 - [TEST_CASE][PASSED] - Start Test Case : SCENARIO verify OOB home page elements: SCENARIO verify OOB home page elements

2019-04-18 11:04:54 - [TEST_STEP][PASSED] - I want to open browser: I want to open browser

2019-04-18 11:04:54 - [MESSAGE][INFO] - Starting 'Chrome' driver

2019-04-18 11:04:57 - [MESSAGE][PASSED] - Browser is opened with url: ''

2019-04-18 11:04:57 - [MESSAGE][PASSED] - Delete all cookies successfully

2019-04-18 11:04:57 - [MESSAGE][PASSED] - I want to open browser

2019-04-18 11:04:57 - [TEST_STEP][PASSED] - I want to maximize window: I want to maximize window

2019-04-18 11:04:58 - [MESSAGE][PASSED] - Current window maximized

2019-04-18 11:04:58 - [MESSAGE][PASSED] - I want to maximize window

2019-04-18 11:04:58 - [TEST_STEP][PASSED] - I want to go to OOB: I want to go to OOB

2019-04-18 11:05:08 - [MESSAGE][PASSED] - Navigate to 'http://pmoadmin:P@ssw0rd@dev5.cloudapp.net/OOB2/' successfully

2019-04-18 11:05:08 - [MESSAGE][PASSED] - I want to go to OOB

2019-04-18 11:05:08 - [TEST_STEP][PASSED] - I want to verify I'm in OOB main page: I want to verify I'm in OOB main page

2019-04-18 11:05:08 - [MESSAGE][WARNING] - Timeout '0' is invalid. Using default page load timeout: '30'

2019-04-18 11:05:08 - [MESSAGE][PASSED] - Object 'Object Repository/OOB-Objects/OOB-Side-Bar' is present

2019-04-18 11:05:08 - [MESSAGE][PASSED] - I want to verify I'm in OOB main page

2019-04-18 11:05:08 - [TEST_STEP][PASSED] - I want to verify Dashboard presents: I want to verify Dashboard presents

2019-04-18 11:05:08 - [MESSAGE][WARNING] - Timeout '0' is invalid. Using default page load timeout: '30'

2019-04-18 11:05:08 - [MESSAGE][PASSED] - Object 'Object Repository/OOB-Objects/Dashboard' is present

2019-04-18 11:05:08 - [MESSAGE][PASSED] - I want to verify Dashboard presents

2019-04-18 11:05:08 - [TEST_STEP][PASSED] - I want to verify Projects List presents: I want to verify Projects List presents

2019-04-18 11:05:08 - [MESSAGE][WARNING] - Timeout '0' is invalid. Using default page load timeout: '30'

2019-04-18 11:05:08 - [MESSAGE][PASSED] - Object 'Object Repository/OOB-Objects/Projects-List' is present

2019-04-18 11:05:08 - [MESSAGE][PASSED] - I want to verify Projects List presents

2019-04-18 11:05:08 - [TEST_STEP][PASSED] - I want to verify Strategy Center presents: I want to verify Strategy Center presents

2019-04-18 11:05:08 - [MESSAGE][WARNING] - Timeout '0' is invalid. Using default page load timeout: '30'

2019-04-18 11:05:08 - [MESSAGE][PASSED] - Object 'Object Repository/OOB-Objects/Strategy-Center' is present

2019-04-18 11:05:08 - [MESSAGE][PASSED] - I want to verify Strategy Center presents

2019-04-18 11:05:08 - [TEST_STEP][PASSED] - I want to verify Reports presents: I want to verify Reports presents

2019-04-18 11:05:08 - [MESSAGE][WARNING] - Timeout '0' is invalid. Using default page load timeout: '30'

2019-04-18 11:05:08 - [MESSAGE][PASSED] - Object 'Object Repository/OOB-Objects/Reports' is present

2019-04-18 11:05:08 - [MESSAGE][PASSED] - I want to verify Reports presents

2019-04-18 11:05:08 - [TEST_STEP][PASSED] - I want to verify Tasks presents: I want to verify Tasks presents

2019-04-18 11:05:08 - [MESSAGE][WARNING] - Timeout '0' is invalid. Using default page load timeout: '30'

2019-04-18 11:05:08 - [MESSAGE][PASSED] - Object 'Object Repository/OOB-Objects/Tasks' is present

2019-04-18 11:05:08 - [MESSAGE][PASSED] - I want to verify Tasks presents

2019-04-18 11:05:08 - [TEST_STEP][PASSED] - I want to verify Support presents: I want to verify Support presents

2019-04-18 11:05:08 - [MESSAGE][WARNING] - Timeout '0' is invalid. Using default page load timeout: '30'

2019-04-18 11:05:08 - [MESSAGE][PASSED] - Object 'Object Repository/OOB-Objects/Support' is present

2019-04-18 11:05:08 - [MESSAGE][PASSED] - I want to verify Support presents

2019-04-18 11:05:08 - [TEST_STEP][PASSED] - I want to verify User Dropdwon presents: I want to verify User Dropdwon presents

2019-04-18 11:05:08 - [MESSAGE][WARNING] - Timeout '0' is invalid. Using default page load timeout: '30'

2019-04-18 11:05:08 - [MESSAGE][PASSED] - Object 'Object Repository/OOB-Objects/User-Dropdwon' is present

2019-04-18 11:05:08 - [MESSAGE][PASSED] - I want to verify User Dropdwon presents

2019-04-18 11:05:08 - [TEST_STEP][PASSED] - I want to verify Inbox Icon presents: I want to verify Inbox Icon presents

2019-04-18 11:05:08 - [MESSAGE][WARNING] - Timeout '0' is invalid. Using default page load timeout: '30'

2019-04-18 11:05:08 - [MESSAGE][PASSED] - Object 'Object Repository/OOB-Objects/InboxIcon' is present

2019-04-18 11:05:08 - [MESSAGE][PASSED] - I want to verify Inbox Icon presents

2019-04-18 11:05:08 - [TEST_STEP][PASSED] - I want to verify Settings presents: I want to verify Settings presents

2019-04-18 11:05:08 - [MESSAGE][WARNING] - Timeout '0' is invalid. Using default page load timeout: '30'

2019-04-18 11:05:08 - [MESSAGE][PASSED] - Object 'Object Repository/OOB-Objects/Settings' is present

2019-04-18 11:05:08 - [MESSAGE][PASSED] - I want to verify Settings presents

2019-04-18 11:05:08 - [TEST_STEP][PASSED] - I want to verify Language presents: I want to verify Language presents

2019-04-18 11:05:08 - [MESSAGE][WARNING] - Timeout '0' is invalid. Using default page load timeout: '30'

2019-04-18 11:05:08 - [MESSAGE][PASSED] - Object 'Object Repository/OOB-Objects/Language' is present

2019-04-18 11:05:08 - [MESSAGE][PASSED] - I want to verify Language presents

2019-04-18 11:05:08 - [TEST_STEP][PASSED] - I want to close browser: I want to close browser

2019-04-18 11:05:09 - [MESSAGE][PASSED] - Browser is closed

2019-04-18 11:05:09 - [MESSAGE][PASSED] - I want to close browser

2019-04-18 11:05:09 - [MESSAGE][PASSED] - Feature file: 'Include/features/Main-Features/002-Verify-OOB-HomePage.feature' was passed]]></system-out>
         <system-err><![CDATA[]]></system-err>
      </testcase>
      <testcase name="Test Cases/Main-Test-Cases/003-Add-Idea" classname="Test Cases/Main-Test-Cases/003-Add-Idea" status="PASSED">
         <system-out><![CDATA[2019-04-18 11:05:09 - [TEST_CASE][PASSED] - Test Cases/Main-Test-Cases/003-Add-Idea: Test Cases/Main-Test-Cases/003-Add-Idea

2019-04-18 11:05:09 - [TEST_STEP][PASSED] - runFeatureFile("Include/features/Main-Features/003-Add-Idea.feature"): Feature file: 'Include/features/Main-Features/003-Add-Idea.feature' was passed

2019-04-18 11:05:09 - [MESSAGE][INFO] - Starting run keyword runFeatureFile: 'Include/features/Main-Features/003-Add-Idea.feature' and extract report to folder: 'C:\Users\HP\git\PMO-Web-Application\Reports\First-Test-Suite\20190418_110433/cucumber_report/1555574709875'...

2019-04-18 11:05:10 - [TEST_CASE][PASSED] - Start Test Case : SCENARIO Add new idea: SCENARIO Add new idea

2019-04-18 11:05:10 - [TEST_STEP][PASSED] - I want to open browser: I want to open browser

2019-04-18 11:05:10 - [MESSAGE][INFO] - Starting 'Chrome' driver

2019-04-18 11:05:12 - [MESSAGE][PASSED] - Browser is opened with url: ''

2019-04-18 11:05:12 - [MESSAGE][PASSED] - Delete all cookies successfully

2019-04-18 11:05:12 - [MESSAGE][PASSED] - I want to open browser

2019-04-18 11:05:12 - [TEST_STEP][PASSED] - I want to maximize window: I want to maximize window

2019-04-18 11:05:13 - [MESSAGE][PASSED] - Current window maximized

2019-04-18 11:05:13 - [MESSAGE][PASSED] - I want to maximize window

2019-04-18 11:05:13 - [TEST_STEP][PASSED] - I want to go to OOB: I want to go to OOB

2019-04-18 11:05:22 - [MESSAGE][PASSED] - Navigate to 'http://pmoadmin:P@ssw0rd@dev5.cloudapp.net/OOB2/' successfully

2019-04-18 11:05:22 - [MESSAGE][PASSED] - I want to go to OOB

2019-04-18 11:05:22 - [TEST_STEP][PASSED] - I want to verify I'm in OOB main page: I want to verify I'm in OOB main page

2019-04-18 11:05:22 - [MESSAGE][WARNING] - Timeout '0' is invalid. Using default page load timeout: '30'

2019-04-18 11:05:22 - [MESSAGE][PASSED] - Object 'Object Repository/OOB-Objects/OOB-Side-Bar' is present

2019-04-18 11:05:22 - [MESSAGE][PASSED] - I want to verify I'm in OOB main page

2019-04-18 11:05:22 - [TEST_STEP][PASSED] - I want to go to ideas list page: I want to go to ideas list page

2019-04-18 11:05:27 - [MESSAGE][PASSED] - Object: 'Object Repository/OOB-Objects/IdeasList' is clicked on

2019-04-18 11:05:27 - [MESSAGE][PASSED] - I want to go to ideas list page

2019-04-18 11:05:27 - [TEST_STEP][PASSED] - I want to click on Add New button: I want to click on Add New button

2019-04-18 11:05:28 - [MESSAGE][PASSED] - Object: 'Object Repository/PMO-Objects/Page_Project Request/Add-New-Project-Request' is clicked on

2019-04-18 11:05:28 - [MESSAGE][PASSED] - I want to click on Add New button

2019-04-18 11:05:28 - [TEST_STEP][PASSED] - I want to fill idea name field: I want to fill idea name field

2019-04-18 11:05:28 - [MESSAGE][PASSED] - Text 'Automation7959' is set on object 'Object Repository/PMO-Objects/Page_Add New Project Request/Idea-Name-Field'

2019-04-18 11:05:28 - [MESSAGE][PASSED] - I want to fill idea name field

2019-04-18 11:05:28 - [TEST_STEP][PASSED] - I want to select expected start date: I want to select expected start date

2019-04-18 11:05:28 - [MESSAGE][PASSED] - Object: 'Object Repository/PMO-Objects/Page_Add New Project Request/GREGORIAN-Start-date-Check-Box' is clicked on

2019-04-18 11:05:29 - [MESSAGE][PASSED] - Object: 'Object Repository/PMO-Objects/Page_Add New Project Request/Excepted-Start-Date' is clicked on

2019-04-18 11:05:29 - [MESSAGE][PASSED] - Object: 'Object Repository/PMO-Objects/Page_Add New Project Request/Day26' is hovered

2019-04-18 11:05:29 - [MESSAGE][PASSED] - Object: 'Object Repository/PMO-Objects/Page_Add New Project Request/Day26' is clicked on

2019-04-18 11:05:29 - [MESSAGE][PASSED] - I want to select expected start date

2019-04-18 11:05:29 - [TEST_STEP][PASSED] - I want to select expected end date: I want to select expected end date

2019-04-18 11:05:29 - [MESSAGE][PASSED] - Object 'Object Repository/PMO-Objects/Page_Add New Project Request/GREGORIAN-End-Date-Check-Box' is visible

2019-04-18 11:05:29 - [MESSAGE][PASSED] - Object: 'Object Repository/PMO-Objects/Page_Add New Project Request/GREGORIAN-End-Date-Check-Box' is clicked on

2019-04-18 11:05:29 - [MESSAGE][PASSED] - Object: 'Object Repository/PMO-Objects/Page_Add New Project Request/Excpected-End-Date' is hovered

2019-04-18 11:05:29 - [MESSAGE][PASSED] - Object: 'Object Repository/PMO-Objects/Page_Add New Project Request/Excpected-End-Date' is clicked on

2019-04-18 11:05:30 - [MESSAGE][PASSED] - All options with index in [4] are selected on object 'Object Repository/PMO-Objects/Page_Add New Project Request/EndDateMonthDropdown'

2019-04-18 11:05:30 - [MESSAGE][PASSED] - Object: 'Object Repository/PMO-Objects/Page_Add New Project Request/EndDateDay15' is hovered

2019-04-18 11:05:30 - [MESSAGE][PASSED] - Object: 'Object Repository/PMO-Objects/Page_Add New Project Request/EndDateDay15' is clicked on

2019-04-18 11:05:30 - [MESSAGE][PASSED] - I want to select expected end date

2019-04-18 11:05:30 - [TEST_STEP][PASSED] - I want to fill idea objective field: I want to fill idea objective field

2019-04-18 11:05:30 - [MESSAGE][PASSED] - Text 'Automation' is set on object 'Object Repository/PMO-Objects/Page_Add New Project Request/Idea-Objective-Field'

2019-04-18 11:05:30 - [MESSAGE][PASSED] - I want to fill idea objective field

2019-04-18 11:05:30 - [TEST_STEP][PASSED] - I want to fill expected budget field: I want to fill expected budget field

2019-04-18 11:05:30 - [MESSAGE][PASSED] - Text '10000' is set on object 'Object Repository/PMO-Objects/Page_Add New Project Request/Expected-Budget-Field'

2019-04-18 11:05:30 - [MESSAGE][PASSED] - I want to fill expected budget field

2019-04-18 11:05:30 - [TEST_STEP][PASSED] - I want to fill Notes field: I want to fill Notes field

2019-04-18 11:05:30 - [MESSAGE][PASSED] - Text 'test note' is set on object 'Object Repository/PMO-Objects/Page_Add New Project Request/Notes-Field'

2019-04-18 11:05:30 - [MESSAGE][PASSED] - I want to fill Notes field

2019-04-18 11:05:30 - [TEST_STEP][PASSED] - I want to add Attachment: I want to add Attachment

2019-04-18 11:05:31 - [MESSAGE][PASSED] - Object: 'Object Repository/PMO-Objects/Page_Add New Project Request/Add-New-Document-Button' is clicked on

2019-04-18 11:05:31 - [MESSAGE][WARNING] - Timeout '0' is invalid. Using default page load timeout: '30'

2019-04-18 11:05:31 - [MESSAGE][PASSED] - Scroll to object 'Object Repository/PMO-Objects/Page_Add New Project Request/Add-New-Document-Button' successfully

2019-04-18 11:05:31 - [MESSAGE][PASSED] - Text 'test1' is set on object 'Object Repository/PMO-Objects/Page_Add New Project Request/AttachmentNameField'

2019-04-18 11:05:31 - [MESSAGE][PASSED] - File 'C:\Users\HP\Desktop\download.png' sent to object: 'Object Repository/PMO-Objects/Page_Add New Project Request/Upload-File'

2019-04-18 11:05:31 - [MESSAGE][WARNING] - Timeout '0' is invalid. Using default page load timeout: '30'

2019-04-18 11:05:32 - [MESSAGE][PASSED] - Object 'Object Repository/PMO-Objects/Page_Add New Project Request/AttachedFile' is present

2019-04-18 11:05:32 - [MESSAGE][PASSED] - Object: 'Object Repository/PMO-Objects/Page_Add New Project Request/LoadButton' is clicked on

2019-04-18 11:05:32 - [MESSAGE][PASSED] - I want to add Attachment

2019-04-18 11:05:32 - [TEST_STEP][PASSED] - I want to click send idea button: I want to click send idea button

2019-04-18 11:05:32 - [MESSAGE][WARNING] - Timeout '0' is invalid. Using default page load timeout: '30'

2019-04-18 11:05:32 - [MESSAGE][PASSED] - Scroll to object 'Object Repository/PMO-Objects/Page_Add New Project Request/CardBlock' successfully

2019-04-18 11:05:32 - [MESSAGE][PASSED] - Object: 'Object Repository/PMO-Objects/Page_Add New Project Request/SendIdeaButton' is focused

2019-04-18 11:05:32 - [MESSAGE][PASSED] - Object: 'Object Repository/PMO-Objects/Page_Add New Project Request/SendIdeaButton' is hovered

2019-04-18 11:05:32 - [MESSAGE][PASSED] - Object 'Object Repository/PMO-Objects/Page_Add New Project Request/SendIdeaButton' is clickable

2019-04-18 11:05:32 - [MESSAGE][PASSED] - Object: 'Object Repository/PMO-Objects/Page_Add New Project Request/SendIdeaButton' is clicked on

2019-04-18 11:05:32 - [MESSAGE][PASSED] - I want to click send idea button

2019-04-18 11:05:32 - [TEST_STEP][PASSED] - I want to verify idea added successfuly: I want to verify idea added successfuly

2019-04-18 11:05:32 - [MESSAGE][WARNING] - Timeout '0' is invalid. Using default page load timeout: '30'

2019-04-18 11:05:32 - [MESSAGE][PASSED] - Wait for page load successfully

2019-04-18 11:05:34 - [MESSAGE][PASSED] - Text 'Automation7959' is set on object 'Object Repository/PMO-Objects/Page_Project Request/SearchField'

2019-04-18 11:05:35 - [MESSAGE][PASSED] - Actual text and expected text of test object 'Object Repository/PMO-Objects/Page_Project Request/SearchResult' are matched.

2019-04-18 11:05:35 - [MESSAGE][PASSED] - I want to verify idea added successfuly

2019-04-18 11:05:35 - [TEST_STEP][PASSED] - I want to close browser: I want to close browser

2019-04-18 11:05:36 - [MESSAGE][PASSED] - Browser is closed

2019-04-18 11:05:36 - [MESSAGE][PASSED] - I want to close browser

2019-04-18 11:05:36 - [MESSAGE][PASSED] - Feature file: 'Include/features/Main-Features/003-Add-Idea.feature' was passed]]></system-out>
         <system-err><![CDATA[]]></system-err>
      </testcase>
      <testcase name="Test Cases/Main-Test-Cases/004-Cancel-Idea-Creation" classname="Test Cases/Main-Test-Cases/004-Cancel-Idea-Creation" status="FAILED">
         <failure type="FAILED" message="Test Cases/Main-Test-Cases/004-Cancel-Idea-Creation FAILED.
Reason:
com.kms.katalon.core.exception.StepFailedException: Feature file 'Include/features/Main-Features/004-Cancel-Idea-Creation.feature' was failed
	at com.kms.katalon.core.keyword.internal.KeywordMain.stepFailed(KeywordMain.groovy:48)
	at com.kms.katalon.core.keyword.internal.KeywordMain.stepFailed(KeywordMain.groovy)
	at com.kms.katalon.core.keyword.internal.KeywordMain.stepFailed(KeywordMain.groovy:21)
	at com.kms.katalon.core.keyword.internal.KeywordMain$stepFailed$0.call(Unknown Source)
	at com.kms.katalon.core.cucumber.keyword.CucumberBuiltinKeywords$_runFeatureFile_closure1.doCall(CucumberBuiltinKeywords.groovy:82)
	at com.kms.katalon.core.cucumber.keyword.CucumberBuiltinKeywords$_runFeatureFile_closure1.doCall(CucumberBuiltinKeywords.groovy)
	at com.kms.katalon.core.keyword.internal.KeywordMain.runKeyword(KeywordMain.groovy:66)
	at com.kms.katalon.core.keyword.internal.KeywordMain$runKeyword.call(Unknown Source)
	at com.kms.katalon.core.cucumber.keyword.CucumberBuiltinKeywords.runFeatureFile(CucumberBuiltinKeywords.groovy:46)
	at com.kms.katalon.core.cucumber.keyword.CucumberBuiltinKeywords$runFeatureFile$0.callStatic(Unknown Source)
	at com.kms.katalon.core.cucumber.keyword.CucumberBuiltinKeywords.runFeatureFile(CucumberBuiltinKeywords.groovy:101)
	at com.kms.katalon.core.cucumber.keyword.CucumberBuiltinKeywords$runFeatureFile.call(Unknown Source)
	at 004-Cancel-Idea-Creation.run(004-Cancel-Idea-Creation:16)
	at com.kms.katalon.core.main.ScriptEngine.run(ScriptEngine.java:194)
	at com.kms.katalon.core.main.ScriptEngine.runScriptAsRawText(ScriptEngine.java:119)
	at com.kms.katalon.core.main.TestCaseExecutor.runScript(TestCaseExecutor.java:331)
	at com.kms.katalon.core.main.TestCaseExecutor.doExecute(TestCaseExecutor.java:322)
	at com.kms.katalon.core.main.TestCaseExecutor.processExecutionPhase(TestCaseExecutor.java:301)
	at com.kms.katalon.core.main.TestCaseExecutor.accessMainPhase(TestCaseExecutor.java:293)
	at com.kms.katalon.core.main.TestCaseExecutor.execute(TestCaseExecutor.java:227)
	at com.kms.katalon.core.main.TestSuiteExecutor.accessTestCaseMainPhase(TestSuiteExecutor.java:129)
	at com.kms.katalon.core.main.TestSuiteExecutor.accessTestSuiteMainPhase(TestSuiteExecutor.java:112)
	at com.kms.katalon.core.main.TestSuiteExecutor.execute(TestSuiteExecutor.java:81)
	at com.kms.katalon.core.main.TestCaseMain.startTestSuite(TestCaseMain.java:157)
	at com.kms.katalon.core.main.TestCaseMain$startTestSuite$0.call(Unknown Source)
	at TempTestSuite1555574673738.run(TempTestSuite1555574673738.groovy:35)
"/>
         <system-out><![CDATA[2019-04-18 11:05:36 - [TEST_CASE][FAILED] - Test Cases/Main-Test-Cases/004-Cancel-Idea-Creation: Test Cases/Main-Test-Cases/004-Cancel-Idea-Creation FAILED.
Reason:
com.kms.katalon.core.exception.StepFailedException: Feature file 'Include/features/Main-Features/004-Cancel-Idea-Creation.feature' was failed
	at com.kms.katalon.core.keyword.internal.KeywordMain.stepFailed(KeywordMain.groovy:48)
	at com.kms.katalon.core.keyword.internal.KeywordMain.stepFailed(KeywordMain.groovy)
	at com.kms.katalon.core.keyword.internal.KeywordMain.stepFailed(KeywordMain.groovy:21)
	at com.kms.katalon.core.keyword.internal.KeywordMain$stepFailed$0.call(Unknown Source)
	at com.kms.katalon.core.cucumber.keyword.CucumberBuiltinKeywords$_runFeatureFile_closure1.doCall(CucumberBuiltinKeywords.groovy:82)
	at com.kms.katalon.core.cucumber.keyword.CucumberBuiltinKeywords$_runFeatureFile_closure1.doCall(CucumberBuiltinKeywords.groovy)
	at com.kms.katalon.core.keyword.internal.KeywordMain.runKeyword(KeywordMain.groovy:66)
	at com.kms.katalon.core.keyword.internal.KeywordMain$runKeyword.call(Unknown Source)
	at com.kms.katalon.core.cucumber.keyword.CucumberBuiltinKeywords.runFeatureFile(CucumberBuiltinKeywords.groovy:46)
	at com.kms.katalon.core.cucumber.keyword.CucumberBuiltinKeywords$runFeatureFile$0.callStatic(Unknown Source)
	at com.kms.katalon.core.cucumber.keyword.CucumberBuiltinKeywords.runFeatureFile(CucumberBuiltinKeywords.groovy:101)
	at com.kms.katalon.core.cucumber.keyword.CucumberBuiltinKeywords$runFeatureFile.call(Unknown Source)
	at 004-Cancel-Idea-Creation.run(004-Cancel-Idea-Creation:16)
	at com.kms.katalon.core.main.ScriptEngine.run(ScriptEngine.java:194)
	at com.kms.katalon.core.main.ScriptEngine.runScriptAsRawText(ScriptEngine.java:119)
	at com.kms.katalon.core.main.TestCaseExecutor.runScript(TestCaseExecutor.java:331)
	at com.kms.katalon.core.main.TestCaseExecutor.doExecute(TestCaseExecutor.java:322)
	at com.kms.katalon.core.main.TestCaseExecutor.processExecutionPhase(TestCaseExecutor.java:301)
	at com.kms.katalon.core.main.TestCaseExecutor.accessMainPhase(TestCaseExecutor.java:293)
	at com.kms.katalon.core.main.TestCaseExecutor.execute(TestCaseExecutor.java:227)
	at com.kms.katalon.core.main.TestSuiteExecutor.accessTestCaseMainPhase(TestSuiteExecutor.java:129)
	at com.kms.katalon.core.main.TestSuiteExecutor.accessTestSuiteMainPhase(TestSuiteExecutor.java:112)
	at com.kms.katalon.core.main.TestSuiteExecutor.execute(TestSuiteExecutor.java:81)
	at com.kms.katalon.core.main.TestCaseMain.startTestSuite(TestCaseMain.java:157)
	at com.kms.katalon.core.main.TestCaseMain$startTestSuite$0.call(Unknown Source)
	at TempTestSuite1555574673738.run(TempTestSuite1555574673738.groovy:35)


2019-04-18 11:05:36 - [TEST_STEP][FAILED] - runFeatureFile("Include/features/Main-Features/004-Cancel-Idea-Creation.feature"): runFeatureFile("Include/features/Main-Features/004-Cancel-Idea-Creation.feature") FAILED.
Reason:
com.kms.katalon.core.exception.StepFailedException: Feature file 'Include/features/Main-Features/004-Cancel-Idea-Creation.feature' was failed
	at com.kms.katalon.core.keyword.internal.KeywordMain.stepFailed(KeywordMain.groovy:48)
	at com.kms.katalon.core.keyword.internal.KeywordMain.stepFailed(KeywordMain.groovy)
	at com.kms.katalon.core.keyword.internal.KeywordMain.stepFailed(KeywordMain.groovy:21)
	at com.kms.katalon.core.keyword.internal.KeywordMain$stepFailed$0.call(Unknown Source)
	at com.kms.katalon.core.cucumber.keyword.CucumberBuiltinKeywords$_runFeatureFile_closure1.doCall(CucumberBuiltinKeywords.groovy:82)
	at com.kms.katalon.core.cucumber.keyword.CucumberBuiltinKeywords$_runFeatureFile_closure1.doCall(CucumberBuiltinKeywords.groovy)
	at com.kms.katalon.core.keyword.internal.KeywordMain.runKeyword(KeywordMain.groovy:66)
	at com.kms.katalon.core.keyword.internal.KeywordMain$runKeyword.call(Unknown Source)
	at com.kms.katalon.core.cucumber.keyword.CucumberBuiltinKeywords.runFeatureFile(CucumberBuiltinKeywords.groovy:46)
	at com.kms.katalon.core.cucumber.keyword.CucumberBuiltinKeywords$runFeatureFile$0.callStatic(Unknown Source)
	at com.kms.katalon.core.cucumber.keyword.CucumberBuiltinKeywords.runFeatureFile(CucumberBuiltinKeywords.groovy:101)
	at com.kms.katalon.core.cucumber.keyword.CucumberBuiltinKeywords$runFeatureFile.call(Unknown Source)
	at 004-Cancel-Idea-Creation.run(004-Cancel-Idea-Creation:16)
	at com.kms.katalon.core.main.ScriptEngine.run(ScriptEngine.java:194)
	at com.kms.katalon.core.main.ScriptEngine.runScriptAsRawText(ScriptEngine.java:119)
	at com.kms.katalon.core.main.TestCaseExecutor.runScript(TestCaseExecutor.java:331)
	at com.kms.katalon.core.main.TestCaseExecutor.doExecute(TestCaseExecutor.java:322)
	at com.kms.katalon.core.main.TestCaseExecutor.processExecutionPhase(TestCaseExecutor.java:301)
	at com.kms.katalon.core.main.TestCaseExecutor.accessMainPhase(TestCaseExecutor.java:293)
	at com.kms.katalon.core.main.TestCaseExecutor.execute(TestCaseExecutor.java:227)
	at com.kms.katalon.core.main.TestSuiteExecutor.accessTestCaseMainPhase(TestSuiteExecutor.java:129)
	at com.kms.katalon.core.main.TestSuiteExecutor.accessTestSuiteMainPhase(TestSuiteExecutor.java:112)
	at com.kms.katalon.core.main.TestSuiteExecutor.execute(TestSuiteExecutor.java:81)
	at com.kms.katalon.core.main.TestCaseMain.startTestSuite(TestCaseMain.java:157)
	at com.kms.katalon.core.main.TestCaseMain$startTestSuite$0.call(Unknown Source)
	at TempTestSuite1555574673738.run(TempTestSuite1555574673738.groovy:35)


2019-04-18 11:05:36 - [MESSAGE][INFO] - Starting run keyword runFeatureFile: 'Include/features/Main-Features/004-Cancel-Idea-Creation.feature' and extract report to folder: 'C:\Users\HP\git\PMO-Web-Application\Reports\First-Test-Suite\20190418_110433/cucumber_report/1555574736329'...

2019-04-18 11:05:36 - [TEST_CASE][FAILED] - Start Test Case : SCENARIO Cancel idea creation process: SCENARIO Cancel idea creation process FAILED.
Reason:
com.kms.katalon.core.exception.StepFailedException: Unable to click on object 'Object Repository/PMO-Objects/Page_Add New Project Request/Day26'
	at com.kms.katalon.core.webui.keyword.internal.WebUIKeywordMain.stepFailed(WebUIKeywordMain.groovy:64)
	at com.kms.katalon.core.webui.keyword.internal.WebUIKeywordMain.runKeyword(WebUIKeywordMain.groovy:26)
	at com.kms.katalon.core.webui.keyword.builtin.ClickKeyword.click(ClickKeyword.groovy:86)
	at com.kms.katalon.core.webui.keyword.builtin.ClickKeyword.execute(ClickKeyword.groovy:67)
	at com.kms.katalon.core.keyword.internal.KeywordExecutor.executeKeywordForPlatform(KeywordExecutor.groovy:56)
	at com.kms.katalon.core.webui.keyword.WebUiBuiltInKeywords.click(WebUiBuiltInKeywords.groovy:616)
	at com.kms.katalon.core.webui.keyword.WebUiBuiltInKeywords$click$5.call(Unknown Source)
	at com.pmo.steps.AddIdeaSteps.selectStartDate(AddIdeaSteps.groovy:145)
	at ✽.I want to select expected start date(C:/Users/HP/git/PMO-Web-Application/Include/features/Main-Features/004-Cancel-Idea-Creation.feature:14)
Caused by: org.openqa.selenium.WebDriverException: unknown error: Element <a href="javascript:void(0)" class="jd2458599.5 calendars-highlight" title="اختر جمعة, 4 ...">26</a> is not clickable at point (797, 325). Other element would receive the click: <a href="javascript:void(0)" class="jd2458592.5" title="اختر جمعة, 4 ...">19</a>
  (Session info: chrome=73.0.3683.103)
  (Driver info: chromedriver=2.43.600210 (68dcf5eebde37173d4027fa8635e332711d2874a),platform=Windows NT 10.0.17134 x86_64) (WARNING: The server did not provide any stacktrace information)
Command duration or timeout: 0 milliseconds
Build info: version: '3.7.1', revision: '8a0099a', time: '2017-11-06T21:07:36.161Z'
System info: host: 'HP45G5', ip: '10.152.214.182', os.name: 'Windows 10', os.arch: 'amd64', os.version: '10.0', java.version: '1.8.0_181'
Driver info: com.kms.katalon.selenium.driver.CChromeDriver
Capabilities {acceptInsecureCerts: false, acceptSslCerts: false, applicationCacheEnabled: false, browserConnectionEnabled: false, browserName: chrome, chrome: {chromedriverVersion: 2.43.600210 (68dcf5eebde371..., userDataDir: C:\Users\HP\AppData\Local\T...}, cssSelectorsEnabled: true, databaseEnabled: false, goog:chromeOptions: {debuggerAddress: localhost:52736}, handlesAlerts: true, hasTouchScreen: false, javascriptEnabled: true, locationContextEnabled: true, mobileEmulationEnabled: false, nativeEvents: true, networkConnectionEnabled: false, pageLoadStrategy: normal, platform: XP, platformName: XP, rotatable: false, setWindowRect: true, takesHeapSnapshot: true, takesScreenshot: true, unexpectedAlertBehaviour: , unhandledPromptBehavior: , version: 73.0.3683.103, webStorageEnabled: true}
Session ID: a247e8aec152ba827325c04ca3f7e6af
	at org.openqa.selenium.remote.ErrorHandler.createThrowable(ErrorHandler.java:214)
	at org.openqa.selenium.remote.ErrorHandler.throwIfResponseFailed(ErrorHandler.java:166)
	at org.openqa.selenium.remote.http.JsonHttpResponseCodec.reconstructValue(JsonHttpResponseCodec.java:40)
	at org.openqa.selenium.remote.http.AbstractHttpResponseCodec.decode(AbstractHttpResponseCodec.java:80)
	at org.openqa.selenium.remote.http.AbstractHttpResponseCodec.decode(AbstractHttpResponseCodec.java:44)
	at org.openqa.selenium.remote.HttpCommandExecutor.execute(HttpCommandExecutor.java:164)
	at org.openqa.selenium.remote.service.DriverCommandExecutor.execute(DriverCommandExecutor.java:83)
	at org.openqa.selenium.remote.RemoteWebDriver.execute(RemoteWebDriver.java:600)
	at com.kms.katalon.selenium.driver.CChromeDriver.execute(CChromeDriver.java:20)
	at org.openqa.selenium.remote.RemoteWebElement.execute(RemoteWebElement.java:279)
	at org.openqa.selenium.remote.RemoteWebElement.click(RemoteWebElement.java:83)
	at com.kms.katalon.core.webui.keyword.builtin.ClickKeyword$_click_closure1.doCall(ClickKeyword.groovy:79)
	at com.kms.katalon.core.webui.keyword.builtin.ClickKeyword$_click_closure1.call(ClickKeyword.groovy)
	at com.kms.katalon.core.webui.keyword.internal.WebUIKeywordMain.runKeyword(WebUIKeywordMain.groovy:20)
	at com.kms.katalon.core.webui.keyword.builtin.ClickKeyword.click(ClickKeyword.groovy:86)
	at com.kms.katalon.core.webui.keyword.builtin.ClickKeyword.execute(ClickKeyword.groovy:67)
	at com.kms.katalon.core.keyword.internal.KeywordExecutor.executeKeywordForPlatform(KeywordExecutor.groovy:56)
	at com.kms.katalon.core.webui.keyword.WebUiBuiltInKeywords.click(WebUiBuiltInKeywords.groovy:616)
	at com.kms.katalon.core.webui.keyword.WebUiBuiltInKeywords$click$5.call(Unknown Source)
	at com.pmo.steps.AddIdeaSteps.selectStartDate(AddIdeaSteps.groovy:145)
	at cucumber.runtime.Utils$1.call(Utils.java:26)
	at cucumber.runtime.Timeout.timeout(Timeout.java:16)
	at cucumber.runtime.Utils.invoke(Utils.java:20)
	at cucumber.runtime.java.JavaStepDefinition.execute(JavaStepDefinition.java:48)
	at cucumber.runtime.PickleStepDefinitionMatch.runStep(PickleStepDefinitionMatch.java:50)
	at cucumber.runner.TestStep.executeStep(TestStep.java:55)
	at cucumber.runner.TestStep.run(TestStep.java:42)
	at cucumber.runner.PickleStepTestStep.run(PickleStepTestStep.java:53)
	at cucumber.runner.TestCase.run(TestCase.java:47)
	at cucumber.runner.Runner.runPickle(Runner.java:44)
	at cucumber.runtime.Runtime.runFeature(Runtime.java:120)
	at cucumber.runtime.Runtime.run(Runtime.java:106)
	at cucumber.api.cli.Main.run(Main.java:35)
	at cucumber.api.cli.Main$run.call(Unknown Source)
	at com.kms.katalon.core.cucumber.keyword.CucumberBuiltinKeywords$_runFeatureFile_closure1.doCall(CucumberBuiltinKeywords.groovy:76)
	at com.kms.katalon.core.cucumber.keyword.CucumberBuiltinKeywords$_runFeatureFile_closure1.doCall(CucumberBuiltinKeywords.groovy)
	at com.kms.katalon.core.keyword.internal.KeywordMain.runKeyword(KeywordMain.groovy:66)
	at com.kms.katalon.core.keyword.internal.KeywordMain$runKeyword.call(Unknown Source)
	at com.kms.katalon.core.cucumber.keyword.CucumberBuiltinKeywords.runFeatureFile(CucumberBuiltinKeywords.groovy:46)
	at com.kms.katalon.core.cucumber.keyword.CucumberBuiltinKeywords$runFeatureFile$0.callStatic(Unknown Source)
	at com.kms.katalon.core.cucumber.keyword.CucumberBuiltinKeywords.runFeatureFile(CucumberBuiltinKeywords.groovy:101)
	at com.kms.katalon.core.cucumber.keyword.CucumberBuiltinKeywords$runFeatureFile.call(Unknown Source)
	at Script1554886994403.run(Script1554886994403.groovy:16)
	at com.kms.katalon.core.main.ScriptEngine.run(ScriptEngine.java:194)
	at com.kms.katalon.core.main.ScriptEngine.runScriptAsRawText(ScriptEngine.java:119)
	at com.kms.katalon.core.main.TestCaseExecutor.runScript(TestCaseExecutor.java:331)
	at com.kms.katalon.core.main.TestCaseExecutor.doExecute(TestCaseExecutor.java:322)
	at com.kms.katalon.core.main.TestCaseExecutor.processExecutionPhase(TestCaseExecutor.java:301)
	at com.kms.katalon.core.main.TestCaseExecutor.accessMainPhase(TestCaseExecutor.java:293)
	at com.kms.katalon.core.main.TestCaseExecutor.execute(TestCaseExecutor.java:227)
	at com.kms.katalon.core.main.TestSuiteExecutor.accessTestCaseMainPhase(TestSuiteExecutor.java:129)
	at com.kms.katalon.core.main.TestSuiteExecutor.accessTestSuiteMainPhase(TestSuiteExecutor.java:112)
	at com.kms.katalon.core.main.TestSuiteExecutor.execute(TestSuiteExecutor.java:81)
	at com.kms.katalon.core.main.TestCaseMain.startTestSuite(TestCaseMain.java:157)
	at com.kms.katalon.core.main.TestCaseMain$startTestSuite$0.call(Unknown Source)
	at TempTestSuite1555574673738.run(TempTestSuite1555574673738.groovy:35)


2019-04-18 11:05:36 - [TEST_STEP][PASSED] - I want to open browser: I want to open browser

2019-04-18 11:05:36 - [MESSAGE][INFO] - Starting 'Chrome' driver

2019-04-18 11:05:38 - [MESSAGE][PASSED] - Browser is opened with url: ''

2019-04-18 11:05:38 - [MESSAGE][PASSED] - Delete all cookies successfully

2019-04-18 11:05:38 - [MESSAGE][PASSED] - I want to open browser

2019-04-18 11:05:38 - [TEST_STEP][PASSED] - I want to maximize window: I want to maximize window

2019-04-18 11:05:40 - [MESSAGE][PASSED] - Current window maximized

2019-04-18 11:05:40 - [MESSAGE][PASSED] - I want to maximize window

2019-04-18 11:05:40 - [TEST_STEP][PASSED] - I want to go to OOB: I want to go to OOB

2019-04-18 11:05:49 - [MESSAGE][PASSED] - Navigate to 'http://pmoadmin:P@ssw0rd@dev5.cloudapp.net/OOB2/' successfully

2019-04-18 11:05:49 - [MESSAGE][PASSED] - I want to go to OOB

2019-04-18 11:05:49 - [TEST_STEP][PASSED] - I want to verify I'm in OOB main page: I want to verify I'm in OOB main page

2019-04-18 11:05:49 - [MESSAGE][WARNING] - Timeout '0' is invalid. Using default page load timeout: '30'

2019-04-18 11:05:49 - [MESSAGE][PASSED] - Object 'Object Repository/OOB-Objects/OOB-Side-Bar' is present

2019-04-18 11:05:49 - [MESSAGE][PASSED] - I want to verify I'm in OOB main page

2019-04-18 11:05:49 - [TEST_STEP][PASSED] - I want to go to ideas list page: I want to go to ideas list page

2019-04-18 11:05:53 - [MESSAGE][PASSED] - Object: 'Object Repository/OOB-Objects/IdeasList' is clicked on

2019-04-18 11:05:53 - [MESSAGE][PASSED] - I want to go to ideas list page

2019-04-18 11:05:53 - [TEST_STEP][PASSED] - I want to click on Add New button: I want to click on Add New button

2019-04-18 11:05:54 - [MESSAGE][PASSED] - Object: 'Object Repository/PMO-Objects/Page_Project Request/Add-New-Project-Request' is clicked on

2019-04-18 11:05:54 - [MESSAGE][PASSED] - I want to click on Add New button

2019-04-18 11:05:54 - [TEST_STEP][PASSED] - I want to fill idea name field: I want to fill idea name field

2019-04-18 11:05:54 - [MESSAGE][PASSED] - Text 'Automation3678' is set on object 'Object Repository/PMO-Objects/Page_Add New Project Request/Idea-Name-Field'

2019-04-18 11:05:54 - [MESSAGE][PASSED] - I want to fill idea name field

2019-04-18 11:05:54 - [TEST_STEP][FAILED] - I want to select expected start date: I want to select expected start date FAILED.
Reason:
com.kms.katalon.core.exception.StepFailedException: Unable to click on object 'Object Repository/PMO-Objects/Page_Add New Project Request/Day26'
	at com.kms.katalon.core.webui.keyword.internal.WebUIKeywordMain.stepFailed(WebUIKeywordMain.groovy:64)
	at com.kms.katalon.core.webui.keyword.internal.WebUIKeywordMain.runKeyword(WebUIKeywordMain.groovy:26)
	at com.kms.katalon.core.webui.keyword.builtin.ClickKeyword.click(ClickKeyword.groovy:86)
	at com.kms.katalon.core.webui.keyword.builtin.ClickKeyword.execute(ClickKeyword.groovy:67)
	at com.kms.katalon.core.keyword.internal.KeywordExecutor.executeKeywordForPlatform(KeywordExecutor.groovy:56)
	at com.kms.katalon.core.webui.keyword.WebUiBuiltInKeywords.click(WebUiBuiltInKeywords.groovy:616)
	at com.kms.katalon.core.webui.keyword.WebUiBuiltInKeywords$click$5.call(Unknown Source)
	at com.pmo.steps.AddIdeaSteps.selectStartDate(AddIdeaSteps.groovy:145)
	at ✽.I want to select expected start date(C:/Users/HP/git/PMO-Web-Application/Include/features/Main-Features/004-Cancel-Idea-Creation.feature:14)
Caused by: org.openqa.selenium.WebDriverException: unknown error: Element <a href="javascript:void(0)" class="jd2458599.5 calendars-highlight" title="اختر جمعة, 4 ...">26</a> is not clickable at point (797, 325). Other element would receive the click: <a href="javascript:void(0)" class="jd2458592.5" title="اختر جمعة, 4 ...">19</a>
  (Session info: chrome=73.0.3683.103)
  (Driver info: chromedriver=2.43.600210 (68dcf5eebde37173d4027fa8635e332711d2874a),platform=Windows NT 10.0.17134 x86_64) (WARNING: The server did not provide any stacktrace information)
Command duration or timeout: 0 milliseconds
Build info: version: '3.7.1', revision: '8a0099a', time: '2017-11-06T21:07:36.161Z'
System info: host: 'HP45G5', ip: '10.152.214.182', os.name: 'Windows 10', os.arch: 'amd64', os.version: '10.0', java.version: '1.8.0_181'
Driver info: com.kms.katalon.selenium.driver.CChromeDriver
Capabilities {acceptInsecureCerts: false, acceptSslCerts: false, applicationCacheEnabled: false, browserConnectionEnabled: false, browserName: chrome, chrome: {chromedriverVersion: 2.43.600210 (68dcf5eebde371..., userDataDir: C:\Users\HP\AppData\Local\T...}, cssSelectorsEnabled: true, databaseEnabled: false, goog:chromeOptions: {debuggerAddress: localhost:52736}, handlesAlerts: true, hasTouchScreen: false, javascriptEnabled: true, locationContextEnabled: true, mobileEmulationEnabled: false, nativeEvents: true, networkConnectionEnabled: false, pageLoadStrategy: normal, platform: XP, platformName: XP, rotatable: false, setWindowRect: true, takesHeapSnapshot: true, takesScreenshot: true, unexpectedAlertBehaviour: , unhandledPromptBehavior: , version: 73.0.3683.103, webStorageEnabled: true}
Session ID: a247e8aec152ba827325c04ca3f7e6af
	at org.openqa.selenium.remote.ErrorHandler.createThrowable(ErrorHandler.java:214)
	at org.openqa.selenium.remote.ErrorHandler.throwIfResponseFailed(ErrorHandler.java:166)
	at org.openqa.selenium.remote.http.JsonHttpResponseCodec.reconstructValue(JsonHttpResponseCodec.java:40)
	at org.openqa.selenium.remote.http.AbstractHttpResponseCodec.decode(AbstractHttpResponseCodec.java:80)
	at org.openqa.selenium.remote.http.AbstractHttpResponseCodec.decode(AbstractHttpResponseCodec.java:44)
	at org.openqa.selenium.remote.HttpCommandExecutor.execute(HttpCommandExecutor.java:164)
	at org.openqa.selenium.remote.service.DriverCommandExecutor.execute(DriverCommandExecutor.java:83)
	at org.openqa.selenium.remote.RemoteWebDriver.execute(RemoteWebDriver.java:600)
	at com.kms.katalon.selenium.driver.CChromeDriver.execute(CChromeDriver.java:20)
	at org.openqa.selenium.remote.RemoteWebElement.execute(RemoteWebElement.java:279)
	at org.openqa.selenium.remote.RemoteWebElement.click(RemoteWebElement.java:83)
	at com.kms.katalon.core.webui.keyword.builtin.ClickKeyword$_click_closure1.doCall(ClickKeyword.groovy:79)
	at com.kms.katalon.core.webui.keyword.builtin.ClickKeyword$_click_closure1.call(ClickKeyword.groovy)
	at com.kms.katalon.core.webui.keyword.internal.WebUIKeywordMain.runKeyword(WebUIKeywordMain.groovy:20)
	at com.kms.katalon.core.webui.keyword.builtin.ClickKeyword.click(ClickKeyword.groovy:86)
	at com.kms.katalon.core.webui.keyword.builtin.ClickKeyword.execute(ClickKeyword.groovy:67)
	at com.kms.katalon.core.keyword.internal.KeywordExecutor.executeKeywordForPlatform(KeywordExecutor.groovy:56)
	at com.kms.katalon.core.webui.keyword.WebUiBuiltInKeywords.click(WebUiBuiltInKeywords.groovy:616)
	at com.kms.katalon.core.webui.keyword.WebUiBuiltInKeywords$click$5.call(Unknown Source)
	at com.pmo.steps.AddIdeaSteps.selectStartDate(AddIdeaSteps.groovy:145)
	at cucumber.runtime.Utils$1.call(Utils.java:26)
	at cucumber.runtime.Timeout.timeout(Timeout.java:16)
	at cucumber.runtime.Utils.invoke(Utils.java:20)
	at cucumber.runtime.java.JavaStepDefinition.execute(JavaStepDefinition.java:48)
	at cucumber.runtime.PickleStepDefinitionMatch.runStep(PickleStepDefinitionMatch.java:50)
	at cucumber.runner.TestStep.executeStep(TestStep.java:55)
	at cucumber.runner.TestStep.run(TestStep.java:42)
	at cucumber.runner.PickleStepTestStep.run(PickleStepTestStep.java:53)
	at cucumber.runner.TestCase.run(TestCase.java:47)
	at cucumber.runner.Runner.runPickle(Runner.java:44)
	at cucumber.runtime.Runtime.runFeature(Runtime.java:120)
	at cucumber.runtime.Runtime.run(Runtime.java:106)
	at cucumber.api.cli.Main.run(Main.java:35)
	at cucumber.api.cli.Main$run.call(Unknown Source)
	at com.kms.katalon.core.cucumber.keyword.CucumberBuiltinKeywords$_runFeatureFile_closure1.doCall(CucumberBuiltinKeywords.groovy:76)
	at com.kms.katalon.core.cucumber.keyword.CucumberBuiltinKeywords$_runFeatureFile_closure1.doCall(CucumberBuiltinKeywords.groovy)
	at com.kms.katalon.core.keyword.internal.KeywordMain.runKeyword(KeywordMain.groovy:66)
	at com.kms.katalon.core.keyword.internal.KeywordMain$runKeyword.call(Unknown Source)
	at com.kms.katalon.core.cucumber.keyword.CucumberBuiltinKeywords.runFeatureFile(CucumberBuiltinKeywords.groovy:46)
	at com.kms.katalon.core.cucumber.keyword.CucumberBuiltinKeywords$runFeatureFile$0.callStatic(Unknown Source)
	at com.kms.katalon.core.cucumber.keyword.CucumberBuiltinKeywords.runFeatureFile(CucumberBuiltinKeywords.groovy:101)
	at com.kms.katalon.core.cucumber.keyword.CucumberBuiltinKeywords$runFeatureFile.call(Unknown Source)
	at Script1554886994403.run(Script1554886994403.groovy:16)
	at com.kms.katalon.core.main.ScriptEngine.run(ScriptEngine.java:194)
	at com.kms.katalon.core.main.ScriptEngine.runScriptAsRawText(ScriptEngine.java:119)
	at com.kms.katalon.core.main.TestCaseExecutor.runScript(TestCaseExecutor.java:331)
	at com.kms.katalon.core.main.TestCaseExecutor.doExecute(TestCaseExecutor.java:322)
	at com.kms.katalon.core.main.TestCaseExecutor.processExecutionPhase(TestCaseExecutor.java:301)
	at com.kms.katalon.core.main.TestCaseExecutor.accessMainPhase(TestCaseExecutor.java:293)
	at com.kms.katalon.core.main.TestCaseExecutor.execute(TestCaseExecutor.java:227)
	at com.kms.katalon.core.main.TestSuiteExecutor.accessTestCaseMainPhase(TestSuiteExecutor.java:129)
	at com.kms.katalon.core.main.TestSuiteExecutor.accessTestSuiteMainPhase(TestSuiteExecutor.java:112)
	at com.kms.katalon.core.main.TestSuiteExecutor.execute(TestSuiteExecutor.java:81)
	at com.kms.katalon.core.main.TestCaseMain.startTestSuite(TestCaseMain.java:157)
	at com.kms.katalon.core.main.TestCaseMain$startTestSuite$0.call(Unknown Source)
	at TempTestSuite1555574673738.run(TempTestSuite1555574673738.groovy:35)


2019-04-18 11:05:54 - [MESSAGE][PASSED] - Object: 'Object Repository/PMO-Objects/Page_Add New Project Request/GREGORIAN-Start-date-Check-Box' is clicked on

2019-04-18 11:05:55 - [MESSAGE][PASSED] - Object: 'Object Repository/PMO-Objects/Page_Add New Project Request/Excepted-Start-Date' is clicked on

2019-04-18 11:05:55 - [MESSAGE][PASSED] - Object: 'Object Repository/PMO-Objects/Page_Add New Project Request/Day26' is hovered

2019-04-18 11:05:55 - [MESSAGE][FAILED] - Unable to click on object 'Object Repository/PMO-Objects/Page_Add New Project Request/Day26' (Root cause: com.kms.katalon.core.exception.StepFailedException: Unable to click on object 'Object Repository/PMO-Objects/Page_Add New Project Request/Day26'
	at com.kms.katalon.core.webui.keyword.internal.WebUIKeywordMain.stepFailed(WebUIKeywordMain.groovy:64)
	at com.kms.katalon.core.webui.keyword.internal.WebUIKeywordMain.runKeyword(WebUIKeywordMain.groovy:26)
	at com.kms.katalon.core.webui.keyword.builtin.ClickKeyword.click(ClickKeyword.groovy:86)
	at com.kms.katalon.core.webui.keyword.builtin.ClickKeyword.execute(ClickKeyword.groovy:67)
	at com.kms.katalon.core.keyword.internal.KeywordExecutor.executeKeywordForPlatform(KeywordExecutor.groovy:56)
	at com.kms.katalon.core.webui.keyword.WebUiBuiltInKeywords.click(WebUiBuiltInKeywords.groovy:616)
	at com.kms.katalon.core.webui.keyword.WebUiBuiltInKeywords$click$5.call(Unknown Source)
	at com.pmo.steps.AddIdeaSteps.selectStartDate(AddIdeaSteps.groovy:145)
	at cucumber.runtime.Utils$1.call(Utils.java:26)
	at cucumber.runtime.Timeout.timeout(Timeout.java:16)
	at cucumber.runtime.Utils.invoke(Utils.java:20)
	at cucumber.runtime.java.JavaStepDefinition.execute(JavaStepDefinition.java:48)
	at cucumber.runtime.PickleStepDefinitionMatch.runStep(PickleStepDefinitionMatch.java:50)
	at cucumber.runner.TestStep.executeStep(TestStep.java:55)
	at cucumber.runner.TestStep.run(TestStep.java:42)
	at cucumber.runner.PickleStepTestStep.run(PickleStepTestStep.java:53)
	at cucumber.runner.TestCase.run(TestCase.java:47)
	at cucumber.runner.Runner.runPickle(Runner.java:44)
	at cucumber.runtime.Runtime.runFeature(Runtime.java:120)
	at cucumber.runtime.Runtime.run(Runtime.java:106)
	at cucumber.api.cli.Main.run(Main.java:35)
	at cucumber.api.cli.Main$run.call(Unknown Source)
	at com.kms.katalon.core.cucumber.keyword.CucumberBuiltinKeywords$_runFeatureFile_closure1.doCall(CucumberBuiltinKeywords.groovy:76)
	at com.kms.katalon.core.cucumber.keyword.CucumberBuiltinKeywords$_runFeatureFile_closure1.doCall(CucumberBuiltinKeywords.groovy)
	at com.kms.katalon.core.keyword.internal.KeywordMain.runKeyword(KeywordMain.groovy:66)
	at com.kms.katalon.core.keyword.internal.KeywordMain$runKeyword.call(Unknown Source)
	at com.kms.katalon.core.cucumber.keyword.CucumberBuiltinKeywords.runFeatureFile(CucumberBuiltinKeywords.groovy:46)
	at com.kms.katalon.core.cucumber.keyword.CucumberBuiltinKeywords$runFeatureFile$0.callStatic(Unknown Source)
	at com.kms.katalon.core.cucumber.keyword.CucumberBuiltinKeywords.runFeatureFile(CucumberBuiltinKeywords.groovy:101)
	at com.kms.katalon.core.cucumber.keyword.CucumberBuiltinKeywords$runFeatureFile.call(Unknown Source)
	at 004-Cancel-Idea-Creation.run(004-Cancel-Idea-Creation:16)
	at com.kms.katalon.core.main.ScriptEngine.run(ScriptEngine.java:194)
	at com.kms.katalon.core.main.ScriptEngine.runScriptAsRawText(ScriptEngine.java:119)
	at com.kms.katalon.core.main.TestCaseExecutor.runScript(TestCaseExecutor.java:331)
	at com.kms.katalon.core.main.TestCaseExecutor.doExecute(TestCaseExecutor.java:322)
	at com.kms.katalon.core.main.TestCaseExecutor.processExecutionPhase(TestCaseExecutor.java:301)
	at com.kms.katalon.core.main.TestCaseExecutor.accessMainPhase(TestCaseExecutor.java:293)
	at com.kms.katalon.core.main.TestCaseExecutor.execute(TestCaseExecutor.java:227)
	at com.kms.katalon.core.main.TestSuiteExecutor.accessTestCaseMainPhase(TestSuiteExecutor.java:129)
	at com.kms.katalon.core.main.TestSuiteExecutor.accessTestSuiteMainPhase(TestSuiteExecutor.java:112)
	at com.kms.katalon.core.main.TestSuiteExecutor.execute(TestSuiteExecutor.java:81)
	at com.kms.katalon.core.main.TestCaseMain.startTestSuite(TestCaseMain.java:157)
	at com.kms.katalon.core.main.TestCaseMain$startTestSuite$0.call(Unknown Source)
	at TempTestSuite1555574673738.run(TempTestSuite1555574673738.groovy:35)
Caused by: org.openqa.selenium.WebDriverException: unknown error: Element <a href="javascript:void(0)" class="jd2458599.5 calendars-highlight" title="اختر جمعة, 4 ...">26</a> is not clickable at point (797, 325). Other element would receive the click: <a href="javascript:void(0)" class="jd2458592.5" title="اختر جمعة, 4 ...">19</a>
  (Session info: chrome=73.0.3683.103)
  (Driver info: chromedriver=2.43.600210 (68dcf5eebde37173d4027fa8635e332711d2874a),platform=Windows NT 10.0.17134 x86_64) (WARNING: The server did not provide any stacktrace information)
Command duration or timeout: 0 milliseconds
Build info: version: '3.7.1', revision: '8a0099a', time: '2017-11-06T21:07:36.161Z'
System info: host: 'HP45G5', ip: '10.152.214.182', os.name: 'Windows 10', os.arch: 'amd64', os.version: '10.0', java.version: '1.8.0_181'
Driver info: com.kms.katalon.selenium.driver.CChromeDriver
Capabilities {acceptInsecureCerts: false, acceptSslCerts: false, applicationCacheEnabled: false, browserConnectionEnabled: false, browserName: chrome, chrome: {chromedriverVersion: 2.43.600210 (68dcf5eebde371..., userDataDir: C:\Users\HP\AppData\Local\T...}, cssSelectorsEnabled: true, databaseEnabled: false, goog:chromeOptions: {debuggerAddress: localhost:52736}, handlesAlerts: true, hasTouchScreen: false, javascriptEnabled: true, locationContextEnabled: true, mobileEmulationEnabled: false, nativeEvents: true, networkConnectionEnabled: false, pageLoadStrategy: normal, platform: XP, platformName: XP, rotatable: false, setWindowRect: true, takesHeapSnapshot: true, takesScreenshot: true, unexpectedAlertBehaviour: , unhandledPromptBehavior: , version: 73.0.3683.103, webStorageEnabled: true}
Session ID: a247e8aec152ba827325c04ca3f7e6af
	at org.openqa.selenium.remote.ErrorHandler.createThrowable(ErrorHandler.java:214)
	at org.openqa.selenium.remote.ErrorHandler.throwIfResponseFailed(ErrorHandler.java:166)
	at org.openqa.selenium.remote.http.JsonHttpResponseCodec.reconstructValue(JsonHttpResponseCodec.java:40)
	at org.openqa.selenium.remote.http.AbstractHttpResponseCodec.decode(AbstractHttpResponseCodec.java:80)
	at org.openqa.selenium.remote.http.AbstractHttpResponseCodec.decode(AbstractHttpResponseCodec.java:44)
	at org.openqa.selenium.remote.HttpCommandExecutor.execute(HttpCommandExecutor.java:164)
	at org.openqa.selenium.remote.service.DriverCommandExecutor.execute(DriverCommandExecutor.java:83)
	at org.openqa.selenium.remote.RemoteWebDriver.execute(RemoteWebDriver.java:600)
	at com.kms.katalon.selenium.driver.CChromeDriver.execute(CChromeDriver.java:20)
	at org.openqa.selenium.remote.RemoteWebElement.execute(RemoteWebElement.java:279)
	at org.openqa.selenium.remote.RemoteWebElement.click(RemoteWebElement.java:83)
	at com.kms.katalon.core.webui.keyword.builtin.ClickKeyword$_click_closure1.doCall(ClickKeyword.groovy:79)
	at com.kms.katalon.core.webui.keyword.builtin.ClickKeyword$_click_closure1.call(ClickKeyword.groovy)
	at com.kms.katalon.core.webui.keyword.internal.WebUIKeywordMain.runKeyword(WebUIKeywordMain.groovy:20)
	at com.kms.katalon.core.webui.keyword.builtin.ClickKeyword.click(ClickKeyword.groovy:86)
	at com.kms.katalon.core.webui.keyword.builtin.ClickKeyword.execute(ClickKeyword.groovy:67)
	at com.kms.katalon.core.keyword.internal.KeywordExecutor.executeKeywordForPlatform(KeywordExecutor.groovy:56)
	at com.kms.katalon.core.webui.keyword.WebUiBuiltInKeywords.click(WebUiBuiltInKeywords.groovy:616)
	at com.kms.katalon.core.webui.keyword.WebUiBuiltInKeywords$click$5.call(Unknown Source)
	at com.pmo.steps.AddIdeaSteps.selectStartDate(AddIdeaSteps.groovy:145)
	at cucumber.runtime.Utils$1.call(Utils.java:26)
	at cucumber.runtime.Timeout.timeout(Timeout.java:16)
	at cucumber.runtime.Utils.invoke(Utils.java:20)
	at cucumber.runtime.java.JavaStepDefinition.execute(JavaStepDefinition.java:48)
	at cucumber.runtime.PickleStepDefinitionMatch.runStep(PickleStepDefinitionMatch.java:50)
	at cucumber.runner.TestStep.executeStep(TestStep.java:55)
	at cucumber.runner.TestStep.run(TestStep.java:42)
	at cucumber.runner.PickleStepTestStep.run(PickleStepTestStep.java:53)
	at cucumber.runner.TestCase.run(TestCase.java:47)
	at cucumber.runner.Runner.runPickle(Runner.java:44)
	at cucumber.runtime.Runtime.runFeature(Runtime.java:120)
	at cucumber.runtime.Runtime.run(Runtime.java:106)
	at cucumber.api.cli.Main.run(Main.java:35)
	at cucumber.api.cli.Main$run.call(Unknown Source)
	at com.kms.katalon.core.cucumber.keyword.CucumberBuiltinKeywords$_runFeatureFile_closure1.doCall(CucumberBuiltinKeywords.groovy:76)
	at com.kms.katalon.core.cucumber.keyword.CucumberBuiltinKeywords$_runFeatureFile_closure1.doCall(CucumberBuiltinKeywords.groovy)
	at com.kms.katalon.core.keyword.internal.KeywordMain.runKeyword(KeywordMain.groovy:66)
	at com.kms.katalon.core.keyword.internal.KeywordMain$runKeyword.call(Unknown Source)
	at com.kms.katalon.core.cucumber.keyword.CucumberBuiltinKeywords.runFeatureFile(CucumberBuiltinKeywords.groovy:46)
	at com.kms.katalon.core.cucumber.keyword.CucumberBuiltinKeywords$runFeatureFile$0.callStatic(Unknown Source)
	at com.kms.katalon.core.cucumber.keyword.CucumberBuiltinKeywords.runFeatureFile(CucumberBuiltinKeywords.groovy:101)
	at com.kms.katalon.core.cucumber.keyword.CucumberBuiltinKeywords$runFeatureFile.call(Unknown Source)
	at Script1554886994403.run(Script1554886994403.groovy:16)
	... 13 more
)
[[ATTACHMENT|C:\\Users\\HP\\git\\PMO-Web-Application\\Reports\\First-Test-Suite\\20190418_110433\\1555574755341.png]]

2019-04-18 11:05:55 - [MESSAGE][FAILED] - I want to select expected start date FAILED.
Reason:
com.kms.katalon.core.exception.StepFailedException: Unable to click on object 'Object Repository/PMO-Objects/Page_Add New Project Request/Day26'
	at com.kms.katalon.core.webui.keyword.internal.WebUIKeywordMain.stepFailed(WebUIKeywordMain.groovy:64)
	at com.kms.katalon.core.webui.keyword.internal.WebUIKeywordMain.runKeyword(WebUIKeywordMain.groovy:26)
	at com.kms.katalon.core.webui.keyword.builtin.ClickKeyword.click(ClickKeyword.groovy:86)
	at com.kms.katalon.core.webui.keyword.builtin.ClickKeyword.execute(ClickKeyword.groovy:67)
	at com.kms.katalon.core.keyword.internal.KeywordExecutor.executeKeywordForPlatform(KeywordExecutor.groovy:56)
	at com.kms.katalon.core.webui.keyword.WebUiBuiltInKeywords.click(WebUiBuiltInKeywords.groovy:616)
	at com.kms.katalon.core.webui.keyword.WebUiBuiltInKeywords$click$5.call(Unknown Source)
	at com.pmo.steps.AddIdeaSteps.selectStartDate(AddIdeaSteps.groovy:145)
	at ✽.I want to select expected start date(C:/Users/HP/git/PMO-Web-Application/Include/features/Main-Features/004-Cancel-Idea-Creation.feature:14)
Caused by: org.openqa.selenium.WebDriverException: unknown error: Element <a href="javascript:void(0)" class="jd2458599.5 calendars-highlight" title="اختر جمعة, 4 ...">26</a> is not clickable at point (797, 325). Other element would receive the click: <a href="javascript:void(0)" class="jd2458592.5" title="اختر جمعة, 4 ...">19</a>
  (Session info: chrome=73.0.3683.103)
  (Driver info: chromedriver=2.43.600210 (68dcf5eebde37173d4027fa8635e332711d2874a),platform=Windows NT 10.0.17134 x86_64) (WARNING: The server did not provide any stacktrace information)
Command duration or timeout: 0 milliseconds
Build info: version: '3.7.1', revision: '8a0099a', time: '2017-11-06T21:07:36.161Z'
System info: host: 'HP45G5', ip: '10.152.214.182', os.name: 'Windows 10', os.arch: 'amd64', os.version: '10.0', java.version: '1.8.0_181'
Driver info: com.kms.katalon.selenium.driver.CChromeDriver
Capabilities {acceptInsecureCerts: false, acceptSslCerts: false, applicationCacheEnabled: false, browserConnectionEnabled: false, browserName: chrome, chrome: {chromedriverVersion: 2.43.600210 (68dcf5eebde371..., userDataDir: C:\Users\HP\AppData\Local\T...}, cssSelectorsEnabled: true, databaseEnabled: false, goog:chromeOptions: {debuggerAddress: localhost:52736}, handlesAlerts: true, hasTouchScreen: false, javascriptEnabled: true, locationContextEnabled: true, mobileEmulationEnabled: false, nativeEvents: true, networkConnectionEnabled: false, pageLoadStrategy: normal, platform: XP, platformName: XP, rotatable: false, setWindowRect: true, takesHeapSnapshot: true, takesScreenshot: true, unexpectedAlertBehaviour: , unhandledPromptBehavior: , version: 73.0.3683.103, webStorageEnabled: true}
Session ID: a247e8aec152ba827325c04ca3f7e6af
	at org.openqa.selenium.remote.ErrorHandler.createThrowable(ErrorHandler.java:214)
	at org.openqa.selenium.remote.ErrorHandler.throwIfResponseFailed(ErrorHandler.java:166)
	at org.openqa.selenium.remote.http.JsonHttpResponseCodec.reconstructValue(JsonHttpResponseCodec.java:40)
	at org.openqa.selenium.remote.http.AbstractHttpResponseCodec.decode(AbstractHttpResponseCodec.java:80)
	at org.openqa.selenium.remote.http.AbstractHttpResponseCodec.decode(AbstractHttpResponseCodec.java:44)
	at org.openqa.selenium.remote.HttpCommandExecutor.execute(HttpCommandExecutor.java:164)
	at org.openqa.selenium.remote.service.DriverCommandExecutor.execute(DriverCommandExecutor.java:83)
	at org.openqa.selenium.remote.RemoteWebDriver.execute(RemoteWebDriver.java:600)
	at com.kms.katalon.selenium.driver.CChromeDriver.execute(CChromeDriver.java:20)
	at org.openqa.selenium.remote.RemoteWebElement.execute(RemoteWebElement.java:279)
	at org.openqa.selenium.remote.RemoteWebElement.click(RemoteWebElement.java:83)
	at com.kms.katalon.core.webui.keyword.builtin.ClickKeyword$_click_closure1.doCall(ClickKeyword.groovy:79)
	at com.kms.katalon.core.webui.keyword.builtin.ClickKeyword$_click_closure1.call(ClickKeyword.groovy)
	at com.kms.katalon.core.webui.keyword.internal.WebUIKeywordMain.runKeyword(WebUIKeywordMain.groovy:20)
	at com.kms.katalon.core.webui.keyword.builtin.ClickKeyword.click(ClickKeyword.groovy:86)
	at com.kms.katalon.core.webui.keyword.builtin.ClickKeyword.execute(ClickKeyword.groovy:67)
	at com.kms.katalon.core.keyword.internal.KeywordExecutor.executeKeywordForPlatform(KeywordExecutor.groovy:56)
	at com.kms.katalon.core.webui.keyword.WebUiBuiltInKeywords.click(WebUiBuiltInKeywords.groovy:616)
	at com.kms.katalon.core.webui.keyword.WebUiBuiltInKeywords$click$5.call(Unknown Source)
	at com.pmo.steps.AddIdeaSteps.selectStartDate(AddIdeaSteps.groovy:145)
	at cucumber.runtime.Utils$1.call(Utils.java:26)
	at cucumber.runtime.Timeout.timeout(Timeout.java:16)
	at cucumber.runtime.Utils.invoke(Utils.java:20)
	at cucumber.runtime.java.JavaStepDefinition.execute(JavaStepDefinition.java:48)
	at cucumber.runtime.PickleStepDefinitionMatch.runStep(PickleStepDefinitionMatch.java:50)
	at cucumber.runner.TestStep.executeStep(TestStep.java:55)
	at cucumber.runner.TestStep.run(TestStep.java:42)
	at cucumber.runner.PickleStepTestStep.run(PickleStepTestStep.java:53)
	at cucumber.runner.TestCase.run(TestCase.java:47)
	at cucumber.runner.Runner.runPickle(Runner.java:44)
	at cucumber.runtime.Runtime.runFeature(Runtime.java:120)
	at cucumber.runtime.Runtime.run(Runtime.java:106)
	at cucumber.api.cli.Main.run(Main.java:35)
	at cucumber.api.cli.Main$run.call(Unknown Source)
	at com.kms.katalon.core.cucumber.keyword.CucumberBuiltinKeywords$_runFeatureFile_closure1.doCall(CucumberBuiltinKeywords.groovy:76)
	at com.kms.katalon.core.cucumber.keyword.CucumberBuiltinKeywords$_runFeatureFile_closure1.doCall(CucumberBuiltinKeywords.groovy)
	at com.kms.katalon.core.keyword.internal.KeywordMain.runKeyword(KeywordMain.groovy:66)
	at com.kms.katalon.core.keyword.internal.KeywordMain$runKeyword.call(Unknown Source)
	at com.kms.katalon.core.cucumber.keyword.CucumberBuiltinKeywords.runFeatureFile(CucumberBuiltinKeywords.groovy:46)
	at com.kms.katalon.core.cucumber.keyword.CucumberBuiltinKeywords$runFeatureFile$0.callStatic(Unknown Source)
	at com.kms.katalon.core.cucumber.keyword.CucumberBuiltinKeywords.runFeatureFile(CucumberBuiltinKeywords.groovy:101)
	at com.kms.katalon.core.cucumber.keyword.CucumberBuiltinKeywords$runFeatureFile.call(Unknown Source)
	at Script1554886994403.run(Script1554886994403.groovy:16)
	at com.kms.katalon.core.main.ScriptEngine.run(ScriptEngine.java:194)
	at com.kms.katalon.core.main.ScriptEngine.runScriptAsRawText(ScriptEngine.java:119)
	at com.kms.katalon.core.main.TestCaseExecutor.runScript(TestCaseExecutor.java:331)
	at com.kms.katalon.core.main.TestCaseExecutor.doExecute(TestCaseExecutor.java:322)
	at com.kms.katalon.core.main.TestCaseExecutor.processExecutionPhase(TestCaseExecutor.java:301)
	at com.kms.katalon.core.main.TestCaseExecutor.accessMainPhase(TestCaseExecutor.java:293)
	at com.kms.katalon.core.main.TestCaseExecutor.execute(TestCaseExecutor.java:227)
	at com.kms.katalon.core.main.TestSuiteExecutor.accessTestCaseMainPhase(TestSuiteExecutor.java:129)
	at com.kms.katalon.core.main.TestSuiteExecutor.accessTestSuiteMainPhase(TestSuiteExecutor.java:112)
	at com.kms.katalon.core.main.TestSuiteExecutor.execute(TestSuiteExecutor.java:81)
	at com.kms.katalon.core.main.TestCaseMain.startTestSuite(TestCaseMain.java:157)
	at com.kms.katalon.core.main.TestCaseMain$startTestSuite$0.call(Unknown Source)
	at TempTestSuite1555574673738.run(TempTestSuite1555574673738.groovy:35)


2019-04-18 11:05:55 - [TEST_STEP][NOT_RUN] - I want to select expected end date: I want to select expected end date

2019-04-18 11:05:55 - [MESSAGE][NOT_RUN] - I want to select expected end date

2019-04-18 11:05:55 - [TEST_STEP][NOT_RUN] - I want to fill idea objective field: I want to fill idea objective field

2019-04-18 11:05:55 - [MESSAGE][NOT_RUN] - I want to fill idea objective field

2019-04-18 11:05:55 - [TEST_STEP][NOT_RUN] - I want to fill expected budget field: I want to fill expected budget field

2019-04-18 11:05:55 - [MESSAGE][NOT_RUN] - I want to fill expected budget field

2019-04-18 11:05:55 - [TEST_STEP][NOT_RUN] - I want to fill Notes field: I want to fill Notes field

2019-04-18 11:05:55 - [MESSAGE][NOT_RUN] - I want to fill Notes field

2019-04-18 11:05:55 - [TEST_STEP][NOT_RUN] - I want to click Cancel idea button: I want to click Cancel idea button

2019-04-18 11:05:55 - [MESSAGE][NOT_RUN] - I want to click Cancel idea button

2019-04-18 11:05:55 - [TEST_STEP][NOT_RUN] - I want to check idea not created: I want to check idea not created

2019-04-18 11:05:55 - [MESSAGE][NOT_RUN] - I want to check idea not created

2019-04-18 11:05:55 - [TEST_STEP][NOT_RUN] - I want to close browser: I want to close browser

2019-04-18 11:05:55 - [MESSAGE][NOT_RUN] - I want to close browser

2019-04-18 11:05:55 - [MESSAGE][FAILED] - Feature file 'Include/features/Main-Features/004-Cancel-Idea-Creation.feature' was failed

2019-04-18 11:05:55 - [MESSAGE][FAILED] - Keyword runFeatureFile was failed (Root cause: com.kms.katalon.core.exception.StepFailedException: Feature file 'Include/features/Main-Features/004-Cancel-Idea-Creation.feature' was failed
	at com.kms.katalon.core.keyword.internal.KeywordMain.stepFailed(KeywordMain.groovy:48)
	at com.kms.katalon.core.keyword.internal.KeywordMain.stepFailed(KeywordMain.groovy)
	at com.kms.katalon.core.keyword.internal.KeywordMain.stepFailed(KeywordMain.groovy:21)
	at com.kms.katalon.core.keyword.internal.KeywordMain$stepFailed$0.call(Unknown Source)
	at com.kms.katalon.core.cucumber.keyword.CucumberBuiltinKeywords$_runFeatureFile_closure1.doCall(CucumberBuiltinKeywords.groovy:82)
	at com.kms.katalon.core.cucumber.keyword.CucumberBuiltinKeywords$_runFeatureFile_closure1.doCall(CucumberBuiltinKeywords.groovy)
	at com.kms.katalon.core.keyword.internal.KeywordMain.runKeyword(KeywordMain.groovy:66)
	at com.kms.katalon.core.keyword.internal.KeywordMain$runKeyword.call(Unknown Source)
	at com.kms.katalon.core.cucumber.keyword.CucumberBuiltinKeywords.runFeatureFile(CucumberBuiltinKeywords.groovy:46)
	at com.kms.katalon.core.cucumber.keyword.CucumberBuiltinKeywords$runFeatureFile$0.callStatic(Unknown Source)
	at com.kms.katalon.core.cucumber.keyword.CucumberBuiltinKeywords.runFeatureFile(CucumberBuiltinKeywords.groovy:101)
	at com.kms.katalon.core.cucumber.keyword.CucumberBuiltinKeywords$runFeatureFile.call(Unknown Source)
	at 004-Cancel-Idea-Creation.run(004-Cancel-Idea-Creation:16)
	at com.kms.katalon.core.main.ScriptEngine.run(ScriptEngine.java:194)
	at com.kms.katalon.core.main.ScriptEngine.runScriptAsRawText(ScriptEngine.java:119)
	at com.kms.katalon.core.main.TestCaseExecutor.runScript(TestCaseExecutor.java:331)
	at com.kms.katalon.core.main.TestCaseExecutor.doExecute(TestCaseExecutor.java:322)
	at com.kms.katalon.core.main.TestCaseExecutor.processExecutionPhase(TestCaseExecutor.java:301)
	at com.kms.katalon.core.main.TestCaseExecutor.accessMainPhase(TestCaseExecutor.java:293)
	at com.kms.katalon.core.main.TestCaseExecutor.execute(TestCaseExecutor.java:227)
	at com.kms.katalon.core.main.TestSuiteExecutor.accessTestCaseMainPhase(TestSuiteExecutor.java:129)
	at com.kms.katalon.core.main.TestSuiteExecutor.accessTestSuiteMainPhase(TestSuiteExecutor.java:112)
	at com.kms.katalon.core.main.TestSuiteExecutor.execute(TestSuiteExecutor.java:81)
	at com.kms.katalon.core.main.TestCaseMain.startTestSuite(TestCaseMain.java:157)
	at com.kms.katalon.core.main.TestCaseMain$startTestSuite$0.call(Unknown Source)
	at TempTestSuite1555574673738.run(TempTestSuite1555574673738.groovy:35)
)

2019-04-18 11:05:55 - [MESSAGE][FAILED] - runFeatureFile("Include/features/Main-Features/004-Cancel-Idea-Creation.feature") FAILED.
Reason:
com.kms.katalon.core.exception.StepFailedException: Feature file 'Include/features/Main-Features/004-Cancel-Idea-Creation.feature' was failed
	at com.kms.katalon.core.keyword.internal.KeywordMain.stepFailed(KeywordMain.groovy:48)
	at com.kms.katalon.core.keyword.internal.KeywordMain.stepFailed(KeywordMain.groovy)
	at com.kms.katalon.core.keyword.internal.KeywordMain.stepFailed(KeywordMain.groovy:21)
	at com.kms.katalon.core.keyword.internal.KeywordMain$stepFailed$0.call(Unknown Source)
	at com.kms.katalon.core.cucumber.keyword.CucumberBuiltinKeywords$_runFeatureFile_closure1.doCall(CucumberBuiltinKeywords.groovy:82)
	at com.kms.katalon.core.cucumber.keyword.CucumberBuiltinKeywords$_runFeatureFile_closure1.doCall(CucumberBuiltinKeywords.groovy)
	at com.kms.katalon.core.keyword.internal.KeywordMain.runKeyword(KeywordMain.groovy:66)
	at com.kms.katalon.core.keyword.internal.KeywordMain$runKeyword.call(Unknown Source)
	at com.kms.katalon.core.cucumber.keyword.CucumberBuiltinKeywords.runFeatureFile(CucumberBuiltinKeywords.groovy:46)
	at com.kms.katalon.core.cucumber.keyword.CucumberBuiltinKeywords$runFeatureFile$0.callStatic(Unknown Source)
	at com.kms.katalon.core.cucumber.keyword.CucumberBuiltinKeywords.runFeatureFile(CucumberBuiltinKeywords.groovy:101)
	at com.kms.katalon.core.cucumber.keyword.CucumberBuiltinKeywords$runFeatureFile.call(Unknown Source)
	at 004-Cancel-Idea-Creation.run(004-Cancel-Idea-Creation:16)
	at com.kms.katalon.core.main.ScriptEngine.run(ScriptEngine.java:194)
	at com.kms.katalon.core.main.ScriptEngine.runScriptAsRawText(ScriptEngine.java:119)
	at com.kms.katalon.core.main.TestCaseExecutor.runScript(TestCaseExecutor.java:331)
	at com.kms.katalon.core.main.TestCaseExecutor.doExecute(TestCaseExecutor.java:322)
	at com.kms.katalon.core.main.TestCaseExecutor.processExecutionPhase(TestCaseExecutor.java:301)
	at com.kms.katalon.core.main.TestCaseExecutor.accessMainPhase(TestCaseExecutor.java:293)
	at com.kms.katalon.core.main.TestCaseExecutor.execute(TestCaseExecutor.java:227)
	at com.kms.katalon.core.main.TestSuiteExecutor.accessTestCaseMainPhase(TestSuiteExecutor.java:129)
	at com.kms.katalon.core.main.TestSuiteExecutor.accessTestSuiteMainPhase(TestSuiteExecutor.java:112)
	at com.kms.katalon.core.main.TestSuiteExecutor.execute(TestSuiteExecutor.java:81)
	at com.kms.katalon.core.main.TestCaseMain.startTestSuite(TestCaseMain.java:157)
	at com.kms.katalon.core.main.TestCaseMain$startTestSuite$0.call(Unknown Source)
	at TempTestSuite1555574673738.run(TempTestSuite1555574673738.groovy:35)]]></system-out>
         <system-err><![CDATA[2019-04-18 11:05:36 - [TEST_CASE][FAILED] - Test Cases/Main-Test-Cases/004-Cancel-Idea-Creation: Test Cases/Main-Test-Cases/004-Cancel-Idea-Creation FAILED.
Reason:
com.kms.katalon.core.exception.StepFailedException: Feature file 'Include/features/Main-Features/004-Cancel-Idea-Creation.feature' was failed
	at com.kms.katalon.core.keyword.internal.KeywordMain.stepFailed(KeywordMain.groovy:48)
	at com.kms.katalon.core.keyword.internal.KeywordMain.stepFailed(KeywordMain.groovy)
	at com.kms.katalon.core.keyword.internal.KeywordMain.stepFailed(KeywordMain.groovy:21)
	at com.kms.katalon.core.keyword.internal.KeywordMain$stepFailed$0.call(Unknown Source)
	at com.kms.katalon.core.cucumber.keyword.CucumberBuiltinKeywords$_runFeatureFile_closure1.doCall(CucumberBuiltinKeywords.groovy:82)
	at com.kms.katalon.core.cucumber.keyword.CucumberBuiltinKeywords$_runFeatureFile_closure1.doCall(CucumberBuiltinKeywords.groovy)
	at com.kms.katalon.core.keyword.internal.KeywordMain.runKeyword(KeywordMain.groovy:66)
	at com.kms.katalon.core.keyword.internal.KeywordMain$runKeyword.call(Unknown Source)
	at com.kms.katalon.core.cucumber.keyword.CucumberBuiltinKeywords.runFeatureFile(CucumberBuiltinKeywords.groovy:46)
	at com.kms.katalon.core.cucumber.keyword.CucumberBuiltinKeywords$runFeatureFile$0.callStatic(Unknown Source)
	at com.kms.katalon.core.cucumber.keyword.CucumberBuiltinKeywords.runFeatureFile(CucumberBuiltinKeywords.groovy:101)
	at com.kms.katalon.core.cucumber.keyword.CucumberBuiltinKeywords$runFeatureFile.call(Unknown Source)
	at 004-Cancel-Idea-Creation.run(004-Cancel-Idea-Creation:16)
	at com.kms.katalon.core.main.ScriptEngine.run(ScriptEngine.java:194)
	at com.kms.katalon.core.main.ScriptEngine.runScriptAsRawText(ScriptEngine.java:119)
	at com.kms.katalon.core.main.TestCaseExecutor.runScript(TestCaseExecutor.java:331)
	at com.kms.katalon.core.main.TestCaseExecutor.doExecute(TestCaseExecutor.java:322)
	at com.kms.katalon.core.main.TestCaseExecutor.processExecutionPhase(TestCaseExecutor.java:301)
	at com.kms.katalon.core.main.TestCaseExecutor.accessMainPhase(TestCaseExecutor.java:293)
	at com.kms.katalon.core.main.TestCaseExecutor.execute(TestCaseExecutor.java:227)
	at com.kms.katalon.core.main.TestSuiteExecutor.accessTestCaseMainPhase(TestSuiteExecutor.java:129)
	at com.kms.katalon.core.main.TestSuiteExecutor.accessTestSuiteMainPhase(TestSuiteExecutor.java:112)
	at com.kms.katalon.core.main.TestSuiteExecutor.execute(TestSuiteExecutor.java:81)
	at com.kms.katalon.core.main.TestCaseMain.startTestSuite(TestCaseMain.java:157)
	at com.kms.katalon.core.main.TestCaseMain$startTestSuite$0.call(Unknown Source)
	at TempTestSuite1555574673738.run(TempTestSuite1555574673738.groovy:35)]]></system-err>
      </testcase>
      <testcase name="Test Cases/Main-Test-Cases/005-Save-Idea" classname="Test Cases/Main-Test-Cases/005-Save-Idea" status="PASSED">
         <system-out><![CDATA[2019-04-18 11:05:55 - [TEST_CASE][PASSED] - Test Cases/Main-Test-Cases/005-Save-Idea: Test Cases/Main-Test-Cases/005-Save-Idea

2019-04-18 11:05:56 - [TEST_STEP][PASSED] - runFeatureFile("Include/features/Main-Features/005-Save-Idea.feature"): Feature file: 'Include/features/Main-Features/005-Save-Idea.feature' was passed

2019-04-18 11:05:56 - [MESSAGE][INFO] - Starting run keyword runFeatureFile: 'Include/features/Main-Features/005-Save-Idea.feature' and extract report to folder: 'C:\Users\HP\git\PMO-Web-Application\Reports\First-Test-Suite\20190418_110433/cucumber_report/1555574756030'...

2019-04-18 11:05:56 - [TEST_CASE][PASSED] - Start Test Case : SCENARIO Save Idea: SCENARIO Save Idea

2019-04-18 11:05:56 - [TEST_STEP][PASSED] - I want to open browser: I want to open browser

2019-04-18 11:05:56 - [MESSAGE][WARNING] - A browser is already opened. Closing browser and opening a new one

2019-04-18 11:05:56 - [MESSAGE][INFO] - Starting 'Chrome' driver

2019-04-18 11:05:59 - [MESSAGE][PASSED] - Browser is opened with url: ''

2019-04-18 11:05:59 - [MESSAGE][PASSED] - Delete all cookies successfully

2019-04-18 11:05:59 - [MESSAGE][PASSED] - I want to open browser

2019-04-18 11:05:59 - [TEST_STEP][PASSED] - I want to maximize window: I want to maximize window

2019-04-18 11:06:00 - [MESSAGE][PASSED] - Current window maximized

2019-04-18 11:06:00 - [MESSAGE][PASSED] - I want to maximize window

2019-04-18 11:06:00 - [TEST_STEP][PASSED] - I want to go to OOB: I want to go to OOB

2019-04-18 11:06:10 - [MESSAGE][PASSED] - Navigate to 'http://pmoadmin:P@ssw0rd@dev5.cloudapp.net/OOB2/' successfully

2019-04-18 11:06:10 - [MESSAGE][PASSED] - I want to go to OOB

2019-04-18 11:06:10 - [TEST_STEP][PASSED] - I want to verify I'm in OOB main page: I want to verify I'm in OOB main page

2019-04-18 11:06:10 - [MESSAGE][WARNING] - Timeout '0' is invalid. Using default page load timeout: '30'

2019-04-18 11:06:10 - [MESSAGE][PASSED] - Object 'Object Repository/OOB-Objects/OOB-Side-Bar' is present

2019-04-18 11:06:10 - [MESSAGE][PASSED] - I want to verify I'm in OOB main page

2019-04-18 11:06:10 - [TEST_STEP][PASSED] - I want to go to ideas list page: I want to go to ideas list page

2019-04-18 11:06:14 - [MESSAGE][PASSED] - Object: 'Object Repository/OOB-Objects/IdeasList' is clicked on

2019-04-18 11:06:14 - [MESSAGE][PASSED] - I want to go to ideas list page

2019-04-18 11:06:14 - [TEST_STEP][PASSED] - I want to click on Add New button: I want to click on Add New button

2019-04-18 11:06:15 - [MESSAGE][PASSED] - Object: 'Object Repository/PMO-Objects/Page_Project Request/Add-New-Project-Request' is clicked on

2019-04-18 11:06:15 - [MESSAGE][PASSED] - I want to click on Add New button

2019-04-18 11:06:15 - [TEST_STEP][PASSED] - I want to fill idea name field: I want to fill idea name field

2019-04-18 11:06:15 - [MESSAGE][PASSED] - Text 'Automation2637' is set on object 'Object Repository/PMO-Objects/Page_Add New Project Request/Idea-Name-Field'

2019-04-18 11:06:15 - [MESSAGE][PASSED] - I want to fill idea name field

2019-04-18 11:06:15 - [TEST_STEP][PASSED] - I want to select expected start date: I want to select expected start date

2019-04-18 11:06:16 - [MESSAGE][PASSED] - Object: 'Object Repository/PMO-Objects/Page_Add New Project Request/GREGORIAN-Start-date-Check-Box' is clicked on

2019-04-18 11:06:16 - [MESSAGE][PASSED] - Object: 'Object Repository/PMO-Objects/Page_Add New Project Request/Excepted-Start-Date' is clicked on

2019-04-18 11:06:16 - [MESSAGE][PASSED] - Object: 'Object Repository/PMO-Objects/Page_Add New Project Request/Day26' is hovered

2019-04-18 11:06:16 - [MESSAGE][PASSED] - Object: 'Object Repository/PMO-Objects/Page_Add New Project Request/Day26' is clicked on

2019-04-18 11:06:16 - [MESSAGE][PASSED] - I want to select expected start date

2019-04-18 11:06:16 - [TEST_STEP][PASSED] - I want to select expected end date: I want to select expected end date

2019-04-18 11:06:16 - [MESSAGE][PASSED] - Object 'Object Repository/PMO-Objects/Page_Add New Project Request/GREGORIAN-End-Date-Check-Box' is visible

2019-04-18 11:06:16 - [MESSAGE][PASSED] - Object: 'Object Repository/PMO-Objects/Page_Add New Project Request/GREGORIAN-End-Date-Check-Box' is clicked on

2019-04-18 11:06:16 - [MESSAGE][PASSED] - Object: 'Object Repository/PMO-Objects/Page_Add New Project Request/Excpected-End-Date' is hovered

2019-04-18 11:06:16 - [MESSAGE][PASSED] - Object: 'Object Repository/PMO-Objects/Page_Add New Project Request/Excpected-End-Date' is clicked on

2019-04-18 11:06:17 - [MESSAGE][PASSED] - All options with index in [4] are selected on object 'Object Repository/PMO-Objects/Page_Add New Project Request/EndDateMonthDropdown'

2019-04-18 11:06:17 - [MESSAGE][PASSED] - Object: 'Object Repository/PMO-Objects/Page_Add New Project Request/EndDateDay15' is hovered

2019-04-18 11:06:17 - [MESSAGE][PASSED] - Object: 'Object Repository/PMO-Objects/Page_Add New Project Request/EndDateDay15' is clicked on

2019-04-18 11:06:17 - [MESSAGE][PASSED] - I want to select expected end date

2019-04-18 11:06:17 - [TEST_STEP][PASSED] - I want to fill idea objective field: I want to fill idea objective field

2019-04-18 11:06:17 - [MESSAGE][PASSED] - Text 'Automation' is set on object 'Object Repository/PMO-Objects/Page_Add New Project Request/Idea-Objective-Field'

2019-04-18 11:06:17 - [MESSAGE][PASSED] - I want to fill idea objective field

2019-04-18 11:06:17 - [TEST_STEP][PASSED] - I want to fill expected budget field: I want to fill expected budget field

2019-04-18 11:06:17 - [MESSAGE][PASSED] - Text '10000' is set on object 'Object Repository/PMO-Objects/Page_Add New Project Request/Expected-Budget-Field'

2019-04-18 11:06:17 - [MESSAGE][PASSED] - I want to fill expected budget field

2019-04-18 11:06:17 - [TEST_STEP][PASSED] - I want to fill Notes field: I want to fill Notes field

2019-04-18 11:06:18 - [MESSAGE][PASSED] - Text 'test note' is set on object 'Object Repository/PMO-Objects/Page_Add New Project Request/Notes-Field'

2019-04-18 11:06:18 - [MESSAGE][PASSED] - I want to fill Notes field

2019-04-18 11:06:18 - [TEST_STEP][PASSED] - I want to click save idea button: I want to click save idea button

2019-04-18 11:06:18 - [MESSAGE][WARNING] - Timeout '0' is invalid. Using default page load timeout: '30'

2019-04-18 11:06:18 - [MESSAGE][PASSED] - Object 'Object Repository/SaveIdeaButton' is present

2019-04-18 11:06:18 - [MESSAGE][WARNING] - Timeout '0' is invalid. Using default page load timeout: '30'

2019-04-18 11:06:18 - [MESSAGE][PASSED] - Object 'Object Repository/SaveIdeaButton' is clickable

2019-04-18 11:06:18 - [MESSAGE][PASSED] - Object: 'Object Repository/SaveIdeaButton' is clicked on

2019-04-18 11:06:18 - [MESSAGE][WARNING] - Timeout '0' is invalid. Using default page load timeout: '30'

2019-04-18 11:06:18 - [MESSAGE][PASSED] - Wait for page load successfully

2019-04-18 11:06:18 - [MESSAGE][PASSED] - I want to click save idea button

2019-04-18 11:06:18 - [TEST_STEP][PASSED] - I want to wait for page load: I want to wait for page load

2019-04-18 11:06:18 - [MESSAGE][WARNING] - Timeout '0' is invalid. Using default page load timeout: '30'

2019-04-18 11:06:18 - [MESSAGE][PASSED] - Wait for page load successfully

2019-04-18 11:06:20 - [MESSAGE][PASSED] - Refresh successfully

2019-04-18 11:06:20 - [MESSAGE][PASSED] - I want to wait for page load

2019-04-18 11:06:20 - [TEST_STEP][PASSED] - I want to go to ideas list page: I want to go to ideas list page

2019-04-18 11:06:21 - [MESSAGE][PASSED] - Object: 'Object Repository/OOB-Objects/IdeasList' is clicked on

2019-04-18 11:06:21 - [MESSAGE][PASSED] - I want to go to ideas list page

2019-04-18 11:06:21 - [TEST_STEP][PASSED] - I want to search on saved idea: I want to search on saved idea

2019-04-18 11:06:21 - [MESSAGE][PASSED] - Text 'Automation2637' is set on object 'Object Repository/PMO-Objects/Page_Project Request/SearchField'

2019-04-18 11:06:22 - [MESSAGE][PASSED] - Actual text and expected text of test object 'Object Repository/PMO-Objects/Page_Project Request/SearchResult' are matched.

2019-04-18 11:06:22 - [MESSAGE][PASSED] - I want to search on saved idea

2019-04-18 11:06:22 - [TEST_STEP][PASSED] - I want to close browser: I want to close browser

2019-04-18 11:06:23 - [MESSAGE][PASSED] - Browser is closed

2019-04-18 11:06:23 - [MESSAGE][PASSED] - I want to close browser

2019-04-18 11:06:23 - [MESSAGE][PASSED] - Feature file: 'Include/features/Main-Features/005-Save-Idea.feature' was passed]]></system-out>
         <system-err><![CDATA[]]></system-err>
      </testcase>
      <testcase name="Test Cases/Main-Test-Cases/006-Check-Mandatory-Fields" classname="Test Cases/Main-Test-Cases/006-Check-Mandatory-Fields" status="PASSED">
         <system-out><![CDATA[2019-04-18 11:06:23 - [TEST_CASE][PASSED] - Test Cases/Main-Test-Cases/006-Check-Mandatory-Fields: Test Cases/Main-Test-Cases/006-Check-Mandatory-Fields

2019-04-18 11:06:23 - [TEST_STEP][PASSED] - runFeatureFile("Include/features/Main-Features/006-Check-Mandatory-Fields.feature"): Feature file: 'Include/features/Main-Features/006-Check-Mandatory-Fields.feature' was passed

2019-04-18 11:06:23 - [MESSAGE][INFO] - Starting run keyword runFeatureFile: 'Include/features/Main-Features/006-Check-Mandatory-Fields.feature' and extract report to folder: 'C:\Users\HP\git\PMO-Web-Application\Reports\First-Test-Suite\20190418_110433/cucumber_report/1555574783380'...

2019-04-18 11:06:23 - [TEST_CASE][PASSED] - Start Test Case : SCENARIO check create idea form mandatory fields: SCENARIO check create idea form mandatory fields

2019-04-18 11:06:23 - [TEST_STEP][PASSED] - I want to open browser: I want to open browser

2019-04-18 11:06:23 - [MESSAGE][INFO] - Starting 'Chrome' driver

2019-04-18 11:06:25 - [MESSAGE][PASSED] - Browser is opened with url: ''

2019-04-18 11:06:25 - [MESSAGE][PASSED] - Delete all cookies successfully

2019-04-18 11:06:25 - [MESSAGE][PASSED] - I want to open browser

2019-04-18 11:06:25 - [TEST_STEP][PASSED] - I want to maximize window: I want to maximize window

2019-04-18 11:06:27 - [MESSAGE][PASSED] - Current window maximized

2019-04-18 11:06:27 - [MESSAGE][PASSED] - I want to maximize window

2019-04-18 11:06:27 - [TEST_STEP][PASSED] - I want to go to OOB: I want to go to OOB

2019-04-18 11:06:36 - [MESSAGE][PASSED] - Navigate to 'http://pmoadmin:P@ssw0rd@dev5.cloudapp.net/OOB2/' successfully

2019-04-18 11:06:36 - [MESSAGE][PASSED] - I want to go to OOB

2019-04-18 11:06:36 - [TEST_STEP][PASSED] - I want to verify I'm in OOB main page: I want to verify I'm in OOB main page

2019-04-18 11:06:36 - [MESSAGE][WARNING] - Timeout '0' is invalid. Using default page load timeout: '30'

2019-04-18 11:06:36 - [MESSAGE][PASSED] - Object 'Object Repository/OOB-Objects/OOB-Side-Bar' is present

2019-04-18 11:06:36 - [MESSAGE][PASSED] - I want to verify I'm in OOB main page

2019-04-18 11:06:36 - [TEST_STEP][PASSED] - I want to go to ideas list page: I want to go to ideas list page

2019-04-18 11:06:41 - [MESSAGE][PASSED] - Object: 'Object Repository/OOB-Objects/IdeasList' is clicked on

2019-04-18 11:06:41 - [MESSAGE][PASSED] - I want to go to ideas list page

2019-04-18 11:06:41 - [TEST_STEP][PASSED] - I want to click on Add New button: I want to click on Add New button

2019-04-18 11:06:42 - [MESSAGE][PASSED] - Object: 'Object Repository/PMO-Objects/Page_Project Request/Add-New-Project-Request' is clicked on

2019-04-18 11:06:42 - [MESSAGE][PASSED] - I want to click on Add New button

2019-04-18 11:06:42 - [TEST_STEP][PASSED] - I want to click send idea button: I want to click send idea button

2019-04-18 11:06:42 - [MESSAGE][WARNING] - Timeout '0' is invalid. Using default page load timeout: '30'

2019-04-18 11:06:42 - [MESSAGE][PASSED] - Scroll to object 'Object Repository/PMO-Objects/Page_Add New Project Request/CardBlock' successfully

2019-04-18 11:06:42 - [MESSAGE][PASSED] - Object: 'Object Repository/PMO-Objects/Page_Add New Project Request/SendIdeaButton' is focused

2019-04-18 11:06:42 - [MESSAGE][PASSED] - Object: 'Object Repository/PMO-Objects/Page_Add New Project Request/SendIdeaButton' is hovered

2019-04-18 11:06:42 - [MESSAGE][PASSED] - Object 'Object Repository/PMO-Objects/Page_Add New Project Request/SendIdeaButton' is clickable

2019-04-18 11:06:42 - [MESSAGE][PASSED] - Object: 'Object Repository/PMO-Objects/Page_Add New Project Request/SendIdeaButton' is clicked on

2019-04-18 11:06:42 - [MESSAGE][PASSED] - I want to click send idea button

2019-04-18 11:06:42 - [TEST_STEP][PASSED] - I want to check idea name is a mandatory field: I want to check idea name is a mandatory field

2019-04-18 11:06:42 - [MESSAGE][PASSED] - Object 'Object Repository/PMO-Objects/Page_Add New Project Request/IdeaNameMandatoryField' is visible

2019-04-18 11:06:42 - [MESSAGE][PASSED] - I want to check idea name is a mandatory field

2019-04-18 11:06:42 - [TEST_STEP][PASSED] - I want to check start date is a mandatory field: I want to check start date is a mandatory field

2019-04-18 11:06:42 - [MESSAGE][PASSED] - Object 'Object Repository/PMO-Objects/Page_Add New Project Request/StartDateMandatory' is visible

2019-04-18 11:06:42 - [MESSAGE][PASSED] - I want to check start date is a mandatory field

2019-04-18 11:06:42 - [TEST_STEP][PASSED] - I want to check end date is a mandatory field: I want to check end date is a mandatory field

2019-04-18 11:06:42 - [MESSAGE][PASSED] - Object 'Object Repository/PMO-Objects/Page_Add New Project Request/EndDateMandatory' is visible

2019-04-18 11:06:42 - [MESSAGE][PASSED] - I want to check end date is a mandatory field

2019-04-18 11:06:42 - [TEST_STEP][PASSED] - I want to check idea objective is a mandatory field: I want to check idea objective is a mandatory field

2019-04-18 11:06:42 - [MESSAGE][PASSED] - Object 'Object Repository/PMO-Objects/Page_Add New Project Request/ObjectiveMandatory' is visible

2019-04-18 11:06:42 - [MESSAGE][PASSED] - I want to check idea objective is a mandatory field

2019-04-18 11:06:42 - [TEST_STEP][PASSED] - I want to close browser: I want to close browser

2019-04-18 11:06:43 - [MESSAGE][PASSED] - Browser is closed

2019-04-18 11:06:43 - [MESSAGE][PASSED] - I want to close browser

2019-04-18 11:06:43 - [MESSAGE][PASSED] - Feature file: 'Include/features/Main-Features/006-Check-Mandatory-Fields.feature' was passed]]></system-out>
         <system-err><![CDATA[]]></system-err>
      </testcase>
      <testcase name="Test Cases/Main-Test-Cases/007-Delete-Attachemnt" classname="Test Cases/Main-Test-Cases/007-Delete-Attachemnt" status="FAILED">
         <failure type="FAILED" message="Test Cases/Main-Test-Cases/007-Delete-Attachemnt FAILED.
Reason:
com.kms.katalon.core.exception.StepFailedException: Feature file 'Include/features/Main-Features/007-Delete-Attachment.feature' was failed
	at com.kms.katalon.core.keyword.internal.KeywordMain.stepFailed(KeywordMain.groovy:48)
	at com.kms.katalon.core.keyword.internal.KeywordMain.stepFailed(KeywordMain.groovy)
	at com.kms.katalon.core.keyword.internal.KeywordMain.stepFailed(KeywordMain.groovy:21)
	at com.kms.katalon.core.keyword.internal.KeywordMain$stepFailed$0.call(Unknown Source)
	at com.kms.katalon.core.cucumber.keyword.CucumberBuiltinKeywords$_runFeatureFile_closure1.doCall(CucumberBuiltinKeywords.groovy:82)
	at com.kms.katalon.core.cucumber.keyword.CucumberBuiltinKeywords$_runFeatureFile_closure1.doCall(CucumberBuiltinKeywords.groovy)
	at com.kms.katalon.core.keyword.internal.KeywordMain.runKeyword(KeywordMain.groovy:66)
	at com.kms.katalon.core.keyword.internal.KeywordMain$runKeyword.call(Unknown Source)
	at com.kms.katalon.core.cucumber.keyword.CucumberBuiltinKeywords.runFeatureFile(CucumberBuiltinKeywords.groovy:46)
	at com.kms.katalon.core.cucumber.keyword.CucumberBuiltinKeywords$runFeatureFile$0.callStatic(Unknown Source)
	at com.kms.katalon.core.cucumber.keyword.CucumberBuiltinKeywords.runFeatureFile(CucumberBuiltinKeywords.groovy:101)
	at com.kms.katalon.core.cucumber.keyword.CucumberBuiltinKeywords$runFeatureFile.call(Unknown Source)
	at 007-Delete-Attachemnt.run(007-Delete-Attachemnt:16)
	at com.kms.katalon.core.main.ScriptEngine.run(ScriptEngine.java:194)
	at com.kms.katalon.core.main.ScriptEngine.runScriptAsRawText(ScriptEngine.java:119)
	at com.kms.katalon.core.main.TestCaseExecutor.runScript(TestCaseExecutor.java:331)
	at com.kms.katalon.core.main.TestCaseExecutor.doExecute(TestCaseExecutor.java:322)
	at com.kms.katalon.core.main.TestCaseExecutor.processExecutionPhase(TestCaseExecutor.java:301)
	at com.kms.katalon.core.main.TestCaseExecutor.accessMainPhase(TestCaseExecutor.java:293)
	at com.kms.katalon.core.main.TestCaseExecutor.execute(TestCaseExecutor.java:227)
	at com.kms.katalon.core.main.TestSuiteExecutor.accessTestCaseMainPhase(TestSuiteExecutor.java:129)
	at com.kms.katalon.core.main.TestSuiteExecutor.accessTestSuiteMainPhase(TestSuiteExecutor.java:112)
	at com.kms.katalon.core.main.TestSuiteExecutor.execute(TestSuiteExecutor.java:81)
	at com.kms.katalon.core.main.TestCaseMain.startTestSuite(TestCaseMain.java:157)
	at com.kms.katalon.core.main.TestCaseMain$startTestSuite$0.call(Unknown Source)
	at TempTestSuite1555574673738.run(TempTestSuite1555574673738.groovy:35)
"/>
         <system-out><![CDATA[2019-04-18 11:06:43 - [TEST_CASE][FAILED] - Test Cases/Main-Test-Cases/007-Delete-Attachemnt: Test Cases/Main-Test-Cases/007-Delete-Attachemnt FAILED.
Reason:
com.kms.katalon.core.exception.StepFailedException: Feature file 'Include/features/Main-Features/007-Delete-Attachment.feature' was failed
	at com.kms.katalon.core.keyword.internal.KeywordMain.stepFailed(KeywordMain.groovy:48)
	at com.kms.katalon.core.keyword.internal.KeywordMain.stepFailed(KeywordMain.groovy)
	at com.kms.katalon.core.keyword.internal.KeywordMain.stepFailed(KeywordMain.groovy:21)
	at com.kms.katalon.core.keyword.internal.KeywordMain$stepFailed$0.call(Unknown Source)
	at com.kms.katalon.core.cucumber.keyword.CucumberBuiltinKeywords$_runFeatureFile_closure1.doCall(CucumberBuiltinKeywords.groovy:82)
	at com.kms.katalon.core.cucumber.keyword.CucumberBuiltinKeywords$_runFeatureFile_closure1.doCall(CucumberBuiltinKeywords.groovy)
	at com.kms.katalon.core.keyword.internal.KeywordMain.runKeyword(KeywordMain.groovy:66)
	at com.kms.katalon.core.keyword.internal.KeywordMain$runKeyword.call(Unknown Source)
	at com.kms.katalon.core.cucumber.keyword.CucumberBuiltinKeywords.runFeatureFile(CucumberBuiltinKeywords.groovy:46)
	at com.kms.katalon.core.cucumber.keyword.CucumberBuiltinKeywords$runFeatureFile$0.callStatic(Unknown Source)
	at com.kms.katalon.core.cucumber.keyword.CucumberBuiltinKeywords.runFeatureFile(CucumberBuiltinKeywords.groovy:101)
	at com.kms.katalon.core.cucumber.keyword.CucumberBuiltinKeywords$runFeatureFile.call(Unknown Source)
	at 007-Delete-Attachemnt.run(007-Delete-Attachemnt:16)
	at com.kms.katalon.core.main.ScriptEngine.run(ScriptEngine.java:194)
	at com.kms.katalon.core.main.ScriptEngine.runScriptAsRawText(ScriptEngine.java:119)
	at com.kms.katalon.core.main.TestCaseExecutor.runScript(TestCaseExecutor.java:331)
	at com.kms.katalon.core.main.TestCaseExecutor.doExecute(TestCaseExecutor.java:322)
	at com.kms.katalon.core.main.TestCaseExecutor.processExecutionPhase(TestCaseExecutor.java:301)
	at com.kms.katalon.core.main.TestCaseExecutor.accessMainPhase(TestCaseExecutor.java:293)
	at com.kms.katalon.core.main.TestCaseExecutor.execute(TestCaseExecutor.java:227)
	at com.kms.katalon.core.main.TestSuiteExecutor.accessTestCaseMainPhase(TestSuiteExecutor.java:129)
	at com.kms.katalon.core.main.TestSuiteExecutor.accessTestSuiteMainPhase(TestSuiteExecutor.java:112)
	at com.kms.katalon.core.main.TestSuiteExecutor.execute(TestSuiteExecutor.java:81)
	at com.kms.katalon.core.main.TestCaseMain.startTestSuite(TestCaseMain.java:157)
	at com.kms.katalon.core.main.TestCaseMain$startTestSuite$0.call(Unknown Source)
	at TempTestSuite1555574673738.run(TempTestSuite1555574673738.groovy:35)


2019-04-18 11:06:43 - [TEST_STEP][FAILED] - runFeatureFile("Include/features/Main-Features/007-Delete-Attachment.feature"): runFeatureFile("Include/features/Main-Features/007-Delete-Attachment.feature") FAILED.
Reason:
com.kms.katalon.core.exception.StepFailedException: Feature file 'Include/features/Main-Features/007-Delete-Attachment.feature' was failed
	at com.kms.katalon.core.keyword.internal.KeywordMain.stepFailed(KeywordMain.groovy:48)
	at com.kms.katalon.core.keyword.internal.KeywordMain.stepFailed(KeywordMain.groovy)
	at com.kms.katalon.core.keyword.internal.KeywordMain.stepFailed(KeywordMain.groovy:21)
	at com.kms.katalon.core.keyword.internal.KeywordMain$stepFailed$0.call(Unknown Source)
	at com.kms.katalon.core.cucumber.keyword.CucumberBuiltinKeywords$_runFeatureFile_closure1.doCall(CucumberBuiltinKeywords.groovy:82)
	at com.kms.katalon.core.cucumber.keyword.CucumberBuiltinKeywords$_runFeatureFile_closure1.doCall(CucumberBuiltinKeywords.groovy)
	at com.kms.katalon.core.keyword.internal.KeywordMain.runKeyword(KeywordMain.groovy:66)
	at com.kms.katalon.core.keyword.internal.KeywordMain$runKeyword.call(Unknown Source)
	at com.kms.katalon.core.cucumber.keyword.CucumberBuiltinKeywords.runFeatureFile(CucumberBuiltinKeywords.groovy:46)
	at com.kms.katalon.core.cucumber.keyword.CucumberBuiltinKeywords$runFeatureFile$0.callStatic(Unknown Source)
	at com.kms.katalon.core.cucumber.keyword.CucumberBuiltinKeywords.runFeatureFile(CucumberBuiltinKeywords.groovy:101)
	at com.kms.katalon.core.cucumber.keyword.CucumberBuiltinKeywords$runFeatureFile.call(Unknown Source)
	at 007-Delete-Attachemnt.run(007-Delete-Attachemnt:16)
	at com.kms.katalon.core.main.ScriptEngine.run(ScriptEngine.java:194)
	at com.kms.katalon.core.main.ScriptEngine.runScriptAsRawText(ScriptEngine.java:119)
	at com.kms.katalon.core.main.TestCaseExecutor.runScript(TestCaseExecutor.java:331)
	at com.kms.katalon.core.main.TestCaseExecutor.doExecute(TestCaseExecutor.java:322)
	at com.kms.katalon.core.main.TestCaseExecutor.processExecutionPhase(TestCaseExecutor.java:301)
	at com.kms.katalon.core.main.TestCaseExecutor.accessMainPhase(TestCaseExecutor.java:293)
	at com.kms.katalon.core.main.TestCaseExecutor.execute(TestCaseExecutor.java:227)
	at com.kms.katalon.core.main.TestSuiteExecutor.accessTestCaseMainPhase(TestSuiteExecutor.java:129)
	at com.kms.katalon.core.main.TestSuiteExecutor.accessTestSuiteMainPhase(TestSuiteExecutor.java:112)
	at com.kms.katalon.core.main.TestSuiteExecutor.execute(TestSuiteExecutor.java:81)
	at com.kms.katalon.core.main.TestCaseMain.startTestSuite(TestCaseMain.java:157)
	at com.kms.katalon.core.main.TestCaseMain$startTestSuite$0.call(Unknown Source)
	at TempTestSuite1555574673738.run(TempTestSuite1555574673738.groovy:35)


2019-04-18 11:06:43 - [MESSAGE][INFO] - Starting run keyword runFeatureFile: 'Include/features/Main-Features/007-Delete-Attachment.feature' and extract report to folder: 'C:\Users\HP\git\PMO-Web-Application\Reports\First-Test-Suite\20190418_110433/cucumber_report/1555574803741'...

2019-04-18 11:06:43 - [TEST_CASE][FAILED] - Start Test Case : SCENARIO Delete attachment from idea form: SCENARIO Delete attachment from idea form FAILED.
Reason:
com.kms.katalon.core.exception.StepFailedException: Unable to click on object 'Object Repository/PMO-Objects/Page_Add New Project Request/Excpected-End-Date'
	at com.kms.katalon.core.webui.keyword.internal.WebUIKeywordMain.stepFailed(WebUIKeywordMain.groovy:64)
	at com.kms.katalon.core.webui.keyword.internal.WebUIKeywordMain.runKeyword(WebUIKeywordMain.groovy:26)
	at com.kms.katalon.core.webui.keyword.builtin.ClickKeyword.click(ClickKeyword.groovy:86)
	at com.kms.katalon.core.webui.keyword.builtin.ClickKeyword.execute(ClickKeyword.groovy:67)
	at com.kms.katalon.core.keyword.internal.KeywordExecutor.executeKeywordForPlatform(KeywordExecutor.groovy:56)
	at com.kms.katalon.core.webui.keyword.WebUiBuiltInKeywords.click(WebUiBuiltInKeywords.groovy:616)
	at com.kms.katalon.core.webui.keyword.WebUiBuiltInKeywords$click$5.call(Unknown Source)
	at com.pmo.steps.AddIdeaSteps.selectEndDate(AddIdeaSteps.groovy:156)
	at ✽.I want to select expected end date(C:/Users/HP/git/PMO-Web-Application/Include/features/Main-Features/007-Delete-Attachment.feature:15)
Caused by: org.openqa.selenium.WebDriverException: unknown error: Element <input type="text" id="TxtExceptedEndDate" name="excpectedEndDate" class="form-control datepicker-mix is-calendarsPicker" value="" readonly="" data-year-range="1980:c+20"> is not clickable at point (803, 350). Other element would receive the click: <a href="javascript:void(0)" class="jd2458574.5" title="اختر اثنين, 4 ...">1</a>
  (Session info: chrome=73.0.3683.103)
  (Driver info: chromedriver=2.43.600210 (68dcf5eebde37173d4027fa8635e332711d2874a),platform=Windows NT 10.0.17134 x86_64) (WARNING: The server did not provide any stacktrace information)
Command duration or timeout: 0 milliseconds
Build info: version: '3.7.1', revision: '8a0099a', time: '2017-11-06T21:07:36.161Z'
System info: host: 'HP45G5', ip: '10.152.214.182', os.name: 'Windows 10', os.arch: 'amd64', os.version: '10.0', java.version: '1.8.0_181'
Driver info: com.kms.katalon.selenium.driver.CChromeDriver
Capabilities {acceptInsecureCerts: false, acceptSslCerts: false, applicationCacheEnabled: false, browserConnectionEnabled: false, browserName: chrome, chrome: {chromedriverVersion: 2.43.600210 (68dcf5eebde371..., userDataDir: C:\Users\HP\AppData\Local\T...}, cssSelectorsEnabled: true, databaseEnabled: false, goog:chromeOptions: {debuggerAddress: localhost:52848}, handlesAlerts: true, hasTouchScreen: false, javascriptEnabled: true, locationContextEnabled: true, mobileEmulationEnabled: false, nativeEvents: true, networkConnectionEnabled: false, pageLoadStrategy: normal, platform: XP, platformName: XP, rotatable: false, setWindowRect: true, takesHeapSnapshot: true, takesScreenshot: true, unexpectedAlertBehaviour: , unhandledPromptBehavior: , version: 73.0.3683.103, webStorageEnabled: true}
Session ID: 37e0d1e0f42be4981fb619bda792e869
	at org.openqa.selenium.remote.ErrorHandler.createThrowable(ErrorHandler.java:214)
	at org.openqa.selenium.remote.ErrorHandler.throwIfResponseFailed(ErrorHandler.java:166)
	at org.openqa.selenium.remote.http.JsonHttpResponseCodec.reconstructValue(JsonHttpResponseCodec.java:40)
	at org.openqa.selenium.remote.http.AbstractHttpResponseCodec.decode(AbstractHttpResponseCodec.java:80)
	at org.openqa.selenium.remote.http.AbstractHttpResponseCodec.decode(AbstractHttpResponseCodec.java:44)
	at org.openqa.selenium.remote.HttpCommandExecutor.execute(HttpCommandExecutor.java:164)
	at org.openqa.selenium.remote.service.DriverCommandExecutor.execute(DriverCommandExecutor.java:83)
	at org.openqa.selenium.remote.RemoteWebDriver.execute(RemoteWebDriver.java:600)
	at com.kms.katalon.selenium.driver.CChromeDriver.execute(CChromeDriver.java:20)
	at org.openqa.selenium.remote.RemoteWebElement.execute(RemoteWebElement.java:279)
	at org.openqa.selenium.remote.RemoteWebElement.click(RemoteWebElement.java:83)
	at com.kms.katalon.core.webui.keyword.builtin.ClickKeyword$_click_closure1.doCall(ClickKeyword.groovy:79)
	at com.kms.katalon.core.webui.keyword.builtin.ClickKeyword$_click_closure1.call(ClickKeyword.groovy)
	at com.kms.katalon.core.webui.keyword.internal.WebUIKeywordMain.runKeyword(WebUIKeywordMain.groovy:20)
	at com.kms.katalon.core.webui.keyword.builtin.ClickKeyword.click(ClickKeyword.groovy:86)
	at com.kms.katalon.core.webui.keyword.builtin.ClickKeyword.execute(ClickKeyword.groovy:67)
	at com.kms.katalon.core.keyword.internal.KeywordExecutor.executeKeywordForPlatform(KeywordExecutor.groovy:56)
	at com.kms.katalon.core.webui.keyword.WebUiBuiltInKeywords.click(WebUiBuiltInKeywords.groovy:616)
	at com.kms.katalon.core.webui.keyword.WebUiBuiltInKeywords$click$5.call(Unknown Source)
	at com.pmo.steps.AddIdeaSteps.selectEndDate(AddIdeaSteps.groovy:156)
	at cucumber.runtime.Utils$1.call(Utils.java:26)
	at cucumber.runtime.Timeout.timeout(Timeout.java:16)
	at cucumber.runtime.Utils.invoke(Utils.java:20)
	at cucumber.runtime.java.JavaStepDefinition.execute(JavaStepDefinition.java:48)
	at cucumber.runtime.PickleStepDefinitionMatch.runStep(PickleStepDefinitionMatch.java:50)
	at cucumber.runner.TestStep.executeStep(TestStep.java:55)
	at cucumber.runner.TestStep.run(TestStep.java:42)
	at cucumber.runner.PickleStepTestStep.run(PickleStepTestStep.java:53)
	at cucumber.runner.TestCase.run(TestCase.java:47)
	at cucumber.runner.Runner.runPickle(Runner.java:44)
	at cucumber.runtime.Runtime.runFeature(Runtime.java:120)
	at cucumber.runtime.Runtime.run(Runtime.java:106)
	at cucumber.api.cli.Main.run(Main.java:35)
	at cucumber.api.cli.Main$run.call(Unknown Source)
	at com.kms.katalon.core.cucumber.keyword.CucumberBuiltinKeywords$_runFeatureFile_closure1.doCall(CucumberBuiltinKeywords.groovy:76)
	at com.kms.katalon.core.cucumber.keyword.CucumberBuiltinKeywords$_runFeatureFile_closure1.doCall(CucumberBuiltinKeywords.groovy)
	at com.kms.katalon.core.keyword.internal.KeywordMain.runKeyword(KeywordMain.groovy:66)
	at com.kms.katalon.core.keyword.internal.KeywordMain$runKeyword.call(Unknown Source)
	at com.kms.katalon.core.cucumber.keyword.CucumberBuiltinKeywords.runFeatureFile(CucumberBuiltinKeywords.groovy:46)
	at com.kms.katalon.core.cucumber.keyword.CucumberBuiltinKeywords$runFeatureFile$0.callStatic(Unknown Source)
	at com.kms.katalon.core.cucumber.keyword.CucumberBuiltinKeywords.runFeatureFile(CucumberBuiltinKeywords.groovy:101)
	at com.kms.katalon.core.cucumber.keyword.CucumberBuiltinKeywords$runFeatureFile.call(Unknown Source)
	at Script1554987749103.run(Script1554987749103.groovy:16)
	at com.kms.katalon.core.main.ScriptEngine.run(ScriptEngine.java:194)
	at com.kms.katalon.core.main.ScriptEngine.runScriptAsRawText(ScriptEngine.java:119)
	at com.kms.katalon.core.main.TestCaseExecutor.runScript(TestCaseExecutor.java:331)
	at com.kms.katalon.core.main.TestCaseExecutor.doExecute(TestCaseExecutor.java:322)
	at com.kms.katalon.core.main.TestCaseExecutor.processExecutionPhase(TestCaseExecutor.java:301)
	at com.kms.katalon.core.main.TestCaseExecutor.accessMainPhase(TestCaseExecutor.java:293)
	at com.kms.katalon.core.main.TestCaseExecutor.execute(TestCaseExecutor.java:227)
	at com.kms.katalon.core.main.TestSuiteExecutor.accessTestCaseMainPhase(TestSuiteExecutor.java:129)
	at com.kms.katalon.core.main.TestSuiteExecutor.accessTestSuiteMainPhase(TestSuiteExecutor.java:112)
	at com.kms.katalon.core.main.TestSuiteExecutor.execute(TestSuiteExecutor.java:81)
	at com.kms.katalon.core.main.TestCaseMain.startTestSuite(TestCaseMain.java:157)
	at com.kms.katalon.core.main.TestCaseMain$startTestSuite$0.call(Unknown Source)
	at TempTestSuite1555574673738.run(TempTestSuite1555574673738.groovy:35)


2019-04-18 11:06:43 - [TEST_STEP][PASSED] - I want to open browser: I want to open browser

2019-04-18 11:06:43 - [MESSAGE][INFO] - Starting 'Chrome' driver

2019-04-18 11:06:46 - [MESSAGE][PASSED] - Browser is opened with url: ''

2019-04-18 11:06:46 - [MESSAGE][PASSED] - Delete all cookies successfully

2019-04-18 11:06:46 - [MESSAGE][PASSED] - I want to open browser

2019-04-18 11:06:46 - [TEST_STEP][PASSED] - I want to maximize window: I want to maximize window

2019-04-18 11:06:47 - [MESSAGE][PASSED] - Current window maximized

2019-04-18 11:06:47 - [MESSAGE][PASSED] - I want to maximize window

2019-04-18 11:06:47 - [TEST_STEP][PASSED] - I want to go to OOB: I want to go to OOB

2019-04-18 11:06:57 - [MESSAGE][PASSED] - Navigate to 'http://pmoadmin:P@ssw0rd@dev5.cloudapp.net/OOB2/' successfully

2019-04-18 11:06:57 - [MESSAGE][PASSED] - I want to go to OOB

2019-04-18 11:06:57 - [TEST_STEP][PASSED] - I want to verify I'm in OOB main page: I want to verify I'm in OOB main page

2019-04-18 11:06:57 - [MESSAGE][WARNING] - Timeout '0' is invalid. Using default page load timeout: '30'

2019-04-18 11:06:57 - [MESSAGE][PASSED] - Object 'Object Repository/OOB-Objects/OOB-Side-Bar' is present

2019-04-18 11:06:57 - [MESSAGE][PASSED] - I want to verify I'm in OOB main page

2019-04-18 11:06:57 - [TEST_STEP][PASSED] - I want to go to ideas list page: I want to go to ideas list page

2019-04-18 11:07:01 - [MESSAGE][PASSED] - Object: 'Object Repository/OOB-Objects/IdeasList' is clicked on

2019-04-18 11:07:01 - [MESSAGE][PASSED] - I want to go to ideas list page

2019-04-18 11:07:01 - [TEST_STEP][PASSED] - I want to click on Add New button: I want to click on Add New button

2019-04-18 11:07:02 - [MESSAGE][PASSED] - Object: 'Object Repository/PMO-Objects/Page_Project Request/Add-New-Project-Request' is clicked on

2019-04-18 11:07:02 - [MESSAGE][PASSED] - I want to click on Add New button

2019-04-18 11:07:02 - [TEST_STEP][PASSED] - I want to fill idea name field: I want to fill idea name field

2019-04-18 11:07:03 - [MESSAGE][PASSED] - Text 'Automation3920' is set on object 'Object Repository/PMO-Objects/Page_Add New Project Request/Idea-Name-Field'

2019-04-18 11:07:03 - [MESSAGE][PASSED] - I want to fill idea name field

2019-04-18 11:07:03 - [TEST_STEP][PASSED] - I want to select expected start date: I want to select expected start date

2019-04-18 11:07:03 - [MESSAGE][PASSED] - Object: 'Object Repository/PMO-Objects/Page_Add New Project Request/GREGORIAN-Start-date-Check-Box' is clicked on

2019-04-18 11:07:03 - [MESSAGE][PASSED] - Object: 'Object Repository/PMO-Objects/Page_Add New Project Request/Excepted-Start-Date' is clicked on

2019-04-18 11:07:03 - [MESSAGE][PASSED] - Object: 'Object Repository/PMO-Objects/Page_Add New Project Request/Day26' is hovered

2019-04-18 11:07:03 - [MESSAGE][PASSED] - Object: 'Object Repository/PMO-Objects/Page_Add New Project Request/Day26' is clicked on

2019-04-18 11:07:03 - [MESSAGE][PASSED] - I want to select expected start date

2019-04-18 11:07:03 - [TEST_STEP][FAILED] - I want to select expected end date: I want to select expected end date FAILED.
Reason:
com.kms.katalon.core.exception.StepFailedException: Unable to click on object 'Object Repository/PMO-Objects/Page_Add New Project Request/Excpected-End-Date'
	at com.kms.katalon.core.webui.keyword.internal.WebUIKeywordMain.stepFailed(WebUIKeywordMain.groovy:64)
	at com.kms.katalon.core.webui.keyword.internal.WebUIKeywordMain.runKeyword(WebUIKeywordMain.groovy:26)
	at com.kms.katalon.core.webui.keyword.builtin.ClickKeyword.click(ClickKeyword.groovy:86)
	at com.kms.katalon.core.webui.keyword.builtin.ClickKeyword.execute(ClickKeyword.groovy:67)
	at com.kms.katalon.core.keyword.internal.KeywordExecutor.executeKeywordForPlatform(KeywordExecutor.groovy:56)
	at com.kms.katalon.core.webui.keyword.WebUiBuiltInKeywords.click(WebUiBuiltInKeywords.groovy:616)
	at com.kms.katalon.core.webui.keyword.WebUiBuiltInKeywords$click$5.call(Unknown Source)
	at com.pmo.steps.AddIdeaSteps.selectEndDate(AddIdeaSteps.groovy:156)
	at ✽.I want to select expected end date(C:/Users/HP/git/PMO-Web-Application/Include/features/Main-Features/007-Delete-Attachment.feature:15)
Caused by: org.openqa.selenium.WebDriverException: unknown error: Element <input type="text" id="TxtExceptedEndDate" name="excpectedEndDate" class="form-control datepicker-mix is-calendarsPicker" value="" readonly="" data-year-range="1980:c+20"> is not clickable at point (803, 350). Other element would receive the click: <a href="javascript:void(0)" class="jd2458574.5" title="اختر اثنين, 4 ...">1</a>
  (Session info: chrome=73.0.3683.103)
  (Driver info: chromedriver=2.43.600210 (68dcf5eebde37173d4027fa8635e332711d2874a),platform=Windows NT 10.0.17134 x86_64) (WARNING: The server did not provide any stacktrace information)
Command duration or timeout: 0 milliseconds
Build info: version: '3.7.1', revision: '8a0099a', time: '2017-11-06T21:07:36.161Z'
System info: host: 'HP45G5', ip: '10.152.214.182', os.name: 'Windows 10', os.arch: 'amd64', os.version: '10.0', java.version: '1.8.0_181'
Driver info: com.kms.katalon.selenium.driver.CChromeDriver
Capabilities {acceptInsecureCerts: false, acceptSslCerts: false, applicationCacheEnabled: false, browserConnectionEnabled: false, browserName: chrome, chrome: {chromedriverVersion: 2.43.600210 (68dcf5eebde371..., userDataDir: C:\Users\HP\AppData\Local\T...}, cssSelectorsEnabled: true, databaseEnabled: false, goog:chromeOptions: {debuggerAddress: localhost:52848}, handlesAlerts: true, hasTouchScreen: false, javascriptEnabled: true, locationContextEnabled: true, mobileEmulationEnabled: false, nativeEvents: true, networkConnectionEnabled: false, pageLoadStrategy: normal, platform: XP, platformName: XP, rotatable: false, setWindowRect: true, takesHeapSnapshot: true, takesScreenshot: true, unexpectedAlertBehaviour: , unhandledPromptBehavior: , version: 73.0.3683.103, webStorageEnabled: true}
Session ID: 37e0d1e0f42be4981fb619bda792e869
	at org.openqa.selenium.remote.ErrorHandler.createThrowable(ErrorHandler.java:214)
	at org.openqa.selenium.remote.ErrorHandler.throwIfResponseFailed(ErrorHandler.java:166)
	at org.openqa.selenium.remote.http.JsonHttpResponseCodec.reconstructValue(JsonHttpResponseCodec.java:40)
	at org.openqa.selenium.remote.http.AbstractHttpResponseCodec.decode(AbstractHttpResponseCodec.java:80)
	at org.openqa.selenium.remote.http.AbstractHttpResponseCodec.decode(AbstractHttpResponseCodec.java:44)
	at org.openqa.selenium.remote.HttpCommandExecutor.execute(HttpCommandExecutor.java:164)
	at org.openqa.selenium.remote.service.DriverCommandExecutor.execute(DriverCommandExecutor.java:83)
	at org.openqa.selenium.remote.RemoteWebDriver.execute(RemoteWebDriver.java:600)
	at com.kms.katalon.selenium.driver.CChromeDriver.execute(CChromeDriver.java:20)
	at org.openqa.selenium.remote.RemoteWebElement.execute(RemoteWebElement.java:279)
	at org.openqa.selenium.remote.RemoteWebElement.click(RemoteWebElement.java:83)
	at com.kms.katalon.core.webui.keyword.builtin.ClickKeyword$_click_closure1.doCall(ClickKeyword.groovy:79)
	at com.kms.katalon.core.webui.keyword.builtin.ClickKeyword$_click_closure1.call(ClickKeyword.groovy)
	at com.kms.katalon.core.webui.keyword.internal.WebUIKeywordMain.runKeyword(WebUIKeywordMain.groovy:20)
	at com.kms.katalon.core.webui.keyword.builtin.ClickKeyword.click(ClickKeyword.groovy:86)
	at com.kms.katalon.core.webui.keyword.builtin.ClickKeyword.execute(ClickKeyword.groovy:67)
	at com.kms.katalon.core.keyword.internal.KeywordExecutor.executeKeywordForPlatform(KeywordExecutor.groovy:56)
	at com.kms.katalon.core.webui.keyword.WebUiBuiltInKeywords.click(WebUiBuiltInKeywords.groovy:616)
	at com.kms.katalon.core.webui.keyword.WebUiBuiltInKeywords$click$5.call(Unknown Source)
	at com.pmo.steps.AddIdeaSteps.selectEndDate(AddIdeaSteps.groovy:156)
	at cucumber.runtime.Utils$1.call(Utils.java:26)
	at cucumber.runtime.Timeout.timeout(Timeout.java:16)
	at cucumber.runtime.Utils.invoke(Utils.java:20)
	at cucumber.runtime.java.JavaStepDefinition.execute(JavaStepDefinition.java:48)
	at cucumber.runtime.PickleStepDefinitionMatch.runStep(PickleStepDefinitionMatch.java:50)
	at cucumber.runner.TestStep.executeStep(TestStep.java:55)
	at cucumber.runner.TestStep.run(TestStep.java:42)
	at cucumber.runner.PickleStepTestStep.run(PickleStepTestStep.java:53)
	at cucumber.runner.TestCase.run(TestCase.java:47)
	at cucumber.runner.Runner.runPickle(Runner.java:44)
	at cucumber.runtime.Runtime.runFeature(Runtime.java:120)
	at cucumber.runtime.Runtime.run(Runtime.java:106)
	at cucumber.api.cli.Main.run(Main.java:35)
	at cucumber.api.cli.Main$run.call(Unknown Source)
	at com.kms.katalon.core.cucumber.keyword.CucumberBuiltinKeywords$_runFeatureFile_closure1.doCall(CucumberBuiltinKeywords.groovy:76)
	at com.kms.katalon.core.cucumber.keyword.CucumberBuiltinKeywords$_runFeatureFile_closure1.doCall(CucumberBuiltinKeywords.groovy)
	at com.kms.katalon.core.keyword.internal.KeywordMain.runKeyword(KeywordMain.groovy:66)
	at com.kms.katalon.core.keyword.internal.KeywordMain$runKeyword.call(Unknown Source)
	at com.kms.katalon.core.cucumber.keyword.CucumberBuiltinKeywords.runFeatureFile(CucumberBuiltinKeywords.groovy:46)
	at com.kms.katalon.core.cucumber.keyword.CucumberBuiltinKeywords$runFeatureFile$0.callStatic(Unknown Source)
	at com.kms.katalon.core.cucumber.keyword.CucumberBuiltinKeywords.runFeatureFile(CucumberBuiltinKeywords.groovy:101)
	at com.kms.katalon.core.cucumber.keyword.CucumberBuiltinKeywords$runFeatureFile.call(Unknown Source)
	at Script1554987749103.run(Script1554987749103.groovy:16)
	at com.kms.katalon.core.main.ScriptEngine.run(ScriptEngine.java:194)
	at com.kms.katalon.core.main.ScriptEngine.runScriptAsRawText(ScriptEngine.java:119)
	at com.kms.katalon.core.main.TestCaseExecutor.runScript(TestCaseExecutor.java:331)
	at com.kms.katalon.core.main.TestCaseExecutor.doExecute(TestCaseExecutor.java:322)
	at com.kms.katalon.core.main.TestCaseExecutor.processExecutionPhase(TestCaseExecutor.java:301)
	at com.kms.katalon.core.main.TestCaseExecutor.accessMainPhase(TestCaseExecutor.java:293)
	at com.kms.katalon.core.main.TestCaseExecutor.execute(TestCaseExecutor.java:227)
	at com.kms.katalon.core.main.TestSuiteExecutor.accessTestCaseMainPhase(TestSuiteExecutor.java:129)
	at com.kms.katalon.core.main.TestSuiteExecutor.accessTestSuiteMainPhase(TestSuiteExecutor.java:112)
	at com.kms.katalon.core.main.TestSuiteExecutor.execute(TestSuiteExecutor.java:81)
	at com.kms.katalon.core.main.TestCaseMain.startTestSuite(TestCaseMain.java:157)
	at com.kms.katalon.core.main.TestCaseMain$startTestSuite$0.call(Unknown Source)
	at TempTestSuite1555574673738.run(TempTestSuite1555574673738.groovy:35)


2019-04-18 11:07:03 - [MESSAGE][PASSED] - Object 'Object Repository/PMO-Objects/Page_Add New Project Request/GREGORIAN-End-Date-Check-Box' is visible

2019-04-18 11:07:03 - [MESSAGE][PASSED] - Object: 'Object Repository/PMO-Objects/Page_Add New Project Request/GREGORIAN-End-Date-Check-Box' is clicked on

2019-04-18 11:07:03 - [MESSAGE][PASSED] - Object: 'Object Repository/PMO-Objects/Page_Add New Project Request/Excpected-End-Date' is hovered

2019-04-18 11:07:04 - [MESSAGE][FAILED] - Unable to click on object 'Object Repository/PMO-Objects/Page_Add New Project Request/Excpected-End-Date' (Root cause: com.kms.katalon.core.exception.StepFailedException: Unable to click on object 'Object Repository/PMO-Objects/Page_Add New Project Request/Excpected-End-Date'
	at com.kms.katalon.core.webui.keyword.internal.WebUIKeywordMain.stepFailed(WebUIKeywordMain.groovy:64)
	at com.kms.katalon.core.webui.keyword.internal.WebUIKeywordMain.runKeyword(WebUIKeywordMain.groovy:26)
	at com.kms.katalon.core.webui.keyword.builtin.ClickKeyword.click(ClickKeyword.groovy:86)
	at com.kms.katalon.core.webui.keyword.builtin.ClickKeyword.execute(ClickKeyword.groovy:67)
	at com.kms.katalon.core.keyword.internal.KeywordExecutor.executeKeywordForPlatform(KeywordExecutor.groovy:56)
	at com.kms.katalon.core.webui.keyword.WebUiBuiltInKeywords.click(WebUiBuiltInKeywords.groovy:616)
	at com.kms.katalon.core.webui.keyword.WebUiBuiltInKeywords$click$5.call(Unknown Source)
	at com.pmo.steps.AddIdeaSteps.selectEndDate(AddIdeaSteps.groovy:156)
	at cucumber.runtime.Utils$1.call(Utils.java:26)
	at cucumber.runtime.Timeout.timeout(Timeout.java:16)
	at cucumber.runtime.Utils.invoke(Utils.java:20)
	at cucumber.runtime.java.JavaStepDefinition.execute(JavaStepDefinition.java:48)
	at cucumber.runtime.PickleStepDefinitionMatch.runStep(PickleStepDefinitionMatch.java:50)
	at cucumber.runner.TestStep.executeStep(TestStep.java:55)
	at cucumber.runner.TestStep.run(TestStep.java:42)
	at cucumber.runner.PickleStepTestStep.run(PickleStepTestStep.java:53)
	at cucumber.runner.TestCase.run(TestCase.java:47)
	at cucumber.runner.Runner.runPickle(Runner.java:44)
	at cucumber.runtime.Runtime.runFeature(Runtime.java:120)
	at cucumber.runtime.Runtime.run(Runtime.java:106)
	at cucumber.api.cli.Main.run(Main.java:35)
	at cucumber.api.cli.Main$run.call(Unknown Source)
	at com.kms.katalon.core.cucumber.keyword.CucumberBuiltinKeywords$_runFeatureFile_closure1.doCall(CucumberBuiltinKeywords.groovy:76)
	at com.kms.katalon.core.cucumber.keyword.CucumberBuiltinKeywords$_runFeatureFile_closure1.doCall(CucumberBuiltinKeywords.groovy)
	at com.kms.katalon.core.keyword.internal.KeywordMain.runKeyword(KeywordMain.groovy:66)
	at com.kms.katalon.core.keyword.internal.KeywordMain$runKeyword.call(Unknown Source)
	at com.kms.katalon.core.cucumber.keyword.CucumberBuiltinKeywords.runFeatureFile(CucumberBuiltinKeywords.groovy:46)
	at com.kms.katalon.core.cucumber.keyword.CucumberBuiltinKeywords$runFeatureFile$0.callStatic(Unknown Source)
	at com.kms.katalon.core.cucumber.keyword.CucumberBuiltinKeywords.runFeatureFile(CucumberBuiltinKeywords.groovy:101)
	at com.kms.katalon.core.cucumber.keyword.CucumberBuiltinKeywords$runFeatureFile.call(Unknown Source)
	at 007-Delete-Attachemnt.run(007-Delete-Attachemnt:16)
	at com.kms.katalon.core.main.ScriptEngine.run(ScriptEngine.java:194)
	at com.kms.katalon.core.main.ScriptEngine.runScriptAsRawText(ScriptEngine.java:119)
	at com.kms.katalon.core.main.TestCaseExecutor.runScript(TestCaseExecutor.java:331)
	at com.kms.katalon.core.main.TestCaseExecutor.doExecute(TestCaseExecutor.java:322)
	at com.kms.katalon.core.main.TestCaseExecutor.processExecutionPhase(TestCaseExecutor.java:301)
	at com.kms.katalon.core.main.TestCaseExecutor.accessMainPhase(TestCaseExecutor.java:293)
	at com.kms.katalon.core.main.TestCaseExecutor.execute(TestCaseExecutor.java:227)
	at com.kms.katalon.core.main.TestSuiteExecutor.accessTestCaseMainPhase(TestSuiteExecutor.java:129)
	at com.kms.katalon.core.main.TestSuiteExecutor.accessTestSuiteMainPhase(TestSuiteExecutor.java:112)
	at com.kms.katalon.core.main.TestSuiteExecutor.execute(TestSuiteExecutor.java:81)
	at com.kms.katalon.core.main.TestCaseMain.startTestSuite(TestCaseMain.java:157)
	at com.kms.katalon.core.main.TestCaseMain$startTestSuite$0.call(Unknown Source)
	at TempTestSuite1555574673738.run(TempTestSuite1555574673738.groovy:35)
Caused by: org.openqa.selenium.WebDriverException: unknown error: Element <input type="text" id="TxtExceptedEndDate" name="excpectedEndDate" class="form-control datepicker-mix is-calendarsPicker" value="" readonly="" data-year-range="1980:c+20"> is not clickable at point (803, 350). Other element would receive the click: <a href="javascript:void(0)" class="jd2458574.5" title="اختر اثنين, 4 ...">1</a>
  (Session info: chrome=73.0.3683.103)
  (Driver info: chromedriver=2.43.600210 (68dcf5eebde37173d4027fa8635e332711d2874a),platform=Windows NT 10.0.17134 x86_64) (WARNING: The server did not provide any stacktrace information)
Command duration or timeout: 0 milliseconds
Build info: version: '3.7.1', revision: '8a0099a', time: '2017-11-06T21:07:36.161Z'
System info: host: 'HP45G5', ip: '10.152.214.182', os.name: 'Windows 10', os.arch: 'amd64', os.version: '10.0', java.version: '1.8.0_181'
Driver info: com.kms.katalon.selenium.driver.CChromeDriver
Capabilities {acceptInsecureCerts: false, acceptSslCerts: false, applicationCacheEnabled: false, browserConnectionEnabled: false, browserName: chrome, chrome: {chromedriverVersion: 2.43.600210 (68dcf5eebde371..., userDataDir: C:\Users\HP\AppData\Local\T...}, cssSelectorsEnabled: true, databaseEnabled: false, goog:chromeOptions: {debuggerAddress: localhost:52848}, handlesAlerts: true, hasTouchScreen: false, javascriptEnabled: true, locationContextEnabled: true, mobileEmulationEnabled: false, nativeEvents: true, networkConnectionEnabled: false, pageLoadStrategy: normal, platform: XP, platformName: XP, rotatable: false, setWindowRect: true, takesHeapSnapshot: true, takesScreenshot: true, unexpectedAlertBehaviour: , unhandledPromptBehavior: , version: 73.0.3683.103, webStorageEnabled: true}
Session ID: 37e0d1e0f42be4981fb619bda792e869
	at org.openqa.selenium.remote.ErrorHandler.createThrowable(ErrorHandler.java:214)
	at org.openqa.selenium.remote.ErrorHandler.throwIfResponseFailed(ErrorHandler.java:166)
	at org.openqa.selenium.remote.http.JsonHttpResponseCodec.reconstructValue(JsonHttpResponseCodec.java:40)
	at org.openqa.selenium.remote.http.AbstractHttpResponseCodec.decode(AbstractHttpResponseCodec.java:80)
	at org.openqa.selenium.remote.http.AbstractHttpResponseCodec.decode(AbstractHttpResponseCodec.java:44)
	at org.openqa.selenium.remote.HttpCommandExecutor.execute(HttpCommandExecutor.java:164)
	at org.openqa.selenium.remote.service.DriverCommandExecutor.execute(DriverCommandExecutor.java:83)
	at org.openqa.selenium.remote.RemoteWebDriver.execute(RemoteWebDriver.java:600)
	at com.kms.katalon.selenium.driver.CChromeDriver.execute(CChromeDriver.java:20)
	at org.openqa.selenium.remote.RemoteWebElement.execute(RemoteWebElement.java:279)
	at org.openqa.selenium.remote.RemoteWebElement.click(RemoteWebElement.java:83)
	at com.kms.katalon.core.webui.keyword.builtin.ClickKeyword$_click_closure1.doCall(ClickKeyword.groovy:79)
	at com.kms.katalon.core.webui.keyword.builtin.ClickKeyword$_click_closure1.call(ClickKeyword.groovy)
	at com.kms.katalon.core.webui.keyword.internal.WebUIKeywordMain.runKeyword(WebUIKeywordMain.groovy:20)
	at com.kms.katalon.core.webui.keyword.builtin.ClickKeyword.click(ClickKeyword.groovy:86)
	at com.kms.katalon.core.webui.keyword.builtin.ClickKeyword.execute(ClickKeyword.groovy:67)
	at com.kms.katalon.core.keyword.internal.KeywordExecutor.executeKeywordForPlatform(KeywordExecutor.groovy:56)
	at com.kms.katalon.core.webui.keyword.WebUiBuiltInKeywords.click(WebUiBuiltInKeywords.groovy:616)
	at com.kms.katalon.core.webui.keyword.WebUiBuiltInKeywords$click$5.call(Unknown Source)
	at com.pmo.steps.AddIdeaSteps.selectEndDate(AddIdeaSteps.groovy:156)
	at cucumber.runtime.Utils$1.call(Utils.java:26)
	at cucumber.runtime.Timeout.timeout(Timeout.java:16)
	at cucumber.runtime.Utils.invoke(Utils.java:20)
	at cucumber.runtime.java.JavaStepDefinition.execute(JavaStepDefinition.java:48)
	at cucumber.runtime.PickleStepDefinitionMatch.runStep(PickleStepDefinitionMatch.java:50)
	at cucumber.runner.TestStep.executeStep(TestStep.java:55)
	at cucumber.runner.TestStep.run(TestStep.java:42)
	at cucumber.runner.PickleStepTestStep.run(PickleStepTestStep.java:53)
	at cucumber.runner.TestCase.run(TestCase.java:47)
	at cucumber.runner.Runner.runPickle(Runner.java:44)
	at cucumber.runtime.Runtime.runFeature(Runtime.java:120)
	at cucumber.runtime.Runtime.run(Runtime.java:106)
	at cucumber.api.cli.Main.run(Main.java:35)
	at cucumber.api.cli.Main$run.call(Unknown Source)
	at com.kms.katalon.core.cucumber.keyword.CucumberBuiltinKeywords$_runFeatureFile_closure1.doCall(CucumberBuiltinKeywords.groovy:76)
	at com.kms.katalon.core.cucumber.keyword.CucumberBuiltinKeywords$_runFeatureFile_closure1.doCall(CucumberBuiltinKeywords.groovy)
	at com.kms.katalon.core.keyword.internal.KeywordMain.runKeyword(KeywordMain.groovy:66)
	at com.kms.katalon.core.keyword.internal.KeywordMain$runKeyword.call(Unknown Source)
	at com.kms.katalon.core.cucumber.keyword.CucumberBuiltinKeywords.runFeatureFile(CucumberBuiltinKeywords.groovy:46)
	at com.kms.katalon.core.cucumber.keyword.CucumberBuiltinKeywords$runFeatureFile$0.callStatic(Unknown Source)
	at com.kms.katalon.core.cucumber.keyword.CucumberBuiltinKeywords.runFeatureFile(CucumberBuiltinKeywords.groovy:101)
	at com.kms.katalon.core.cucumber.keyword.CucumberBuiltinKeywords$runFeatureFile.call(Unknown Source)
	at Script1554987749103.run(Script1554987749103.groovy:16)
	... 13 more
)
[[ATTACHMENT|C:\\Users\\HP\\git\\PMO-Web-Application\\Reports\\First-Test-Suite\\20190418_110433\\1555574823979.png]]

2019-04-18 11:07:04 - [MESSAGE][FAILED] - I want to select expected end date FAILED.
Reason:
com.kms.katalon.core.exception.StepFailedException: Unable to click on object 'Object Repository/PMO-Objects/Page_Add New Project Request/Excpected-End-Date'
	at com.kms.katalon.core.webui.keyword.internal.WebUIKeywordMain.stepFailed(WebUIKeywordMain.groovy:64)
	at com.kms.katalon.core.webui.keyword.internal.WebUIKeywordMain.runKeyword(WebUIKeywordMain.groovy:26)
	at com.kms.katalon.core.webui.keyword.builtin.ClickKeyword.click(ClickKeyword.groovy:86)
	at com.kms.katalon.core.webui.keyword.builtin.ClickKeyword.execute(ClickKeyword.groovy:67)
	at com.kms.katalon.core.keyword.internal.KeywordExecutor.executeKeywordForPlatform(KeywordExecutor.groovy:56)
	at com.kms.katalon.core.webui.keyword.WebUiBuiltInKeywords.click(WebUiBuiltInKeywords.groovy:616)
	at com.kms.katalon.core.webui.keyword.WebUiBuiltInKeywords$click$5.call(Unknown Source)
	at com.pmo.steps.AddIdeaSteps.selectEndDate(AddIdeaSteps.groovy:156)
	at ✽.I want to select expected end date(C:/Users/HP/git/PMO-Web-Application/Include/features/Main-Features/007-Delete-Attachment.feature:15)
Caused by: org.openqa.selenium.WebDriverException: unknown error: Element <input type="text" id="TxtExceptedEndDate" name="excpectedEndDate" class="form-control datepicker-mix is-calendarsPicker" value="" readonly="" data-year-range="1980:c+20"> is not clickable at point (803, 350). Other element would receive the click: <a href="javascript:void(0)" class="jd2458574.5" title="اختر اثنين, 4 ...">1</a>
  (Session info: chrome=73.0.3683.103)
  (Driver info: chromedriver=2.43.600210 (68dcf5eebde37173d4027fa8635e332711d2874a),platform=Windows NT 10.0.17134 x86_64) (WARNING: The server did not provide any stacktrace information)
Command duration or timeout: 0 milliseconds
Build info: version: '3.7.1', revision: '8a0099a', time: '2017-11-06T21:07:36.161Z'
System info: host: 'HP45G5', ip: '10.152.214.182', os.name: 'Windows 10', os.arch: 'amd64', os.version: '10.0', java.version: '1.8.0_181'
Driver info: com.kms.katalon.selenium.driver.CChromeDriver
Capabilities {acceptInsecureCerts: false, acceptSslCerts: false, applicationCacheEnabled: false, browserConnectionEnabled: false, browserName: chrome, chrome: {chromedriverVersion: 2.43.600210 (68dcf5eebde371..., userDataDir: C:\Users\HP\AppData\Local\T...}, cssSelectorsEnabled: true, databaseEnabled: false, goog:chromeOptions: {debuggerAddress: localhost:52848}, handlesAlerts: true, hasTouchScreen: false, javascriptEnabled: true, locationContextEnabled: true, mobileEmulationEnabled: false, nativeEvents: true, networkConnectionEnabled: false, pageLoadStrategy: normal, platform: XP, platformName: XP, rotatable: false, setWindowRect: true, takesHeapSnapshot: true, takesScreenshot: true, unexpectedAlertBehaviour: , unhandledPromptBehavior: , version: 73.0.3683.103, webStorageEnabled: true}
Session ID: 37e0d1e0f42be4981fb619bda792e869
	at org.openqa.selenium.remote.ErrorHandler.createThrowable(ErrorHandler.java:214)
	at org.openqa.selenium.remote.ErrorHandler.throwIfResponseFailed(ErrorHandler.java:166)
	at org.openqa.selenium.remote.http.JsonHttpResponseCodec.reconstructValue(JsonHttpResponseCodec.java:40)
	at org.openqa.selenium.remote.http.AbstractHttpResponseCodec.decode(AbstractHttpResponseCodec.java:80)
	at org.openqa.selenium.remote.http.AbstractHttpResponseCodec.decode(AbstractHttpResponseCodec.java:44)
	at org.openqa.selenium.remote.HttpCommandExecutor.execute(HttpCommandExecutor.java:164)
	at org.openqa.selenium.remote.service.DriverCommandExecutor.execute(DriverCommandExecutor.java:83)
	at org.openqa.selenium.remote.RemoteWebDriver.execute(RemoteWebDriver.java:600)
	at com.kms.katalon.selenium.driver.CChromeDriver.execute(CChromeDriver.java:20)
	at org.openqa.selenium.remote.RemoteWebElement.execute(RemoteWebElement.java:279)
	at org.openqa.selenium.remote.RemoteWebElement.click(RemoteWebElement.java:83)
	at com.kms.katalon.core.webui.keyword.builtin.ClickKeyword$_click_closure1.doCall(ClickKeyword.groovy:79)
	at com.kms.katalon.core.webui.keyword.builtin.ClickKeyword$_click_closure1.call(ClickKeyword.groovy)
	at com.kms.katalon.core.webui.keyword.internal.WebUIKeywordMain.runKeyword(WebUIKeywordMain.groovy:20)
	at com.kms.katalon.core.webui.keyword.builtin.ClickKeyword.click(ClickKeyword.groovy:86)
	at com.kms.katalon.core.webui.keyword.builtin.ClickKeyword.execute(ClickKeyword.groovy:67)
	at com.kms.katalon.core.keyword.internal.KeywordExecutor.executeKeywordForPlatform(KeywordExecutor.groovy:56)
	at com.kms.katalon.core.webui.keyword.WebUiBuiltInKeywords.click(WebUiBuiltInKeywords.groovy:616)
	at com.kms.katalon.core.webui.keyword.WebUiBuiltInKeywords$click$5.call(Unknown Source)
	at com.pmo.steps.AddIdeaSteps.selectEndDate(AddIdeaSteps.groovy:156)
	at cucumber.runtime.Utils$1.call(Utils.java:26)
	at cucumber.runtime.Timeout.timeout(Timeout.java:16)
	at cucumber.runtime.Utils.invoke(Utils.java:20)
	at cucumber.runtime.java.JavaStepDefinition.execute(JavaStepDefinition.java:48)
	at cucumber.runtime.PickleStepDefinitionMatch.runStep(PickleStepDefinitionMatch.java:50)
	at cucumber.runner.TestStep.executeStep(TestStep.java:55)
	at cucumber.runner.TestStep.run(TestStep.java:42)
	at cucumber.runner.PickleStepTestStep.run(PickleStepTestStep.java:53)
	at cucumber.runner.TestCase.run(TestCase.java:47)
	at cucumber.runner.Runner.runPickle(Runner.java:44)
	at cucumber.runtime.Runtime.runFeature(Runtime.java:120)
	at cucumber.runtime.Runtime.run(Runtime.java:106)
	at cucumber.api.cli.Main.run(Main.java:35)
	at cucumber.api.cli.Main$run.call(Unknown Source)
	at com.kms.katalon.core.cucumber.keyword.CucumberBuiltinKeywords$_runFeatureFile_closure1.doCall(CucumberBuiltinKeywords.groovy:76)
	at com.kms.katalon.core.cucumber.keyword.CucumberBuiltinKeywords$_runFeatureFile_closure1.doCall(CucumberBuiltinKeywords.groovy)
	at com.kms.katalon.core.keyword.internal.KeywordMain.runKeyword(KeywordMain.groovy:66)
	at com.kms.katalon.core.keyword.internal.KeywordMain$runKeyword.call(Unknown Source)
	at com.kms.katalon.core.cucumber.keyword.CucumberBuiltinKeywords.runFeatureFile(CucumberBuiltinKeywords.groovy:46)
	at com.kms.katalon.core.cucumber.keyword.CucumberBuiltinKeywords$runFeatureFile$0.callStatic(Unknown Source)
	at com.kms.katalon.core.cucumber.keyword.CucumberBuiltinKeywords.runFeatureFile(CucumberBuiltinKeywords.groovy:101)
	at com.kms.katalon.core.cucumber.keyword.CucumberBuiltinKeywords$runFeatureFile.call(Unknown Source)
	at Script1554987749103.run(Script1554987749103.groovy:16)
	at com.kms.katalon.core.main.ScriptEngine.run(ScriptEngine.java:194)
	at com.kms.katalon.core.main.ScriptEngine.runScriptAsRawText(ScriptEngine.java:119)
	at com.kms.katalon.core.main.TestCaseExecutor.runScript(TestCaseExecutor.java:331)
	at com.kms.katalon.core.main.TestCaseExecutor.doExecute(TestCaseExecutor.java:322)
	at com.kms.katalon.core.main.TestCaseExecutor.processExecutionPhase(TestCaseExecutor.java:301)
	at com.kms.katalon.core.main.TestCaseExecutor.accessMainPhase(TestCaseExecutor.java:293)
	at com.kms.katalon.core.main.TestCaseExecutor.execute(TestCaseExecutor.java:227)
	at com.kms.katalon.core.main.TestSuiteExecutor.accessTestCaseMainPhase(TestSuiteExecutor.java:129)
	at com.kms.katalon.core.main.TestSuiteExecutor.accessTestSuiteMainPhase(TestSuiteExecutor.java:112)
	at com.kms.katalon.core.main.TestSuiteExecutor.execute(TestSuiteExecutor.java:81)
	at com.kms.katalon.core.main.TestCaseMain.startTestSuite(TestCaseMain.java:157)
	at com.kms.katalon.core.main.TestCaseMain$startTestSuite$0.call(Unknown Source)
	at TempTestSuite1555574673738.run(TempTestSuite1555574673738.groovy:35)


2019-04-18 11:07:04 - [TEST_STEP][NOT_RUN] - I want to fill idea objective field: I want to fill idea objective field

2019-04-18 11:07:04 - [MESSAGE][NOT_RUN] - I want to fill idea objective field

2019-04-18 11:07:04 - [TEST_STEP][NOT_RUN] - I want to fill expected budget field: I want to fill expected budget field

2019-04-18 11:07:04 - [MESSAGE][NOT_RUN] - I want to fill expected budget field

2019-04-18 11:07:04 - [TEST_STEP][NOT_RUN] - I want to fill Notes field: I want to fill Notes field

2019-04-18 11:07:04 - [MESSAGE][NOT_RUN] - I want to fill Notes field

2019-04-18 11:07:04 - [TEST_STEP][NOT_RUN] - I want to click save idea button: I want to click save idea button

2019-04-18 11:07:04 - [MESSAGE][NOT_RUN] - I want to click save idea button

2019-04-18 11:07:04 - [TEST_STEP][NOT_RUN] - I want to wait for page load: I want to wait for page load

2019-04-18 11:07:04 - [MESSAGE][NOT_RUN] - I want to wait for page load

2019-04-18 11:07:04 - [TEST_STEP][NOT_RUN] - I want to go to ideas list page: I want to go to ideas list page

2019-04-18 11:07:04 - [MESSAGE][NOT_RUN] - I want to go to ideas list page

2019-04-18 11:07:04 - [TEST_STEP][NOT_RUN] - I want to search on saved idea: I want to search on saved idea

2019-04-18 11:07:04 - [MESSAGE][NOT_RUN] - I want to search on saved idea

2019-04-18 11:07:04 - [TEST_STEP][NOT_RUN] - I want to click on edit idea icon: I want to click on edit idea icon

2019-04-18 11:07:04 - [MESSAGE][NOT_RUN] - I want to click on edit idea icon

2019-04-18 11:07:04 - [TEST_STEP][NOT_RUN] - I want to add Attachment: I want to add Attachment

2019-04-18 11:07:04 - [MESSAGE][NOT_RUN] - I want to add Attachment

2019-04-18 11:07:04 - [TEST_STEP][NOT_RUN] - I want to refresh page: I want to refresh page

2019-04-18 11:07:04 - [MESSAGE][NOT_RUN] - I want to refresh page

2019-04-18 11:07:04 - [TEST_STEP][NOT_RUN] - I want to click save idea button: I want to click save idea button

2019-04-18 11:07:04 - [MESSAGE][NOT_RUN] - I want to click save idea button

2019-04-18 11:07:04 - [TEST_STEP][NOT_RUN] - I want to delete attachment: I want to delete attachment

2019-04-18 11:07:04 - [MESSAGE][NOT_RUN] - I want to delete attachment

2019-04-18 11:07:04 - [TEST_STEP][NOT_RUN] - I want to verify document removed: I want to verify document removed

2019-04-18 11:07:04 - [MESSAGE][NOT_RUN] - I want to verify document removed

2019-04-18 11:07:04 - [TEST_STEP][NOT_RUN] - I want to close browser: I want to close browser

2019-04-18 11:07:04 - [MESSAGE][NOT_RUN] - I want to close browser

2019-04-18 11:07:04 - [MESSAGE][FAILED] - Feature file 'Include/features/Main-Features/007-Delete-Attachment.feature' was failed

2019-04-18 11:07:04 - [MESSAGE][FAILED] - Keyword runFeatureFile was failed (Root cause: com.kms.katalon.core.exception.StepFailedException: Feature file 'Include/features/Main-Features/007-Delete-Attachment.feature' was failed
	at com.kms.katalon.core.keyword.internal.KeywordMain.stepFailed(KeywordMain.groovy:48)
	at com.kms.katalon.core.keyword.internal.KeywordMain.stepFailed(KeywordMain.groovy)
	at com.kms.katalon.core.keyword.internal.KeywordMain.stepFailed(KeywordMain.groovy:21)
	at com.kms.katalon.core.keyword.internal.KeywordMain$stepFailed$0.call(Unknown Source)
	at com.kms.katalon.core.cucumber.keyword.CucumberBuiltinKeywords$_runFeatureFile_closure1.doCall(CucumberBuiltinKeywords.groovy:82)
	at com.kms.katalon.core.cucumber.keyword.CucumberBuiltinKeywords$_runFeatureFile_closure1.doCall(CucumberBuiltinKeywords.groovy)
	at com.kms.katalon.core.keyword.internal.KeywordMain.runKeyword(KeywordMain.groovy:66)
	at com.kms.katalon.core.keyword.internal.KeywordMain$runKeyword.call(Unknown Source)
	at com.kms.katalon.core.cucumber.keyword.CucumberBuiltinKeywords.runFeatureFile(CucumberBuiltinKeywords.groovy:46)
	at com.kms.katalon.core.cucumber.keyword.CucumberBuiltinKeywords$runFeatureFile$0.callStatic(Unknown Source)
	at com.kms.katalon.core.cucumber.keyword.CucumberBuiltinKeywords.runFeatureFile(CucumberBuiltinKeywords.groovy:101)
	at com.kms.katalon.core.cucumber.keyword.CucumberBuiltinKeywords$runFeatureFile.call(Unknown Source)
	at 007-Delete-Attachemnt.run(007-Delete-Attachemnt:16)
	at com.kms.katalon.core.main.ScriptEngine.run(ScriptEngine.java:194)
	at com.kms.katalon.core.main.ScriptEngine.runScriptAsRawText(ScriptEngine.java:119)
	at com.kms.katalon.core.main.TestCaseExecutor.runScript(TestCaseExecutor.java:331)
	at com.kms.katalon.core.main.TestCaseExecutor.doExecute(TestCaseExecutor.java:322)
	at com.kms.katalon.core.main.TestCaseExecutor.processExecutionPhase(TestCaseExecutor.java:301)
	at com.kms.katalon.core.main.TestCaseExecutor.accessMainPhase(TestCaseExecutor.java:293)
	at com.kms.katalon.core.main.TestCaseExecutor.execute(TestCaseExecutor.java:227)
	at com.kms.katalon.core.main.TestSuiteExecutor.accessTestCaseMainPhase(TestSuiteExecutor.java:129)
	at com.kms.katalon.core.main.TestSuiteExecutor.accessTestSuiteMainPhase(TestSuiteExecutor.java:112)
	at com.kms.katalon.core.main.TestSuiteExecutor.execute(TestSuiteExecutor.java:81)
	at com.kms.katalon.core.main.TestCaseMain.startTestSuite(TestCaseMain.java:157)
	at com.kms.katalon.core.main.TestCaseMain$startTestSuite$0.call(Unknown Source)
	at TempTestSuite1555574673738.run(TempTestSuite1555574673738.groovy:35)
)

2019-04-18 11:07:04 - [MESSAGE][FAILED] - runFeatureFile("Include/features/Main-Features/007-Delete-Attachment.feature") FAILED.
Reason:
com.kms.katalon.core.exception.StepFailedException: Feature file 'Include/features/Main-Features/007-Delete-Attachment.feature' was failed
	at com.kms.katalon.core.keyword.internal.KeywordMain.stepFailed(KeywordMain.groovy:48)
	at com.kms.katalon.core.keyword.internal.KeywordMain.stepFailed(KeywordMain.groovy)
	at com.kms.katalon.core.keyword.internal.KeywordMain.stepFailed(KeywordMain.groovy:21)
	at com.kms.katalon.core.keyword.internal.KeywordMain$stepFailed$0.call(Unknown Source)
	at com.kms.katalon.core.cucumber.keyword.CucumberBuiltinKeywords$_runFeatureFile_closure1.doCall(CucumberBuiltinKeywords.groovy:82)
	at com.kms.katalon.core.cucumber.keyword.CucumberBuiltinKeywords$_runFeatureFile_closure1.doCall(CucumberBuiltinKeywords.groovy)
	at com.kms.katalon.core.keyword.internal.KeywordMain.runKeyword(KeywordMain.groovy:66)
	at com.kms.katalon.core.keyword.internal.KeywordMain$runKeyword.call(Unknown Source)
	at com.kms.katalon.core.cucumber.keyword.CucumberBuiltinKeywords.runFeatureFile(CucumberBuiltinKeywords.groovy:46)
	at com.kms.katalon.core.cucumber.keyword.CucumberBuiltinKeywords$runFeatureFile$0.callStatic(Unknown Source)
	at com.kms.katalon.core.cucumber.keyword.CucumberBuiltinKeywords.runFeatureFile(CucumberBuiltinKeywords.groovy:101)
	at com.kms.katalon.core.cucumber.keyword.CucumberBuiltinKeywords$runFeatureFile.call(Unknown Source)
	at 007-Delete-Attachemnt.run(007-Delete-Attachemnt:16)
	at com.kms.katalon.core.main.ScriptEngine.run(ScriptEngine.java:194)
	at com.kms.katalon.core.main.ScriptEngine.runScriptAsRawText(ScriptEngine.java:119)
	at com.kms.katalon.core.main.TestCaseExecutor.runScript(TestCaseExecutor.java:331)
	at com.kms.katalon.core.main.TestCaseExecutor.doExecute(TestCaseExecutor.java:322)
	at com.kms.katalon.core.main.TestCaseExecutor.processExecutionPhase(TestCaseExecutor.java:301)
	at com.kms.katalon.core.main.TestCaseExecutor.accessMainPhase(TestCaseExecutor.java:293)
	at com.kms.katalon.core.main.TestCaseExecutor.execute(TestCaseExecutor.java:227)
	at com.kms.katalon.core.main.TestSuiteExecutor.accessTestCaseMainPhase(TestSuiteExecutor.java:129)
	at com.kms.katalon.core.main.TestSuiteExecutor.accessTestSuiteMainPhase(TestSuiteExecutor.java:112)
	at com.kms.katalon.core.main.TestSuiteExecutor.execute(TestSuiteExecutor.java:81)
	at com.kms.katalon.core.main.TestCaseMain.startTestSuite(TestCaseMain.java:157)
	at com.kms.katalon.core.main.TestCaseMain$startTestSuite$0.call(Unknown Source)
	at TempTestSuite1555574673738.run(TempTestSuite1555574673738.groovy:35)]]></system-out>
         <system-err><![CDATA[2019-04-18 11:06:43 - [TEST_CASE][FAILED] - Test Cases/Main-Test-Cases/007-Delete-Attachemnt: Test Cases/Main-Test-Cases/007-Delete-Attachemnt FAILED.
Reason:
com.kms.katalon.core.exception.StepFailedException: Feature file 'Include/features/Main-Features/007-Delete-Attachment.feature' was failed
	at com.kms.katalon.core.keyword.internal.KeywordMain.stepFailed(KeywordMain.groovy:48)
	at com.kms.katalon.core.keyword.internal.KeywordMain.stepFailed(KeywordMain.groovy)
	at com.kms.katalon.core.keyword.internal.KeywordMain.stepFailed(KeywordMain.groovy:21)
	at com.kms.katalon.core.keyword.internal.KeywordMain$stepFailed$0.call(Unknown Source)
	at com.kms.katalon.core.cucumber.keyword.CucumberBuiltinKeywords$_runFeatureFile_closure1.doCall(CucumberBuiltinKeywords.groovy:82)
	at com.kms.katalon.core.cucumber.keyword.CucumberBuiltinKeywords$_runFeatureFile_closure1.doCall(CucumberBuiltinKeywords.groovy)
	at com.kms.katalon.core.keyword.internal.KeywordMain.runKeyword(KeywordMain.groovy:66)
	at com.kms.katalon.core.keyword.internal.KeywordMain$runKeyword.call(Unknown Source)
	at com.kms.katalon.core.cucumber.keyword.CucumberBuiltinKeywords.runFeatureFile(CucumberBuiltinKeywords.groovy:46)
	at com.kms.katalon.core.cucumber.keyword.CucumberBuiltinKeywords$runFeatureFile$0.callStatic(Unknown Source)
	at com.kms.katalon.core.cucumber.keyword.CucumberBuiltinKeywords.runFeatureFile(CucumberBuiltinKeywords.groovy:101)
	at com.kms.katalon.core.cucumber.keyword.CucumberBuiltinKeywords$runFeatureFile.call(Unknown Source)
	at 007-Delete-Attachemnt.run(007-Delete-Attachemnt:16)
	at com.kms.katalon.core.main.ScriptEngine.run(ScriptEngine.java:194)
	at com.kms.katalon.core.main.ScriptEngine.runScriptAsRawText(ScriptEngine.java:119)
	at com.kms.katalon.core.main.TestCaseExecutor.runScript(TestCaseExecutor.java:331)
	at com.kms.katalon.core.main.TestCaseExecutor.doExecute(TestCaseExecutor.java:322)
	at com.kms.katalon.core.main.TestCaseExecutor.processExecutionPhase(TestCaseExecutor.java:301)
	at com.kms.katalon.core.main.TestCaseExecutor.accessMainPhase(TestCaseExecutor.java:293)
	at com.kms.katalon.core.main.TestCaseExecutor.execute(TestCaseExecutor.java:227)
	at com.kms.katalon.core.main.TestSuiteExecutor.accessTestCaseMainPhase(TestSuiteExecutor.java:129)
	at com.kms.katalon.core.main.TestSuiteExecutor.accessTestSuiteMainPhase(TestSuiteExecutor.java:112)
	at com.kms.katalon.core.main.TestSuiteExecutor.execute(TestSuiteExecutor.java:81)
	at com.kms.katalon.core.main.TestCaseMain.startTestSuite(TestCaseMain.java:157)
	at com.kms.katalon.core.main.TestCaseMain$startTestSuite$0.call(Unknown Source)
	at TempTestSuite1555574673738.run(TempTestSuite1555574673738.groovy:35)]]></system-err>
      </testcase>
      <testcase name="Test Cases/Main-Test-Cases/008-Verify-Uploading-Attachment-with-Duplicate-Name" classname="Test Cases/Main-Test-Cases/008-Verify-Uploading-Attachment-with-Duplicate-Name" status="PASSED">
         <system-out><![CDATA[2019-04-18 11:07:04 - [TEST_CASE][PASSED] - Test Cases/Main-Test-Cases/008-Verify-Uploading-Attachment-with-Duplicate-Name: Test Cases/Main-Test-Cases/008-Verify-Uploading-Attachment-with-Duplicate-Name

2019-04-18 11:07:04 - [TEST_STEP][PASSED] - runFeatureFile("Include/features/Main-Features/008-Verify-Uploading-Attachment-with-Duplicate-Name.feature"): Feature file: 'Include/features/Main-Features/008-Verify-Uploading-Attachment-with-Duplicate-Name.feature' was passed

2019-04-18 11:07:04 - [MESSAGE][INFO] - Starting run keyword runFeatureFile: 'Include/features/Main-Features/008-Verify-Uploading-Attachment-with-Duplicate-Name.feature' and extract report to folder: 'C:\Users\HP\git\PMO-Web-Application\Reports\First-Test-Suite\20190418_110433/cucumber_report/1555574824607'...

2019-04-18 11:07:04 - [TEST_CASE][PASSED] - Start Test Case : SCENARIO Verify that user unable to upload attachment with duplicate name: SCENARIO Verify that user unable to upload attachment with duplicate name

2019-04-18 11:07:04 - [TEST_STEP][PASSED] - I want to open browser: I want to open browser

2019-04-18 11:07:04 - [MESSAGE][WARNING] - A browser is already opened. Closing browser and opening a new one

2019-04-18 11:07:05 - [MESSAGE][INFO] - Starting 'Chrome' driver

2019-04-18 11:07:07 - [MESSAGE][PASSED] - Browser is opened with url: ''

2019-04-18 11:07:07 - [MESSAGE][PASSED] - Delete all cookies successfully

2019-04-18 11:07:07 - [MESSAGE][PASSED] - I want to open browser

2019-04-18 11:07:07 - [TEST_STEP][PASSED] - I want to maximize window: I want to maximize window

2019-04-18 11:07:09 - [MESSAGE][PASSED] - Current window maximized

2019-04-18 11:07:09 - [MESSAGE][PASSED] - I want to maximize window

2019-04-18 11:07:09 - [TEST_STEP][PASSED] - I want to go to OOB: I want to go to OOB

2019-04-18 11:07:18 - [MESSAGE][PASSED] - Navigate to 'http://pmoadmin:P@ssw0rd@dev5.cloudapp.net/OOB2/' successfully

2019-04-18 11:07:18 - [MESSAGE][PASSED] - I want to go to OOB

2019-04-18 11:07:18 - [TEST_STEP][PASSED] - I want to verify I'm in OOB main page: I want to verify I'm in OOB main page

2019-04-18 11:07:18 - [MESSAGE][WARNING] - Timeout '0' is invalid. Using default page load timeout: '30'

2019-04-18 11:07:18 - [MESSAGE][PASSED] - Object 'Object Repository/OOB-Objects/OOB-Side-Bar' is present

2019-04-18 11:07:18 - [MESSAGE][PASSED] - I want to verify I'm in OOB main page

2019-04-18 11:07:18 - [TEST_STEP][PASSED] - I want to go to ideas list page: I want to go to ideas list page

2019-04-18 11:07:22 - [MESSAGE][PASSED] - Object: 'Object Repository/OOB-Objects/IdeasList' is clicked on

2019-04-18 11:07:22 - [MESSAGE][PASSED] - I want to go to ideas list page

2019-04-18 11:07:22 - [TEST_STEP][PASSED] - I want to click on Add New button: I want to click on Add New button

2019-04-18 11:07:24 - [MESSAGE][PASSED] - Object: 'Object Repository/PMO-Objects/Page_Project Request/Add-New-Project-Request' is clicked on

2019-04-18 11:07:24 - [MESSAGE][PASSED] - I want to click on Add New button

2019-04-18 11:07:24 - [TEST_STEP][PASSED] - I want to add Attachment: I want to add Attachment

2019-04-18 11:07:24 - [MESSAGE][PASSED] - Object: 'Object Repository/PMO-Objects/Page_Add New Project Request/Add-New-Document-Button' is clicked on

2019-04-18 11:07:24 - [MESSAGE][WARNING] - Timeout '0' is invalid. Using default page load timeout: '30'

2019-04-18 11:07:24 - [MESSAGE][PASSED] - Scroll to object 'Object Repository/PMO-Objects/Page_Add New Project Request/Add-New-Document-Button' successfully

2019-04-18 11:07:24 - [MESSAGE][PASSED] - Text 'test1' is set on object 'Object Repository/PMO-Objects/Page_Add New Project Request/AttachmentNameField'

2019-04-18 11:07:24 - [MESSAGE][PASSED] - File 'C:\Users\HP\Desktop\download.png' sent to object: 'Object Repository/PMO-Objects/Page_Add New Project Request/Upload-File'

2019-04-18 11:07:24 - [MESSAGE][WARNING] - Timeout '0' is invalid. Using default page load timeout: '30'

2019-04-18 11:07:25 - [MESSAGE][PASSED] - Object 'Object Repository/PMO-Objects/Page_Add New Project Request/AttachedFile' is present

2019-04-18 11:07:25 - [MESSAGE][PASSED] - Object: 'Object Repository/PMO-Objects/Page_Add New Project Request/LoadButton' is clicked on

2019-04-18 11:07:25 - [MESSAGE][PASSED] - I want to add Attachment

2019-04-18 11:07:25 - [TEST_STEP][PASSED] - I want to verify document uploaded: I want to verify document uploaded

2019-04-18 11:07:25 - [MESSAGE][WARNING] - Timeout '0' is invalid. Using default page load timeout: '30'

2019-04-18 11:07:25 - [MESSAGE][PASSED] - Object 'Object Repository/PMO-Objects/Page_Add New Project Request/UploadedDocument' is present

2019-04-18 11:07:25 - [MESSAGE][PASSED] - I want to verify document uploaded

2019-04-18 11:07:25 - [TEST_STEP][PASSED] - I want to refresh page: I want to refresh page

2019-04-18 11:07:27 - [MESSAGE][PASSED] - Refresh successfully

2019-04-18 11:07:27 - [MESSAGE][PASSED] - I want to refresh page

2019-04-18 11:07:27 - [TEST_STEP][PASSED] - I want to add Attachment: I want to add Attachment

2019-04-18 11:07:27 - [MESSAGE][PASSED] - Object: 'Object Repository/PMO-Objects/Page_Add New Project Request/Add-New-Document-Button' is clicked on

2019-04-18 11:07:27 - [MESSAGE][WARNING] - Timeout '0' is invalid. Using default page load timeout: '30'

2019-04-18 11:07:27 - [MESSAGE][PASSED] - Scroll to object 'Object Repository/PMO-Objects/Page_Add New Project Request/Add-New-Document-Button' successfully

2019-04-18 11:07:27 - [MESSAGE][PASSED] - Text 'test1' is set on object 'Object Repository/PMO-Objects/Page_Add New Project Request/AttachmentNameField'

2019-04-18 11:07:27 - [MESSAGE][PASSED] - File 'C:\Users\HP\Desktop\download.png' sent to object: 'Object Repository/PMO-Objects/Page_Add New Project Request/Upload-File'

2019-04-18 11:07:27 - [MESSAGE][WARNING] - Timeout '0' is invalid. Using default page load timeout: '30'

2019-04-18 11:07:28 - [MESSAGE][PASSED] - Object 'Object Repository/PMO-Objects/Page_Add New Project Request/AttachedFile' is present

2019-04-18 11:07:28 - [MESSAGE][PASSED] - Object: 'Object Repository/PMO-Objects/Page_Add New Project Request/LoadButton' is clicked on

2019-04-18 11:07:28 - [MESSAGE][PASSED] - I want to add Attachment

2019-04-18 11:07:28 - [TEST_STEP][PASSED] - I want to verify Attachment with already existed name not added: I want to verify Attachment with already existed name not added

2019-04-18 11:07:28 - [MESSAGE][PASSED] - Object 'Object Repository/PMO-Objects/Page_Add New Project Request/AttachmentNameField' is visible

2019-04-18 11:07:28 - [MESSAGE][PASSED] - I want to verify Attachment with already existed name not added

2019-04-18 11:07:28 - [MESSAGE][PASSED] - Feature file: 'Include/features/Main-Features/008-Verify-Uploading-Attachment-with-Duplicate-Name.feature' was passed]]></system-out>
         <system-err><![CDATA[]]></system-err>
      </testcase>
      <testcase name="Test Cases/Main-Test-Cases/009-Upload-Large-Size-Attachment" classname="Test Cases/Main-Test-Cases/009-Upload-Large-Size-Attachment" status="PASSED">
         <system-out><![CDATA[2019-04-18 11:07:28 - [TEST_CASE][PASSED] - Test Cases/Main-Test-Cases/009-Upload-Large-Size-Attachment: Test Cases/Main-Test-Cases/009-Upload-Large-Size-Attachment

2019-04-18 11:07:28 - [TEST_STEP][PASSED] - runFeatureFile("Include/features/Main-Features/009-Upload-Large-Size-Attachment.feature"): Feature file: 'Include/features/Main-Features/009-Upload-Large-Size-Attachment.feature' was passed

2019-04-18 11:07:28 - [MESSAGE][INFO] - Starting run keyword runFeatureFile: 'Include/features/Main-Features/009-Upload-Large-Size-Attachment.feature' and extract report to folder: 'C:\Users\HP\git\PMO-Web-Application\Reports\First-Test-Suite\20190418_110433/cucumber_report/1555574848882'...

2019-04-18 11:07:29 - [TEST_CASE][PASSED] - Start Test Case : SCENARIO Verify that user unable to upload attachment with duplicate name: SCENARIO Verify that user unable to upload attachment with duplicate name

2019-04-18 11:07:29 - [TEST_STEP][PASSED] - I want to open browser: I want to open browser

2019-04-18 11:07:29 - [MESSAGE][WARNING] - A browser is already opened. Closing browser and opening a new one

2019-04-18 11:07:29 - [MESSAGE][INFO] - Starting 'Chrome' driver

2019-04-18 11:07:32 - [MESSAGE][PASSED] - Browser is opened with url: ''

2019-04-18 11:07:32 - [MESSAGE][PASSED] - Delete all cookies successfully

2019-04-18 11:07:32 - [MESSAGE][PASSED] - I want to open browser

2019-04-18 11:07:32 - [TEST_STEP][PASSED] - I want to maximize window: I want to maximize window

2019-04-18 11:07:33 - [MESSAGE][PASSED] - Current window maximized

2019-04-18 11:07:33 - [MESSAGE][PASSED] - I want to maximize window

2019-04-18 11:07:33 - [TEST_STEP][PASSED] - I want to go to OOB: I want to go to OOB

2019-04-18 11:07:43 - [MESSAGE][PASSED] - Navigate to 'http://pmoadmin:P@ssw0rd@dev5.cloudapp.net/OOB2/' successfully

2019-04-18 11:07:43 - [MESSAGE][PASSED] - I want to go to OOB

2019-04-18 11:07:43 - [TEST_STEP][PASSED] - I want to verify I'm in OOB main page: I want to verify I'm in OOB main page

2019-04-18 11:07:43 - [MESSAGE][WARNING] - Timeout '0' is invalid. Using default page load timeout: '30'

2019-04-18 11:07:43 - [MESSAGE][PASSED] - Object 'Object Repository/OOB-Objects/OOB-Side-Bar' is present

2019-04-18 11:07:43 - [MESSAGE][PASSED] - I want to verify I'm in OOB main page

2019-04-18 11:07:43 - [TEST_STEP][PASSED] - I want to go to ideas list page: I want to go to ideas list page

2019-04-18 11:07:48 - [MESSAGE][PASSED] - Object: 'Object Repository/OOB-Objects/IdeasList' is clicked on

2019-04-18 11:07:48 - [MESSAGE][PASSED] - I want to go to ideas list page

2019-04-18 11:07:48 - [TEST_STEP][PASSED] - I want to click on Add New button: I want to click on Add New button

2019-04-18 11:07:49 - [MESSAGE][PASSED] - Object: 'Object Repository/PMO-Objects/Page_Project Request/Add-New-Project-Request' is clicked on

2019-04-18 11:07:49 - [MESSAGE][PASSED] - I want to click on Add New button

2019-04-18 11:07:49 - [TEST_STEP][PASSED] - I want to add large file as Attachment: I want to add large file as Attachment

2019-04-18 11:07:49 - [MESSAGE][PASSED] - Object: 'Object Repository/PMO-Objects/Page_Add New Project Request/Add-New-Document-Button' is clicked on

2019-04-18 11:07:49 - [MESSAGE][WARNING] - Timeout '0' is invalid. Using default page load timeout: '30'

2019-04-18 11:07:49 - [MESSAGE][PASSED] - Scroll to object 'Object Repository/PMO-Objects/Page_Add New Project Request/Add-New-Document-Button' successfully

2019-04-18 11:07:49 - [MESSAGE][PASSED] - Text 'test1' is set on object 'Object Repository/PMO-Objects/Page_Add New Project Request/AttachmentNameField'

2019-04-18 11:07:50 - [MESSAGE][PASSED] - File 'C:\Users\HP\Desktop\Automation book Mitsubishi.pdf' sent to object: 'Object Repository/PMO-Objects/Page_Add New Project Request/Upload-File'

2019-04-18 11:07:50 - [MESSAGE][PASSED] - I want to add large file as Attachment

2019-04-18 11:07:50 - [TEST_STEP][PASSED] - I want to check large file error message: I want to check large file error message

2019-04-18 11:07:50 - [MESSAGE][PASSED] - Actual text and expected text of test object 'Object Repository/PMO-Objects/Page_Add New Project Request/ErrorMessage' are matched.

2019-04-18 11:07:50 - [MESSAGE][PASSED] - I want to check large file error message

2019-04-18 11:07:50 - [TEST_STEP][PASSED] - I want to verify Attachment not added: I want to verify Attachment not added

2019-04-18 11:07:50 - [MESSAGE][WARNING] - Timeout '0' is invalid. Using default page load timeout: '30'

2019-04-18 11:07:50 - [MESSAGE][PASSED] - Web element with id: 'Object Repository/PMO-Objects/Page_Add New Project Request/AttachedFile' located by 'By.xpath: //*[@id='AttachmentPath_attachement_div']/div[2]/a' is not present after '30' second(s)

2019-04-18 11:07:50 - [MESSAGE][PASSED] - I want to verify Attachment not added

2019-04-18 11:07:50 - [TEST_STEP][PASSED] - I want to close browser: I want to close browser

2019-04-18 11:07:50 - [MESSAGE][PASSED] - Browser is closed

2019-04-18 11:07:50 - [MESSAGE][PASSED] - I want to close browser

2019-04-18 11:07:50 - [MESSAGE][PASSED] - Feature file: 'Include/features/Main-Features/009-Upload-Large-Size-Attachment.feature' was passed]]></system-out>
         <system-err><![CDATA[]]></system-err>
      </testcase>
      <testcase name="Test Cases/Main-Test-Cases/010-Upload-Invalid-Format-Attachment" classname="Test Cases/Main-Test-Cases/010-Upload-Invalid-Format-Attachment" status="PASSED">
         <system-out><![CDATA[2019-04-18 11:07:50 - [TEST_CASE][PASSED] - Test Cases/Main-Test-Cases/010-Upload-Invalid-Format-Attachment: Test Cases/Main-Test-Cases/010-Upload-Invalid-Format-Attachment

2019-04-18 11:07:51 - [TEST_STEP][PASSED] - runFeatureFile("Include/features/Main-Features/010-Upload-Invalid-Format-Attachment.feature"): Feature file: 'Include/features/Main-Features/010-Upload-Invalid-Format-Attachment.feature' was passed

2019-04-18 11:07:51 - [MESSAGE][INFO] - Starting run keyword runFeatureFile: 'Include/features/Main-Features/010-Upload-Invalid-Format-Attachment.feature' and extract report to folder: 'C:\Users\HP\git\PMO-Web-Application\Reports\First-Test-Suite\20190418_110433/cucumber_report/1555574871072'...

2019-04-18 11:07:51 - [TEST_CASE][PASSED] - Start Test Case : SCENARIO Verify that user unable to upload invalid foemat attachment: SCENARIO Verify that user unable to upload invalid foemat attachment

2019-04-18 11:07:51 - [TEST_STEP][PASSED] - I want to open browser: I want to open browser

2019-04-18 11:07:51 - [MESSAGE][INFO] - Starting 'Chrome' driver

2019-04-18 11:07:53 - [MESSAGE][PASSED] - Browser is opened with url: ''

2019-04-18 11:07:53 - [MESSAGE][PASSED] - Delete all cookies successfully

2019-04-18 11:07:53 - [MESSAGE][PASSED] - I want to open browser

2019-04-18 11:07:53 - [TEST_STEP][PASSED] - I want to maximize window: I want to maximize window

2019-04-18 11:07:54 - [MESSAGE][PASSED] - Current window maximized

2019-04-18 11:07:54 - [MESSAGE][PASSED] - I want to maximize window

2019-04-18 11:07:54 - [TEST_STEP][PASSED] - I want to go to OOB: I want to go to OOB

2019-04-18 11:08:05 - [MESSAGE][PASSED] - Navigate to 'http://pmoadmin:P@ssw0rd@dev5.cloudapp.net/OOB2/' successfully

2019-04-18 11:08:05 - [MESSAGE][PASSED] - I want to go to OOB

2019-04-18 11:08:05 - [TEST_STEP][PASSED] - I want to verify I'm in OOB main page: I want to verify I'm in OOB main page

2019-04-18 11:08:05 - [MESSAGE][WARNING] - Timeout '0' is invalid. Using default page load timeout: '30'

2019-04-18 11:08:05 - [MESSAGE][PASSED] - Object 'Object Repository/OOB-Objects/OOB-Side-Bar' is present

2019-04-18 11:08:05 - [MESSAGE][PASSED] - I want to verify I'm in OOB main page

2019-04-18 11:08:05 - [TEST_STEP][PASSED] - I want to go to ideas list page: I want to go to ideas list page

2019-04-18 11:08:10 - [MESSAGE][PASSED] - Object: 'Object Repository/OOB-Objects/IdeasList' is clicked on

2019-04-18 11:08:10 - [MESSAGE][PASSED] - I want to go to ideas list page

2019-04-18 11:08:10 - [TEST_STEP][PASSED] - I want to click on Add New button: I want to click on Add New button

2019-04-18 11:08:12 - [MESSAGE][PASSED] - Object: 'Object Repository/PMO-Objects/Page_Project Request/Add-New-Project-Request' is clicked on

2019-04-18 11:08:12 - [MESSAGE][PASSED] - I want to click on Add New button

2019-04-18 11:08:12 - [TEST_STEP][PASSED] - I want to add invalid format Attachment: I want to add invalid format Attachment

2019-04-18 11:08:12 - [MESSAGE][PASSED] - Object: 'Object Repository/PMO-Objects/Page_Add New Project Request/Add-New-Document-Button' is clicked on

2019-04-18 11:08:12 - [MESSAGE][WARNING] - Timeout '0' is invalid. Using default page load timeout: '30'

2019-04-18 11:08:12 - [MESSAGE][PASSED] - Scroll to object 'Object Repository/PMO-Objects/Page_Add New Project Request/Add-New-Document-Button' successfully

2019-04-18 11:08:12 - [MESSAGE][PASSED] - Text 'Test Attachment' is set on object 'Object Repository/PMO-Objects/Page_Add New Project Request/AttachmentNameField'

2019-04-18 11:08:12 - [MESSAGE][PASSED] - File 'C:\Users\HP\Desktop\chromedriver.exe' sent to object: 'Object Repository/PMO-Objects/Page_Add New Project Request/Upload-File'

2019-04-18 11:08:12 - [MESSAGE][PASSED] - I want to add invalid format Attachment

2019-04-18 11:08:12 - [TEST_STEP][PASSED] - I want to verify Attachment not added: I want to verify Attachment not added

2019-04-18 11:08:12 - [MESSAGE][WARNING] - Timeout '0' is invalid. Using default page load timeout: '30'

2019-04-18 11:08:12 - [MESSAGE][PASSED] - Web element with id: 'Object Repository/PMO-Objects/Page_Add New Project Request/AttachedFile' located by 'By.xpath: //*[@id='AttachmentPath_attachement_div']/div[2]/a' is not present after '30' second(s)

2019-04-18 11:08:12 - [MESSAGE][PASSED] - I want to verify Attachment not added

2019-04-18 11:08:12 - [TEST_STEP][PASSED] - I want to close browser: I want to close browser

2019-04-18 11:08:13 - [MESSAGE][PASSED] - Browser is closed

2019-04-18 11:08:13 - [MESSAGE][PASSED] - I want to close browser

2019-04-18 11:08:13 - [MESSAGE][PASSED] - Feature file: 'Include/features/Main-Features/010-Upload-Invalid-Format-Attachment.feature' was passed]]></system-out>
         <system-err><![CDATA[]]></system-err>
      </testcase>
      <testcase name="Test Cases/Main-Test-Cases/011-Verify-Clicking-Load-With-No-Attachment" classname="Test Cases/Main-Test-Cases/011-Verify-Clicking-Load-With-No-Attachment" status="PASSED">
         <system-out><![CDATA[2019-04-18 11:08:13 - [TEST_CASE][PASSED] - Test Cases/Main-Test-Cases/011-Verify-Clicking-Load-With-No-Attachment: Test Cases/Main-Test-Cases/011-Verify-Clicking-Load-With-No-Attachment

2019-04-18 11:08:13 - [TEST_STEP][PASSED] - runFeatureFile("Include/features/Main-Features/011-Verify-Clicking-Load-With-No-Attachment.feature"): Feature file: 'Include/features/Main-Features/011-Verify-Clicking-Load-With-No-Attachment.feature' was passed

2019-04-18 11:08:13 - [MESSAGE][INFO] - Starting run keyword runFeatureFile: 'Include/features/Main-Features/011-Verify-Clicking-Load-With-No-Attachment.feature' and extract report to folder: 'C:\Users\HP\git\PMO-Web-Application\Reports\First-Test-Suite\20190418_110433/cucumber_report/1555574893742'...

2019-04-18 11:08:13 - [TEST_CASE][PASSED] - Start Test Case : SCENARIO Verify that choose file error message displays after clicking Load button without choosing attachment: SCENARIO Verify that choose file error message displays after clicking Load button without choosing attachment

2019-04-18 11:08:13 - [TEST_STEP][PASSED] - I want to open browser: I want to open browser

2019-04-18 11:08:13 - [MESSAGE][INFO] - Starting 'Chrome' driver

2019-04-18 11:08:16 - [MESSAGE][PASSED] - Browser is opened with url: ''

2019-04-18 11:08:16 - [MESSAGE][PASSED] - Delete all cookies successfully

2019-04-18 11:08:16 - [MESSAGE][PASSED] - I want to open browser

2019-04-18 11:08:16 - [TEST_STEP][PASSED] - I want to maximize window: I want to maximize window

2019-04-18 11:08:17 - [MESSAGE][PASSED] - Current window maximized

2019-04-18 11:08:17 - [MESSAGE][PASSED] - I want to maximize window

2019-04-18 11:08:17 - [TEST_STEP][PASSED] - I want to go to OOB: I want to go to OOB

2019-04-18 11:08:26 - [MESSAGE][PASSED] - Navigate to 'http://pmoadmin:P@ssw0rd@dev5.cloudapp.net/OOB2/' successfully

2019-04-18 11:08:26 - [MESSAGE][PASSED] - I want to go to OOB

2019-04-18 11:08:26 - [TEST_STEP][PASSED] - I want to verify I'm in OOB main page: I want to verify I'm in OOB main page

2019-04-18 11:08:26 - [MESSAGE][WARNING] - Timeout '0' is invalid. Using default page load timeout: '30'

2019-04-18 11:08:26 - [MESSAGE][PASSED] - Object 'Object Repository/OOB-Objects/OOB-Side-Bar' is present

2019-04-18 11:08:26 - [MESSAGE][PASSED] - I want to verify I'm in OOB main page

2019-04-18 11:08:26 - [TEST_STEP][PASSED] - I want to go to ideas list page: I want to go to ideas list page

2019-04-18 11:08:31 - [MESSAGE][PASSED] - Object: 'Object Repository/OOB-Objects/IdeasList' is clicked on

2019-04-18 11:08:31 - [MESSAGE][PASSED] - I want to go to ideas list page

2019-04-18 11:08:31 - [TEST_STEP][PASSED] - I want to click on Add New button: I want to click on Add New button

2019-04-18 11:08:32 - [MESSAGE][PASSED] - Object: 'Object Repository/PMO-Objects/Page_Project Request/Add-New-Project-Request' is clicked on

2019-04-18 11:08:32 - [MESSAGE][PASSED] - I want to click on Add New button

2019-04-18 11:08:32 - [TEST_STEP][PASSED] - I want to click Add New Doc button: I want to click Add New Doc button

2019-04-18 11:08:32 - [MESSAGE][PASSED] - Object: 'Object Repository/PMO-Objects/Page_Add New Project Request/Add-New-Document-Button' is clicked on

2019-04-18 11:08:32 - [MESSAGE][WARNING] - Timeout '0' is invalid. Using default page load timeout: '30'

2019-04-18 11:08:32 - [MESSAGE][PASSED] - Scroll to object 'Object Repository/PMO-Objects/Page_Add New Project Request/Add-New-Document-Button' successfully

2019-04-18 11:08:32 - [MESSAGE][PASSED] - I want to click Add New Doc button

2019-04-18 11:08:32 - [TEST_STEP][PASSED] - I want to click Load button: I want to click Load button

2019-04-18 11:08:32 - [MESSAGE][PASSED] - Object: 'Object Repository/PMO-Objects/Page_Add New Project Request/LoadButton' is clicked on

2019-04-18 11:08:32 - [MESSAGE][PASSED] - I want to click Load button

2019-04-18 11:08:32 - [TEST_STEP][PASSED] - I want to check choose file error message: I want to check choose file error message

2019-04-18 11:08:32 - [MESSAGE][PASSED] - Actual text and expected text of test object 'Object Repository/PMO-Objects/Page_Add New Project Request/ErrorMessage' are matched.

2019-04-18 11:08:32 - [MESSAGE][PASSED] - I want to check choose file error message

2019-04-18 11:08:32 - [TEST_STEP][PASSED] - I want to verify Attachment not added: I want to verify Attachment not added

2019-04-18 11:08:32 - [MESSAGE][WARNING] - Timeout '0' is invalid. Using default page load timeout: '30'

2019-04-18 11:08:32 - [MESSAGE][PASSED] - Web element with id: 'Object Repository/PMO-Objects/Page_Add New Project Request/AttachedFile' located by 'By.xpath: //*[@id='AttachmentPath_attachement_div']/div[2]/a' is not present after '30' second(s)

2019-04-18 11:08:32 - [MESSAGE][PASSED] - I want to verify Attachment not added

2019-04-18 11:08:32 - [TEST_STEP][PASSED] - I want to close browser: I want to close browser

2019-04-18 11:08:33 - [MESSAGE][PASSED] - Browser is closed

2019-04-18 11:08:33 - [MESSAGE][PASSED] - I want to close browser

2019-04-18 11:08:33 - [MESSAGE][PASSED] - Feature file: 'Include/features/Main-Features/011-Verify-Clicking-Load-With-No-Attachment.feature' was passed]]></system-out>
         <system-err><![CDATA[]]></system-err>
      </testcase>
      <testcase name="Test Cases/Main-Test-Cases/012-Start-Date-Greater-Than-End-Date" classname="Test Cases/Main-Test-Cases/012-Start-Date-Greater-Than-End-Date" status="PASSED">
         <system-out><![CDATA[2019-04-18 11:08:33 - [TEST_CASE][PASSED] - Test Cases/Main-Test-Cases/012-Start-Date-Greater-Than-End-Date: Test Cases/Main-Test-Cases/012-Start-Date-Greater-Than-End-Date

2019-04-18 11:08:33 - [TEST_STEP][PASSED] - runFeatureFile("Include/features/Main-Features/012-Start-Date-Greater-Than-End-Date.feature"): Feature file: 'Include/features/Main-Features/012-Start-Date-Greater-Than-End-Date.feature' was passed

2019-04-18 11:08:33 - [MESSAGE][INFO] - Starting run keyword runFeatureFile: 'Include/features/Main-Features/012-Start-Date-Greater-Than-End-Date.feature' and extract report to folder: 'C:\Users\HP\git\PMO-Web-Application\Reports\First-Test-Suite\20190418_110433/cucumber_report/1555574913797'...

2019-04-18 11:08:33 - [TEST_CASE][PASSED] - Start Test Case : SCENARIO Check start date greater than end date error message: SCENARIO Check start date greater than end date error message

2019-04-18 11:08:34 - [TEST_STEP][PASSED] - I want to open browser: I want to open browser

2019-04-18 11:08:34 - [MESSAGE][INFO] - Starting 'Chrome' driver

2019-04-18 11:08:36 - [MESSAGE][PASSED] - Browser is opened with url: ''

2019-04-18 11:08:36 - [MESSAGE][PASSED] - Delete all cookies successfully

2019-04-18 11:08:36 - [MESSAGE][PASSED] - I want to open browser

2019-04-18 11:08:36 - [TEST_STEP][PASSED] - I want to maximize window: I want to maximize window

2019-04-18 11:08:37 - [MESSAGE][PASSED] - Current window maximized

2019-04-18 11:08:37 - [MESSAGE][PASSED] - I want to maximize window

2019-04-18 11:08:37 - [TEST_STEP][PASSED] - I want to go to OOB: I want to go to OOB

2019-04-18 11:08:45 - [MESSAGE][PASSED] - Navigate to 'http://pmoadmin:P@ssw0rd@dev5.cloudapp.net/OOB2/' successfully

2019-04-18 11:08:45 - [MESSAGE][PASSED] - I want to go to OOB

2019-04-18 11:08:45 - [TEST_STEP][PASSED] - I want to verify I'm in OOB main page: I want to verify I'm in OOB main page

2019-04-18 11:08:45 - [MESSAGE][WARNING] - Timeout '0' is invalid. Using default page load timeout: '30'

2019-04-18 11:08:46 - [MESSAGE][PASSED] - Object 'Object Repository/OOB-Objects/OOB-Side-Bar' is present

2019-04-18 11:08:46 - [MESSAGE][PASSED] - I want to verify I'm in OOB main page

2019-04-18 11:08:46 - [TEST_STEP][PASSED] - I want to go to ideas list page: I want to go to ideas list page

2019-04-18 11:08:49 - [MESSAGE][PASSED] - Object: 'Object Repository/OOB-Objects/IdeasList' is clicked on

2019-04-18 11:08:49 - [MESSAGE][PASSED] - I want to go to ideas list page

2019-04-18 11:08:49 - [TEST_STEP][PASSED] - I want to click on Add New button: I want to click on Add New button

2019-04-18 11:08:51 - [MESSAGE][PASSED] - Object: 'Object Repository/PMO-Objects/Page_Project Request/Add-New-Project-Request' is clicked on

2019-04-18 11:08:51 - [MESSAGE][PASSED] - I want to click on Add New button

2019-04-18 11:08:51 - [TEST_STEP][PASSED] - I want to fill idea name field: I want to fill idea name field

2019-04-18 11:08:51 - [MESSAGE][PASSED] - Text 'Automation5990' is set on object 'Object Repository/PMO-Objects/Page_Add New Project Request/Idea-Name-Field'

2019-04-18 11:08:51 - [MESSAGE][PASSED] - I want to fill idea name field

2019-04-18 11:08:51 - [TEST_STEP][PASSED] - I want to select start date greater than end date: I want to select start date greater than end date

2019-04-18 11:08:51 - [MESSAGE][PASSED] - Object: 'Object Repository/PMO-Objects/Page_Add New Project Request/GREGORIAN-Start-date-Check-Box' is clicked on

2019-04-18 11:08:51 - [MESSAGE][PASSED] - Object: 'Object Repository/PMO-Objects/Page_Add New Project Request/Excepted-Start-Date' is clicked on

2019-04-18 11:08:52 - [MESSAGE][PASSED] - All options with index in [7] are selected on object 'Object Repository/PMO-Objects/Page_Add New Project Request/StartDateMonthDropDwon'

2019-04-18 11:08:52 - [MESSAGE][PASSED] - Object: 'Object Repository/PMO-Objects/Page_Add New Project Request/Day26' is hovered

2019-04-18 11:08:52 - [MESSAGE][PASSED] - Object: 'Object Repository/PMO-Objects/Page_Add New Project Request/Day26' is clicked on

2019-04-18 11:08:52 - [MESSAGE][PASSED] - Object 'Object Repository/PMO-Objects/Page_Add New Project Request/GREGORIAN-End-Date-Check-Box' is visible

2019-04-18 11:08:52 - [MESSAGE][PASSED] - Object: 'Object Repository/PMO-Objects/Page_Add New Project Request/GREGORIAN-End-Date-Check-Box' is clicked on

2019-04-18 11:08:57 - [MESSAGE][PASSED] - Delayed 5 second(s)

2019-04-18 11:08:57 - [MESSAGE][PASSED] - Object: 'Object Repository/PMO-Objects/Page_Add New Project Request/Excpected-End-Date' is hovered

2019-04-18 11:08:57 - [MESSAGE][PASSED] - Object: 'Object Repository/PMO-Objects/Page_Add New Project Request/Excpected-End-Date' is clicked on

2019-04-18 11:08:57 - [MESSAGE][PASSED] - All options with index in [4] are selected on object 'Object Repository/PMO-Objects/Page_Add New Project Request/EndDateMonthDropdown'

2019-04-18 11:08:57 - [MESSAGE][PASSED] - Object: 'Object Repository/PMO-Objects/Page_Add New Project Request/EndDateDay15' is hovered

2019-04-18 11:08:58 - [MESSAGE][PASSED] - Object: 'Object Repository/PMO-Objects/Page_Add New Project Request/EndDateDay15' is clicked on

2019-04-18 11:08:58 - [MESSAGE][PASSED] - I want to select start date greater than end date

2019-04-18 11:08:58 - [TEST_STEP][PASSED] - I want to fill idea objective field: I want to fill idea objective field

2019-04-18 11:08:58 - [MESSAGE][PASSED] - Text 'Automation' is set on object 'Object Repository/PMO-Objects/Page_Add New Project Request/Idea-Objective-Field'

2019-04-18 11:08:58 - [MESSAGE][PASSED] - I want to fill idea objective field

2019-04-18 11:08:58 - [TEST_STEP][PASSED] - I want to fill expected budget field: I want to fill expected budget field

2019-04-18 11:08:58 - [MESSAGE][PASSED] - Text '10000' is set on object 'Object Repository/PMO-Objects/Page_Add New Project Request/Expected-Budget-Field'

2019-04-18 11:08:58 - [MESSAGE][PASSED] - I want to fill expected budget field

2019-04-18 11:08:58 - [TEST_STEP][PASSED] - I want to fill Notes field: I want to fill Notes field

2019-04-18 11:08:58 - [MESSAGE][PASSED] - Text 'test note' is set on object 'Object Repository/PMO-Objects/Page_Add New Project Request/Notes-Field'

2019-04-18 11:08:58 - [MESSAGE][PASSED] - I want to fill Notes field

2019-04-18 11:08:58 - [TEST_STEP][PASSED] - I want to click send idea button: I want to click send idea button

2019-04-18 11:08:58 - [MESSAGE][WARNING] - Timeout '0' is invalid. Using default page load timeout: '30'

2019-04-18 11:08:58 - [MESSAGE][PASSED] - Scroll to object 'Object Repository/PMO-Objects/Page_Add New Project Request/CardBlock' successfully

2019-04-18 11:08:58 - [MESSAGE][PASSED] - Object: 'Object Repository/PMO-Objects/Page_Add New Project Request/SendIdeaButton' is focused

2019-04-18 11:08:58 - [MESSAGE][PASSED] - Object: 'Object Repository/PMO-Objects/Page_Add New Project Request/SendIdeaButton' is hovered

2019-04-18 11:08:58 - [MESSAGE][PASSED] - Object 'Object Repository/PMO-Objects/Page_Add New Project Request/SendIdeaButton' is clickable

2019-04-18 11:08:59 - [MESSAGE][PASSED] - Object: 'Object Repository/PMO-Objects/Page_Add New Project Request/SendIdeaButton' is clicked on

2019-04-18 11:08:59 - [MESSAGE][PASSED] - I want to click send idea button

2019-04-18 11:08:59 - [TEST_STEP][PASSED] - I want to check start date greater than end date error message: I want to check start date greater than end date error message

2019-04-18 11:08:59 - [MESSAGE][PASSED] - Actual text and expected text of test object 'Object Repository/PMO-Objects/Page_Add New Project Request/ErrorMessage' are matched.

2019-04-18 11:08:59 - [MESSAGE][PASSED] - I want to check start date greater than end date error message

2019-04-18 11:08:59 - [TEST_STEP][PASSED] - I want to close browser: I want to close browser

2019-04-18 11:08:59 - [MESSAGE][PASSED] - Browser is closed

2019-04-18 11:08:59 - [MESSAGE][PASSED] - I want to close browser

2019-04-18 11:08:59 - [MESSAGE][PASSED] - Feature file: 'Include/features/Main-Features/012-Start-Date-Greater-Than-End-Date.feature' was passed]]></system-out>
         <system-err><![CDATA[]]></system-err>
      </testcase>
      <testcase name="Test Cases/Main-Test-Cases/013-Check-Duration-Field" classname="Test Cases/Main-Test-Cases/013-Check-Duration-Field" status="PASSED">
         <system-out><![CDATA[2019-04-18 11:08:59 - [TEST_CASE][PASSED] - Test Cases/Main-Test-Cases/013-Check-Duration-Field: Test Cases/Main-Test-Cases/013-Check-Duration-Field

2019-04-18 11:09:00 - [TEST_STEP][PASSED] - runFeatureFile("Include/features/Main-Features/013-Check-Duration-Field.feature"): Feature file: 'Include/features/Main-Features/013-Check-Duration-Field.feature' was passed

2019-04-18 11:09:00 - [MESSAGE][INFO] - Starting run keyword runFeatureFile: 'Include/features/Main-Features/013-Check-Duration-Field.feature' and extract report to folder: 'C:\Users\HP\git\PMO-Web-Application\Reports\First-Test-Suite\20190418_110433/cucumber_report/1555574940125'...

2019-04-18 11:09:00 - [TEST_CASE][PASSED] - Start Test Case : SCENARIO check that duration field filled automatically: SCENARIO check that duration field filled automatically

2019-04-18 11:09:00 - [TEST_STEP][PASSED] - I want to open browser: I want to open browser

2019-04-18 11:09:00 - [MESSAGE][INFO] - Starting 'Chrome' driver

2019-04-18 11:09:02 - [MESSAGE][PASSED] - Browser is opened with url: ''

2019-04-18 11:09:02 - [MESSAGE][PASSED] - Delete all cookies successfully

2019-04-18 11:09:02 - [MESSAGE][PASSED] - I want to open browser

2019-04-18 11:09:02 - [TEST_STEP][PASSED] - I want to maximize window: I want to maximize window

2019-04-18 11:09:03 - [MESSAGE][PASSED] - Current window maximized

2019-04-18 11:09:03 - [MESSAGE][PASSED] - I want to maximize window

2019-04-18 11:09:03 - [TEST_STEP][PASSED] - I want to go to OOB: I want to go to OOB

2019-04-18 11:09:12 - [MESSAGE][PASSED] - Navigate to 'http://pmoadmin:P@ssw0rd@dev5.cloudapp.net/OOB2/' successfully

2019-04-18 11:09:12 - [MESSAGE][PASSED] - I want to go to OOB

2019-04-18 11:09:12 - [TEST_STEP][PASSED] - I want to verify I'm in OOB main page: I want to verify I'm in OOB main page

2019-04-18 11:09:12 - [MESSAGE][WARNING] - Timeout '0' is invalid. Using default page load timeout: '30'

2019-04-18 11:09:12 - [MESSAGE][PASSED] - Object 'Object Repository/OOB-Objects/OOB-Side-Bar' is present

2019-04-18 11:09:12 - [MESSAGE][PASSED] - I want to verify I'm in OOB main page

2019-04-18 11:09:12 - [TEST_STEP][PASSED] - I want to go to ideas list page: I want to go to ideas list page

2019-04-18 11:09:16 - [MESSAGE][PASSED] - Object: 'Object Repository/OOB-Objects/IdeasList' is clicked on

2019-04-18 11:09:16 - [MESSAGE][PASSED] - I want to go to ideas list page

2019-04-18 11:09:16 - [TEST_STEP][PASSED] - I want to click on Add New button: I want to click on Add New button

2019-04-18 11:09:17 - [MESSAGE][PASSED] - Object: 'Object Repository/PMO-Objects/Page_Project Request/Add-New-Project-Request' is clicked on

2019-04-18 11:09:17 - [MESSAGE][PASSED] - I want to click on Add New button

2019-04-18 11:09:17 - [TEST_STEP][PASSED] - I want to fill idea name field: I want to fill idea name field

2019-04-18 11:09:18 - [MESSAGE][PASSED] - Text 'Automation8767' is set on object 'Object Repository/PMO-Objects/Page_Add New Project Request/Idea-Name-Field'

2019-04-18 11:09:18 - [MESSAGE][PASSED] - I want to fill idea name field

2019-04-18 11:09:18 - [TEST_STEP][PASSED] - I want to select expected start date: I want to select expected start date

2019-04-18 11:09:18 - [MESSAGE][PASSED] - Object: 'Object Repository/PMO-Objects/Page_Add New Project Request/GREGORIAN-Start-date-Check-Box' is clicked on

2019-04-18 11:09:18 - [MESSAGE][PASSED] - Object: 'Object Repository/PMO-Objects/Page_Add New Project Request/Excepted-Start-Date' is clicked on

2019-04-18 11:09:18 - [MESSAGE][PASSED] - Object: 'Object Repository/PMO-Objects/Page_Add New Project Request/Day26' is hovered

2019-04-18 11:09:18 - [MESSAGE][PASSED] - Object: 'Object Repository/PMO-Objects/Page_Add New Project Request/Day26' is clicked on

2019-04-18 11:09:18 - [MESSAGE][PASSED] - I want to select expected start date

2019-04-18 11:09:18 - [TEST_STEP][PASSED] - I want to select expected end date: I want to select expected end date

2019-04-18 11:09:18 - [MESSAGE][PASSED] - Object 'Object Repository/PMO-Objects/Page_Add New Project Request/GREGORIAN-End-Date-Check-Box' is visible

2019-04-18 11:09:18 - [MESSAGE][PASSED] - Object: 'Object Repository/PMO-Objects/Page_Add New Project Request/GREGORIAN-End-Date-Check-Box' is clicked on

2019-04-18 11:09:19 - [MESSAGE][PASSED] - Object: 'Object Repository/PMO-Objects/Page_Add New Project Request/Excpected-End-Date' is hovered

2019-04-18 11:09:19 - [MESSAGE][PASSED] - Object: 'Object Repository/PMO-Objects/Page_Add New Project Request/Excpected-End-Date' is clicked on

2019-04-18 11:09:19 - [MESSAGE][PASSED] - All options with index in [4] are selected on object 'Object Repository/PMO-Objects/Page_Add New Project Request/EndDateMonthDropdown'

2019-04-18 11:09:19 - [MESSAGE][PASSED] - Object: 'Object Repository/PMO-Objects/Page_Add New Project Request/EndDateDay15' is hovered

2019-04-18 11:09:19 - [MESSAGE][PASSED] - Object: 'Object Repository/PMO-Objects/Page_Add New Project Request/EndDateDay15' is clicked on

2019-04-18 11:09:19 - [MESSAGE][PASSED] - I want to select expected end date

2019-04-18 11:09:19 - [TEST_STEP][PASSED] - I want to check duration field filled automatically: I want to check duration field filled automatically

2019-04-18 11:09:19 - [MESSAGE][PASSED] - Text of object 'Object Repository/PMO-Objects/Page_Add New Project Request/IdeaDurationField' is: ''

2019-04-18 11:09:19 - [MESSAGE][PASSED] - Actual object '' and expected object 'null' are not equal

2019-04-18 11:09:19 - [MESSAGE][PASSED] - I want to check duration field filled automatically

2019-04-18 11:09:19 - [MESSAGE][PASSED] - Feature file: 'Include/features/Main-Features/013-Check-Duration-Field.feature' was passed]]></system-out>
         <system-err><![CDATA[]]></system-err>
      </testcase>
      <testcase name="Test Cases/Main-Test-Cases/014-Verify-Hide-Optional-fields" classname="Test Cases/Main-Test-Cases/014-Verify-Hide-Optional-fields" status="PASSED">
         <system-out><![CDATA[2019-04-18 11:09:19 - [TEST_CASE][PASSED] - Test Cases/Main-Test-Cases/014-Verify-Hide-Optional-fields: Test Cases/Main-Test-Cases/014-Verify-Hide-Optional-fields

2019-04-18 11:09:20 - [TEST_STEP][PASSED] - runFeatureFile("Include/features/Main-Features/014-Verify-Hide-Optional-fields.feature"): Feature file: 'Include/features/Main-Features/014-Verify-Hide-Optional-fields.feature' was passed

2019-04-18 11:09:20 - [MESSAGE][INFO] - Starting run keyword runFeatureFile: 'Include/features/Main-Features/014-Verify-Hide-Optional-fields.feature' and extract report to folder: 'C:\Users\HP\git\PMO-Web-Application\Reports\First-Test-Suite\20190418_110433/cucumber_report/1555574960021'...

2019-04-18 11:09:20 - [TEST_CASE][PASSED] - Start Test Case : SCENARIO Verify Hide optional fields link: SCENARIO Verify Hide optional fields link

2019-04-18 11:09:20 - [TEST_STEP][PASSED] - I want to open browser: I want to open browser

2019-04-18 11:09:20 - [MESSAGE][WARNING] - A browser is already opened. Closing browser and opening a new one

2019-04-18 11:09:20 - [MESSAGE][INFO] - Starting 'Chrome' driver

2019-04-18 11:09:23 - [MESSAGE][PASSED] - Browser is opened with url: ''

2019-04-18 11:09:23 - [MESSAGE][PASSED] - Delete all cookies successfully

2019-04-18 11:09:23 - [MESSAGE][PASSED] - I want to open browser

2019-04-18 11:09:23 - [TEST_STEP][PASSED] - I want to maximize window: I want to maximize window

2019-04-18 11:09:24 - [MESSAGE][PASSED] - Current window maximized

2019-04-18 11:09:24 - [MESSAGE][PASSED] - I want to maximize window

2019-04-18 11:09:24 - [TEST_STEP][PASSED] - I want to go to OOB: I want to go to OOB

2019-04-18 11:09:33 - [MESSAGE][PASSED] - Navigate to 'http://pmoadmin:P@ssw0rd@dev5.cloudapp.net/OOB2/' successfully

2019-04-18 11:09:33 - [MESSAGE][PASSED] - I want to go to OOB

2019-04-18 11:09:33 - [TEST_STEP][PASSED] - I want to verify I'm in OOB main page: I want to verify I'm in OOB main page

2019-04-18 11:09:33 - [MESSAGE][WARNING] - Timeout '0' is invalid. Using default page load timeout: '30'

2019-04-18 11:09:33 - [MESSAGE][PASSED] - Object 'Object Repository/OOB-Objects/OOB-Side-Bar' is present

2019-04-18 11:09:33 - [MESSAGE][PASSED] - I want to verify I'm in OOB main page

2019-04-18 11:09:33 - [TEST_STEP][PASSED] - I want to go to ideas list page: I want to go to ideas list page

2019-04-18 11:09:39 - [MESSAGE][PASSED] - Object: 'Object Repository/OOB-Objects/IdeasList' is clicked on

2019-04-18 11:09:39 - [MESSAGE][PASSED] - I want to go to ideas list page

2019-04-18 11:09:39 - [TEST_STEP][PASSED] - I want to click on Add New button: I want to click on Add New button

2019-04-18 11:09:41 - [MESSAGE][PASSED] - Object: 'Object Repository/PMO-Objects/Page_Project Request/Add-New-Project-Request' is clicked on

2019-04-18 11:09:41 - [MESSAGE][PASSED] - I want to click on Add New button

2019-04-18 11:09:41 - [TEST_STEP][PASSED] - I want to click on Hide optional fields link: I want to click on Hide optional fields link

2019-04-18 11:09:41 - [MESSAGE][PASSED] - Object: 'Object Repository/PMO-Objects/Page_Add New Project Request/HideOptionalFields' is clicked on

2019-04-18 11:09:41 - [MESSAGE][PASSED] - I want to click on Hide optional fields link

2019-04-18 11:09:41 - [TEST_STEP][PASSED] - I want to verify optional fields disappear: I want to verify optional fields disappear

2019-04-18 11:09:41 - [MESSAGE][WARNING] - Timeout '0' is invalid. Using default page load timeout: '30'

2019-04-18 11:09:41 - [MESSAGE][PASSED] - Scroll to object 'Object Repository/PMO-Objects/Page_Add New Project Request/Add-New-Document-Button' successfully

2019-04-18 11:09:41 - [MESSAGE][PASSED] - Object 'Object Repository/PMO-Objects/Page_Add New Project Request/Notes-Field' is NOT visible

2019-04-18 11:09:41 - [MESSAGE][PASSED] - I want to verify optional fields disappear

2019-04-18 11:09:41 - [MESSAGE][PASSED] - Feature file: 'Include/features/Main-Features/014-Verify-Hide-Optional-fields.feature' was passed]]></system-out>
         <system-err><![CDATA[]]></system-err>
      </testcase>
      <testcase name="Test Cases/Main-Test-Cases/015-Verify-Show-Optional-fields" classname="Test Cases/Main-Test-Cases/015-Verify-Show-Optional-fields" status="PASSED">
         <system-out><![CDATA[2019-04-18 11:09:41 - [TEST_CASE][PASSED] - Test Cases/Main-Test-Cases/015-Verify-Show-Optional-fields: Test Cases/Main-Test-Cases/015-Verify-Show-Optional-fields

2019-04-18 11:09:41 - [TEST_STEP][PASSED] - runFeatureFile("Include/features/Main-Features/015-Verify-Show-Optional-fields.feature"): Feature file: 'Include/features/Main-Features/015-Verify-Show-Optional-fields.feature' was passed

2019-04-18 11:09:41 - [MESSAGE][INFO] - Starting run keyword runFeatureFile: 'Include/features/Main-Features/015-Verify-Show-Optional-fields.feature' and extract report to folder: 'C:\Users\HP\git\PMO-Web-Application\Reports\First-Test-Suite\20190418_110433/cucumber_report/1555574981826'...

2019-04-18 11:09:42 - [TEST_CASE][PASSED] - Start Test Case : SCENARIO Verify Show optional fields link: SCENARIO Verify Show optional fields link

2019-04-18 11:09:42 - [TEST_STEP][PASSED] - I want to open browser: I want to open browser

2019-04-18 11:09:42 - [MESSAGE][WARNING] - A browser is already opened. Closing browser and opening a new one

2019-04-18 11:09:42 - [MESSAGE][INFO] - Starting 'Chrome' driver

2019-04-18 11:09:44 - [MESSAGE][PASSED] - Browser is opened with url: ''

2019-04-18 11:09:44 - [MESSAGE][PASSED] - Delete all cookies successfully

2019-04-18 11:09:44 - [MESSAGE][PASSED] - I want to open browser

2019-04-18 11:09:44 - [TEST_STEP][PASSED] - I want to maximize window: I want to maximize window

2019-04-18 11:09:46 - [MESSAGE][PASSED] - Current window maximized

2019-04-18 11:09:46 - [MESSAGE][PASSED] - I want to maximize window

2019-04-18 11:09:46 - [TEST_STEP][PASSED] - I want to go to OOB: I want to go to OOB

2019-04-18 11:09:54 - [MESSAGE][PASSED] - Navigate to 'http://pmoadmin:P@ssw0rd@dev5.cloudapp.net/OOB2/' successfully

2019-04-18 11:09:54 - [MESSAGE][PASSED] - I want to go to OOB

2019-04-18 11:09:54 - [TEST_STEP][PASSED] - I want to verify I'm in OOB main page: I want to verify I'm in OOB main page

2019-04-18 11:09:54 - [MESSAGE][WARNING] - Timeout '0' is invalid. Using default page load timeout: '30'

2019-04-18 11:09:54 - [MESSAGE][PASSED] - Object 'Object Repository/OOB-Objects/OOB-Side-Bar' is present

2019-04-18 11:09:54 - [MESSAGE][PASSED] - I want to verify I'm in OOB main page

2019-04-18 11:09:54 - [TEST_STEP][PASSED] - I want to go to ideas list page: I want to go to ideas list page

2019-04-18 11:09:58 - [MESSAGE][PASSED] - Object: 'Object Repository/OOB-Objects/IdeasList' is clicked on

2019-04-18 11:09:58 - [MESSAGE][PASSED] - I want to go to ideas list page

2019-04-18 11:09:58 - [TEST_STEP][PASSED] - I want to click on Add New button: I want to click on Add New button

2019-04-18 11:09:59 - [MESSAGE][PASSED] - Object: 'Object Repository/PMO-Objects/Page_Project Request/Add-New-Project-Request' is clicked on

2019-04-18 11:09:59 - [MESSAGE][PASSED] - I want to click on Add New button

2019-04-18 11:09:59 - [TEST_STEP][PASSED] - I want to click on Hide optional fields link: I want to click on Hide optional fields link

2019-04-18 11:09:59 - [MESSAGE][PASSED] - Object: 'Object Repository/PMO-Objects/Page_Add New Project Request/HideOptionalFields' is clicked on

2019-04-18 11:09:59 - [MESSAGE][PASSED] - I want to click on Hide optional fields link

2019-04-18 11:09:59 - [TEST_STEP][PASSED] - I want to verify optional fields disappear: I want to verify optional fields disappear

2019-04-18 11:09:59 - [MESSAGE][WARNING] - Timeout '0' is invalid. Using default page load timeout: '30'

2019-04-18 11:09:59 - [MESSAGE][PASSED] - Scroll to object 'Object Repository/PMO-Objects/Page_Add New Project Request/Add-New-Document-Button' successfully

2019-04-18 11:09:59 - [MESSAGE][PASSED] - Object 'Object Repository/PMO-Objects/Page_Add New Project Request/Notes-Field' is NOT visible

2019-04-18 11:09:59 - [MESSAGE][PASSED] - I want to verify optional fields disappear

2019-04-18 11:09:59 - [TEST_STEP][PASSED] - I want to click on Show optional fields link: I want to click on Show optional fields link

2019-04-18 11:10:03 - [MESSAGE][PASSED] - Delayed 3 second(s)

2019-04-18 11:10:03 - [MESSAGE][WARNING] - Timeout '0' is invalid. Using default page load timeout: '30'

2019-04-18 11:10:03 - [MESSAGE][PASSED] - Scroll to object 'Object Repository/PMO-Objects/Page_Add New Project Request/HomePage-Breadcrumb' successfully

2019-04-18 11:10:03 - [MESSAGE][PASSED] - Object: 'Object Repository/PMO-Objects/Page_Add New Project Request/ShowOptionalFields' is clicked on

2019-04-18 11:10:03 - [MESSAGE][PASSED] - I want to click on Show optional fields link

2019-04-18 11:10:03 - [TEST_STEP][PASSED] - I want to verify optional fields appear: I want to verify optional fields appear

2019-04-18 11:10:03 - [MESSAGE][WARNING] - Timeout '0' is invalid. Using default page load timeout: '30'

2019-04-18 11:10:03 - [MESSAGE][PASSED] - Scroll to object 'Object Repository/PMO-Objects/Page_Add New Project Request/Add-New-Document-Button' successfully

2019-04-18 11:10:03 - [MESSAGE][PASSED] - Object 'Object Repository/PMO-Objects/Page_Add New Project Request/Notes-Field' is visible

2019-04-18 11:10:03 - [MESSAGE][PASSED] - I want to verify optional fields appear

2019-04-18 11:10:03 - [MESSAGE][PASSED] - Feature file: 'Include/features/Main-Features/015-Verify-Show-Optional-fields.feature' was passed]]></system-out>
         <system-err><![CDATA[]]></system-err>
      </testcase>
      <testcase name="Test Cases/Main-Test-Cases/016-Submit-Idea-and-Check-its-Sent-to-PMO" classname="Test Cases/Main-Test-Cases/016-Submit-Idea-and-Check-its-Sent-to-PMO" status="FAILED">
         <failure type="FAILED" message="Test Cases/Main-Test-Cases/016-Submit-Idea-and-Check-its-Sent-to-PMO FAILED.
Reason:
com.kms.katalon.core.exception.StepFailedException: Feature file 'Include/features/Main-Features/016-Submit-Idea-and-Check-its-Sent-to-PMO.feature' was failed
	at com.kms.katalon.core.keyword.internal.KeywordMain.stepFailed(KeywordMain.groovy:48)
	at com.kms.katalon.core.keyword.internal.KeywordMain.stepFailed(KeywordMain.groovy)
	at com.kms.katalon.core.keyword.internal.KeywordMain.stepFailed(KeywordMain.groovy:21)
	at com.kms.katalon.core.keyword.internal.KeywordMain$stepFailed$0.call(Unknown Source)
	at com.kms.katalon.core.cucumber.keyword.CucumberBuiltinKeywords$_runFeatureFile_closure1.doCall(CucumberBuiltinKeywords.groovy:82)
	at com.kms.katalon.core.cucumber.keyword.CucumberBuiltinKeywords$_runFeatureFile_closure1.doCall(CucumberBuiltinKeywords.groovy)
	at com.kms.katalon.core.keyword.internal.KeywordMain.runKeyword(KeywordMain.groovy:66)
	at com.kms.katalon.core.keyword.internal.KeywordMain$runKeyword.call(Unknown Source)
	at com.kms.katalon.core.cucumber.keyword.CucumberBuiltinKeywords.runFeatureFile(CucumberBuiltinKeywords.groovy:46)
	at com.kms.katalon.core.cucumber.keyword.CucumberBuiltinKeywords$runFeatureFile$0.callStatic(Unknown Source)
	at com.kms.katalon.core.cucumber.keyword.CucumberBuiltinKeywords.runFeatureFile(CucumberBuiltinKeywords.groovy:101)
	at com.kms.katalon.core.cucumber.keyword.CucumberBuiltinKeywords$runFeatureFile.call(Unknown Source)
	at 016-Submit-Idea-and-Check-its-Sent-to-PMO.run(016-Submit-Idea-and-Check-its-Sent-to-PMO:18)
	at com.kms.katalon.core.main.ScriptEngine.run(ScriptEngine.java:194)
	at com.kms.katalon.core.main.ScriptEngine.runScriptAsRawText(ScriptEngine.java:119)
	at com.kms.katalon.core.main.TestCaseExecutor.runScript(TestCaseExecutor.java:331)
	at com.kms.katalon.core.main.TestCaseExecutor.doExecute(TestCaseExecutor.java:322)
	at com.kms.katalon.core.main.TestCaseExecutor.processExecutionPhase(TestCaseExecutor.java:301)
	at com.kms.katalon.core.main.TestCaseExecutor.accessMainPhase(TestCaseExecutor.java:293)
	at com.kms.katalon.core.main.TestCaseExecutor.execute(TestCaseExecutor.java:227)
	at com.kms.katalon.core.main.TestSuiteExecutor.accessTestCaseMainPhase(TestSuiteExecutor.java:129)
	at com.kms.katalon.core.main.TestSuiteExecutor.accessTestSuiteMainPhase(TestSuiteExecutor.java:112)
	at com.kms.katalon.core.main.TestSuiteExecutor.execute(TestSuiteExecutor.java:81)
	at com.kms.katalon.core.main.TestCaseMain.startTestSuite(TestCaseMain.java:157)
	at com.kms.katalon.core.main.TestCaseMain$startTestSuite$0.call(Unknown Source)
	at TempTestSuite1555574673738.run(TempTestSuite1555574673738.groovy:35)
"/>
         <system-out><![CDATA[2019-04-18 11:10:03 - [TEST_CASE][FAILED] - Test Cases/Main-Test-Cases/016-Submit-Idea-and-Check-its-Sent-to-PMO: Test Cases/Main-Test-Cases/016-Submit-Idea-and-Check-its-Sent-to-PMO FAILED.
Reason:
com.kms.katalon.core.exception.StepFailedException: Feature file 'Include/features/Main-Features/016-Submit-Idea-and-Check-its-Sent-to-PMO.feature' was failed
	at com.kms.katalon.core.keyword.internal.KeywordMain.stepFailed(KeywordMain.groovy:48)
	at com.kms.katalon.core.keyword.internal.KeywordMain.stepFailed(KeywordMain.groovy)
	at com.kms.katalon.core.keyword.internal.KeywordMain.stepFailed(KeywordMain.groovy:21)
	at com.kms.katalon.core.keyword.internal.KeywordMain$stepFailed$0.call(Unknown Source)
	at com.kms.katalon.core.cucumber.keyword.CucumberBuiltinKeywords$_runFeatureFile_closure1.doCall(CucumberBuiltinKeywords.groovy:82)
	at com.kms.katalon.core.cucumber.keyword.CucumberBuiltinKeywords$_runFeatureFile_closure1.doCall(CucumberBuiltinKeywords.groovy)
	at com.kms.katalon.core.keyword.internal.KeywordMain.runKeyword(KeywordMain.groovy:66)
	at com.kms.katalon.core.keyword.internal.KeywordMain$runKeyword.call(Unknown Source)
	at com.kms.katalon.core.cucumber.keyword.CucumberBuiltinKeywords.runFeatureFile(CucumberBuiltinKeywords.groovy:46)
	at com.kms.katalon.core.cucumber.keyword.CucumberBuiltinKeywords$runFeatureFile$0.callStatic(Unknown Source)
	at com.kms.katalon.core.cucumber.keyword.CucumberBuiltinKeywords.runFeatureFile(CucumberBuiltinKeywords.groovy:101)
	at com.kms.katalon.core.cucumber.keyword.CucumberBuiltinKeywords$runFeatureFile.call(Unknown Source)
	at 016-Submit-Idea-and-Check-its-Sent-to-PMO.run(016-Submit-Idea-and-Check-its-Sent-to-PMO:18)
	at com.kms.katalon.core.main.ScriptEngine.run(ScriptEngine.java:194)
	at com.kms.katalon.core.main.ScriptEngine.runScriptAsRawText(ScriptEngine.java:119)
	at com.kms.katalon.core.main.TestCaseExecutor.runScript(TestCaseExecutor.java:331)
	at com.kms.katalon.core.main.TestCaseExecutor.doExecute(TestCaseExecutor.java:322)
	at com.kms.katalon.core.main.TestCaseExecutor.processExecutionPhase(TestCaseExecutor.java:301)
	at com.kms.katalon.core.main.TestCaseExecutor.accessMainPhase(TestCaseExecutor.java:293)
	at com.kms.katalon.core.main.TestCaseExecutor.execute(TestCaseExecutor.java:227)
	at com.kms.katalon.core.main.TestSuiteExecutor.accessTestCaseMainPhase(TestSuiteExecutor.java:129)
	at com.kms.katalon.core.main.TestSuiteExecutor.accessTestSuiteMainPhase(TestSuiteExecutor.java:112)
	at com.kms.katalon.core.main.TestSuiteExecutor.execute(TestSuiteExecutor.java:81)
	at com.kms.katalon.core.main.TestCaseMain.startTestSuite(TestCaseMain.java:157)
	at com.kms.katalon.core.main.TestCaseMain$startTestSuite$0.call(Unknown Source)
	at TempTestSuite1555574673738.run(TempTestSuite1555574673738.groovy:35)


2019-04-18 11:10:03 - [TEST_STEP][FAILED] - runFeatureFile("Include/features/Main-Features/016-Submit-Idea-and-Check-its-Sent-to-PMO.feature"): runFeatureFile("Include/features/Main-Features/016-Submit-Idea-and-Check-its-Sent-to-PMO.feature") FAILED.
Reason:
com.kms.katalon.core.exception.StepFailedException: Feature file 'Include/features/Main-Features/016-Submit-Idea-and-Check-its-Sent-to-PMO.feature' was failed
	at com.kms.katalon.core.keyword.internal.KeywordMain.stepFailed(KeywordMain.groovy:48)
	at com.kms.katalon.core.keyword.internal.KeywordMain.stepFailed(KeywordMain.groovy)
	at com.kms.katalon.core.keyword.internal.KeywordMain.stepFailed(KeywordMain.groovy:21)
	at com.kms.katalon.core.keyword.internal.KeywordMain$stepFailed$0.call(Unknown Source)
	at com.kms.katalon.core.cucumber.keyword.CucumberBuiltinKeywords$_runFeatureFile_closure1.doCall(CucumberBuiltinKeywords.groovy:82)
	at com.kms.katalon.core.cucumber.keyword.CucumberBuiltinKeywords$_runFeatureFile_closure1.doCall(CucumberBuiltinKeywords.groovy)
	at com.kms.katalon.core.keyword.internal.KeywordMain.runKeyword(KeywordMain.groovy:66)
	at com.kms.katalon.core.keyword.internal.KeywordMain$runKeyword.call(Unknown Source)
	at com.kms.katalon.core.cucumber.keyword.CucumberBuiltinKeywords.runFeatureFile(CucumberBuiltinKeywords.groovy:46)
	at com.kms.katalon.core.cucumber.keyword.CucumberBuiltinKeywords$runFeatureFile$0.callStatic(Unknown Source)
	at com.kms.katalon.core.cucumber.keyword.CucumberBuiltinKeywords.runFeatureFile(CucumberBuiltinKeywords.groovy:101)
	at com.kms.katalon.core.cucumber.keyword.CucumberBuiltinKeywords$runFeatureFile.call(Unknown Source)
	at 016-Submit-Idea-and-Check-its-Sent-to-PMO.run(016-Submit-Idea-and-Check-its-Sent-to-PMO:18)
	at com.kms.katalon.core.main.ScriptEngine.run(ScriptEngine.java:194)
	at com.kms.katalon.core.main.ScriptEngine.runScriptAsRawText(ScriptEngine.java:119)
	at com.kms.katalon.core.main.TestCaseExecutor.runScript(TestCaseExecutor.java:331)
	at com.kms.katalon.core.main.TestCaseExecutor.doExecute(TestCaseExecutor.java:322)
	at com.kms.katalon.core.main.TestCaseExecutor.processExecutionPhase(TestCaseExecutor.java:301)
	at com.kms.katalon.core.main.TestCaseExecutor.accessMainPhase(TestCaseExecutor.java:293)
	at com.kms.katalon.core.main.TestCaseExecutor.execute(TestCaseExecutor.java:227)
	at com.kms.katalon.core.main.TestSuiteExecutor.accessTestCaseMainPhase(TestSuiteExecutor.java:129)
	at com.kms.katalon.core.main.TestSuiteExecutor.accessTestSuiteMainPhase(TestSuiteExecutor.java:112)
	at com.kms.katalon.core.main.TestSuiteExecutor.execute(TestSuiteExecutor.java:81)
	at com.kms.katalon.core.main.TestCaseMain.startTestSuite(TestCaseMain.java:157)
	at com.kms.katalon.core.main.TestCaseMain$startTestSuite$0.call(Unknown Source)
	at TempTestSuite1555574673738.run(TempTestSuite1555574673738.groovy:35)


2019-04-18 11:10:03 - [MESSAGE][INFO] - Starting run keyword runFeatureFile: 'Include/features/Main-Features/016-Submit-Idea-and-Check-its-Sent-to-PMO.feature' and extract report to folder: 'C:\Users\HP\git\PMO-Web-Application\Reports\First-Test-Suite\20190418_110433/cucumber_report/1555575003558'...

2019-04-18 11:10:03 - [TEST_CASE][FAILED] - Start Test Case : SCENARIO Submit idea and check it has been sent to PMO: SCENARIO Submit idea and check it has been sent to PMO FAILED.
Reason:
com.kms.katalon.core.exception.StepFailedException: Unable to set text 'Automation6662' of object 'Object Repository/PMO-Objects/Page_Add New Project Request/Idea-Name-Field'
	at com.kms.katalon.core.webui.keyword.internal.WebUIKeywordMain.stepFailed(WebUIKeywordMain.groovy:64)
	at com.kms.katalon.core.webui.keyword.internal.WebUIKeywordMain.runKeyword(WebUIKeywordMain.groovy:26)
	at com.kms.katalon.core.webui.keyword.builtin.SetTextKeyword.setText(SetTextKeyword.groovy:65)
	at com.kms.katalon.core.webui.keyword.builtin.SetTextKeyword.execute(SetTextKeyword.groovy:37)
	at com.kms.katalon.core.keyword.internal.KeywordExecutor.executeKeywordForPlatform(KeywordExecutor.groovy:56)
	at com.kms.katalon.core.webui.keyword.WebUiBuiltInKeywords.setText(WebUiBuiltInKeywords.groovy:950)
	at com.kms.katalon.core.webui.keyword.WebUiBuiltInKeywords$setText$6.call(Unknown Source)
	at com.pmo.steps.AddIdeaSteps.fillIdeaNameField(AddIdeaSteps.groovy:109)
	at ✽.I want to fill idea name field(C:/Users/HP/git/PMO-Web-Application/Include/features/Main-Features/016-Submit-Idea-and-Check-its-Sent-to-PMO.feature:13)
Caused by: com.kms.katalon.core.webui.exception.WebElementNotFoundException: Web element with id: 'Object Repository/PMO-Objects/Page_Add New Project Request/Idea-Name-Field' located by 'By.xpath: //input[@id='TxtIdeaName']' not found
	at com.kms.katalon.core.webui.common.WebUiCommonHelper.findWebElement(WebUiCommonHelper.java:1053)
	at com.kms.katalon.core.webui.keyword.internal.WebUIAbstractKeyword.findWebElement(WebUIAbstractKeyword.groovy:27)
	at com.kms.katalon.core.webui.keyword.internal.WebUIAbstractKeyword.findWebElement(WebUIAbstractKeyword.groovy:26)
	at com.kms.katalon.core.webui.keyword.builtin.SetTextKeyword$_setText_closure1.doCall(SetTextKeyword.groovy:51)
	at com.kms.katalon.core.webui.keyword.builtin.SetTextKeyword$_setText_closure1.call(SetTextKeyword.groovy)
	at com.kms.katalon.core.webui.keyword.internal.WebUIKeywordMain.runKeyword(WebUIKeywordMain.groovy:20)
	at com.kms.katalon.core.webui.keyword.builtin.SetTextKeyword.setText(SetTextKeyword.groovy:65)
	at com.kms.katalon.core.webui.keyword.builtin.SetTextKeyword.execute(SetTextKeyword.groovy:37)
	at com.kms.katalon.core.keyword.internal.KeywordExecutor.executeKeywordForPlatform(KeywordExecutor.groovy:56)
	at com.kms.katalon.core.webui.keyword.WebUiBuiltInKeywords.setText(WebUiBuiltInKeywords.groovy:950)
	at com.kms.katalon.core.webui.keyword.WebUiBuiltInKeywords$setText$6.call(Unknown Source)
	at com.pmo.steps.AddIdeaSteps.fillIdeaNameField(AddIdeaSteps.groovy:109)
	at cucumber.runtime.Utils$1.call(Utils.java:26)
	at cucumber.runtime.Timeout.timeout(Timeout.java:16)
	at cucumber.runtime.Utils.invoke(Utils.java:20)
	at cucumber.runtime.java.JavaStepDefinition.execute(JavaStepDefinition.java:48)
	at cucumber.runtime.PickleStepDefinitionMatch.runStep(PickleStepDefinitionMatch.java:50)
	at cucumber.runner.TestStep.executeStep(TestStep.java:55)
	at cucumber.runner.TestStep.run(TestStep.java:42)
	at cucumber.runner.PickleStepTestStep.run(PickleStepTestStep.java:53)
	at cucumber.runner.TestCase.run(TestCase.java:47)
	at cucumber.runner.Runner.runPickle(Runner.java:44)
	at cucumber.runtime.Runtime.runFeature(Runtime.java:120)
	at cucumber.runtime.Runtime.run(Runtime.java:106)
	at cucumber.api.cli.Main.run(Main.java:35)
	at cucumber.api.cli.Main$run.call(Unknown Source)
	at com.kms.katalon.core.cucumber.keyword.CucumberBuiltinKeywords$_runFeatureFile_closure1.doCall(CucumberBuiltinKeywords.groovy:76)
	at com.kms.katalon.core.cucumber.keyword.CucumberBuiltinKeywords$_runFeatureFile_closure1.doCall(CucumberBuiltinKeywords.groovy)
	at com.kms.katalon.core.keyword.internal.KeywordMain.runKeyword(KeywordMain.groovy:66)
	at com.kms.katalon.core.keyword.internal.KeywordMain$runKeyword.call(Unknown Source)
	at com.kms.katalon.core.cucumber.keyword.CucumberBuiltinKeywords.runFeatureFile(CucumberBuiltinKeywords.groovy:46)
	at com.kms.katalon.core.cucumber.keyword.CucumberBuiltinKeywords$runFeatureFile$0.callStatic(Unknown Source)
	at com.kms.katalon.core.cucumber.keyword.CucumberBuiltinKeywords.runFeatureFile(CucumberBuiltinKeywords.groovy:101)
	at com.kms.katalon.core.cucumber.keyword.CucumberBuiltinKeywords$runFeatureFile.call(Unknown Source)
	at Script1555418230443.run(Script1555418230443.groovy:18)
	at com.kms.katalon.core.main.ScriptEngine.run(ScriptEngine.java:194)
	at com.kms.katalon.core.main.ScriptEngine.runScriptAsRawText(ScriptEngine.java:119)
	at com.kms.katalon.core.main.TestCaseExecutor.runScript(TestCaseExecutor.java:331)
	at com.kms.katalon.core.main.TestCaseExecutor.doExecute(TestCaseExecutor.java:322)
	at com.kms.katalon.core.main.TestCaseExecutor.processExecutionPhase(TestCaseExecutor.java:301)
	at com.kms.katalon.core.main.TestCaseExecutor.accessMainPhase(TestCaseExecutor.java:293)
	at com.kms.katalon.core.main.TestCaseExecutor.execute(TestCaseExecutor.java:227)
	at com.kms.katalon.core.main.TestSuiteExecutor.accessTestCaseMainPhase(TestSuiteExecutor.java:129)
	at com.kms.katalon.core.main.TestSuiteExecutor.accessTestSuiteMainPhase(TestSuiteExecutor.java:112)
	at com.kms.katalon.core.main.TestSuiteExecutor.execute(TestSuiteExecutor.java:81)
	at com.kms.katalon.core.main.TestCaseMain.startTestSuite(TestCaseMain.java:157)
	at com.kms.katalon.core.main.TestCaseMain$startTestSuite$0.call(Unknown Source)
	at TempTestSuite1555574673738.run(TempTestSuite1555574673738.groovy:35)


2019-04-18 11:10:03 - [TEST_STEP][PASSED] - I want to open browser: I want to open browser

2019-04-18 11:10:03 - [MESSAGE][WARNING] - A browser is already opened. Closing browser and opening a new one

2019-04-18 11:10:04 - [MESSAGE][INFO] - Starting 'Chrome' driver

2019-04-18 11:10:06 - [MESSAGE][PASSED] - Browser is opened with url: ''

2019-04-18 11:10:06 - [MESSAGE][PASSED] - Delete all cookies successfully

2019-04-18 11:10:06 - [MESSAGE][PASSED] - I want to open browser

2019-04-18 11:10:06 - [TEST_STEP][PASSED] - I want to maximize window: I want to maximize window

2019-04-18 11:10:07 - [MESSAGE][PASSED] - Current window maximized

2019-04-18 11:10:07 - [MESSAGE][PASSED] - I want to maximize window

2019-04-18 11:10:07 - [TEST_STEP][PASSED] - I want to go to OOB: I want to go to OOB

2019-04-18 11:10:17 - [MESSAGE][PASSED] - Navigate to 'http://pmoadmin:P@ssw0rd@dev5.cloudapp.net/OOB2/' successfully

2019-04-18 11:10:17 - [MESSAGE][PASSED] - I want to go to OOB

2019-04-18 11:10:17 - [TEST_STEP][PASSED] - I want to verify I'm in OOB main page: I want to verify I'm in OOB main page

2019-04-18 11:10:17 - [MESSAGE][WARNING] - Timeout '0' is invalid. Using default page load timeout: '30'

2019-04-18 11:10:17 - [MESSAGE][PASSED] - Object 'Object Repository/OOB-Objects/OOB-Side-Bar' is present

2019-04-18 11:10:17 - [MESSAGE][PASSED] - I want to verify I'm in OOB main page

2019-04-18 11:10:17 - [TEST_STEP][PASSED] - I want to go to ideas list page: I want to go to ideas list page

2019-04-18 11:10:22 - [MESSAGE][PASSED] - Object: 'Object Repository/OOB-Objects/IdeasList' is clicked on

2019-04-18 11:10:22 - [MESSAGE][PASSED] - I want to go to ideas list page

2019-04-18 11:10:22 - [TEST_STEP][PASSED] - I want to click on Add New button: I want to click on Add New button

2019-04-18 11:10:23 - [MESSAGE][PASSED] - Object: 'Object Repository/PMO-Objects/Page_Project Request/Add-New-Project-Request' is clicked on

2019-04-18 11:10:23 - [MESSAGE][PASSED] - I want to click on Add New button

2019-04-18 11:10:23 - [TEST_STEP][FAILED] - I want to fill idea name field: I want to fill idea name field FAILED.
Reason:
com.kms.katalon.core.exception.StepFailedException: Unable to set text 'Automation6662' of object 'Object Repository/PMO-Objects/Page_Add New Project Request/Idea-Name-Field'
	at com.kms.katalon.core.webui.keyword.internal.WebUIKeywordMain.stepFailed(WebUIKeywordMain.groovy:64)
	at com.kms.katalon.core.webui.keyword.internal.WebUIKeywordMain.runKeyword(WebUIKeywordMain.groovy:26)
	at com.kms.katalon.core.webui.keyword.builtin.SetTextKeyword.setText(SetTextKeyword.groovy:65)
	at com.kms.katalon.core.webui.keyword.builtin.SetTextKeyword.execute(SetTextKeyword.groovy:37)
	at com.kms.katalon.core.keyword.internal.KeywordExecutor.executeKeywordForPlatform(KeywordExecutor.groovy:56)
	at com.kms.katalon.core.webui.keyword.WebUiBuiltInKeywords.setText(WebUiBuiltInKeywords.groovy:950)
	at com.kms.katalon.core.webui.keyword.WebUiBuiltInKeywords$setText$6.call(Unknown Source)
	at com.pmo.steps.AddIdeaSteps.fillIdeaNameField(AddIdeaSteps.groovy:109)
	at ✽.I want to fill idea name field(C:/Users/HP/git/PMO-Web-Application/Include/features/Main-Features/016-Submit-Idea-and-Check-its-Sent-to-PMO.feature:13)
Caused by: com.kms.katalon.core.webui.exception.WebElementNotFoundException: Web element with id: 'Object Repository/PMO-Objects/Page_Add New Project Request/Idea-Name-Field' located by 'By.xpath: //input[@id='TxtIdeaName']' not found
	at com.kms.katalon.core.webui.common.WebUiCommonHelper.findWebElement(WebUiCommonHelper.java:1053)
	at com.kms.katalon.core.webui.keyword.internal.WebUIAbstractKeyword.findWebElement(WebUIAbstractKeyword.groovy:27)
	at com.kms.katalon.core.webui.keyword.internal.WebUIAbstractKeyword.findWebElement(WebUIAbstractKeyword.groovy:26)
	at com.kms.katalon.core.webui.keyword.builtin.SetTextKeyword$_setText_closure1.doCall(SetTextKeyword.groovy:51)
	at com.kms.katalon.core.webui.keyword.builtin.SetTextKeyword$_setText_closure1.call(SetTextKeyword.groovy)
	at com.kms.katalon.core.webui.keyword.internal.WebUIKeywordMain.runKeyword(WebUIKeywordMain.groovy:20)
	at com.kms.katalon.core.webui.keyword.builtin.SetTextKeyword.setText(SetTextKeyword.groovy:65)
	at com.kms.katalon.core.webui.keyword.builtin.SetTextKeyword.execute(SetTextKeyword.groovy:37)
	at com.kms.katalon.core.keyword.internal.KeywordExecutor.executeKeywordForPlatform(KeywordExecutor.groovy:56)
	at com.kms.katalon.core.webui.keyword.WebUiBuiltInKeywords.setText(WebUiBuiltInKeywords.groovy:950)
	at com.kms.katalon.core.webui.keyword.WebUiBuiltInKeywords$setText$6.call(Unknown Source)
	at com.pmo.steps.AddIdeaSteps.fillIdeaNameField(AddIdeaSteps.groovy:109)
	at cucumber.runtime.Utils$1.call(Utils.java:26)
	at cucumber.runtime.Timeout.timeout(Timeout.java:16)
	at cucumber.runtime.Utils.invoke(Utils.java:20)
	at cucumber.runtime.java.JavaStepDefinition.execute(JavaStepDefinition.java:48)
	at cucumber.runtime.PickleStepDefinitionMatch.runStep(PickleStepDefinitionMatch.java:50)
	at cucumber.runner.TestStep.executeStep(TestStep.java:55)
	at cucumber.runner.TestStep.run(TestStep.java:42)
	at cucumber.runner.PickleStepTestStep.run(PickleStepTestStep.java:53)
	at cucumber.runner.TestCase.run(TestCase.java:47)
	at cucumber.runner.Runner.runPickle(Runner.java:44)
	at cucumber.runtime.Runtime.runFeature(Runtime.java:120)
	at cucumber.runtime.Runtime.run(Runtime.java:106)
	at cucumber.api.cli.Main.run(Main.java:35)
	at cucumber.api.cli.Main$run.call(Unknown Source)
	at com.kms.katalon.core.cucumber.keyword.CucumberBuiltinKeywords$_runFeatureFile_closure1.doCall(CucumberBuiltinKeywords.groovy:76)
	at com.kms.katalon.core.cucumber.keyword.CucumberBuiltinKeywords$_runFeatureFile_closure1.doCall(CucumberBuiltinKeywords.groovy)
	at com.kms.katalon.core.keyword.internal.KeywordMain.runKeyword(KeywordMain.groovy:66)
	at com.kms.katalon.core.keyword.internal.KeywordMain$runKeyword.call(Unknown Source)
	at com.kms.katalon.core.cucumber.keyword.CucumberBuiltinKeywords.runFeatureFile(CucumberBuiltinKeywords.groovy:46)
	at com.kms.katalon.core.cucumber.keyword.CucumberBuiltinKeywords$runFeatureFile$0.callStatic(Unknown Source)
	at com.kms.katalon.core.cucumber.keyword.CucumberBuiltinKeywords.runFeatureFile(CucumberBuiltinKeywords.groovy:101)
	at com.kms.katalon.core.cucumber.keyword.CucumberBuiltinKeywords$runFeatureFile.call(Unknown Source)
	at Script1555418230443.run(Script1555418230443.groovy:18)
	at com.kms.katalon.core.main.ScriptEngine.run(ScriptEngine.java:194)
	at com.kms.katalon.core.main.ScriptEngine.runScriptAsRawText(ScriptEngine.java:119)
	at com.kms.katalon.core.main.TestCaseExecutor.runScript(TestCaseExecutor.java:331)
	at com.kms.katalon.core.main.TestCaseExecutor.doExecute(TestCaseExecutor.java:322)
	at com.kms.katalon.core.main.TestCaseExecutor.processExecutionPhase(TestCaseExecutor.java:301)
	at com.kms.katalon.core.main.TestCaseExecutor.accessMainPhase(TestCaseExecutor.java:293)
	at com.kms.katalon.core.main.TestCaseExecutor.execute(TestCaseExecutor.java:227)
	at com.kms.katalon.core.main.TestSuiteExecutor.accessTestCaseMainPhase(TestSuiteExecutor.java:129)
	at com.kms.katalon.core.main.TestSuiteExecutor.accessTestSuiteMainPhase(TestSuiteExecutor.java:112)
	at com.kms.katalon.core.main.TestSuiteExecutor.execute(TestSuiteExecutor.java:81)
	at com.kms.katalon.core.main.TestCaseMain.startTestSuite(TestCaseMain.java:157)
	at com.kms.katalon.core.main.TestCaseMain$startTestSuite$0.call(Unknown Source)
	at TempTestSuite1555574673738.run(TempTestSuite1555574673738.groovy:35)


2019-04-18 11:10:54 - [MESSAGE][INFO] - Unable to find the element located by 'By.xpath: //input[@id='TxtIdeaName']'. Please recheck the objects properties to make sure the desired element is located. 

2019-04-18 11:10:55 - [MESSAGE][FAILED] - Unable to set text 'Automation6662' of object 'Object Repository/PMO-Objects/Page_Add New Project Request/Idea-Name-Field' (Root cause: com.kms.katalon.core.exception.StepFailedException: Unable to set text 'Automation6662' of object 'Object Repository/PMO-Objects/Page_Add New Project Request/Idea-Name-Field'
	at com.kms.katalon.core.webui.keyword.internal.WebUIKeywordMain.stepFailed(WebUIKeywordMain.groovy:64)
	at com.kms.katalon.core.webui.keyword.internal.WebUIKeywordMain.runKeyword(WebUIKeywordMain.groovy:26)
	at com.kms.katalon.core.webui.keyword.builtin.SetTextKeyword.setText(SetTextKeyword.groovy:65)
	at com.kms.katalon.core.webui.keyword.builtin.SetTextKeyword.execute(SetTextKeyword.groovy:37)
	at com.kms.katalon.core.keyword.internal.KeywordExecutor.executeKeywordForPlatform(KeywordExecutor.groovy:56)
	at com.kms.katalon.core.webui.keyword.WebUiBuiltInKeywords.setText(WebUiBuiltInKeywords.groovy:950)
	at com.kms.katalon.core.webui.keyword.WebUiBuiltInKeywords$setText$6.call(Unknown Source)
	at com.pmo.steps.AddIdeaSteps.fillIdeaNameField(AddIdeaSteps.groovy:109)
	at cucumber.runtime.Utils$1.call(Utils.java:26)
	at cucumber.runtime.Timeout.timeout(Timeout.java:16)
	at cucumber.runtime.Utils.invoke(Utils.java:20)
	at cucumber.runtime.java.JavaStepDefinition.execute(JavaStepDefinition.java:48)
	at cucumber.runtime.PickleStepDefinitionMatch.runStep(PickleStepDefinitionMatch.java:50)
	at cucumber.runner.TestStep.executeStep(TestStep.java:55)
	at cucumber.runner.TestStep.run(TestStep.java:42)
	at cucumber.runner.PickleStepTestStep.run(PickleStepTestStep.java:53)
	at cucumber.runner.TestCase.run(TestCase.java:47)
	at cucumber.runner.Runner.runPickle(Runner.java:44)
	at cucumber.runtime.Runtime.runFeature(Runtime.java:120)
	at cucumber.runtime.Runtime.run(Runtime.java:106)
	at cucumber.api.cli.Main.run(Main.java:35)
	at cucumber.api.cli.Main$run.call(Unknown Source)
	at com.kms.katalon.core.cucumber.keyword.CucumberBuiltinKeywords$_runFeatureFile_closure1.doCall(CucumberBuiltinKeywords.groovy:76)
	at com.kms.katalon.core.cucumber.keyword.CucumberBuiltinKeywords$_runFeatureFile_closure1.doCall(CucumberBuiltinKeywords.groovy)
	at com.kms.katalon.core.keyword.internal.KeywordMain.runKeyword(KeywordMain.groovy:66)
	at com.kms.katalon.core.keyword.internal.KeywordMain$runKeyword.call(Unknown Source)
	at com.kms.katalon.core.cucumber.keyword.CucumberBuiltinKeywords.runFeatureFile(CucumberBuiltinKeywords.groovy:46)
	at com.kms.katalon.core.cucumber.keyword.CucumberBuiltinKeywords$runFeatureFile$0.callStatic(Unknown Source)
	at com.kms.katalon.core.cucumber.keyword.CucumberBuiltinKeywords.runFeatureFile(CucumberBuiltinKeywords.groovy:101)
	at com.kms.katalon.core.cucumber.keyword.CucumberBuiltinKeywords$runFeatureFile.call(Unknown Source)
	at 016-Submit-Idea-and-Check-its-Sent-to-PMO.run(016-Submit-Idea-and-Check-its-Sent-to-PMO:18)
	at com.kms.katalon.core.main.ScriptEngine.run(ScriptEngine.java:194)
	at com.kms.katalon.core.main.ScriptEngine.runScriptAsRawText(ScriptEngine.java:119)
	at com.kms.katalon.core.main.TestCaseExecutor.runScript(TestCaseExecutor.java:331)
	at com.kms.katalon.core.main.TestCaseExecutor.doExecute(TestCaseExecutor.java:322)
	at com.kms.katalon.core.main.TestCaseExecutor.processExecutionPhase(TestCaseExecutor.java:301)
	at com.kms.katalon.core.main.TestCaseExecutor.accessMainPhase(TestCaseExecutor.java:293)
	at com.kms.katalon.core.main.TestCaseExecutor.execute(TestCaseExecutor.java:227)
	at com.kms.katalon.core.main.TestSuiteExecutor.accessTestCaseMainPhase(TestSuiteExecutor.java:129)
	at com.kms.katalon.core.main.TestSuiteExecutor.accessTestSuiteMainPhase(TestSuiteExecutor.java:112)
	at com.kms.katalon.core.main.TestSuiteExecutor.execute(TestSuiteExecutor.java:81)
	at com.kms.katalon.core.main.TestCaseMain.startTestSuite(TestCaseMain.java:157)
	at com.kms.katalon.core.main.TestCaseMain$startTestSuite$0.call(Unknown Source)
	at TempTestSuite1555574673738.run(TempTestSuite1555574673738.groovy:35)
Caused by: com.kms.katalon.core.webui.exception.WebElementNotFoundException: Web element with id: 'Object Repository/PMO-Objects/Page_Add New Project Request/Idea-Name-Field' located by 'By.xpath: //input[@id='TxtIdeaName']' not found
	at com.kms.katalon.core.webui.common.WebUiCommonHelper.findWebElement(WebUiCommonHelper.java:1053)
	at com.kms.katalon.core.webui.keyword.internal.WebUIAbstractKeyword.findWebElement(WebUIAbstractKeyword.groovy:27)
	at com.kms.katalon.core.webui.keyword.internal.WebUIAbstractKeyword.findWebElement(WebUIAbstractKeyword.groovy:26)
	at com.kms.katalon.core.webui.keyword.builtin.SetTextKeyword$_setText_closure1.doCall(SetTextKeyword.groovy:51)
	at com.kms.katalon.core.webui.keyword.builtin.SetTextKeyword$_setText_closure1.call(SetTextKeyword.groovy)
	at com.kms.katalon.core.webui.keyword.internal.WebUIKeywordMain.runKeyword(WebUIKeywordMain.groovy:20)
	at com.kms.katalon.core.webui.keyword.builtin.SetTextKeyword.setText(SetTextKeyword.groovy:65)
	at com.kms.katalon.core.webui.keyword.builtin.SetTextKeyword.execute(SetTextKeyword.groovy:37)
	at com.kms.katalon.core.keyword.internal.KeywordExecutor.executeKeywordForPlatform(KeywordExecutor.groovy:56)
	at com.kms.katalon.core.webui.keyword.WebUiBuiltInKeywords.setText(WebUiBuiltInKeywords.groovy:950)
	at com.kms.katalon.core.webui.keyword.WebUiBuiltInKeywords$setText$6.call(Unknown Source)
	at com.pmo.steps.AddIdeaSteps.fillIdeaNameField(AddIdeaSteps.groovy:109)
	at cucumber.runtime.Utils$1.call(Utils.java:26)
	at cucumber.runtime.Timeout.timeout(Timeout.java:16)
	at cucumber.runtime.Utils.invoke(Utils.java:20)
	at cucumber.runtime.java.JavaStepDefinition.execute(JavaStepDefinition.java:48)
	at cucumber.runtime.PickleStepDefinitionMatch.runStep(PickleStepDefinitionMatch.java:50)
	at cucumber.runner.TestStep.executeStep(TestStep.java:55)
	at cucumber.runner.TestStep.run(TestStep.java:42)
	at cucumber.runner.PickleStepTestStep.run(PickleStepTestStep.java:53)
	at cucumber.runner.TestCase.run(TestCase.java:47)
	at cucumber.runner.Runner.runPickle(Runner.java:44)
	at cucumber.runtime.Runtime.runFeature(Runtime.java:120)
	at cucumber.runtime.Runtime.run(Runtime.java:106)
	at cucumber.api.cli.Main.run(Main.java:35)
	at cucumber.api.cli.Main$run.call(Unknown Source)
	at com.kms.katalon.core.cucumber.keyword.CucumberBuiltinKeywords$_runFeatureFile_closure1.doCall(CucumberBuiltinKeywords.groovy:76)
	at com.kms.katalon.core.cucumber.keyword.CucumberBuiltinKeywords$_runFeatureFile_closure1.doCall(CucumberBuiltinKeywords.groovy)
	at com.kms.katalon.core.keyword.internal.KeywordMain.runKeyword(KeywordMain.groovy:66)
	at com.kms.katalon.core.keyword.internal.KeywordMain$runKeyword.call(Unknown Source)
	at com.kms.katalon.core.cucumber.keyword.CucumberBuiltinKeywords.runFeatureFile(CucumberBuiltinKeywords.groovy:46)
	at com.kms.katalon.core.cucumber.keyword.CucumberBuiltinKeywords$runFeatureFile$0.callStatic(Unknown Source)
	at com.kms.katalon.core.cucumber.keyword.CucumberBuiltinKeywords.runFeatureFile(CucumberBuiltinKeywords.groovy:101)
	at com.kms.katalon.core.cucumber.keyword.CucumberBuiltinKeywords$runFeatureFile.call(Unknown Source)
	at Script1555418230443.run(Script1555418230443.groovy:18)
	... 13 more
)
[[ATTACHMENT|C:\\Users\\HP\\git\\PMO-Web-Application\\Reports\\First-Test-Suite\\20190418_110433\\1555575054894.png]]

2019-04-18 11:10:55 - [MESSAGE][FAILED] - I want to fill idea name field FAILED.
Reason:
com.kms.katalon.core.exception.StepFailedException: Unable to set text 'Automation6662' of object 'Object Repository/PMO-Objects/Page_Add New Project Request/Idea-Name-Field'
	at com.kms.katalon.core.webui.keyword.internal.WebUIKeywordMain.stepFailed(WebUIKeywordMain.groovy:64)
	at com.kms.katalon.core.webui.keyword.internal.WebUIKeywordMain.runKeyword(WebUIKeywordMain.groovy:26)
	at com.kms.katalon.core.webui.keyword.builtin.SetTextKeyword.setText(SetTextKeyword.groovy:65)
	at com.kms.katalon.core.webui.keyword.builtin.SetTextKeyword.execute(SetTextKeyword.groovy:37)
	at com.kms.katalon.core.keyword.internal.KeywordExecutor.executeKeywordForPlatform(KeywordExecutor.groovy:56)
	at com.kms.katalon.core.webui.keyword.WebUiBuiltInKeywords.setText(WebUiBuiltInKeywords.groovy:950)
	at com.kms.katalon.core.webui.keyword.WebUiBuiltInKeywords$setText$6.call(Unknown Source)
	at com.pmo.steps.AddIdeaSteps.fillIdeaNameField(AddIdeaSteps.groovy:109)
	at ✽.I want to fill idea name field(C:/Users/HP/git/PMO-Web-Application/Include/features/Main-Features/016-Submit-Idea-and-Check-its-Sent-to-PMO.feature:13)
Caused by: com.kms.katalon.core.webui.exception.WebElementNotFoundException: Web element with id: 'Object Repository/PMO-Objects/Page_Add New Project Request/Idea-Name-Field' located by 'By.xpath: //input[@id='TxtIdeaName']' not found
	at com.kms.katalon.core.webui.common.WebUiCommonHelper.findWebElement(WebUiCommonHelper.java:1053)
	at com.kms.katalon.core.webui.keyword.internal.WebUIAbstractKeyword.findWebElement(WebUIAbstractKeyword.groovy:27)
	at com.kms.katalon.core.webui.keyword.internal.WebUIAbstractKeyword.findWebElement(WebUIAbstractKeyword.groovy:26)
	at com.kms.katalon.core.webui.keyword.builtin.SetTextKeyword$_setText_closure1.doCall(SetTextKeyword.groovy:51)
	at com.kms.katalon.core.webui.keyword.builtin.SetTextKeyword$_setText_closure1.call(SetTextKeyword.groovy)
	at com.kms.katalon.core.webui.keyword.internal.WebUIKeywordMain.runKeyword(WebUIKeywordMain.groovy:20)
	at com.kms.katalon.core.webui.keyword.builtin.SetTextKeyword.setText(SetTextKeyword.groovy:65)
	at com.kms.katalon.core.webui.keyword.builtin.SetTextKeyword.execute(SetTextKeyword.groovy:37)
	at com.kms.katalon.core.keyword.internal.KeywordExecutor.executeKeywordForPlatform(KeywordExecutor.groovy:56)
	at com.kms.katalon.core.webui.keyword.WebUiBuiltInKeywords.setText(WebUiBuiltInKeywords.groovy:950)
	at com.kms.katalon.core.webui.keyword.WebUiBuiltInKeywords$setText$6.call(Unknown Source)
	at com.pmo.steps.AddIdeaSteps.fillIdeaNameField(AddIdeaSteps.groovy:109)
	at cucumber.runtime.Utils$1.call(Utils.java:26)
	at cucumber.runtime.Timeout.timeout(Timeout.java:16)
	at cucumber.runtime.Utils.invoke(Utils.java:20)
	at cucumber.runtime.java.JavaStepDefinition.execute(JavaStepDefinition.java:48)
	at cucumber.runtime.PickleStepDefinitionMatch.runStep(PickleStepDefinitionMatch.java:50)
	at cucumber.runner.TestStep.executeStep(TestStep.java:55)
	at cucumber.runner.TestStep.run(TestStep.java:42)
	at cucumber.runner.PickleStepTestStep.run(PickleStepTestStep.java:53)
	at cucumber.runner.TestCase.run(TestCase.java:47)
	at cucumber.runner.Runner.runPickle(Runner.java:44)
	at cucumber.runtime.Runtime.runFeature(Runtime.java:120)
	at cucumber.runtime.Runtime.run(Runtime.java:106)
	at cucumber.api.cli.Main.run(Main.java:35)
	at cucumber.api.cli.Main$run.call(Unknown Source)
	at com.kms.katalon.core.cucumber.keyword.CucumberBuiltinKeywords$_runFeatureFile_closure1.doCall(CucumberBuiltinKeywords.groovy:76)
	at com.kms.katalon.core.cucumber.keyword.CucumberBuiltinKeywords$_runFeatureFile_closure1.doCall(CucumberBuiltinKeywords.groovy)
	at com.kms.katalon.core.keyword.internal.KeywordMain.runKeyword(KeywordMain.groovy:66)
	at com.kms.katalon.core.keyword.internal.KeywordMain$runKeyword.call(Unknown Source)
	at com.kms.katalon.core.cucumber.keyword.CucumberBuiltinKeywords.runFeatureFile(CucumberBuiltinKeywords.groovy:46)
	at com.kms.katalon.core.cucumber.keyword.CucumberBuiltinKeywords$runFeatureFile$0.callStatic(Unknown Source)
	at com.kms.katalon.core.cucumber.keyword.CucumberBuiltinKeywords.runFeatureFile(CucumberBuiltinKeywords.groovy:101)
	at com.kms.katalon.core.cucumber.keyword.CucumberBuiltinKeywords$runFeatureFile.call(Unknown Source)
	at Script1555418230443.run(Script1555418230443.groovy:18)
	at com.kms.katalon.core.main.ScriptEngine.run(ScriptEngine.java:194)
	at com.kms.katalon.core.main.ScriptEngine.runScriptAsRawText(ScriptEngine.java:119)
	at com.kms.katalon.core.main.TestCaseExecutor.runScript(TestCaseExecutor.java:331)
	at com.kms.katalon.core.main.TestCaseExecutor.doExecute(TestCaseExecutor.java:322)
	at com.kms.katalon.core.main.TestCaseExecutor.processExecutionPhase(TestCaseExecutor.java:301)
	at com.kms.katalon.core.main.TestCaseExecutor.accessMainPhase(TestCaseExecutor.java:293)
	at com.kms.katalon.core.main.TestCaseExecutor.execute(TestCaseExecutor.java:227)
	at com.kms.katalon.core.main.TestSuiteExecutor.accessTestCaseMainPhase(TestSuiteExecutor.java:129)
	at com.kms.katalon.core.main.TestSuiteExecutor.accessTestSuiteMainPhase(TestSuiteExecutor.java:112)
	at com.kms.katalon.core.main.TestSuiteExecutor.execute(TestSuiteExecutor.java:81)
	at com.kms.katalon.core.main.TestCaseMain.startTestSuite(TestCaseMain.java:157)
	at com.kms.katalon.core.main.TestCaseMain$startTestSuite$0.call(Unknown Source)
	at TempTestSuite1555574673738.run(TempTestSuite1555574673738.groovy:35)


2019-04-18 11:10:55 - [TEST_STEP][NOT_RUN] - I want to select expected start date: I want to select expected start date

2019-04-18 11:10:55 - [MESSAGE][NOT_RUN] - I want to select expected start date

2019-04-18 11:10:55 - [TEST_STEP][NOT_RUN] - I want to select expected end date: I want to select expected end date

2019-04-18 11:10:55 - [MESSAGE][NOT_RUN] - I want to select expected end date

2019-04-18 11:10:55 - [TEST_STEP][NOT_RUN] - I want to fill idea objective field: I want to fill idea objective field

2019-04-18 11:10:55 - [MESSAGE][NOT_RUN] - I want to fill idea objective field

2019-04-18 11:10:55 - [TEST_STEP][NOT_RUN] - I want to fill expected budget field: I want to fill expected budget field

2019-04-18 11:10:55 - [MESSAGE][NOT_RUN] - I want to fill expected budget field

2019-04-18 11:10:55 - [TEST_STEP][NOT_RUN] - I want to fill Notes field: I want to fill Notes field

2019-04-18 11:10:55 - [MESSAGE][NOT_RUN] - I want to fill Notes field

2019-04-18 11:10:55 - [TEST_STEP][NOT_RUN] - I want to click send idea button: I want to click send idea button

2019-04-18 11:10:55 - [MESSAGE][NOT_RUN] - I want to click send idea button

2019-04-18 11:10:55 - [TEST_STEP][NOT_RUN] - I want to verify idea added successfuly: I want to verify idea added successfuly

2019-04-18 11:10:55 - [MESSAGE][NOT_RUN] - I want to verify idea added successfuly

2019-04-18 11:10:55 - [TEST_STEP][NOT_RUN] - I want to verify submitted idea cannot be deleted or edited: I want to verify submitted idea cannot be deleted or edited

2019-04-18 11:10:55 - [MESSAGE][NOT_RUN] - I want to verify submitted idea cannot be deleted or edited

2019-04-18 11:10:55 - [TEST_STEP][NOT_RUN] - I want to check submitted idea status is In Progress: I want to check submitted idea status is In Progress

2019-04-18 11:10:55 - [MESSAGE][NOT_RUN] - I want to check submitted idea status is In Progress

2019-04-18 11:10:55 - [TEST_STEP][NOT_RUN] - I want to check submitted idea sent to PMO office for approval: I want to check submitted idea sent to PMO office for approval

2019-04-18 11:10:55 - [MESSAGE][NOT_RUN] - I want to check submitted idea sent to PMO office for approval

2019-04-18 11:10:55 - [TEST_STEP][NOT_RUN] - I want to close browser: I want to close browser

2019-04-18 11:10:55 - [MESSAGE][NOT_RUN] - I want to close browser

2019-04-18 11:10:55 - [MESSAGE][FAILED] - Feature file 'Include/features/Main-Features/016-Submit-Idea-and-Check-its-Sent-to-PMO.feature' was failed

2019-04-18 11:10:55 - [MESSAGE][FAILED] - Keyword runFeatureFile was failed (Root cause: com.kms.katalon.core.exception.StepFailedException: Feature file 'Include/features/Main-Features/016-Submit-Idea-and-Check-its-Sent-to-PMO.feature' was failed
	at com.kms.katalon.core.keyword.internal.KeywordMain.stepFailed(KeywordMain.groovy:48)
	at com.kms.katalon.core.keyword.internal.KeywordMain.stepFailed(KeywordMain.groovy)
	at com.kms.katalon.core.keyword.internal.KeywordMain.stepFailed(KeywordMain.groovy:21)
	at com.kms.katalon.core.keyword.internal.KeywordMain$stepFailed$0.call(Unknown Source)
	at com.kms.katalon.core.cucumber.keyword.CucumberBuiltinKeywords$_runFeatureFile_closure1.doCall(CucumberBuiltinKeywords.groovy:82)
	at com.kms.katalon.core.cucumber.keyword.CucumberBuiltinKeywords$_runFeatureFile_closure1.doCall(CucumberBuiltinKeywords.groovy)
	at com.kms.katalon.core.keyword.internal.KeywordMain.runKeyword(KeywordMain.groovy:66)
	at com.kms.katalon.core.keyword.internal.KeywordMain$runKeyword.call(Unknown Source)
	at com.kms.katalon.core.cucumber.keyword.CucumberBuiltinKeywords.runFeatureFile(CucumberBuiltinKeywords.groovy:46)
	at com.kms.katalon.core.cucumber.keyword.CucumberBuiltinKeywords$runFeatureFile$0.callStatic(Unknown Source)
	at com.kms.katalon.core.cucumber.keyword.CucumberBuiltinKeywords.runFeatureFile(CucumberBuiltinKeywords.groovy:101)
	at com.kms.katalon.core.cucumber.keyword.CucumberBuiltinKeywords$runFeatureFile.call(Unknown Source)
	at 016-Submit-Idea-and-Check-its-Sent-to-PMO.run(016-Submit-Idea-and-Check-its-Sent-to-PMO:18)
	at com.kms.katalon.core.main.ScriptEngine.run(ScriptEngine.java:194)
	at com.kms.katalon.core.main.ScriptEngine.runScriptAsRawText(ScriptEngine.java:119)
	at com.kms.katalon.core.main.TestCaseExecutor.runScript(TestCaseExecutor.java:331)
	at com.kms.katalon.core.main.TestCaseExecutor.doExecute(TestCaseExecutor.java:322)
	at com.kms.katalon.core.main.TestCaseExecutor.processExecutionPhase(TestCaseExecutor.java:301)
	at com.kms.katalon.core.main.TestCaseExecutor.accessMainPhase(TestCaseExecutor.java:293)
	at com.kms.katalon.core.main.TestCaseExecutor.execute(TestCaseExecutor.java:227)
	at com.kms.katalon.core.main.TestSuiteExecutor.accessTestCaseMainPhase(TestSuiteExecutor.java:129)
	at com.kms.katalon.core.main.TestSuiteExecutor.accessTestSuiteMainPhase(TestSuiteExecutor.java:112)
	at com.kms.katalon.core.main.TestSuiteExecutor.execute(TestSuiteExecutor.java:81)
	at com.kms.katalon.core.main.TestCaseMain.startTestSuite(TestCaseMain.java:157)
	at com.kms.katalon.core.main.TestCaseMain$startTestSuite$0.call(Unknown Source)
	at TempTestSuite1555574673738.run(TempTestSuite1555574673738.groovy:35)
)

2019-04-18 11:10:55 - [MESSAGE][FAILED] - runFeatureFile("Include/features/Main-Features/016-Submit-Idea-and-Check-its-Sent-to-PMO.feature") FAILED.
Reason:
com.kms.katalon.core.exception.StepFailedException: Feature file 'Include/features/Main-Features/016-Submit-Idea-and-Check-its-Sent-to-PMO.feature' was failed
	at com.kms.katalon.core.keyword.internal.KeywordMain.stepFailed(KeywordMain.groovy:48)
	at com.kms.katalon.core.keyword.internal.KeywordMain.stepFailed(KeywordMain.groovy)
	at com.kms.katalon.core.keyword.internal.KeywordMain.stepFailed(KeywordMain.groovy:21)
	at com.kms.katalon.core.keyword.internal.KeywordMain$stepFailed$0.call(Unknown Source)
	at com.kms.katalon.core.cucumber.keyword.CucumberBuiltinKeywords$_runFeatureFile_closure1.doCall(CucumberBuiltinKeywords.groovy:82)
	at com.kms.katalon.core.cucumber.keyword.CucumberBuiltinKeywords$_runFeatureFile_closure1.doCall(CucumberBuiltinKeywords.groovy)
	at com.kms.katalon.core.keyword.internal.KeywordMain.runKeyword(KeywordMain.groovy:66)
	at com.kms.katalon.core.keyword.internal.KeywordMain$runKeyword.call(Unknown Source)
	at com.kms.katalon.core.cucumber.keyword.CucumberBuiltinKeywords.runFeatureFile(CucumberBuiltinKeywords.groovy:46)
	at com.kms.katalon.core.cucumber.keyword.CucumberBuiltinKeywords$runFeatureFile$0.callStatic(Unknown Source)
	at com.kms.katalon.core.cucumber.keyword.CucumberBuiltinKeywords.runFeatureFile(CucumberBuiltinKeywords.groovy:101)
	at com.kms.katalon.core.cucumber.keyword.CucumberBuiltinKeywords$runFeatureFile.call(Unknown Source)
	at 016-Submit-Idea-and-Check-its-Sent-to-PMO.run(016-Submit-Idea-and-Check-its-Sent-to-PMO:18)
	at com.kms.katalon.core.main.ScriptEngine.run(ScriptEngine.java:194)
	at com.kms.katalon.core.main.ScriptEngine.runScriptAsRawText(ScriptEngine.java:119)
	at com.kms.katalon.core.main.TestCaseExecutor.runScript(TestCaseExecutor.java:331)
	at com.kms.katalon.core.main.TestCaseExecutor.doExecute(TestCaseExecutor.java:322)
	at com.kms.katalon.core.main.TestCaseExecutor.processExecutionPhase(TestCaseExecutor.java:301)
	at com.kms.katalon.core.main.TestCaseExecutor.accessMainPhase(TestCaseExecutor.java:293)
	at com.kms.katalon.core.main.TestCaseExecutor.execute(TestCaseExecutor.java:227)
	at com.kms.katalon.core.main.TestSuiteExecutor.accessTestCaseMainPhase(TestSuiteExecutor.java:129)
	at com.kms.katalon.core.main.TestSuiteExecutor.accessTestSuiteMainPhase(TestSuiteExecutor.java:112)
	at com.kms.katalon.core.main.TestSuiteExecutor.execute(TestSuiteExecutor.java:81)
	at com.kms.katalon.core.main.TestCaseMain.startTestSuite(TestCaseMain.java:157)
	at com.kms.katalon.core.main.TestCaseMain$startTestSuite$0.call(Unknown Source)
	at TempTestSuite1555574673738.run(TempTestSuite1555574673738.groovy:35)]]></system-out>
         <system-err><![CDATA[2019-04-18 11:10:03 - [TEST_CASE][FAILED] - Test Cases/Main-Test-Cases/016-Submit-Idea-and-Check-its-Sent-to-PMO: Test Cases/Main-Test-Cases/016-Submit-Idea-and-Check-its-Sent-to-PMO FAILED.
Reason:
com.kms.katalon.core.exception.StepFailedException: Feature file 'Include/features/Main-Features/016-Submit-Idea-and-Check-its-Sent-to-PMO.feature' was failed
	at com.kms.katalon.core.keyword.internal.KeywordMain.stepFailed(KeywordMain.groovy:48)
	at com.kms.katalon.core.keyword.internal.KeywordMain.stepFailed(KeywordMain.groovy)
	at com.kms.katalon.core.keyword.internal.KeywordMain.stepFailed(KeywordMain.groovy:21)
	at com.kms.katalon.core.keyword.internal.KeywordMain$stepFailed$0.call(Unknown Source)
	at com.kms.katalon.core.cucumber.keyword.CucumberBuiltinKeywords$_runFeatureFile_closure1.doCall(CucumberBuiltinKeywords.groovy:82)
	at com.kms.katalon.core.cucumber.keyword.CucumberBuiltinKeywords$_runFeatureFile_closure1.doCall(CucumberBuiltinKeywords.groovy)
	at com.kms.katalon.core.keyword.internal.KeywordMain.runKeyword(KeywordMain.groovy:66)
	at com.kms.katalon.core.keyword.internal.KeywordMain$runKeyword.call(Unknown Source)
	at com.kms.katalon.core.cucumber.keyword.CucumberBuiltinKeywords.runFeatureFile(CucumberBuiltinKeywords.groovy:46)
	at com.kms.katalon.core.cucumber.keyword.CucumberBuiltinKeywords$runFeatureFile$0.callStatic(Unknown Source)
	at com.kms.katalon.core.cucumber.keyword.CucumberBuiltinKeywords.runFeatureFile(CucumberBuiltinKeywords.groovy:101)
	at com.kms.katalon.core.cucumber.keyword.CucumberBuiltinKeywords$runFeatureFile.call(Unknown Source)
	at 016-Submit-Idea-and-Check-its-Sent-to-PMO.run(016-Submit-Idea-and-Check-its-Sent-to-PMO:18)
	at com.kms.katalon.core.main.ScriptEngine.run(ScriptEngine.java:194)
	at com.kms.katalon.core.main.ScriptEngine.runScriptAsRawText(ScriptEngine.java:119)
	at com.kms.katalon.core.main.TestCaseExecutor.runScript(TestCaseExecutor.java:331)
	at com.kms.katalon.core.main.TestCaseExecutor.doExecute(TestCaseExecutor.java:322)
	at com.kms.katalon.core.main.TestCaseExecutor.processExecutionPhase(TestCaseExecutor.java:301)
	at com.kms.katalon.core.main.TestCaseExecutor.accessMainPhase(TestCaseExecutor.java:293)
	at com.kms.katalon.core.main.TestCaseExecutor.execute(TestCaseExecutor.java:227)
	at com.kms.katalon.core.main.TestSuiteExecutor.accessTestCaseMainPhase(TestSuiteExecutor.java:129)
	at com.kms.katalon.core.main.TestSuiteExecutor.accessTestSuiteMainPhase(TestSuiteExecutor.java:112)
	at com.kms.katalon.core.main.TestSuiteExecutor.execute(TestSuiteExecutor.java:81)
	at com.kms.katalon.core.main.TestCaseMain.startTestSuite(TestCaseMain.java:157)
	at com.kms.katalon.core.main.TestCaseMain$startTestSuite$0.call(Unknown Source)
	at TempTestSuite1555574673738.run(TempTestSuite1555574673738.groovy:35)]]></system-err>
      </testcase>
      <testcase name="Test Cases/Main-Test-Cases/017-Save-Draft-Idea-then-Send-it" classname="Test Cases/Main-Test-Cases/017-Save-Draft-Idea-then-Send-it" status="PASSED">
         <system-out><![CDATA[2019-04-18 11:10:55 - [TEST_CASE][PASSED] - Test Cases/Main-Test-Cases/017-Save-Draft-Idea-then-Send-it: Test Cases/Main-Test-Cases/017-Save-Draft-Idea-then-Send-it

2019-04-18 11:10:55 - [TEST_STEP][PASSED] - runFeatureFile("Include/features/Main-Features/017-Save-Draft-Idea-then-Send-it.feature"): Feature file: 'Include/features/Main-Features/017-Save-Draft-Idea-then-Send-it.feature' was passed

2019-04-18 11:10:55 - [MESSAGE][INFO] - Starting run keyword runFeatureFile: 'Include/features/Main-Features/017-Save-Draft-Idea-then-Send-it.feature' and extract report to folder: 'C:\Users\HP\git\PMO-Web-Application\Reports\First-Test-Suite\20190418_110433/cucumber_report/1555575055459'...

2019-04-18 11:10:55 - [TEST_CASE][PASSED] - Start Test Case : SCENARIO Submit draft idea and check it can be editted and deleted: SCENARIO Submit draft idea and check it can be editted and deleted

2019-04-18 11:10:55 - [TEST_STEP][PASSED] - I want to open browser: I want to open browser

2019-04-18 11:10:55 - [MESSAGE][WARNING] - A browser is already opened. Closing browser and opening a new one

2019-04-18 11:10:56 - [MESSAGE][INFO] - Starting 'Chrome' driver

2019-04-18 11:10:58 - [MESSAGE][PASSED] - Browser is opened with url: ''

2019-04-18 11:10:58 - [MESSAGE][PASSED] - Delete all cookies successfully

2019-04-18 11:10:58 - [MESSAGE][PASSED] - I want to open browser

2019-04-18 11:10:58 - [TEST_STEP][PASSED] - I want to maximize window: I want to maximize window

2019-04-18 11:10:59 - [MESSAGE][PASSED] - Current window maximized

2019-04-18 11:10:59 - [MESSAGE][PASSED] - I want to maximize window

2019-04-18 11:10:59 - [TEST_STEP][PASSED] - I want to go to OOB: I want to go to OOB

2019-04-18 11:11:34 - [MESSAGE][PASSED] - Navigate to 'http://pmoadmin:P@ssw0rd@dev5.cloudapp.net/OOB2/' successfully

2019-04-18 11:11:34 - [MESSAGE][PASSED] - I want to go to OOB

2019-04-18 11:11:34 - [TEST_STEP][PASSED] - I want to verify I'm in OOB main page: I want to verify I'm in OOB main page

2019-04-18 11:11:34 - [MESSAGE][WARNING] - Timeout '0' is invalid. Using default page load timeout: '30'

2019-04-18 11:11:34 - [MESSAGE][PASSED] - Object 'Object Repository/OOB-Objects/OOB-Side-Bar' is present

2019-04-18 11:11:34 - [MESSAGE][PASSED] - I want to verify I'm in OOB main page

2019-04-18 11:11:34 - [TEST_STEP][PASSED] - I want to go to ideas list page: I want to go to ideas list page

2019-04-18 11:11:44 - [MESSAGE][PASSED] - Object: 'Object Repository/OOB-Objects/IdeasList' is clicked on

2019-04-18 11:11:44 - [MESSAGE][PASSED] - I want to go to ideas list page

2019-04-18 11:11:44 - [TEST_STEP][PASSED] - I want to click on Add New button: I want to click on Add New button

2019-04-18 11:11:46 - [MESSAGE][PASSED] - Object: 'Object Repository/PMO-Objects/Page_Project Request/Add-New-Project-Request' is clicked on

2019-04-18 11:11:46 - [MESSAGE][PASSED] - I want to click on Add New button

2019-04-18 11:11:46 - [TEST_STEP][PASSED] - I want to fill idea name field: I want to fill idea name field

2019-04-18 11:11:46 - [MESSAGE][PASSED] - Text 'Automation452' is set on object 'Object Repository/PMO-Objects/Page_Add New Project Request/Idea-Name-Field'

2019-04-18 11:11:46 - [MESSAGE][PASSED] - I want to fill idea name field

2019-04-18 11:11:46 - [TEST_STEP][PASSED] - I want to select expected start date: I want to select expected start date

2019-04-18 11:11:46 - [MESSAGE][PASSED] - Object: 'Object Repository/PMO-Objects/Page_Add New Project Request/GREGORIAN-Start-date-Check-Box' is clicked on

2019-04-18 11:11:47 - [MESSAGE][PASSED] - Object: 'Object Repository/PMO-Objects/Page_Add New Project Request/Excepted-Start-Date' is clicked on

2019-04-18 11:11:47 - [MESSAGE][PASSED] - Object: 'Object Repository/PMO-Objects/Page_Add New Project Request/Day26' is hovered

2019-04-18 11:11:47 - [MESSAGE][PASSED] - Object: 'Object Repository/PMO-Objects/Page_Add New Project Request/Day26' is clicked on

2019-04-18 11:11:47 - [MESSAGE][PASSED] - I want to select expected start date

2019-04-18 11:11:47 - [TEST_STEP][PASSED] - I want to select expected end date: I want to select expected end date

2019-04-18 11:11:47 - [MESSAGE][PASSED] - Object 'Object Repository/PMO-Objects/Page_Add New Project Request/GREGORIAN-End-Date-Check-Box' is visible

2019-04-18 11:11:47 - [MESSAGE][PASSED] - Object: 'Object Repository/PMO-Objects/Page_Add New Project Request/GREGORIAN-End-Date-Check-Box' is clicked on

2019-04-18 11:11:47 - [MESSAGE][PASSED] - Object: 'Object Repository/PMO-Objects/Page_Add New Project Request/Excpected-End-Date' is hovered

2019-04-18 11:11:47 - [MESSAGE][PASSED] - Object: 'Object Repository/PMO-Objects/Page_Add New Project Request/Excpected-End-Date' is clicked on

2019-04-18 11:11:47 - [MESSAGE][PASSED] - All options with index in [4] are selected on object 'Object Repository/PMO-Objects/Page_Add New Project Request/EndDateMonthDropdown'

2019-04-18 11:11:48 - [MESSAGE][PASSED] - Object: 'Object Repository/PMO-Objects/Page_Add New Project Request/EndDateDay15' is hovered

2019-04-18 11:11:48 - [MESSAGE][PASSED] - Object: 'Object Repository/PMO-Objects/Page_Add New Project Request/EndDateDay15' is clicked on

2019-04-18 11:11:48 - [MESSAGE][PASSED] - I want to select expected end date

2019-04-18 11:11:48 - [TEST_STEP][PASSED] - I want to fill idea objective field: I want to fill idea objective field

2019-04-18 11:11:48 - [MESSAGE][PASSED] - Text 'Automation' is set on object 'Object Repository/PMO-Objects/Page_Add New Project Request/Idea-Objective-Field'

2019-04-18 11:11:48 - [MESSAGE][PASSED] - I want to fill idea objective field

2019-04-18 11:11:48 - [TEST_STEP][PASSED] - I want to fill expected budget field: I want to fill expected budget field

2019-04-18 11:11:48 - [MESSAGE][PASSED] - Text '10000' is set on object 'Object Repository/PMO-Objects/Page_Add New Project Request/Expected-Budget-Field'

2019-04-18 11:11:48 - [MESSAGE][PASSED] - I want to fill expected budget field

2019-04-18 11:11:48 - [TEST_STEP][PASSED] - I want to fill Notes field: I want to fill Notes field

2019-04-18 11:11:48 - [MESSAGE][PASSED] - Text 'test note' is set on object 'Object Repository/PMO-Objects/Page_Add New Project Request/Notes-Field'

2019-04-18 11:11:48 - [MESSAGE][PASSED] - I want to fill Notes field

2019-04-18 11:11:48 - [TEST_STEP][PASSED] - I want to click save idea button: I want to click save idea button

2019-04-18 11:11:48 - [MESSAGE][WARNING] - Timeout '0' is invalid. Using default page load timeout: '30'

2019-04-18 11:11:48 - [MESSAGE][PASSED] - Object 'Object Repository/SaveIdeaButton' is present

2019-04-18 11:11:48 - [MESSAGE][WARNING] - Timeout '0' is invalid. Using default page load timeout: '30'

2019-04-18 11:11:48 - [MESSAGE][PASSED] - Object 'Object Repository/SaveIdeaButton' is clickable

2019-04-18 11:11:49 - [MESSAGE][PASSED] - Object: 'Object Repository/SaveIdeaButton' is clicked on

2019-04-18 11:11:49 - [MESSAGE][WARNING] - Timeout '0' is invalid. Using default page load timeout: '30'

2019-04-18 11:11:49 - [MESSAGE][PASSED] - Wait for page load successfully

2019-04-18 11:11:49 - [MESSAGE][PASSED] - I want to click save idea button

2019-04-18 11:11:49 - [TEST_STEP][PASSED] - I want to wait for page load: I want to wait for page load

2019-04-18 11:11:49 - [MESSAGE][WARNING] - Timeout '0' is invalid. Using default page load timeout: '30'

2019-04-18 11:11:49 - [MESSAGE][PASSED] - Wait for page load successfully

2019-04-18 11:11:51 - [MESSAGE][PASSED] - Refresh successfully

2019-04-18 11:11:51 - [MESSAGE][PASSED] - I want to wait for page load

2019-04-18 11:11:51 - [TEST_STEP][PASSED] - I want to go to ideas list page: I want to go to ideas list page

2019-04-18 11:11:53 - [MESSAGE][PASSED] - Object: 'Object Repository/OOB-Objects/IdeasList' is clicked on

2019-04-18 11:11:53 - [MESSAGE][PASSED] - I want to go to ideas list page

2019-04-18 11:11:53 - [TEST_STEP][PASSED] - I want to search on saved idea: I want to search on saved idea

2019-04-18 11:11:53 - [MESSAGE][PASSED] - Text 'Automation452' is set on object 'Object Repository/PMO-Objects/Page_Project Request/SearchField'

2019-04-18 11:11:55 - [MESSAGE][PASSED] - Actual text and expected text of test object 'Object Repository/PMO-Objects/Page_Project Request/SearchResult' are matched.

2019-04-18 11:11:55 - [MESSAGE][PASSED] - I want to search on saved idea

2019-04-18 11:11:55 - [TEST_STEP][PASSED] - I want to click on edit idea icon: I want to click on edit idea icon

2019-04-18 11:11:56 - [MESSAGE][PASSED] - Object: 'Object Repository/PMO-Objects/Page_Add New Project Request/EditIdea' is clicked on

2019-04-18 11:11:56 - [MESSAGE][PASSED] - I want to click on edit idea icon

2019-04-18 11:11:56 - [TEST_STEP][PASSED] - I want to click send idea button: I want to click send idea button

2019-04-18 11:11:56 - [MESSAGE][WARNING] - Timeout '0' is invalid. Using default page load timeout: '30'

2019-04-18 11:11:56 - [MESSAGE][PASSED] - Scroll to object 'Object Repository/PMO-Objects/Page_Add New Project Request/CardBlock' successfully

2019-04-18 11:11:56 - [MESSAGE][PASSED] - Object: 'Object Repository/PMO-Objects/Page_Add New Project Request/SendIdeaButton' is focused

2019-04-18 11:11:56 - [MESSAGE][PASSED] - Object: 'Object Repository/PMO-Objects/Page_Add New Project Request/SendIdeaButton' is hovered

2019-04-18 11:11:56 - [MESSAGE][PASSED] - Object 'Object Repository/PMO-Objects/Page_Add New Project Request/SendIdeaButton' is clickable

2019-04-18 11:11:56 - [MESSAGE][PASSED] - Object: 'Object Repository/PMO-Objects/Page_Add New Project Request/SendIdeaButton' is clicked on

2019-04-18 11:11:56 - [MESSAGE][PASSED] - I want to click send idea button

2019-04-18 11:11:56 - [TEST_STEP][PASSED] - I want to verify idea added successfuly: I want to verify idea added successfuly

2019-04-18 11:11:56 - [MESSAGE][WARNING] - Timeout '0' is invalid. Using default page load timeout: '30'

2019-04-18 11:11:56 - [MESSAGE][PASSED] - Wait for page load successfully

2019-04-18 11:11:59 - [MESSAGE][PASSED] - Text 'Automation452' is set on object 'Object Repository/PMO-Objects/Page_Project Request/SearchField'

2019-04-18 11:12:01 - [MESSAGE][PASSED] - Actual text and expected text of test object 'Object Repository/PMO-Objects/Page_Project Request/SearchResult' are matched.

2019-04-18 11:12:01 - [MESSAGE][PASSED] - I want to verify idea added successfuly

2019-04-18 11:12:01 - [TEST_STEP][PASSED] - I want to verify submitted idea cannot be deleted or edited: I want to verify submitted idea cannot be deleted or edited

2019-04-18 11:12:01 - [MESSAGE][WARNING] - Timeout '0' is invalid. Using default page load timeout: '30'

2019-04-18 11:12:01 - [MESSAGE][PASSED] - Web element with id: 'Object Repository/PMO-Objects/Page_Add New Project Request/DeleteIdeaIcon' located by 'By.xpath: //*[@id='btnDelete']
' is not present after '30' second(s)

2019-04-18 11:12:01 - [MESSAGE][WARNING] - Timeout '0' is invalid. Using default page load timeout: '30'

2019-04-18 11:12:01 - [MESSAGE][PASSED] - Web element with id: 'Object Repository/PMO-Objects/Page_Add New Project Request/EditIdea' located by 'By.xpath: //table[@id='ideasTable']/tbody/tr/td[4]/a/i' is not present after '30' second(s)

2019-04-18 11:12:01 - [MESSAGE][PASSED] - I want to verify submitted idea cannot be deleted or edited

2019-04-18 11:12:01 - [TEST_STEP][PASSED] - I want to check submitted idea status is In Progress: I want to check submitted idea status is In Progress

2019-04-18 11:12:01 - [MESSAGE][PASSED] - Actual text and expected text of test object 'Object Repository/PMO-Objects/Page_Add New Project Request/IdeaStatus' are matched.

2019-04-18 11:12:01 - [MESSAGE][PASSED] - I want to check submitted idea status is In Progress

2019-04-18 11:12:01 - [TEST_STEP][PASSED] - I want to check submitted idea sent to PMO office for approval: I want to check submitted idea sent to PMO office for approval

2019-04-18 11:12:06 - [MESSAGE][PASSED] - Object: 'Object Repository/OOB-Objects/InboxIcon' is clicked on

2019-04-18 11:12:07 - [MESSAGE][PASSED] - Object: 'Object Repository/PMO-Objects/InboxPage/BeforeInitiatePhase' is clicked on

2019-04-18 11:12:07 - [MESSAGE][PASSED] - Actual text and expected text of test object 'Object Repository/PMO-Objects/InboxPage/BeforeInitiateObjects/IdeaPhase' are matched.

2019-04-18 11:12:07 - [MESSAGE][PASSED] - I want to check submitted idea sent to PMO office for approval

2019-04-18 11:12:07 - [TEST_STEP][PASSED] - I want to close browser: I want to close browser

2019-04-18 11:12:07 - [MESSAGE][PASSED] - Browser is closed

2019-04-18 11:12:07 - [MESSAGE][PASSED] - I want to close browser

2019-04-18 11:12:07 - [MESSAGE][PASSED] - Feature file: 'Include/features/Main-Features/017-Save-Draft-Idea-then-Send-it.feature' was passed]]></system-out>
         <system-err><![CDATA[]]></system-err>
      </testcase>
      <testcase name="Test Cases/Main-Test-Cases/018-Delete-Draft-Idea" classname="Test Cases/Main-Test-Cases/018-Delete-Draft-Idea" status="FAILED">
         <failure type="FAILED" message="Test Cases/Main-Test-Cases/018-Delete-Draft-Idea FAILED.
Reason:
com.kms.katalon.core.exception.StepFailedException: Feature file 'Include/features/Main-Features/018-Delete-Draft-Idea.feature' was failed
	at com.kms.katalon.core.keyword.internal.KeywordMain.stepFailed(KeywordMain.groovy:48)
	at com.kms.katalon.core.keyword.internal.KeywordMain.stepFailed(KeywordMain.groovy)
	at com.kms.katalon.core.keyword.internal.KeywordMain.stepFailed(KeywordMain.groovy:21)
	at com.kms.katalon.core.keyword.internal.KeywordMain$stepFailed$0.call(Unknown Source)
	at com.kms.katalon.core.cucumber.keyword.CucumberBuiltinKeywords$_runFeatureFile_closure1.doCall(CucumberBuiltinKeywords.groovy:82)
	at com.kms.katalon.core.cucumber.keyword.CucumberBuiltinKeywords$_runFeatureFile_closure1.doCall(CucumberBuiltinKeywords.groovy)
	at com.kms.katalon.core.keyword.internal.KeywordMain.runKeyword(KeywordMain.groovy:66)
	at com.kms.katalon.core.keyword.internal.KeywordMain$runKeyword.call(Unknown Source)
	at com.kms.katalon.core.cucumber.keyword.CucumberBuiltinKeywords.runFeatureFile(CucumberBuiltinKeywords.groovy:46)
	at com.kms.katalon.core.cucumber.keyword.CucumberBuiltinKeywords$runFeatureFile$0.callStatic(Unknown Source)
	at com.kms.katalon.core.cucumber.keyword.CucumberBuiltinKeywords.runFeatureFile(CucumberBuiltinKeywords.groovy:101)
	at com.kms.katalon.core.cucumber.keyword.CucumberBuiltinKeywords$runFeatureFile.call(Unknown Source)
	at 018-Delete-Draft-Idea.run(018-Delete-Draft-Idea:18)
	at com.kms.katalon.core.main.ScriptEngine.run(ScriptEngine.java:194)
	at com.kms.katalon.core.main.ScriptEngine.runScriptAsRawText(ScriptEngine.java:119)
	at com.kms.katalon.core.main.TestCaseExecutor.runScript(TestCaseExecutor.java:331)
	at com.kms.katalon.core.main.TestCaseExecutor.doExecute(TestCaseExecutor.java:322)
	at com.kms.katalon.core.main.TestCaseExecutor.processExecutionPhase(TestCaseExecutor.java:301)
	at com.kms.katalon.core.main.TestCaseExecutor.accessMainPhase(TestCaseExecutor.java:293)
	at com.kms.katalon.core.main.TestCaseExecutor.execute(TestCaseExecutor.java:227)
	at com.kms.katalon.core.main.TestSuiteExecutor.accessTestCaseMainPhase(TestSuiteExecutor.java:129)
	at com.kms.katalon.core.main.TestSuiteExecutor.accessTestSuiteMainPhase(TestSuiteExecutor.java:112)
	at com.kms.katalon.core.main.TestSuiteExecutor.execute(TestSuiteExecutor.java:81)
	at com.kms.katalon.core.main.TestCaseMain.startTestSuite(TestCaseMain.java:157)
	at com.kms.katalon.core.main.TestCaseMain$startTestSuite$0.call(Unknown Source)
	at TempTestSuite1555574673738.run(TempTestSuite1555574673738.groovy:35)
"/>
         <system-out><![CDATA[2019-04-18 11:12:07 - [TEST_CASE][FAILED] - Test Cases/Main-Test-Cases/018-Delete-Draft-Idea: Test Cases/Main-Test-Cases/018-Delete-Draft-Idea FAILED.
Reason:
com.kms.katalon.core.exception.StepFailedException: Feature file 'Include/features/Main-Features/018-Delete-Draft-Idea.feature' was failed
	at com.kms.katalon.core.keyword.internal.KeywordMain.stepFailed(KeywordMain.groovy:48)
	at com.kms.katalon.core.keyword.internal.KeywordMain.stepFailed(KeywordMain.groovy)
	at com.kms.katalon.core.keyword.internal.KeywordMain.stepFailed(KeywordMain.groovy:21)
	at com.kms.katalon.core.keyword.internal.KeywordMain$stepFailed$0.call(Unknown Source)
	at com.kms.katalon.core.cucumber.keyword.CucumberBuiltinKeywords$_runFeatureFile_closure1.doCall(CucumberBuiltinKeywords.groovy:82)
	at com.kms.katalon.core.cucumber.keyword.CucumberBuiltinKeywords$_runFeatureFile_closure1.doCall(CucumberBuiltinKeywords.groovy)
	at com.kms.katalon.core.keyword.internal.KeywordMain.runKeyword(KeywordMain.groovy:66)
	at com.kms.katalon.core.keyword.internal.KeywordMain$runKeyword.call(Unknown Source)
	at com.kms.katalon.core.cucumber.keyword.CucumberBuiltinKeywords.runFeatureFile(CucumberBuiltinKeywords.groovy:46)
	at com.kms.katalon.core.cucumber.keyword.CucumberBuiltinKeywords$runFeatureFile$0.callStatic(Unknown Source)
	at com.kms.katalon.core.cucumber.keyword.CucumberBuiltinKeywords.runFeatureFile(CucumberBuiltinKeywords.groovy:101)
	at com.kms.katalon.core.cucumber.keyword.CucumberBuiltinKeywords$runFeatureFile.call(Unknown Source)
	at 018-Delete-Draft-Idea.run(018-Delete-Draft-Idea:18)
	at com.kms.katalon.core.main.ScriptEngine.run(ScriptEngine.java:194)
	at com.kms.katalon.core.main.ScriptEngine.runScriptAsRawText(ScriptEngine.java:119)
	at com.kms.katalon.core.main.TestCaseExecutor.runScript(TestCaseExecutor.java:331)
	at com.kms.katalon.core.main.TestCaseExecutor.doExecute(TestCaseExecutor.java:322)
	at com.kms.katalon.core.main.TestCaseExecutor.processExecutionPhase(TestCaseExecutor.java:301)
	at com.kms.katalon.core.main.TestCaseExecutor.accessMainPhase(TestCaseExecutor.java:293)
	at com.kms.katalon.core.main.TestCaseExecutor.execute(TestCaseExecutor.java:227)
	at com.kms.katalon.core.main.TestSuiteExecutor.accessTestCaseMainPhase(TestSuiteExecutor.java:129)
	at com.kms.katalon.core.main.TestSuiteExecutor.accessTestSuiteMainPhase(TestSuiteExecutor.java:112)
	at com.kms.katalon.core.main.TestSuiteExecutor.execute(TestSuiteExecutor.java:81)
	at com.kms.katalon.core.main.TestCaseMain.startTestSuite(TestCaseMain.java:157)
	at com.kms.katalon.core.main.TestCaseMain$startTestSuite$0.call(Unknown Source)
	at TempTestSuite1555574673738.run(TempTestSuite1555574673738.groovy:35)


2019-04-18 11:12:08 - [TEST_STEP][FAILED] - runFeatureFile("Include/features/Main-Features/018-Delete-Draft-Idea.feature"): runFeatureFile("Include/features/Main-Features/018-Delete-Draft-Idea.feature") FAILED.
Reason:
com.kms.katalon.core.exception.StepFailedException: Feature file 'Include/features/Main-Features/018-Delete-Draft-Idea.feature' was failed
	at com.kms.katalon.core.keyword.internal.KeywordMain.stepFailed(KeywordMain.groovy:48)
	at com.kms.katalon.core.keyword.internal.KeywordMain.stepFailed(KeywordMain.groovy)
	at com.kms.katalon.core.keyword.internal.KeywordMain.stepFailed(KeywordMain.groovy:21)
	at com.kms.katalon.core.keyword.internal.KeywordMain$stepFailed$0.call(Unknown Source)
	at com.kms.katalon.core.cucumber.keyword.CucumberBuiltinKeywords$_runFeatureFile_closure1.doCall(CucumberBuiltinKeywords.groovy:82)
	at com.kms.katalon.core.cucumber.keyword.CucumberBuiltinKeywords$_runFeatureFile_closure1.doCall(CucumberBuiltinKeywords.groovy)
	at com.kms.katalon.core.keyword.internal.KeywordMain.runKeyword(KeywordMain.groovy:66)
	at com.kms.katalon.core.keyword.internal.KeywordMain$runKeyword.call(Unknown Source)
	at com.kms.katalon.core.cucumber.keyword.CucumberBuiltinKeywords.runFeatureFile(CucumberBuiltinKeywords.groovy:46)
	at com.kms.katalon.core.cucumber.keyword.CucumberBuiltinKeywords$runFeatureFile$0.callStatic(Unknown Source)
	at com.kms.katalon.core.cucumber.keyword.CucumberBuiltinKeywords.runFeatureFile(CucumberBuiltinKeywords.groovy:101)
	at com.kms.katalon.core.cucumber.keyword.CucumberBuiltinKeywords$runFeatureFile.call(Unknown Source)
	at 018-Delete-Draft-Idea.run(018-Delete-Draft-Idea:18)
	at com.kms.katalon.core.main.ScriptEngine.run(ScriptEngine.java:194)
	at com.kms.katalon.core.main.ScriptEngine.runScriptAsRawText(ScriptEngine.java:119)
	at com.kms.katalon.core.main.TestCaseExecutor.runScript(TestCaseExecutor.java:331)
	at com.kms.katalon.core.main.TestCaseExecutor.doExecute(TestCaseExecutor.java:322)
	at com.kms.katalon.core.main.TestCaseExecutor.processExecutionPhase(TestCaseExecutor.java:301)
	at com.kms.katalon.core.main.TestCaseExecutor.accessMainPhase(TestCaseExecutor.java:293)
	at com.kms.katalon.core.main.TestCaseExecutor.execute(TestCaseExecutor.java:227)
	at com.kms.katalon.core.main.TestSuiteExecutor.accessTestCaseMainPhase(TestSuiteExecutor.java:129)
	at com.kms.katalon.core.main.TestSuiteExecutor.accessTestSuiteMainPhase(TestSuiteExecutor.java:112)
	at com.kms.katalon.core.main.TestSuiteExecutor.execute(TestSuiteExecutor.java:81)
	at com.kms.katalon.core.main.TestCaseMain.startTestSuite(TestCaseMain.java:157)
	at com.kms.katalon.core.main.TestCaseMain$startTestSuite$0.call(Unknown Source)
	at TempTestSuite1555574673738.run(TempTestSuite1555574673738.groovy:35)


2019-04-18 11:12:08 - [MESSAGE][INFO] - Starting run keyword runFeatureFile: 'Include/features/Main-Features/018-Delete-Draft-Idea.feature' and extract report to folder: 'C:\Users\HP\git\PMO-Web-Application\Reports\First-Test-Suite\20190418_110433/cucumber_report/1555575128146'...

2019-04-18 11:12:08 - [TEST_CASE][FAILED] - Start Test Case : SCENARIO Verify delete idea functionality: SCENARIO Verify delete idea functionality FAILED.
Reason:
com.kms.katalon.core.exception.StepFailedException: Unable to click on object 'Object Repository/PMO-Objects/Page_Add New Project Request/Excpected-End-Date'
	at com.kms.katalon.core.webui.keyword.internal.WebUIKeywordMain.stepFailed(WebUIKeywordMain.groovy:64)
	at com.kms.katalon.core.webui.keyword.internal.WebUIKeywordMain.runKeyword(WebUIKeywordMain.groovy:26)
	at com.kms.katalon.core.webui.keyword.builtin.ClickKeyword.click(ClickKeyword.groovy:86)
	at com.kms.katalon.core.webui.keyword.builtin.ClickKeyword.execute(ClickKeyword.groovy:67)
	at com.kms.katalon.core.keyword.internal.KeywordExecutor.executeKeywordForPlatform(KeywordExecutor.groovy:56)
	at com.kms.katalon.core.webui.keyword.WebUiBuiltInKeywords.click(WebUiBuiltInKeywords.groovy:616)
	at com.kms.katalon.core.webui.keyword.WebUiBuiltInKeywords$click$5.call(Unknown Source)
	at com.pmo.steps.AddIdeaSteps.selectEndDate(AddIdeaSteps.groovy:156)
	at ✽.I want to select expected end date(C:/Users/HP/git/PMO-Web-Application/Include/features/Main-Features/018-Delete-Draft-Idea.feature:15)
Caused by: org.openqa.selenium.WebDriverException: unknown error: Element <input type="text" id="TxtExceptedEndDate" name="excpectedEndDate" class="form-control datepicker-mix is-calendarsPicker" value="" readonly="" data-year-range="1980:c+20"> is not clickable at point (803, 350). Other element would receive the click: <span class="calendars-dow-2" title="...">الثلاثاء</span>
  (Session info: chrome=73.0.3683.103)
  (Driver info: chromedriver=2.43.600210 (68dcf5eebde37173d4027fa8635e332711d2874a),platform=Windows NT 10.0.17134 x86_64) (WARNING: The server did not provide any stacktrace information)
Command duration or timeout: 0 milliseconds
Build info: version: '3.7.1', revision: '8a0099a', time: '2017-11-06T21:07:36.161Z'
System info: host: 'HP45G5', ip: '10.152.214.182', os.name: 'Windows 10', os.arch: 'amd64', os.version: '10.0', java.version: '1.8.0_181'
Driver info: com.kms.katalon.selenium.driver.CChromeDriver
Capabilities {acceptInsecureCerts: false, acceptSslCerts: false, applicationCacheEnabled: false, browserConnectionEnabled: false, browserName: chrome, chrome: {chromedriverVersion: 2.43.600210 (68dcf5eebde371..., userDataDir: C:\Users\HP\AppData\Local\T...}, cssSelectorsEnabled: true, databaseEnabled: false, goog:chromeOptions: {debuggerAddress: localhost:53290}, handlesAlerts: true, hasTouchScreen: false, javascriptEnabled: true, locationContextEnabled: true, mobileEmulationEnabled: false, nativeEvents: true, networkConnectionEnabled: false, pageLoadStrategy: normal, platform: XP, platformName: XP, rotatable: false, setWindowRect: true, takesHeapSnapshot: true, takesScreenshot: true, unexpectedAlertBehaviour: , unhandledPromptBehavior: , version: 73.0.3683.103, webStorageEnabled: true}
Session ID: 37ff0d3bdf9b354f84bfa7d360222f23
	at org.openqa.selenium.remote.ErrorHandler.createThrowable(ErrorHandler.java:214)
	at org.openqa.selenium.remote.ErrorHandler.throwIfResponseFailed(ErrorHandler.java:166)
	at org.openqa.selenium.remote.http.JsonHttpResponseCodec.reconstructValue(JsonHttpResponseCodec.java:40)
	at org.openqa.selenium.remote.http.AbstractHttpResponseCodec.decode(AbstractHttpResponseCodec.java:80)
	at org.openqa.selenium.remote.http.AbstractHttpResponseCodec.decode(AbstractHttpResponseCodec.java:44)
	at org.openqa.selenium.remote.HttpCommandExecutor.execute(HttpCommandExecutor.java:164)
	at org.openqa.selenium.remote.service.DriverCommandExecutor.execute(DriverCommandExecutor.java:83)
	at org.openqa.selenium.remote.RemoteWebDriver.execute(RemoteWebDriver.java:600)
	at com.kms.katalon.selenium.driver.CChromeDriver.execute(CChromeDriver.java:20)
	at org.openqa.selenium.remote.RemoteWebElement.execute(RemoteWebElement.java:279)
	at org.openqa.selenium.remote.RemoteWebElement.click(RemoteWebElement.java:83)
	at com.kms.katalon.core.webui.keyword.builtin.ClickKeyword$_click_closure1.doCall(ClickKeyword.groovy:79)
	at com.kms.katalon.core.webui.keyword.builtin.ClickKeyword$_click_closure1.call(ClickKeyword.groovy)
	at com.kms.katalon.core.webui.keyword.internal.WebUIKeywordMain.runKeyword(WebUIKeywordMain.groovy:20)
	at com.kms.katalon.core.webui.keyword.builtin.ClickKeyword.click(ClickKeyword.groovy:86)
	at com.kms.katalon.core.webui.keyword.builtin.ClickKeyword.execute(ClickKeyword.groovy:67)
	at com.kms.katalon.core.keyword.internal.KeywordExecutor.executeKeywordForPlatform(KeywordExecutor.groovy:56)
	at com.kms.katalon.core.webui.keyword.WebUiBuiltInKeywords.click(WebUiBuiltInKeywords.groovy:616)
	at com.kms.katalon.core.webui.keyword.WebUiBuiltInKeywords$click$5.call(Unknown Source)
	at com.pmo.steps.AddIdeaSteps.selectEndDate(AddIdeaSteps.groovy:156)
	at cucumber.runtime.Utils$1.call(Utils.java:26)
	at cucumber.runtime.Timeout.timeout(Timeout.java:16)
	at cucumber.runtime.Utils.invoke(Utils.java:20)
	at cucumber.runtime.java.JavaStepDefinition.execute(JavaStepDefinition.java:48)
	at cucumber.runtime.PickleStepDefinitionMatch.runStep(PickleStepDefinitionMatch.java:50)
	at cucumber.runner.TestStep.executeStep(TestStep.java:55)
	at cucumber.runner.TestStep.run(TestStep.java:42)
	at cucumber.runner.PickleStepTestStep.run(PickleStepTestStep.java:53)
	at cucumber.runner.TestCase.run(TestCase.java:47)
	at cucumber.runner.Runner.runPickle(Runner.java:44)
	at cucumber.runtime.Runtime.runFeature(Runtime.java:120)
	at cucumber.runtime.Runtime.run(Runtime.java:106)
	at cucumber.api.cli.Main.run(Main.java:35)
	at cucumber.api.cli.Main$run.call(Unknown Source)
	at com.kms.katalon.core.cucumber.keyword.CucumberBuiltinKeywords$_runFeatureFile_closure1.doCall(CucumberBuiltinKeywords.groovy:76)
	at com.kms.katalon.core.cucumber.keyword.CucumberBuiltinKeywords$_runFeatureFile_closure1.doCall(CucumberBuiltinKeywords.groovy)
	at com.kms.katalon.core.keyword.internal.KeywordMain.runKeyword(KeywordMain.groovy:66)
	at com.kms.katalon.core.keyword.internal.KeywordMain$runKeyword.call(Unknown Source)
	at com.kms.katalon.core.cucumber.keyword.CucumberBuiltinKeywords.runFeatureFile(CucumberBuiltinKeywords.groovy:46)
	at com.kms.katalon.core.cucumber.keyword.CucumberBuiltinKeywords$runFeatureFile$0.callStatic(Unknown Source)
	at com.kms.katalon.core.cucumber.keyword.CucumberBuiltinKeywords.runFeatureFile(CucumberBuiltinKeywords.groovy:101)
	at com.kms.katalon.core.cucumber.keyword.CucumberBuiltinKeywords$runFeatureFile.call(Unknown Source)
	at Script1555507452031.run(Script1555507452031.groovy:18)
	at com.kms.katalon.core.main.ScriptEngine.run(ScriptEngine.java:194)
	at com.kms.katalon.core.main.ScriptEngine.runScriptAsRawText(ScriptEngine.java:119)
	at com.kms.katalon.core.main.TestCaseExecutor.runScript(TestCaseExecutor.java:331)
	at com.kms.katalon.core.main.TestCaseExecutor.doExecute(TestCaseExecutor.java:322)
	at com.kms.katalon.core.main.TestCaseExecutor.processExecutionPhase(TestCaseExecutor.java:301)
	at com.kms.katalon.core.main.TestCaseExecutor.accessMainPhase(TestCaseExecutor.java:293)
	at com.kms.katalon.core.main.TestCaseExecutor.execute(TestCaseExecutor.java:227)
	at com.kms.katalon.core.main.TestSuiteExecutor.accessTestCaseMainPhase(TestSuiteExecutor.java:129)
	at com.kms.katalon.core.main.TestSuiteExecutor.accessTestSuiteMainPhase(TestSuiteExecutor.java:112)
	at com.kms.katalon.core.main.TestSuiteExecutor.execute(TestSuiteExecutor.java:81)
	at com.kms.katalon.core.main.TestCaseMain.startTestSuite(TestCaseMain.java:157)
	at com.kms.katalon.core.main.TestCaseMain$startTestSuite$0.call(Unknown Source)
	at TempTestSuite1555574673738.run(TempTestSuite1555574673738.groovy:35)


2019-04-18 11:12:08 - [TEST_STEP][PASSED] - I want to open browser: I want to open browser

2019-04-18 11:12:08 - [MESSAGE][INFO] - Starting 'Chrome' driver

2019-04-18 11:12:10 - [MESSAGE][PASSED] - Browser is opened with url: ''

2019-04-18 11:12:10 - [MESSAGE][PASSED] - Delete all cookies successfully

2019-04-18 11:12:10 - [MESSAGE][PASSED] - I want to open browser

2019-04-18 11:12:10 - [TEST_STEP][PASSED] - I want to maximize window: I want to maximize window

2019-04-18 11:12:11 - [MESSAGE][PASSED] - Current window maximized

2019-04-18 11:12:11 - [MESSAGE][PASSED] - I want to maximize window

2019-04-18 11:12:11 - [TEST_STEP][PASSED] - I want to go to OOB: I want to go to OOB

2019-04-18 11:12:20 - [MESSAGE][PASSED] - Navigate to 'http://pmoadmin:P@ssw0rd@dev5.cloudapp.net/OOB2/' successfully

2019-04-18 11:12:20 - [MESSAGE][PASSED] - I want to go to OOB

2019-04-18 11:12:20 - [TEST_STEP][PASSED] - I want to verify I'm in OOB main page: I want to verify I'm in OOB main page

2019-04-18 11:12:20 - [MESSAGE][WARNING] - Timeout '0' is invalid. Using default page load timeout: '30'

2019-04-18 11:12:20 - [MESSAGE][PASSED] - Object 'Object Repository/OOB-Objects/OOB-Side-Bar' is present

2019-04-18 11:12:20 - [MESSAGE][PASSED] - I want to verify I'm in OOB main page

2019-04-18 11:12:20 - [TEST_STEP][PASSED] - I want to go to ideas list page: I want to go to ideas list page

2019-04-18 11:12:25 - [MESSAGE][PASSED] - Object: 'Object Repository/OOB-Objects/IdeasList' is clicked on

2019-04-18 11:12:25 - [MESSAGE][PASSED] - I want to go to ideas list page

2019-04-18 11:12:25 - [TEST_STEP][PASSED] - I want to click on Add New button: I want to click on Add New button

2019-04-18 11:12:26 - [MESSAGE][PASSED] - Object: 'Object Repository/PMO-Objects/Page_Project Request/Add-New-Project-Request' is clicked on

2019-04-18 11:12:26 - [MESSAGE][PASSED] - I want to click on Add New button

2019-04-18 11:12:26 - [TEST_STEP][PASSED] - I want to fill idea name field: I want to fill idea name field

2019-04-18 11:12:27 - [MESSAGE][PASSED] - Text 'Automation3499' is set on object 'Object Repository/PMO-Objects/Page_Add New Project Request/Idea-Name-Field'

2019-04-18 11:12:27 - [MESSAGE][PASSED] - I want to fill idea name field

2019-04-18 11:12:27 - [TEST_STEP][PASSED] - I want to select expected start date: I want to select expected start date

2019-04-18 11:12:27 - [MESSAGE][PASSED] - Object: 'Object Repository/PMO-Objects/Page_Add New Project Request/GREGORIAN-Start-date-Check-Box' is clicked on

2019-04-18 11:12:27 - [MESSAGE][PASSED] - Object: 'Object Repository/PMO-Objects/Page_Add New Project Request/Excepted-Start-Date' is clicked on

2019-04-18 11:12:27 - [MESSAGE][PASSED] - Object: 'Object Repository/PMO-Objects/Page_Add New Project Request/Day26' is hovered

2019-04-18 11:12:27 - [MESSAGE][PASSED] - Object: 'Object Repository/PMO-Objects/Page_Add New Project Request/Day26' is clicked on

2019-04-18 11:12:27 - [MESSAGE][PASSED] - I want to select expected start date

2019-04-18 11:12:27 - [TEST_STEP][FAILED] - I want to select expected end date: I want to select expected end date FAILED.
Reason:
com.kms.katalon.core.exception.StepFailedException: Unable to click on object 'Object Repository/PMO-Objects/Page_Add New Project Request/Excpected-End-Date'
	at com.kms.katalon.core.webui.keyword.internal.WebUIKeywordMain.stepFailed(WebUIKeywordMain.groovy:64)
	at com.kms.katalon.core.webui.keyword.internal.WebUIKeywordMain.runKeyword(WebUIKeywordMain.groovy:26)
	at com.kms.katalon.core.webui.keyword.builtin.ClickKeyword.click(ClickKeyword.groovy:86)
	at com.kms.katalon.core.webui.keyword.builtin.ClickKeyword.execute(ClickKeyword.groovy:67)
	at com.kms.katalon.core.keyword.internal.KeywordExecutor.executeKeywordForPlatform(KeywordExecutor.groovy:56)
	at com.kms.katalon.core.webui.keyword.WebUiBuiltInKeywords.click(WebUiBuiltInKeywords.groovy:616)
	at com.kms.katalon.core.webui.keyword.WebUiBuiltInKeywords$click$5.call(Unknown Source)
	at com.pmo.steps.AddIdeaSteps.selectEndDate(AddIdeaSteps.groovy:156)
	at ✽.I want to select expected end date(C:/Users/HP/git/PMO-Web-Application/Include/features/Main-Features/018-Delete-Draft-Idea.feature:15)
Caused by: org.openqa.selenium.WebDriverException: unknown error: Element <input type="text" id="TxtExceptedEndDate" name="excpectedEndDate" class="form-control datepicker-mix is-calendarsPicker" value="" readonly="" data-year-range="1980:c+20"> is not clickable at point (803, 350). Other element would receive the click: <span class="calendars-dow-2" title="...">الثلاثاء</span>
  (Session info: chrome=73.0.3683.103)
  (Driver info: chromedriver=2.43.600210 (68dcf5eebde37173d4027fa8635e332711d2874a),platform=Windows NT 10.0.17134 x86_64) (WARNING: The server did not provide any stacktrace information)
Command duration or timeout: 0 milliseconds
Build info: version: '3.7.1', revision: '8a0099a', time: '2017-11-06T21:07:36.161Z'
System info: host: 'HP45G5', ip: '10.152.214.182', os.name: 'Windows 10', os.arch: 'amd64', os.version: '10.0', java.version: '1.8.0_181'
Driver info: com.kms.katalon.selenium.driver.CChromeDriver
Capabilities {acceptInsecureCerts: false, acceptSslCerts: false, applicationCacheEnabled: false, browserConnectionEnabled: false, browserName: chrome, chrome: {chromedriverVersion: 2.43.600210 (68dcf5eebde371..., userDataDir: C:\Users\HP\AppData\Local\T...}, cssSelectorsEnabled: true, databaseEnabled: false, goog:chromeOptions: {debuggerAddress: localhost:53290}, handlesAlerts: true, hasTouchScreen: false, javascriptEnabled: true, locationContextEnabled: true, mobileEmulationEnabled: false, nativeEvents: true, networkConnectionEnabled: false, pageLoadStrategy: normal, platform: XP, platformName: XP, rotatable: false, setWindowRect: true, takesHeapSnapshot: true, takesScreenshot: true, unexpectedAlertBehaviour: , unhandledPromptBehavior: , version: 73.0.3683.103, webStorageEnabled: true}
Session ID: 37ff0d3bdf9b354f84bfa7d360222f23
	at org.openqa.selenium.remote.ErrorHandler.createThrowable(ErrorHandler.java:214)
	at org.openqa.selenium.remote.ErrorHandler.throwIfResponseFailed(ErrorHandler.java:166)
	at org.openqa.selenium.remote.http.JsonHttpResponseCodec.reconstructValue(JsonHttpResponseCodec.java:40)
	at org.openqa.selenium.remote.http.AbstractHttpResponseCodec.decode(AbstractHttpResponseCodec.java:80)
	at org.openqa.selenium.remote.http.AbstractHttpResponseCodec.decode(AbstractHttpResponseCodec.java:44)
	at org.openqa.selenium.remote.HttpCommandExecutor.execute(HttpCommandExecutor.java:164)
	at org.openqa.selenium.remote.service.DriverCommandExecutor.execute(DriverCommandExecutor.java:83)
	at org.openqa.selenium.remote.RemoteWebDriver.execute(RemoteWebDriver.java:600)
	at com.kms.katalon.selenium.driver.CChromeDriver.execute(CChromeDriver.java:20)
	at org.openqa.selenium.remote.RemoteWebElement.execute(RemoteWebElement.java:279)
	at org.openqa.selenium.remote.RemoteWebElement.click(RemoteWebElement.java:83)
	at com.kms.katalon.core.webui.keyword.builtin.ClickKeyword$_click_closure1.doCall(ClickKeyword.groovy:79)
	at com.kms.katalon.core.webui.keyword.builtin.ClickKeyword$_click_closure1.call(ClickKeyword.groovy)
	at com.kms.katalon.core.webui.keyword.internal.WebUIKeywordMain.runKeyword(WebUIKeywordMain.groovy:20)
	at com.kms.katalon.core.webui.keyword.builtin.ClickKeyword.click(ClickKeyword.groovy:86)
	at com.kms.katalon.core.webui.keyword.builtin.ClickKeyword.execute(ClickKeyword.groovy:67)
	at com.kms.katalon.core.keyword.internal.KeywordExecutor.executeKeywordForPlatform(KeywordExecutor.groovy:56)
	at com.kms.katalon.core.webui.keyword.WebUiBuiltInKeywords.click(WebUiBuiltInKeywords.groovy:616)
	at com.kms.katalon.core.webui.keyword.WebUiBuiltInKeywords$click$5.call(Unknown Source)
	at com.pmo.steps.AddIdeaSteps.selectEndDate(AddIdeaSteps.groovy:156)
	at cucumber.runtime.Utils$1.call(Utils.java:26)
	at cucumber.runtime.Timeout.timeout(Timeout.java:16)
	at cucumber.runtime.Utils.invoke(Utils.java:20)
	at cucumber.runtime.java.JavaStepDefinition.execute(JavaStepDefinition.java:48)
	at cucumber.runtime.PickleStepDefinitionMatch.runStep(PickleStepDefinitionMatch.java:50)
	at cucumber.runner.TestStep.executeStep(TestStep.java:55)
	at cucumber.runner.TestStep.run(TestStep.java:42)
	at cucumber.runner.PickleStepTestStep.run(PickleStepTestStep.java:53)
	at cucumber.runner.TestCase.run(TestCase.java:47)
	at cucumber.runner.Runner.runPickle(Runner.java:44)
	at cucumber.runtime.Runtime.runFeature(Runtime.java:120)
	at cucumber.runtime.Runtime.run(Runtime.java:106)
	at cucumber.api.cli.Main.run(Main.java:35)
	at cucumber.api.cli.Main$run.call(Unknown Source)
	at com.kms.katalon.core.cucumber.keyword.CucumberBuiltinKeywords$_runFeatureFile_closure1.doCall(CucumberBuiltinKeywords.groovy:76)
	at com.kms.katalon.core.cucumber.keyword.CucumberBuiltinKeywords$_runFeatureFile_closure1.doCall(CucumberBuiltinKeywords.groovy)
	at com.kms.katalon.core.keyword.internal.KeywordMain.runKeyword(KeywordMain.groovy:66)
	at com.kms.katalon.core.keyword.internal.KeywordMain$runKeyword.call(Unknown Source)
	at com.kms.katalon.core.cucumber.keyword.CucumberBuiltinKeywords.runFeatureFile(CucumberBuiltinKeywords.groovy:46)
	at com.kms.katalon.core.cucumber.keyword.CucumberBuiltinKeywords$runFeatureFile$0.callStatic(Unknown Source)
	at com.kms.katalon.core.cucumber.keyword.CucumberBuiltinKeywords.runFeatureFile(CucumberBuiltinKeywords.groovy:101)
	at com.kms.katalon.core.cucumber.keyword.CucumberBuiltinKeywords$runFeatureFile.call(Unknown Source)
	at Script1555507452031.run(Script1555507452031.groovy:18)
	at com.kms.katalon.core.main.ScriptEngine.run(ScriptEngine.java:194)
	at com.kms.katalon.core.main.ScriptEngine.runScriptAsRawText(ScriptEngine.java:119)
	at com.kms.katalon.core.main.TestCaseExecutor.runScript(TestCaseExecutor.java:331)
	at com.kms.katalon.core.main.TestCaseExecutor.doExecute(TestCaseExecutor.java:322)
	at com.kms.katalon.core.main.TestCaseExecutor.processExecutionPhase(TestCaseExecutor.java:301)
	at com.kms.katalon.core.main.TestCaseExecutor.accessMainPhase(TestCaseExecutor.java:293)
	at com.kms.katalon.core.main.TestCaseExecutor.execute(TestCaseExecutor.java:227)
	at com.kms.katalon.core.main.TestSuiteExecutor.accessTestCaseMainPhase(TestSuiteExecutor.java:129)
	at com.kms.katalon.core.main.TestSuiteExecutor.accessTestSuiteMainPhase(TestSuiteExecutor.java:112)
	at com.kms.katalon.core.main.TestSuiteExecutor.execute(TestSuiteExecutor.java:81)
	at com.kms.katalon.core.main.TestCaseMain.startTestSuite(TestCaseMain.java:157)
	at com.kms.katalon.core.main.TestCaseMain$startTestSuite$0.call(Unknown Source)
	at TempTestSuite1555574673738.run(TempTestSuite1555574673738.groovy:35)


2019-04-18 11:12:27 - [MESSAGE][PASSED] - Object 'Object Repository/PMO-Objects/Page_Add New Project Request/GREGORIAN-End-Date-Check-Box' is visible

2019-04-18 11:12:27 - [MESSAGE][PASSED] - Object: 'Object Repository/PMO-Objects/Page_Add New Project Request/GREGORIAN-End-Date-Check-Box' is clicked on

2019-04-18 11:12:27 - [MESSAGE][PASSED] - Object: 'Object Repository/PMO-Objects/Page_Add New Project Request/Excpected-End-Date' is hovered

2019-04-18 11:12:28 - [MESSAGE][FAILED] - Unable to click on object 'Object Repository/PMO-Objects/Page_Add New Project Request/Excpected-End-Date' (Root cause: com.kms.katalon.core.exception.StepFailedException: Unable to click on object 'Object Repository/PMO-Objects/Page_Add New Project Request/Excpected-End-Date'
	at com.kms.katalon.core.webui.keyword.internal.WebUIKeywordMain.stepFailed(WebUIKeywordMain.groovy:64)
	at com.kms.katalon.core.webui.keyword.internal.WebUIKeywordMain.runKeyword(WebUIKeywordMain.groovy:26)
	at com.kms.katalon.core.webui.keyword.builtin.ClickKeyword.click(ClickKeyword.groovy:86)
	at com.kms.katalon.core.webui.keyword.builtin.ClickKeyword.execute(ClickKeyword.groovy:67)
	at com.kms.katalon.core.keyword.internal.KeywordExecutor.executeKeywordForPlatform(KeywordExecutor.groovy:56)
	at com.kms.katalon.core.webui.keyword.WebUiBuiltInKeywords.click(WebUiBuiltInKeywords.groovy:616)
	at com.kms.katalon.core.webui.keyword.WebUiBuiltInKeywords$click$5.call(Unknown Source)
	at com.pmo.steps.AddIdeaSteps.selectEndDate(AddIdeaSteps.groovy:156)
	at cucumber.runtime.Utils$1.call(Utils.java:26)
	at cucumber.runtime.Timeout.timeout(Timeout.java:16)
	at cucumber.runtime.Utils.invoke(Utils.java:20)
	at cucumber.runtime.java.JavaStepDefinition.execute(JavaStepDefinition.java:48)
	at cucumber.runtime.PickleStepDefinitionMatch.runStep(PickleStepDefinitionMatch.java:50)
	at cucumber.runner.TestStep.executeStep(TestStep.java:55)
	at cucumber.runner.TestStep.run(TestStep.java:42)
	at cucumber.runner.PickleStepTestStep.run(PickleStepTestStep.java:53)
	at cucumber.runner.TestCase.run(TestCase.java:47)
	at cucumber.runner.Runner.runPickle(Runner.java:44)
	at cucumber.runtime.Runtime.runFeature(Runtime.java:120)
	at cucumber.runtime.Runtime.run(Runtime.java:106)
	at cucumber.api.cli.Main.run(Main.java:35)
	at cucumber.api.cli.Main$run.call(Unknown Source)
	at com.kms.katalon.core.cucumber.keyword.CucumberBuiltinKeywords$_runFeatureFile_closure1.doCall(CucumberBuiltinKeywords.groovy:76)
	at com.kms.katalon.core.cucumber.keyword.CucumberBuiltinKeywords$_runFeatureFile_closure1.doCall(CucumberBuiltinKeywords.groovy)
	at com.kms.katalon.core.keyword.internal.KeywordMain.runKeyword(KeywordMain.groovy:66)
	at com.kms.katalon.core.keyword.internal.KeywordMain$runKeyword.call(Unknown Source)
	at com.kms.katalon.core.cucumber.keyword.CucumberBuiltinKeywords.runFeatureFile(CucumberBuiltinKeywords.groovy:46)
	at com.kms.katalon.core.cucumber.keyword.CucumberBuiltinKeywords$runFeatureFile$0.callStatic(Unknown Source)
	at com.kms.katalon.core.cucumber.keyword.CucumberBuiltinKeywords.runFeatureFile(CucumberBuiltinKeywords.groovy:101)
	at com.kms.katalon.core.cucumber.keyword.CucumberBuiltinKeywords$runFeatureFile.call(Unknown Source)
	at 018-Delete-Draft-Idea.run(018-Delete-Draft-Idea:18)
	at com.kms.katalon.core.main.ScriptEngine.run(ScriptEngine.java:194)
	at com.kms.katalon.core.main.ScriptEngine.runScriptAsRawText(ScriptEngine.java:119)
	at com.kms.katalon.core.main.TestCaseExecutor.runScript(TestCaseExecutor.java:331)
	at com.kms.katalon.core.main.TestCaseExecutor.doExecute(TestCaseExecutor.java:322)
	at com.kms.katalon.core.main.TestCaseExecutor.processExecutionPhase(TestCaseExecutor.java:301)
	at com.kms.katalon.core.main.TestCaseExecutor.accessMainPhase(TestCaseExecutor.java:293)
	at com.kms.katalon.core.main.TestCaseExecutor.execute(TestCaseExecutor.java:227)
	at com.kms.katalon.core.main.TestSuiteExecutor.accessTestCaseMainPhase(TestSuiteExecutor.java:129)
	at com.kms.katalon.core.main.TestSuiteExecutor.accessTestSuiteMainPhase(TestSuiteExecutor.java:112)
	at com.kms.katalon.core.main.TestSuiteExecutor.execute(TestSuiteExecutor.java:81)
	at com.kms.katalon.core.main.TestCaseMain.startTestSuite(TestCaseMain.java:157)
	at com.kms.katalon.core.main.TestCaseMain$startTestSuite$0.call(Unknown Source)
	at TempTestSuite1555574673738.run(TempTestSuite1555574673738.groovy:35)
Caused by: org.openqa.selenium.WebDriverException: unknown error: Element <input type="text" id="TxtExceptedEndDate" name="excpectedEndDate" class="form-control datepicker-mix is-calendarsPicker" value="" readonly="" data-year-range="1980:c+20"> is not clickable at point (803, 350). Other element would receive the click: <span class="calendars-dow-2" title="...">الثلاثاء</span>
  (Session info: chrome=73.0.3683.103)
  (Driver info: chromedriver=2.43.600210 (68dcf5eebde37173d4027fa8635e332711d2874a),platform=Windows NT 10.0.17134 x86_64) (WARNING: The server did not provide any stacktrace information)
Command duration or timeout: 0 milliseconds
Build info: version: '3.7.1', revision: '8a0099a', time: '2017-11-06T21:07:36.161Z'
System info: host: 'HP45G5', ip: '10.152.214.182', os.name: 'Windows 10', os.arch: 'amd64', os.version: '10.0', java.version: '1.8.0_181'
Driver info: com.kms.katalon.selenium.driver.CChromeDriver
Capabilities {acceptInsecureCerts: false, acceptSslCerts: false, applicationCacheEnabled: false, browserConnectionEnabled: false, browserName: chrome, chrome: {chromedriverVersion: 2.43.600210 (68dcf5eebde371..., userDataDir: C:\Users\HP\AppData\Local\T...}, cssSelectorsEnabled: true, databaseEnabled: false, goog:chromeOptions: {debuggerAddress: localhost:53290}, handlesAlerts: true, hasTouchScreen: false, javascriptEnabled: true, locationContextEnabled: true, mobileEmulationEnabled: false, nativeEvents: true, networkConnectionEnabled: false, pageLoadStrategy: normal, platform: XP, platformName: XP, rotatable: false, setWindowRect: true, takesHeapSnapshot: true, takesScreenshot: true, unexpectedAlertBehaviour: , unhandledPromptBehavior: , version: 73.0.3683.103, webStorageEnabled: true}
Session ID: 37ff0d3bdf9b354f84bfa7d360222f23
	at org.openqa.selenium.remote.ErrorHandler.createThrowable(ErrorHandler.java:214)
	at org.openqa.selenium.remote.ErrorHandler.throwIfResponseFailed(ErrorHandler.java:166)
	at org.openqa.selenium.remote.http.JsonHttpResponseCodec.reconstructValue(JsonHttpResponseCodec.java:40)
	at org.openqa.selenium.remote.http.AbstractHttpResponseCodec.decode(AbstractHttpResponseCodec.java:80)
	at org.openqa.selenium.remote.http.AbstractHttpResponseCodec.decode(AbstractHttpResponseCodec.java:44)
	at org.openqa.selenium.remote.HttpCommandExecutor.execute(HttpCommandExecutor.java:164)
	at org.openqa.selenium.remote.service.DriverCommandExecutor.execute(DriverCommandExecutor.java:83)
	at org.openqa.selenium.remote.RemoteWebDriver.execute(RemoteWebDriver.java:600)
	at com.kms.katalon.selenium.driver.CChromeDriver.execute(CChromeDriver.java:20)
	at org.openqa.selenium.remote.RemoteWebElement.execute(RemoteWebElement.java:279)
	at org.openqa.selenium.remote.RemoteWebElement.click(RemoteWebElement.java:83)
	at com.kms.katalon.core.webui.keyword.builtin.ClickKeyword$_click_closure1.doCall(ClickKeyword.groovy:79)
	at com.kms.katalon.core.webui.keyword.builtin.ClickKeyword$_click_closure1.call(ClickKeyword.groovy)
	at com.kms.katalon.core.webui.keyword.internal.WebUIKeywordMain.runKeyword(WebUIKeywordMain.groovy:20)
	at com.kms.katalon.core.webui.keyword.builtin.ClickKeyword.click(ClickKeyword.groovy:86)
	at com.kms.katalon.core.webui.keyword.builtin.ClickKeyword.execute(ClickKeyword.groovy:67)
	at com.kms.katalon.core.keyword.internal.KeywordExecutor.executeKeywordForPlatform(KeywordExecutor.groovy:56)
	at com.kms.katalon.core.webui.keyword.WebUiBuiltInKeywords.click(WebUiBuiltInKeywords.groovy:616)
	at com.kms.katalon.core.webui.keyword.WebUiBuiltInKeywords$click$5.call(Unknown Source)
	at com.pmo.steps.AddIdeaSteps.selectEndDate(AddIdeaSteps.groovy:156)
	at cucumber.runtime.Utils$1.call(Utils.java:26)
	at cucumber.runtime.Timeout.timeout(Timeout.java:16)
	at cucumber.runtime.Utils.invoke(Utils.java:20)
	at cucumber.runtime.java.JavaStepDefinition.execute(JavaStepDefinition.java:48)
	at cucumber.runtime.PickleStepDefinitionMatch.runStep(PickleStepDefinitionMatch.java:50)
	at cucumber.runner.TestStep.executeStep(TestStep.java:55)
	at cucumber.runner.TestStep.run(TestStep.java:42)
	at cucumber.runner.PickleStepTestStep.run(PickleStepTestStep.java:53)
	at cucumber.runner.TestCase.run(TestCase.java:47)
	at cucumber.runner.Runner.runPickle(Runner.java:44)
	at cucumber.runtime.Runtime.runFeature(Runtime.java:120)
	at cucumber.runtime.Runtime.run(Runtime.java:106)
	at cucumber.api.cli.Main.run(Main.java:35)
	at cucumber.api.cli.Main$run.call(Unknown Source)
	at com.kms.katalon.core.cucumber.keyword.CucumberBuiltinKeywords$_runFeatureFile_closure1.doCall(CucumberBuiltinKeywords.groovy:76)
	at com.kms.katalon.core.cucumber.keyword.CucumberBuiltinKeywords$_runFeatureFile_closure1.doCall(CucumberBuiltinKeywords.groovy)
	at com.kms.katalon.core.keyword.internal.KeywordMain.runKeyword(KeywordMain.groovy:66)
	at com.kms.katalon.core.keyword.internal.KeywordMain$runKeyword.call(Unknown Source)
	at com.kms.katalon.core.cucumber.keyword.CucumberBuiltinKeywords.runFeatureFile(CucumberBuiltinKeywords.groovy:46)
	at com.kms.katalon.core.cucumber.keyword.CucumberBuiltinKeywords$runFeatureFile$0.callStatic(Unknown Source)
	at com.kms.katalon.core.cucumber.keyword.CucumberBuiltinKeywords.runFeatureFile(CucumberBuiltinKeywords.groovy:101)
	at com.kms.katalon.core.cucumber.keyword.CucumberBuiltinKeywords$runFeatureFile.call(Unknown Source)
	at Script1555507452031.run(Script1555507452031.groovy:18)
	... 13 more
)
[[ATTACHMENT|C:\\Users\\HP\\git\\PMO-Web-Application\\Reports\\First-Test-Suite\\20190418_110433\\1555575147944.png]]

2019-04-18 11:12:28 - [MESSAGE][FAILED] - I want to select expected end date FAILED.
Reason:
com.kms.katalon.core.exception.StepFailedException: Unable to click on object 'Object Repository/PMO-Objects/Page_Add New Project Request/Excpected-End-Date'
	at com.kms.katalon.core.webui.keyword.internal.WebUIKeywordMain.stepFailed(WebUIKeywordMain.groovy:64)
	at com.kms.katalon.core.webui.keyword.internal.WebUIKeywordMain.runKeyword(WebUIKeywordMain.groovy:26)
	at com.kms.katalon.core.webui.keyword.builtin.ClickKeyword.click(ClickKeyword.groovy:86)
	at com.kms.katalon.core.webui.keyword.builtin.ClickKeyword.execute(ClickKeyword.groovy:67)
	at com.kms.katalon.core.keyword.internal.KeywordExecutor.executeKeywordForPlatform(KeywordExecutor.groovy:56)
	at com.kms.katalon.core.webui.keyword.WebUiBuiltInKeywords.click(WebUiBuiltInKeywords.groovy:616)
	at com.kms.katalon.core.webui.keyword.WebUiBuiltInKeywords$click$5.call(Unknown Source)
	at com.pmo.steps.AddIdeaSteps.selectEndDate(AddIdeaSteps.groovy:156)
	at ✽.I want to select expected end date(C:/Users/HP/git/PMO-Web-Application/Include/features/Main-Features/018-Delete-Draft-Idea.feature:15)
Caused by: org.openqa.selenium.WebDriverException: unknown error: Element <input type="text" id="TxtExceptedEndDate" name="excpectedEndDate" class="form-control datepicker-mix is-calendarsPicker" value="" readonly="" data-year-range="1980:c+20"> is not clickable at point (803, 350). Other element would receive the click: <span class="calendars-dow-2" title="...">الثلاثاء</span>
  (Session info: chrome=73.0.3683.103)
  (Driver info: chromedriver=2.43.600210 (68dcf5eebde37173d4027fa8635e332711d2874a),platform=Windows NT 10.0.17134 x86_64) (WARNING: The server did not provide any stacktrace information)
Command duration or timeout: 0 milliseconds
Build info: version: '3.7.1', revision: '8a0099a', time: '2017-11-06T21:07:36.161Z'
System info: host: 'HP45G5', ip: '10.152.214.182', os.name: 'Windows 10', os.arch: 'amd64', os.version: '10.0', java.version: '1.8.0_181'
Driver info: com.kms.katalon.selenium.driver.CChromeDriver
Capabilities {acceptInsecureCerts: false, acceptSslCerts: false, applicationCacheEnabled: false, browserConnectionEnabled: false, browserName: chrome, chrome: {chromedriverVersion: 2.43.600210 (68dcf5eebde371..., userDataDir: C:\Users\HP\AppData\Local\T...}, cssSelectorsEnabled: true, databaseEnabled: false, goog:chromeOptions: {debuggerAddress: localhost:53290}, handlesAlerts: true, hasTouchScreen: false, javascriptEnabled: true, locationContextEnabled: true, mobileEmulationEnabled: false, nativeEvents: true, networkConnectionEnabled: false, pageLoadStrategy: normal, platform: XP, platformName: XP, rotatable: false, setWindowRect: true, takesHeapSnapshot: true, takesScreenshot: true, unexpectedAlertBehaviour: , unhandledPromptBehavior: , version: 73.0.3683.103, webStorageEnabled: true}
Session ID: 37ff0d3bdf9b354f84bfa7d360222f23
	at org.openqa.selenium.remote.ErrorHandler.createThrowable(ErrorHandler.java:214)
	at org.openqa.selenium.remote.ErrorHandler.throwIfResponseFailed(ErrorHandler.java:166)
	at org.openqa.selenium.remote.http.JsonHttpResponseCodec.reconstructValue(JsonHttpResponseCodec.java:40)
	at org.openqa.selenium.remote.http.AbstractHttpResponseCodec.decode(AbstractHttpResponseCodec.java:80)
	at org.openqa.selenium.remote.http.AbstractHttpResponseCodec.decode(AbstractHttpResponseCodec.java:44)
	at org.openqa.selenium.remote.HttpCommandExecutor.execute(HttpCommandExecutor.java:164)
	at org.openqa.selenium.remote.service.DriverCommandExecutor.execute(DriverCommandExecutor.java:83)
	at org.openqa.selenium.remote.RemoteWebDriver.execute(RemoteWebDriver.java:600)
	at com.kms.katalon.selenium.driver.CChromeDriver.execute(CChromeDriver.java:20)
	at org.openqa.selenium.remote.RemoteWebElement.execute(RemoteWebElement.java:279)
	at org.openqa.selenium.remote.RemoteWebElement.click(RemoteWebElement.java:83)
	at com.kms.katalon.core.webui.keyword.builtin.ClickKeyword$_click_closure1.doCall(ClickKeyword.groovy:79)
	at com.kms.katalon.core.webui.keyword.builtin.ClickKeyword$_click_closure1.call(ClickKeyword.groovy)
	at com.kms.katalon.core.webui.keyword.internal.WebUIKeywordMain.runKeyword(WebUIKeywordMain.groovy:20)
	at com.kms.katalon.core.webui.keyword.builtin.ClickKeyword.click(ClickKeyword.groovy:86)
	at com.kms.katalon.core.webui.keyword.builtin.ClickKeyword.execute(ClickKeyword.groovy:67)
	at com.kms.katalon.core.keyword.internal.KeywordExecutor.executeKeywordForPlatform(KeywordExecutor.groovy:56)
	at com.kms.katalon.core.webui.keyword.WebUiBuiltInKeywords.click(WebUiBuiltInKeywords.groovy:616)
	at com.kms.katalon.core.webui.keyword.WebUiBuiltInKeywords$click$5.call(Unknown Source)
	at com.pmo.steps.AddIdeaSteps.selectEndDate(AddIdeaSteps.groovy:156)
	at cucumber.runtime.Utils$1.call(Utils.java:26)
	at cucumber.runtime.Timeout.timeout(Timeout.java:16)
	at cucumber.runtime.Utils.invoke(Utils.java:20)
	at cucumber.runtime.java.JavaStepDefinition.execute(JavaStepDefinition.java:48)
	at cucumber.runtime.PickleStepDefinitionMatch.runStep(PickleStepDefinitionMatch.java:50)
	at cucumber.runner.TestStep.executeStep(TestStep.java:55)
	at cucumber.runner.TestStep.run(TestStep.java:42)
	at cucumber.runner.PickleStepTestStep.run(PickleStepTestStep.java:53)
	at cucumber.runner.TestCase.run(TestCase.java:47)
	at cucumber.runner.Runner.runPickle(Runner.java:44)
	at cucumber.runtime.Runtime.runFeature(Runtime.java:120)
	at cucumber.runtime.Runtime.run(Runtime.java:106)
	at cucumber.api.cli.Main.run(Main.java:35)
	at cucumber.api.cli.Main$run.call(Unknown Source)
	at com.kms.katalon.core.cucumber.keyword.CucumberBuiltinKeywords$_runFeatureFile_closure1.doCall(CucumberBuiltinKeywords.groovy:76)
	at com.kms.katalon.core.cucumber.keyword.CucumberBuiltinKeywords$_runFeatureFile_closure1.doCall(CucumberBuiltinKeywords.groovy)
	at com.kms.katalon.core.keyword.internal.KeywordMain.runKeyword(KeywordMain.groovy:66)
	at com.kms.katalon.core.keyword.internal.KeywordMain$runKeyword.call(Unknown Source)
	at com.kms.katalon.core.cucumber.keyword.CucumberBuiltinKeywords.runFeatureFile(CucumberBuiltinKeywords.groovy:46)
	at com.kms.katalon.core.cucumber.keyword.CucumberBuiltinKeywords$runFeatureFile$0.callStatic(Unknown Source)
	at com.kms.katalon.core.cucumber.keyword.CucumberBuiltinKeywords.runFeatureFile(CucumberBuiltinKeywords.groovy:101)
	at com.kms.katalon.core.cucumber.keyword.CucumberBuiltinKeywords$runFeatureFile.call(Unknown Source)
	at Script1555507452031.run(Script1555507452031.groovy:18)
	at com.kms.katalon.core.main.ScriptEngine.run(ScriptEngine.java:194)
	at com.kms.katalon.core.main.ScriptEngine.runScriptAsRawText(ScriptEngine.java:119)
	at com.kms.katalon.core.main.TestCaseExecutor.runScript(TestCaseExecutor.java:331)
	at com.kms.katalon.core.main.TestCaseExecutor.doExecute(TestCaseExecutor.java:322)
	at com.kms.katalon.core.main.TestCaseExecutor.processExecutionPhase(TestCaseExecutor.java:301)
	at com.kms.katalon.core.main.TestCaseExecutor.accessMainPhase(TestCaseExecutor.java:293)
	at com.kms.katalon.core.main.TestCaseExecutor.execute(TestCaseExecutor.java:227)
	at com.kms.katalon.core.main.TestSuiteExecutor.accessTestCaseMainPhase(TestSuiteExecutor.java:129)
	at com.kms.katalon.core.main.TestSuiteExecutor.accessTestSuiteMainPhase(TestSuiteExecutor.java:112)
	at com.kms.katalon.core.main.TestSuiteExecutor.execute(TestSuiteExecutor.java:81)
	at com.kms.katalon.core.main.TestCaseMain.startTestSuite(TestCaseMain.java:157)
	at com.kms.katalon.core.main.TestCaseMain$startTestSuite$0.call(Unknown Source)
	at TempTestSuite1555574673738.run(TempTestSuite1555574673738.groovy:35)


2019-04-18 11:12:28 - [TEST_STEP][NOT_RUN] - I want to fill idea objective field: I want to fill idea objective field

2019-04-18 11:12:28 - [MESSAGE][NOT_RUN] - I want to fill idea objective field

2019-04-18 11:12:28 - [TEST_STEP][NOT_RUN] - I want to fill expected budget field: I want to fill expected budget field

2019-04-18 11:12:28 - [MESSAGE][NOT_RUN] - I want to fill expected budget field

2019-04-18 11:12:28 - [TEST_STEP][NOT_RUN] - I want to fill Notes field: I want to fill Notes field

2019-04-18 11:12:28 - [MESSAGE][NOT_RUN] - I want to fill Notes field

2019-04-18 11:12:28 - [TEST_STEP][NOT_RUN] - I want to click save idea button: I want to click save idea button

2019-04-18 11:12:28 - [MESSAGE][NOT_RUN] - I want to click save idea button

2019-04-18 11:12:28 - [TEST_STEP][NOT_RUN] - I want to wait for page load: I want to wait for page load

2019-04-18 11:12:28 - [MESSAGE][NOT_RUN] - I want to wait for page load

2019-04-18 11:12:28 - [TEST_STEP][NOT_RUN] - I want to go to ideas list page: I want to go to ideas list page

2019-04-18 11:12:28 - [MESSAGE][NOT_RUN] - I want to go to ideas list page

2019-04-18 11:12:28 - [TEST_STEP][NOT_RUN] - I want to search on saved idea: I want to search on saved idea

2019-04-18 11:12:28 - [MESSAGE][NOT_RUN] - I want to search on saved idea

2019-04-18 11:12:28 - [TEST_STEP][NOT_RUN] - I want to click on delete idea icon: I want to click on delete idea icon

2019-04-18 11:12:28 - [MESSAGE][NOT_RUN] - I want to click on delete idea icon

2019-04-18 11:12:28 - [TEST_STEP][NOT_RUN] - I want to check idea has been deleted: I want to check idea has been deleted

2019-04-18 11:12:28 - [MESSAGE][NOT_RUN] - I want to check idea has been deleted

2019-04-18 11:12:28 - [TEST_STEP][NOT_RUN] - I want to close browser: I want to close browser

2019-04-18 11:12:28 - [MESSAGE][NOT_RUN] - I want to close browser

2019-04-18 11:12:28 - [MESSAGE][FAILED] - Feature file 'Include/features/Main-Features/018-Delete-Draft-Idea.feature' was failed

2019-04-18 11:12:28 - [MESSAGE][FAILED] - Keyword runFeatureFile was failed (Root cause: com.kms.katalon.core.exception.StepFailedException: Feature file 'Include/features/Main-Features/018-Delete-Draft-Idea.feature' was failed
	at com.kms.katalon.core.keyword.internal.KeywordMain.stepFailed(KeywordMain.groovy:48)
	at com.kms.katalon.core.keyword.internal.KeywordMain.stepFailed(KeywordMain.groovy)
	at com.kms.katalon.core.keyword.internal.KeywordMain.stepFailed(KeywordMain.groovy:21)
	at com.kms.katalon.core.keyword.internal.KeywordMain$stepFailed$0.call(Unknown Source)
	at com.kms.katalon.core.cucumber.keyword.CucumberBuiltinKeywords$_runFeatureFile_closure1.doCall(CucumberBuiltinKeywords.groovy:82)
	at com.kms.katalon.core.cucumber.keyword.CucumberBuiltinKeywords$_runFeatureFile_closure1.doCall(CucumberBuiltinKeywords.groovy)
	at com.kms.katalon.core.keyword.internal.KeywordMain.runKeyword(KeywordMain.groovy:66)
	at com.kms.katalon.core.keyword.internal.KeywordMain$runKeyword.call(Unknown Source)
	at com.kms.katalon.core.cucumber.keyword.CucumberBuiltinKeywords.runFeatureFile(CucumberBuiltinKeywords.groovy:46)
	at com.kms.katalon.core.cucumber.keyword.CucumberBuiltinKeywords$runFeatureFile$0.callStatic(Unknown Source)
	at com.kms.katalon.core.cucumber.keyword.CucumberBuiltinKeywords.runFeatureFile(CucumberBuiltinKeywords.groovy:101)
	at com.kms.katalon.core.cucumber.keyword.CucumberBuiltinKeywords$runFeatureFile.call(Unknown Source)
	at 018-Delete-Draft-Idea.run(018-Delete-Draft-Idea:18)
	at com.kms.katalon.core.main.ScriptEngine.run(ScriptEngine.java:194)
	at com.kms.katalon.core.main.ScriptEngine.runScriptAsRawText(ScriptEngine.java:119)
	at com.kms.katalon.core.main.TestCaseExecutor.runScript(TestCaseExecutor.java:331)
	at com.kms.katalon.core.main.TestCaseExecutor.doExecute(TestCaseExecutor.java:322)
	at com.kms.katalon.core.main.TestCaseExecutor.processExecutionPhase(TestCaseExecutor.java:301)
	at com.kms.katalon.core.main.TestCaseExecutor.accessMainPhase(TestCaseExecutor.java:293)
	at com.kms.katalon.core.main.TestCaseExecutor.execute(TestCaseExecutor.java:227)
	at com.kms.katalon.core.main.TestSuiteExecutor.accessTestCaseMainPhase(TestSuiteExecutor.java:129)
	at com.kms.katalon.core.main.TestSuiteExecutor.accessTestSuiteMainPhase(TestSuiteExecutor.java:112)
	at com.kms.katalon.core.main.TestSuiteExecutor.execute(TestSuiteExecutor.java:81)
	at com.kms.katalon.core.main.TestCaseMain.startTestSuite(TestCaseMain.java:157)
	at com.kms.katalon.core.main.TestCaseMain$startTestSuite$0.call(Unknown Source)
	at TempTestSuite1555574673738.run(TempTestSuite1555574673738.groovy:35)
)

2019-04-18 11:12:28 - [MESSAGE][FAILED] - runFeatureFile("Include/features/Main-Features/018-Delete-Draft-Idea.feature") FAILED.
Reason:
com.kms.katalon.core.exception.StepFailedException: Feature file 'Include/features/Main-Features/018-Delete-Draft-Idea.feature' was failed
	at com.kms.katalon.core.keyword.internal.KeywordMain.stepFailed(KeywordMain.groovy:48)
	at com.kms.katalon.core.keyword.internal.KeywordMain.stepFailed(KeywordMain.groovy)
	at com.kms.katalon.core.keyword.internal.KeywordMain.stepFailed(KeywordMain.groovy:21)
	at com.kms.katalon.core.keyword.internal.KeywordMain$stepFailed$0.call(Unknown Source)
	at com.kms.katalon.core.cucumber.keyword.CucumberBuiltinKeywords$_runFeatureFile_closure1.doCall(CucumberBuiltinKeywords.groovy:82)
	at com.kms.katalon.core.cucumber.keyword.CucumberBuiltinKeywords$_runFeatureFile_closure1.doCall(CucumberBuiltinKeywords.groovy)
	at com.kms.katalon.core.keyword.internal.KeywordMain.runKeyword(KeywordMain.groovy:66)
	at com.kms.katalon.core.keyword.internal.KeywordMain$runKeyword.call(Unknown Source)
	at com.kms.katalon.core.cucumber.keyword.CucumberBuiltinKeywords.runFeatureFile(CucumberBuiltinKeywords.groovy:46)
	at com.kms.katalon.core.cucumber.keyword.CucumberBuiltinKeywords$runFeatureFile$0.callStatic(Unknown Source)
	at com.kms.katalon.core.cucumber.keyword.CucumberBuiltinKeywords.runFeatureFile(CucumberBuiltinKeywords.groovy:101)
	at com.kms.katalon.core.cucumber.keyword.CucumberBuiltinKeywords$runFeatureFile.call(Unknown Source)
	at 018-Delete-Draft-Idea.run(018-Delete-Draft-Idea:18)
	at com.kms.katalon.core.main.ScriptEngine.run(ScriptEngine.java:194)
	at com.kms.katalon.core.main.ScriptEngine.runScriptAsRawText(ScriptEngine.java:119)
	at com.kms.katalon.core.main.TestCaseExecutor.runScript(TestCaseExecutor.java:331)
	at com.kms.katalon.core.main.TestCaseExecutor.doExecute(TestCaseExecutor.java:322)
	at com.kms.katalon.core.main.TestCaseExecutor.processExecutionPhase(TestCaseExecutor.java:301)
	at com.kms.katalon.core.main.TestCaseExecutor.accessMainPhase(TestCaseExecutor.java:293)
	at com.kms.katalon.core.main.TestCaseExecutor.execute(TestCaseExecutor.java:227)
	at com.kms.katalon.core.main.TestSuiteExecutor.accessTestCaseMainPhase(TestSuiteExecutor.java:129)
	at com.kms.katalon.core.main.TestSuiteExecutor.accessTestSuiteMainPhase(TestSuiteExecutor.java:112)
	at com.kms.katalon.core.main.TestSuiteExecutor.execute(TestSuiteExecutor.java:81)
	at com.kms.katalon.core.main.TestCaseMain.startTestSuite(TestCaseMain.java:157)
	at com.kms.katalon.core.main.TestCaseMain$startTestSuite$0.call(Unknown Source)
	at TempTestSuite1555574673738.run(TempTestSuite1555574673738.groovy:35)]]></system-out>
         <system-err><![CDATA[2019-04-18 11:12:07 - [TEST_CASE][FAILED] - Test Cases/Main-Test-Cases/018-Delete-Draft-Idea: Test Cases/Main-Test-Cases/018-Delete-Draft-Idea FAILED.
Reason:
com.kms.katalon.core.exception.StepFailedException: Feature file 'Include/features/Main-Features/018-Delete-Draft-Idea.feature' was failed
	at com.kms.katalon.core.keyword.internal.KeywordMain.stepFailed(KeywordMain.groovy:48)
	at com.kms.katalon.core.keyword.internal.KeywordMain.stepFailed(KeywordMain.groovy)
	at com.kms.katalon.core.keyword.internal.KeywordMain.stepFailed(KeywordMain.groovy:21)
	at com.kms.katalon.core.keyword.internal.KeywordMain$stepFailed$0.call(Unknown Source)
	at com.kms.katalon.core.cucumber.keyword.CucumberBuiltinKeywords$_runFeatureFile_closure1.doCall(CucumberBuiltinKeywords.groovy:82)
	at com.kms.katalon.core.cucumber.keyword.CucumberBuiltinKeywords$_runFeatureFile_closure1.doCall(CucumberBuiltinKeywords.groovy)
	at com.kms.katalon.core.keyword.internal.KeywordMain.runKeyword(KeywordMain.groovy:66)
	at com.kms.katalon.core.keyword.internal.KeywordMain$runKeyword.call(Unknown Source)
	at com.kms.katalon.core.cucumber.keyword.CucumberBuiltinKeywords.runFeatureFile(CucumberBuiltinKeywords.groovy:46)
	at com.kms.katalon.core.cucumber.keyword.CucumberBuiltinKeywords$runFeatureFile$0.callStatic(Unknown Source)
	at com.kms.katalon.core.cucumber.keyword.CucumberBuiltinKeywords.runFeatureFile(CucumberBuiltinKeywords.groovy:101)
	at com.kms.katalon.core.cucumber.keyword.CucumberBuiltinKeywords$runFeatureFile.call(Unknown Source)
	at 018-Delete-Draft-Idea.run(018-Delete-Draft-Idea:18)
	at com.kms.katalon.core.main.ScriptEngine.run(ScriptEngine.java:194)
	at com.kms.katalon.core.main.ScriptEngine.runScriptAsRawText(ScriptEngine.java:119)
	at com.kms.katalon.core.main.TestCaseExecutor.runScript(TestCaseExecutor.java:331)
	at com.kms.katalon.core.main.TestCaseExecutor.doExecute(TestCaseExecutor.java:322)
	at com.kms.katalon.core.main.TestCaseExecutor.processExecutionPhase(TestCaseExecutor.java:301)
	at com.kms.katalon.core.main.TestCaseExecutor.accessMainPhase(TestCaseExecutor.java:293)
	at com.kms.katalon.core.main.TestCaseExecutor.execute(TestCaseExecutor.java:227)
	at com.kms.katalon.core.main.TestSuiteExecutor.accessTestCaseMainPhase(TestSuiteExecutor.java:129)
	at com.kms.katalon.core.main.TestSuiteExecutor.accessTestSuiteMainPhase(TestSuiteExecutor.java:112)
	at com.kms.katalon.core.main.TestSuiteExecutor.execute(TestSuiteExecutor.java:81)
	at com.kms.katalon.core.main.TestCaseMain.startTestSuite(TestCaseMain.java:157)
	at com.kms.katalon.core.main.TestCaseMain$startTestSuite$0.call(Unknown Source)
	at TempTestSuite1555574673738.run(TempTestSuite1555574673738.groovy:35)]]></system-err>
      </testcase>
      <system-out><![CDATA[2019-04-18 11:04:36 - [TEST_SUITE][FAILED] - First-Test-Suite: Test Cases/Main-Test-Cases/004-Cancel-Idea-Creation FAILED.
Reason:
com.kms.katalon.core.exception.StepFailedException: Feature file 'Include/features/Main-Features/004-Cancel-Idea-Creation.feature' was failed
	at com.kms.katalon.core.keyword.internal.KeywordMain.stepFailed(KeywordMain.groovy:48)
	at com.kms.katalon.core.keyword.internal.KeywordMain.stepFailed(KeywordMain.groovy)
	at com.kms.katalon.core.keyword.internal.KeywordMain.stepFailed(KeywordMain.groovy:21)
	at com.kms.katalon.core.keyword.internal.KeywordMain$stepFailed$0.call(Unknown Source)
	at com.kms.katalon.core.cucumber.keyword.CucumberBuiltinKeywords$_runFeatureFile_closure1.doCall(CucumberBuiltinKeywords.groovy:82)
	at com.kms.katalon.core.cucumber.keyword.CucumberBuiltinKeywords$_runFeatureFile_closure1.doCall(CucumberBuiltinKeywords.groovy)
	at com.kms.katalon.core.keyword.internal.KeywordMain.runKeyword(KeywordMain.groovy:66)
	at com.kms.katalon.core.keyword.internal.KeywordMain$runKeyword.call(Unknown Source)
	at com.kms.katalon.core.cucumber.keyword.CucumberBuiltinKeywords.runFeatureFile(CucumberBuiltinKeywords.groovy:46)
	at com.kms.katalon.core.cucumber.keyword.CucumberBuiltinKeywords$runFeatureFile$0.callStatic(Unknown Source)
	at com.kms.katalon.core.cucumber.keyword.CucumberBuiltinKeywords.runFeatureFile(CucumberBuiltinKeywords.groovy:101)
	at com.kms.katalon.core.cucumber.keyword.CucumberBuiltinKeywords$runFeatureFile.call(Unknown Source)
	at 004-Cancel-Idea-Creation.run(004-Cancel-Idea-Creation:16)
	at com.kms.katalon.core.main.ScriptEngine.run(ScriptEngine.java:194)
	at com.kms.katalon.core.main.ScriptEngine.runScriptAsRawText(ScriptEngine.java:119)
	at com.kms.katalon.core.main.TestCaseExecutor.runScript(TestCaseExecutor.java:331)
	at com.kms.katalon.core.main.TestCaseExecutor.doExecute(TestCaseExecutor.java:322)
	at com.kms.katalon.core.main.TestCaseExecutor.processExecutionPhase(TestCaseExecutor.java:301)
	at com.kms.katalon.core.main.TestCaseExecutor.accessMainPhase(TestCaseExecutor.java:293)
	at com.kms.katalon.core.main.TestCaseExecutor.execute(TestCaseExecutor.java:227)
	at com.kms.katalon.core.main.TestSuiteExecutor.accessTestCaseMainPhase(TestSuiteExecutor.java:129)
	at com.kms.katalon.core.main.TestSuiteExecutor.accessTestSuiteMainPhase(TestSuiteExecutor.java:112)
	at com.kms.katalon.core.main.TestSuiteExecutor.execute(TestSuiteExecutor.java:81)
	at com.kms.katalon.core.main.TestCaseMain.startTestSuite(TestCaseMain.java:157)
	at com.kms.katalon.core.main.TestCaseMain$startTestSuite$0.call(Unknown Source)
	at TempTestSuite1555574673738.run(TempTestSuite1555574673738.groovy:35)]]></system-out>
      <system-err><![CDATA[2019-04-18 11:04:36 - [TEST_SUITE][FAILED] - First-Test-Suite: Test Cases/Main-Test-Cases/004-Cancel-Idea-Creation FAILED.
Reason:
com.kms.katalon.core.exception.StepFailedException: Feature file 'Include/features/Main-Features/004-Cancel-Idea-Creation.feature' was failed
	at com.kms.katalon.core.keyword.internal.KeywordMain.stepFailed(KeywordMain.groovy:48)
	at com.kms.katalon.core.keyword.internal.KeywordMain.stepFailed(KeywordMain.groovy)
	at com.kms.katalon.core.keyword.internal.KeywordMain.stepFailed(KeywordMain.groovy:21)
	at com.kms.katalon.core.keyword.internal.KeywordMain$stepFailed$0.call(Unknown Source)
	at com.kms.katalon.core.cucumber.keyword.CucumberBuiltinKeywords$_runFeatureFile_closure1.doCall(CucumberBuiltinKeywords.groovy:82)
	at com.kms.katalon.core.cucumber.keyword.CucumberBuiltinKeywords$_runFeatureFile_closure1.doCall(CucumberBuiltinKeywords.groovy)
	at com.kms.katalon.core.keyword.internal.KeywordMain.runKeyword(KeywordMain.groovy:66)
	at com.kms.katalon.core.keyword.internal.KeywordMain$runKeyword.call(Unknown Source)
	at com.kms.katalon.core.cucumber.keyword.CucumberBuiltinKeywords.runFeatureFile(CucumberBuiltinKeywords.groovy:46)
	at com.kms.katalon.core.cucumber.keyword.CucumberBuiltinKeywords$runFeatureFile$0.callStatic(Unknown Source)
	at com.kms.katalon.core.cucumber.keyword.CucumberBuiltinKeywords.runFeatureFile(CucumberBuiltinKeywords.groovy:101)
	at com.kms.katalon.core.cucumber.keyword.CucumberBuiltinKeywords$runFeatureFile.call(Unknown Source)
	at 004-Cancel-Idea-Creation.run(004-Cancel-Idea-Creation:16)
	at com.kms.katalon.core.main.ScriptEngine.run(ScriptEngine.java:194)
	at com.kms.katalon.core.main.ScriptEngine.runScriptAsRawText(ScriptEngine.java:119)
	at com.kms.katalon.core.main.TestCaseExecutor.runScript(TestCaseExecutor.java:331)
	at com.kms.katalon.core.main.TestCaseExecutor.doExecute(TestCaseExecutor.java:322)
	at com.kms.katalon.core.main.TestCaseExecutor.processExecutionPhase(TestCaseExecutor.java:301)
	at com.kms.katalon.core.main.TestCaseExecutor.accessMainPhase(TestCaseExecutor.java:293)
	at com.kms.katalon.core.main.TestCaseExecutor.execute(TestCaseExecutor.java:227)
	at com.kms.katalon.core.main.TestSuiteExecutor.accessTestCaseMainPhase(TestSuiteExecutor.java:129)
	at com.kms.katalon.core.main.TestSuiteExecutor.accessTestSuiteMainPhase(TestSuiteExecutor.java:112)
	at com.kms.katalon.core.main.TestSuiteExecutor.execute(TestSuiteExecutor.java:81)
	at com.kms.katalon.core.main.TestCaseMain.startTestSuite(TestCaseMain.java:157)
	at com.kms.katalon.core.main.TestCaseMain$startTestSuite$0.call(Unknown Source)
	at TempTestSuite1555574673738.run(TempTestSuite1555574673738.groovy:35)]]></system-err>
   </testsuite>
</testsuites>
