<?xml version="1.0" encoding="UTF-8"?>
<testsuites name="First-Test-Suite" time="1553" tests="26" failures="5" errors="0">
   <testsuite name="First-Test-Suite" tests="26" failures="5" errors="0" time="1553" timestamp="2019-05-01 14:22:13" hostname="HP - 10.152.104.67" id="Test Suites/First-Test-Suite">
      <properties>
         <property name="deviceName" value=""/>
         <property name="devicePlatform" value=""/>
         <property name="logFolder" value="C:\\Users\\HP\\git\\PMO-Web-Application\\Reports\\First-Test-Suite\\20190501_142211"/>
         <property name="logFiles" value="C:\\Users\\HP\\git\\PMO-Web-Application\\Reports\\First-Test-Suite\\20190501_142211\\execution0.log"/>
         <property name="attachments" value="C:\\Users\\HP\\git\\PMO-Web-Application\\Reports\\First-Test-Suite\\20190501_142211\\1556709912236.png, C:\\Users\\HP\\git\\PMO-Web-Application\\Reports\\First-Test-Suite\\20190501_142211\\1556709912549.png, C:\\Users\\HP\\git\\PMO-Web-Application\\Reports\\First-Test-Suite\\20190501_142211\\1556710320246.png, C:\\Users\\HP\\git\\PMO-Web-Application\\Reports\\First-Test-Suite\\20190501_142211\\1556710320553.png, C:\\Users\\HP\\git\\PMO-Web-Application\\Reports\\First-Test-Suite\\20190501_142211\\1556710489403.png, C:\\Users\\HP\\git\\PMO-Web-Application\\Reports\\First-Test-Suite\\20190501_142211\\1556710896952.png, C:\\Users\\HP\\git\\PMO-Web-Application\\Reports\\First-Test-Suite\\20190501_142211\\1556710897231.png, C:\\Users\\HP\\git\\PMO-Web-Application\\Reports\\First-Test-Suite\\20190501_142211\\1556711024075.png, C:\\Users\\HP\\git\\PMO-Web-Application\\Reports\\First-Test-Suite\\20190501_142211\\1556711024353.png"/>
         <property name="hostName" value="HP - 10.152.104.67"/>
         <property name="os" value="Windows 10 64bit"/>
         <property name="katalonVersion" value="6.0.6.4"/>
         <property name="browser" value="Chrome 73.0.3683.103"/>
         <property name="hostAddress" value="10.152.104.67"/>
         <property name="sessionId" value="5294a0eed25f84dc2888a9c90fd7db6d"/>
         <property name="seleniumVersion" value="3.7.1"/>
         <property name="proxyInformation" value="ProxyInformation{proxyOption=NO_PROXY, proxyServerType=HTTP, password=, proxyServerAddress=, proxyServerPort=0}"/>
         <property name="platform" value="Windows 10"/>
      </properties>
      <testcase name="Test Cases/Main-Test-Cases/001-Login-To-OOB" classname="Test Cases/Main-Test-Cases/001-Login-To-OOB" status="PASSED">
         <system-out><![CDATA[2019-05-01 14:22:13 - [TEST_CASE][PASSED] - Test Cases/Main-Test-Cases/001-Login-To-OOB: Test Cases/Main-Test-Cases/001-Login-To-OOB

2019-05-01 14:22:13 - [TEST_STEP][PASSED] - runFeatureFile("Include/features/Governance-Module/Add-Idea/001-Login-to-OOB.feature"): Feature file: 'Include/features/Governance-Module/Add-Idea/001-Login-to-OOB.feature' was passed

2019-05-01 14:22:13 - [MESSAGE][INFO] - Starting run keyword runFeatureFile: 'Include/features/Governance-Module/Add-Idea/001-Login-to-OOB.feature' and extract report to folder: 'C:\Users\HP\git\PMO-Web-Application\Reports\First-Test-Suite\20190501_142211/cucumber_report/1556709733700'...

2019-05-01 14:22:14 - [TEST_CASE][PASSED] - Start Test Case : SCENARIO Login to OOB: SCENARIO Login to OOB

2019-05-01 14:22:14 - [TEST_STEP][PASSED] - I want to open browser: I want to open browser

2019-05-01 14:22:14 - [MESSAGE][INFO] - Starting 'Chrome' driver

2019-05-01 14:22:14 - [MESSAGE][INFO] - Action delay is set to 0 seconds

2019-05-01 14:22:17 - [MESSAGE][PASSED] - Browser is opened with url: ''

2019-05-01 14:22:17 - [MESSAGE][PASSED] - Delete all cookies successfully

2019-05-01 14:22:17 - [MESSAGE][PASSED] - I want to open browser

2019-05-01 14:22:17 - [TEST_STEP][PASSED] - I want to maximize window: I want to maximize window

2019-05-01 14:22:18 - [MESSAGE][PASSED] - Current window maximized

2019-05-01 14:22:18 - [MESSAGE][PASSED] - I want to maximize window

2019-05-01 14:22:18 - [TEST_STEP][PASSED] - I want to go to OOB: I want to go to OOB

2019-05-01 14:22:28 - [MESSAGE][PASSED] - Navigate to 'https://pmoadmin:P@ssw0rd@dev5.cloudapp.net/OOB2/' successfully

2019-05-01 14:22:28 - [MESSAGE][PASSED] - I want to go to OOB

2019-05-01 14:22:28 - [TEST_STEP][PASSED] - I want to verify I'm in OOB main page: I want to verify I'm in OOB main page

2019-05-01 14:22:28 - [MESSAGE][WARNING] - Timeout '0' is invalid. Using default page load timeout: '30'

2019-05-01 14:22:28 - [MESSAGE][PASSED] - Object 'Object Repository/OOBObjects/HomepageObjects/OOBSideBar' is present

2019-05-01 14:22:28 - [MESSAGE][PASSED] - I want to verify I'm in OOB main page

2019-05-01 14:22:28 - [TEST_STEP][PASSED] - I want to close browser: I want to close browser

2019-05-01 14:22:28 - [MESSAGE][PASSED] - Browser is closed

2019-05-01 14:22:28 - [MESSAGE][PASSED] - I want to close browser

2019-05-01 14:22:29 - [MESSAGE][PASSED] - Feature file: 'Include/features/Governance-Module/Add-Idea/001-Login-to-OOB.feature' was passed]]></system-out>
         <system-err><![CDATA[]]></system-err>
      </testcase>
      <testcase name="Test Cases/Main-Test-Cases/002-Verify-OOB-HomePage" classname="Test Cases/Main-Test-Cases/002-Verify-OOB-HomePage" status="PASSED">
         <system-out><![CDATA[2019-05-01 14:22:29 - [TEST_CASE][PASSED] - Test Cases/Main-Test-Cases/002-Verify-OOB-HomePage: Test Cases/Main-Test-Cases/002-Verify-OOB-HomePage

2019-05-01 14:22:29 - [TEST_STEP][PASSED] - runFeatureFile("Include/features/Governance-Module/Add-Idea/002-Verify-OOB-HomePage.feature"): Feature file: 'Include/features/Governance-Module/Add-Idea/002-Verify-OOB-HomePage.feature' was passed

2019-05-01 14:22:29 - [MESSAGE][INFO] - Starting run keyword runFeatureFile: 'Include/features/Governance-Module/Add-Idea/002-Verify-OOB-HomePage.feature' and extract report to folder: 'C:\Users\HP\git\PMO-Web-Application\Reports\First-Test-Suite\20190501_142211/cucumber_report/1556709749218'...

2019-05-01 14:22:29 - [TEST_CASE][PASSED] - Start Test Case : SCENARIO verify OOB home page elements: SCENARIO verify OOB home page elements

2019-05-01 14:22:29 - [TEST_STEP][PASSED] - I want to open browser: I want to open browser

2019-05-01 14:22:29 - [MESSAGE][INFO] - Starting 'Chrome' driver

2019-05-01 14:22:31 - [MESSAGE][PASSED] - Browser is opened with url: ''

2019-05-01 14:22:31 - [MESSAGE][PASSED] - Delete all cookies successfully

2019-05-01 14:22:31 - [MESSAGE][PASSED] - I want to open browser

2019-05-01 14:22:31 - [TEST_STEP][PASSED] - I want to maximize window: I want to maximize window

2019-05-01 14:22:32 - [MESSAGE][PASSED] - Current window maximized

2019-05-01 14:22:32 - [MESSAGE][PASSED] - I want to maximize window

2019-05-01 14:22:32 - [TEST_STEP][PASSED] - I want to go to OOB: I want to go to OOB

2019-05-01 14:22:44 - [MESSAGE][PASSED] - Navigate to 'https://pmoadmin:P@ssw0rd@dev5.cloudapp.net/OOB2/' successfully

2019-05-01 14:22:44 - [MESSAGE][PASSED] - I want to go to OOB

2019-05-01 14:22:44 - [TEST_STEP][PASSED] - I want to verify I'm in OOB main page: I want to verify I'm in OOB main page

2019-05-01 14:22:44 - [MESSAGE][WARNING] - Timeout '0' is invalid. Using default page load timeout: '30'

2019-05-01 14:22:44 - [MESSAGE][PASSED] - Object 'Object Repository/OOBObjects/HomepageObjects/OOBSideBar' is present

2019-05-01 14:22:44 - [MESSAGE][PASSED] - I want to verify I'm in OOB main page

2019-05-01 14:22:44 - [TEST_STEP][PASSED] - I want to verify Dashboard presents: I want to verify Dashboard presents

2019-05-01 14:22:44 - [MESSAGE][WARNING] - Timeout '0' is invalid. Using default page load timeout: '30'

2019-05-01 14:22:44 - [MESSAGE][PASSED] - Object 'Object Repository/OOBObjects/HomepageObjects/Dashboard' is present

2019-05-01 14:22:44 - [MESSAGE][PASSED] - I want to verify Dashboard presents

2019-05-01 14:22:44 - [TEST_STEP][PASSED] - I want to verify Projects List presents: I want to verify Projects List presents

2019-05-01 14:22:44 - [MESSAGE][WARNING] - Timeout '0' is invalid. Using default page load timeout: '30'

2019-05-01 14:22:44 - [MESSAGE][PASSED] - Object 'Object Repository/OOBObjects/HomepageObjects/ProjectsList' is present

2019-05-01 14:22:44 - [MESSAGE][PASSED] - I want to verify Projects List presents

2019-05-01 14:22:44 - [TEST_STEP][PASSED] - I want to verify Strategy Center presents: I want to verify Strategy Center presents

2019-05-01 14:22:44 - [MESSAGE][WARNING] - Timeout '0' is invalid. Using default page load timeout: '30'

2019-05-01 14:22:44 - [MESSAGE][PASSED] - Object 'Object Repository/OOBObjects/HomepageObjects/StrategyCenter' is present

2019-05-01 14:22:44 - [MESSAGE][PASSED] - I want to verify Strategy Center presents

2019-05-01 14:22:44 - [TEST_STEP][PASSED] - I want to verify Reports presents: I want to verify Reports presents

2019-05-01 14:22:44 - [MESSAGE][WARNING] - Timeout '0' is invalid. Using default page load timeout: '30'

2019-05-01 14:22:44 - [MESSAGE][PASSED] - Object 'Object Repository/OOBObjects/HomepageObjects/Reports' is present

2019-05-01 14:22:44 - [MESSAGE][PASSED] - I want to verify Reports presents

2019-05-01 14:22:44 - [TEST_STEP][PASSED] - I want to verify Tasks presents: I want to verify Tasks presents

2019-05-01 14:22:44 - [MESSAGE][WARNING] - Timeout '0' is invalid. Using default page load timeout: '30'

2019-05-01 14:22:44 - [MESSAGE][PASSED] - Object 'Object Repository/OOBObjects/HomepageObjects/Tasks' is present

2019-05-01 14:22:44 - [MESSAGE][PASSED] - I want to verify Tasks presents

2019-05-01 14:22:44 - [TEST_STEP][PASSED] - I want to verify Support presents: I want to verify Support presents

2019-05-01 14:22:44 - [MESSAGE][WARNING] - Timeout '0' is invalid. Using default page load timeout: '30'

2019-05-01 14:22:44 - [MESSAGE][PASSED] - Object 'Object Repository/OOBObjects/HomepageObjects/Support' is present

2019-05-01 14:22:44 - [MESSAGE][PASSED] - I want to verify Support presents

2019-05-01 14:22:44 - [TEST_STEP][PASSED] - I want to verify User Dropdwon presents: I want to verify User Dropdwon presents

2019-05-01 14:22:44 - [MESSAGE][WARNING] - Timeout '0' is invalid. Using default page load timeout: '30'

2019-05-01 14:22:44 - [MESSAGE][PASSED] - Object 'Object Repository/OOBObjects/HomepageObjects/UserDropdwon' is present

2019-05-01 14:22:44 - [MESSAGE][PASSED] - I want to verify User Dropdwon presents

2019-05-01 14:22:44 - [TEST_STEP][PASSED] - I want to verify Inbox Icon presents: I want to verify Inbox Icon presents

2019-05-01 14:22:44 - [MESSAGE][WARNING] - Timeout '0' is invalid. Using default page load timeout: '30'

2019-05-01 14:22:44 - [MESSAGE][PASSED] - Object 'Object Repository/OOBObjects/HomepageObjects/InboxIcon' is present

2019-05-01 14:22:44 - [MESSAGE][PASSED] - I want to verify Inbox Icon presents

2019-05-01 14:22:44 - [TEST_STEP][PASSED] - I want to verify Settings presents: I want to verify Settings presents

2019-05-01 14:22:44 - [MESSAGE][WARNING] - Timeout '0' is invalid. Using default page load timeout: '30'

2019-05-01 14:22:44 - [MESSAGE][PASSED] - Object 'Object Repository/OOBObjects/HomepageObjects/Settings' is present

2019-05-01 14:22:44 - [MESSAGE][PASSED] - I want to verify Settings presents

2019-05-01 14:22:44 - [TEST_STEP][PASSED] - I want to verify Language presents: I want to verify Language presents

2019-05-01 14:22:44 - [MESSAGE][WARNING] - Timeout '0' is invalid. Using default page load timeout: '30'

2019-05-01 14:22:44 - [MESSAGE][PASSED] - Object 'Object Repository/OOBObjects/HomepageObjects/Language' is present

2019-05-01 14:22:44 - [MESSAGE][PASSED] - I want to verify Language presents

2019-05-01 14:22:44 - [TEST_STEP][PASSED] - I want to close browser: I want to close browser

2019-05-01 14:22:44 - [MESSAGE][PASSED] - Browser is closed

2019-05-01 14:22:44 - [MESSAGE][PASSED] - I want to close browser

2019-05-01 14:22:44 - [MESSAGE][PASSED] - Feature file: 'Include/features/Governance-Module/Add-Idea/002-Verify-OOB-HomePage.feature' was passed]]></system-out>
         <system-err><![CDATA[]]></system-err>
      </testcase>
      <testcase name="Test Cases/Main-Test-Cases/003-Add-Idea" classname="Test Cases/Main-Test-Cases/003-Add-Idea" status="PASSED">
         <system-out><![CDATA[2019-05-01 14:22:44 - [TEST_CASE][PASSED] - Test Cases/Main-Test-Cases/003-Add-Idea: Test Cases/Main-Test-Cases/003-Add-Idea

2019-05-01 14:22:45 - [TEST_STEP][PASSED] - runFeatureFile("Include/features/Governance-Module/Add-Idea/003-Add-Idea.feature"): Feature file: 'Include/features/Governance-Module/Add-Idea/003-Add-Idea.feature' was passed

2019-05-01 14:22:45 - [MESSAGE][INFO] - Starting run keyword runFeatureFile: 'Include/features/Governance-Module/Add-Idea/003-Add-Idea.feature' and extract report to folder: 'C:\Users\HP\git\PMO-Web-Application\Reports\First-Test-Suite\20190501_142211/cucumber_report/1556709765039'...

2019-05-01 14:22:45 - [TEST_CASE][PASSED] - Start Test Case : SCENARIO Add new idea: SCENARIO Add new idea

2019-05-01 14:22:45 - [TEST_STEP][PASSED] - I want to open browser: I want to open browser

2019-05-01 14:22:45 - [MESSAGE][INFO] - Starting 'Chrome' driver

2019-05-01 14:22:47 - [MESSAGE][PASSED] - Browser is opened with url: ''

2019-05-01 14:22:47 - [MESSAGE][PASSED] - Delete all cookies successfully

2019-05-01 14:22:47 - [MESSAGE][PASSED] - I want to open browser

2019-05-01 14:22:47 - [TEST_STEP][PASSED] - I want to maximize window: I want to maximize window

2019-05-01 14:22:48 - [MESSAGE][PASSED] - Current window maximized

2019-05-01 14:22:48 - [MESSAGE][PASSED] - I want to maximize window

2019-05-01 14:22:48 - [TEST_STEP][PASSED] - I want to go to OOB: I want to go to OOB

2019-05-01 14:22:58 - [MESSAGE][PASSED] - Navigate to 'https://pmoadmin:P@ssw0rd@dev5.cloudapp.net/OOB2/' successfully

2019-05-01 14:22:58 - [MESSAGE][PASSED] - I want to go to OOB

2019-05-01 14:22:58 - [TEST_STEP][PASSED] - I want to verify I'm in OOB main page: I want to verify I'm in OOB main page

2019-05-01 14:22:58 - [MESSAGE][WARNING] - Timeout '0' is invalid. Using default page load timeout: '30'

2019-05-01 14:22:58 - [MESSAGE][PASSED] - Object 'Object Repository/OOBObjects/HomepageObjects/OOBSideBar' is present

2019-05-01 14:22:58 - [MESSAGE][PASSED] - I want to verify I'm in OOB main page

2019-05-01 14:22:58 - [TEST_STEP][PASSED] - I want to go to ideas list page: I want to go to ideas list page

2019-05-01 14:23:02 - [MESSAGE][PASSED] - Object: 'Object Repository/OOBObjects/HomepageObjects/IdeasList' is clicked on

2019-05-01 14:23:02 - [MESSAGE][PASSED] - I want to go to ideas list page

2019-05-01 14:23:02 - [TEST_STEP][PASSED] - I want to click on Add New button: I want to click on Add New button

2019-05-01 14:23:04 - [MESSAGE][PASSED] - Object: 'Object Repository/OOBObjects/IdeasListObjects/AddNewIdeaButton' is clicked on

2019-05-01 14:23:04 - [MESSAGE][PASSED] - I want to click on Add New button

2019-05-01 14:23:04 - [TEST_STEP][PASSED] - I want to fill idea name field: I want to fill idea name field

2019-05-01 14:23:04 - [MESSAGE][PASSED] - Text 'Automation3300' is set on object 'Object Repository/OOBObjects/IdeasListObjects/Idea-Name-Field'

2019-05-01 14:23:04 - [MESSAGE][PASSED] - I want to fill idea name field

2019-05-01 14:23:04 - [TEST_STEP][PASSED] - I want to select expected start date: I want to select expected start date

2019-05-01 14:23:04 - [MESSAGE][PASSED] - Object: 'Object Repository/OOBObjects/IdeasListObjects//GREGORIAN-Start-date-Check-Box' is clicked on

2019-05-01 14:23:04 - [MESSAGE][PASSED] - Object: 'Object Repository/OOBObjects/IdeasListObjects//Excepted-Start-Date' is clicked on

2019-05-01 14:23:04 - [MESSAGE][PASSED] - All options with index in [5] are selected on object 'Object Repository/OOBObjects/IdeasListObjects/StartDateMonthDropDwon'

2019-05-01 14:23:04 - [MESSAGE][PASSED] - Object: 'Object Repository/OOBObjects/IdeasListObjects//Day26' is hovered

2019-05-01 14:23:04 - [MESSAGE][PASSED] - Object: 'Object Repository/OOBObjects/IdeasListObjects//Day26' is clicked on

2019-05-01 14:23:04 - [MESSAGE][PASSED] - I want to select expected start date

2019-05-01 14:23:04 - [TEST_STEP][PASSED] - I want to select expected end date: I want to select expected end date

2019-05-01 14:23:04 - [MESSAGE][PASSED] - Object 'Object Repository/OOBObjects/IdeasListObjects/GREGORIAN-End-Date-Check-Box' is visible

2019-05-01 14:23:04 - [MESSAGE][PASSED] - Object: 'Object Repository/OOBObjects/IdeasListObjects/GREGORIAN-End-Date-Check-Box' is clicked on

2019-05-01 14:23:07 - [MESSAGE][PASSED] - Delayed 2 second(s)

2019-05-01 14:23:07 - [MESSAGE][PASSED] - Object: 'Object Repository/OOBObjects/IdeasListObjects/Excpected-End-Date' is hovered

2019-05-01 14:23:07 - [MESSAGE][PASSED] - Object: 'Object Repository/OOBObjects/IdeasListObjects/Excpected-End-Date' is clicked on

2019-05-01 14:23:07 - [MESSAGE][PASSED] - All options with index in [6] are selected on object 'Object Repository/OOBObjects/IdeasListObjects/EndDateMonthDropdown'

2019-05-01 14:23:07 - [MESSAGE][PASSED] - Object: 'Object Repository/OOBObjects/IdeasListObjects/EndDateDay15' is hovered

2019-05-01 14:23:07 - [MESSAGE][PASSED] - Object: 'Object Repository/OOBObjects/IdeasListObjects/EndDateDay15' is clicked on

2019-05-01 14:23:07 - [MESSAGE][PASSED] - I want to select expected end date

2019-05-01 14:23:07 - [TEST_STEP][PASSED] - I want to fill idea objective field: I want to fill idea objective field

2019-05-01 14:23:07 - [MESSAGE][PASSED] - Text 'Automation' is set on object 'Object Repository/OOBObjects/IdeasListObjects/Idea-Objective-Field'

2019-05-01 14:23:07 - [MESSAGE][PASSED] - I want to fill idea objective field

2019-05-01 14:23:07 - [TEST_STEP][PASSED] - I want to fill expected budget field: I want to fill expected budget field

2019-05-01 14:23:07 - [MESSAGE][PASSED] - Text '10000' is set on object 'Object Repository/OOBObjects/IdeasListObjects/Expected-Budget-Field'

2019-05-01 14:23:07 - [MESSAGE][PASSED] - I want to fill expected budget field

2019-05-01 14:23:07 - [TEST_STEP][PASSED] - I want to fill Notes field: I want to fill Notes field

2019-05-01 14:23:07 - [MESSAGE][PASSED] - Text 'test note' is set on object 'Object Repository/OOBObjects/IdeasListObjects/Notes-Field'

2019-05-01 14:23:07 - [MESSAGE][PASSED] - I want to fill Notes field

2019-05-01 14:23:07 - [TEST_STEP][PASSED] - I want to add Attachment: I want to add Attachment

2019-05-01 14:23:07 - [MESSAGE][PASSED] - Object: 'Object Repository/OOBObjects/IdeasListObjects/Add-New-Document-Button' is clicked on

2019-05-01 14:23:07 - [MESSAGE][WARNING] - Timeout '0' is invalid. Using default page load timeout: '30'

2019-05-01 14:23:07 - [MESSAGE][PASSED] - Scroll to object 'Object Repository/OOBObjects/IdeasListObjects/Add-New-Document-Button' successfully

2019-05-01 14:23:07 - [MESSAGE][PASSED] - Text 'test1' is set on object 'Object Repository/OOBObjects/IdeasListObjects/AttachmentNameField'

2019-05-01 14:23:08 - [MESSAGE][PASSED] - File 'C:\Users\HP\Desktop\download.png' sent to object: 'Object Repository/OOBObjects/IdeasListObjects/Upload-File'

2019-05-01 14:23:08 - [MESSAGE][WARNING] - Timeout '0' is invalid. Using default page load timeout: '30'

2019-05-01 14:23:08 - [MESSAGE][PASSED] - Object 'Object Repository/OOBObjects/IdeasListObjects/AttachedFile' is present

2019-05-01 14:23:08 - [MESSAGE][PASSED] - Object: 'Object Repository/OOBObjects/IdeasListObjects/LoadButton' is clicked on

2019-05-01 14:23:08 - [MESSAGE][PASSED] - I want to add Attachment

2019-05-01 14:23:08 - [TEST_STEP][PASSED] - I want to click send idea button: I want to click send idea button

2019-05-01 14:23:13 - [MESSAGE][PASSED] - Delayed 5 second(s)

2019-05-01 14:23:13 - [MESSAGE][WARNING] - Timeout '0' is invalid. Using default page load timeout: '30'

2019-05-01 14:23:13 - [MESSAGE][PASSED] - Scroll to object 'Object Repository/OOBObjects/IdeasListObjects/CardBlock' successfully

2019-05-01 14:23:13 - [MESSAGE][PASSED] - Object: 'Object Repository/OOBObjects/IdeasListObjects/SendIdeaButton' is clicked on

2019-05-01 14:23:13 - [MESSAGE][PASSED] - I want to click send idea button

2019-05-01 14:23:13 - [TEST_STEP][PASSED] - I want to verify idea added successfuly: I want to verify idea added successfuly

2019-05-01 14:23:13 - [MESSAGE][WARNING] - Timeout '0' is invalid. Using default page load timeout: '30'

2019-05-01 14:23:13 - [MESSAGE][PASSED] - Wait for page load successfully

2019-05-01 14:23:15 - [MESSAGE][PASSED] - Text 'Automation3300' is set on object 'Object Repository/OOBObjects/IdeasListObjects/SearchField'

2019-05-01 14:23:16 - [MESSAGE][PASSED] - Actual text and expected text of test object 'Object Repository/OOBObjects/IdeasListObjects/SearchResult' are matched.

2019-05-01 14:23:16 - [MESSAGE][PASSED] - I want to verify idea added successfuly

2019-05-01 14:23:16 - [TEST_STEP][PASSED] - I want to close browser: I want to close browser

2019-05-01 14:23:17 - [MESSAGE][PASSED] - Browser is closed

2019-05-01 14:23:17 - [MESSAGE][PASSED] - I want to close browser

2019-05-01 14:23:17 - [MESSAGE][PASSED] - Feature file: 'Include/features/Governance-Module/Add-Idea/003-Add-Idea.feature' was passed]]></system-out>
         <system-err><![CDATA[]]></system-err>
      </testcase>
      <testcase name="Test Cases/Main-Test-Cases/004-Cancel-Idea-Creation" classname="Test Cases/Main-Test-Cases/004-Cancel-Idea-Creation" status="PASSED">
         <system-out><![CDATA[2019-05-01 14:23:17 - [TEST_CASE][PASSED] - Test Cases/Main-Test-Cases/004-Cancel-Idea-Creation: Test Cases/Main-Test-Cases/004-Cancel-Idea-Creation

2019-05-01 14:23:17 - [TEST_STEP][PASSED] - runFeatureFile("Include/features/Governance-Module/Add-Idea/004-Cancel-Idea-Creation.feature"): Feature file: 'Include/features/Governance-Module/Add-Idea/004-Cancel-Idea-Creation.feature' was passed

2019-05-01 14:23:17 - [MESSAGE][INFO] - Starting run keyword runFeatureFile: 'Include/features/Governance-Module/Add-Idea/004-Cancel-Idea-Creation.feature' and extract report to folder: 'C:\Users\HP\git\PMO-Web-Application\Reports\First-Test-Suite\20190501_142211/cucumber_report/1556709797342'...

2019-05-01 14:23:17 - [TEST_CASE][PASSED] - Start Test Case : SCENARIO Cancel idea creation process: SCENARIO Cancel idea creation process

2019-05-01 14:23:17 - [TEST_STEP][PASSED] - I want to open browser: I want to open browser

2019-05-01 14:23:17 - [MESSAGE][INFO] - Starting 'Chrome' driver

2019-05-01 14:23:19 - [MESSAGE][PASSED] - Browser is opened with url: ''

2019-05-01 14:23:19 - [MESSAGE][PASSED] - Delete all cookies successfully

2019-05-01 14:23:19 - [MESSAGE][PASSED] - I want to open browser

2019-05-01 14:23:19 - [TEST_STEP][PASSED] - I want to maximize window: I want to maximize window

2019-05-01 14:23:20 - [MESSAGE][PASSED] - Current window maximized

2019-05-01 14:23:20 - [MESSAGE][PASSED] - I want to maximize window

2019-05-01 14:23:20 - [TEST_STEP][PASSED] - I want to go to OOB: I want to go to OOB

2019-05-01 14:23:28 - [MESSAGE][PASSED] - Navigate to 'https://pmoadmin:P@ssw0rd@dev5.cloudapp.net/OOB2/' successfully

2019-05-01 14:23:28 - [MESSAGE][PASSED] - I want to go to OOB

2019-05-01 14:23:28 - [TEST_STEP][PASSED] - I want to verify I'm in OOB main page: I want to verify I'm in OOB main page

2019-05-01 14:23:28 - [MESSAGE][WARNING] - Timeout '0' is invalid. Using default page load timeout: '30'

2019-05-01 14:23:28 - [MESSAGE][PASSED] - Object 'Object Repository/OOBObjects/HomepageObjects/OOBSideBar' is present

2019-05-01 14:23:28 - [MESSAGE][PASSED] - I want to verify I'm in OOB main page

2019-05-01 14:23:28 - [TEST_STEP][PASSED] - I want to go to ideas list page: I want to go to ideas list page

2019-05-01 14:23:33 - [MESSAGE][PASSED] - Object: 'Object Repository/OOBObjects/HomepageObjects/IdeasList' is clicked on

2019-05-01 14:23:33 - [MESSAGE][PASSED] - I want to go to ideas list page

2019-05-01 14:23:33 - [TEST_STEP][PASSED] - I want to click on Add New button: I want to click on Add New button

2019-05-01 14:23:34 - [MESSAGE][PASSED] - Object: 'Object Repository/OOBObjects/IdeasListObjects/AddNewIdeaButton' is clicked on

2019-05-01 14:23:34 - [MESSAGE][PASSED] - I want to click on Add New button

2019-05-01 14:23:34 - [TEST_STEP][PASSED] - I want to fill idea name field: I want to fill idea name field

2019-05-01 14:23:34 - [MESSAGE][PASSED] - Text 'Automation6023' is set on object 'Object Repository/OOBObjects/IdeasListObjects/Idea-Name-Field'

2019-05-01 14:23:34 - [MESSAGE][PASSED] - I want to fill idea name field

2019-05-01 14:23:34 - [TEST_STEP][PASSED] - I want to select expected start date: I want to select expected start date

2019-05-01 14:23:34 - [MESSAGE][PASSED] - Object: 'Object Repository/OOBObjects/IdeasListObjects//GREGORIAN-Start-date-Check-Box' is clicked on

2019-05-01 14:23:34 - [MESSAGE][PASSED] - Object: 'Object Repository/OOBObjects/IdeasListObjects//Excepted-Start-Date' is clicked on

2019-05-01 14:23:35 - [MESSAGE][PASSED] - All options with index in [5] are selected on object 'Object Repository/OOBObjects/IdeasListObjects/StartDateMonthDropDwon'

2019-05-01 14:23:35 - [MESSAGE][PASSED] - Object: 'Object Repository/OOBObjects/IdeasListObjects//Day26' is hovered

2019-05-01 14:23:35 - [MESSAGE][PASSED] - Object: 'Object Repository/OOBObjects/IdeasListObjects//Day26' is clicked on

2019-05-01 14:23:35 - [MESSAGE][PASSED] - I want to select expected start date

2019-05-01 14:23:35 - [TEST_STEP][PASSED] - I want to select expected end date: I want to select expected end date

2019-05-01 14:23:35 - [MESSAGE][PASSED] - Object 'Object Repository/OOBObjects/IdeasListObjects/GREGORIAN-End-Date-Check-Box' is visible

2019-05-01 14:23:35 - [MESSAGE][PASSED] - Object: 'Object Repository/OOBObjects/IdeasListObjects/GREGORIAN-End-Date-Check-Box' is clicked on

2019-05-01 14:23:37 - [MESSAGE][PASSED] - Delayed 2 second(s)

2019-05-01 14:23:37 - [MESSAGE][PASSED] - Object: 'Object Repository/OOBObjects/IdeasListObjects/Excpected-End-Date' is hovered

2019-05-01 14:23:37 - [MESSAGE][PASSED] - Object: 'Object Repository/OOBObjects/IdeasListObjects/Excpected-End-Date' is clicked on

2019-05-01 14:23:37 - [MESSAGE][PASSED] - All options with index in [6] are selected on object 'Object Repository/OOBObjects/IdeasListObjects/EndDateMonthDropdown'

2019-05-01 14:23:37 - [MESSAGE][PASSED] - Object: 'Object Repository/OOBObjects/IdeasListObjects/EndDateDay15' is hovered

2019-05-01 14:23:37 - [MESSAGE][PASSED] - Object: 'Object Repository/OOBObjects/IdeasListObjects/EndDateDay15' is clicked on

2019-05-01 14:23:37 - [MESSAGE][PASSED] - I want to select expected end date

2019-05-01 14:23:37 - [TEST_STEP][PASSED] - I want to fill idea objective field: I want to fill idea objective field

2019-05-01 14:23:37 - [MESSAGE][PASSED] - Text 'Automation' is set on object 'Object Repository/OOBObjects/IdeasListObjects/Idea-Objective-Field'

2019-05-01 14:23:37 - [MESSAGE][PASSED] - I want to fill idea objective field

2019-05-01 14:23:37 - [TEST_STEP][PASSED] - I want to fill expected budget field: I want to fill expected budget field

2019-05-01 14:23:37 - [MESSAGE][PASSED] - Text '10000' is set on object 'Object Repository/OOBObjects/IdeasListObjects/Expected-Budget-Field'

2019-05-01 14:23:37 - [MESSAGE][PASSED] - I want to fill expected budget field

2019-05-01 14:23:37 - [TEST_STEP][PASSED] - I want to fill Notes field: I want to fill Notes field

2019-05-01 14:23:38 - [MESSAGE][PASSED] - Text 'test note' is set on object 'Object Repository/OOBObjects/IdeasListObjects/Notes-Field'

2019-05-01 14:23:38 - [MESSAGE][PASSED] - I want to fill Notes field

2019-05-01 14:23:38 - [TEST_STEP][PASSED] - I want to click Cancel idea button: I want to click Cancel idea button

2019-05-01 14:23:38 - [MESSAGE][PASSED] - Object: 'Object Repository/OOBObjects/IdeasListObjects/CancelIdeaButton' is hovered

2019-05-01 14:23:40 - [MESSAGE][PASSED] - Object: 'Object Repository/OOBObjects/IdeasListObjects/CancelIdeaButton' is clicked on

2019-05-01 14:23:40 - [MESSAGE][PASSED] - I want to click Cancel idea button

2019-05-01 14:23:40 - [TEST_STEP][PASSED] - I want to check idea not created: I want to check idea not created

2019-05-01 14:23:40 - [MESSAGE][PASSED] - Text 'Automation6023' is set on object 'Object Repository/OOBObjects/IdeasListObjects/SearchField'

2019-05-01 14:23:43 - [MESSAGE][PASSED] - Actual text and expected text of test object 'Object Repository/OOBObjects/IdeasListObjects/SearchResult' are matched.

2019-05-01 14:23:43 - [MESSAGE][PASSED] - I want to check idea not created

2019-05-01 14:23:43 - [TEST_STEP][PASSED] - I want to close browser: I want to close browser

2019-05-01 14:23:43 - [MESSAGE][PASSED] - Browser is closed

2019-05-01 14:23:43 - [MESSAGE][PASSED] - I want to close browser

2019-05-01 14:23:43 - [MESSAGE][PASSED] - Feature file: 'Include/features/Governance-Module/Add-Idea/004-Cancel-Idea-Creation.feature' was passed]]></system-out>
         <system-err><![CDATA[]]></system-err>
      </testcase>
      <testcase name="Test Cases/Main-Test-Cases/005-Save-Idea" classname="Test Cases/Main-Test-Cases/005-Save-Idea" status="PASSED">
         <system-out><![CDATA[2019-05-01 14:23:43 - [TEST_CASE][PASSED] - Test Cases/Main-Test-Cases/005-Save-Idea: Test Cases/Main-Test-Cases/005-Save-Idea

2019-05-01 14:23:43 - [TEST_STEP][PASSED] - runFeatureFile("Include/features/Governance-Module/Add-Idea/005-Save-Idea.feature"): Feature file: 'Include/features/Governance-Module/Add-Idea/005-Save-Idea.feature' was passed

2019-05-01 14:23:43 - [MESSAGE][INFO] - Starting run keyword runFeatureFile: 'Include/features/Governance-Module/Add-Idea/005-Save-Idea.feature' and extract report to folder: 'C:\Users\HP\git\PMO-Web-Application\Reports\First-Test-Suite\20190501_142211/cucumber_report/1556709823753'...

2019-05-01 14:23:43 - [TEST_CASE][PASSED] - Start Test Case : SCENARIO Save Idea: SCENARIO Save Idea

2019-05-01 14:23:43 - [TEST_STEP][PASSED] - I want to open browser: I want to open browser

2019-05-01 14:23:43 - [MESSAGE][INFO] - Starting 'Chrome' driver

2019-05-01 14:23:46 - [MESSAGE][PASSED] - Browser is opened with url: ''

2019-05-01 14:23:46 - [MESSAGE][PASSED] - Delete all cookies successfully

2019-05-01 14:23:46 - [MESSAGE][PASSED] - I want to open browser

2019-05-01 14:23:46 - [TEST_STEP][PASSED] - I want to maximize window: I want to maximize window

2019-05-01 14:23:47 - [MESSAGE][PASSED] - Current window maximized

2019-05-01 14:23:47 - [MESSAGE][PASSED] - I want to maximize window

2019-05-01 14:23:47 - [TEST_STEP][PASSED] - I want to go to OOB: I want to go to OOB

2019-05-01 14:23:48 - [MESSAGE][PASSED] - Navigate to 'https://pmoadmin:P@ssw0rd@dev5.cloudapp.net/OOB2/' successfully

2019-05-01 14:23:48 - [MESSAGE][PASSED] - I want to go to OOB

2019-05-01 14:23:48 - [TEST_STEP][PASSED] - I want to verify I'm in OOB main page: I want to verify I'm in OOB main page

2019-05-01 14:23:48 - [MESSAGE][WARNING] - Timeout '0' is invalid. Using default page load timeout: '30'

2019-05-01 14:23:59 - [MESSAGE][PASSED] - Object 'Object Repository/OOBObjects/HomepageObjects/OOBSideBar' is present

2019-05-01 14:23:59 - [MESSAGE][PASSED] - I want to verify I'm in OOB main page

2019-05-01 14:23:59 - [TEST_STEP][PASSED] - I want to go to ideas list page: I want to go to ideas list page

2019-05-01 14:24:03 - [MESSAGE][PASSED] - Object: 'Object Repository/OOBObjects/HomepageObjects/IdeasList' is clicked on

2019-05-01 14:24:03 - [MESSAGE][PASSED] - I want to go to ideas list page

2019-05-01 14:24:03 - [TEST_STEP][PASSED] - I want to click on Add New button: I want to click on Add New button

2019-05-01 14:24:05 - [MESSAGE][PASSED] - Object: 'Object Repository/OOBObjects/IdeasListObjects/AddNewIdeaButton' is clicked on

2019-05-01 14:24:05 - [MESSAGE][PASSED] - I want to click on Add New button

2019-05-01 14:24:05 - [TEST_STEP][PASSED] - I want to fill idea name field: I want to fill idea name field

2019-05-01 14:24:05 - [MESSAGE][PASSED] - Text 'Automation9196' is set on object 'Object Repository/OOBObjects/IdeasListObjects/Idea-Name-Field'

2019-05-01 14:24:05 - [MESSAGE][PASSED] - I want to fill idea name field

2019-05-01 14:24:05 - [TEST_STEP][PASSED] - I want to select expected start date: I want to select expected start date

2019-05-01 14:24:05 - [MESSAGE][PASSED] - Object: 'Object Repository/OOBObjects/IdeasListObjects//GREGORIAN-Start-date-Check-Box' is clicked on

2019-05-01 14:24:05 - [MESSAGE][PASSED] - Object: 'Object Repository/OOBObjects/IdeasListObjects//Excepted-Start-Date' is clicked on

2019-05-01 14:24:05 - [MESSAGE][PASSED] - All options with index in [5] are selected on object 'Object Repository/OOBObjects/IdeasListObjects/StartDateMonthDropDwon'

2019-05-01 14:24:05 - [MESSAGE][PASSED] - Object: 'Object Repository/OOBObjects/IdeasListObjects//Day26' is hovered

2019-05-01 14:24:05 - [MESSAGE][PASSED] - Object: 'Object Repository/OOBObjects/IdeasListObjects//Day26' is clicked on

2019-05-01 14:24:05 - [MESSAGE][PASSED] - I want to select expected start date

2019-05-01 14:24:05 - [TEST_STEP][PASSED] - I want to select expected end date: I want to select expected end date

2019-05-01 14:24:05 - [MESSAGE][PASSED] - Object 'Object Repository/OOBObjects/IdeasListObjects/GREGORIAN-End-Date-Check-Box' is visible

2019-05-01 14:24:05 - [MESSAGE][PASSED] - Object: 'Object Repository/OOBObjects/IdeasListObjects/GREGORIAN-End-Date-Check-Box' is clicked on

2019-05-01 14:24:07 - [MESSAGE][PASSED] - Delayed 2 second(s)

2019-05-01 14:24:07 - [MESSAGE][PASSED] - Object: 'Object Repository/OOBObjects/IdeasListObjects/Excpected-End-Date' is hovered

2019-05-01 14:24:07 - [MESSAGE][PASSED] - Object: 'Object Repository/OOBObjects/IdeasListObjects/Excpected-End-Date' is clicked on

2019-05-01 14:24:07 - [MESSAGE][PASSED] - All options with index in [6] are selected on object 'Object Repository/OOBObjects/IdeasListObjects/EndDateMonthDropdown'

2019-05-01 14:24:07 - [MESSAGE][PASSED] - Object: 'Object Repository/OOBObjects/IdeasListObjects/EndDateDay15' is hovered

2019-05-01 14:24:07 - [MESSAGE][PASSED] - Object: 'Object Repository/OOBObjects/IdeasListObjects/EndDateDay15' is clicked on

2019-05-01 14:24:07 - [MESSAGE][PASSED] - I want to select expected end date

2019-05-01 14:24:07 - [TEST_STEP][PASSED] - I want to fill idea objective field: I want to fill idea objective field

2019-05-01 14:24:08 - [MESSAGE][PASSED] - Text 'Automation' is set on object 'Object Repository/OOBObjects/IdeasListObjects/Idea-Objective-Field'

2019-05-01 14:24:08 - [MESSAGE][PASSED] - I want to fill idea objective field

2019-05-01 14:24:08 - [TEST_STEP][PASSED] - I want to fill expected budget field: I want to fill expected budget field

2019-05-01 14:24:08 - [MESSAGE][PASSED] - Text '10000' is set on object 'Object Repository/OOBObjects/IdeasListObjects/Expected-Budget-Field'

2019-05-01 14:24:08 - [MESSAGE][PASSED] - I want to fill expected budget field

2019-05-01 14:24:08 - [TEST_STEP][PASSED] - I want to fill Notes field: I want to fill Notes field

2019-05-01 14:24:08 - [MESSAGE][PASSED] - Text 'test note' is set on object 'Object Repository/OOBObjects/IdeasListObjects/Notes-Field'

2019-05-01 14:24:08 - [MESSAGE][PASSED] - I want to fill Notes field

2019-05-01 14:24:08 - [TEST_STEP][PASSED] - I want to click save idea button: I want to click save idea button

2019-05-01 14:24:08 - [MESSAGE][WARNING] - Timeout '0' is invalid. Using default page load timeout: '30'

2019-05-01 14:24:08 - [MESSAGE][PASSED] - Object 'Object Repository/OOBObjects/IdeasListObjects/SaveIdeaButton' is present

2019-05-01 14:24:08 - [MESSAGE][WARNING] - Timeout '0' is invalid. Using default page load timeout: '30'

2019-05-01 14:24:08 - [MESSAGE][PASSED] - Object 'Object Repository/OOBObjects/IdeasListObjects/SaveIdeaButton' is clickable

2019-05-01 14:24:08 - [MESSAGE][PASSED] - Object: 'Object Repository/OOBObjects/IdeasListObjects/SaveIdeaButton' is clicked on

2019-05-01 14:24:13 - [MESSAGE][PASSED] - Delayed 5 second(s)

2019-05-01 14:24:13 - [MESSAGE][PASSED] - I want to click save idea button

2019-05-01 14:24:13 - [TEST_STEP][PASSED] - I want to wait for page load: I want to wait for page load

2019-05-01 14:24:13 - [MESSAGE][PASSED] - Wait for page load successfully

2019-05-01 14:24:13 - [MESSAGE][PASSED] - I want to wait for page load

2019-05-01 14:24:13 - [TEST_STEP][PASSED] - I want to go to ideas list page: I want to go to ideas list page

2019-05-01 14:24:14 - [MESSAGE][PASSED] - Object: 'Object Repository/OOBObjects/HomepageObjects/IdeasList' is clicked on

2019-05-01 14:24:14 - [MESSAGE][PASSED] - I want to go to ideas list page

2019-05-01 14:24:14 - [TEST_STEP][PASSED] - I want to search for idea by idea name: I want to search for idea by idea name

2019-05-01 14:24:15 - [MESSAGE][PASSED] - Text 'Automation9196' is set on object 'Object Repository/OOBObjects/IdeasListObjects/SearchField'

2019-05-01 14:24:16 - [MESSAGE][PASSED] - Actual text and expected text of test object 'Object Repository/OOBObjects/IdeasListObjects/SearchResult' are matched.

2019-05-01 14:24:16 - [MESSAGE][PASSED] - I want to search for idea by idea name

2019-05-01 14:24:16 - [TEST_STEP][PASSED] - I want to close browser: I want to close browser

2019-05-01 14:24:16 - [MESSAGE][PASSED] - Browser is closed

2019-05-01 14:24:16 - [MESSAGE][PASSED] - I want to close browser

2019-05-01 14:24:16 - [MESSAGE][PASSED] - Feature file: 'Include/features/Governance-Module/Add-Idea/005-Save-Idea.feature' was passed]]></system-out>
         <system-err><![CDATA[]]></system-err>
      </testcase>
      <testcase name="Test Cases/Main-Test-Cases/006-Check-Mandatory-Fields" classname="Test Cases/Main-Test-Cases/006-Check-Mandatory-Fields" status="FAILED">
         <failure type="FAILED" message="Test Cases/Main-Test-Cases/006-Check-Mandatory-Fields FAILED.
Reason:
com.kms.katalon.core.exception.StepFailedException: Feature file 'Include/features/Governance-Module/Add-Idea/006-Check-Mandatory-Fields.feature' was failed
	at com.kms.katalon.core.keyword.internal.KeywordMain.stepFailed(KeywordMain.groovy:48)
	at com.kms.katalon.core.keyword.internal.KeywordMain.stepFailed(KeywordMain.groovy)
	at com.kms.katalon.core.keyword.internal.KeywordMain.stepFailed(KeywordMain.groovy:21)
	at com.kms.katalon.core.keyword.internal.KeywordMain$stepFailed$0.call(Unknown Source)
	at com.kms.katalon.core.cucumber.keyword.CucumberBuiltinKeywords$_runFeatureFile_closure1.doCall(CucumberBuiltinKeywords.groovy:82)
	at com.kms.katalon.core.cucumber.keyword.CucumberBuiltinKeywords$_runFeatureFile_closure1.doCall(CucumberBuiltinKeywords.groovy)
	at com.kms.katalon.core.keyword.internal.KeywordMain.runKeyword(KeywordMain.groovy:66)
	at com.kms.katalon.core.keyword.internal.KeywordMain$runKeyword.call(Unknown Source)
	at com.kms.katalon.core.cucumber.keyword.CucumberBuiltinKeywords.runFeatureFile(CucumberBuiltinKeywords.groovy:46)
	at com.kms.katalon.core.cucumber.keyword.CucumberBuiltinKeywords$runFeatureFile$0.callStatic(Unknown Source)
	at com.kms.katalon.core.cucumber.keyword.CucumberBuiltinKeywords.runFeatureFile(CucumberBuiltinKeywords.groovy:101)
	at com.kms.katalon.core.cucumber.keyword.CucumberBuiltinKeywords$runFeatureFile.call(Unknown Source)
	at 006-Check-Mandatory-Fields.run(006-Check-Mandatory-Fields:16)
	at com.kms.katalon.core.main.ScriptEngine.run(ScriptEngine.java:194)
	at com.kms.katalon.core.main.ScriptEngine.runScriptAsRawText(ScriptEngine.java:119)
	at com.kms.katalon.core.main.TestCaseExecutor.runScript(TestCaseExecutor.java:331)
	at com.kms.katalon.core.main.TestCaseExecutor.doExecute(TestCaseExecutor.java:322)
	at com.kms.katalon.core.main.TestCaseExecutor.processExecutionPhase(TestCaseExecutor.java:301)
	at com.kms.katalon.core.main.TestCaseExecutor.accessMainPhase(TestCaseExecutor.java:293)
	at com.kms.katalon.core.main.TestCaseExecutor.execute(TestCaseExecutor.java:227)
	at com.kms.katalon.core.main.TestSuiteExecutor.accessTestCaseMainPhase(TestSuiteExecutor.java:129)
	at com.kms.katalon.core.main.TestSuiteExecutor.accessTestSuiteMainPhase(TestSuiteExecutor.java:112)
	at com.kms.katalon.core.main.TestSuiteExecutor.execute(TestSuiteExecutor.java:81)
	at com.kms.katalon.core.main.TestCaseMain.startTestSuite(TestCaseMain.java:157)
	at com.kms.katalon.core.main.TestCaseMain$startTestSuite$0.call(Unknown Source)
	at TempTestSuite1556709731988.run(TempTestSuite1556709731988.groovy:35)
"/>
         <system-out><![CDATA[2019-05-01 14:24:16 - [TEST_CASE][FAILED] - Test Cases/Main-Test-Cases/006-Check-Mandatory-Fields: Test Cases/Main-Test-Cases/006-Check-Mandatory-Fields FAILED.
Reason:
com.kms.katalon.core.exception.StepFailedException: Feature file 'Include/features/Governance-Module/Add-Idea/006-Check-Mandatory-Fields.feature' was failed
	at com.kms.katalon.core.keyword.internal.KeywordMain.stepFailed(KeywordMain.groovy:48)
	at com.kms.katalon.core.keyword.internal.KeywordMain.stepFailed(KeywordMain.groovy)
	at com.kms.katalon.core.keyword.internal.KeywordMain.stepFailed(KeywordMain.groovy:21)
	at com.kms.katalon.core.keyword.internal.KeywordMain$stepFailed$0.call(Unknown Source)
	at com.kms.katalon.core.cucumber.keyword.CucumberBuiltinKeywords$_runFeatureFile_closure1.doCall(CucumberBuiltinKeywords.groovy:82)
	at com.kms.katalon.core.cucumber.keyword.CucumberBuiltinKeywords$_runFeatureFile_closure1.doCall(CucumberBuiltinKeywords.groovy)
	at com.kms.katalon.core.keyword.internal.KeywordMain.runKeyword(KeywordMain.groovy:66)
	at com.kms.katalon.core.keyword.internal.KeywordMain$runKeyword.call(Unknown Source)
	at com.kms.katalon.core.cucumber.keyword.CucumberBuiltinKeywords.runFeatureFile(CucumberBuiltinKeywords.groovy:46)
	at com.kms.katalon.core.cucumber.keyword.CucumberBuiltinKeywords$runFeatureFile$0.callStatic(Unknown Source)
	at com.kms.katalon.core.cucumber.keyword.CucumberBuiltinKeywords.runFeatureFile(CucumberBuiltinKeywords.groovy:101)
	at com.kms.katalon.core.cucumber.keyword.CucumberBuiltinKeywords$runFeatureFile.call(Unknown Source)
	at 006-Check-Mandatory-Fields.run(006-Check-Mandatory-Fields:16)
	at com.kms.katalon.core.main.ScriptEngine.run(ScriptEngine.java:194)
	at com.kms.katalon.core.main.ScriptEngine.runScriptAsRawText(ScriptEngine.java:119)
	at com.kms.katalon.core.main.TestCaseExecutor.runScript(TestCaseExecutor.java:331)
	at com.kms.katalon.core.main.TestCaseExecutor.doExecute(TestCaseExecutor.java:322)
	at com.kms.katalon.core.main.TestCaseExecutor.processExecutionPhase(TestCaseExecutor.java:301)
	at com.kms.katalon.core.main.TestCaseExecutor.accessMainPhase(TestCaseExecutor.java:293)
	at com.kms.katalon.core.main.TestCaseExecutor.execute(TestCaseExecutor.java:227)
	at com.kms.katalon.core.main.TestSuiteExecutor.accessTestCaseMainPhase(TestSuiteExecutor.java:129)
	at com.kms.katalon.core.main.TestSuiteExecutor.accessTestSuiteMainPhase(TestSuiteExecutor.java:112)
	at com.kms.katalon.core.main.TestSuiteExecutor.execute(TestSuiteExecutor.java:81)
	at com.kms.katalon.core.main.TestCaseMain.startTestSuite(TestCaseMain.java:157)
	at com.kms.katalon.core.main.TestCaseMain$startTestSuite$0.call(Unknown Source)
	at TempTestSuite1556709731988.run(TempTestSuite1556709731988.groovy:35)


2019-05-01 14:24:16 - [TEST_STEP][FAILED] - runFeatureFile("Include/features/Governance-Module/Add-Idea/006-Check-Mandatory-Fields.feature"): runFeatureFile("Include/features/Governance-Module/Add-Idea/006-Check-Mandatory-Fields.feature") FAILED.
Reason:
com.kms.katalon.core.exception.StepFailedException: Feature file 'Include/features/Governance-Module/Add-Idea/006-Check-Mandatory-Fields.feature' was failed
	at com.kms.katalon.core.keyword.internal.KeywordMain.stepFailed(KeywordMain.groovy:48)
	at com.kms.katalon.core.keyword.internal.KeywordMain.stepFailed(KeywordMain.groovy)
	at com.kms.katalon.core.keyword.internal.KeywordMain.stepFailed(KeywordMain.groovy:21)
	at com.kms.katalon.core.keyword.internal.KeywordMain$stepFailed$0.call(Unknown Source)
	at com.kms.katalon.core.cucumber.keyword.CucumberBuiltinKeywords$_runFeatureFile_closure1.doCall(CucumberBuiltinKeywords.groovy:82)
	at com.kms.katalon.core.cucumber.keyword.CucumberBuiltinKeywords$_runFeatureFile_closure1.doCall(CucumberBuiltinKeywords.groovy)
	at com.kms.katalon.core.keyword.internal.KeywordMain.runKeyword(KeywordMain.groovy:66)
	at com.kms.katalon.core.keyword.internal.KeywordMain$runKeyword.call(Unknown Source)
	at com.kms.katalon.core.cucumber.keyword.CucumberBuiltinKeywords.runFeatureFile(CucumberBuiltinKeywords.groovy:46)
	at com.kms.katalon.core.cucumber.keyword.CucumberBuiltinKeywords$runFeatureFile$0.callStatic(Unknown Source)
	at com.kms.katalon.core.cucumber.keyword.CucumberBuiltinKeywords.runFeatureFile(CucumberBuiltinKeywords.groovy:101)
	at com.kms.katalon.core.cucumber.keyword.CucumberBuiltinKeywords$runFeatureFile.call(Unknown Source)
	at 006-Check-Mandatory-Fields.run(006-Check-Mandatory-Fields:16)
	at com.kms.katalon.core.main.ScriptEngine.run(ScriptEngine.java:194)
	at com.kms.katalon.core.main.ScriptEngine.runScriptAsRawText(ScriptEngine.java:119)
	at com.kms.katalon.core.main.TestCaseExecutor.runScript(TestCaseExecutor.java:331)
	at com.kms.katalon.core.main.TestCaseExecutor.doExecute(TestCaseExecutor.java:322)
	at com.kms.katalon.core.main.TestCaseExecutor.processExecutionPhase(TestCaseExecutor.java:301)
	at com.kms.katalon.core.main.TestCaseExecutor.accessMainPhase(TestCaseExecutor.java:293)
	at com.kms.katalon.core.main.TestCaseExecutor.execute(TestCaseExecutor.java:227)
	at com.kms.katalon.core.main.TestSuiteExecutor.accessTestCaseMainPhase(TestSuiteExecutor.java:129)
	at com.kms.katalon.core.main.TestSuiteExecutor.accessTestSuiteMainPhase(TestSuiteExecutor.java:112)
	at com.kms.katalon.core.main.TestSuiteExecutor.execute(TestSuiteExecutor.java:81)
	at com.kms.katalon.core.main.TestCaseMain.startTestSuite(TestCaseMain.java:157)
	at com.kms.katalon.core.main.TestCaseMain$startTestSuite$0.call(Unknown Source)
	at TempTestSuite1556709731988.run(TempTestSuite1556709731988.groovy:35)


2019-05-01 14:24:16 - [MESSAGE][INFO] - Starting run keyword runFeatureFile: 'Include/features/Governance-Module/Add-Idea/006-Check-Mandatory-Fields.feature' and extract report to folder: 'C:\Users\HP\git\PMO-Web-Application\Reports\First-Test-Suite\20190501_142211/cucumber_report/1556709856837'...

2019-05-01 14:24:16 - [TEST_CASE][FAILED] - Start Test Case : SCENARIO check create idea form mandatory fields: SCENARIO check create idea form mandatory fields FAILED.
Reason:
com.kms.katalon.core.exception.StepFailedException: Unable to verify object 'Object Repository/OOBObjects/IdeasListObjects/IdeaNameMandatoryField' is visible
	at com.kms.katalon.core.webui.keyword.internal.WebUIKeywordMain.stepFailed(WebUIKeywordMain.groovy:64)
	at com.kms.katalon.core.webui.keyword.internal.WebUIKeywordMain.runKeyword(WebUIKeywordMain.groovy:26)
	at com.kms.katalon.core.webui.keyword.builtin.VerifyElementVisibleKeyword.verifyElementVisible(VerifyElementVisibleKeyword.groovy:97)
	at com.kms.katalon.core.webui.keyword.builtin.VerifyElementVisibleKeyword.execute(VerifyElementVisibleKeyword.groovy:67)
	at com.kms.katalon.core.keyword.internal.KeywordExecutor.executeKeywordForPlatform(KeywordExecutor.groovy:56)
	at com.kms.katalon.core.webui.keyword.WebUiBuiltInKeywords.verifyElementVisible(WebUiBuiltInKeywords.groovy:358)
	at com.kms.katalon.core.webui.keyword.WebUiBuiltInKeywords$verifyElementVisible$16.call(Unknown Source)
	at com.pmo.steps.AddIdeaSteps.ideaNameMandatory(AddIdeaSteps.groovy:459)
	at ✽.I want to check idea name is a mandatory field(C:/Users/HP/git/PMO-Web-Application/Include/features/Governance-Module/Add-Idea/006-Check-Mandatory-Fields.feature:14)
Caused by: com.kms.katalon.core.exception.StepFailedException: Web element with id: 'Object Repository/OOBObjects/IdeasListObjects/IdeaNameMandatoryField' located by 'By.xpath: //*[@id='TxtIdeaNameError']/span' not found
	at com.kms.katalon.core.webui.keyword.internal.WebUIKeywordMain.stepFailed(WebUIKeywordMain.groovy:64)
	at com.kms.katalon.core.webui.keyword.builtin.VerifyElementVisibleKeyword$_verifyElementVisible_closure1.doCall(VerifyElementVisibleKeyword.groovy:89)
	at com.kms.katalon.core.webui.keyword.builtin.VerifyElementVisibleKeyword$_verifyElementVisible_closure1.call(VerifyElementVisibleKeyword.groovy)
	at com.kms.katalon.core.webui.keyword.internal.WebUIKeywordMain.runKeyword(WebUIKeywordMain.groovy:20)
	at com.kms.katalon.core.webui.keyword.builtin.VerifyElementVisibleKeyword.verifyElementVisible(VerifyElementVisibleKeyword.groovy:97)
	at com.kms.katalon.core.webui.keyword.builtin.VerifyElementVisibleKeyword.execute(VerifyElementVisibleKeyword.groovy:67)
	at com.kms.katalon.core.keyword.internal.KeywordExecutor.executeKeywordForPlatform(KeywordExecutor.groovy:56)
	at com.kms.katalon.core.webui.keyword.WebUiBuiltInKeywords.verifyElementVisible(WebUiBuiltInKeywords.groovy:358)
	at com.kms.katalon.core.webui.keyword.WebUiBuiltInKeywords$verifyElementVisible$16.call(Unknown Source)
	at com.pmo.steps.AddIdeaSteps.ideaNameMandatory(AddIdeaSteps.groovy:459)
	at cucumber.runtime.Utils$1.call(Utils.java:26)
	at cucumber.runtime.Timeout.timeout(Timeout.java:16)
	at cucumber.runtime.Utils.invoke(Utils.java:20)
	at cucumber.runtime.java.JavaStepDefinition.execute(JavaStepDefinition.java:48)
	at cucumber.runtime.PickleStepDefinitionMatch.runStep(PickleStepDefinitionMatch.java:50)
	at cucumber.runner.TestStep.executeStep(TestStep.java:55)
	at cucumber.runner.TestStep.run(TestStep.java:42)
	at cucumber.runner.PickleStepTestStep.run(PickleStepTestStep.java:53)
	at cucumber.runner.TestCase.run(TestCase.java:47)
	at cucumber.runner.Runner.runPickle(Runner.java:44)
	at cucumber.runtime.Runtime.runFeature(Runtime.java:120)
	at cucumber.runtime.Runtime.run(Runtime.java:106)
	at cucumber.api.cli.Main.run(Main.java:35)
	at cucumber.api.cli.Main$run.call(Unknown Source)
	at com.kms.katalon.core.cucumber.keyword.CucumberBuiltinKeywords$_runFeatureFile_closure1.doCall(CucumberBuiltinKeywords.groovy:76)
	at com.kms.katalon.core.cucumber.keyword.CucumberBuiltinKeywords$_runFeatureFile_closure1.doCall(CucumberBuiltinKeywords.groovy)
	at com.kms.katalon.core.keyword.internal.KeywordMain.runKeyword(KeywordMain.groovy:66)
	at com.kms.katalon.core.keyword.internal.KeywordMain$runKeyword.call(Unknown Source)
	at com.kms.katalon.core.cucumber.keyword.CucumberBuiltinKeywords.runFeatureFile(CucumberBuiltinKeywords.groovy:46)
	at com.kms.katalon.core.cucumber.keyword.CucumberBuiltinKeywords$runFeatureFile$0.callStatic(Unknown Source)
	at com.kms.katalon.core.cucumber.keyword.CucumberBuiltinKeywords.runFeatureFile(CucumberBuiltinKeywords.groovy:101)
	at com.kms.katalon.core.cucumber.keyword.CucumberBuiltinKeywords$runFeatureFile.call(Unknown Source)
	at 006-Check-Mandatory-Fields.run(006-Check-Mandatory-Fields:16)
	at com.kms.katalon.core.main.ScriptEngine.run(ScriptEngine.java:194)
	at com.kms.katalon.core.main.ScriptEngine.runScriptAsRawText(ScriptEngine.java:119)
	at com.kms.katalon.core.main.TestCaseExecutor.runScript(TestCaseExecutor.java:331)
	at com.kms.katalon.core.main.TestCaseExecutor.doExecute(TestCaseExecutor.java:322)
	at com.kms.katalon.core.main.TestCaseExecutor.processExecutionPhase(TestCaseExecutor.java:301)
	at com.kms.katalon.core.main.TestCaseExecutor.accessMainPhase(TestCaseExecutor.java:293)
	at com.kms.katalon.core.main.TestCaseExecutor.execute(TestCaseExecutor.java:227)
	at com.kms.katalon.core.main.TestSuiteExecutor.accessTestCaseMainPhase(TestSuiteExecutor.java:129)
	at com.kms.katalon.core.main.TestSuiteExecutor.accessTestSuiteMainPhase(TestSuiteExecutor.java:112)
	at com.kms.katalon.core.main.TestSuiteExecutor.execute(TestSuiteExecutor.java:81)
	at com.kms.katalon.core.main.TestCaseMain.startTestSuite(TestCaseMain.java:157)
	at com.kms.katalon.core.main.TestCaseMain$startTestSuite$0.call(Unknown Source)
	at TempTestSuite1556709731988.run(TempTestSuite1556709731988.groovy:35)


2019-05-01 14:24:16 - [TEST_STEP][PASSED] - I want to open browser: I want to open browser

2019-05-01 14:24:17 - [MESSAGE][INFO] - Starting 'Chrome' driver

2019-05-01 14:24:19 - [MESSAGE][PASSED] - Browser is opened with url: ''

2019-05-01 14:24:19 - [MESSAGE][PASSED] - Delete all cookies successfully

2019-05-01 14:24:19 - [MESSAGE][PASSED] - I want to open browser

2019-05-01 14:24:19 - [TEST_STEP][PASSED] - I want to maximize window: I want to maximize window

2019-05-01 14:24:20 - [MESSAGE][PASSED] - Current window maximized

2019-05-01 14:24:20 - [MESSAGE][PASSED] - I want to maximize window

2019-05-01 14:24:20 - [TEST_STEP][PASSED] - I want to go to OOB: I want to go to OOB

2019-05-01 14:24:30 - [MESSAGE][PASSED] - Navigate to 'https://pmoadmin:P@ssw0rd@dev5.cloudapp.net/OOB2/' successfully

2019-05-01 14:24:30 - [MESSAGE][PASSED] - I want to go to OOB

2019-05-01 14:24:30 - [TEST_STEP][PASSED] - I want to verify I'm in OOB main page: I want to verify I'm in OOB main page

2019-05-01 14:24:30 - [MESSAGE][WARNING] - Timeout '0' is invalid. Using default page load timeout: '30'

2019-05-01 14:24:30 - [MESSAGE][PASSED] - Object 'Object Repository/OOBObjects/HomepageObjects/OOBSideBar' is present

2019-05-01 14:24:30 - [MESSAGE][PASSED] - I want to verify I'm in OOB main page

2019-05-01 14:24:30 - [TEST_STEP][PASSED] - I want to go to ideas list page: I want to go to ideas list page

2019-05-01 14:24:34 - [MESSAGE][PASSED] - Object: 'Object Repository/OOBObjects/HomepageObjects/IdeasList' is clicked on

2019-05-01 14:24:34 - [MESSAGE][PASSED] - I want to go to ideas list page

2019-05-01 14:24:34 - [TEST_STEP][PASSED] - I want to click on Add New button: I want to click on Add New button

2019-05-01 14:24:36 - [MESSAGE][PASSED] - Object: 'Object Repository/OOBObjects/IdeasListObjects/AddNewIdeaButton' is clicked on

2019-05-01 14:24:36 - [MESSAGE][PASSED] - I want to click on Add New button

2019-05-01 14:24:36 - [TEST_STEP][PASSED] - I want to click send idea button: I want to click send idea button

2019-05-01 14:24:41 - [MESSAGE][PASSED] - Delayed 5 second(s)

2019-05-01 14:24:41 - [MESSAGE][WARNING] - Timeout '0' is invalid. Using default page load timeout: '30'

2019-05-01 14:24:41 - [MESSAGE][PASSED] - Scroll to object 'Object Repository/OOBObjects/IdeasListObjects/CardBlock' successfully

2019-05-01 14:24:41 - [MESSAGE][PASSED] - Object: 'Object Repository/OOBObjects/IdeasListObjects/SendIdeaButton' is clicked on

2019-05-01 14:24:41 - [MESSAGE][PASSED] - I want to click send idea button

2019-05-01 14:24:41 - [TEST_STEP][FAILED] - I want to check idea name is a mandatory field: I want to check idea name is a mandatory field FAILED.
Reason:
com.kms.katalon.core.exception.StepFailedException: Unable to verify object 'Object Repository/OOBObjects/IdeasListObjects/IdeaNameMandatoryField' is visible
	at com.kms.katalon.core.webui.keyword.internal.WebUIKeywordMain.stepFailed(WebUIKeywordMain.groovy:64)
	at com.kms.katalon.core.webui.keyword.internal.WebUIKeywordMain.runKeyword(WebUIKeywordMain.groovy:26)
	at com.kms.katalon.core.webui.keyword.builtin.VerifyElementVisibleKeyword.verifyElementVisible(VerifyElementVisibleKeyword.groovy:97)
	at com.kms.katalon.core.webui.keyword.builtin.VerifyElementVisibleKeyword.execute(VerifyElementVisibleKeyword.groovy:67)
	at com.kms.katalon.core.keyword.internal.KeywordExecutor.executeKeywordForPlatform(KeywordExecutor.groovy:56)
	at com.kms.katalon.core.webui.keyword.WebUiBuiltInKeywords.verifyElementVisible(WebUiBuiltInKeywords.groovy:358)
	at com.kms.katalon.core.webui.keyword.WebUiBuiltInKeywords$verifyElementVisible$16.call(Unknown Source)
	at com.pmo.steps.AddIdeaSteps.ideaNameMandatory(AddIdeaSteps.groovy:459)
	at ✽.I want to check idea name is a mandatory field(C:/Users/HP/git/PMO-Web-Application/Include/features/Governance-Module/Add-Idea/006-Check-Mandatory-Fields.feature:14)
Caused by: com.kms.katalon.core.exception.StepFailedException: Web element with id: 'Object Repository/OOBObjects/IdeasListObjects/IdeaNameMandatoryField' located by 'By.xpath: //*[@id='TxtIdeaNameError']/span' not found
	at com.kms.katalon.core.webui.keyword.internal.WebUIKeywordMain.stepFailed(WebUIKeywordMain.groovy:64)
	at com.kms.katalon.core.webui.keyword.builtin.VerifyElementVisibleKeyword$_verifyElementVisible_closure1.doCall(VerifyElementVisibleKeyword.groovy:89)
	at com.kms.katalon.core.webui.keyword.builtin.VerifyElementVisibleKeyword$_verifyElementVisible_closure1.call(VerifyElementVisibleKeyword.groovy)
	at com.kms.katalon.core.webui.keyword.internal.WebUIKeywordMain.runKeyword(WebUIKeywordMain.groovy:20)
	at com.kms.katalon.core.webui.keyword.builtin.VerifyElementVisibleKeyword.verifyElementVisible(VerifyElementVisibleKeyword.groovy:97)
	at com.kms.katalon.core.webui.keyword.builtin.VerifyElementVisibleKeyword.execute(VerifyElementVisibleKeyword.groovy:67)
	at com.kms.katalon.core.keyword.internal.KeywordExecutor.executeKeywordForPlatform(KeywordExecutor.groovy:56)
	at com.kms.katalon.core.webui.keyword.WebUiBuiltInKeywords.verifyElementVisible(WebUiBuiltInKeywords.groovy:358)
	at com.kms.katalon.core.webui.keyword.WebUiBuiltInKeywords$verifyElementVisible$16.call(Unknown Source)
	at com.pmo.steps.AddIdeaSteps.ideaNameMandatory(AddIdeaSteps.groovy:459)
	at cucumber.runtime.Utils$1.call(Utils.java:26)
	at cucumber.runtime.Timeout.timeout(Timeout.java:16)
	at cucumber.runtime.Utils.invoke(Utils.java:20)
	at cucumber.runtime.java.JavaStepDefinition.execute(JavaStepDefinition.java:48)
	at cucumber.runtime.PickleStepDefinitionMatch.runStep(PickleStepDefinitionMatch.java:50)
	at cucumber.runner.TestStep.executeStep(TestStep.java:55)
	at cucumber.runner.TestStep.run(TestStep.java:42)
	at cucumber.runner.PickleStepTestStep.run(PickleStepTestStep.java:53)
	at cucumber.runner.TestCase.run(TestCase.java:47)
	at cucumber.runner.Runner.runPickle(Runner.java:44)
	at cucumber.runtime.Runtime.runFeature(Runtime.java:120)
	at cucumber.runtime.Runtime.run(Runtime.java:106)
	at cucumber.api.cli.Main.run(Main.java:35)
	at cucumber.api.cli.Main$run.call(Unknown Source)
	at com.kms.katalon.core.cucumber.keyword.CucumberBuiltinKeywords$_runFeatureFile_closure1.doCall(CucumberBuiltinKeywords.groovy:76)
	at com.kms.katalon.core.cucumber.keyword.CucumberBuiltinKeywords$_runFeatureFile_closure1.doCall(CucumberBuiltinKeywords.groovy)
	at com.kms.katalon.core.keyword.internal.KeywordMain.runKeyword(KeywordMain.groovy:66)
	at com.kms.katalon.core.keyword.internal.KeywordMain$runKeyword.call(Unknown Source)
	at com.kms.katalon.core.cucumber.keyword.CucumberBuiltinKeywords.runFeatureFile(CucumberBuiltinKeywords.groovy:46)
	at com.kms.katalon.core.cucumber.keyword.CucumberBuiltinKeywords$runFeatureFile$0.callStatic(Unknown Source)
	at com.kms.katalon.core.cucumber.keyword.CucumberBuiltinKeywords.runFeatureFile(CucumberBuiltinKeywords.groovy:101)
	at com.kms.katalon.core.cucumber.keyword.CucumberBuiltinKeywords$runFeatureFile.call(Unknown Source)
	at 006-Check-Mandatory-Fields.run(006-Check-Mandatory-Fields:16)
	at com.kms.katalon.core.main.ScriptEngine.run(ScriptEngine.java:194)
	at com.kms.katalon.core.main.ScriptEngine.runScriptAsRawText(ScriptEngine.java:119)
	at com.kms.katalon.core.main.TestCaseExecutor.runScript(TestCaseExecutor.java:331)
	at com.kms.katalon.core.main.TestCaseExecutor.doExecute(TestCaseExecutor.java:322)
	at com.kms.katalon.core.main.TestCaseExecutor.processExecutionPhase(TestCaseExecutor.java:301)
	at com.kms.katalon.core.main.TestCaseExecutor.accessMainPhase(TestCaseExecutor.java:293)
	at com.kms.katalon.core.main.TestCaseExecutor.execute(TestCaseExecutor.java:227)
	at com.kms.katalon.core.main.TestSuiteExecutor.accessTestCaseMainPhase(TestSuiteExecutor.java:129)
	at com.kms.katalon.core.main.TestSuiteExecutor.accessTestSuiteMainPhase(TestSuiteExecutor.java:112)
	at com.kms.katalon.core.main.TestSuiteExecutor.execute(TestSuiteExecutor.java:81)
	at com.kms.katalon.core.main.TestCaseMain.startTestSuite(TestCaseMain.java:157)
	at com.kms.katalon.core.main.TestCaseMain$startTestSuite$0.call(Unknown Source)
	at TempTestSuite1556709731988.run(TempTestSuite1556709731988.groovy:35)


2019-05-01 14:25:12 - [MESSAGE][INFO] - Unable to find the element located by 'By.xpath: //*[@id='TxtIdeaNameError']/span'. Please recheck the objects properties to make sure the desired element is located. 

2019-05-01 14:25:12 - [MESSAGE][FAILED] - Web element with id: 'Object Repository/OOBObjects/IdeasListObjects/IdeaNameMandatoryField' located by 'By.xpath: //*[@id='TxtIdeaNameError']/span' not found (Root cause: com.kms.katalon.core.exception.StepFailedException: Web element with id: 'Object Repository/OOBObjects/IdeasListObjects/IdeaNameMandatoryField' located by 'By.xpath: //*[@id='TxtIdeaNameError']/span' not found
	at com.kms.katalon.core.webui.keyword.internal.WebUIKeywordMain.stepFailed(WebUIKeywordMain.groovy:64)
	at com.kms.katalon.core.webui.keyword.builtin.VerifyElementVisibleKeyword$_verifyElementVisible_closure1.doCall(VerifyElementVisibleKeyword.groovy:89)
	at com.kms.katalon.core.webui.keyword.builtin.VerifyElementVisibleKeyword$_verifyElementVisible_closure1.call(VerifyElementVisibleKeyword.groovy)
	at com.kms.katalon.core.webui.keyword.internal.WebUIKeywordMain.runKeyword(WebUIKeywordMain.groovy:20)
	at com.kms.katalon.core.webui.keyword.builtin.VerifyElementVisibleKeyword.verifyElementVisible(VerifyElementVisibleKeyword.groovy:97)
	at com.kms.katalon.core.webui.keyword.builtin.VerifyElementVisibleKeyword.execute(VerifyElementVisibleKeyword.groovy:67)
	at com.kms.katalon.core.keyword.internal.KeywordExecutor.executeKeywordForPlatform(KeywordExecutor.groovy:56)
	at com.kms.katalon.core.webui.keyword.WebUiBuiltInKeywords.verifyElementVisible(WebUiBuiltInKeywords.groovy:358)
	at com.kms.katalon.core.webui.keyword.WebUiBuiltInKeywords$verifyElementVisible$16.call(Unknown Source)
	at com.pmo.steps.AddIdeaSteps.ideaNameMandatory(AddIdeaSteps.groovy:459)
	at cucumber.runtime.Utils$1.call(Utils.java:26)
	at cucumber.runtime.Timeout.timeout(Timeout.java:16)
	at cucumber.runtime.Utils.invoke(Utils.java:20)
	at cucumber.runtime.java.JavaStepDefinition.execute(JavaStepDefinition.java:48)
	at cucumber.runtime.PickleStepDefinitionMatch.runStep(PickleStepDefinitionMatch.java:50)
	at cucumber.runner.TestStep.executeStep(TestStep.java:55)
	at cucumber.runner.TestStep.run(TestStep.java:42)
	at cucumber.runner.PickleStepTestStep.run(PickleStepTestStep.java:53)
	at cucumber.runner.TestCase.run(TestCase.java:47)
	at cucumber.runner.Runner.runPickle(Runner.java:44)
	at cucumber.runtime.Runtime.runFeature(Runtime.java:120)
	at cucumber.runtime.Runtime.run(Runtime.java:106)
	at cucumber.api.cli.Main.run(Main.java:35)
	at cucumber.api.cli.Main$run.call(Unknown Source)
	at com.kms.katalon.core.cucumber.keyword.CucumberBuiltinKeywords$_runFeatureFile_closure1.doCall(CucumberBuiltinKeywords.groovy:76)
	at com.kms.katalon.core.cucumber.keyword.CucumberBuiltinKeywords$_runFeatureFile_closure1.doCall(CucumberBuiltinKeywords.groovy)
	at com.kms.katalon.core.keyword.internal.KeywordMain.runKeyword(KeywordMain.groovy:66)
	at com.kms.katalon.core.keyword.internal.KeywordMain$runKeyword.call(Unknown Source)
	at com.kms.katalon.core.cucumber.keyword.CucumberBuiltinKeywords.runFeatureFile(CucumberBuiltinKeywords.groovy:46)
	at com.kms.katalon.core.cucumber.keyword.CucumberBuiltinKeywords$runFeatureFile$0.callStatic(Unknown Source)
	at com.kms.katalon.core.cucumber.keyword.CucumberBuiltinKeywords.runFeatureFile(CucumberBuiltinKeywords.groovy:101)
	at com.kms.katalon.core.cucumber.keyword.CucumberBuiltinKeywords$runFeatureFile.call(Unknown Source)
	at 006-Check-Mandatory-Fields.run(006-Check-Mandatory-Fields:16)
	at com.kms.katalon.core.main.ScriptEngine.run(ScriptEngine.java:194)
	at com.kms.katalon.core.main.ScriptEngine.runScriptAsRawText(ScriptEngine.java:119)
	at com.kms.katalon.core.main.TestCaseExecutor.runScript(TestCaseExecutor.java:331)
	at com.kms.katalon.core.main.TestCaseExecutor.doExecute(TestCaseExecutor.java:322)
	at com.kms.katalon.core.main.TestCaseExecutor.processExecutionPhase(TestCaseExecutor.java:301)
	at com.kms.katalon.core.main.TestCaseExecutor.accessMainPhase(TestCaseExecutor.java:293)
	at com.kms.katalon.core.main.TestCaseExecutor.execute(TestCaseExecutor.java:227)
	at com.kms.katalon.core.main.TestSuiteExecutor.accessTestCaseMainPhase(TestSuiteExecutor.java:129)
	at com.kms.katalon.core.main.TestSuiteExecutor.accessTestSuiteMainPhase(TestSuiteExecutor.java:112)
	at com.kms.katalon.core.main.TestSuiteExecutor.execute(TestSuiteExecutor.java:81)
	at com.kms.katalon.core.main.TestCaseMain.startTestSuite(TestCaseMain.java:157)
	at com.kms.katalon.core.main.TestCaseMain$startTestSuite$0.call(Unknown Source)
	at TempTestSuite1556709731988.run(TempTestSuite1556709731988.groovy:35)
)
[[ATTACHMENT|C:\\Users\\HP\\git\\PMO-Web-Application\\Reports\\First-Test-Suite\\20190501_142211\\1556709912236.png]]

2019-05-01 14:25:12 - [MESSAGE][FAILED] - Unable to verify object 'Object Repository/OOBObjects/IdeasListObjects/IdeaNameMandatoryField' is visible (Root cause: com.kms.katalon.core.exception.StepFailedException: Unable to verify object 'Object Repository/OOBObjects/IdeasListObjects/IdeaNameMandatoryField' is visible
	at com.kms.katalon.core.webui.keyword.internal.WebUIKeywordMain.stepFailed(WebUIKeywordMain.groovy:64)
	at com.kms.katalon.core.webui.keyword.internal.WebUIKeywordMain.runKeyword(WebUIKeywordMain.groovy:26)
	at com.kms.katalon.core.webui.keyword.builtin.VerifyElementVisibleKeyword.verifyElementVisible(VerifyElementVisibleKeyword.groovy:97)
	at com.kms.katalon.core.webui.keyword.builtin.VerifyElementVisibleKeyword.execute(VerifyElementVisibleKeyword.groovy:67)
	at com.kms.katalon.core.keyword.internal.KeywordExecutor.executeKeywordForPlatform(KeywordExecutor.groovy:56)
	at com.kms.katalon.core.webui.keyword.WebUiBuiltInKeywords.verifyElementVisible(WebUiBuiltInKeywords.groovy:358)
	at com.kms.katalon.core.webui.keyword.WebUiBuiltInKeywords$verifyElementVisible$16.call(Unknown Source)
	at com.pmo.steps.AddIdeaSteps.ideaNameMandatory(AddIdeaSteps.groovy:459)
	at cucumber.runtime.Utils$1.call(Utils.java:26)
	at cucumber.runtime.Timeout.timeout(Timeout.java:16)
	at cucumber.runtime.Utils.invoke(Utils.java:20)
	at cucumber.runtime.java.JavaStepDefinition.execute(JavaStepDefinition.java:48)
	at cucumber.runtime.PickleStepDefinitionMatch.runStep(PickleStepDefinitionMatch.java:50)
	at cucumber.runner.TestStep.executeStep(TestStep.java:55)
	at cucumber.runner.TestStep.run(TestStep.java:42)
	at cucumber.runner.PickleStepTestStep.run(PickleStepTestStep.java:53)
	at cucumber.runner.TestCase.run(TestCase.java:47)
	at cucumber.runner.Runner.runPickle(Runner.java:44)
	at cucumber.runtime.Runtime.runFeature(Runtime.java:120)
	at cucumber.runtime.Runtime.run(Runtime.java:106)
	at cucumber.api.cli.Main.run(Main.java:35)
	at cucumber.api.cli.Main$run.call(Unknown Source)
	at com.kms.katalon.core.cucumber.keyword.CucumberBuiltinKeywords$_runFeatureFile_closure1.doCall(CucumberBuiltinKeywords.groovy:76)
	at com.kms.katalon.core.cucumber.keyword.CucumberBuiltinKeywords$_runFeatureFile_closure1.doCall(CucumberBuiltinKeywords.groovy)
	at com.kms.katalon.core.keyword.internal.KeywordMain.runKeyword(KeywordMain.groovy:66)
	at com.kms.katalon.core.keyword.internal.KeywordMain$runKeyword.call(Unknown Source)
	at com.kms.katalon.core.cucumber.keyword.CucumberBuiltinKeywords.runFeatureFile(CucumberBuiltinKeywords.groovy:46)
	at com.kms.katalon.core.cucumber.keyword.CucumberBuiltinKeywords$runFeatureFile$0.callStatic(Unknown Source)
	at com.kms.katalon.core.cucumber.keyword.CucumberBuiltinKeywords.runFeatureFile(CucumberBuiltinKeywords.groovy:101)
	at com.kms.katalon.core.cucumber.keyword.CucumberBuiltinKeywords$runFeatureFile.call(Unknown Source)
	at 006-Check-Mandatory-Fields.run(006-Check-Mandatory-Fields:16)
	at com.kms.katalon.core.main.ScriptEngine.run(ScriptEngine.java:194)
	at com.kms.katalon.core.main.ScriptEngine.runScriptAsRawText(ScriptEngine.java:119)
	at com.kms.katalon.core.main.TestCaseExecutor.runScript(TestCaseExecutor.java:331)
	at com.kms.katalon.core.main.TestCaseExecutor.doExecute(TestCaseExecutor.java:322)
	at com.kms.katalon.core.main.TestCaseExecutor.processExecutionPhase(TestCaseExecutor.java:301)
	at com.kms.katalon.core.main.TestCaseExecutor.accessMainPhase(TestCaseExecutor.java:293)
	at com.kms.katalon.core.main.TestCaseExecutor.execute(TestCaseExecutor.java:227)
	at com.kms.katalon.core.main.TestSuiteExecutor.accessTestCaseMainPhase(TestSuiteExecutor.java:129)
	at com.kms.katalon.core.main.TestSuiteExecutor.accessTestSuiteMainPhase(TestSuiteExecutor.java:112)
	at com.kms.katalon.core.main.TestSuiteExecutor.execute(TestSuiteExecutor.java:81)
	at com.kms.katalon.core.main.TestCaseMain.startTestSuite(TestCaseMain.java:157)
	at com.kms.katalon.core.main.TestCaseMain$startTestSuite$0.call(Unknown Source)
	at TempTestSuite1556709731988.run(TempTestSuite1556709731988.groovy:35)
Caused by: com.kms.katalon.core.exception.StepFailedException: Web element with id: 'Object Repository/OOBObjects/IdeasListObjects/IdeaNameMandatoryField' located by 'By.xpath: //*[@id='TxtIdeaNameError']/span' not found
	at com.kms.katalon.core.webui.keyword.internal.WebUIKeywordMain.stepFailed(WebUIKeywordMain.groovy:64)
	at com.kms.katalon.core.webui.keyword.builtin.VerifyElementVisibleKeyword$_verifyElementVisible_closure1.doCall(VerifyElementVisibleKeyword.groovy:89)
	at com.kms.katalon.core.webui.keyword.builtin.VerifyElementVisibleKeyword$_verifyElementVisible_closure1.call(VerifyElementVisibleKeyword.groovy)
	at com.kms.katalon.core.webui.keyword.internal.WebUIKeywordMain.runKeyword(WebUIKeywordMain.groovy:20)
	... 42 more
)
[[ATTACHMENT|C:\\Users\\HP\\git\\PMO-Web-Application\\Reports\\First-Test-Suite\\20190501_142211\\1556709912549.png]]

2019-05-01 14:25:12 - [MESSAGE][FAILED] - I want to check idea name is a mandatory field FAILED.
Reason:
com.kms.katalon.core.exception.StepFailedException: Unable to verify object 'Object Repository/OOBObjects/IdeasListObjects/IdeaNameMandatoryField' is visible
	at com.kms.katalon.core.webui.keyword.internal.WebUIKeywordMain.stepFailed(WebUIKeywordMain.groovy:64)
	at com.kms.katalon.core.webui.keyword.internal.WebUIKeywordMain.runKeyword(WebUIKeywordMain.groovy:26)
	at com.kms.katalon.core.webui.keyword.builtin.VerifyElementVisibleKeyword.verifyElementVisible(VerifyElementVisibleKeyword.groovy:97)
	at com.kms.katalon.core.webui.keyword.builtin.VerifyElementVisibleKeyword.execute(VerifyElementVisibleKeyword.groovy:67)
	at com.kms.katalon.core.keyword.internal.KeywordExecutor.executeKeywordForPlatform(KeywordExecutor.groovy:56)
	at com.kms.katalon.core.webui.keyword.WebUiBuiltInKeywords.verifyElementVisible(WebUiBuiltInKeywords.groovy:358)
	at com.kms.katalon.core.webui.keyword.WebUiBuiltInKeywords$verifyElementVisible$16.call(Unknown Source)
	at com.pmo.steps.AddIdeaSteps.ideaNameMandatory(AddIdeaSteps.groovy:459)
	at ✽.I want to check idea name is a mandatory field(C:/Users/HP/git/PMO-Web-Application/Include/features/Governance-Module/Add-Idea/006-Check-Mandatory-Fields.feature:14)
Caused by: com.kms.katalon.core.exception.StepFailedException: Web element with id: 'Object Repository/OOBObjects/IdeasListObjects/IdeaNameMandatoryField' located by 'By.xpath: //*[@id='TxtIdeaNameError']/span' not found
	at com.kms.katalon.core.webui.keyword.internal.WebUIKeywordMain.stepFailed(WebUIKeywordMain.groovy:64)
	at com.kms.katalon.core.webui.keyword.builtin.VerifyElementVisibleKeyword$_verifyElementVisible_closure1.doCall(VerifyElementVisibleKeyword.groovy:89)
	at com.kms.katalon.core.webui.keyword.builtin.VerifyElementVisibleKeyword$_verifyElementVisible_closure1.call(VerifyElementVisibleKeyword.groovy)
	at com.kms.katalon.core.webui.keyword.internal.WebUIKeywordMain.runKeyword(WebUIKeywordMain.groovy:20)
	at com.kms.katalon.core.webui.keyword.builtin.VerifyElementVisibleKeyword.verifyElementVisible(VerifyElementVisibleKeyword.groovy:97)
	at com.kms.katalon.core.webui.keyword.builtin.VerifyElementVisibleKeyword.execute(VerifyElementVisibleKeyword.groovy:67)
	at com.kms.katalon.core.keyword.internal.KeywordExecutor.executeKeywordForPlatform(KeywordExecutor.groovy:56)
	at com.kms.katalon.core.webui.keyword.WebUiBuiltInKeywords.verifyElementVisible(WebUiBuiltInKeywords.groovy:358)
	at com.kms.katalon.core.webui.keyword.WebUiBuiltInKeywords$verifyElementVisible$16.call(Unknown Source)
	at com.pmo.steps.AddIdeaSteps.ideaNameMandatory(AddIdeaSteps.groovy:459)
	at cucumber.runtime.Utils$1.call(Utils.java:26)
	at cucumber.runtime.Timeout.timeout(Timeout.java:16)
	at cucumber.runtime.Utils.invoke(Utils.java:20)
	at cucumber.runtime.java.JavaStepDefinition.execute(JavaStepDefinition.java:48)
	at cucumber.runtime.PickleStepDefinitionMatch.runStep(PickleStepDefinitionMatch.java:50)
	at cucumber.runner.TestStep.executeStep(TestStep.java:55)
	at cucumber.runner.TestStep.run(TestStep.java:42)
	at cucumber.runner.PickleStepTestStep.run(PickleStepTestStep.java:53)
	at cucumber.runner.TestCase.run(TestCase.java:47)
	at cucumber.runner.Runner.runPickle(Runner.java:44)
	at cucumber.runtime.Runtime.runFeature(Runtime.java:120)
	at cucumber.runtime.Runtime.run(Runtime.java:106)
	at cucumber.api.cli.Main.run(Main.java:35)
	at cucumber.api.cli.Main$run.call(Unknown Source)
	at com.kms.katalon.core.cucumber.keyword.CucumberBuiltinKeywords$_runFeatureFile_closure1.doCall(CucumberBuiltinKeywords.groovy:76)
	at com.kms.katalon.core.cucumber.keyword.CucumberBuiltinKeywords$_runFeatureFile_closure1.doCall(CucumberBuiltinKeywords.groovy)
	at com.kms.katalon.core.keyword.internal.KeywordMain.runKeyword(KeywordMain.groovy:66)
	at com.kms.katalon.core.keyword.internal.KeywordMain$runKeyword.call(Unknown Source)
	at com.kms.katalon.core.cucumber.keyword.CucumberBuiltinKeywords.runFeatureFile(CucumberBuiltinKeywords.groovy:46)
	at com.kms.katalon.core.cucumber.keyword.CucumberBuiltinKeywords$runFeatureFile$0.callStatic(Unknown Source)
	at com.kms.katalon.core.cucumber.keyword.CucumberBuiltinKeywords.runFeatureFile(CucumberBuiltinKeywords.groovy:101)
	at com.kms.katalon.core.cucumber.keyword.CucumberBuiltinKeywords$runFeatureFile.call(Unknown Source)
	at 006-Check-Mandatory-Fields.run(006-Check-Mandatory-Fields:16)
	at com.kms.katalon.core.main.ScriptEngine.run(ScriptEngine.java:194)
	at com.kms.katalon.core.main.ScriptEngine.runScriptAsRawText(ScriptEngine.java:119)
	at com.kms.katalon.core.main.TestCaseExecutor.runScript(TestCaseExecutor.java:331)
	at com.kms.katalon.core.main.TestCaseExecutor.doExecute(TestCaseExecutor.java:322)
	at com.kms.katalon.core.main.TestCaseExecutor.processExecutionPhase(TestCaseExecutor.java:301)
	at com.kms.katalon.core.main.TestCaseExecutor.accessMainPhase(TestCaseExecutor.java:293)
	at com.kms.katalon.core.main.TestCaseExecutor.execute(TestCaseExecutor.java:227)
	at com.kms.katalon.core.main.TestSuiteExecutor.accessTestCaseMainPhase(TestSuiteExecutor.java:129)
	at com.kms.katalon.core.main.TestSuiteExecutor.accessTestSuiteMainPhase(TestSuiteExecutor.java:112)
	at com.kms.katalon.core.main.TestSuiteExecutor.execute(TestSuiteExecutor.java:81)
	at com.kms.katalon.core.main.TestCaseMain.startTestSuite(TestCaseMain.java:157)
	at com.kms.katalon.core.main.TestCaseMain$startTestSuite$0.call(Unknown Source)
	at TempTestSuite1556709731988.run(TempTestSuite1556709731988.groovy:35)


2019-05-01 14:25:12 - [TEST_STEP][NOT_RUN] - I want to check start date is a mandatory field: I want to check start date is a mandatory field

2019-05-01 14:25:12 - [MESSAGE][NOT_RUN] - I want to check start date is a mandatory field

2019-05-01 14:25:12 - [TEST_STEP][NOT_RUN] - I want to check end date is a mandatory field: I want to check end date is a mandatory field

2019-05-01 14:25:12 - [MESSAGE][NOT_RUN] - I want to check end date is a mandatory field

2019-05-01 14:25:12 - [TEST_STEP][NOT_RUN] - I want to check idea objective is a mandatory field: I want to check idea objective is a mandatory field

2019-05-01 14:25:12 - [MESSAGE][NOT_RUN] - I want to check idea objective is a mandatory field

2019-05-01 14:25:12 - [TEST_STEP][NOT_RUN] - I want to close browser: I want to close browser

2019-05-01 14:25:12 - [MESSAGE][NOT_RUN] - I want to close browser

2019-05-01 14:25:12 - [MESSAGE][FAILED] - Feature file 'Include/features/Governance-Module/Add-Idea/006-Check-Mandatory-Fields.feature' was failed

2019-05-01 14:25:12 - [MESSAGE][FAILED] - Keyword runFeatureFile was failed (Root cause: com.kms.katalon.core.exception.StepFailedException: Feature file 'Include/features/Governance-Module/Add-Idea/006-Check-Mandatory-Fields.feature' was failed
	at com.kms.katalon.core.keyword.internal.KeywordMain.stepFailed(KeywordMain.groovy:48)
	at com.kms.katalon.core.keyword.internal.KeywordMain.stepFailed(KeywordMain.groovy)
	at com.kms.katalon.core.keyword.internal.KeywordMain.stepFailed(KeywordMain.groovy:21)
	at com.kms.katalon.core.keyword.internal.KeywordMain$stepFailed$0.call(Unknown Source)
	at com.kms.katalon.core.cucumber.keyword.CucumberBuiltinKeywords$_runFeatureFile_closure1.doCall(CucumberBuiltinKeywords.groovy:82)
	at com.kms.katalon.core.cucumber.keyword.CucumberBuiltinKeywords$_runFeatureFile_closure1.doCall(CucumberBuiltinKeywords.groovy)
	at com.kms.katalon.core.keyword.internal.KeywordMain.runKeyword(KeywordMain.groovy:66)
	at com.kms.katalon.core.keyword.internal.KeywordMain$runKeyword.call(Unknown Source)
	at com.kms.katalon.core.cucumber.keyword.CucumberBuiltinKeywords.runFeatureFile(CucumberBuiltinKeywords.groovy:46)
	at com.kms.katalon.core.cucumber.keyword.CucumberBuiltinKeywords$runFeatureFile$0.callStatic(Unknown Source)
	at com.kms.katalon.core.cucumber.keyword.CucumberBuiltinKeywords.runFeatureFile(CucumberBuiltinKeywords.groovy:101)
	at com.kms.katalon.core.cucumber.keyword.CucumberBuiltinKeywords$runFeatureFile.call(Unknown Source)
	at 006-Check-Mandatory-Fields.run(006-Check-Mandatory-Fields:16)
	at com.kms.katalon.core.main.ScriptEngine.run(ScriptEngine.java:194)
	at com.kms.katalon.core.main.ScriptEngine.runScriptAsRawText(ScriptEngine.java:119)
	at com.kms.katalon.core.main.TestCaseExecutor.runScript(TestCaseExecutor.java:331)
	at com.kms.katalon.core.main.TestCaseExecutor.doExecute(TestCaseExecutor.java:322)
	at com.kms.katalon.core.main.TestCaseExecutor.processExecutionPhase(TestCaseExecutor.java:301)
	at com.kms.katalon.core.main.TestCaseExecutor.accessMainPhase(TestCaseExecutor.java:293)
	at com.kms.katalon.core.main.TestCaseExecutor.execute(TestCaseExecutor.java:227)
	at com.kms.katalon.core.main.TestSuiteExecutor.accessTestCaseMainPhase(TestSuiteExecutor.java:129)
	at com.kms.katalon.core.main.TestSuiteExecutor.accessTestSuiteMainPhase(TestSuiteExecutor.java:112)
	at com.kms.katalon.core.main.TestSuiteExecutor.execute(TestSuiteExecutor.java:81)
	at com.kms.katalon.core.main.TestCaseMain.startTestSuite(TestCaseMain.java:157)
	at com.kms.katalon.core.main.TestCaseMain$startTestSuite$0.call(Unknown Source)
	at TempTestSuite1556709731988.run(TempTestSuite1556709731988.groovy:35)
)

2019-05-01 14:25:12 - [MESSAGE][FAILED] - runFeatureFile("Include/features/Governance-Module/Add-Idea/006-Check-Mandatory-Fields.feature") FAILED.
Reason:
com.kms.katalon.core.exception.StepFailedException: Feature file 'Include/features/Governance-Module/Add-Idea/006-Check-Mandatory-Fields.feature' was failed
	at com.kms.katalon.core.keyword.internal.KeywordMain.stepFailed(KeywordMain.groovy:48)
	at com.kms.katalon.core.keyword.internal.KeywordMain.stepFailed(KeywordMain.groovy)
	at com.kms.katalon.core.keyword.internal.KeywordMain.stepFailed(KeywordMain.groovy:21)
	at com.kms.katalon.core.keyword.internal.KeywordMain$stepFailed$0.call(Unknown Source)
	at com.kms.katalon.core.cucumber.keyword.CucumberBuiltinKeywords$_runFeatureFile_closure1.doCall(CucumberBuiltinKeywords.groovy:82)
	at com.kms.katalon.core.cucumber.keyword.CucumberBuiltinKeywords$_runFeatureFile_closure1.doCall(CucumberBuiltinKeywords.groovy)
	at com.kms.katalon.core.keyword.internal.KeywordMain.runKeyword(KeywordMain.groovy:66)
	at com.kms.katalon.core.keyword.internal.KeywordMain$runKeyword.call(Unknown Source)
	at com.kms.katalon.core.cucumber.keyword.CucumberBuiltinKeywords.runFeatureFile(CucumberBuiltinKeywords.groovy:46)
	at com.kms.katalon.core.cucumber.keyword.CucumberBuiltinKeywords$runFeatureFile$0.callStatic(Unknown Source)
	at com.kms.katalon.core.cucumber.keyword.CucumberBuiltinKeywords.runFeatureFile(CucumberBuiltinKeywords.groovy:101)
	at com.kms.katalon.core.cucumber.keyword.CucumberBuiltinKeywords$runFeatureFile.call(Unknown Source)
	at 006-Check-Mandatory-Fields.run(006-Check-Mandatory-Fields:16)
	at com.kms.katalon.core.main.ScriptEngine.run(ScriptEngine.java:194)
	at com.kms.katalon.core.main.ScriptEngine.runScriptAsRawText(ScriptEngine.java:119)
	at com.kms.katalon.core.main.TestCaseExecutor.runScript(TestCaseExecutor.java:331)
	at com.kms.katalon.core.main.TestCaseExecutor.doExecute(TestCaseExecutor.java:322)
	at com.kms.katalon.core.main.TestCaseExecutor.processExecutionPhase(TestCaseExecutor.java:301)
	at com.kms.katalon.core.main.TestCaseExecutor.accessMainPhase(TestCaseExecutor.java:293)
	at com.kms.katalon.core.main.TestCaseExecutor.execute(TestCaseExecutor.java:227)
	at com.kms.katalon.core.main.TestSuiteExecutor.accessTestCaseMainPhase(TestSuiteExecutor.java:129)
	at com.kms.katalon.core.main.TestSuiteExecutor.accessTestSuiteMainPhase(TestSuiteExecutor.java:112)
	at com.kms.katalon.core.main.TestSuiteExecutor.execute(TestSuiteExecutor.java:81)
	at com.kms.katalon.core.main.TestCaseMain.startTestSuite(TestCaseMain.java:157)
	at com.kms.katalon.core.main.TestCaseMain$startTestSuite$0.call(Unknown Source)
	at TempTestSuite1556709731988.run(TempTestSuite1556709731988.groovy:35)]]></system-out>
         <system-err><![CDATA[2019-05-01 14:24:16 - [TEST_CASE][FAILED] - Test Cases/Main-Test-Cases/006-Check-Mandatory-Fields: Test Cases/Main-Test-Cases/006-Check-Mandatory-Fields FAILED.
Reason:
com.kms.katalon.core.exception.StepFailedException: Feature file 'Include/features/Governance-Module/Add-Idea/006-Check-Mandatory-Fields.feature' was failed
	at com.kms.katalon.core.keyword.internal.KeywordMain.stepFailed(KeywordMain.groovy:48)
	at com.kms.katalon.core.keyword.internal.KeywordMain.stepFailed(KeywordMain.groovy)
	at com.kms.katalon.core.keyword.internal.KeywordMain.stepFailed(KeywordMain.groovy:21)
	at com.kms.katalon.core.keyword.internal.KeywordMain$stepFailed$0.call(Unknown Source)
	at com.kms.katalon.core.cucumber.keyword.CucumberBuiltinKeywords$_runFeatureFile_closure1.doCall(CucumberBuiltinKeywords.groovy:82)
	at com.kms.katalon.core.cucumber.keyword.CucumberBuiltinKeywords$_runFeatureFile_closure1.doCall(CucumberBuiltinKeywords.groovy)
	at com.kms.katalon.core.keyword.internal.KeywordMain.runKeyword(KeywordMain.groovy:66)
	at com.kms.katalon.core.keyword.internal.KeywordMain$runKeyword.call(Unknown Source)
	at com.kms.katalon.core.cucumber.keyword.CucumberBuiltinKeywords.runFeatureFile(CucumberBuiltinKeywords.groovy:46)
	at com.kms.katalon.core.cucumber.keyword.CucumberBuiltinKeywords$runFeatureFile$0.callStatic(Unknown Source)
	at com.kms.katalon.core.cucumber.keyword.CucumberBuiltinKeywords.runFeatureFile(CucumberBuiltinKeywords.groovy:101)
	at com.kms.katalon.core.cucumber.keyword.CucumberBuiltinKeywords$runFeatureFile.call(Unknown Source)
	at 006-Check-Mandatory-Fields.run(006-Check-Mandatory-Fields:16)
	at com.kms.katalon.core.main.ScriptEngine.run(ScriptEngine.java:194)
	at com.kms.katalon.core.main.ScriptEngine.runScriptAsRawText(ScriptEngine.java:119)
	at com.kms.katalon.core.main.TestCaseExecutor.runScript(TestCaseExecutor.java:331)
	at com.kms.katalon.core.main.TestCaseExecutor.doExecute(TestCaseExecutor.java:322)
	at com.kms.katalon.core.main.TestCaseExecutor.processExecutionPhase(TestCaseExecutor.java:301)
	at com.kms.katalon.core.main.TestCaseExecutor.accessMainPhase(TestCaseExecutor.java:293)
	at com.kms.katalon.core.main.TestCaseExecutor.execute(TestCaseExecutor.java:227)
	at com.kms.katalon.core.main.TestSuiteExecutor.accessTestCaseMainPhase(TestSuiteExecutor.java:129)
	at com.kms.katalon.core.main.TestSuiteExecutor.accessTestSuiteMainPhase(TestSuiteExecutor.java:112)
	at com.kms.katalon.core.main.TestSuiteExecutor.execute(TestSuiteExecutor.java:81)
	at com.kms.katalon.core.main.TestCaseMain.startTestSuite(TestCaseMain.java:157)
	at com.kms.katalon.core.main.TestCaseMain$startTestSuite$0.call(Unknown Source)
	at TempTestSuite1556709731988.run(TempTestSuite1556709731988.groovy:35)]]></system-err>
      </testcase>
      <testcase name="Test Cases/Main-Test-Cases/007-Check-Optional-Fields" classname="Test Cases/Main-Test-Cases/007-Check-Optional-Fields" status="PASSED">
         <system-out><![CDATA[2019-05-01 14:25:12 - [TEST_CASE][PASSED] - Test Cases/Main-Test-Cases/007-Check-Optional-Fields: Test Cases/Main-Test-Cases/007-Check-Optional-Fields

2019-05-01 14:25:12 - [TEST_STEP][PASSED] - runFeatureFile("Include/features/Governance-Module/Add-Idea/007-Check-Optional-Fields.feature"): Feature file: 'Include/features/Governance-Module/Add-Idea/007-Check-Optional-Fields.feature' was passed

2019-05-01 14:25:12 - [MESSAGE][INFO] - Starting run keyword runFeatureFile: 'Include/features/Governance-Module/Add-Idea/007-Check-Optional-Fields.feature' and extract report to folder: 'C:\Users\HP\git\PMO-Web-Application\Reports\First-Test-Suite\20190501_142211/cucumber_report/1556709912973'...

2019-05-01 14:25:13 - [TEST_CASE][PASSED] - Start Test Case : SCENARIO check create idea form mandatory fields: SCENARIO check create idea form mandatory fields

2019-05-01 14:25:13 - [TEST_STEP][PASSED] - I want to open browser: I want to open browser

2019-05-01 14:25:13 - [MESSAGE][WARNING] - A browser is already opened. Closing browser and opening a new one

2019-05-01 14:25:13 - [MESSAGE][INFO] - Starting 'Chrome' driver

2019-05-01 14:25:15 - [MESSAGE][PASSED] - Browser is opened with url: ''

2019-05-01 14:25:15 - [MESSAGE][PASSED] - Delete all cookies successfully

2019-05-01 14:25:15 - [MESSAGE][PASSED] - I want to open browser

2019-05-01 14:25:15 - [TEST_STEP][PASSED] - I want to maximize window: I want to maximize window

2019-05-01 14:25:16 - [MESSAGE][PASSED] - Current window maximized

2019-05-01 14:25:16 - [MESSAGE][PASSED] - I want to maximize window

2019-05-01 14:25:16 - [TEST_STEP][PASSED] - I want to go to OOB: I want to go to OOB

2019-05-01 14:25:26 - [MESSAGE][PASSED] - Navigate to 'https://pmoadmin:P@ssw0rd@dev5.cloudapp.net/OOB2/' successfully

2019-05-01 14:25:26 - [MESSAGE][PASSED] - I want to go to OOB

2019-05-01 14:25:26 - [TEST_STEP][PASSED] - I want to verify I'm in OOB main page: I want to verify I'm in OOB main page

2019-05-01 14:25:26 - [MESSAGE][WARNING] - Timeout '0' is invalid. Using default page load timeout: '30'

2019-05-01 14:25:26 - [MESSAGE][PASSED] - Object 'Object Repository/OOBObjects/HomepageObjects/OOBSideBar' is present

2019-05-01 14:25:26 - [MESSAGE][PASSED] - I want to verify I'm in OOB main page

2019-05-01 14:25:26 - [TEST_STEP][PASSED] - I want to go to ideas list page: I want to go to ideas list page

2019-05-01 14:25:30 - [MESSAGE][PASSED] - Object: 'Object Repository/OOBObjects/HomepageObjects/IdeasList' is clicked on

2019-05-01 14:25:30 - [MESSAGE][PASSED] - I want to go to ideas list page

2019-05-01 14:25:30 - [TEST_STEP][PASSED] - I want to click on Add New button: I want to click on Add New button

2019-05-01 14:25:31 - [MESSAGE][PASSED] - Object: 'Object Repository/OOBObjects/IdeasListObjects/AddNewIdeaButton' is clicked on

2019-05-01 14:25:31 - [MESSAGE][PASSED] - I want to click on Add New button

2019-05-01 14:25:31 - [TEST_STEP][PASSED] - I want to fill idea name field: I want to fill idea name field

2019-05-01 14:25:31 - [MESSAGE][PASSED] - Text 'Automation5073' is set on object 'Object Repository/OOBObjects/IdeasListObjects/Idea-Name-Field'

2019-05-01 14:25:31 - [MESSAGE][PASSED] - I want to fill idea name field

2019-05-01 14:25:31 - [TEST_STEP][PASSED] - I want to select expected start date: I want to select expected start date

2019-05-01 14:25:31 - [MESSAGE][PASSED] - Object: 'Object Repository/OOBObjects/IdeasListObjects//GREGORIAN-Start-date-Check-Box' is clicked on

2019-05-01 14:25:31 - [MESSAGE][PASSED] - Object: 'Object Repository/OOBObjects/IdeasListObjects//Excepted-Start-Date' is clicked on

2019-05-01 14:25:32 - [MESSAGE][PASSED] - All options with index in [5] are selected on object 'Object Repository/OOBObjects/IdeasListObjects/StartDateMonthDropDwon'

2019-05-01 14:25:32 - [MESSAGE][PASSED] - Object: 'Object Repository/OOBObjects/IdeasListObjects//Day26' is hovered

2019-05-01 14:25:32 - [MESSAGE][PASSED] - Object: 'Object Repository/OOBObjects/IdeasListObjects//Day26' is clicked on

2019-05-01 14:25:32 - [MESSAGE][PASSED] - I want to select expected start date

2019-05-01 14:25:32 - [TEST_STEP][PASSED] - I want to select expected end date: I want to select expected end date

2019-05-01 14:25:32 - [MESSAGE][PASSED] - Object 'Object Repository/OOBObjects/IdeasListObjects/GREGORIAN-End-Date-Check-Box' is visible

2019-05-01 14:25:32 - [MESSAGE][PASSED] - Object: 'Object Repository/OOBObjects/IdeasListObjects/GREGORIAN-End-Date-Check-Box' is clicked on

2019-05-01 14:25:34 - [MESSAGE][PASSED] - Delayed 2 second(s)

2019-05-01 14:25:34 - [MESSAGE][PASSED] - Object: 'Object Repository/OOBObjects/IdeasListObjects/Excpected-End-Date' is hovered

2019-05-01 14:25:34 - [MESSAGE][PASSED] - Object: 'Object Repository/OOBObjects/IdeasListObjects/Excpected-End-Date' is clicked on

2019-05-01 14:25:34 - [MESSAGE][PASSED] - All options with index in [6] are selected on object 'Object Repository/OOBObjects/IdeasListObjects/EndDateMonthDropdown'

2019-05-01 14:25:34 - [MESSAGE][PASSED] - Object: 'Object Repository/OOBObjects/IdeasListObjects/EndDateDay15' is hovered

2019-05-01 14:25:34 - [MESSAGE][PASSED] - Object: 'Object Repository/OOBObjects/IdeasListObjects/EndDateDay15' is clicked on

2019-05-01 14:25:34 - [MESSAGE][PASSED] - I want to select expected end date

2019-05-01 14:25:34 - [TEST_STEP][PASSED] - I want to fill idea objective field: I want to fill idea objective field

2019-05-01 14:25:34 - [MESSAGE][PASSED] - Text 'Automation' is set on object 'Object Repository/OOBObjects/IdeasListObjects/Idea-Objective-Field'

2019-05-01 14:25:34 - [MESSAGE][PASSED] - I want to fill idea objective field

2019-05-01 14:25:34 - [TEST_STEP][PASSED] - I want to fill expected budget field: I want to fill expected budget field

2019-05-01 14:25:34 - [MESSAGE][PASSED] - Text '10000' is set on object 'Object Repository/OOBObjects/IdeasListObjects/Expected-Budget-Field'

2019-05-01 14:25:34 - [MESSAGE][PASSED] - I want to fill expected budget field

2019-05-01 14:25:34 - [TEST_STEP][PASSED] - I want to click send idea button: I want to click send idea button

2019-05-01 14:25:39 - [MESSAGE][PASSED] - Delayed 5 second(s)

2019-05-01 14:25:39 - [MESSAGE][WARNING] - Timeout '0' is invalid. Using default page load timeout: '30'

2019-05-01 14:25:39 - [MESSAGE][PASSED] - Scroll to object 'Object Repository/OOBObjects/IdeasListObjects/CardBlock' successfully

2019-05-01 14:25:39 - [MESSAGE][PASSED] - Object: 'Object Repository/OOBObjects/IdeasListObjects/SendIdeaButton' is clicked on

2019-05-01 14:25:39 - [MESSAGE][PASSED] - I want to click send idea button

2019-05-01 14:25:39 - [TEST_STEP][PASSED] - I want to verify idea added successfuly: I want to verify idea added successfuly

2019-05-01 14:25:39 - [MESSAGE][WARNING] - Timeout '0' is invalid. Using default page load timeout: '30'

2019-05-01 14:25:40 - [MESSAGE][PASSED] - Wait for page load successfully

2019-05-01 14:25:41 - [MESSAGE][PASSED] - Text 'Automation5073' is set on object 'Object Repository/OOBObjects/IdeasListObjects/SearchField'

2019-05-01 14:25:43 - [MESSAGE][PASSED] - Actual text and expected text of test object 'Object Repository/OOBObjects/IdeasListObjects/SearchResult' are matched.

2019-05-01 14:25:43 - [MESSAGE][PASSED] - I want to verify idea added successfuly

2019-05-01 14:25:43 - [TEST_STEP][PASSED] - I want to close browser: I want to close browser

2019-05-01 14:25:44 - [MESSAGE][PASSED] - Browser is closed

2019-05-01 14:25:44 - [MESSAGE][PASSED] - I want to close browser

2019-05-01 14:25:44 - [MESSAGE][PASSED] - Feature file: 'Include/features/Governance-Module/Add-Idea/007-Check-Optional-Fields.feature' was passed]]></system-out>
         <system-err><![CDATA[]]></system-err>
      </testcase>
      <testcase name="Test Cases/Main-Test-Cases/008-Delete-Attachment" classname="Test Cases/Main-Test-Cases/008-Delete-Attachment" status="PASSED">
         <system-out><![CDATA[2019-05-01 14:25:44 - [TEST_CASE][PASSED] - Test Cases/Main-Test-Cases/008-Delete-Attachment: Test Cases/Main-Test-Cases/008-Delete-Attachment

2019-05-01 14:25:44 - [TEST_STEP][PASSED] - runFeatureFile("Include/features/Governance-Module/Add-Idea/008-Delete-Attachment.feature"): Feature file: 'Include/features/Governance-Module/Add-Idea/008-Delete-Attachment.feature' was passed

2019-05-01 14:25:44 - [MESSAGE][INFO] - Starting run keyword runFeatureFile: 'Include/features/Governance-Module/Add-Idea/008-Delete-Attachment.feature' and extract report to folder: 'C:\Users\HP\git\PMO-Web-Application\Reports\First-Test-Suite\20190501_142211/cucumber_report/1556709944221'...

2019-05-01 14:25:44 - [TEST_CASE][PASSED] - Start Test Case : SCENARIO Delete attachment from idea form: SCENARIO Delete attachment from idea form

2019-05-01 14:25:44 - [TEST_STEP][PASSED] - I want to open browser: I want to open browser

2019-05-01 14:25:44 - [MESSAGE][INFO] - Starting 'Chrome' driver

2019-05-01 14:25:46 - [MESSAGE][PASSED] - Browser is opened with url: ''

2019-05-01 14:25:46 - [MESSAGE][PASSED] - Delete all cookies successfully

2019-05-01 14:25:46 - [MESSAGE][PASSED] - I want to open browser

2019-05-01 14:25:46 - [TEST_STEP][PASSED] - I want to maximize window: I want to maximize window

2019-05-01 14:25:47 - [MESSAGE][PASSED] - Current window maximized

2019-05-01 14:25:47 - [MESSAGE][PASSED] - I want to maximize window

2019-05-01 14:25:47 - [TEST_STEP][PASSED] - I want to go to OOB: I want to go to OOB

2019-05-01 14:25:56 - [MESSAGE][PASSED] - Navigate to 'https://pmoadmin:P@ssw0rd@dev5.cloudapp.net/OOB2/' successfully

2019-05-01 14:25:56 - [MESSAGE][PASSED] - I want to go to OOB

2019-05-01 14:25:56 - [TEST_STEP][PASSED] - I want to verify I'm in OOB main page: I want to verify I'm in OOB main page

2019-05-01 14:25:56 - [MESSAGE][WARNING] - Timeout '0' is invalid. Using default page load timeout: '30'

2019-05-01 14:25:56 - [MESSAGE][PASSED] - Object 'Object Repository/OOBObjects/HomepageObjects/OOBSideBar' is present

2019-05-01 14:25:56 - [MESSAGE][PASSED] - I want to verify I'm in OOB main page

2019-05-01 14:25:56 - [TEST_STEP][PASSED] - I want to go to ideas list page: I want to go to ideas list page

2019-05-01 14:26:00 - [MESSAGE][PASSED] - Object: 'Object Repository/OOBObjects/HomepageObjects/IdeasList' is clicked on

2019-05-01 14:26:00 - [MESSAGE][PASSED] - I want to go to ideas list page

2019-05-01 14:26:00 - [TEST_STEP][PASSED] - I want to click on Add New button: I want to click on Add New button

2019-05-01 14:26:01 - [MESSAGE][PASSED] - Object: 'Object Repository/OOBObjects/IdeasListObjects/AddNewIdeaButton' is clicked on

2019-05-01 14:26:01 - [MESSAGE][PASSED] - I want to click on Add New button

2019-05-01 14:26:01 - [TEST_STEP][PASSED] - I want to fill idea name field: I want to fill idea name field

2019-05-01 14:26:02 - [MESSAGE][PASSED] - Text 'Automation6939' is set on object 'Object Repository/OOBObjects/IdeasListObjects/Idea-Name-Field'

2019-05-01 14:26:02 - [MESSAGE][PASSED] - I want to fill idea name field

2019-05-01 14:26:02 - [TEST_STEP][PASSED] - I want to select expected start date: I want to select expected start date

2019-05-01 14:26:02 - [MESSAGE][PASSED] - Object: 'Object Repository/OOBObjects/IdeasListObjects//GREGORIAN-Start-date-Check-Box' is clicked on

2019-05-01 14:26:02 - [MESSAGE][PASSED] - Object: 'Object Repository/OOBObjects/IdeasListObjects//Excepted-Start-Date' is clicked on

2019-05-01 14:26:02 - [MESSAGE][PASSED] - All options with index in [5] are selected on object 'Object Repository/OOBObjects/IdeasListObjects/StartDateMonthDropDwon'

2019-05-01 14:26:02 - [MESSAGE][PASSED] - Object: 'Object Repository/OOBObjects/IdeasListObjects//Day26' is hovered

2019-05-01 14:26:02 - [MESSAGE][PASSED] - Object: 'Object Repository/OOBObjects/IdeasListObjects//Day26' is clicked on

2019-05-01 14:26:02 - [MESSAGE][PASSED] - I want to select expected start date

2019-05-01 14:26:02 - [TEST_STEP][PASSED] - I want to select expected end date: I want to select expected end date

2019-05-01 14:26:02 - [MESSAGE][PASSED] - Object 'Object Repository/OOBObjects/IdeasListObjects/GREGORIAN-End-Date-Check-Box' is visible

2019-05-01 14:26:02 - [MESSAGE][PASSED] - Object: 'Object Repository/OOBObjects/IdeasListObjects/GREGORIAN-End-Date-Check-Box' is clicked on

2019-05-01 14:26:04 - [MESSAGE][PASSED] - Delayed 2 second(s)

2019-05-01 14:26:04 - [MESSAGE][PASSED] - Object: 'Object Repository/OOBObjects/IdeasListObjects/Excpected-End-Date' is hovered

2019-05-01 14:26:04 - [MESSAGE][PASSED] - Object: 'Object Repository/OOBObjects/IdeasListObjects/Excpected-End-Date' is clicked on

2019-05-01 14:26:04 - [MESSAGE][PASSED] - All options with index in [6] are selected on object 'Object Repository/OOBObjects/IdeasListObjects/EndDateMonthDropdown'

2019-05-01 14:26:04 - [MESSAGE][PASSED] - Object: 'Object Repository/OOBObjects/IdeasListObjects/EndDateDay15' is hovered

2019-05-01 14:26:04 - [MESSAGE][PASSED] - Object: 'Object Repository/OOBObjects/IdeasListObjects/EndDateDay15' is clicked on

2019-05-01 14:26:04 - [MESSAGE][PASSED] - I want to select expected end date

2019-05-01 14:26:04 - [TEST_STEP][PASSED] - I want to fill idea objective field: I want to fill idea objective field

2019-05-01 14:26:05 - [MESSAGE][PASSED] - Text 'Automation' is set on object 'Object Repository/OOBObjects/IdeasListObjects/Idea-Objective-Field'

2019-05-01 14:26:05 - [MESSAGE][PASSED] - I want to fill idea objective field

2019-05-01 14:26:05 - [TEST_STEP][PASSED] - I want to fill expected budget field: I want to fill expected budget field

2019-05-01 14:26:05 - [MESSAGE][PASSED] - Text '10000' is set on object 'Object Repository/OOBObjects/IdeasListObjects/Expected-Budget-Field'

2019-05-01 14:26:05 - [MESSAGE][PASSED] - I want to fill expected budget field

2019-05-01 14:26:05 - [TEST_STEP][PASSED] - I want to fill Notes field: I want to fill Notes field

2019-05-01 14:26:05 - [MESSAGE][PASSED] - Text 'test note' is set on object 'Object Repository/OOBObjects/IdeasListObjects/Notes-Field'

2019-05-01 14:26:05 - [MESSAGE][PASSED] - I want to fill Notes field

2019-05-01 14:26:05 - [TEST_STEP][PASSED] - I want to click save idea button: I want to click save idea button

2019-05-01 14:26:05 - [MESSAGE][WARNING] - Timeout '0' is invalid. Using default page load timeout: '30'

2019-05-01 14:26:05 - [MESSAGE][PASSED] - Object 'Object Repository/OOBObjects/IdeasListObjects/SaveIdeaButton' is present

2019-05-01 14:26:05 - [MESSAGE][WARNING] - Timeout '0' is invalid. Using default page load timeout: '30'

2019-05-01 14:26:05 - [MESSAGE][PASSED] - Object 'Object Repository/OOBObjects/IdeasListObjects/SaveIdeaButton' is clickable

2019-05-01 14:26:05 - [MESSAGE][PASSED] - Object: 'Object Repository/OOBObjects/IdeasListObjects/SaveIdeaButton' is clicked on

2019-05-01 14:26:10 - [MESSAGE][PASSED] - Delayed 5 second(s)

2019-05-01 14:26:10 - [MESSAGE][PASSED] - I want to click save idea button

2019-05-01 14:26:10 - [TEST_STEP][PASSED] - I want to wait for page load: I want to wait for page load

2019-05-01 14:26:10 - [MESSAGE][PASSED] - Wait for page load successfully

2019-05-01 14:26:10 - [MESSAGE][PASSED] - I want to wait for page load

2019-05-01 14:26:10 - [TEST_STEP][PASSED] - I want to go to ideas list page: I want to go to ideas list page

2019-05-01 14:26:11 - [MESSAGE][PASSED] - Object: 'Object Repository/OOBObjects/HomepageObjects/IdeasList' is clicked on

2019-05-01 14:26:11 - [MESSAGE][PASSED] - I want to go to ideas list page

2019-05-01 14:26:11 - [TEST_STEP][PASSED] - I want to search for idea by idea name: I want to search for idea by idea name

2019-05-01 14:26:11 - [MESSAGE][PASSED] - Text 'Automation6939' is set on object 'Object Repository/OOBObjects/IdeasListObjects/SearchField'

2019-05-01 14:26:13 - [MESSAGE][PASSED] - Actual text and expected text of test object 'Object Repository/OOBObjects/IdeasListObjects/SearchResult' are matched.

2019-05-01 14:26:13 - [MESSAGE][PASSED] - I want to search for idea by idea name

2019-05-01 14:26:13 - [TEST_STEP][PASSED] - I want to click on edit idea icon: I want to click on edit idea icon

2019-05-01 14:26:14 - [MESSAGE][PASSED] - Object: 'Object Repository/OOBObjects/IdeasListObjects/EditIdea' is clicked on

2019-05-01 14:26:14 - [MESSAGE][PASSED] - I want to click on edit idea icon

2019-05-01 14:26:14 - [TEST_STEP][PASSED] - I want to add Attachment: I want to add Attachment

2019-05-01 14:26:14 - [MESSAGE][PASSED] - Object: 'Object Repository/OOBObjects/IdeasListObjects/Add-New-Document-Button' is clicked on

2019-05-01 14:26:14 - [MESSAGE][WARNING] - Timeout '0' is invalid. Using default page load timeout: '30'

2019-05-01 14:26:15 - [MESSAGE][PASSED] - Scroll to object 'Object Repository/OOBObjects/IdeasListObjects/Add-New-Document-Button' successfully

2019-05-01 14:26:15 - [MESSAGE][PASSED] - Text 'test1' is set on object 'Object Repository/OOBObjects/IdeasListObjects/AttachmentNameField'

2019-05-01 14:26:15 - [MESSAGE][PASSED] - File 'C:\Users\HP\Desktop\download.png' sent to object: 'Object Repository/OOBObjects/IdeasListObjects/Upload-File'

2019-05-01 14:26:15 - [MESSAGE][WARNING] - Timeout '0' is invalid. Using default page load timeout: '30'

2019-05-01 14:26:15 - [MESSAGE][PASSED] - Object 'Object Repository/OOBObjects/IdeasListObjects/AttachedFile' is present

2019-05-01 14:26:15 - [MESSAGE][PASSED] - Object: 'Object Repository/OOBObjects/IdeasListObjects/LoadButton' is clicked on

2019-05-01 14:26:15 - [MESSAGE][PASSED] - I want to add Attachment

2019-05-01 14:26:15 - [TEST_STEP][PASSED] - I want to refresh page: I want to refresh page

2019-05-01 14:26:17 - [MESSAGE][PASSED] - Refresh successfully

2019-05-01 14:26:17 - [MESSAGE][PASSED] - I want to refresh page

2019-05-01 14:26:17 - [TEST_STEP][PASSED] - I want to click save idea button: I want to click save idea button

2019-05-01 14:26:17 - [MESSAGE][WARNING] - Timeout '0' is invalid. Using default page load timeout: '30'

2019-05-01 14:26:17 - [MESSAGE][PASSED] - Object 'Object Repository/OOBObjects/IdeasListObjects/SaveIdeaButton' is present

2019-05-01 14:26:17 - [MESSAGE][WARNING] - Timeout '0' is invalid. Using default page load timeout: '30'

2019-05-01 14:26:17 - [MESSAGE][PASSED] - Object 'Object Repository/OOBObjects/IdeasListObjects/SaveIdeaButton' is clickable

2019-05-01 14:26:17 - [MESSAGE][PASSED] - Object: 'Object Repository/OOBObjects/IdeasListObjects/SaveIdeaButton' is clicked on

2019-05-01 14:26:22 - [MESSAGE][PASSED] - Delayed 5 second(s)

2019-05-01 14:26:22 - [MESSAGE][PASSED] - I want to click save idea button

2019-05-01 14:26:22 - [TEST_STEP][PASSED] - I want to delete attachment: I want to delete attachment

2019-05-01 14:26:22 - [MESSAGE][PASSED] - Refresh successfully

2019-05-01 14:26:22 - [MESSAGE][WARNING] - Timeout '0' is invalid. Using default page load timeout: '30'

2019-05-01 14:26:23 - [MESSAGE][PASSED] - Scroll to object 'Object Repository/OOBObjects/IdeasListObjects/Add-New-Document-Button' successfully

2019-05-01 14:26:23 - [MESSAGE][PASSED] - Object: 'Object Repository/OOBObjects/IdeasListObjects/DeleteAttachment' is hovered

2019-05-01 14:26:23 - [MESSAGE][PASSED] - Object: 'Object Repository/OOBObjects/IdeasListObjects/DeleteAttachment' is clicked on

2019-05-01 14:26:23 - [MESSAGE][PASSED] - Alert accepted

2019-05-01 14:26:23 - [MESSAGE][PASSED] - I want to delete attachment

2019-05-01 14:26:23 - [TEST_STEP][PASSED] - I want to verify document removed: I want to verify document removed

2019-05-01 14:26:23 - [MESSAGE][WARNING] - Timeout '0' is invalid. Using default page load timeout: '30'

2019-05-01 14:26:24 - [MESSAGE][PASSED] - Web element with id: 'Object Repository/OOBObjects/IdeasListObjects/UploadedDocument' located by 'By.xpath: //*[@id='tblProjectDocuments']/tbody/tr' is not present after '30' second(s)

2019-05-01 14:26:24 - [MESSAGE][PASSED] - I want to verify document removed

2019-05-01 14:26:24 - [TEST_STEP][PASSED] - I want to close browser: I want to close browser

2019-05-01 14:26:25 - [MESSAGE][PASSED] - Browser is closed

2019-05-01 14:26:25 - [MESSAGE][PASSED] - I want to close browser

2019-05-01 14:26:25 - [MESSAGE][PASSED] - Feature file: 'Include/features/Governance-Module/Add-Idea/008-Delete-Attachment.feature' was passed]]></system-out>
         <system-err><![CDATA[]]></system-err>
      </testcase>
      <testcase name="Test Cases/Main-Test-Cases/009-Verify-Uploading-Attachment-with-Duplicate-Name" classname="Test Cases/Main-Test-Cases/009-Verify-Uploading-Attachment-with-Duplicate-Name" status="PASSED">
         <system-out><![CDATA[2019-05-01 14:26:25 - [TEST_CASE][PASSED] - Test Cases/Main-Test-Cases/009-Verify-Uploading-Attachment-with-Duplicate-Name: Test Cases/Main-Test-Cases/009-Verify-Uploading-Attachment-with-Duplicate-Name

2019-05-01 14:26:25 - [TEST_STEP][PASSED] - runFeatureFile("Include/features/Governance-Module/Add-Idea/009-Verify-Uploading-Attachment-with-Duplicate-Name.feature"): Feature file: 'Include/features/Governance-Module/Add-Idea/009-Verify-Uploading-Attachment-with-Duplicate-Name.feature' was passed

2019-05-01 14:26:25 - [MESSAGE][INFO] - Starting run keyword runFeatureFile: 'Include/features/Governance-Module/Add-Idea/009-Verify-Uploading-Attachment-with-Duplicate-Name.feature' and extract report to folder: 'C:\Users\HP\git\PMO-Web-Application\Reports\First-Test-Suite\20190501_142211/cucumber_report/1556709985645'...

2019-05-01 14:26:25 - [TEST_CASE][PASSED] - Start Test Case : SCENARIO Verify that user unable to upload attachment with duplicate name: SCENARIO Verify that user unable to upload attachment with duplicate name

2019-05-01 14:26:25 - [TEST_STEP][PASSED] - I want to open browser: I want to open browser

2019-05-01 14:26:25 - [MESSAGE][INFO] - Starting 'Chrome' driver

2019-05-01 14:26:27 - [MESSAGE][PASSED] - Browser is opened with url: ''

2019-05-01 14:26:27 - [MESSAGE][PASSED] - Delete all cookies successfully

2019-05-01 14:26:27 - [MESSAGE][PASSED] - I want to open browser

2019-05-01 14:26:27 - [TEST_STEP][PASSED] - I want to maximize window: I want to maximize window

2019-05-01 14:26:29 - [MESSAGE][PASSED] - Current window maximized

2019-05-01 14:26:29 - [MESSAGE][PASSED] - I want to maximize window

2019-05-01 14:26:29 - [TEST_STEP][PASSED] - I want to go to OOB: I want to go to OOB

2019-05-01 14:26:38 - [MESSAGE][PASSED] - Navigate to 'https://pmoadmin:P@ssw0rd@dev5.cloudapp.net/OOB2/' successfully

2019-05-01 14:26:38 - [MESSAGE][PASSED] - I want to go to OOB

2019-05-01 14:26:38 - [TEST_STEP][PASSED] - I want to verify I'm in OOB main page: I want to verify I'm in OOB main page

2019-05-01 14:26:38 - [MESSAGE][WARNING] - Timeout '0' is invalid. Using default page load timeout: '30'

2019-05-01 14:26:38 - [MESSAGE][PASSED] - Object 'Object Repository/OOBObjects/HomepageObjects/OOBSideBar' is present

2019-05-01 14:26:38 - [MESSAGE][PASSED] - I want to verify I'm in OOB main page

2019-05-01 14:26:38 - [TEST_STEP][PASSED] - I want to go to ideas list page: I want to go to ideas list page

2019-05-01 14:26:46 - [MESSAGE][PASSED] - Object: 'Object Repository/OOBObjects/HomepageObjects/IdeasList' is clicked on

2019-05-01 14:26:46 - [MESSAGE][PASSED] - I want to go to ideas list page

2019-05-01 14:26:46 - [TEST_STEP][PASSED] - I want to click on Add New button: I want to click on Add New button

2019-05-01 14:26:48 - [MESSAGE][PASSED] - Object: 'Object Repository/OOBObjects/IdeasListObjects/AddNewIdeaButton' is clicked on

2019-05-01 14:26:48 - [MESSAGE][PASSED] - I want to click on Add New button

2019-05-01 14:26:48 - [TEST_STEP][PASSED] - I want to add Attachment: I want to add Attachment

2019-05-01 14:26:48 - [MESSAGE][PASSED] - Object: 'Object Repository/OOBObjects/IdeasListObjects/Add-New-Document-Button' is clicked on

2019-05-01 14:26:48 - [MESSAGE][WARNING] - Timeout '0' is invalid. Using default page load timeout: '30'

2019-05-01 14:26:48 - [MESSAGE][PASSED] - Scroll to object 'Object Repository/OOBObjects/IdeasListObjects/Add-New-Document-Button' successfully

2019-05-01 14:26:48 - [MESSAGE][PASSED] - Text 'test1' is set on object 'Object Repository/OOBObjects/IdeasListObjects/AttachmentNameField'

2019-05-01 14:26:48 - [MESSAGE][PASSED] - File 'C:\Users\HP\Desktop\download.png' sent to object: 'Object Repository/OOBObjects/IdeasListObjects/Upload-File'

2019-05-01 14:26:48 - [MESSAGE][WARNING] - Timeout '0' is invalid. Using default page load timeout: '30'

2019-05-01 14:26:48 - [MESSAGE][PASSED] - Object 'Object Repository/OOBObjects/IdeasListObjects/AttachedFile' is present

2019-05-01 14:26:48 - [MESSAGE][PASSED] - Object: 'Object Repository/OOBObjects/IdeasListObjects/LoadButton' is clicked on

2019-05-01 14:26:48 - [MESSAGE][PASSED] - I want to add Attachment

2019-05-01 14:26:48 - [TEST_STEP][PASSED] - I want to verify document uploaded: I want to verify document uploaded

2019-05-01 14:26:48 - [MESSAGE][WARNING] - Timeout '0' is invalid. Using default page load timeout: '30'

2019-05-01 14:26:49 - [MESSAGE][PASSED] - Object 'Object Repository/OOBObjects/IdeasListObjects/UploadedDocument' is present

2019-05-01 14:26:49 - [MESSAGE][PASSED] - I want to verify document uploaded

2019-05-01 14:26:49 - [TEST_STEP][PASSED] - I want to refresh page: I want to refresh page

2019-05-01 14:26:49 - [MESSAGE][PASSED] - Refresh successfully

2019-05-01 14:26:49 - [MESSAGE][PASSED] - I want to refresh page

2019-05-01 14:26:49 - [TEST_STEP][PASSED] - I want to add Attachment: I want to add Attachment

2019-05-01 14:27:11 - [MESSAGE][PASSED] - Object: 'Object Repository/OOBObjects/IdeasListObjects/Add-New-Document-Button' is clicked on

2019-05-01 14:27:11 - [MESSAGE][WARNING] - Timeout '0' is invalid. Using default page load timeout: '30'

2019-05-01 14:27:11 - [MESSAGE][PASSED] - Scroll to object 'Object Repository/OOBObjects/IdeasListObjects/Add-New-Document-Button' successfully

2019-05-01 14:27:12 - [MESSAGE][PASSED] - Text 'test1' is set on object 'Object Repository/OOBObjects/IdeasListObjects/AttachmentNameField'

2019-05-01 14:27:12 - [MESSAGE][PASSED] - File 'C:\Users\HP\Desktop\download.png' sent to object: 'Object Repository/OOBObjects/IdeasListObjects/Upload-File'

2019-05-01 14:27:12 - [MESSAGE][WARNING] - Timeout '0' is invalid. Using default page load timeout: '30'

2019-05-01 14:27:13 - [MESSAGE][PASSED] - Object 'Object Repository/OOBObjects/IdeasListObjects/AttachedFile' is present

2019-05-01 14:27:13 - [MESSAGE][PASSED] - Object: 'Object Repository/OOBObjects/IdeasListObjects/LoadButton' is clicked on

2019-05-01 14:27:13 - [MESSAGE][PASSED] - I want to add Attachment

2019-05-01 14:27:13 - [TEST_STEP][PASSED] - I want to verify Attachment with already existed name not added: I want to verify Attachment with already existed name not added

2019-05-01 14:27:13 - [MESSAGE][PASSED] - Object 'Object Repository/OOBObjects/IdeasListObjects/AttachmentNameField' is visible

2019-05-01 14:27:13 - [MESSAGE][PASSED] - I want to verify Attachment with already existed name not added

2019-05-01 14:27:13 - [MESSAGE][PASSED] - Feature file: 'Include/features/Governance-Module/Add-Idea/009-Verify-Uploading-Attachment-with-Duplicate-Name.feature' was passed]]></system-out>
         <system-err><![CDATA[]]></system-err>
      </testcase>
      <testcase name="Test Cases/Main-Test-Cases/010-Upload-Invalid-Format-Attachment" classname="Test Cases/Main-Test-Cases/010-Upload-Invalid-Format-Attachment" status="PASSED">
         <system-out><![CDATA[2019-05-01 14:27:13 - [TEST_CASE][PASSED] - Test Cases/Main-Test-Cases/010-Upload-Invalid-Format-Attachment: Test Cases/Main-Test-Cases/010-Upload-Invalid-Format-Attachment

2019-05-01 14:27:13 - [TEST_STEP][PASSED] - runFeatureFile("Include/features/Governance-Module/Add-Idea/010-Upload-Invalid-Format-Attachment.feature"): Feature file: 'Include/features/Governance-Module/Add-Idea/010-Upload-Invalid-Format-Attachment.feature' was passed

2019-05-01 14:27:13 - [MESSAGE][INFO] - Starting run keyword runFeatureFile: 'Include/features/Governance-Module/Add-Idea/010-Upload-Invalid-Format-Attachment.feature' and extract report to folder: 'C:\Users\HP\git\PMO-Web-Application\Reports\First-Test-Suite\20190501_142211/cucumber_report/1556710033348'...

2019-05-01 14:27:13 - [TEST_CASE][PASSED] - Start Test Case : SCENARIO Verify that user unable to upload invalid foemat attachment: SCENARIO Verify that user unable to upload invalid foemat attachment

2019-05-01 14:27:13 - [TEST_STEP][PASSED] - I want to open browser: I want to open browser

2019-05-01 14:27:13 - [MESSAGE][WARNING] - A browser is already opened. Closing browser and opening a new one

2019-05-01 14:27:14 - [MESSAGE][INFO] - Starting 'Chrome' driver

2019-05-01 14:27:16 - [MESSAGE][PASSED] - Browser is opened with url: ''

2019-05-01 14:27:16 - [MESSAGE][PASSED] - Delete all cookies successfully

2019-05-01 14:27:16 - [MESSAGE][PASSED] - I want to open browser

2019-05-01 14:27:16 - [TEST_STEP][PASSED] - I want to maximize window: I want to maximize window

2019-05-01 14:27:17 - [MESSAGE][PASSED] - Current window maximized

2019-05-01 14:27:17 - [MESSAGE][PASSED] - I want to maximize window

2019-05-01 14:27:17 - [TEST_STEP][PASSED] - I want to go to OOB: I want to go to OOB

2019-05-01 14:27:25 - [MESSAGE][PASSED] - Navigate to 'https://pmoadmin:P@ssw0rd@dev5.cloudapp.net/OOB2/' successfully

2019-05-01 14:27:25 - [MESSAGE][PASSED] - I want to go to OOB

2019-05-01 14:27:25 - [TEST_STEP][PASSED] - I want to verify I'm in OOB main page: I want to verify I'm in OOB main page

2019-05-01 14:27:25 - [MESSAGE][WARNING] - Timeout '0' is invalid. Using default page load timeout: '30'

2019-05-01 14:27:25 - [MESSAGE][PASSED] - Object 'Object Repository/OOBObjects/HomepageObjects/OOBSideBar' is present

2019-05-01 14:27:25 - [MESSAGE][PASSED] - I want to verify I'm in OOB main page

2019-05-01 14:27:25 - [TEST_STEP][PASSED] - I want to go to ideas list page: I want to go to ideas list page

2019-05-01 14:27:33 - [MESSAGE][PASSED] - Object: 'Object Repository/OOBObjects/HomepageObjects/IdeasList' is clicked on

2019-05-01 14:27:33 - [MESSAGE][PASSED] - I want to go to ideas list page

2019-05-01 14:27:33 - [TEST_STEP][PASSED] - I want to click on Add New button: I want to click on Add New button

2019-05-01 14:27:35 - [MESSAGE][PASSED] - Object: 'Object Repository/OOBObjects/IdeasListObjects/AddNewIdeaButton' is clicked on

2019-05-01 14:27:35 - [MESSAGE][PASSED] - I want to click on Add New button

2019-05-01 14:27:35 - [TEST_STEP][PASSED] - I want to add invalid format Attachment: I want to add invalid format Attachment

2019-05-01 14:27:35 - [MESSAGE][PASSED] - Object: 'Object Repository/OOBObjects/IdeasListObjects/Add-New-Document-Button' is clicked on

2019-05-01 14:27:35 - [MESSAGE][WARNING] - Timeout '0' is invalid. Using default page load timeout: '30'

2019-05-01 14:27:35 - [MESSAGE][PASSED] - Scroll to object 'Object Repository/OOBObjects/IdeasListObjects/Add-New-Document-Button' successfully

2019-05-01 14:27:35 - [MESSAGE][PASSED] - Text 'Test Attachment' is set on object 'Object Repository/OOBObjects/IdeasListObjects/AttachmentNameField'

2019-05-01 14:27:35 - [MESSAGE][PASSED] - File 'C:\Users\HP\Desktop\chromedriver.exe' sent to object: 'Object Repository/OOBObjects/IdeasListObjects/Upload-File'

2019-05-01 14:27:35 - [MESSAGE][PASSED] - I want to add invalid format Attachment

2019-05-01 14:27:35 - [TEST_STEP][PASSED] - I want to verify Attachment not added: I want to verify Attachment not added

2019-05-01 14:27:35 - [MESSAGE][WARNING] - Timeout '0' is invalid. Using default page load timeout: '30'

2019-05-01 14:27:35 - [MESSAGE][PASSED] - Web element with id: 'Object Repository/OOBObjects/IdeasListObjects/AttachedFile' located by 'By.xpath: //*[@id='AttachmentPath_attachement_div']/div[2]/a' is not present after '30' second(s)

2019-05-01 14:27:35 - [MESSAGE][PASSED] - I want to verify Attachment not added

2019-05-01 14:27:35 - [TEST_STEP][PASSED] - I want to close browser: I want to close browser

2019-05-01 14:27:36 - [MESSAGE][PASSED] - Browser is closed

2019-05-01 14:27:36 - [MESSAGE][PASSED] - I want to close browser

2019-05-01 14:27:36 - [MESSAGE][PASSED] - Feature file: 'Include/features/Governance-Module/Add-Idea/010-Upload-Invalid-Format-Attachment.feature' was passed]]></system-out>
         <system-err><![CDATA[]]></system-err>
      </testcase>
      <testcase name="Test Cases/Main-Test-Cases/011-Upload-Large-Size-Attachment" classname="Test Cases/Main-Test-Cases/011-Upload-Large-Size-Attachment" status="PASSED">
         <system-out><![CDATA[2019-05-01 14:27:36 - [TEST_CASE][PASSED] - Test Cases/Main-Test-Cases/011-Upload-Large-Size-Attachment: Test Cases/Main-Test-Cases/011-Upload-Large-Size-Attachment

2019-05-01 14:27:36 - [TEST_STEP][PASSED] - runFeatureFile("Include/features/Governance-Module/Add-Idea/011-Upload-Large-Size-Attachment.feature"): Feature file: 'Include/features/Governance-Module/Add-Idea/011-Upload-Large-Size-Attachment.feature' was passed

2019-05-01 14:27:36 - [MESSAGE][INFO] - Starting run keyword runFeatureFile: 'Include/features/Governance-Module/Add-Idea/011-Upload-Large-Size-Attachment.feature' and extract report to folder: 'C:\Users\HP\git\PMO-Web-Application\Reports\First-Test-Suite\20190501_142211/cucumber_report/1556710056317'...

2019-05-01 14:27:36 - [TEST_CASE][PASSED] - Start Test Case : SCENARIO Verify that user unable to upload attachment with duplicate name: SCENARIO Verify that user unable to upload attachment with duplicate name

2019-05-01 14:27:36 - [TEST_STEP][PASSED] - I want to open browser: I want to open browser

2019-05-01 14:27:36 - [MESSAGE][INFO] - Starting 'Chrome' driver

2019-05-01 14:27:38 - [MESSAGE][PASSED] - Browser is opened with url: ''

2019-05-01 14:27:38 - [MESSAGE][PASSED] - Delete all cookies successfully

2019-05-01 14:27:38 - [MESSAGE][PASSED] - I want to open browser

2019-05-01 14:27:38 - [TEST_STEP][PASSED] - I want to maximize window: I want to maximize window

2019-05-01 14:27:39 - [MESSAGE][PASSED] - Current window maximized

2019-05-01 14:27:39 - [MESSAGE][PASSED] - I want to maximize window

2019-05-01 14:27:39 - [TEST_STEP][PASSED] - I want to go to OOB: I want to go to OOB

2019-05-01 14:27:51 - [MESSAGE][PASSED] - Navigate to 'https://pmoadmin:P@ssw0rd@dev5.cloudapp.net/OOB2/' successfully

2019-05-01 14:27:51 - [MESSAGE][PASSED] - I want to go to OOB

2019-05-01 14:27:51 - [TEST_STEP][PASSED] - I want to verify I'm in OOB main page: I want to verify I'm in OOB main page

2019-05-01 14:27:51 - [MESSAGE][WARNING] - Timeout '0' is invalid. Using default page load timeout: '30'

2019-05-01 14:27:51 - [MESSAGE][PASSED] - Object 'Object Repository/OOBObjects/HomepageObjects/OOBSideBar' is present

2019-05-01 14:27:51 - [MESSAGE][PASSED] - I want to verify I'm in OOB main page

2019-05-01 14:27:51 - [TEST_STEP][PASSED] - I want to go to ideas list page: I want to go to ideas list page

2019-05-01 14:27:57 - [MESSAGE][PASSED] - Object: 'Object Repository/OOBObjects/HomepageObjects/IdeasList' is clicked on

2019-05-01 14:27:57 - [MESSAGE][PASSED] - I want to go to ideas list page

2019-05-01 14:27:57 - [TEST_STEP][PASSED] - I want to click on Add New button: I want to click on Add New button

2019-05-01 14:28:00 - [MESSAGE][PASSED] - Object: 'Object Repository/OOBObjects/IdeasListObjects/AddNewIdeaButton' is clicked on

2019-05-01 14:28:00 - [MESSAGE][PASSED] - I want to click on Add New button

2019-05-01 14:28:00 - [TEST_STEP][PASSED] - I want to add large file as Attachment: I want to add large file as Attachment

2019-05-01 14:28:00 - [MESSAGE][PASSED] - Object: 'Object Repository/OOBObjects/IdeasListObjects/Add-New-Document-Button' is clicked on

2019-05-01 14:28:00 - [MESSAGE][WARNING] - Timeout '0' is invalid. Using default page load timeout: '30'

2019-05-01 14:28:00 - [MESSAGE][PASSED] - Scroll to object 'Object Repository/OOBObjects/IdeasListObjects/Add-New-Document-Button' successfully

2019-05-01 14:28:00 - [MESSAGE][PASSED] - Text 'test1' is set on object 'Object Repository/OOBObjects/IdeasListObjects/AttachmentNameField'

2019-05-01 14:28:00 - [MESSAGE][PASSED] - File 'C:\Users\HP\Desktop\Automation book Mitsubishi.pdf' sent to object: 'Object Repository/OOBObjects/IdeasListObjects/Upload-File'

2019-05-01 14:28:00 - [MESSAGE][PASSED] - I want to add large file as Attachment

2019-05-01 14:28:00 - [TEST_STEP][PASSED] - I want to check large file error message: I want to check large file error message

2019-05-01 14:28:00 - [MESSAGE][PASSED] - Actual text and expected text of test object 'Object Repository/OOBObjects/IdeasListObjects/ErrorMessage' are matched.

2019-05-01 14:28:00 - [MESSAGE][PASSED] - I want to check large file error message

2019-05-01 14:28:00 - [TEST_STEP][PASSED] - I want to verify Attachment not added: I want to verify Attachment not added

2019-05-01 14:28:00 - [MESSAGE][WARNING] - Timeout '0' is invalid. Using default page load timeout: '30'

2019-05-01 14:28:00 - [MESSAGE][PASSED] - Web element with id: 'Object Repository/OOBObjects/IdeasListObjects/AttachedFile' located by 'By.xpath: //*[@id='AttachmentPath_attachement_div']/div[2]/a' is not present after '30' second(s)

2019-05-01 14:28:00 - [MESSAGE][PASSED] - I want to verify Attachment not added

2019-05-01 14:28:00 - [TEST_STEP][PASSED] - I want to close browser: I want to close browser

2019-05-01 14:28:00 - [MESSAGE][PASSED] - Browser is closed

2019-05-01 14:28:00 - [MESSAGE][PASSED] - I want to close browser

2019-05-01 14:28:00 - [MESSAGE][PASSED] - Feature file: 'Include/features/Governance-Module/Add-Idea/011-Upload-Large-Size-Attachment.feature' was passed]]></system-out>
         <system-err><![CDATA[]]></system-err>
      </testcase>
      <testcase name="Test Cases/Main-Test-Cases/012-Start-Date-Greater-Than-End-Date" classname="Test Cases/Main-Test-Cases/012-Start-Date-Greater-Than-End-Date" status="PASSED">
         <system-out><![CDATA[2019-05-01 14:28:00 - [TEST_CASE][PASSED] - Test Cases/Main-Test-Cases/012-Start-Date-Greater-Than-End-Date: Test Cases/Main-Test-Cases/012-Start-Date-Greater-Than-End-Date

2019-05-01 14:28:01 - [TEST_STEP][PASSED] - runFeatureFile("Include/features/Governance-Module/Add-Idea/012-Start-Date-Greater-Than-End-Date.feature"): Feature file: 'Include/features/Governance-Module/Add-Idea/012-Start-Date-Greater-Than-End-Date.feature' was passed

2019-05-01 14:28:01 - [MESSAGE][INFO] - Starting run keyword runFeatureFile: 'Include/features/Governance-Module/Add-Idea/012-Start-Date-Greater-Than-End-Date.feature' and extract report to folder: 'C:\Users\HP\git\PMO-Web-Application\Reports\First-Test-Suite\20190501_142211/cucumber_report/1556710081069'...

2019-05-01 14:28:01 - [TEST_CASE][PASSED] - Start Test Case : SCENARIO Check start date greater than end date error message: SCENARIO Check start date greater than end date error message

2019-05-01 14:28:01 - [TEST_STEP][PASSED] - I want to open browser: I want to open browser

2019-05-01 14:28:01 - [MESSAGE][INFO] - Starting 'Chrome' driver

2019-05-01 14:28:03 - [MESSAGE][PASSED] - Browser is opened with url: ''

2019-05-01 14:28:03 - [MESSAGE][PASSED] - Delete all cookies successfully

2019-05-01 14:28:03 - [MESSAGE][PASSED] - I want to open browser

2019-05-01 14:28:03 - [TEST_STEP][PASSED] - I want to maximize window: I want to maximize window

2019-05-01 14:28:04 - [MESSAGE][PASSED] - Current window maximized

2019-05-01 14:28:04 - [MESSAGE][PASSED] - I want to maximize window

2019-05-01 14:28:04 - [TEST_STEP][PASSED] - I want to go to OOB: I want to go to OOB

2019-05-01 14:28:08 - [MESSAGE][PASSED] - Navigate to 'https://pmoadmin:P@ssw0rd@dev5.cloudapp.net/OOB2/' successfully

2019-05-01 14:28:08 - [MESSAGE][PASSED] - I want to go to OOB

2019-05-01 14:28:08 - [TEST_STEP][PASSED] - I want to verify I'm in OOB main page: I want to verify I'm in OOB main page

2019-05-01 14:28:08 - [MESSAGE][WARNING] - Timeout '0' is invalid. Using default page load timeout: '30'

2019-05-01 14:28:18 - [MESSAGE][PASSED] - Object 'Object Repository/OOBObjects/HomepageObjects/OOBSideBar' is present

2019-05-01 14:28:18 - [MESSAGE][PASSED] - I want to verify I'm in OOB main page

2019-05-01 14:28:18 - [TEST_STEP][PASSED] - I want to go to ideas list page: I want to go to ideas list page

2019-05-01 14:28:24 - [MESSAGE][PASSED] - Object: 'Object Repository/OOBObjects/HomepageObjects/IdeasList' is clicked on

2019-05-01 14:28:24 - [MESSAGE][PASSED] - I want to go to ideas list page

2019-05-01 14:28:24 - [TEST_STEP][PASSED] - I want to click on Add New button: I want to click on Add New button

2019-05-01 14:28:26 - [MESSAGE][PASSED] - Object: 'Object Repository/OOBObjects/IdeasListObjects/AddNewIdeaButton' is clicked on

2019-05-01 14:28:26 - [MESSAGE][PASSED] - I want to click on Add New button

2019-05-01 14:28:26 - [TEST_STEP][PASSED] - I want to fill idea name field: I want to fill idea name field

2019-05-01 14:28:26 - [MESSAGE][PASSED] - Text 'Automation1535' is set on object 'Object Repository/OOBObjects/IdeasListObjects/Idea-Name-Field'

2019-05-01 14:28:26 - [MESSAGE][PASSED] - I want to fill idea name field

2019-05-01 14:28:26 - [TEST_STEP][PASSED] - I want to select start date greater than end date: I want to select start date greater than end date

2019-05-01 14:28:26 - [MESSAGE][PASSED] - Object: 'Object Repository/OOBObjects/IdeasListObjects/GREGORIAN-Start-date-Check-Box' is clicked on

2019-05-01 14:28:26 - [MESSAGE][PASSED] - Object: 'Object Repository/OOBObjects/IdeasListObjects/Excepted-Start-Date' is clicked on

2019-05-01 14:28:26 - [MESSAGE][PASSED] - All options with index in [7] are selected on object 'Object Repository/OOBObjects/IdeasListObjects/StartDateMonthDropDwon'

2019-05-01 14:28:26 - [MESSAGE][PASSED] - Object: 'Object Repository/OOBObjects/IdeasListObjects/Day26' is hovered

2019-05-01 14:28:26 - [MESSAGE][PASSED] - Object: 'Object Repository/OOBObjects/IdeasListObjects/Day26' is clicked on

2019-05-01 14:28:26 - [MESSAGE][PASSED] - Object 'Object Repository/OOBObjects/IdeasListObjects/GREGORIAN-End-Date-Check-Box' is visible

2019-05-01 14:28:26 - [MESSAGE][PASSED] - Object: 'Object Repository/OOBObjects/IdeasListObjects/GREGORIAN-End-Date-Check-Box' is clicked on

2019-05-01 14:28:31 - [MESSAGE][PASSED] - Delayed 5 second(s)

2019-05-01 14:28:31 - [MESSAGE][PASSED] - Object: 'Object Repository/OOBObjects/IdeasListObjects/Excpected-End-Date' is hovered

2019-05-01 14:28:31 - [MESSAGE][PASSED] - Object: 'Object Repository/OOBObjects/IdeasListObjects/Excpected-End-Date' is clicked on

2019-05-01 14:28:31 - [MESSAGE][PASSED] - All options with index in [4] are selected on object 'Object Repository/OOBObjects/IdeasListObjects/EndDateMonthDropdown'

2019-05-01 14:28:31 - [MESSAGE][PASSED] - Object: 'Object Repository/OOBObjects/IdeasListObjects/EndDateDay15' is hovered

2019-05-01 14:28:32 - [MESSAGE][PASSED] - Object: 'Object Repository/OOBObjects/IdeasListObjects/EndDateDay15' is clicked on

2019-05-01 14:28:32 - [MESSAGE][PASSED] - I want to select start date greater than end date

2019-05-01 14:28:32 - [TEST_STEP][PASSED] - I want to fill idea objective field: I want to fill idea objective field

2019-05-01 14:28:32 - [MESSAGE][PASSED] - Text 'Automation' is set on object 'Object Repository/OOBObjects/IdeasListObjects/Idea-Objective-Field'

2019-05-01 14:28:32 - [MESSAGE][PASSED] - I want to fill idea objective field

2019-05-01 14:28:32 - [TEST_STEP][PASSED] - I want to fill expected budget field: I want to fill expected budget field

2019-05-01 14:28:32 - [MESSAGE][PASSED] - Text '10000' is set on object 'Object Repository/OOBObjects/IdeasListObjects/Expected-Budget-Field'

2019-05-01 14:28:32 - [MESSAGE][PASSED] - I want to fill expected budget field

2019-05-01 14:28:32 - [TEST_STEP][PASSED] - I want to fill Notes field: I want to fill Notes field

2019-05-01 14:28:32 - [MESSAGE][PASSED] - Text 'test note' is set on object 'Object Repository/OOBObjects/IdeasListObjects/Notes-Field'

2019-05-01 14:28:32 - [MESSAGE][PASSED] - I want to fill Notes field

2019-05-01 14:28:32 - [TEST_STEP][PASSED] - I want to click send idea button: I want to click send idea button

2019-05-01 14:28:37 - [MESSAGE][PASSED] - Delayed 5 second(s)

2019-05-01 14:28:37 - [MESSAGE][WARNING] - Timeout '0' is invalid. Using default page load timeout: '30'

2019-05-01 14:28:37 - [MESSAGE][PASSED] - Scroll to object 'Object Repository/OOBObjects/IdeasListObjects/CardBlock' successfully

2019-05-01 14:28:37 - [MESSAGE][PASSED] - Object: 'Object Repository/OOBObjects/IdeasListObjects/SendIdeaButton' is clicked on

2019-05-01 14:28:37 - [MESSAGE][PASSED] - I want to click send idea button

2019-05-01 14:28:37 - [TEST_STEP][PASSED] - I want to check start date greater than end date error message: I want to check start date greater than end date error message

2019-05-01 14:28:37 - [MESSAGE][PASSED] - Actual text and expected text of test object 'Object Repository/OOBObjects/IdeasListObjects/ErrorMessage' are matched.

2019-05-01 14:28:37 - [MESSAGE][PASSED] - I want to check start date greater than end date error message

2019-05-01 14:28:37 - [TEST_STEP][PASSED] - I want to close browser: I want to close browser

2019-05-01 14:28:38 - [MESSAGE][PASSED] - Browser is closed

2019-05-01 14:28:38 - [MESSAGE][PASSED] - I want to close browser

2019-05-01 14:28:38 - [MESSAGE][PASSED] - Feature file: 'Include/features/Governance-Module/Add-Idea/012-Start-Date-Greater-Than-End-Date.feature' was passed]]></system-out>
         <system-err><![CDATA[]]></system-err>
      </testcase>
      <testcase name="Test Cases/Main-Test-Cases/013-Check-Duration-Field" classname="Test Cases/Main-Test-Cases/013-Check-Duration-Field" status="PASSED">
         <system-out><![CDATA[2019-05-01 14:28:38 - [TEST_CASE][PASSED] - Test Cases/Main-Test-Cases/013-Check-Duration-Field: Test Cases/Main-Test-Cases/013-Check-Duration-Field

2019-05-01 14:28:38 - [TEST_STEP][PASSED] - runFeatureFile("Include/features/Governance-Module/Add-Idea/013-Check-Duration-Field.feature"): Feature file: 'Include/features/Governance-Module/Add-Idea/013-Check-Duration-Field.feature' was passed

2019-05-01 14:28:38 - [MESSAGE][INFO] - Starting run keyword runFeatureFile: 'Include/features/Governance-Module/Add-Idea/013-Check-Duration-Field.feature' and extract report to folder: 'C:\Users\HP\git\PMO-Web-Application\Reports\First-Test-Suite\20190501_142211/cucumber_report/1556710118222'...

2019-05-01 14:28:38 - [TEST_CASE][PASSED] - Start Test Case : SCENARIO check that duration field filled automatically: SCENARIO check that duration field filled automatically

2019-05-01 14:28:38 - [TEST_STEP][PASSED] - I want to open browser: I want to open browser

2019-05-01 14:28:38 - [MESSAGE][INFO] - Starting 'Chrome' driver

2019-05-01 14:28:40 - [MESSAGE][PASSED] - Browser is opened with url: ''

2019-05-01 14:28:40 - [MESSAGE][PASSED] - Delete all cookies successfully

2019-05-01 14:28:40 - [MESSAGE][PASSED] - I want to open browser

2019-05-01 14:28:40 - [TEST_STEP][PASSED] - I want to maximize window: I want to maximize window

2019-05-01 14:28:41 - [MESSAGE][PASSED] - Current window maximized

2019-05-01 14:28:41 - [MESSAGE][PASSED] - I want to maximize window

2019-05-01 14:28:41 - [TEST_STEP][PASSED] - I want to go to OOB: I want to go to OOB

2019-05-01 14:28:42 - [MESSAGE][PASSED] - Navigate to 'https://pmoadmin:P@ssw0rd@dev5.cloudapp.net/OOB2/' successfully

2019-05-01 14:28:42 - [MESSAGE][PASSED] - I want to go to OOB

2019-05-01 14:28:42 - [TEST_STEP][PASSED] - I want to verify I'm in OOB main page: I want to verify I'm in OOB main page

2019-05-01 14:28:42 - [MESSAGE][WARNING] - Timeout '0' is invalid. Using default page load timeout: '30'

2019-05-01 14:28:54 - [MESSAGE][PASSED] - Object 'Object Repository/OOBObjects/HomepageObjects/OOBSideBar' is present

2019-05-01 14:28:54 - [MESSAGE][PASSED] - I want to verify I'm in OOB main page

2019-05-01 14:28:54 - [TEST_STEP][PASSED] - I want to go to ideas list page: I want to go to ideas list page

2019-05-01 14:28:58 - [MESSAGE][PASSED] - Object: 'Object Repository/OOBObjects/HomepageObjects/IdeasList' is clicked on

2019-05-01 14:28:58 - [MESSAGE][PASSED] - I want to go to ideas list page

2019-05-01 14:28:58 - [TEST_STEP][PASSED] - I want to click on Add New button: I want to click on Add New button

2019-05-01 14:28:59 - [MESSAGE][PASSED] - Object: 'Object Repository/OOBObjects/IdeasListObjects/AddNewIdeaButton' is clicked on

2019-05-01 14:28:59 - [MESSAGE][PASSED] - I want to click on Add New button

2019-05-01 14:28:59 - [TEST_STEP][PASSED] - I want to fill idea name field: I want to fill idea name field

2019-05-01 14:29:00 - [MESSAGE][PASSED] - Text 'Automation4847' is set on object 'Object Repository/OOBObjects/IdeasListObjects/Idea-Name-Field'

2019-05-01 14:29:00 - [MESSAGE][PASSED] - I want to fill idea name field

2019-05-01 14:29:00 - [TEST_STEP][PASSED] - I want to select expected start date: I want to select expected start date

2019-05-01 14:29:00 - [MESSAGE][PASSED] - Object: 'Object Repository/OOBObjects/IdeasListObjects//GREGORIAN-Start-date-Check-Box' is clicked on

2019-05-01 14:29:00 - [MESSAGE][PASSED] - Object: 'Object Repository/OOBObjects/IdeasListObjects//Excepted-Start-Date' is clicked on

2019-05-01 14:29:00 - [MESSAGE][PASSED] - All options with index in [5] are selected on object 'Object Repository/OOBObjects/IdeasListObjects/StartDateMonthDropDwon'

2019-05-01 14:29:00 - [MESSAGE][PASSED] - Object: 'Object Repository/OOBObjects/IdeasListObjects//Day26' is hovered

2019-05-01 14:29:00 - [MESSAGE][PASSED] - Object: 'Object Repository/OOBObjects/IdeasListObjects//Day26' is clicked on

2019-05-01 14:29:00 - [MESSAGE][PASSED] - I want to select expected start date

2019-05-01 14:29:00 - [TEST_STEP][PASSED] - I want to select expected end date: I want to select expected end date

2019-05-01 14:29:00 - [MESSAGE][PASSED] - Object 'Object Repository/OOBObjects/IdeasListObjects/GREGORIAN-End-Date-Check-Box' is visible

2019-05-01 14:29:00 - [MESSAGE][PASSED] - Object: 'Object Repository/OOBObjects/IdeasListObjects/GREGORIAN-End-Date-Check-Box' is clicked on

2019-05-01 14:29:02 - [MESSAGE][PASSED] - Delayed 2 second(s)

2019-05-01 14:29:02 - [MESSAGE][PASSED] - Object: 'Object Repository/OOBObjects/IdeasListObjects/Excpected-End-Date' is hovered

2019-05-01 14:29:02 - [MESSAGE][PASSED] - Object: 'Object Repository/OOBObjects/IdeasListObjects/Excpected-End-Date' is clicked on

2019-05-01 14:29:02 - [MESSAGE][PASSED] - All options with index in [6] are selected on object 'Object Repository/OOBObjects/IdeasListObjects/EndDateMonthDropdown'

2019-05-01 14:29:02 - [MESSAGE][PASSED] - Object: 'Object Repository/OOBObjects/IdeasListObjects/EndDateDay15' is hovered

2019-05-01 14:29:02 - [MESSAGE][PASSED] - Object: 'Object Repository/OOBObjects/IdeasListObjects/EndDateDay15' is clicked on

2019-05-01 14:29:02 - [MESSAGE][PASSED] - I want to select expected end date

2019-05-01 14:29:02 - [TEST_STEP][PASSED] - I want to check duration field filled automatically: I want to check duration field filled automatically

2019-05-01 14:29:02 - [MESSAGE][PASSED] - Text of object 'Object Repository/OOBObjects/IdeasListObjects/IdeaDurationField' is: ''

2019-05-01 14:29:02 - [MESSAGE][PASSED] - Actual object '' and expected object 'null' are not equal

2019-05-01 14:29:02 - [MESSAGE][PASSED] - I want to check duration field filled automatically

2019-05-01 14:29:02 - [TEST_STEP][PASSED] - I want to close browser: I want to close browser

2019-05-01 14:29:03 - [MESSAGE][PASSED] - Browser is closed

2019-05-01 14:29:03 - [MESSAGE][PASSED] - I want to close browser

2019-05-01 14:29:03 - [MESSAGE][PASSED] - Feature file: 'Include/features/Governance-Module/Add-Idea/013-Check-Duration-Field.feature' was passed]]></system-out>
         <system-err><![CDATA[]]></system-err>
      </testcase>
      <testcase name="Test Cases/Main-Test-Cases/014-Verify-Clicking-Load-With-No-Attachment" classname="Test Cases/Main-Test-Cases/014-Verify-Clicking-Load-With-No-Attachment" status="PASSED">
         <system-out><![CDATA[2019-05-01 14:29:03 - [TEST_CASE][PASSED] - Test Cases/Main-Test-Cases/014-Verify-Clicking-Load-With-No-Attachment: Test Cases/Main-Test-Cases/014-Verify-Clicking-Load-With-No-Attachment

2019-05-01 14:29:03 - [TEST_STEP][PASSED] - runFeatureFile("Include/features/Governance-Module/Add-Idea/014-Verify-Clicking-Load-With-No-Attachment.feature"): Feature file: 'Include/features/Governance-Module/Add-Idea/014-Verify-Clicking-Load-With-No-Attachment.feature' was passed

2019-05-01 14:29:03 - [MESSAGE][INFO] - Starting run keyword runFeatureFile: 'Include/features/Governance-Module/Add-Idea/014-Verify-Clicking-Load-With-No-Attachment.feature' and extract report to folder: 'C:\Users\HP\git\PMO-Web-Application\Reports\First-Test-Suite\20190501_142211/cucumber_report/1556710143653'...

2019-05-01 14:29:03 - [TEST_CASE][PASSED] - Start Test Case : SCENARIO Verify that choose file error message displays after clicking Load button without choosing attachment: SCENARIO Verify that choose file error message displays after clicking Load button without choosing attachment

2019-05-01 14:29:03 - [TEST_STEP][PASSED] - I want to open browser: I want to open browser

2019-05-01 14:29:03 - [MESSAGE][INFO] - Starting 'Chrome' driver

2019-05-01 14:29:05 - [MESSAGE][PASSED] - Browser is opened with url: ''

2019-05-01 14:29:05 - [MESSAGE][PASSED] - Delete all cookies successfully

2019-05-01 14:29:05 - [MESSAGE][PASSED] - I want to open browser

2019-05-01 14:29:05 - [TEST_STEP][PASSED] - I want to maximize window: I want to maximize window

2019-05-01 14:29:07 - [MESSAGE][PASSED] - Current window maximized

2019-05-01 14:29:07 - [MESSAGE][PASSED] - I want to maximize window

2019-05-01 14:29:07 - [TEST_STEP][PASSED] - I want to go to OOB: I want to go to OOB

2019-05-01 14:29:15 - [MESSAGE][PASSED] - Navigate to 'https://pmoadmin:P@ssw0rd@dev5.cloudapp.net/OOB2/' successfully

2019-05-01 14:29:15 - [MESSAGE][PASSED] - I want to go to OOB

2019-05-01 14:29:15 - [TEST_STEP][PASSED] - I want to verify I'm in OOB main page: I want to verify I'm in OOB main page

2019-05-01 14:29:15 - [MESSAGE][WARNING] - Timeout '0' is invalid. Using default page load timeout: '30'

2019-05-01 14:29:15 - [MESSAGE][PASSED] - Object 'Object Repository/OOBObjects/HomepageObjects/OOBSideBar' is present

2019-05-01 14:29:15 - [MESSAGE][PASSED] - I want to verify I'm in OOB main page

2019-05-01 14:29:15 - [TEST_STEP][PASSED] - I want to go to ideas list page: I want to go to ideas list page

2019-05-01 14:29:18 - [MESSAGE][PASSED] - Object: 'Object Repository/OOBObjects/HomepageObjects/IdeasList' is clicked on

2019-05-01 14:29:18 - [MESSAGE][PASSED] - I want to go to ideas list page

2019-05-01 14:29:18 - [TEST_STEP][PASSED] - I want to click on Add New button: I want to click on Add New button

2019-05-01 14:29:20 - [MESSAGE][PASSED] - Object: 'Object Repository/OOBObjects/IdeasListObjects/AddNewIdeaButton' is clicked on

2019-05-01 14:29:20 - [MESSAGE][PASSED] - I want to click on Add New button

2019-05-01 14:29:20 - [TEST_STEP][PASSED] - I want to click Add New Doc button: I want to click Add New Doc button

2019-05-01 14:29:20 - [MESSAGE][PASSED] - Object: 'Object Repository/OOBObjects/IdeasListObjects/Add-New-Document-Button' is clicked on

2019-05-01 14:29:20 - [MESSAGE][WARNING] - Timeout '0' is invalid. Using default page load timeout: '30'

2019-05-01 14:29:20 - [MESSAGE][PASSED] - Scroll to object 'Object Repository/OOBObjects/IdeasListObjects/Add-New-Document-Button' successfully

2019-05-01 14:29:20 - [MESSAGE][PASSED] - I want to click Add New Doc button

2019-05-01 14:29:20 - [TEST_STEP][PASSED] - I want to click Load button: I want to click Load button

2019-05-01 14:29:20 - [MESSAGE][PASSED] - Object: 'Object Repository/OOBObjects/IdeasListObjects/LoadButton' is clicked on

2019-05-01 14:29:20 - [MESSAGE][PASSED] - I want to click Load button

2019-05-01 14:29:20 - [TEST_STEP][PASSED] - I want to check choose file error message: I want to check choose file error message

2019-05-01 14:29:20 - [MESSAGE][PASSED] - Actual text and expected text of test object 'Object Repository/OOBObjects/IdeasListObjects/ErrorMessage' are matched.

2019-05-01 14:29:20 - [MESSAGE][PASSED] - I want to check choose file error message

2019-05-01 14:29:20 - [TEST_STEP][PASSED] - I want to verify Attachment not added: I want to verify Attachment not added

2019-05-01 14:29:20 - [MESSAGE][WARNING] - Timeout '0' is invalid. Using default page load timeout: '30'

2019-05-01 14:29:20 - [MESSAGE][PASSED] - Web element with id: 'Object Repository/OOBObjects/IdeasListObjects/AttachedFile' located by 'By.xpath: //*[@id='AttachmentPath_attachement_div']/div[2]/a' is not present after '30' second(s)

2019-05-01 14:29:20 - [MESSAGE][PASSED] - I want to verify Attachment not added

2019-05-01 14:29:20 - [TEST_STEP][PASSED] - I want to close browser: I want to close browser

2019-05-01 14:29:21 - [MESSAGE][PASSED] - Browser is closed

2019-05-01 14:29:21 - [MESSAGE][PASSED] - I want to close browser

2019-05-01 14:29:21 - [MESSAGE][PASSED] - Feature file: 'Include/features/Governance-Module/Add-Idea/014-Verify-Clicking-Load-With-No-Attachment.feature' was passed]]></system-out>
         <system-err><![CDATA[]]></system-err>
      </testcase>
      <testcase name="Test Cases/Main-Test-Cases/015-Verify-Hide-Optional-fields" classname="Test Cases/Main-Test-Cases/015-Verify-Hide-Optional-fields" status="PASSED">
         <system-out><![CDATA[2019-05-01 14:29:21 - [TEST_CASE][PASSED] - Test Cases/Main-Test-Cases/015-Verify-Hide-Optional-fields: Test Cases/Main-Test-Cases/015-Verify-Hide-Optional-fields

2019-05-01 14:29:21 - [TEST_STEP][PASSED] - runFeatureFile("Include/features/Governance-Module/Add-Idea/015-Verify-Hide-Optional-fields.feature"): Feature file: 'Include/features/Governance-Module/Add-Idea/015-Verify-Hide-Optional-fields.feature' was passed

2019-05-01 14:29:21 - [MESSAGE][INFO] - Starting run keyword runFeatureFile: 'Include/features/Governance-Module/Add-Idea/015-Verify-Hide-Optional-fields.feature' and extract report to folder: 'C:\Users\HP\git\PMO-Web-Application\Reports\First-Test-Suite\20190501_142211/cucumber_report/1556710161193'...

2019-05-01 14:29:21 - [TEST_CASE][PASSED] - Start Test Case : SCENARIO Verify Hide optional fields link: SCENARIO Verify Hide optional fields link

2019-05-01 14:29:21 - [TEST_STEP][PASSED] - I want to open browser: I want to open browser

2019-05-01 14:29:21 - [MESSAGE][INFO] - Starting 'Chrome' driver

2019-05-01 14:29:23 - [MESSAGE][PASSED] - Browser is opened with url: ''

2019-05-01 14:29:23 - [MESSAGE][PASSED] - Delete all cookies successfully

2019-05-01 14:29:23 - [MESSAGE][PASSED] - I want to open browser

2019-05-01 14:29:23 - [TEST_STEP][PASSED] - I want to maximize window: I want to maximize window

2019-05-01 14:29:24 - [MESSAGE][PASSED] - Current window maximized

2019-05-01 14:29:24 - [MESSAGE][PASSED] - I want to maximize window

2019-05-01 14:29:24 - [TEST_STEP][PASSED] - I want to go to OOB: I want to go to OOB

2019-05-01 14:29:33 - [MESSAGE][PASSED] - Navigate to 'https://pmoadmin:P@ssw0rd@dev5.cloudapp.net/OOB2/' successfully

2019-05-01 14:29:33 - [MESSAGE][PASSED] - I want to go to OOB

2019-05-01 14:29:33 - [TEST_STEP][PASSED] - I want to verify I'm in OOB main page: I want to verify I'm in OOB main page

2019-05-01 14:29:33 - [MESSAGE][WARNING] - Timeout '0' is invalid. Using default page load timeout: '30'

2019-05-01 14:29:33 - [MESSAGE][PASSED] - Object 'Object Repository/OOBObjects/HomepageObjects/OOBSideBar' is present

2019-05-01 14:29:33 - [MESSAGE][PASSED] - I want to verify I'm in OOB main page

2019-05-01 14:29:33 - [TEST_STEP][PASSED] - I want to go to ideas list page: I want to go to ideas list page

2019-05-01 14:29:37 - [MESSAGE][PASSED] - Object: 'Object Repository/OOBObjects/HomepageObjects/IdeasList' is clicked on

2019-05-01 14:29:37 - [MESSAGE][PASSED] - I want to go to ideas list page

2019-05-01 14:29:37 - [TEST_STEP][PASSED] - I want to click on Add New button: I want to click on Add New button

2019-05-01 14:29:39 - [MESSAGE][PASSED] - Object: 'Object Repository/OOBObjects/IdeasListObjects/AddNewIdeaButton' is clicked on

2019-05-01 14:29:39 - [MESSAGE][PASSED] - I want to click on Add New button

2019-05-01 14:29:39 - [TEST_STEP][PASSED] - I want to click on Hide optional fields link: I want to click on Hide optional fields link

2019-05-01 14:29:39 - [MESSAGE][PASSED] - Object: 'Object Repository/OOBObjects/IdeasListObjects/HideOptionalFields' is clicked on

2019-05-01 14:29:39 - [MESSAGE][PASSED] - I want to click on Hide optional fields link

2019-05-01 14:29:39 - [TEST_STEP][PASSED] - I want to verify optional fields disappear: I want to verify optional fields disappear

2019-05-01 14:29:39 - [MESSAGE][WARNING] - Timeout '0' is invalid. Using default page load timeout: '30'

2019-05-01 14:29:39 - [MESSAGE][PASSED] - Scroll to object 'Object Repository/OOBObjects/IdeasListObjects/Add-New-Document-Button' successfully

2019-05-01 14:29:39 - [MESSAGE][PASSED] - Object 'Object Repository/OOBObjects/IdeasListObjects/Notes-Field' is NOT visible

2019-05-01 14:29:39 - [MESSAGE][PASSED] - I want to verify optional fields disappear

2019-05-01 14:29:39 - [TEST_STEP][PASSED] - I want to close browser: I want to close browser

2019-05-01 14:29:39 - [MESSAGE][PASSED] - Browser is closed

2019-05-01 14:29:39 - [MESSAGE][PASSED] - I want to close browser

2019-05-01 14:29:39 - [MESSAGE][PASSED] - Feature file: 'Include/features/Governance-Module/Add-Idea/015-Verify-Hide-Optional-fields.feature' was passed]]></system-out>
         <system-err><![CDATA[]]></system-err>
      </testcase>
      <testcase name="Test Cases/Main-Test-Cases/016-Verify-Show-Optional-fields" classname="Test Cases/Main-Test-Cases/016-Verify-Show-Optional-fields" status="PASSED">
         <system-out><![CDATA[2019-05-01 14:29:39 - [TEST_CASE][PASSED] - Test Cases/Main-Test-Cases/016-Verify-Show-Optional-fields: Test Cases/Main-Test-Cases/016-Verify-Show-Optional-fields

2019-05-01 14:29:39 - [TEST_STEP][PASSED] - runFeatureFile("Include/features/Governance-Module/Add-Idea/016-Verify-Show-Optional-fields.feature"): Feature file: 'Include/features/Governance-Module/Add-Idea/016-Verify-Show-Optional-fields.feature' was passed

2019-05-01 14:29:39 - [MESSAGE][INFO] - Starting run keyword runFeatureFile: 'Include/features/Governance-Module/Add-Idea/016-Verify-Show-Optional-fields.feature' and extract report to folder: 'C:\Users\HP\git\PMO-Web-Application\Reports\First-Test-Suite\20190501_142211/cucumber_report/1556710179873'...

2019-05-01 14:29:39 - [TEST_CASE][PASSED] - Start Test Case : SCENARIO Verify Show optional fields link: SCENARIO Verify Show optional fields link

2019-05-01 14:29:39 - [TEST_STEP][PASSED] - I want to open browser: I want to open browser

2019-05-01 14:29:39 - [MESSAGE][INFO] - Starting 'Chrome' driver

2019-05-01 14:29:42 - [MESSAGE][PASSED] - Browser is opened with url: ''

2019-05-01 14:29:42 - [MESSAGE][PASSED] - Delete all cookies successfully

2019-05-01 14:29:42 - [MESSAGE][PASSED] - I want to open browser

2019-05-01 14:29:42 - [TEST_STEP][PASSED] - I want to maximize window: I want to maximize window

2019-05-01 14:29:43 - [MESSAGE][PASSED] - Current window maximized

2019-05-01 14:29:43 - [MESSAGE][PASSED] - I want to maximize window

2019-05-01 14:29:43 - [TEST_STEP][PASSED] - I want to go to OOB: I want to go to OOB

2019-05-01 14:29:52 - [MESSAGE][PASSED] - Navigate to 'https://pmoadmin:P@ssw0rd@dev5.cloudapp.net/OOB2/' successfully

2019-05-01 14:29:52 - [MESSAGE][PASSED] - I want to go to OOB

2019-05-01 14:29:52 - [TEST_STEP][PASSED] - I want to verify I'm in OOB main page: I want to verify I'm in OOB main page

2019-05-01 14:29:52 - [MESSAGE][WARNING] - Timeout '0' is invalid. Using default page load timeout: '30'

2019-05-01 14:29:52 - [MESSAGE][PASSED] - Object 'Object Repository/OOBObjects/HomepageObjects/OOBSideBar' is present

2019-05-01 14:29:52 - [MESSAGE][PASSED] - I want to verify I'm in OOB main page

2019-05-01 14:29:52 - [TEST_STEP][PASSED] - I want to go to ideas list page: I want to go to ideas list page

2019-05-01 14:29:57 - [MESSAGE][PASSED] - Object: 'Object Repository/OOBObjects/HomepageObjects/IdeasList' is clicked on

2019-05-01 14:29:57 - [MESSAGE][PASSED] - I want to go to ideas list page

2019-05-01 14:29:57 - [TEST_STEP][PASSED] - I want to click on Add New button: I want to click on Add New button

2019-05-01 14:29:59 - [MESSAGE][PASSED] - Object: 'Object Repository/OOBObjects/IdeasListObjects/AddNewIdeaButton' is clicked on

2019-05-01 14:29:59 - [MESSAGE][PASSED] - I want to click on Add New button

2019-05-01 14:29:59 - [TEST_STEP][PASSED] - I want to click on Hide optional fields link: I want to click on Hide optional fields link

2019-05-01 14:29:59 - [MESSAGE][PASSED] - Object: 'Object Repository/OOBObjects/IdeasListObjects/HideOptionalFields' is clicked on

2019-05-01 14:29:59 - [MESSAGE][PASSED] - I want to click on Hide optional fields link

2019-05-01 14:29:59 - [TEST_STEP][PASSED] - I want to verify optional fields disappear: I want to verify optional fields disappear

2019-05-01 14:29:59 - [MESSAGE][WARNING] - Timeout '0' is invalid. Using default page load timeout: '30'

2019-05-01 14:29:59 - [MESSAGE][PASSED] - Scroll to object 'Object Repository/OOBObjects/IdeasListObjects/Add-New-Document-Button' successfully

2019-05-01 14:29:59 - [MESSAGE][PASSED] - Object 'Object Repository/OOBObjects/IdeasListObjects/Notes-Field' is NOT visible

2019-05-01 14:29:59 - [MESSAGE][PASSED] - I want to verify optional fields disappear

2019-05-01 14:29:59 - [TEST_STEP][PASSED] - I want to click on Show optional fields link: I want to click on Show optional fields link

2019-05-01 14:30:02 - [MESSAGE][PASSED] - Delayed 3 second(s)

2019-05-01 14:30:02 - [MESSAGE][WARNING] - Timeout '0' is invalid. Using default page load timeout: '30'

2019-05-01 14:30:02 - [MESSAGE][PASSED] - Scroll to object 'Object Repository/OOBObjects/IdeasListObjects/HomePage-Breadcrumb' successfully

2019-05-01 14:30:02 - [MESSAGE][PASSED] - Object: 'Object Repository/OOBObjects/IdeasListObjects/ShowOptionalFields' is clicked on

2019-05-01 14:30:02 - [MESSAGE][PASSED] - I want to click on Show optional fields link

2019-05-01 14:30:02 - [TEST_STEP][PASSED] - I want to verify optional fields appear: I want to verify optional fields appear

2019-05-01 14:30:02 - [MESSAGE][WARNING] - Timeout '0' is invalid. Using default page load timeout: '30'

2019-05-01 14:30:02 - [MESSAGE][PASSED] - Scroll to object 'Object Repository/OOBObjects/IdeasListObjects/Add-New-Document-Button' successfully

2019-05-01 14:30:02 - [MESSAGE][PASSED] - Object 'Object Repository/OOBObjects/IdeasListObjects/Notes-Field' is visible

2019-05-01 14:30:02 - [MESSAGE][PASSED] - I want to verify optional fields appear

2019-05-01 14:30:02 - [TEST_STEP][PASSED] - I want to close browser: I want to close browser

2019-05-01 14:30:03 - [MESSAGE][PASSED] - Browser is closed

2019-05-01 14:30:03 - [MESSAGE][PASSED] - I want to close browser

2019-05-01 14:30:03 - [MESSAGE][PASSED] - Feature file: 'Include/features/Governance-Module/Add-Idea/016-Verify-Show-Optional-fields.feature' was passed]]></system-out>
         <system-err><![CDATA[]]></system-err>
      </testcase>
      <testcase name="Test Cases/Main-Test-Cases/017-Submit-Idea-and-Check-its-Sent-to-PMO" classname="Test Cases/Main-Test-Cases/017-Submit-Idea-and-Check-its-Sent-to-PMO" status="PASSED">
         <system-out><![CDATA[2019-05-01 14:30:03 - [TEST_CASE][PASSED] - Test Cases/Main-Test-Cases/017-Submit-Idea-and-Check-its-Sent-to-PMO: Test Cases/Main-Test-Cases/017-Submit-Idea-and-Check-its-Sent-to-PMO

2019-05-01 14:30:03 - [TEST_STEP][PASSED] - runFeatureFile("Include/features/Governance-Module/Add-Idea/017-Submit-Idea-and-Check-its-Sent-to-PMO.feature"): Feature file: 'Include/features/Governance-Module/Add-Idea/017-Submit-Idea-and-Check-its-Sent-to-PMO.feature' was passed

2019-05-01 14:30:03 - [MESSAGE][INFO] - Starting run keyword runFeatureFile: 'Include/features/Governance-Module/Add-Idea/017-Submit-Idea-and-Check-its-Sent-to-PMO.feature' and extract report to folder: 'C:\Users\HP\git\PMO-Web-Application\Reports\First-Test-Suite\20190501_142211/cucumber_report/1556710203333'...

2019-05-01 14:30:03 - [TEST_CASE][PASSED] - Start Test Case : SCENARIO Submit idea and check it has been sent to PMO: SCENARIO Submit idea and check it has been sent to PMO

2019-05-01 14:30:03 - [TEST_STEP][PASSED] - I want to open browser: I want to open browser

2019-05-01 14:30:03 - [MESSAGE][INFO] - Starting 'Chrome' driver

2019-05-01 14:30:05 - [MESSAGE][PASSED] - Browser is opened with url: ''

2019-05-01 14:30:05 - [MESSAGE][PASSED] - Delete all cookies successfully

2019-05-01 14:30:05 - [MESSAGE][PASSED] - I want to open browser

2019-05-01 14:30:05 - [TEST_STEP][PASSED] - I want to maximize window: I want to maximize window

2019-05-01 14:30:06 - [MESSAGE][PASSED] - Current window maximized

2019-05-01 14:30:06 - [MESSAGE][PASSED] - I want to maximize window

2019-05-01 14:30:06 - [TEST_STEP][PASSED] - I want to go to OOB: I want to go to OOB

2019-05-01 14:30:15 - [MESSAGE][PASSED] - Navigate to 'https://pmoadmin:P@ssw0rd@dev5.cloudapp.net/OOB2/' successfully

2019-05-01 14:30:15 - [MESSAGE][PASSED] - I want to go to OOB

2019-05-01 14:30:15 - [TEST_STEP][PASSED] - I want to verify I'm in OOB main page: I want to verify I'm in OOB main page

2019-05-01 14:30:15 - [MESSAGE][WARNING] - Timeout '0' is invalid. Using default page load timeout: '30'

2019-05-01 14:30:15 - [MESSAGE][PASSED] - Object 'Object Repository/OOBObjects/HomepageObjects/OOBSideBar' is present

2019-05-01 14:30:15 - [MESSAGE][PASSED] - I want to verify I'm in OOB main page

2019-05-01 14:30:15 - [TEST_STEP][PASSED] - I want to go to ideas list page: I want to go to ideas list page

2019-05-01 14:30:19 - [MESSAGE][PASSED] - Object: 'Object Repository/OOBObjects/HomepageObjects/IdeasList' is clicked on

2019-05-01 14:30:19 - [MESSAGE][PASSED] - I want to go to ideas list page

2019-05-01 14:30:19 - [TEST_STEP][PASSED] - I want to click on Add New button: I want to click on Add New button

2019-05-01 14:30:20 - [MESSAGE][PASSED] - Object: 'Object Repository/OOBObjects/IdeasListObjects/AddNewIdeaButton' is clicked on

2019-05-01 14:30:20 - [MESSAGE][PASSED] - I want to click on Add New button

2019-05-01 14:30:20 - [TEST_STEP][PASSED] - I want to fill idea name field: I want to fill idea name field

2019-05-01 14:30:20 - [MESSAGE][PASSED] - Text 'Automation1830' is set on object 'Object Repository/OOBObjects/IdeasListObjects/Idea-Name-Field'

2019-05-01 14:30:20 - [MESSAGE][PASSED] - I want to fill idea name field

2019-05-01 14:30:20 - [TEST_STEP][PASSED] - I want to select expected start date: I want to select expected start date

2019-05-01 14:30:21 - [MESSAGE][PASSED] - Object: 'Object Repository/OOBObjects/IdeasListObjects//GREGORIAN-Start-date-Check-Box' is clicked on

2019-05-01 14:30:21 - [MESSAGE][PASSED] - Object: 'Object Repository/OOBObjects/IdeasListObjects//Excepted-Start-Date' is clicked on

2019-05-01 14:30:21 - [MESSAGE][PASSED] - All options with index in [5] are selected on object 'Object Repository/OOBObjects/IdeasListObjects/StartDateMonthDropDwon'

2019-05-01 14:30:21 - [MESSAGE][PASSED] - Object: 'Object Repository/OOBObjects/IdeasListObjects//Day26' is hovered

2019-05-01 14:30:21 - [MESSAGE][PASSED] - Object: 'Object Repository/OOBObjects/IdeasListObjects//Day26' is clicked on

2019-05-01 14:30:21 - [MESSAGE][PASSED] - I want to select expected start date

2019-05-01 14:30:21 - [TEST_STEP][PASSED] - I want to select expected end date: I want to select expected end date

2019-05-01 14:30:21 - [MESSAGE][PASSED] - Object 'Object Repository/OOBObjects/IdeasListObjects/GREGORIAN-End-Date-Check-Box' is visible

2019-05-01 14:30:21 - [MESSAGE][PASSED] - Object: 'Object Repository/OOBObjects/IdeasListObjects/GREGORIAN-End-Date-Check-Box' is clicked on

2019-05-01 14:30:23 - [MESSAGE][PASSED] - Delayed 2 second(s)

2019-05-01 14:30:23 - [MESSAGE][PASSED] - Object: 'Object Repository/OOBObjects/IdeasListObjects/Excpected-End-Date' is hovered

2019-05-01 14:30:23 - [MESSAGE][PASSED] - Object: 'Object Repository/OOBObjects/IdeasListObjects/Excpected-End-Date' is clicked on

2019-05-01 14:30:23 - [MESSAGE][PASSED] - All options with index in [6] are selected on object 'Object Repository/OOBObjects/IdeasListObjects/EndDateMonthDropdown'

2019-05-01 14:30:23 - [MESSAGE][PASSED] - Object: 'Object Repository/OOBObjects/IdeasListObjects/EndDateDay15' is hovered

2019-05-01 14:30:23 - [MESSAGE][PASSED] - Object: 'Object Repository/OOBObjects/IdeasListObjects/EndDateDay15' is clicked on

2019-05-01 14:30:23 - [MESSAGE][PASSED] - I want to select expected end date

2019-05-01 14:30:23 - [TEST_STEP][PASSED] - I want to fill idea objective field: I want to fill idea objective field

2019-05-01 14:30:24 - [MESSAGE][PASSED] - Text 'Automation' is set on object 'Object Repository/OOBObjects/IdeasListObjects/Idea-Objective-Field'

2019-05-01 14:30:24 - [MESSAGE][PASSED] - I want to fill idea objective field

2019-05-01 14:30:24 - [TEST_STEP][PASSED] - I want to fill expected budget field: I want to fill expected budget field

2019-05-01 14:30:24 - [MESSAGE][PASSED] - Text '10000' is set on object 'Object Repository/OOBObjects/IdeasListObjects/Expected-Budget-Field'

2019-05-01 14:30:24 - [MESSAGE][PASSED] - I want to fill expected budget field

2019-05-01 14:30:24 - [TEST_STEP][PASSED] - I want to fill Notes field: I want to fill Notes field

2019-05-01 14:30:24 - [MESSAGE][PASSED] - Text 'test note' is set on object 'Object Repository/OOBObjects/IdeasListObjects/Notes-Field'

2019-05-01 14:30:24 - [MESSAGE][PASSED] - I want to fill Notes field

2019-05-01 14:30:24 - [TEST_STEP][PASSED] - I want to click send idea button: I want to click send idea button

2019-05-01 14:30:29 - [MESSAGE][PASSED] - Delayed 5 second(s)

2019-05-01 14:30:29 - [MESSAGE][WARNING] - Timeout '0' is invalid. Using default page load timeout: '30'

2019-05-01 14:30:29 - [MESSAGE][PASSED] - Scroll to object 'Object Repository/OOBObjects/IdeasListObjects/CardBlock' successfully

2019-05-01 14:30:29 - [MESSAGE][PASSED] - Object: 'Object Repository/OOBObjects/IdeasListObjects/SendIdeaButton' is clicked on

2019-05-01 14:30:29 - [MESSAGE][PASSED] - I want to click send idea button

2019-05-01 14:30:29 - [TEST_STEP][PASSED] - I want to verify idea added successfuly: I want to verify idea added successfuly

2019-05-01 14:30:29 - [MESSAGE][WARNING] - Timeout '0' is invalid. Using default page load timeout: '30'

2019-05-01 14:30:29 - [MESSAGE][PASSED] - Wait for page load successfully

2019-05-01 14:30:31 - [MESSAGE][PASSED] - Text 'Automation1830' is set on object 'Object Repository/OOBObjects/IdeasListObjects/SearchField'

2019-05-01 14:30:33 - [MESSAGE][PASSED] - Actual text and expected text of test object 'Object Repository/OOBObjects/IdeasListObjects/SearchResult' are matched.

2019-05-01 14:30:33 - [MESSAGE][PASSED] - I want to verify idea added successfuly

2019-05-01 14:30:33 - [TEST_STEP][PASSED] - I want to verify submitted idea cannot be deleted or edited: I want to verify submitted idea cannot be deleted or edited

2019-05-01 14:30:33 - [MESSAGE][WARNING] - Timeout '0' is invalid. Using default page load timeout: '30'

2019-05-01 14:30:33 - [MESSAGE][PASSED] - Web element with id: 'Object Repository/OOBObjects/IdeasListObjects/DeleteIdeaIcon' located by 'By.xpath: //*[@id='btnDelete']
' is not present after '30' second(s)

2019-05-01 14:30:33 - [MESSAGE][WARNING] - Timeout '0' is invalid. Using default page load timeout: '30'

2019-05-01 14:30:33 - [MESSAGE][PASSED] - Web element with id: 'Object Repository/OOBObjects/IdeasListObjects/EditIdea' located by 'By.xpath: //table[@id='ideasTable']/tbody/tr/td[4]/a/i' is not present after '30' second(s)

2019-05-01 14:30:33 - [MESSAGE][PASSED] - I want to verify submitted idea cannot be deleted or edited

2019-05-01 14:30:33 - [TEST_STEP][PASSED] - I want to check submitted idea status is In Progress: I want to check submitted idea status is In Progress

2019-05-01 14:30:33 - [MESSAGE][PASSED] - Actual text and expected text of test object 'Object Repository/OOBObjects/IdeasListObjects/IdeaStatus' are matched.

2019-05-01 14:30:33 - [MESSAGE][PASSED] - I want to check submitted idea status is In Progress

2019-05-01 14:30:33 - [TEST_STEP][PASSED] - I want to check submitted idea sent to PMO office for approval: I want to check submitted idea sent to PMO office for approval

2019-05-01 14:30:42 - [MESSAGE][PASSED] - Object: 'Object Repository/OOBObjects/HomepageObjects/InboxIcon' is clicked on

2019-05-01 14:30:42 - [MESSAGE][PASSED] - Object: 'Object Repository/OOBObjects/InboxPageObjects/BeforeInitiatePhase' is clicked on

2019-05-01 14:30:42 - [MESSAGE][PASSED] - Actual text and expected text of test object 'Object Repository/OOBObjects/InboxPageObjects/IdeaPhase' are matched.

2019-05-01 14:30:42 - [MESSAGE][PASSED] - I want to check submitted idea sent to PMO office for approval

2019-05-01 14:30:42 - [TEST_STEP][PASSED] - I want to close browser: I want to close browser

2019-05-01 14:30:43 - [MESSAGE][PASSED] - Browser is closed

2019-05-01 14:30:43 - [MESSAGE][PASSED] - I want to close browser

2019-05-01 14:30:43 - [MESSAGE][PASSED] - Feature file: 'Include/features/Governance-Module/Add-Idea/017-Submit-Idea-and-Check-its-Sent-to-PMO.feature' was passed]]></system-out>
         <system-err><![CDATA[]]></system-err>
      </testcase>
      <testcase name="Test Cases/Main-Test-Cases/018-Save-Draft-Idea-then-Send-it" classname="Test Cases/Main-Test-Cases/018-Save-Draft-Idea-then-Send-it" status="PASSED">
         <system-out><![CDATA[2019-05-01 14:30:43 - [TEST_CASE][PASSED] - Test Cases/Main-Test-Cases/018-Save-Draft-Idea-then-Send-it: Test Cases/Main-Test-Cases/018-Save-Draft-Idea-then-Send-it

2019-05-01 14:30:43 - [TEST_STEP][PASSED] - runFeatureFile("Include/features/Governance-Module/Add-Idea/018-Save-Draft-Idea-then-Send-it.feature"): Feature file: 'Include/features/Governance-Module/Add-Idea/018-Save-Draft-Idea-then-Send-it.feature' was passed

2019-05-01 14:30:43 - [MESSAGE][INFO] - Starting run keyword runFeatureFile: 'Include/features/Governance-Module/Add-Idea/018-Save-Draft-Idea-then-Send-it.feature' and extract report to folder: 'C:\Users\HP\git\PMO-Web-Application\Reports\First-Test-Suite\20190501_142211/cucumber_report/1556710243228'...

2019-05-01 14:30:43 - [TEST_CASE][PASSED] - Start Test Case : SCENARIO Submit draft idea and check it can be editted and deleted: SCENARIO Submit draft idea and check it can be editted and deleted

2019-05-01 14:30:43 - [TEST_STEP][PASSED] - I want to open browser: I want to open browser

2019-05-01 14:30:43 - [MESSAGE][INFO] - Starting 'Chrome' driver

2019-05-01 14:30:45 - [MESSAGE][PASSED] - Browser is opened with url: ''

2019-05-01 14:30:45 - [MESSAGE][PASSED] - Delete all cookies successfully

2019-05-01 14:30:45 - [MESSAGE][PASSED] - I want to open browser

2019-05-01 14:30:45 - [TEST_STEP][PASSED] - I want to maximize window: I want to maximize window

2019-05-01 14:30:46 - [MESSAGE][PASSED] - Current window maximized

2019-05-01 14:30:46 - [MESSAGE][PASSED] - I want to maximize window

2019-05-01 14:30:46 - [TEST_STEP][PASSED] - I want to go to OOB: I want to go to OOB

2019-05-01 14:30:54 - [MESSAGE][PASSED] - Navigate to 'https://pmoadmin:P@ssw0rd@dev5.cloudapp.net/OOB2/' successfully

2019-05-01 14:30:54 - [MESSAGE][PASSED] - I want to go to OOB

2019-05-01 14:30:54 - [TEST_STEP][PASSED] - I want to verify I'm in OOB main page: I want to verify I'm in OOB main page

2019-05-01 14:30:54 - [MESSAGE][WARNING] - Timeout '0' is invalid. Using default page load timeout: '30'

2019-05-01 14:30:54 - [MESSAGE][PASSED] - Object 'Object Repository/OOBObjects/HomepageObjects/OOBSideBar' is present

2019-05-01 14:30:54 - [MESSAGE][PASSED] - I want to verify I'm in OOB main page

2019-05-01 14:30:54 - [TEST_STEP][PASSED] - I want to go to ideas list page: I want to go to ideas list page

2019-05-01 14:30:58 - [MESSAGE][PASSED] - Object: 'Object Repository/OOBObjects/HomepageObjects/IdeasList' is clicked on

2019-05-01 14:30:58 - [MESSAGE][PASSED] - I want to go to ideas list page

2019-05-01 14:30:58 - [TEST_STEP][PASSED] - I want to click on Add New button: I want to click on Add New button

2019-05-01 14:31:00 - [MESSAGE][PASSED] - Object: 'Object Repository/OOBObjects/IdeasListObjects/AddNewIdeaButton' is clicked on

2019-05-01 14:31:00 - [MESSAGE][PASSED] - I want to click on Add New button

2019-05-01 14:31:00 - [TEST_STEP][PASSED] - I want to fill idea name field: I want to fill idea name field

2019-05-01 14:31:00 - [MESSAGE][PASSED] - Text 'Automation4661' is set on object 'Object Repository/OOBObjects/IdeasListObjects/Idea-Name-Field'

2019-05-01 14:31:00 - [MESSAGE][PASSED] - I want to fill idea name field

2019-05-01 14:31:00 - [TEST_STEP][PASSED] - I want to select expected start date: I want to select expected start date

2019-05-01 14:31:00 - [MESSAGE][PASSED] - Object: 'Object Repository/OOBObjects/IdeasListObjects//GREGORIAN-Start-date-Check-Box' is clicked on

2019-05-01 14:31:00 - [MESSAGE][PASSED] - Object: 'Object Repository/OOBObjects/IdeasListObjects//Excepted-Start-Date' is clicked on

2019-05-01 14:31:00 - [MESSAGE][PASSED] - All options with index in [5] are selected on object 'Object Repository/OOBObjects/IdeasListObjects/StartDateMonthDropDwon'

2019-05-01 14:31:00 - [MESSAGE][PASSED] - Object: 'Object Repository/OOBObjects/IdeasListObjects//Day26' is hovered

2019-05-01 14:31:00 - [MESSAGE][PASSED] - Object: 'Object Repository/OOBObjects/IdeasListObjects//Day26' is clicked on

2019-05-01 14:31:00 - [MESSAGE][PASSED] - I want to select expected start date

2019-05-01 14:31:00 - [TEST_STEP][PASSED] - I want to select expected end date: I want to select expected end date

2019-05-01 14:31:00 - [MESSAGE][PASSED] - Object 'Object Repository/OOBObjects/IdeasListObjects/GREGORIAN-End-Date-Check-Box' is visible

2019-05-01 14:31:00 - [MESSAGE][PASSED] - Object: 'Object Repository/OOBObjects/IdeasListObjects/GREGORIAN-End-Date-Check-Box' is clicked on

2019-05-01 14:31:02 - [MESSAGE][PASSED] - Delayed 2 second(s)

2019-05-01 14:31:03 - [MESSAGE][PASSED] - Object: 'Object Repository/OOBObjects/IdeasListObjects/Excpected-End-Date' is hovered

2019-05-01 14:31:03 - [MESSAGE][PASSED] - Object: 'Object Repository/OOBObjects/IdeasListObjects/Excpected-End-Date' is clicked on

2019-05-01 14:31:03 - [MESSAGE][PASSED] - All options with index in [6] are selected on object 'Object Repository/OOBObjects/IdeasListObjects/EndDateMonthDropdown'

2019-05-01 14:31:03 - [MESSAGE][PASSED] - Object: 'Object Repository/OOBObjects/IdeasListObjects/EndDateDay15' is hovered

2019-05-01 14:31:03 - [MESSAGE][PASSED] - Object: 'Object Repository/OOBObjects/IdeasListObjects/EndDateDay15' is clicked on

2019-05-01 14:31:03 - [MESSAGE][PASSED] - I want to select expected end date

2019-05-01 14:31:03 - [TEST_STEP][PASSED] - I want to fill idea objective field: I want to fill idea objective field

2019-05-01 14:31:03 - [MESSAGE][PASSED] - Text 'Automation' is set on object 'Object Repository/OOBObjects/IdeasListObjects/Idea-Objective-Field'

2019-05-01 14:31:03 - [MESSAGE][PASSED] - I want to fill idea objective field

2019-05-01 14:31:03 - [TEST_STEP][PASSED] - I want to fill expected budget field: I want to fill expected budget field

2019-05-01 14:31:03 - [MESSAGE][PASSED] - Text '10000' is set on object 'Object Repository/OOBObjects/IdeasListObjects/Expected-Budget-Field'

2019-05-01 14:31:03 - [MESSAGE][PASSED] - I want to fill expected budget field

2019-05-01 14:31:03 - [TEST_STEP][PASSED] - I want to fill Notes field: I want to fill Notes field

2019-05-01 14:31:03 - [MESSAGE][PASSED] - Text 'test note' is set on object 'Object Repository/OOBObjects/IdeasListObjects/Notes-Field'

2019-05-01 14:31:03 - [MESSAGE][PASSED] - I want to fill Notes field

2019-05-01 14:31:03 - [TEST_STEP][PASSED] - I want to click save idea button: I want to click save idea button

2019-05-01 14:31:03 - [MESSAGE][WARNING] - Timeout '0' is invalid. Using default page load timeout: '30'

2019-05-01 14:31:03 - [MESSAGE][PASSED] - Object 'Object Repository/OOBObjects/IdeasListObjects/SaveIdeaButton' is present

2019-05-01 14:31:03 - [MESSAGE][WARNING] - Timeout '0' is invalid. Using default page load timeout: '30'

2019-05-01 14:31:03 - [MESSAGE][PASSED] - Object 'Object Repository/OOBObjects/IdeasListObjects/SaveIdeaButton' is clickable

2019-05-01 14:31:03 - [MESSAGE][PASSED] - Object: 'Object Repository/OOBObjects/IdeasListObjects/SaveIdeaButton' is clicked on

2019-05-01 14:31:08 - [MESSAGE][PASSED] - Delayed 5 second(s)

2019-05-01 14:31:08 - [MESSAGE][PASSED] - I want to click save idea button

2019-05-01 14:31:08 - [TEST_STEP][PASSED] - I want to wait for page load: I want to wait for page load

2019-05-01 14:31:08 - [MESSAGE][PASSED] - Wait for page load successfully

2019-05-01 14:31:08 - [MESSAGE][PASSED] - I want to wait for page load

2019-05-01 14:31:08 - [TEST_STEP][PASSED] - I want to go to ideas list page: I want to go to ideas list page

2019-05-01 14:31:10 - [MESSAGE][PASSED] - Object: 'Object Repository/OOBObjects/HomepageObjects/IdeasList' is clicked on

2019-05-01 14:31:10 - [MESSAGE][PASSED] - I want to go to ideas list page

2019-05-01 14:31:10 - [TEST_STEP][PASSED] - I want to search for idea by idea name: I want to search for idea by idea name

2019-05-01 14:31:10 - [MESSAGE][PASSED] - Text 'Automation4661' is set on object 'Object Repository/OOBObjects/IdeasListObjects/SearchField'

2019-05-01 14:31:12 - [MESSAGE][PASSED] - Actual text and expected text of test object 'Object Repository/OOBObjects/IdeasListObjects/SearchResult' are matched.

2019-05-01 14:31:12 - [MESSAGE][PASSED] - I want to search for idea by idea name

2019-05-01 14:31:12 - [TEST_STEP][PASSED] - I want to click on edit idea icon: I want to click on edit idea icon

2019-05-01 14:31:13 - [MESSAGE][PASSED] - Object: 'Object Repository/OOBObjects/IdeasListObjects/EditIdea' is clicked on

2019-05-01 14:31:13 - [MESSAGE][PASSED] - I want to click on edit idea icon

2019-05-01 14:31:13 - [TEST_STEP][PASSED] - I want to click send idea button: I want to click send idea button

2019-05-01 14:31:18 - [MESSAGE][PASSED] - Delayed 5 second(s)

2019-05-01 14:31:18 - [MESSAGE][WARNING] - Timeout '0' is invalid. Using default page load timeout: '30'

2019-05-01 14:31:18 - [MESSAGE][PASSED] - Scroll to object 'Object Repository/OOBObjects/IdeasListObjects/CardBlock' successfully

2019-05-01 14:31:18 - [MESSAGE][PASSED] - Object: 'Object Repository/OOBObjects/IdeasListObjects/SendIdeaButton' is clicked on

2019-05-01 14:31:18 - [MESSAGE][PASSED] - I want to click send idea button

2019-05-01 14:31:18 - [TEST_STEP][PASSED] - I want to verify idea added successfuly: I want to verify idea added successfuly

2019-05-01 14:31:18 - [MESSAGE][WARNING] - Timeout '0' is invalid. Using default page load timeout: '30'

2019-05-01 14:31:18 - [MESSAGE][PASSED] - Wait for page load successfully

2019-05-01 14:31:20 - [MESSAGE][PASSED] - Text 'Automation4661' is set on object 'Object Repository/OOBObjects/IdeasListObjects/SearchField'

2019-05-01 14:31:22 - [MESSAGE][PASSED] - Actual text and expected text of test object 'Object Repository/OOBObjects/IdeasListObjects/SearchResult' are matched.

2019-05-01 14:31:22 - [MESSAGE][PASSED] - I want to verify idea added successfuly

2019-05-01 14:31:22 - [TEST_STEP][PASSED] - I want to verify submitted idea cannot be deleted or edited: I want to verify submitted idea cannot be deleted or edited

2019-05-01 14:31:22 - [MESSAGE][WARNING] - Timeout '0' is invalid. Using default page load timeout: '30'

2019-05-01 14:31:22 - [MESSAGE][PASSED] - Web element with id: 'Object Repository/OOBObjects/IdeasListObjects/DeleteIdeaIcon' located by 'By.xpath: //*[@id='btnDelete']
' is not present after '30' second(s)

2019-05-01 14:31:22 - [MESSAGE][WARNING] - Timeout '0' is invalid. Using default page load timeout: '30'

2019-05-01 14:31:22 - [MESSAGE][PASSED] - Web element with id: 'Object Repository/OOBObjects/IdeasListObjects/EditIdea' located by 'By.xpath: //table[@id='ideasTable']/tbody/tr/td[4]/a/i' is not present after '30' second(s)

2019-05-01 14:31:22 - [MESSAGE][PASSED] - I want to verify submitted idea cannot be deleted or edited

2019-05-01 14:31:22 - [TEST_STEP][PASSED] - I want to check submitted idea status is In Progress: I want to check submitted idea status is In Progress

2019-05-01 14:31:22 - [MESSAGE][PASSED] - Actual text and expected text of test object 'Object Repository/OOBObjects/IdeasListObjects/IdeaStatus' are matched.

2019-05-01 14:31:22 - [MESSAGE][PASSED] - I want to check submitted idea status is In Progress

2019-05-01 14:31:22 - [TEST_STEP][PASSED] - I want to check submitted idea sent to PMO office for approval: I want to check submitted idea sent to PMO office for approval

2019-05-01 14:31:29 - [MESSAGE][PASSED] - Object: 'Object Repository/OOBObjects/HomepageObjects/InboxIcon' is clicked on

2019-05-01 14:31:29 - [MESSAGE][PASSED] - Object: 'Object Repository/OOBObjects/InboxPageObjects/BeforeInitiatePhase' is clicked on

2019-05-01 14:31:29 - [MESSAGE][PASSED] - Actual text and expected text of test object 'Object Repository/OOBObjects/InboxPageObjects/IdeaPhase' are matched.

2019-05-01 14:31:29 - [MESSAGE][PASSED] - I want to check submitted idea sent to PMO office for approval

2019-05-01 14:31:29 - [TEST_STEP][PASSED] - I want to close browser: I want to close browser

2019-05-01 14:31:30 - [MESSAGE][PASSED] - Browser is closed

2019-05-01 14:31:30 - [MESSAGE][PASSED] - I want to close browser

2019-05-01 14:31:30 - [MESSAGE][PASSED] - Feature file: 'Include/features/Governance-Module/Add-Idea/018-Save-Draft-Idea-then-Send-it.feature' was passed]]></system-out>
         <system-err><![CDATA[]]></system-err>
      </testcase>
      <testcase name="Test Cases/Main-Test-Cases/019-Delete-Draft-Idea" classname="Test Cases/Main-Test-Cases/019-Delete-Draft-Idea" status="FAILED">
         <failure type="FAILED" message="Test Cases/Main-Test-Cases/019-Delete-Draft-Idea FAILED.
Reason:
com.kms.katalon.core.exception.StepFailedException: Feature file 'Include/features/Governance-Module/Add-Idea/019-Delete-Draft-Idea.feature' was failed
	at com.kms.katalon.core.keyword.internal.KeywordMain.stepFailed(KeywordMain.groovy:48)
	at com.kms.katalon.core.keyword.internal.KeywordMain.stepFailed(KeywordMain.groovy)
	at com.kms.katalon.core.keyword.internal.KeywordMain.stepFailed(KeywordMain.groovy:21)
	at com.kms.katalon.core.keyword.internal.KeywordMain$stepFailed$0.call(Unknown Source)
	at com.kms.katalon.core.cucumber.keyword.CucumberBuiltinKeywords$_runFeatureFile_closure1.doCall(CucumberBuiltinKeywords.groovy:82)
	at com.kms.katalon.core.cucumber.keyword.CucumberBuiltinKeywords$_runFeatureFile_closure1.doCall(CucumberBuiltinKeywords.groovy)
	at com.kms.katalon.core.keyword.internal.KeywordMain.runKeyword(KeywordMain.groovy:66)
	at com.kms.katalon.core.keyword.internal.KeywordMain$runKeyword.call(Unknown Source)
	at com.kms.katalon.core.cucumber.keyword.CucumberBuiltinKeywords.runFeatureFile(CucumberBuiltinKeywords.groovy:46)
	at com.kms.katalon.core.cucumber.keyword.CucumberBuiltinKeywords$runFeatureFile$0.callStatic(Unknown Source)
	at com.kms.katalon.core.cucumber.keyword.CucumberBuiltinKeywords.runFeatureFile(CucumberBuiltinKeywords.groovy:101)
	at com.kms.katalon.core.cucumber.keyword.CucumberBuiltinKeywords$runFeatureFile.call(Unknown Source)
	at 019-Delete-Draft-Idea.run(019-Delete-Draft-Idea:18)
	at com.kms.katalon.core.main.ScriptEngine.run(ScriptEngine.java:194)
	at com.kms.katalon.core.main.ScriptEngine.runScriptAsRawText(ScriptEngine.java:119)
	at com.kms.katalon.core.main.TestCaseExecutor.runScript(TestCaseExecutor.java:331)
	at com.kms.katalon.core.main.TestCaseExecutor.doExecute(TestCaseExecutor.java:322)
	at com.kms.katalon.core.main.TestCaseExecutor.processExecutionPhase(TestCaseExecutor.java:301)
	at com.kms.katalon.core.main.TestCaseExecutor.accessMainPhase(TestCaseExecutor.java:293)
	at com.kms.katalon.core.main.TestCaseExecutor.execute(TestCaseExecutor.java:227)
	at com.kms.katalon.core.main.TestSuiteExecutor.accessTestCaseMainPhase(TestSuiteExecutor.java:129)
	at com.kms.katalon.core.main.TestSuiteExecutor.accessTestSuiteMainPhase(TestSuiteExecutor.java:112)
	at com.kms.katalon.core.main.TestSuiteExecutor.execute(TestSuiteExecutor.java:81)
	at com.kms.katalon.core.main.TestCaseMain.startTestSuite(TestCaseMain.java:157)
	at com.kms.katalon.core.main.TestCaseMain$startTestSuite$0.call(Unknown Source)
	at TempTestSuite1556709731988.run(TempTestSuite1556709731988.groovy:35)
"/>
         <system-out><![CDATA[2019-05-01 14:31:30 - [TEST_CASE][FAILED] - Test Cases/Main-Test-Cases/019-Delete-Draft-Idea: Test Cases/Main-Test-Cases/019-Delete-Draft-Idea FAILED.
Reason:
com.kms.katalon.core.exception.StepFailedException: Feature file 'Include/features/Governance-Module/Add-Idea/019-Delete-Draft-Idea.feature' was failed
	at com.kms.katalon.core.keyword.internal.KeywordMain.stepFailed(KeywordMain.groovy:48)
	at com.kms.katalon.core.keyword.internal.KeywordMain.stepFailed(KeywordMain.groovy)
	at com.kms.katalon.core.keyword.internal.KeywordMain.stepFailed(KeywordMain.groovy:21)
	at com.kms.katalon.core.keyword.internal.KeywordMain$stepFailed$0.call(Unknown Source)
	at com.kms.katalon.core.cucumber.keyword.CucumberBuiltinKeywords$_runFeatureFile_closure1.doCall(CucumberBuiltinKeywords.groovy:82)
	at com.kms.katalon.core.cucumber.keyword.CucumberBuiltinKeywords$_runFeatureFile_closure1.doCall(CucumberBuiltinKeywords.groovy)
	at com.kms.katalon.core.keyword.internal.KeywordMain.runKeyword(KeywordMain.groovy:66)
	at com.kms.katalon.core.keyword.internal.KeywordMain$runKeyword.call(Unknown Source)
	at com.kms.katalon.core.cucumber.keyword.CucumberBuiltinKeywords.runFeatureFile(CucumberBuiltinKeywords.groovy:46)
	at com.kms.katalon.core.cucumber.keyword.CucumberBuiltinKeywords$runFeatureFile$0.callStatic(Unknown Source)
	at com.kms.katalon.core.cucumber.keyword.CucumberBuiltinKeywords.runFeatureFile(CucumberBuiltinKeywords.groovy:101)
	at com.kms.katalon.core.cucumber.keyword.CucumberBuiltinKeywords$runFeatureFile.call(Unknown Source)
	at 019-Delete-Draft-Idea.run(019-Delete-Draft-Idea:18)
	at com.kms.katalon.core.main.ScriptEngine.run(ScriptEngine.java:194)
	at com.kms.katalon.core.main.ScriptEngine.runScriptAsRawText(ScriptEngine.java:119)
	at com.kms.katalon.core.main.TestCaseExecutor.runScript(TestCaseExecutor.java:331)
	at com.kms.katalon.core.main.TestCaseExecutor.doExecute(TestCaseExecutor.java:322)
	at com.kms.katalon.core.main.TestCaseExecutor.processExecutionPhase(TestCaseExecutor.java:301)
	at com.kms.katalon.core.main.TestCaseExecutor.accessMainPhase(TestCaseExecutor.java:293)
	at com.kms.katalon.core.main.TestCaseExecutor.execute(TestCaseExecutor.java:227)
	at com.kms.katalon.core.main.TestSuiteExecutor.accessTestCaseMainPhase(TestSuiteExecutor.java:129)
	at com.kms.katalon.core.main.TestSuiteExecutor.accessTestSuiteMainPhase(TestSuiteExecutor.java:112)
	at com.kms.katalon.core.main.TestSuiteExecutor.execute(TestSuiteExecutor.java:81)
	at com.kms.katalon.core.main.TestCaseMain.startTestSuite(TestCaseMain.java:157)
	at com.kms.katalon.core.main.TestCaseMain$startTestSuite$0.call(Unknown Source)
	at TempTestSuite1556709731988.run(TempTestSuite1556709731988.groovy:35)


2019-05-01 14:31:30 - [TEST_STEP][FAILED] - runFeatureFile("Include/features/Governance-Module/Add-Idea/019-Delete-Draft-Idea.feature"): runFeatureFile("Include/features/Governance-Module/Add-Idea/019-Delete-Draft-Idea.feature") FAILED.
Reason:
com.kms.katalon.core.exception.StepFailedException: Feature file 'Include/features/Governance-Module/Add-Idea/019-Delete-Draft-Idea.feature' was failed
	at com.kms.katalon.core.keyword.internal.KeywordMain.stepFailed(KeywordMain.groovy:48)
	at com.kms.katalon.core.keyword.internal.KeywordMain.stepFailed(KeywordMain.groovy)
	at com.kms.katalon.core.keyword.internal.KeywordMain.stepFailed(KeywordMain.groovy:21)
	at com.kms.katalon.core.keyword.internal.KeywordMain$stepFailed$0.call(Unknown Source)
	at com.kms.katalon.core.cucumber.keyword.CucumberBuiltinKeywords$_runFeatureFile_closure1.doCall(CucumberBuiltinKeywords.groovy:82)
	at com.kms.katalon.core.cucumber.keyword.CucumberBuiltinKeywords$_runFeatureFile_closure1.doCall(CucumberBuiltinKeywords.groovy)
	at com.kms.katalon.core.keyword.internal.KeywordMain.runKeyword(KeywordMain.groovy:66)
	at com.kms.katalon.core.keyword.internal.KeywordMain$runKeyword.call(Unknown Source)
	at com.kms.katalon.core.cucumber.keyword.CucumberBuiltinKeywords.runFeatureFile(CucumberBuiltinKeywords.groovy:46)
	at com.kms.katalon.core.cucumber.keyword.CucumberBuiltinKeywords$runFeatureFile$0.callStatic(Unknown Source)
	at com.kms.katalon.core.cucumber.keyword.CucumberBuiltinKeywords.runFeatureFile(CucumberBuiltinKeywords.groovy:101)
	at com.kms.katalon.core.cucumber.keyword.CucumberBuiltinKeywords$runFeatureFile.call(Unknown Source)
	at 019-Delete-Draft-Idea.run(019-Delete-Draft-Idea:18)
	at com.kms.katalon.core.main.ScriptEngine.run(ScriptEngine.java:194)
	at com.kms.katalon.core.main.ScriptEngine.runScriptAsRawText(ScriptEngine.java:119)
	at com.kms.katalon.core.main.TestCaseExecutor.runScript(TestCaseExecutor.java:331)
	at com.kms.katalon.core.main.TestCaseExecutor.doExecute(TestCaseExecutor.java:322)
	at com.kms.katalon.core.main.TestCaseExecutor.processExecutionPhase(TestCaseExecutor.java:301)
	at com.kms.katalon.core.main.TestCaseExecutor.accessMainPhase(TestCaseExecutor.java:293)
	at com.kms.katalon.core.main.TestCaseExecutor.execute(TestCaseExecutor.java:227)
	at com.kms.katalon.core.main.TestSuiteExecutor.accessTestCaseMainPhase(TestSuiteExecutor.java:129)
	at com.kms.katalon.core.main.TestSuiteExecutor.accessTestSuiteMainPhase(TestSuiteExecutor.java:112)
	at com.kms.katalon.core.main.TestSuiteExecutor.execute(TestSuiteExecutor.java:81)
	at com.kms.katalon.core.main.TestCaseMain.startTestSuite(TestCaseMain.java:157)
	at com.kms.katalon.core.main.TestCaseMain$startTestSuite$0.call(Unknown Source)
	at TempTestSuite1556709731988.run(TempTestSuite1556709731988.groovy:35)


2019-05-01 14:31:30 - [MESSAGE][INFO] - Starting run keyword runFeatureFile: 'Include/features/Governance-Module/Add-Idea/019-Delete-Draft-Idea.feature' and extract report to folder: 'C:\Users\HP\git\PMO-Web-Application\Reports\First-Test-Suite\20190501_142211/cucumber_report/1556710290631'...

2019-05-01 14:31:30 - [TEST_CASE][FAILED] - Start Test Case : SCENARIO Verify delete idea functionality: SCENARIO Verify delete idea functionality FAILED.
Reason:
com.kms.katalon.core.exception.StepFailedException: Verify element text of test object 'Object Repository/OOBObjects/IdeasListObjects/SearchResult' FAILED.
	at com.kms.katalon.core.webui.keyword.internal.WebUIKeywordMain.stepFailed(WebUIKeywordMain.groovy:64)
	at com.kms.katalon.core.webui.keyword.internal.WebUIKeywordMain.runKeyword(WebUIKeywordMain.groovy:26)
	at com.kms.katalon.core.webui.keyword.builtin.VerifyElementTextKeyword.verifyElementText(VerifyElementTextKeyword.groovy:72)
	at com.kms.katalon.core.webui.keyword.builtin.VerifyElementTextKeyword.execute(VerifyElementTextKeyword.groovy:40)
	at com.kms.katalon.core.keyword.internal.KeywordExecutor.executeKeywordForPlatform(KeywordExecutor.groovy:56)
	at com.kms.katalon.core.webui.keyword.WebUiBuiltInKeywords.verifyElementText(WebUiBuiltInKeywords.groovy:3663)
	at com.kms.katalon.core.webui.keyword.WebUiBuiltInKeywords$verifyElementText$14.call(Unknown Source)
	at com.pmo.steps.AddIdeaSteps.searchOnSavedIdea(AddIdeaSteps.groovy:454)
	at ✽.I want to search for idea by idea name(C:/Users/HP/git/PMO-Web-Application/Include/features/Governance-Module/Add-Idea/019-Delete-Draft-Idea.feature:22)
Caused by: com.kms.katalon.core.exception.StepFailedException: Actual text 'لم يُعثر على أية سجلات' and expected text 'Automation6097' of test object 'Object Repository/OOBObjects/IdeasListObjects/SearchResult' are NOT matched.
	at com.kms.katalon.core.webui.keyword.internal.WebUIKeywordMain.stepFailed(WebUIKeywordMain.groovy:64)
	at com.kms.katalon.core.webui.keyword.builtin.VerifyElementTextKeyword$_verifyElementText_closure1.doCall(VerifyElementTextKeyword.groovy:57)
	at com.kms.katalon.core.webui.keyword.builtin.VerifyElementTextKeyword$_verifyElementText_closure1.call(VerifyElementTextKeyword.groovy)
	at com.kms.katalon.core.webui.keyword.internal.WebUIKeywordMain.runKeyword(WebUIKeywordMain.groovy:20)
	at com.kms.katalon.core.webui.keyword.builtin.VerifyElementTextKeyword.verifyElementText(VerifyElementTextKeyword.groovy:72)
	at com.kms.katalon.core.webui.keyword.builtin.VerifyElementTextKeyword.execute(VerifyElementTextKeyword.groovy:40)
	at com.kms.katalon.core.keyword.internal.KeywordExecutor.executeKeywordForPlatform(KeywordExecutor.groovy:56)
	at com.kms.katalon.core.webui.keyword.WebUiBuiltInKeywords.verifyElementText(WebUiBuiltInKeywords.groovy:3663)
	at com.kms.katalon.core.webui.keyword.WebUiBuiltInKeywords$verifyElementText$14.call(Unknown Source)
	at com.pmo.steps.AddIdeaSteps.searchOnSavedIdea(AddIdeaSteps.groovy:454)
	at cucumber.runtime.Utils$1.call(Utils.java:26)
	at cucumber.runtime.Timeout.timeout(Timeout.java:16)
	at cucumber.runtime.Utils.invoke(Utils.java:20)
	at cucumber.runtime.java.JavaStepDefinition.execute(JavaStepDefinition.java:48)
	at cucumber.runtime.PickleStepDefinitionMatch.runStep(PickleStepDefinitionMatch.java:50)
	at cucumber.runner.TestStep.executeStep(TestStep.java:55)
	at cucumber.runner.TestStep.run(TestStep.java:42)
	at cucumber.runner.PickleStepTestStep.run(PickleStepTestStep.java:53)
	at cucumber.runner.TestCase.run(TestCase.java:47)
	at cucumber.runner.Runner.runPickle(Runner.java:44)
	at cucumber.runtime.Runtime.runFeature(Runtime.java:120)
	at cucumber.runtime.Runtime.run(Runtime.java:106)
	at cucumber.api.cli.Main.run(Main.java:35)
	at cucumber.api.cli.Main$run.call(Unknown Source)
	at com.kms.katalon.core.cucumber.keyword.CucumberBuiltinKeywords$_runFeatureFile_closure1.doCall(CucumberBuiltinKeywords.groovy:76)
	at com.kms.katalon.core.cucumber.keyword.CucumberBuiltinKeywords$_runFeatureFile_closure1.doCall(CucumberBuiltinKeywords.groovy)
	at com.kms.katalon.core.keyword.internal.KeywordMain.runKeyword(KeywordMain.groovy:66)
	at com.kms.katalon.core.keyword.internal.KeywordMain$runKeyword.call(Unknown Source)
	at com.kms.katalon.core.cucumber.keyword.CucumberBuiltinKeywords.runFeatureFile(CucumberBuiltinKeywords.groovy:46)
	at com.kms.katalon.core.cucumber.keyword.CucumberBuiltinKeywords$runFeatureFile$0.callStatic(Unknown Source)
	at com.kms.katalon.core.cucumber.keyword.CucumberBuiltinKeywords.runFeatureFile(CucumberBuiltinKeywords.groovy:101)
	at com.kms.katalon.core.cucumber.keyword.CucumberBuiltinKeywords$runFeatureFile.call(Unknown Source)
	at 019-Delete-Draft-Idea.run(019-Delete-Draft-Idea:18)
	at com.kms.katalon.core.main.ScriptEngine.run(ScriptEngine.java:194)
	at com.kms.katalon.core.main.ScriptEngine.runScriptAsRawText(ScriptEngine.java:119)
	at com.kms.katalon.core.main.TestCaseExecutor.runScript(TestCaseExecutor.java:331)
	at com.kms.katalon.core.main.TestCaseExecutor.doExecute(TestCaseExecutor.java:322)
	at com.kms.katalon.core.main.TestCaseExecutor.processExecutionPhase(TestCaseExecutor.java:301)
	at com.kms.katalon.core.main.TestCaseExecutor.accessMainPhase(TestCaseExecutor.java:293)
	at com.kms.katalon.core.main.TestCaseExecutor.execute(TestCaseExecutor.java:227)
	at com.kms.katalon.core.main.TestSuiteExecutor.accessTestCaseMainPhase(TestSuiteExecutor.java:129)
	at com.kms.katalon.core.main.TestSuiteExecutor.accessTestSuiteMainPhase(TestSuiteExecutor.java:112)
	at com.kms.katalon.core.main.TestSuiteExecutor.execute(TestSuiteExecutor.java:81)
	at com.kms.katalon.core.main.TestCaseMain.startTestSuite(TestCaseMain.java:157)
	at com.kms.katalon.core.main.TestCaseMain$startTestSuite$0.call(Unknown Source)
	at TempTestSuite1556709731988.run(TempTestSuite1556709731988.groovy:35)


2019-05-01 14:31:30 - [TEST_STEP][PASSED] - I want to open browser: I want to open browser

2019-05-01 14:31:30 - [MESSAGE][INFO] - Starting 'Chrome' driver

2019-05-01 14:31:32 - [MESSAGE][PASSED] - Browser is opened with url: ''

2019-05-01 14:31:32 - [MESSAGE][PASSED] - Delete all cookies successfully

2019-05-01 14:31:32 - [MESSAGE][PASSED] - I want to open browser

2019-05-01 14:31:32 - [TEST_STEP][PASSED] - I want to maximize window: I want to maximize window

2019-05-01 14:31:34 - [MESSAGE][PASSED] - Current window maximized

2019-05-01 14:31:34 - [MESSAGE][PASSED] - I want to maximize window

2019-05-01 14:31:34 - [TEST_STEP][PASSED] - I want to go to OOB: I want to go to OOB

2019-05-01 14:31:43 - [MESSAGE][PASSED] - Navigate to 'https://pmoadmin:P@ssw0rd@dev5.cloudapp.net/OOB2/' successfully

2019-05-01 14:31:43 - [MESSAGE][PASSED] - I want to go to OOB

2019-05-01 14:31:43 - [TEST_STEP][PASSED] - I want to verify I'm in OOB main page: I want to verify I'm in OOB main page

2019-05-01 14:31:43 - [MESSAGE][WARNING] - Timeout '0' is invalid. Using default page load timeout: '30'

2019-05-01 14:31:43 - [MESSAGE][PASSED] - Object 'Object Repository/OOBObjects/HomepageObjects/OOBSideBar' is present

2019-05-01 14:31:43 - [MESSAGE][PASSED] - I want to verify I'm in OOB main page

2019-05-01 14:31:43 - [TEST_STEP][PASSED] - I want to go to ideas list page: I want to go to ideas list page

2019-05-01 14:31:46 - [MESSAGE][PASSED] - Object: 'Object Repository/OOBObjects/HomepageObjects/IdeasList' is clicked on

2019-05-01 14:31:46 - [MESSAGE][PASSED] - I want to go to ideas list page

2019-05-01 14:31:46 - [TEST_STEP][PASSED] - I want to click on Add New button: I want to click on Add New button

2019-05-01 14:31:48 - [MESSAGE][PASSED] - Object: 'Object Repository/OOBObjects/IdeasListObjects/AddNewIdeaButton' is clicked on

2019-05-01 14:31:48 - [MESSAGE][PASSED] - I want to click on Add New button

2019-05-01 14:31:48 - [TEST_STEP][PASSED] - I want to fill idea name field: I want to fill idea name field

2019-05-01 14:31:48 - [MESSAGE][PASSED] - Text 'Automation6097' is set on object 'Object Repository/OOBObjects/IdeasListObjects/Idea-Name-Field'

2019-05-01 14:31:48 - [MESSAGE][PASSED] - I want to fill idea name field

2019-05-01 14:31:48 - [TEST_STEP][PASSED] - I want to select expected start date: I want to select expected start date

2019-05-01 14:31:48 - [MESSAGE][PASSED] - Object: 'Object Repository/OOBObjects/IdeasListObjects//GREGORIAN-Start-date-Check-Box' is clicked on

2019-05-01 14:31:48 - [MESSAGE][PASSED] - Object: 'Object Repository/OOBObjects/IdeasListObjects//Excepted-Start-Date' is clicked on

2019-05-01 14:31:48 - [MESSAGE][PASSED] - All options with index in [5] are selected on object 'Object Repository/OOBObjects/IdeasListObjects/StartDateMonthDropDwon'

2019-05-01 14:31:48 - [MESSAGE][PASSED] - Object: 'Object Repository/OOBObjects/IdeasListObjects//Day26' is hovered

2019-05-01 14:31:48 - [MESSAGE][PASSED] - Object: 'Object Repository/OOBObjects/IdeasListObjects//Day26' is clicked on

2019-05-01 14:31:48 - [MESSAGE][PASSED] - I want to select expected start date

2019-05-01 14:31:48 - [TEST_STEP][PASSED] - I want to select expected end date: I want to select expected end date

2019-05-01 14:31:48 - [MESSAGE][PASSED] - Object 'Object Repository/OOBObjects/IdeasListObjects/GREGORIAN-End-Date-Check-Box' is visible

2019-05-01 14:31:48 - [MESSAGE][PASSED] - Object: 'Object Repository/OOBObjects/IdeasListObjects/GREGORIAN-End-Date-Check-Box' is clicked on

2019-05-01 14:31:50 - [MESSAGE][PASSED] - Delayed 2 second(s)

2019-05-01 14:31:50 - [MESSAGE][PASSED] - Object: 'Object Repository/OOBObjects/IdeasListObjects/Excpected-End-Date' is hovered

2019-05-01 14:31:50 - [MESSAGE][PASSED] - Object: 'Object Repository/OOBObjects/IdeasListObjects/Excpected-End-Date' is clicked on

2019-05-01 14:31:51 - [MESSAGE][PASSED] - All options with index in [6] are selected on object 'Object Repository/OOBObjects/IdeasListObjects/EndDateMonthDropdown'

2019-05-01 14:31:51 - [MESSAGE][PASSED] - Object: 'Object Repository/OOBObjects/IdeasListObjects/EndDateDay15' is hovered

2019-05-01 14:31:51 - [MESSAGE][PASSED] - Object: 'Object Repository/OOBObjects/IdeasListObjects/EndDateDay15' is clicked on

2019-05-01 14:31:51 - [MESSAGE][PASSED] - I want to select expected end date

2019-05-01 14:31:51 - [TEST_STEP][PASSED] - I want to fill idea objective field: I want to fill idea objective field

2019-05-01 14:31:51 - [MESSAGE][PASSED] - Text 'Automation' is set on object 'Object Repository/OOBObjects/IdeasListObjects/Idea-Objective-Field'

2019-05-01 14:31:51 - [MESSAGE][PASSED] - I want to fill idea objective field

2019-05-01 14:31:51 - [TEST_STEP][PASSED] - I want to fill expected budget field: I want to fill expected budget field

2019-05-01 14:31:51 - [MESSAGE][PASSED] - Text '10000' is set on object 'Object Repository/OOBObjects/IdeasListObjects/Expected-Budget-Field'

2019-05-01 14:31:51 - [MESSAGE][PASSED] - I want to fill expected budget field

2019-05-01 14:31:51 - [TEST_STEP][PASSED] - I want to fill Notes field: I want to fill Notes field

2019-05-01 14:31:51 - [MESSAGE][PASSED] - Text 'test note' is set on object 'Object Repository/OOBObjects/IdeasListObjects/Notes-Field'

2019-05-01 14:31:51 - [MESSAGE][PASSED] - I want to fill Notes field

2019-05-01 14:31:51 - [TEST_STEP][PASSED] - I want to click save idea button: I want to click save idea button

2019-05-01 14:31:51 - [MESSAGE][WARNING] - Timeout '0' is invalid. Using default page load timeout: '30'

2019-05-01 14:31:51 - [MESSAGE][PASSED] - Object 'Object Repository/OOBObjects/IdeasListObjects/SaveIdeaButton' is present

2019-05-01 14:31:51 - [MESSAGE][WARNING] - Timeout '0' is invalid. Using default page load timeout: '30'

2019-05-01 14:31:51 - [MESSAGE][PASSED] - Object 'Object Repository/OOBObjects/IdeasListObjects/SaveIdeaButton' is clickable

2019-05-01 14:31:51 - [MESSAGE][PASSED] - Object: 'Object Repository/OOBObjects/IdeasListObjects/SaveIdeaButton' is clicked on

2019-05-01 14:31:56 - [MESSAGE][PASSED] - Delayed 5 second(s)

2019-05-01 14:31:56 - [MESSAGE][PASSED] - I want to click save idea button

2019-05-01 14:31:56 - [TEST_STEP][PASSED] - I want to wait for page load: I want to wait for page load

2019-05-01 14:31:56 - [MESSAGE][PASSED] - Wait for page load successfully

2019-05-01 14:31:56 - [MESSAGE][PASSED] - I want to wait for page load

2019-05-01 14:31:56 - [TEST_STEP][PASSED] - I want to go to ideas list page: I want to go to ideas list page

2019-05-01 14:31:58 - [MESSAGE][PASSED] - Object: 'Object Repository/OOBObjects/HomepageObjects/IdeasList' is clicked on

2019-05-01 14:31:58 - [MESSAGE][PASSED] - I want to go to ideas list page

2019-05-01 14:31:58 - [TEST_STEP][FAILED] - I want to search for idea by idea name: I want to search for idea by idea name FAILED.
Reason:
com.kms.katalon.core.exception.StepFailedException: Verify element text of test object 'Object Repository/OOBObjects/IdeasListObjects/SearchResult' FAILED.
	at com.kms.katalon.core.webui.keyword.internal.WebUIKeywordMain.stepFailed(WebUIKeywordMain.groovy:64)
	at com.kms.katalon.core.webui.keyword.internal.WebUIKeywordMain.runKeyword(WebUIKeywordMain.groovy:26)
	at com.kms.katalon.core.webui.keyword.builtin.VerifyElementTextKeyword.verifyElementText(VerifyElementTextKeyword.groovy:72)
	at com.kms.katalon.core.webui.keyword.builtin.VerifyElementTextKeyword.execute(VerifyElementTextKeyword.groovy:40)
	at com.kms.katalon.core.keyword.internal.KeywordExecutor.executeKeywordForPlatform(KeywordExecutor.groovy:56)
	at com.kms.katalon.core.webui.keyword.WebUiBuiltInKeywords.verifyElementText(WebUiBuiltInKeywords.groovy:3663)
	at com.kms.katalon.core.webui.keyword.WebUiBuiltInKeywords$verifyElementText$14.call(Unknown Source)
	at com.pmo.steps.AddIdeaSteps.searchOnSavedIdea(AddIdeaSteps.groovy:454)
	at ✽.I want to search for idea by idea name(C:/Users/HP/git/PMO-Web-Application/Include/features/Governance-Module/Add-Idea/019-Delete-Draft-Idea.feature:22)
Caused by: com.kms.katalon.core.exception.StepFailedException: Actual text 'لم يُعثر على أية سجلات' and expected text 'Automation6097' of test object 'Object Repository/OOBObjects/IdeasListObjects/SearchResult' are NOT matched.
	at com.kms.katalon.core.webui.keyword.internal.WebUIKeywordMain.stepFailed(WebUIKeywordMain.groovy:64)
	at com.kms.katalon.core.webui.keyword.builtin.VerifyElementTextKeyword$_verifyElementText_closure1.doCall(VerifyElementTextKeyword.groovy:57)
	at com.kms.katalon.core.webui.keyword.builtin.VerifyElementTextKeyword$_verifyElementText_closure1.call(VerifyElementTextKeyword.groovy)
	at com.kms.katalon.core.webui.keyword.internal.WebUIKeywordMain.runKeyword(WebUIKeywordMain.groovy:20)
	at com.kms.katalon.core.webui.keyword.builtin.VerifyElementTextKeyword.verifyElementText(VerifyElementTextKeyword.groovy:72)
	at com.kms.katalon.core.webui.keyword.builtin.VerifyElementTextKeyword.execute(VerifyElementTextKeyword.groovy:40)
	at com.kms.katalon.core.keyword.internal.KeywordExecutor.executeKeywordForPlatform(KeywordExecutor.groovy:56)
	at com.kms.katalon.core.webui.keyword.WebUiBuiltInKeywords.verifyElementText(WebUiBuiltInKeywords.groovy:3663)
	at com.kms.katalon.core.webui.keyword.WebUiBuiltInKeywords$verifyElementText$14.call(Unknown Source)
	at com.pmo.steps.AddIdeaSteps.searchOnSavedIdea(AddIdeaSteps.groovy:454)
	at cucumber.runtime.Utils$1.call(Utils.java:26)
	at cucumber.runtime.Timeout.timeout(Timeout.java:16)
	at cucumber.runtime.Utils.invoke(Utils.java:20)
	at cucumber.runtime.java.JavaStepDefinition.execute(JavaStepDefinition.java:48)
	at cucumber.runtime.PickleStepDefinitionMatch.runStep(PickleStepDefinitionMatch.java:50)
	at cucumber.runner.TestStep.executeStep(TestStep.java:55)
	at cucumber.runner.TestStep.run(TestStep.java:42)
	at cucumber.runner.PickleStepTestStep.run(PickleStepTestStep.java:53)
	at cucumber.runner.TestCase.run(TestCase.java:47)
	at cucumber.runner.Runner.runPickle(Runner.java:44)
	at cucumber.runtime.Runtime.runFeature(Runtime.java:120)
	at cucumber.runtime.Runtime.run(Runtime.java:106)
	at cucumber.api.cli.Main.run(Main.java:35)
	at cucumber.api.cli.Main$run.call(Unknown Source)
	at com.kms.katalon.core.cucumber.keyword.CucumberBuiltinKeywords$_runFeatureFile_closure1.doCall(CucumberBuiltinKeywords.groovy:76)
	at com.kms.katalon.core.cucumber.keyword.CucumberBuiltinKeywords$_runFeatureFile_closure1.doCall(CucumberBuiltinKeywords.groovy)
	at com.kms.katalon.core.keyword.internal.KeywordMain.runKeyword(KeywordMain.groovy:66)
	at com.kms.katalon.core.keyword.internal.KeywordMain$runKeyword.call(Unknown Source)
	at com.kms.katalon.core.cucumber.keyword.CucumberBuiltinKeywords.runFeatureFile(CucumberBuiltinKeywords.groovy:46)
	at com.kms.katalon.core.cucumber.keyword.CucumberBuiltinKeywords$runFeatureFile$0.callStatic(Unknown Source)
	at com.kms.katalon.core.cucumber.keyword.CucumberBuiltinKeywords.runFeatureFile(CucumberBuiltinKeywords.groovy:101)
	at com.kms.katalon.core.cucumber.keyword.CucumberBuiltinKeywords$runFeatureFile.call(Unknown Source)
	at 019-Delete-Draft-Idea.run(019-Delete-Draft-Idea:18)
	at com.kms.katalon.core.main.ScriptEngine.run(ScriptEngine.java:194)
	at com.kms.katalon.core.main.ScriptEngine.runScriptAsRawText(ScriptEngine.java:119)
	at com.kms.katalon.core.main.TestCaseExecutor.runScript(TestCaseExecutor.java:331)
	at com.kms.katalon.core.main.TestCaseExecutor.doExecute(TestCaseExecutor.java:322)
	at com.kms.katalon.core.main.TestCaseExecutor.processExecutionPhase(TestCaseExecutor.java:301)
	at com.kms.katalon.core.main.TestCaseExecutor.accessMainPhase(TestCaseExecutor.java:293)
	at com.kms.katalon.core.main.TestCaseExecutor.execute(TestCaseExecutor.java:227)
	at com.kms.katalon.core.main.TestSuiteExecutor.accessTestCaseMainPhase(TestSuiteExecutor.java:129)
	at com.kms.katalon.core.main.TestSuiteExecutor.accessTestSuiteMainPhase(TestSuiteExecutor.java:112)
	at com.kms.katalon.core.main.TestSuiteExecutor.execute(TestSuiteExecutor.java:81)
	at com.kms.katalon.core.main.TestCaseMain.startTestSuite(TestCaseMain.java:157)
	at com.kms.katalon.core.main.TestCaseMain$startTestSuite$0.call(Unknown Source)
	at TempTestSuite1556709731988.run(TempTestSuite1556709731988.groovy:35)


2019-05-01 14:31:58 - [MESSAGE][PASSED] - Text 'Automation6097' is set on object 'Object Repository/OOBObjects/IdeasListObjects/SearchField'

2019-05-01 14:32:00 - [MESSAGE][FAILED] - Actual text 'لم يُعثر على أية سجلات' and expected text 'Automation6097' of test object 'Object Repository/OOBObjects/IdeasListObjects/SearchResult' are NOT matched. (Root cause: com.kms.katalon.core.exception.StepFailedException: Actual text 'لم يُعثر على أية سجلات' and expected text 'Automation6097' of test object 'Object Repository/OOBObjects/IdeasListObjects/SearchResult' are NOT matched.
	at com.kms.katalon.core.webui.keyword.internal.WebUIKeywordMain.stepFailed(WebUIKeywordMain.groovy:64)
	at com.kms.katalon.core.webui.keyword.builtin.VerifyElementTextKeyword$_verifyElementText_closure1.doCall(VerifyElementTextKeyword.groovy:57)
	at com.kms.katalon.core.webui.keyword.builtin.VerifyElementTextKeyword$_verifyElementText_closure1.call(VerifyElementTextKeyword.groovy)
	at com.kms.katalon.core.webui.keyword.internal.WebUIKeywordMain.runKeyword(WebUIKeywordMain.groovy:20)
	at com.kms.katalon.core.webui.keyword.builtin.VerifyElementTextKeyword.verifyElementText(VerifyElementTextKeyword.groovy:72)
	at com.kms.katalon.core.webui.keyword.builtin.VerifyElementTextKeyword.execute(VerifyElementTextKeyword.groovy:40)
	at com.kms.katalon.core.keyword.internal.KeywordExecutor.executeKeywordForPlatform(KeywordExecutor.groovy:56)
	at com.kms.katalon.core.webui.keyword.WebUiBuiltInKeywords.verifyElementText(WebUiBuiltInKeywords.groovy:3663)
	at com.kms.katalon.core.webui.keyword.WebUiBuiltInKeywords$verifyElementText$14.call(Unknown Source)
	at com.pmo.steps.AddIdeaSteps.searchOnSavedIdea(AddIdeaSteps.groovy:454)
	at cucumber.runtime.Utils$1.call(Utils.java:26)
	at cucumber.runtime.Timeout.timeout(Timeout.java:16)
	at cucumber.runtime.Utils.invoke(Utils.java:20)
	at cucumber.runtime.java.JavaStepDefinition.execute(JavaStepDefinition.java:48)
	at cucumber.runtime.PickleStepDefinitionMatch.runStep(PickleStepDefinitionMatch.java:50)
	at cucumber.runner.TestStep.executeStep(TestStep.java:55)
	at cucumber.runner.TestStep.run(TestStep.java:42)
	at cucumber.runner.PickleStepTestStep.run(PickleStepTestStep.java:53)
	at cucumber.runner.TestCase.run(TestCase.java:47)
	at cucumber.runner.Runner.runPickle(Runner.java:44)
	at cucumber.runtime.Runtime.runFeature(Runtime.java:120)
	at cucumber.runtime.Runtime.run(Runtime.java:106)
	at cucumber.api.cli.Main.run(Main.java:35)
	at cucumber.api.cli.Main$run.call(Unknown Source)
	at com.kms.katalon.core.cucumber.keyword.CucumberBuiltinKeywords$_runFeatureFile_closure1.doCall(CucumberBuiltinKeywords.groovy:76)
	at com.kms.katalon.core.cucumber.keyword.CucumberBuiltinKeywords$_runFeatureFile_closure1.doCall(CucumberBuiltinKeywords.groovy)
	at com.kms.katalon.core.keyword.internal.KeywordMain.runKeyword(KeywordMain.groovy:66)
	at com.kms.katalon.core.keyword.internal.KeywordMain$runKeyword.call(Unknown Source)
	at com.kms.katalon.core.cucumber.keyword.CucumberBuiltinKeywords.runFeatureFile(CucumberBuiltinKeywords.groovy:46)
	at com.kms.katalon.core.cucumber.keyword.CucumberBuiltinKeywords$runFeatureFile$0.callStatic(Unknown Source)
	at com.kms.katalon.core.cucumber.keyword.CucumberBuiltinKeywords.runFeatureFile(CucumberBuiltinKeywords.groovy:101)
	at com.kms.katalon.core.cucumber.keyword.CucumberBuiltinKeywords$runFeatureFile.call(Unknown Source)
	at 019-Delete-Draft-Idea.run(019-Delete-Draft-Idea:18)
	at com.kms.katalon.core.main.ScriptEngine.run(ScriptEngine.java:194)
	at com.kms.katalon.core.main.ScriptEngine.runScriptAsRawText(ScriptEngine.java:119)
	at com.kms.katalon.core.main.TestCaseExecutor.runScript(TestCaseExecutor.java:331)
	at com.kms.katalon.core.main.TestCaseExecutor.doExecute(TestCaseExecutor.java:322)
	at com.kms.katalon.core.main.TestCaseExecutor.processExecutionPhase(TestCaseExecutor.java:301)
	at com.kms.katalon.core.main.TestCaseExecutor.accessMainPhase(TestCaseExecutor.java:293)
	at com.kms.katalon.core.main.TestCaseExecutor.execute(TestCaseExecutor.java:227)
	at com.kms.katalon.core.main.TestSuiteExecutor.accessTestCaseMainPhase(TestSuiteExecutor.java:129)
	at com.kms.katalon.core.main.TestSuiteExecutor.accessTestSuiteMainPhase(TestSuiteExecutor.java:112)
	at com.kms.katalon.core.main.TestSuiteExecutor.execute(TestSuiteExecutor.java:81)
	at com.kms.katalon.core.main.TestCaseMain.startTestSuite(TestCaseMain.java:157)
	at com.kms.katalon.core.main.TestCaseMain$startTestSuite$0.call(Unknown Source)
	at TempTestSuite1556709731988.run(TempTestSuite1556709731988.groovy:35)
)
[[ATTACHMENT|C:\\Users\\HP\\git\\PMO-Web-Application\\Reports\\First-Test-Suite\\20190501_142211\\1556710320246.png]]

2019-05-01 14:32:00 - [MESSAGE][FAILED] - Verify element text of test object 'Object Repository/OOBObjects/IdeasListObjects/SearchResult' FAILED. (Root cause: com.kms.katalon.core.exception.StepFailedException: Verify element text of test object 'Object Repository/OOBObjects/IdeasListObjects/SearchResult' FAILED.
	at com.kms.katalon.core.webui.keyword.internal.WebUIKeywordMain.stepFailed(WebUIKeywordMain.groovy:64)
	at com.kms.katalon.core.webui.keyword.internal.WebUIKeywordMain.runKeyword(WebUIKeywordMain.groovy:26)
	at com.kms.katalon.core.webui.keyword.builtin.VerifyElementTextKeyword.verifyElementText(VerifyElementTextKeyword.groovy:72)
	at com.kms.katalon.core.webui.keyword.builtin.VerifyElementTextKeyword.execute(VerifyElementTextKeyword.groovy:40)
	at com.kms.katalon.core.keyword.internal.KeywordExecutor.executeKeywordForPlatform(KeywordExecutor.groovy:56)
	at com.kms.katalon.core.webui.keyword.WebUiBuiltInKeywords.verifyElementText(WebUiBuiltInKeywords.groovy:3663)
	at com.kms.katalon.core.webui.keyword.WebUiBuiltInKeywords$verifyElementText$14.call(Unknown Source)
	at com.pmo.steps.AddIdeaSteps.searchOnSavedIdea(AddIdeaSteps.groovy:454)
	at cucumber.runtime.Utils$1.call(Utils.java:26)
	at cucumber.runtime.Timeout.timeout(Timeout.java:16)
	at cucumber.runtime.Utils.invoke(Utils.java:20)
	at cucumber.runtime.java.JavaStepDefinition.execute(JavaStepDefinition.java:48)
	at cucumber.runtime.PickleStepDefinitionMatch.runStep(PickleStepDefinitionMatch.java:50)
	at cucumber.runner.TestStep.executeStep(TestStep.java:55)
	at cucumber.runner.TestStep.run(TestStep.java:42)
	at cucumber.runner.PickleStepTestStep.run(PickleStepTestStep.java:53)
	at cucumber.runner.TestCase.run(TestCase.java:47)
	at cucumber.runner.Runner.runPickle(Runner.java:44)
	at cucumber.runtime.Runtime.runFeature(Runtime.java:120)
	at cucumber.runtime.Runtime.run(Runtime.java:106)
	at cucumber.api.cli.Main.run(Main.java:35)
	at cucumber.api.cli.Main$run.call(Unknown Source)
	at com.kms.katalon.core.cucumber.keyword.CucumberBuiltinKeywords$_runFeatureFile_closure1.doCall(CucumberBuiltinKeywords.groovy:76)
	at com.kms.katalon.core.cucumber.keyword.CucumberBuiltinKeywords$_runFeatureFile_closure1.doCall(CucumberBuiltinKeywords.groovy)
	at com.kms.katalon.core.keyword.internal.KeywordMain.runKeyword(KeywordMain.groovy:66)
	at com.kms.katalon.core.keyword.internal.KeywordMain$runKeyword.call(Unknown Source)
	at com.kms.katalon.core.cucumber.keyword.CucumberBuiltinKeywords.runFeatureFile(CucumberBuiltinKeywords.groovy:46)
	at com.kms.katalon.core.cucumber.keyword.CucumberBuiltinKeywords$runFeatureFile$0.callStatic(Unknown Source)
	at com.kms.katalon.core.cucumber.keyword.CucumberBuiltinKeywords.runFeatureFile(CucumberBuiltinKeywords.groovy:101)
	at com.kms.katalon.core.cucumber.keyword.CucumberBuiltinKeywords$runFeatureFile.call(Unknown Source)
	at 019-Delete-Draft-Idea.run(019-Delete-Draft-Idea:18)
	at com.kms.katalon.core.main.ScriptEngine.run(ScriptEngine.java:194)
	at com.kms.katalon.core.main.ScriptEngine.runScriptAsRawText(ScriptEngine.java:119)
	at com.kms.katalon.core.main.TestCaseExecutor.runScript(TestCaseExecutor.java:331)
	at com.kms.katalon.core.main.TestCaseExecutor.doExecute(TestCaseExecutor.java:322)
	at com.kms.katalon.core.main.TestCaseExecutor.processExecutionPhase(TestCaseExecutor.java:301)
	at com.kms.katalon.core.main.TestCaseExecutor.accessMainPhase(TestCaseExecutor.java:293)
	at com.kms.katalon.core.main.TestCaseExecutor.execute(TestCaseExecutor.java:227)
	at com.kms.katalon.core.main.TestSuiteExecutor.accessTestCaseMainPhase(TestSuiteExecutor.java:129)
	at com.kms.katalon.core.main.TestSuiteExecutor.accessTestSuiteMainPhase(TestSuiteExecutor.java:112)
	at com.kms.katalon.core.main.TestSuiteExecutor.execute(TestSuiteExecutor.java:81)
	at com.kms.katalon.core.main.TestCaseMain.startTestSuite(TestCaseMain.java:157)
	at com.kms.katalon.core.main.TestCaseMain$startTestSuite$0.call(Unknown Source)
	at TempTestSuite1556709731988.run(TempTestSuite1556709731988.groovy:35)
Caused by: com.kms.katalon.core.exception.StepFailedException: Actual text 'لم يُعثر على أية سجلات' and expected text 'Automation6097' of test object 'Object Repository/OOBObjects/IdeasListObjects/SearchResult' are NOT matched.
	at com.kms.katalon.core.webui.keyword.internal.WebUIKeywordMain.stepFailed(WebUIKeywordMain.groovy:64)
	at com.kms.katalon.core.webui.keyword.builtin.VerifyElementTextKeyword$_verifyElementText_closure1.doCall(VerifyElementTextKeyword.groovy:57)
	at com.kms.katalon.core.webui.keyword.builtin.VerifyElementTextKeyword$_verifyElementText_closure1.call(VerifyElementTextKeyword.groovy)
	at com.kms.katalon.core.webui.keyword.internal.WebUIKeywordMain.runKeyword(WebUIKeywordMain.groovy:20)
	... 42 more
)
[[ATTACHMENT|C:\\Users\\HP\\git\\PMO-Web-Application\\Reports\\First-Test-Suite\\20190501_142211\\1556710320553.png]]

2019-05-01 14:32:00 - [MESSAGE][FAILED] - I want to search for idea by idea name FAILED.
Reason:
com.kms.katalon.core.exception.StepFailedException: Verify element text of test object 'Object Repository/OOBObjects/IdeasListObjects/SearchResult' FAILED.
	at com.kms.katalon.core.webui.keyword.internal.WebUIKeywordMain.stepFailed(WebUIKeywordMain.groovy:64)
	at com.kms.katalon.core.webui.keyword.internal.WebUIKeywordMain.runKeyword(WebUIKeywordMain.groovy:26)
	at com.kms.katalon.core.webui.keyword.builtin.VerifyElementTextKeyword.verifyElementText(VerifyElementTextKeyword.groovy:72)
	at com.kms.katalon.core.webui.keyword.builtin.VerifyElementTextKeyword.execute(VerifyElementTextKeyword.groovy:40)
	at com.kms.katalon.core.keyword.internal.KeywordExecutor.executeKeywordForPlatform(KeywordExecutor.groovy:56)
	at com.kms.katalon.core.webui.keyword.WebUiBuiltInKeywords.verifyElementText(WebUiBuiltInKeywords.groovy:3663)
	at com.kms.katalon.core.webui.keyword.WebUiBuiltInKeywords$verifyElementText$14.call(Unknown Source)
	at com.pmo.steps.AddIdeaSteps.searchOnSavedIdea(AddIdeaSteps.groovy:454)
	at ✽.I want to search for idea by idea name(C:/Users/HP/git/PMO-Web-Application/Include/features/Governance-Module/Add-Idea/019-Delete-Draft-Idea.feature:22)
Caused by: com.kms.katalon.core.exception.StepFailedException: Actual text 'لم يُعثر على أية سجلات' and expected text 'Automation6097' of test object 'Object Repository/OOBObjects/IdeasListObjects/SearchResult' are NOT matched.
	at com.kms.katalon.core.webui.keyword.internal.WebUIKeywordMain.stepFailed(WebUIKeywordMain.groovy:64)
	at com.kms.katalon.core.webui.keyword.builtin.VerifyElementTextKeyword$_verifyElementText_closure1.doCall(VerifyElementTextKeyword.groovy:57)
	at com.kms.katalon.core.webui.keyword.builtin.VerifyElementTextKeyword$_verifyElementText_closure1.call(VerifyElementTextKeyword.groovy)
	at com.kms.katalon.core.webui.keyword.internal.WebUIKeywordMain.runKeyword(WebUIKeywordMain.groovy:20)
	at com.kms.katalon.core.webui.keyword.builtin.VerifyElementTextKeyword.verifyElementText(VerifyElementTextKeyword.groovy:72)
	at com.kms.katalon.core.webui.keyword.builtin.VerifyElementTextKeyword.execute(VerifyElementTextKeyword.groovy:40)
	at com.kms.katalon.core.keyword.internal.KeywordExecutor.executeKeywordForPlatform(KeywordExecutor.groovy:56)
	at com.kms.katalon.core.webui.keyword.WebUiBuiltInKeywords.verifyElementText(WebUiBuiltInKeywords.groovy:3663)
	at com.kms.katalon.core.webui.keyword.WebUiBuiltInKeywords$verifyElementText$14.call(Unknown Source)
	at com.pmo.steps.AddIdeaSteps.searchOnSavedIdea(AddIdeaSteps.groovy:454)
	at cucumber.runtime.Utils$1.call(Utils.java:26)
	at cucumber.runtime.Timeout.timeout(Timeout.java:16)
	at cucumber.runtime.Utils.invoke(Utils.java:20)
	at cucumber.runtime.java.JavaStepDefinition.execute(JavaStepDefinition.java:48)
	at cucumber.runtime.PickleStepDefinitionMatch.runStep(PickleStepDefinitionMatch.java:50)
	at cucumber.runner.TestStep.executeStep(TestStep.java:55)
	at cucumber.runner.TestStep.run(TestStep.java:42)
	at cucumber.runner.PickleStepTestStep.run(PickleStepTestStep.java:53)
	at cucumber.runner.TestCase.run(TestCase.java:47)
	at cucumber.runner.Runner.runPickle(Runner.java:44)
	at cucumber.runtime.Runtime.runFeature(Runtime.java:120)
	at cucumber.runtime.Runtime.run(Runtime.java:106)
	at cucumber.api.cli.Main.run(Main.java:35)
	at cucumber.api.cli.Main$run.call(Unknown Source)
	at com.kms.katalon.core.cucumber.keyword.CucumberBuiltinKeywords$_runFeatureFile_closure1.doCall(CucumberBuiltinKeywords.groovy:76)
	at com.kms.katalon.core.cucumber.keyword.CucumberBuiltinKeywords$_runFeatureFile_closure1.doCall(CucumberBuiltinKeywords.groovy)
	at com.kms.katalon.core.keyword.internal.KeywordMain.runKeyword(KeywordMain.groovy:66)
	at com.kms.katalon.core.keyword.internal.KeywordMain$runKeyword.call(Unknown Source)
	at com.kms.katalon.core.cucumber.keyword.CucumberBuiltinKeywords.runFeatureFile(CucumberBuiltinKeywords.groovy:46)
	at com.kms.katalon.core.cucumber.keyword.CucumberBuiltinKeywords$runFeatureFile$0.callStatic(Unknown Source)
	at com.kms.katalon.core.cucumber.keyword.CucumberBuiltinKeywords.runFeatureFile(CucumberBuiltinKeywords.groovy:101)
	at com.kms.katalon.core.cucumber.keyword.CucumberBuiltinKeywords$runFeatureFile.call(Unknown Source)
	at 019-Delete-Draft-Idea.run(019-Delete-Draft-Idea:18)
	at com.kms.katalon.core.main.ScriptEngine.run(ScriptEngine.java:194)
	at com.kms.katalon.core.main.ScriptEngine.runScriptAsRawText(ScriptEngine.java:119)
	at com.kms.katalon.core.main.TestCaseExecutor.runScript(TestCaseExecutor.java:331)
	at com.kms.katalon.core.main.TestCaseExecutor.doExecute(TestCaseExecutor.java:322)
	at com.kms.katalon.core.main.TestCaseExecutor.processExecutionPhase(TestCaseExecutor.java:301)
	at com.kms.katalon.core.main.TestCaseExecutor.accessMainPhase(TestCaseExecutor.java:293)
	at com.kms.katalon.core.main.TestCaseExecutor.execute(TestCaseExecutor.java:227)
	at com.kms.katalon.core.main.TestSuiteExecutor.accessTestCaseMainPhase(TestSuiteExecutor.java:129)
	at com.kms.katalon.core.main.TestSuiteExecutor.accessTestSuiteMainPhase(TestSuiteExecutor.java:112)
	at com.kms.katalon.core.main.TestSuiteExecutor.execute(TestSuiteExecutor.java:81)
	at com.kms.katalon.core.main.TestCaseMain.startTestSuite(TestCaseMain.java:157)
	at com.kms.katalon.core.main.TestCaseMain$startTestSuite$0.call(Unknown Source)
	at TempTestSuite1556709731988.run(TempTestSuite1556709731988.groovy:35)


2019-05-01 14:32:00 - [TEST_STEP][NOT_RUN] - I want to click on delete idea icon: I want to click on delete idea icon

2019-05-01 14:32:00 - [MESSAGE][NOT_RUN] - I want to click on delete idea icon

2019-05-01 14:32:00 - [TEST_STEP][NOT_RUN] - I want to check idea has been deleted: I want to check idea has been deleted

2019-05-01 14:32:00 - [MESSAGE][NOT_RUN] - I want to check idea has been deleted

2019-05-01 14:32:00 - [TEST_STEP][NOT_RUN] - I want to close browser: I want to close browser

2019-05-01 14:32:00 - [MESSAGE][NOT_RUN] - I want to close browser

2019-05-01 14:32:00 - [MESSAGE][FAILED] - Feature file 'Include/features/Governance-Module/Add-Idea/019-Delete-Draft-Idea.feature' was failed

2019-05-01 14:32:00 - [MESSAGE][FAILED] - Keyword runFeatureFile was failed (Root cause: com.kms.katalon.core.exception.StepFailedException: Feature file 'Include/features/Governance-Module/Add-Idea/019-Delete-Draft-Idea.feature' was failed
	at com.kms.katalon.core.keyword.internal.KeywordMain.stepFailed(KeywordMain.groovy:48)
	at com.kms.katalon.core.keyword.internal.KeywordMain.stepFailed(KeywordMain.groovy)
	at com.kms.katalon.core.keyword.internal.KeywordMain.stepFailed(KeywordMain.groovy:21)
	at com.kms.katalon.core.keyword.internal.KeywordMain$stepFailed$0.call(Unknown Source)
	at com.kms.katalon.core.cucumber.keyword.CucumberBuiltinKeywords$_runFeatureFile_closure1.doCall(CucumberBuiltinKeywords.groovy:82)
	at com.kms.katalon.core.cucumber.keyword.CucumberBuiltinKeywords$_runFeatureFile_closure1.doCall(CucumberBuiltinKeywords.groovy)
	at com.kms.katalon.core.keyword.internal.KeywordMain.runKeyword(KeywordMain.groovy:66)
	at com.kms.katalon.core.keyword.internal.KeywordMain$runKeyword.call(Unknown Source)
	at com.kms.katalon.core.cucumber.keyword.CucumberBuiltinKeywords.runFeatureFile(CucumberBuiltinKeywords.groovy:46)
	at com.kms.katalon.core.cucumber.keyword.CucumberBuiltinKeywords$runFeatureFile$0.callStatic(Unknown Source)
	at com.kms.katalon.core.cucumber.keyword.CucumberBuiltinKeywords.runFeatureFile(CucumberBuiltinKeywords.groovy:101)
	at com.kms.katalon.core.cucumber.keyword.CucumberBuiltinKeywords$runFeatureFile.call(Unknown Source)
	at 019-Delete-Draft-Idea.run(019-Delete-Draft-Idea:18)
	at com.kms.katalon.core.main.ScriptEngine.run(ScriptEngine.java:194)
	at com.kms.katalon.core.main.ScriptEngine.runScriptAsRawText(ScriptEngine.java:119)
	at com.kms.katalon.core.main.TestCaseExecutor.runScript(TestCaseExecutor.java:331)
	at com.kms.katalon.core.main.TestCaseExecutor.doExecute(TestCaseExecutor.java:322)
	at com.kms.katalon.core.main.TestCaseExecutor.processExecutionPhase(TestCaseExecutor.java:301)
	at com.kms.katalon.core.main.TestCaseExecutor.accessMainPhase(TestCaseExecutor.java:293)
	at com.kms.katalon.core.main.TestCaseExecutor.execute(TestCaseExecutor.java:227)
	at com.kms.katalon.core.main.TestSuiteExecutor.accessTestCaseMainPhase(TestSuiteExecutor.java:129)
	at com.kms.katalon.core.main.TestSuiteExecutor.accessTestSuiteMainPhase(TestSuiteExecutor.java:112)
	at com.kms.katalon.core.main.TestSuiteExecutor.execute(TestSuiteExecutor.java:81)
	at com.kms.katalon.core.main.TestCaseMain.startTestSuite(TestCaseMain.java:157)
	at com.kms.katalon.core.main.TestCaseMain$startTestSuite$0.call(Unknown Source)
	at TempTestSuite1556709731988.run(TempTestSuite1556709731988.groovy:35)
)

2019-05-01 14:32:00 - [MESSAGE][FAILED] - runFeatureFile("Include/features/Governance-Module/Add-Idea/019-Delete-Draft-Idea.feature") FAILED.
Reason:
com.kms.katalon.core.exception.StepFailedException: Feature file 'Include/features/Governance-Module/Add-Idea/019-Delete-Draft-Idea.feature' was failed
	at com.kms.katalon.core.keyword.internal.KeywordMain.stepFailed(KeywordMain.groovy:48)
	at com.kms.katalon.core.keyword.internal.KeywordMain.stepFailed(KeywordMain.groovy)
	at com.kms.katalon.core.keyword.internal.KeywordMain.stepFailed(KeywordMain.groovy:21)
	at com.kms.katalon.core.keyword.internal.KeywordMain$stepFailed$0.call(Unknown Source)
	at com.kms.katalon.core.cucumber.keyword.CucumberBuiltinKeywords$_runFeatureFile_closure1.doCall(CucumberBuiltinKeywords.groovy:82)
	at com.kms.katalon.core.cucumber.keyword.CucumberBuiltinKeywords$_runFeatureFile_closure1.doCall(CucumberBuiltinKeywords.groovy)
	at com.kms.katalon.core.keyword.internal.KeywordMain.runKeyword(KeywordMain.groovy:66)
	at com.kms.katalon.core.keyword.internal.KeywordMain$runKeyword.call(Unknown Source)
	at com.kms.katalon.core.cucumber.keyword.CucumberBuiltinKeywords.runFeatureFile(CucumberBuiltinKeywords.groovy:46)
	at com.kms.katalon.core.cucumber.keyword.CucumberBuiltinKeywords$runFeatureFile$0.callStatic(Unknown Source)
	at com.kms.katalon.core.cucumber.keyword.CucumberBuiltinKeywords.runFeatureFile(CucumberBuiltinKeywords.groovy:101)
	at com.kms.katalon.core.cucumber.keyword.CucumberBuiltinKeywords$runFeatureFile.call(Unknown Source)
	at 019-Delete-Draft-Idea.run(019-Delete-Draft-Idea:18)
	at com.kms.katalon.core.main.ScriptEngine.run(ScriptEngine.java:194)
	at com.kms.katalon.core.main.ScriptEngine.runScriptAsRawText(ScriptEngine.java:119)
	at com.kms.katalon.core.main.TestCaseExecutor.runScript(TestCaseExecutor.java:331)
	at com.kms.katalon.core.main.TestCaseExecutor.doExecute(TestCaseExecutor.java:322)
	at com.kms.katalon.core.main.TestCaseExecutor.processExecutionPhase(TestCaseExecutor.java:301)
	at com.kms.katalon.core.main.TestCaseExecutor.accessMainPhase(TestCaseExecutor.java:293)
	at com.kms.katalon.core.main.TestCaseExecutor.execute(TestCaseExecutor.java:227)
	at com.kms.katalon.core.main.TestSuiteExecutor.accessTestCaseMainPhase(TestSuiteExecutor.java:129)
	at com.kms.katalon.core.main.TestSuiteExecutor.accessTestSuiteMainPhase(TestSuiteExecutor.java:112)
	at com.kms.katalon.core.main.TestSuiteExecutor.execute(TestSuiteExecutor.java:81)
	at com.kms.katalon.core.main.TestCaseMain.startTestSuite(TestCaseMain.java:157)
	at com.kms.katalon.core.main.TestCaseMain$startTestSuite$0.call(Unknown Source)
	at TempTestSuite1556709731988.run(TempTestSuite1556709731988.groovy:35)]]></system-out>
         <system-err><![CDATA[2019-05-01 14:31:30 - [TEST_CASE][FAILED] - Test Cases/Main-Test-Cases/019-Delete-Draft-Idea: Test Cases/Main-Test-Cases/019-Delete-Draft-Idea FAILED.
Reason:
com.kms.katalon.core.exception.StepFailedException: Feature file 'Include/features/Governance-Module/Add-Idea/019-Delete-Draft-Idea.feature' was failed
	at com.kms.katalon.core.keyword.internal.KeywordMain.stepFailed(KeywordMain.groovy:48)
	at com.kms.katalon.core.keyword.internal.KeywordMain.stepFailed(KeywordMain.groovy)
	at com.kms.katalon.core.keyword.internal.KeywordMain.stepFailed(KeywordMain.groovy:21)
	at com.kms.katalon.core.keyword.internal.KeywordMain$stepFailed$0.call(Unknown Source)
	at com.kms.katalon.core.cucumber.keyword.CucumberBuiltinKeywords$_runFeatureFile_closure1.doCall(CucumberBuiltinKeywords.groovy:82)
	at com.kms.katalon.core.cucumber.keyword.CucumberBuiltinKeywords$_runFeatureFile_closure1.doCall(CucumberBuiltinKeywords.groovy)
	at com.kms.katalon.core.keyword.internal.KeywordMain.runKeyword(KeywordMain.groovy:66)
	at com.kms.katalon.core.keyword.internal.KeywordMain$runKeyword.call(Unknown Source)
	at com.kms.katalon.core.cucumber.keyword.CucumberBuiltinKeywords.runFeatureFile(CucumberBuiltinKeywords.groovy:46)
	at com.kms.katalon.core.cucumber.keyword.CucumberBuiltinKeywords$runFeatureFile$0.callStatic(Unknown Source)
	at com.kms.katalon.core.cucumber.keyword.CucumberBuiltinKeywords.runFeatureFile(CucumberBuiltinKeywords.groovy:101)
	at com.kms.katalon.core.cucumber.keyword.CucumberBuiltinKeywords$runFeatureFile.call(Unknown Source)
	at 019-Delete-Draft-Idea.run(019-Delete-Draft-Idea:18)
	at com.kms.katalon.core.main.ScriptEngine.run(ScriptEngine.java:194)
	at com.kms.katalon.core.main.ScriptEngine.runScriptAsRawText(ScriptEngine.java:119)
	at com.kms.katalon.core.main.TestCaseExecutor.runScript(TestCaseExecutor.java:331)
	at com.kms.katalon.core.main.TestCaseExecutor.doExecute(TestCaseExecutor.java:322)
	at com.kms.katalon.core.main.TestCaseExecutor.processExecutionPhase(TestCaseExecutor.java:301)
	at com.kms.katalon.core.main.TestCaseExecutor.accessMainPhase(TestCaseExecutor.java:293)
	at com.kms.katalon.core.main.TestCaseExecutor.execute(TestCaseExecutor.java:227)
	at com.kms.katalon.core.main.TestSuiteExecutor.accessTestCaseMainPhase(TestSuiteExecutor.java:129)
	at com.kms.katalon.core.main.TestSuiteExecutor.accessTestSuiteMainPhase(TestSuiteExecutor.java:112)
	at com.kms.katalon.core.main.TestSuiteExecutor.execute(TestSuiteExecutor.java:81)
	at com.kms.katalon.core.main.TestCaseMain.startTestSuite(TestCaseMain.java:157)
	at com.kms.katalon.core.main.TestCaseMain$startTestSuite$0.call(Unknown Source)
	at TempTestSuite1556709731988.run(TempTestSuite1556709731988.groovy:35)]]></system-err>
      </testcase>
      <testcase name="Test Cases/Main-Test-Cases/020-Update-Draft-Idea" classname="Test Cases/Main-Test-Cases/020-Update-Draft-Idea" status="PASSED">
         <system-out><![CDATA[2019-05-01 14:32:00 - [TEST_CASE][PASSED] - Test Cases/Main-Test-Cases/020-Update-Draft-Idea: Test Cases/Main-Test-Cases/020-Update-Draft-Idea

2019-05-01 14:32:00 - [TEST_STEP][PASSED] - runFeatureFile("Include/features/Governance-Module/Add-Idea/020-Update-Draft-Idea.feature"): Feature file: 'Include/features/Governance-Module/Add-Idea/020-Update-Draft-Idea.feature' was passed

2019-05-01 14:32:00 - [MESSAGE][INFO] - Starting run keyword runFeatureFile: 'Include/features/Governance-Module/Add-Idea/020-Update-Draft-Idea.feature' and extract report to folder: 'C:\Users\HP\git\PMO-Web-Application\Reports\First-Test-Suite\20190501_142211/cucumber_report/1556710320914'...

2019-05-01 14:32:01 - [TEST_CASE][PASSED] - Start Test Case : SCENARIO Verify updating draft idea: SCENARIO Verify updating draft idea

2019-05-01 14:32:01 - [TEST_STEP][PASSED] - I want to open browser: I want to open browser

2019-05-01 14:32:01 - [MESSAGE][WARNING] - A browser is already opened. Closing browser and opening a new one

2019-05-01 14:32:01 - [MESSAGE][INFO] - Starting 'Chrome' driver

2019-05-01 14:32:03 - [MESSAGE][PASSED] - Browser is opened with url: ''

2019-05-01 14:32:03 - [MESSAGE][PASSED] - Delete all cookies successfully

2019-05-01 14:32:03 - [MESSAGE][PASSED] - I want to open browser

2019-05-01 14:32:03 - [TEST_STEP][PASSED] - I want to maximize window: I want to maximize window

2019-05-01 14:32:04 - [MESSAGE][PASSED] - Current window maximized

2019-05-01 14:32:04 - [MESSAGE][PASSED] - I want to maximize window

2019-05-01 14:32:04 - [TEST_STEP][PASSED] - I want to go to OOB: I want to go to OOB

2019-05-01 14:32:13 - [MESSAGE][PASSED] - Navigate to 'https://pmoadmin:P@ssw0rd@dev5.cloudapp.net/OOB2/' successfully

2019-05-01 14:32:13 - [MESSAGE][PASSED] - I want to go to OOB

2019-05-01 14:32:13 - [TEST_STEP][PASSED] - I want to verify I'm in OOB main page: I want to verify I'm in OOB main page

2019-05-01 14:32:13 - [MESSAGE][WARNING] - Timeout '0' is invalid. Using default page load timeout: '30'

2019-05-01 14:32:13 - [MESSAGE][PASSED] - Object 'Object Repository/OOBObjects/HomepageObjects/OOBSideBar' is present

2019-05-01 14:32:13 - [MESSAGE][PASSED] - I want to verify I'm in OOB main page

2019-05-01 14:32:13 - [TEST_STEP][PASSED] - I want to go to ideas list page: I want to go to ideas list page

2019-05-01 14:32:16 - [MESSAGE][PASSED] - Object: 'Object Repository/OOBObjects/HomepageObjects/IdeasList' is clicked on

2019-05-01 14:32:16 - [MESSAGE][PASSED] - I want to go to ideas list page

2019-05-01 14:32:16 - [TEST_STEP][PASSED] - I want to click on Add New button: I want to click on Add New button

2019-05-01 14:32:18 - [MESSAGE][PASSED] - Object: 'Object Repository/OOBObjects/IdeasListObjects/AddNewIdeaButton' is clicked on

2019-05-01 14:32:18 - [MESSAGE][PASSED] - I want to click on Add New button

2019-05-01 14:32:18 - [TEST_STEP][PASSED] - I want to fill idea name field: I want to fill idea name field

2019-05-01 14:32:18 - [MESSAGE][PASSED] - Text 'Automation2518' is set on object 'Object Repository/OOBObjects/IdeasListObjects/Idea-Name-Field'

2019-05-01 14:32:18 - [MESSAGE][PASSED] - I want to fill idea name field

2019-05-01 14:32:18 - [TEST_STEP][PASSED] - I want to select expected start date: I want to select expected start date

2019-05-01 14:32:18 - [MESSAGE][PASSED] - Object: 'Object Repository/OOBObjects/IdeasListObjects//GREGORIAN-Start-date-Check-Box' is clicked on

2019-05-01 14:32:18 - [MESSAGE][PASSED] - Object: 'Object Repository/OOBObjects/IdeasListObjects//Excepted-Start-Date' is clicked on

2019-05-01 14:32:18 - [MESSAGE][PASSED] - All options with index in [5] are selected on object 'Object Repository/OOBObjects/IdeasListObjects/StartDateMonthDropDwon'

2019-05-01 14:32:18 - [MESSAGE][PASSED] - Object: 'Object Repository/OOBObjects/IdeasListObjects//Day26' is hovered

2019-05-01 14:32:18 - [MESSAGE][PASSED] - Object: 'Object Repository/OOBObjects/IdeasListObjects//Day26' is clicked on

2019-05-01 14:32:18 - [MESSAGE][PASSED] - I want to select expected start date

2019-05-01 14:32:18 - [TEST_STEP][PASSED] - I want to select expected end date: I want to select expected end date

2019-05-01 14:32:18 - [MESSAGE][PASSED] - Object 'Object Repository/OOBObjects/IdeasListObjects/GREGORIAN-End-Date-Check-Box' is visible

2019-05-01 14:32:18 - [MESSAGE][PASSED] - Object: 'Object Repository/OOBObjects/IdeasListObjects/GREGORIAN-End-Date-Check-Box' is clicked on

2019-05-01 14:32:20 - [MESSAGE][PASSED] - Delayed 2 second(s)

2019-05-01 14:32:20 - [MESSAGE][PASSED] - Object: 'Object Repository/OOBObjects/IdeasListObjects/Excpected-End-Date' is hovered

2019-05-01 14:32:20 - [MESSAGE][PASSED] - Object: 'Object Repository/OOBObjects/IdeasListObjects/Excpected-End-Date' is clicked on

2019-05-01 14:32:20 - [MESSAGE][PASSED] - All options with index in [6] are selected on object 'Object Repository/OOBObjects/IdeasListObjects/EndDateMonthDropdown'

2019-05-01 14:32:21 - [MESSAGE][PASSED] - Object: 'Object Repository/OOBObjects/IdeasListObjects/EndDateDay15' is hovered

2019-05-01 14:32:21 - [MESSAGE][PASSED] - Object: 'Object Repository/OOBObjects/IdeasListObjects/EndDateDay15' is clicked on

2019-05-01 14:32:21 - [MESSAGE][PASSED] - I want to select expected end date

2019-05-01 14:32:21 - [TEST_STEP][PASSED] - I want to fill idea objective field: I want to fill idea objective field

2019-05-01 14:32:21 - [MESSAGE][PASSED] - Text 'Automation' is set on object 'Object Repository/OOBObjects/IdeasListObjects/Idea-Objective-Field'

2019-05-01 14:32:21 - [MESSAGE][PASSED] - I want to fill idea objective field

2019-05-01 14:32:21 - [TEST_STEP][PASSED] - I want to fill expected budget field: I want to fill expected budget field

2019-05-01 14:32:21 - [MESSAGE][PASSED] - Text '10000' is set on object 'Object Repository/OOBObjects/IdeasListObjects/Expected-Budget-Field'

2019-05-01 14:32:21 - [MESSAGE][PASSED] - I want to fill expected budget field

2019-05-01 14:32:21 - [TEST_STEP][PASSED] - I want to fill Notes field: I want to fill Notes field

2019-05-01 14:32:21 - [MESSAGE][PASSED] - Text 'test note' is set on object 'Object Repository/OOBObjects/IdeasListObjects/Notes-Field'

2019-05-01 14:32:21 - [MESSAGE][PASSED] - I want to fill Notes field

2019-05-01 14:32:21 - [TEST_STEP][PASSED] - I want to click save idea button: I want to click save idea button

2019-05-01 14:32:21 - [MESSAGE][WARNING] - Timeout '0' is invalid. Using default page load timeout: '30'

2019-05-01 14:32:21 - [MESSAGE][PASSED] - Object 'Object Repository/OOBObjects/IdeasListObjects/SaveIdeaButton' is present

2019-05-01 14:32:21 - [MESSAGE][WARNING] - Timeout '0' is invalid. Using default page load timeout: '30'

2019-05-01 14:32:21 - [MESSAGE][PASSED] - Object 'Object Repository/OOBObjects/IdeasListObjects/SaveIdeaButton' is clickable

2019-05-01 14:32:21 - [MESSAGE][PASSED] - Object: 'Object Repository/OOBObjects/IdeasListObjects/SaveIdeaButton' is clicked on

2019-05-01 14:32:26 - [MESSAGE][PASSED] - Delayed 5 second(s)

2019-05-01 14:32:26 - [MESSAGE][PASSED] - I want to click save idea button

2019-05-01 14:32:26 - [TEST_STEP][PASSED] - I want to wait for page load: I want to wait for page load

2019-05-01 14:32:26 - [MESSAGE][PASSED] - Wait for page load successfully

2019-05-01 14:32:26 - [MESSAGE][PASSED] - I want to wait for page load

2019-05-01 14:32:26 - [TEST_STEP][PASSED] - I want to go to ideas list page: I want to go to ideas list page

2019-05-01 14:32:27 - [MESSAGE][PASSED] - Object: 'Object Repository/OOBObjects/HomepageObjects/IdeasList' is clicked on

2019-05-01 14:32:27 - [MESSAGE][PASSED] - I want to go to ideas list page

2019-05-01 14:32:27 - [TEST_STEP][PASSED] - I want to search for idea by idea name: I want to search for idea by idea name

2019-05-01 14:32:27 - [MESSAGE][PASSED] - Text 'Automation2518' is set on object 'Object Repository/OOBObjects/IdeasListObjects/SearchField'

2019-05-01 14:32:29 - [MESSAGE][PASSED] - Actual text and expected text of test object 'Object Repository/OOBObjects/IdeasListObjects/SearchResult' are matched.

2019-05-01 14:32:29 - [MESSAGE][PASSED] - I want to search for idea by idea name

2019-05-01 14:32:29 - [TEST_STEP][PASSED] - I want to click on edit idea icon: I want to click on edit idea icon

2019-05-01 14:32:30 - [MESSAGE][PASSED] - Object: 'Object Repository/OOBObjects/IdeasListObjects/EditIdea' is clicked on

2019-05-01 14:32:30 - [MESSAGE][PASSED] - I want to click on edit idea icon

2019-05-01 14:32:30 - [TEST_STEP][PASSED] - I want to edit idea name: I want to edit idea name

2019-05-01 14:32:30 - [MESSAGE][PASSED] - Text of object 'Object Repository/OOBObjects/IdeasListObjects/Idea-Name-Field' is cleared

2019-05-01 14:32:30 - [MESSAGE][PASSED] - Text 'Updated Automation2518' is set on object 'Object Repository/OOBObjects/IdeasListObjects/Idea-Name-Field'

2019-05-01 14:32:30 - [MESSAGE][PASSED] - I want to edit idea name

2019-05-01 14:32:30 - [TEST_STEP][PASSED] - I want to click save idea button: I want to click save idea button

2019-05-01 14:32:30 - [MESSAGE][WARNING] - Timeout '0' is invalid. Using default page load timeout: '30'

2019-05-01 14:32:30 - [MESSAGE][PASSED] - Object 'Object Repository/OOBObjects/IdeasListObjects/SaveIdeaButton' is present

2019-05-01 14:32:30 - [MESSAGE][WARNING] - Timeout '0' is invalid. Using default page load timeout: '30'

2019-05-01 14:32:30 - [MESSAGE][PASSED] - Object 'Object Repository/OOBObjects/IdeasListObjects/SaveIdeaButton' is clickable

2019-05-01 14:32:30 - [MESSAGE][PASSED] - Object: 'Object Repository/OOBObjects/IdeasListObjects/SaveIdeaButton' is clicked on

2019-05-01 14:32:35 - [MESSAGE][PASSED] - Delayed 5 second(s)

2019-05-01 14:32:35 - [MESSAGE][PASSED] - I want to click save idea button

2019-05-01 14:32:35 - [TEST_STEP][PASSED] - I want to wait for page load: I want to wait for page load

2019-05-01 14:32:35 - [MESSAGE][PASSED] - Wait for page load successfully

2019-05-01 14:32:35 - [MESSAGE][PASSED] - I want to wait for page load

2019-05-01 14:32:35 - [TEST_STEP][PASSED] - I want to go to ideas list page: I want to go to ideas list page

2019-05-01 14:32:37 - [MESSAGE][PASSED] - Object: 'Object Repository/OOBObjects/HomepageObjects/IdeasList' is clicked on

2019-05-01 14:32:37 - [MESSAGE][PASSED] - I want to go to ideas list page

2019-05-01 14:32:37 - [TEST_STEP][PASSED] - I want to search on updated idea: I want to search on updated idea

2019-05-01 14:32:37 - [MESSAGE][PASSED] - Text 'Updated Automation2518' is set on object 'Object Repository/OOBObjects/IdeasListObjects/SearchField'

2019-05-01 14:32:38 - [MESSAGE][PASSED] - Actual text and expected text of test object 'Object Repository/OOBObjects/IdeasListObjects/SearchResult' are matched.

2019-05-01 14:32:38 - [MESSAGE][PASSED] - I want to search on updated idea

2019-05-01 14:32:38 - [TEST_STEP][PASSED] - I want to close browser: I want to close browser

2019-05-01 14:32:39 - [MESSAGE][PASSED] - Browser is closed

2019-05-01 14:32:39 - [MESSAGE][PASSED] - I want to close browser

2019-05-01 14:32:39 - [MESSAGE][PASSED] - Feature file: 'Include/features/Governance-Module/Add-Idea/020-Update-Draft-Idea.feature' was passed]]></system-out>
         <system-err><![CDATA[]]></system-err>
      </testcase>
      <testcase name="Test Cases/Main-Test-Cases/021-Verify-Ideas-List-and-Idea-Details-Pages" classname="Test Cases/Main-Test-Cases/021-Verify-Ideas-List-and-Idea-Details-Pages" status="PASSED">
         <system-out><![CDATA[2019-05-01 14:32:39 - [TEST_CASE][PASSED] - Test Cases/Main-Test-Cases/021-Verify-Ideas-List-and-Idea-Details-Pages: Test Cases/Main-Test-Cases/021-Verify-Ideas-List-and-Idea-Details-Pages

2019-05-01 14:32:39 - [TEST_STEP][PASSED] - runFeatureFile("Include/features/Governance-Module/Add-Idea/021-Verify-Ideas-List-and-Idea-Details-Pages.feature"): Feature file: 'Include/features/Governance-Module/Add-Idea/021-Verify-Ideas-List-and-Idea-Details-Pages.feature' was passed

2019-05-01 14:32:39 - [MESSAGE][INFO] - Starting run keyword runFeatureFile: 'Include/features/Governance-Module/Add-Idea/021-Verify-Ideas-List-and-Idea-Details-Pages.feature' and extract report to folder: 'C:\Users\HP\git\PMO-Web-Application\Reports\First-Test-Suite\20190501_142211/cucumber_report/1556710359459'...

2019-05-01 14:32:39 - [TEST_CASE][PASSED] - Start Test Case : SCENARIO Verify Ideas List page: SCENARIO Verify Ideas List page

2019-05-01 14:32:39 - [TEST_STEP][PASSED] - I want to open browser: I want to open browser

2019-05-01 14:32:39 - [MESSAGE][INFO] - Starting 'Chrome' driver

2019-05-01 14:32:41 - [MESSAGE][PASSED] - Browser is opened with url: ''

2019-05-01 14:32:41 - [MESSAGE][PASSED] - Delete all cookies successfully

2019-05-01 14:32:41 - [MESSAGE][PASSED] - I want to open browser

2019-05-01 14:32:41 - [TEST_STEP][PASSED] - I want to maximize window: I want to maximize window

2019-05-01 14:32:42 - [MESSAGE][PASSED] - Current window maximized

2019-05-01 14:32:42 - [MESSAGE][PASSED] - I want to maximize window

2019-05-01 14:32:42 - [TEST_STEP][PASSED] - I want to go to OOB: I want to go to OOB

2019-05-01 14:32:51 - [MESSAGE][PASSED] - Navigate to 'https://pmoadmin:P@ssw0rd@dev5.cloudapp.net/OOB2/' successfully

2019-05-01 14:32:51 - [MESSAGE][PASSED] - I want to go to OOB

2019-05-01 14:32:51 - [TEST_STEP][PASSED] - I want to verify I'm in OOB main page: I want to verify I'm in OOB main page

2019-05-01 14:32:51 - [MESSAGE][WARNING] - Timeout '0' is invalid. Using default page load timeout: '30'

2019-05-01 14:32:51 - [MESSAGE][PASSED] - Object 'Object Repository/OOBObjects/HomepageObjects/OOBSideBar' is present

2019-05-01 14:32:51 - [MESSAGE][PASSED] - I want to verify I'm in OOB main page

2019-05-01 14:32:51 - [TEST_STEP][PASSED] - I want to go to ideas list page: I want to go to ideas list page

2019-05-01 14:32:56 - [MESSAGE][PASSED] - Object: 'Object Repository/OOBObjects/HomepageObjects/IdeasList' is clicked on

2019-05-01 14:32:56 - [MESSAGE][PASSED] - I want to go to ideas list page

2019-05-01 14:32:56 - [TEST_STEP][PASSED] - I want to verify Ideas List page: I want to verify Ideas List page

2019-05-01 14:32:56 - [MESSAGE][WARNING] - Timeout '0' is invalid. Using default page load timeout: '30'

2019-05-01 14:32:56 - [MESSAGE][PASSED] - Object 'Object Repository/OOBObjects/IdeasListObjects/IdeaNameColumn' is present

2019-05-01 14:32:56 - [MESSAGE][WARNING] - Timeout '0' is invalid. Using default page load timeout: '30'

2019-05-01 14:32:56 - [MESSAGE][PASSED] - Object 'Object Repository/OOBObjects/IdeasListObjects/ExpectedBudgetColumn' is present

2019-05-01 14:32:56 - [MESSAGE][WARNING] - Timeout '0' is invalid. Using default page load timeout: '30'

2019-05-01 14:32:56 - [MESSAGE][PASSED] - Object 'Object Repository/OOBObjects/IdeasListObjects/StatusColumn' is present

2019-05-01 14:32:56 - [MESSAGE][WARNING] - Timeout '0' is invalid. Using default page load timeout: '30'

2019-05-01 14:32:56 - [MESSAGE][PASSED] - Object 'Object Repository/OOBObjects/IdeasListObjects/ActionsColumn' is present

2019-05-01 14:32:56 - [MESSAGE][WARNING] - Timeout '0' is invalid. Using default page load timeout: '30'

2019-05-01 14:32:56 - [MESSAGE][PASSED] - Object 'Object Repository/OOBObjects/IdeasListObjects/SearchSectionIdeasList' is present

2019-05-01 14:32:56 - [MESSAGE][PASSED] - Object 'Object Repository/OOBObjects/IdeasListObjects/IdeaNameInIdeasList' is clickable

2019-05-01 14:32:56 - [MESSAGE][PASSED] - I want to verify Ideas List page

2019-05-01 14:32:56 - [TEST_STEP][PASSED] - I want to verify idea details page: I want to verify idea details page

2019-05-01 14:32:58 - [MESSAGE][PASSED] - Object: 'Object Repository/OOBObjects/IdeasListObjects/IdeaNameInIdeasList' is clicked on

2019-05-01 14:32:58 - [MESSAGE][WARNING] - Timeout '0' is invalid. Using default page load timeout: '30'

2019-05-01 14:32:58 - [MESSAGE][PASSED] - Object 'Object Repository/OOBObjects/IdeasListObjects/IdeaDetailsSection' is present

2019-05-01 14:32:58 - [MESSAGE][PASSED] - I want to verify idea details page

2019-05-01 14:32:58 - [TEST_STEP][PASSED] - I want to close browser: I want to close browser

2019-05-01 14:32:58 - [MESSAGE][PASSED] - Browser is closed

2019-05-01 14:32:58 - [MESSAGE][PASSED] - I want to close browser

2019-05-01 14:32:58 - [MESSAGE][PASSED] - Feature file: 'Include/features/Governance-Module/Add-Idea/021-Verify-Ideas-List-and-Idea-Details-Pages.feature' was passed]]></system-out>
         <system-err><![CDATA[]]></system-err>
      </testcase>
      <testcase name="Test Cases/Main-Test-Cases/022-Search-for-Idea-in-idea-center" classname="Test Cases/Main-Test-Cases/022-Search-for-Idea-in-idea-center" status="PASSED">
         <system-out><![CDATA[2019-05-01 14:32:58 - [TEST_CASE][PASSED] - Test Cases/Main-Test-Cases/022-Search-for-Idea-in-idea-center: Test Cases/Main-Test-Cases/022-Search-for-Idea-in-idea-center

2019-05-01 14:32:59 - [TEST_STEP][PASSED] - runFeatureFile("Include/features/Governance-Module/Add-Idea/022-Search-for-Idea-in-idea-center.feature"): Feature file: 'Include/features/Governance-Module/Add-Idea/022-Search-for-Idea-in-idea-center.feature' was passed

2019-05-01 14:32:59 - [MESSAGE][INFO] - Starting run keyword runFeatureFile: 'Include/features/Governance-Module/Add-Idea/022-Search-for-Idea-in-idea-center.feature' and extract report to folder: 'C:\Users\HP\git\PMO-Web-Application\Reports\First-Test-Suite\20190501_142211/cucumber_report/1556710379016'...

2019-05-01 14:32:59 - [TEST_CASE][PASSED] - Start Test Case : SCENARIO Search for Idea in idea center: SCENARIO Search for Idea in idea center

2019-05-01 14:32:59 - [TEST_STEP][PASSED] - I want to open browser: I want to open browser

2019-05-01 14:32:59 - [MESSAGE][INFO] - Starting 'Chrome' driver

2019-05-01 14:33:01 - [MESSAGE][PASSED] - Browser is opened with url: ''

2019-05-01 14:33:01 - [MESSAGE][PASSED] - Delete all cookies successfully

2019-05-01 14:33:01 - [MESSAGE][PASSED] - I want to open browser

2019-05-01 14:33:01 - [TEST_STEP][PASSED] - I want to maximize window: I want to maximize window

2019-05-01 14:33:02 - [MESSAGE][PASSED] - Current window maximized

2019-05-01 14:33:02 - [MESSAGE][PASSED] - I want to maximize window

2019-05-01 14:33:02 - [TEST_STEP][PASSED] - I want to go to OOB: I want to go to OOB

2019-05-01 14:33:03 - [MESSAGE][PASSED] - Navigate to 'https://pmoadmin:P@ssw0rd@dev5.cloudapp.net/OOB2/' successfully

2019-05-01 14:33:03 - [MESSAGE][PASSED] - I want to go to OOB

2019-05-01 14:33:03 - [TEST_STEP][PASSED] - I want to verify I'm in OOB main page: I want to verify I'm in OOB main page

2019-05-01 14:33:03 - [MESSAGE][WARNING] - Timeout '0' is invalid. Using default page load timeout: '30'

2019-05-01 14:33:12 - [MESSAGE][PASSED] - Object 'Object Repository/OOBObjects/HomepageObjects/OOBSideBar' is present

2019-05-01 14:33:12 - [MESSAGE][PASSED] - I want to verify I'm in OOB main page

2019-05-01 14:33:12 - [TEST_STEP][PASSED] - I want to go to ideas list page: I want to go to ideas list page

2019-05-01 14:33:16 - [MESSAGE][PASSED] - Object: 'Object Repository/OOBObjects/HomepageObjects/IdeasList' is clicked on

2019-05-01 14:33:16 - [MESSAGE][PASSED] - I want to go to ideas list page

2019-05-01 14:33:16 - [TEST_STEP][PASSED] - I want to click on Add New button: I want to click on Add New button

2019-05-01 14:33:17 - [MESSAGE][PASSED] - Object: 'Object Repository/OOBObjects/IdeasListObjects/AddNewIdeaButton' is clicked on

2019-05-01 14:33:17 - [MESSAGE][PASSED] - I want to click on Add New button

2019-05-01 14:33:17 - [TEST_STEP][PASSED] - I want to fill idea name field: I want to fill idea name field

2019-05-01 14:33:17 - [MESSAGE][PASSED] - Text 'Automation5017' is set on object 'Object Repository/OOBObjects/IdeasListObjects/Idea-Name-Field'

2019-05-01 14:33:17 - [MESSAGE][PASSED] - I want to fill idea name field

2019-05-01 14:33:17 - [TEST_STEP][PASSED] - I want to select expected start date: I want to select expected start date

2019-05-01 14:33:17 - [MESSAGE][PASSED] - Object: 'Object Repository/OOBObjects/IdeasListObjects//GREGORIAN-Start-date-Check-Box' is clicked on

2019-05-01 14:33:17 - [MESSAGE][PASSED] - Object: 'Object Repository/OOBObjects/IdeasListObjects//Excepted-Start-Date' is clicked on

2019-05-01 14:33:18 - [MESSAGE][PASSED] - All options with index in [5] are selected on object 'Object Repository/OOBObjects/IdeasListObjects/StartDateMonthDropDwon'

2019-05-01 14:33:18 - [MESSAGE][PASSED] - Object: 'Object Repository/OOBObjects/IdeasListObjects//Day26' is hovered

2019-05-01 14:33:18 - [MESSAGE][PASSED] - Object: 'Object Repository/OOBObjects/IdeasListObjects//Day26' is clicked on

2019-05-01 14:33:18 - [MESSAGE][PASSED] - I want to select expected start date

2019-05-01 14:33:18 - [TEST_STEP][PASSED] - I want to select expected end date: I want to select expected end date

2019-05-01 14:33:18 - [MESSAGE][PASSED] - Object 'Object Repository/OOBObjects/IdeasListObjects/GREGORIAN-End-Date-Check-Box' is visible

2019-05-01 14:33:18 - [MESSAGE][PASSED] - Object: 'Object Repository/OOBObjects/IdeasListObjects/GREGORIAN-End-Date-Check-Box' is clicked on

2019-05-01 14:33:20 - [MESSAGE][PASSED] - Delayed 2 second(s)

2019-05-01 14:33:20 - [MESSAGE][PASSED] - Object: 'Object Repository/OOBObjects/IdeasListObjects/Excpected-End-Date' is hovered

2019-05-01 14:33:20 - [MESSAGE][PASSED] - Object: 'Object Repository/OOBObjects/IdeasListObjects/Excpected-End-Date' is clicked on

2019-05-01 14:33:20 - [MESSAGE][PASSED] - All options with index in [6] are selected on object 'Object Repository/OOBObjects/IdeasListObjects/EndDateMonthDropdown'

2019-05-01 14:33:20 - [MESSAGE][PASSED] - Object: 'Object Repository/OOBObjects/IdeasListObjects/EndDateDay15' is hovered

2019-05-01 14:33:20 - [MESSAGE][PASSED] - Object: 'Object Repository/OOBObjects/IdeasListObjects/EndDateDay15' is clicked on

2019-05-01 14:33:20 - [MESSAGE][PASSED] - I want to select expected end date

2019-05-01 14:33:20 - [TEST_STEP][PASSED] - I want to fill idea objective field: I want to fill idea objective field

2019-05-01 14:33:20 - [MESSAGE][PASSED] - Text 'Automation' is set on object 'Object Repository/OOBObjects/IdeasListObjects/Idea-Objective-Field'

2019-05-01 14:33:20 - [MESSAGE][PASSED] - I want to fill idea objective field

2019-05-01 14:33:20 - [TEST_STEP][PASSED] - I want to fill expected budget field: I want to fill expected budget field

2019-05-01 14:33:20 - [MESSAGE][PASSED] - Text '10000' is set on object 'Object Repository/OOBObjects/IdeasListObjects/Expected-Budget-Field'

2019-05-01 14:33:20 - [MESSAGE][PASSED] - I want to fill expected budget field

2019-05-01 14:33:20 - [TEST_STEP][PASSED] - I want to fill Notes field: I want to fill Notes field

2019-05-01 14:33:20 - [MESSAGE][PASSED] - Text 'test note' is set on object 'Object Repository/OOBObjects/IdeasListObjects/Notes-Field'

2019-05-01 14:33:20 - [MESSAGE][PASSED] - I want to fill Notes field

2019-05-01 14:33:20 - [TEST_STEP][PASSED] - I want to click send idea button: I want to click send idea button

2019-05-01 14:33:25 - [MESSAGE][PASSED] - Delayed 5 second(s)

2019-05-01 14:33:25 - [MESSAGE][WARNING] - Timeout '0' is invalid. Using default page load timeout: '30'

2019-05-01 14:33:25 - [MESSAGE][PASSED] - Scroll to object 'Object Repository/OOBObjects/IdeasListObjects/CardBlock' successfully

2019-05-01 14:33:26 - [MESSAGE][PASSED] - Object: 'Object Repository/OOBObjects/IdeasListObjects/SendIdeaButton' is clicked on

2019-05-01 14:33:26 - [MESSAGE][PASSED] - I want to click send idea button

2019-05-01 14:33:26 - [TEST_STEP][PASSED] - I want to search for idea by idea name: I want to search for idea by idea name

2019-05-01 14:33:28 - [MESSAGE][PASSED] - Text 'Automation5017' is set on object 'Object Repository/OOBObjects/IdeasListObjects/SearchField'

2019-05-01 14:33:29 - [MESSAGE][PASSED] - Actual text and expected text of test object 'Object Repository/OOBObjects/IdeasListObjects/SearchResult' are matched.

2019-05-01 14:33:29 - [MESSAGE][PASSED] - I want to search for idea by idea name

2019-05-01 14:33:29 - [TEST_STEP][PASSED] - I want to close browser: I want to close browser

2019-05-01 14:33:29 - [MESSAGE][PASSED] - Browser is closed

2019-05-01 14:33:29 - [MESSAGE][PASSED] - I want to close browser

2019-05-01 14:33:30 - [MESSAGE][PASSED] - Feature file: 'Include/features/Governance-Module/Add-Idea/022-Search-for-Idea-in-idea-center.feature' was passed]]></system-out>
         <system-err><![CDATA[]]></system-err>
      </testcase>
      <testcase name="Test Cases/Main-Test-Cases/023-Verify-Approved-Ideas-List-page" classname="Test Cases/Main-Test-Cases/023-Verify-Approved-Ideas-List-page" status="PASSED">
         <system-out><![CDATA[2019-05-01 14:33:30 - [TEST_CASE][PASSED] - Test Cases/Main-Test-Cases/023-Verify-Approved-Ideas-List-page: Test Cases/Main-Test-Cases/023-Verify-Approved-Ideas-List-page

2019-05-01 14:33:30 - [TEST_STEP][PASSED] - runFeatureFile("Include/features/Governance-Module/Add-Idea/023-Verify-Approved-Ideas-List-page.feature"): Feature file: 'Include/features/Governance-Module/Add-Idea/023-Verify-Approved-Ideas-List-page.feature' was passed

2019-05-01 14:33:30 - [MESSAGE][INFO] - Starting run keyword runFeatureFile: 'Include/features/Governance-Module/Add-Idea/023-Verify-Approved-Ideas-List-page.feature' and extract report to folder: 'C:\Users\HP\git\PMO-Web-Application\Reports\First-Test-Suite\20190501_142211/cucumber_report/1556710410110'...

2019-05-01 14:33:30 - [TEST_CASE][PASSED] - Start Test Case : SCENARIO Search for approved idea by name: SCENARIO Search for approved idea by name

2019-05-01 14:33:30 - [TEST_STEP][PASSED] - I want to open browser: I want to open browser

2019-05-01 14:33:30 - [MESSAGE][INFO] - Starting 'Chrome' driver

2019-05-01 14:33:32 - [MESSAGE][PASSED] - Browser is opened with url: ''

2019-05-01 14:33:32 - [MESSAGE][PASSED] - Delete all cookies successfully

2019-05-01 14:33:32 - [MESSAGE][PASSED] - I want to open browser

2019-05-01 14:33:32 - [TEST_STEP][PASSED] - I want to maximize window: I want to maximize window

2019-05-01 14:33:33 - [MESSAGE][PASSED] - Current window maximized

2019-05-01 14:33:33 - [MESSAGE][PASSED] - I want to maximize window

2019-05-01 14:33:33 - [TEST_STEP][PASSED] - I want to go to OOB: I want to go to OOB

2019-05-01 14:33:41 - [MESSAGE][PASSED] - Navigate to 'https://pmoadmin:P@ssw0rd@dev5.cloudapp.net/OOB2/' successfully

2019-05-01 14:33:41 - [MESSAGE][PASSED] - I want to go to OOB

2019-05-01 14:33:41 - [TEST_STEP][PASSED] - I want to verify I'm in OOB main page: I want to verify I'm in OOB main page

2019-05-01 14:33:41 - [MESSAGE][WARNING] - Timeout '0' is invalid. Using default page load timeout: '30'

2019-05-01 14:33:41 - [MESSAGE][PASSED] - Object 'Object Repository/OOBObjects/HomepageObjects/OOBSideBar' is present

2019-05-01 14:33:41 - [MESSAGE][PASSED] - I want to verify I'm in OOB main page

2019-05-01 14:33:41 - [TEST_STEP][PASSED] - I want to go to approved ideas list page: I want to go to approved ideas list page

2019-05-01 14:33:51 - [MESSAGE][PASSED] - Object: 'Object Repository/OOBObjects/HomepageObjects/ApprovedIdeasList' is clicked on

2019-05-01 14:33:51 - [MESSAGE][PASSED] - I want to go to approved ideas list page

2019-05-01 14:33:51 - [TEST_STEP][PASSED] - I want to verify Approved Ideas List page: I want to verify Approved Ideas List page

2019-05-01 14:33:51 - [MESSAGE][WARNING] - Timeout '0' is invalid. Using default page load timeout: '30'

2019-05-01 14:33:51 - [MESSAGE][PASSED] - Object 'Object Repository/OOBObjects/ApprovedIdeasListObjects/ApprovedIdeasListTitle' is present

2019-05-01 14:33:51 - [MESSAGE][WARNING] - Timeout '0' is invalid. Using default page load timeout: '30'

2019-05-01 14:33:51 - [MESSAGE][PASSED] - Object 'Object Repository/OOBObjects/ApprovedIdeasListObjects/IdeaNameColumnInApprovedIdeasList' is present

2019-05-01 14:33:51 - [MESSAGE][WARNING] - Timeout '0' is invalid. Using default page load timeout: '30'

2019-05-01 14:33:51 - [MESSAGE][PASSED] - Object 'Object Repository/OOBObjects/ApprovedIdeasListObjects/ExpectedBudgetColumnInApprovedIdeasList' is present

2019-05-01 14:33:51 - [MESSAGE][WARNING] - Timeout '0' is invalid. Using default page load timeout: '30'

2019-05-01 14:33:51 - [MESSAGE][PASSED] - Object 'Object Repository/OOBObjects/ApprovedIdeasListObjects/StatusColumnInApprovedIdeasList' is present

2019-05-01 14:33:51 - [MESSAGE][WARNING] - Timeout '0' is invalid. Using default page load timeout: '30'

2019-05-01 14:33:51 - [MESSAGE][PASSED] - Object 'Object Repository/OOBObjects/ApprovedIdeasListObjects/PriorityColumnInApprovedIdeasList' is present

2019-05-01 14:33:51 - [MESSAGE][WARNING] - Timeout '0' is invalid. Using default page load timeout: '30'

2019-05-01 14:33:51 - [MESSAGE][PASSED] - Object 'Object Repository/OOBObjects/ApprovedIdeasListObjects/ActionsColumnInApprovedIdeasList' is present

2019-05-01 14:33:51 - [MESSAGE][WARNING] - Timeout '0' is invalid. Using default page load timeout: '30'

2019-05-01 14:33:51 - [MESSAGE][PASSED] - Object 'Object Repository/OOBObjects/ApprovedIdeasListObjects/SearchSectionInApprovedIdeasList' is present

2019-05-01 14:33:51 - [MESSAGE][WARNING] - Timeout '0' is invalid. Using default page load timeout: '30'

2019-05-01 14:33:51 - [MESSAGE][PASSED] - Object 'Object Repository/OOBObjects/ApprovedIdeasListObjects/ExcuteButton' is present

2019-05-01 14:33:51 - [MESSAGE][PASSED] - Object 'Object Repository/OOBObjects/ApprovedIdeasListObjects/IdeaNameLinkInApprovedIdeasList' is clickable

2019-05-01 14:33:51 - [MESSAGE][PASSED] - I want to verify Approved Ideas List page

2019-05-01 14:33:51 - [TEST_STEP][PASSED] - I want to close browser: I want to close browser

2019-05-01 14:33:51 - [MESSAGE][PASSED] - Browser is closed

2019-05-01 14:33:51 - [MESSAGE][PASSED] - I want to close browser

2019-05-01 14:33:51 - [MESSAGE][PASSED] - Feature file: 'Include/features/Governance-Module/Add-Idea/023-Verify-Approved-Ideas-List-page.feature' was passed]]></system-out>
         <system-err><![CDATA[]]></system-err>
      </testcase>
      <testcase name="Test Cases/Main-Test-Cases/024-Search-for-Approved-Idea" classname="Test Cases/Main-Test-Cases/024-Search-for-Approved-Idea" status="FAILED">
         <failure type="FAILED" message="Test Cases/Main-Test-Cases/024-Search-for-Approved-Idea FAILED.
Reason:
com.kms.katalon.core.exception.StepFailedException: Feature file 'Include/features/Governance-Module/Add-Idea/024-Search-for-Approved-Idea.feature' was failed
	at com.kms.katalon.core.keyword.internal.KeywordMain.stepFailed(KeywordMain.groovy:48)
	at com.kms.katalon.core.keyword.internal.KeywordMain.stepFailed(KeywordMain.groovy)
	at com.kms.katalon.core.keyword.internal.KeywordMain.stepFailed(KeywordMain.groovy:21)
	at com.kms.katalon.core.keyword.internal.KeywordMain$stepFailed$0.call(Unknown Source)
	at com.kms.katalon.core.cucumber.keyword.CucumberBuiltinKeywords$_runFeatureFile_closure1.doCall(CucumberBuiltinKeywords.groovy:82)
	at com.kms.katalon.core.cucumber.keyword.CucumberBuiltinKeywords$_runFeatureFile_closure1.doCall(CucumberBuiltinKeywords.groovy)
	at com.kms.katalon.core.keyword.internal.KeywordMain.runKeyword(KeywordMain.groovy:66)
	at com.kms.katalon.core.keyword.internal.KeywordMain$runKeyword.call(Unknown Source)
	at com.kms.katalon.core.cucumber.keyword.CucumberBuiltinKeywords.runFeatureFile(CucumberBuiltinKeywords.groovy:46)
	at com.kms.katalon.core.cucumber.keyword.CucumberBuiltinKeywords$runFeatureFile$0.callStatic(Unknown Source)
	at com.kms.katalon.core.cucumber.keyword.CucumberBuiltinKeywords.runFeatureFile(CucumberBuiltinKeywords.groovy:101)
	at com.kms.katalon.core.cucumber.keyword.CucumberBuiltinKeywords$runFeatureFile.call(Unknown Source)
	at 024-Search-for-Approved-Idea.run(024-Search-for-Approved-Idea:18)
	at com.kms.katalon.core.main.ScriptEngine.run(ScriptEngine.java:194)
	at com.kms.katalon.core.main.ScriptEngine.runScriptAsRawText(ScriptEngine.java:119)
	at com.kms.katalon.core.main.TestCaseExecutor.runScript(TestCaseExecutor.java:331)
	at com.kms.katalon.core.main.TestCaseExecutor.doExecute(TestCaseExecutor.java:322)
	at com.kms.katalon.core.main.TestCaseExecutor.processExecutionPhase(TestCaseExecutor.java:301)
	at com.kms.katalon.core.main.TestCaseExecutor.accessMainPhase(TestCaseExecutor.java:293)
	at com.kms.katalon.core.main.TestCaseExecutor.execute(TestCaseExecutor.java:227)
	at com.kms.katalon.core.main.TestSuiteExecutor.accessTestCaseMainPhase(TestSuiteExecutor.java:129)
	at com.kms.katalon.core.main.TestSuiteExecutor.accessTestSuiteMainPhase(TestSuiteExecutor.java:112)
	at com.kms.katalon.core.main.TestSuiteExecutor.execute(TestSuiteExecutor.java:81)
	at com.kms.katalon.core.main.TestCaseMain.startTestSuite(TestCaseMain.java:157)
	at com.kms.katalon.core.main.TestCaseMain$startTestSuite$0.call(Unknown Source)
	at TempTestSuite1556709731988.run(TempTestSuite1556709731988.groovy:35)
"/>
         <system-out><![CDATA[2019-05-01 14:33:51 - [TEST_CASE][FAILED] - Test Cases/Main-Test-Cases/024-Search-for-Approved-Idea: Test Cases/Main-Test-Cases/024-Search-for-Approved-Idea FAILED.
Reason:
com.kms.katalon.core.exception.StepFailedException: Feature file 'Include/features/Governance-Module/Add-Idea/024-Search-for-Approved-Idea.feature' was failed
	at com.kms.katalon.core.keyword.internal.KeywordMain.stepFailed(KeywordMain.groovy:48)
	at com.kms.katalon.core.keyword.internal.KeywordMain.stepFailed(KeywordMain.groovy)
	at com.kms.katalon.core.keyword.internal.KeywordMain.stepFailed(KeywordMain.groovy:21)
	at com.kms.katalon.core.keyword.internal.KeywordMain$stepFailed$0.call(Unknown Source)
	at com.kms.katalon.core.cucumber.keyword.CucumberBuiltinKeywords$_runFeatureFile_closure1.doCall(CucumberBuiltinKeywords.groovy:82)
	at com.kms.katalon.core.cucumber.keyword.CucumberBuiltinKeywords$_runFeatureFile_closure1.doCall(CucumberBuiltinKeywords.groovy)
	at com.kms.katalon.core.keyword.internal.KeywordMain.runKeyword(KeywordMain.groovy:66)
	at com.kms.katalon.core.keyword.internal.KeywordMain$runKeyword.call(Unknown Source)
	at com.kms.katalon.core.cucumber.keyword.CucumberBuiltinKeywords.runFeatureFile(CucumberBuiltinKeywords.groovy:46)
	at com.kms.katalon.core.cucumber.keyword.CucumberBuiltinKeywords$runFeatureFile$0.callStatic(Unknown Source)
	at com.kms.katalon.core.cucumber.keyword.CucumberBuiltinKeywords.runFeatureFile(CucumberBuiltinKeywords.groovy:101)
	at com.kms.katalon.core.cucumber.keyword.CucumberBuiltinKeywords$runFeatureFile.call(Unknown Source)
	at 024-Search-for-Approved-Idea.run(024-Search-for-Approved-Idea:18)
	at com.kms.katalon.core.main.ScriptEngine.run(ScriptEngine.java:194)
	at com.kms.katalon.core.main.ScriptEngine.runScriptAsRawText(ScriptEngine.java:119)
	at com.kms.katalon.core.main.TestCaseExecutor.runScript(TestCaseExecutor.java:331)
	at com.kms.katalon.core.main.TestCaseExecutor.doExecute(TestCaseExecutor.java:322)
	at com.kms.katalon.core.main.TestCaseExecutor.processExecutionPhase(TestCaseExecutor.java:301)
	at com.kms.katalon.core.main.TestCaseExecutor.accessMainPhase(TestCaseExecutor.java:293)
	at com.kms.katalon.core.main.TestCaseExecutor.execute(TestCaseExecutor.java:227)
	at com.kms.katalon.core.main.TestSuiteExecutor.accessTestCaseMainPhase(TestSuiteExecutor.java:129)
	at com.kms.katalon.core.main.TestSuiteExecutor.accessTestSuiteMainPhase(TestSuiteExecutor.java:112)
	at com.kms.katalon.core.main.TestSuiteExecutor.execute(TestSuiteExecutor.java:81)
	at com.kms.katalon.core.main.TestCaseMain.startTestSuite(TestCaseMain.java:157)
	at com.kms.katalon.core.main.TestCaseMain$startTestSuite$0.call(Unknown Source)
	at TempTestSuite1556709731988.run(TempTestSuite1556709731988.groovy:35)


2019-05-01 14:33:52 - [TEST_STEP][FAILED] - runFeatureFile("Include/features/Governance-Module/Add-Idea/024-Search-for-Approved-Idea.feature"): runFeatureFile("Include/features/Governance-Module/Add-Idea/024-Search-for-Approved-Idea.feature") FAILED.
Reason:
com.kms.katalon.core.exception.StepFailedException: Feature file 'Include/features/Governance-Module/Add-Idea/024-Search-for-Approved-Idea.feature' was failed
	at com.kms.katalon.core.keyword.internal.KeywordMain.stepFailed(KeywordMain.groovy:48)
	at com.kms.katalon.core.keyword.internal.KeywordMain.stepFailed(KeywordMain.groovy)
	at com.kms.katalon.core.keyword.internal.KeywordMain.stepFailed(KeywordMain.groovy:21)
	at com.kms.katalon.core.keyword.internal.KeywordMain$stepFailed$0.call(Unknown Source)
	at com.kms.katalon.core.cucumber.keyword.CucumberBuiltinKeywords$_runFeatureFile_closure1.doCall(CucumberBuiltinKeywords.groovy:82)
	at com.kms.katalon.core.cucumber.keyword.CucumberBuiltinKeywords$_runFeatureFile_closure1.doCall(CucumberBuiltinKeywords.groovy)
	at com.kms.katalon.core.keyword.internal.KeywordMain.runKeyword(KeywordMain.groovy:66)
	at com.kms.katalon.core.keyword.internal.KeywordMain$runKeyword.call(Unknown Source)
	at com.kms.katalon.core.cucumber.keyword.CucumberBuiltinKeywords.runFeatureFile(CucumberBuiltinKeywords.groovy:46)
	at com.kms.katalon.core.cucumber.keyword.CucumberBuiltinKeywords$runFeatureFile$0.callStatic(Unknown Source)
	at com.kms.katalon.core.cucumber.keyword.CucumberBuiltinKeywords.runFeatureFile(CucumberBuiltinKeywords.groovy:101)
	at com.kms.katalon.core.cucumber.keyword.CucumberBuiltinKeywords$runFeatureFile.call(Unknown Source)
	at 024-Search-for-Approved-Idea.run(024-Search-for-Approved-Idea:18)
	at com.kms.katalon.core.main.ScriptEngine.run(ScriptEngine.java:194)
	at com.kms.katalon.core.main.ScriptEngine.runScriptAsRawText(ScriptEngine.java:119)
	at com.kms.katalon.core.main.TestCaseExecutor.runScript(TestCaseExecutor.java:331)
	at com.kms.katalon.core.main.TestCaseExecutor.doExecute(TestCaseExecutor.java:322)
	at com.kms.katalon.core.main.TestCaseExecutor.processExecutionPhase(TestCaseExecutor.java:301)
	at com.kms.katalon.core.main.TestCaseExecutor.accessMainPhase(TestCaseExecutor.java:293)
	at com.kms.katalon.core.main.TestCaseExecutor.execute(TestCaseExecutor.java:227)
	at com.kms.katalon.core.main.TestSuiteExecutor.accessTestCaseMainPhase(TestSuiteExecutor.java:129)
	at com.kms.katalon.core.main.TestSuiteExecutor.accessTestSuiteMainPhase(TestSuiteExecutor.java:112)
	at com.kms.katalon.core.main.TestSuiteExecutor.execute(TestSuiteExecutor.java:81)
	at com.kms.katalon.core.main.TestCaseMain.startTestSuite(TestCaseMain.java:157)
	at com.kms.katalon.core.main.TestCaseMain$startTestSuite$0.call(Unknown Source)
	at TempTestSuite1556709731988.run(TempTestSuite1556709731988.groovy:35)


2019-05-01 14:33:52 - [MESSAGE][INFO] - Starting run keyword runFeatureFile: 'Include/features/Governance-Module/Add-Idea/024-Search-for-Approved-Idea.feature' and extract report to folder: 'C:\Users\HP\git\PMO-Web-Application\Reports\First-Test-Suite\20190501_142211/cucumber_report/1556710432019'...

2019-05-01 14:33:52 - [TEST_CASE][FAILED] - Start Test Case : SCENARIO Search for approved idea by name: SCENARIO Search for approved idea by name FAILED.
Reason:
com.kms.katalon.core.exception.StepFailedException: Unable to set text 'Automation3306' of object 'Object Repository/OOBObjects/IdeasListObjects/SearchField'
	at com.kms.katalon.core.webui.keyword.internal.WebUIKeywordMain.stepFailed(WebUIKeywordMain.groovy:64)
	at com.kms.katalon.core.webui.keyword.internal.WebUIKeywordMain.runKeyword(WebUIKeywordMain.groovy:26)
	at com.kms.katalon.core.webui.keyword.builtin.SetTextKeyword.setText(SetTextKeyword.groovy:65)
	at com.kms.katalon.core.webui.keyword.builtin.SetTextKeyword.execute(SetTextKeyword.groovy:37)
	at com.kms.katalon.core.keyword.internal.KeywordExecutor.executeKeywordForPlatform(KeywordExecutor.groovy:56)
	at com.kms.katalon.core.webui.keyword.WebUiBuiltInKeywords.setText(WebUiBuiltInKeywords.groovy:950)
	at com.kms.katalon.core.webui.keyword.WebUiBuiltInKeywords$setText$6.call(Unknown Source)
	at com.pmo.steps.AddIdeaSteps.verifyIdeaAdded(AddIdeaSteps.groovy:344)
	at ✽.I want to verify idea added successfuly(C:/Users/HP/git/PMO-Web-Application/Include/features/Governance-Module/Add-Idea/024-Search-for-Approved-Idea.feature:20)
Caused by: com.kms.katalon.core.webui.exception.WebElementNotFoundException: Web element with id: 'Object Repository/OOBObjects/IdeasListObjects/SearchField' located by 'By.xpath: //input[@type='search']' not found
	at com.kms.katalon.core.webui.common.WebUiCommonHelper.findWebElement(WebUiCommonHelper.java:1053)
	at com.kms.katalon.core.webui.keyword.internal.WebUIAbstractKeyword.findWebElement(WebUIAbstractKeyword.groovy:27)
	at com.kms.katalon.core.webui.keyword.internal.WebUIAbstractKeyword.findWebElement(WebUIAbstractKeyword.groovy:26)
	at com.kms.katalon.core.webui.keyword.builtin.SetTextKeyword$_setText_closure1.doCall(SetTextKeyword.groovy:51)
	at com.kms.katalon.core.webui.keyword.builtin.SetTextKeyword$_setText_closure1.call(SetTextKeyword.groovy)
	at com.kms.katalon.core.webui.keyword.internal.WebUIKeywordMain.runKeyword(WebUIKeywordMain.groovy:20)
	at com.kms.katalon.core.webui.keyword.builtin.SetTextKeyword.setText(SetTextKeyword.groovy:65)
	at com.kms.katalon.core.webui.keyword.builtin.SetTextKeyword.execute(SetTextKeyword.groovy:37)
	at com.kms.katalon.core.keyword.internal.KeywordExecutor.executeKeywordForPlatform(KeywordExecutor.groovy:56)
	at com.kms.katalon.core.webui.keyword.WebUiBuiltInKeywords.setText(WebUiBuiltInKeywords.groovy:950)
	at com.kms.katalon.core.webui.keyword.WebUiBuiltInKeywords$setText$6.call(Unknown Source)
	at com.pmo.steps.AddIdeaSteps.verifyIdeaAdded(AddIdeaSteps.groovy:344)
	at cucumber.runtime.Utils$1.call(Utils.java:26)
	at cucumber.runtime.Timeout.timeout(Timeout.java:16)
	at cucumber.runtime.Utils.invoke(Utils.java:20)
	at cucumber.runtime.java.JavaStepDefinition.execute(JavaStepDefinition.java:48)
	at cucumber.runtime.PickleStepDefinitionMatch.runStep(PickleStepDefinitionMatch.java:50)
	at cucumber.runner.TestStep.executeStep(TestStep.java:55)
	at cucumber.runner.TestStep.run(TestStep.java:42)
	at cucumber.runner.PickleStepTestStep.run(PickleStepTestStep.java:53)
	at cucumber.runner.TestCase.run(TestCase.java:47)
	at cucumber.runner.Runner.runPickle(Runner.java:44)
	at cucumber.runtime.Runtime.runFeature(Runtime.java:120)
	at cucumber.runtime.Runtime.run(Runtime.java:106)
	at cucumber.api.cli.Main.run(Main.java:35)
	at cucumber.api.cli.Main$run.call(Unknown Source)
	at com.kms.katalon.core.cucumber.keyword.CucumberBuiltinKeywords$_runFeatureFile_closure1.doCall(CucumberBuiltinKeywords.groovy:76)
	at com.kms.katalon.core.cucumber.keyword.CucumberBuiltinKeywords$_runFeatureFile_closure1.doCall(CucumberBuiltinKeywords.groovy)
	at com.kms.katalon.core.keyword.internal.KeywordMain.runKeyword(KeywordMain.groovy:66)
	at com.kms.katalon.core.keyword.internal.KeywordMain$runKeyword.call(Unknown Source)
	at com.kms.katalon.core.cucumber.keyword.CucumberBuiltinKeywords.runFeatureFile(CucumberBuiltinKeywords.groovy:46)
	at com.kms.katalon.core.cucumber.keyword.CucumberBuiltinKeywords$runFeatureFile$0.callStatic(Unknown Source)
	at com.kms.katalon.core.cucumber.keyword.CucumberBuiltinKeywords.runFeatureFile(CucumberBuiltinKeywords.groovy:101)
	at com.kms.katalon.core.cucumber.keyword.CucumberBuiltinKeywords$runFeatureFile.call(Unknown Source)
	at Script1556018277545.run(Script1556018277545.groovy:18)
	at com.kms.katalon.core.main.ScriptEngine.run(ScriptEngine.java:194)
	at com.kms.katalon.core.main.ScriptEngine.runScriptAsRawText(ScriptEngine.java:119)
	at com.kms.katalon.core.main.TestCaseExecutor.runScript(TestCaseExecutor.java:331)
	at com.kms.katalon.core.main.TestCaseExecutor.doExecute(TestCaseExecutor.java:322)
	at com.kms.katalon.core.main.TestCaseExecutor.processExecutionPhase(TestCaseExecutor.java:301)
	at com.kms.katalon.core.main.TestCaseExecutor.accessMainPhase(TestCaseExecutor.java:293)
	at com.kms.katalon.core.main.TestCaseExecutor.execute(TestCaseExecutor.java:227)
	at com.kms.katalon.core.main.TestSuiteExecutor.accessTestCaseMainPhase(TestSuiteExecutor.java:129)
	at com.kms.katalon.core.main.TestSuiteExecutor.accessTestSuiteMainPhase(TestSuiteExecutor.java:112)
	at com.kms.katalon.core.main.TestSuiteExecutor.execute(TestSuiteExecutor.java:81)
	at com.kms.katalon.core.main.TestCaseMain.startTestSuite(TestCaseMain.java:157)
	at com.kms.katalon.core.main.TestCaseMain$startTestSuite$0.call(Unknown Source)
	at TempTestSuite1556709731988.run(TempTestSuite1556709731988.groovy:35)


2019-05-01 14:33:52 - [TEST_STEP][PASSED] - I want to open browser: I want to open browser

2019-05-01 14:33:52 - [MESSAGE][INFO] - Starting 'Chrome' driver

2019-05-01 14:33:54 - [MESSAGE][PASSED] - Browser is opened with url: ''

2019-05-01 14:33:54 - [MESSAGE][PASSED] - Delete all cookies successfully

2019-05-01 14:33:54 - [MESSAGE][PASSED] - I want to open browser

2019-05-01 14:33:54 - [TEST_STEP][PASSED] - I want to maximize window: I want to maximize window

2019-05-01 14:33:55 - [MESSAGE][PASSED] - Current window maximized

2019-05-01 14:33:55 - [MESSAGE][PASSED] - I want to maximize window

2019-05-01 14:33:55 - [TEST_STEP][PASSED] - I want to go to OOB: I want to go to OOB

2019-05-01 14:34:04 - [MESSAGE][PASSED] - Navigate to 'https://pmoadmin:P@ssw0rd@dev5.cloudapp.net/OOB2/' successfully

2019-05-01 14:34:04 - [MESSAGE][PASSED] - I want to go to OOB

2019-05-01 14:34:04 - [TEST_STEP][PASSED] - I want to verify I'm in OOB main page: I want to verify I'm in OOB main page

2019-05-01 14:34:04 - [MESSAGE][WARNING] - Timeout '0' is invalid. Using default page load timeout: '30'

2019-05-01 14:34:04 - [MESSAGE][PASSED] - Object 'Object Repository/OOBObjects/HomepageObjects/OOBSideBar' is present

2019-05-01 14:34:04 - [MESSAGE][PASSED] - I want to verify I'm in OOB main page

2019-05-01 14:34:04 - [TEST_STEP][PASSED] - I want to go to ideas list page: I want to go to ideas list page

2019-05-01 14:34:08 - [MESSAGE][PASSED] - Object: 'Object Repository/OOBObjects/HomepageObjects/IdeasList' is clicked on

2019-05-01 14:34:08 - [MESSAGE][PASSED] - I want to go to ideas list page

2019-05-01 14:34:08 - [TEST_STEP][PASSED] - I want to click on Add New button: I want to click on Add New button

2019-05-01 14:34:10 - [MESSAGE][PASSED] - Object: 'Object Repository/OOBObjects/IdeasListObjects/AddNewIdeaButton' is clicked on

2019-05-01 14:34:10 - [MESSAGE][PASSED] - I want to click on Add New button

2019-05-01 14:34:10 - [TEST_STEP][PASSED] - I want to fill idea name field: I want to fill idea name field

2019-05-01 14:34:10 - [MESSAGE][PASSED] - Text 'Automation3306' is set on object 'Object Repository/OOBObjects/IdeasListObjects/Idea-Name-Field'

2019-05-01 14:34:10 - [MESSAGE][PASSED] - I want to fill idea name field

2019-05-01 14:34:10 - [TEST_STEP][PASSED] - I want to select expected start date: I want to select expected start date

2019-05-01 14:34:10 - [MESSAGE][PASSED] - Object: 'Object Repository/OOBObjects/IdeasListObjects//GREGORIAN-Start-date-Check-Box' is clicked on

2019-05-01 14:34:10 - [MESSAGE][PASSED] - Object: 'Object Repository/OOBObjects/IdeasListObjects//Excepted-Start-Date' is clicked on

2019-05-01 14:34:10 - [MESSAGE][PASSED] - All options with index in [5] are selected on object 'Object Repository/OOBObjects/IdeasListObjects/StartDateMonthDropDwon'

2019-05-01 14:34:10 - [MESSAGE][PASSED] - Object: 'Object Repository/OOBObjects/IdeasListObjects//Day26' is hovered

2019-05-01 14:34:10 - [MESSAGE][PASSED] - Object: 'Object Repository/OOBObjects/IdeasListObjects//Day26' is clicked on

2019-05-01 14:34:10 - [MESSAGE][PASSED] - I want to select expected start date

2019-05-01 14:34:10 - [TEST_STEP][PASSED] - I want to select expected end date: I want to select expected end date

2019-05-01 14:34:10 - [MESSAGE][PASSED] - Object 'Object Repository/OOBObjects/IdeasListObjects/GREGORIAN-End-Date-Check-Box' is visible

2019-05-01 14:34:10 - [MESSAGE][PASSED] - Object: 'Object Repository/OOBObjects/IdeasListObjects/GREGORIAN-End-Date-Check-Box' is clicked on

2019-05-01 14:34:12 - [MESSAGE][PASSED] - Delayed 2 second(s)

2019-05-01 14:34:12 - [MESSAGE][PASSED] - Object: 'Object Repository/OOBObjects/IdeasListObjects/Excpected-End-Date' is hovered

2019-05-01 14:34:12 - [MESSAGE][PASSED] - Object: 'Object Repository/OOBObjects/IdeasListObjects/Excpected-End-Date' is clicked on

2019-05-01 14:34:12 - [MESSAGE][PASSED] - All options with index in [6] are selected on object 'Object Repository/OOBObjects/IdeasListObjects/EndDateMonthDropdown'

2019-05-01 14:34:12 - [MESSAGE][PASSED] - Object: 'Object Repository/OOBObjects/IdeasListObjects/EndDateDay15' is hovered

2019-05-01 14:34:12 - [MESSAGE][PASSED] - Object: 'Object Repository/OOBObjects/IdeasListObjects/EndDateDay15' is clicked on

2019-05-01 14:34:12 - [MESSAGE][PASSED] - I want to select expected end date

2019-05-01 14:34:12 - [TEST_STEP][PASSED] - I want to fill idea objective field: I want to fill idea objective field

2019-05-01 14:34:13 - [MESSAGE][PASSED] - Text 'Automation' is set on object 'Object Repository/OOBObjects/IdeasListObjects/Idea-Objective-Field'

2019-05-01 14:34:13 - [MESSAGE][PASSED] - I want to fill idea objective field

2019-05-01 14:34:13 - [TEST_STEP][PASSED] - I want to fill expected budget field: I want to fill expected budget field

2019-05-01 14:34:13 - [MESSAGE][PASSED] - Text '10000' is set on object 'Object Repository/OOBObjects/IdeasListObjects/Expected-Budget-Field'

2019-05-01 14:34:13 - [MESSAGE][PASSED] - I want to fill expected budget field

2019-05-01 14:34:13 - [TEST_STEP][PASSED] - I want to fill Notes field: I want to fill Notes field

2019-05-01 14:34:13 - [MESSAGE][PASSED] - Text 'test note' is set on object 'Object Repository/OOBObjects/IdeasListObjects/Notes-Field'

2019-05-01 14:34:13 - [MESSAGE][PASSED] - I want to fill Notes field

2019-05-01 14:34:13 - [TEST_STEP][PASSED] - I want to click send idea button: I want to click send idea button

2019-05-01 14:34:18 - [MESSAGE][PASSED] - Delayed 5 second(s)

2019-05-01 14:34:18 - [MESSAGE][WARNING] - Timeout '0' is invalid. Using default page load timeout: '30'

2019-05-01 14:34:18 - [MESSAGE][PASSED] - Scroll to object 'Object Repository/OOBObjects/IdeasListObjects/CardBlock' successfully

2019-05-01 14:34:18 - [MESSAGE][PASSED] - Object: 'Object Repository/OOBObjects/IdeasListObjects/SendIdeaButton' is clicked on

2019-05-01 14:34:18 - [MESSAGE][PASSED] - I want to click send idea button

2019-05-01 14:34:18 - [TEST_STEP][FAILED] - I want to verify idea added successfuly: I want to verify idea added successfuly FAILED.
Reason:
com.kms.katalon.core.exception.StepFailedException: Unable to set text 'Automation3306' of object 'Object Repository/OOBObjects/IdeasListObjects/SearchField'
	at com.kms.katalon.core.webui.keyword.internal.WebUIKeywordMain.stepFailed(WebUIKeywordMain.groovy:64)
	at com.kms.katalon.core.webui.keyword.internal.WebUIKeywordMain.runKeyword(WebUIKeywordMain.groovy:26)
	at com.kms.katalon.core.webui.keyword.builtin.SetTextKeyword.setText(SetTextKeyword.groovy:65)
	at com.kms.katalon.core.webui.keyword.builtin.SetTextKeyword.execute(SetTextKeyword.groovy:37)
	at com.kms.katalon.core.keyword.internal.KeywordExecutor.executeKeywordForPlatform(KeywordExecutor.groovy:56)
	at com.kms.katalon.core.webui.keyword.WebUiBuiltInKeywords.setText(WebUiBuiltInKeywords.groovy:950)
	at com.kms.katalon.core.webui.keyword.WebUiBuiltInKeywords$setText$6.call(Unknown Source)
	at com.pmo.steps.AddIdeaSteps.verifyIdeaAdded(AddIdeaSteps.groovy:344)
	at ✽.I want to verify idea added successfuly(C:/Users/HP/git/PMO-Web-Application/Include/features/Governance-Module/Add-Idea/024-Search-for-Approved-Idea.feature:20)
Caused by: com.kms.katalon.core.webui.exception.WebElementNotFoundException: Web element with id: 'Object Repository/OOBObjects/IdeasListObjects/SearchField' located by 'By.xpath: //input[@type='search']' not found
	at com.kms.katalon.core.webui.common.WebUiCommonHelper.findWebElement(WebUiCommonHelper.java:1053)
	at com.kms.katalon.core.webui.keyword.internal.WebUIAbstractKeyword.findWebElement(WebUIAbstractKeyword.groovy:27)
	at com.kms.katalon.core.webui.keyword.internal.WebUIAbstractKeyword.findWebElement(WebUIAbstractKeyword.groovy:26)
	at com.kms.katalon.core.webui.keyword.builtin.SetTextKeyword$_setText_closure1.doCall(SetTextKeyword.groovy:51)
	at com.kms.katalon.core.webui.keyword.builtin.SetTextKeyword$_setText_closure1.call(SetTextKeyword.groovy)
	at com.kms.katalon.core.webui.keyword.internal.WebUIKeywordMain.runKeyword(WebUIKeywordMain.groovy:20)
	at com.kms.katalon.core.webui.keyword.builtin.SetTextKeyword.setText(SetTextKeyword.groovy:65)
	at com.kms.katalon.core.webui.keyword.builtin.SetTextKeyword.execute(SetTextKeyword.groovy:37)
	at com.kms.katalon.core.keyword.internal.KeywordExecutor.executeKeywordForPlatform(KeywordExecutor.groovy:56)
	at com.kms.katalon.core.webui.keyword.WebUiBuiltInKeywords.setText(WebUiBuiltInKeywords.groovy:950)
	at com.kms.katalon.core.webui.keyword.WebUiBuiltInKeywords$setText$6.call(Unknown Source)
	at com.pmo.steps.AddIdeaSteps.verifyIdeaAdded(AddIdeaSteps.groovy:344)
	at cucumber.runtime.Utils$1.call(Utils.java:26)
	at cucumber.runtime.Timeout.timeout(Timeout.java:16)
	at cucumber.runtime.Utils.invoke(Utils.java:20)
	at cucumber.runtime.java.JavaStepDefinition.execute(JavaStepDefinition.java:48)
	at cucumber.runtime.PickleStepDefinitionMatch.runStep(PickleStepDefinitionMatch.java:50)
	at cucumber.runner.TestStep.executeStep(TestStep.java:55)
	at cucumber.runner.TestStep.run(TestStep.java:42)
	at cucumber.runner.PickleStepTestStep.run(PickleStepTestStep.java:53)
	at cucumber.runner.TestCase.run(TestCase.java:47)
	at cucumber.runner.Runner.runPickle(Runner.java:44)
	at cucumber.runtime.Runtime.runFeature(Runtime.java:120)
	at cucumber.runtime.Runtime.run(Runtime.java:106)
	at cucumber.api.cli.Main.run(Main.java:35)
	at cucumber.api.cli.Main$run.call(Unknown Source)
	at com.kms.katalon.core.cucumber.keyword.CucumberBuiltinKeywords$_runFeatureFile_closure1.doCall(CucumberBuiltinKeywords.groovy:76)
	at com.kms.katalon.core.cucumber.keyword.CucumberBuiltinKeywords$_runFeatureFile_closure1.doCall(CucumberBuiltinKeywords.groovy)
	at com.kms.katalon.core.keyword.internal.KeywordMain.runKeyword(KeywordMain.groovy:66)
	at com.kms.katalon.core.keyword.internal.KeywordMain$runKeyword.call(Unknown Source)
	at com.kms.katalon.core.cucumber.keyword.CucumberBuiltinKeywords.runFeatureFile(CucumberBuiltinKeywords.groovy:46)
	at com.kms.katalon.core.cucumber.keyword.CucumberBuiltinKeywords$runFeatureFile$0.callStatic(Unknown Source)
	at com.kms.katalon.core.cucumber.keyword.CucumberBuiltinKeywords.runFeatureFile(CucumberBuiltinKeywords.groovy:101)
	at com.kms.katalon.core.cucumber.keyword.CucumberBuiltinKeywords$runFeatureFile.call(Unknown Source)
	at Script1556018277545.run(Script1556018277545.groovy:18)
	at com.kms.katalon.core.main.ScriptEngine.run(ScriptEngine.java:194)
	at com.kms.katalon.core.main.ScriptEngine.runScriptAsRawText(ScriptEngine.java:119)
	at com.kms.katalon.core.main.TestCaseExecutor.runScript(TestCaseExecutor.java:331)
	at com.kms.katalon.core.main.TestCaseExecutor.doExecute(TestCaseExecutor.java:322)
	at com.kms.katalon.core.main.TestCaseExecutor.processExecutionPhase(TestCaseExecutor.java:301)
	at com.kms.katalon.core.main.TestCaseExecutor.accessMainPhase(TestCaseExecutor.java:293)
	at com.kms.katalon.core.main.TestCaseExecutor.execute(TestCaseExecutor.java:227)
	at com.kms.katalon.core.main.TestSuiteExecutor.accessTestCaseMainPhase(TestSuiteExecutor.java:129)
	at com.kms.katalon.core.main.TestSuiteExecutor.accessTestSuiteMainPhase(TestSuiteExecutor.java:112)
	at com.kms.katalon.core.main.TestSuiteExecutor.execute(TestSuiteExecutor.java:81)
	at com.kms.katalon.core.main.TestCaseMain.startTestSuite(TestCaseMain.java:157)
	at com.kms.katalon.core.main.TestCaseMain$startTestSuite$0.call(Unknown Source)
	at TempTestSuite1556709731988.run(TempTestSuite1556709731988.groovy:35)


2019-05-01 14:34:18 - [MESSAGE][WARNING] - Timeout '0' is invalid. Using default page load timeout: '30'

2019-05-01 14:34:18 - [MESSAGE][PASSED] - Wait for page load successfully

2019-05-01 14:34:49 - [MESSAGE][INFO] - Unable to find the element located by 'By.xpath: //input[@type='search']'. Please recheck the objects properties to make sure the desired element is located. 

2019-05-01 14:34:49 - [MESSAGE][FAILED] - Unable to set text 'Automation3306' of object 'Object Repository/OOBObjects/IdeasListObjects/SearchField' (Root cause: com.kms.katalon.core.exception.StepFailedException: Unable to set text 'Automation3306' of object 'Object Repository/OOBObjects/IdeasListObjects/SearchField'
	at com.kms.katalon.core.webui.keyword.internal.WebUIKeywordMain.stepFailed(WebUIKeywordMain.groovy:64)
	at com.kms.katalon.core.webui.keyword.internal.WebUIKeywordMain.runKeyword(WebUIKeywordMain.groovy:26)
	at com.kms.katalon.core.webui.keyword.builtin.SetTextKeyword.setText(SetTextKeyword.groovy:65)
	at com.kms.katalon.core.webui.keyword.builtin.SetTextKeyword.execute(SetTextKeyword.groovy:37)
	at com.kms.katalon.core.keyword.internal.KeywordExecutor.executeKeywordForPlatform(KeywordExecutor.groovy:56)
	at com.kms.katalon.core.webui.keyword.WebUiBuiltInKeywords.setText(WebUiBuiltInKeywords.groovy:950)
	at com.kms.katalon.core.webui.keyword.WebUiBuiltInKeywords$setText$6.call(Unknown Source)
	at com.pmo.steps.AddIdeaSteps.verifyIdeaAdded(AddIdeaSteps.groovy:344)
	at cucumber.runtime.Utils$1.call(Utils.java:26)
	at cucumber.runtime.Timeout.timeout(Timeout.java:16)
	at cucumber.runtime.Utils.invoke(Utils.java:20)
	at cucumber.runtime.java.JavaStepDefinition.execute(JavaStepDefinition.java:48)
	at cucumber.runtime.PickleStepDefinitionMatch.runStep(PickleStepDefinitionMatch.java:50)
	at cucumber.runner.TestStep.executeStep(TestStep.java:55)
	at cucumber.runner.TestStep.run(TestStep.java:42)
	at cucumber.runner.PickleStepTestStep.run(PickleStepTestStep.java:53)
	at cucumber.runner.TestCase.run(TestCase.java:47)
	at cucumber.runner.Runner.runPickle(Runner.java:44)
	at cucumber.runtime.Runtime.runFeature(Runtime.java:120)
	at cucumber.runtime.Runtime.run(Runtime.java:106)
	at cucumber.api.cli.Main.run(Main.java:35)
	at cucumber.api.cli.Main$run.call(Unknown Source)
	at com.kms.katalon.core.cucumber.keyword.CucumberBuiltinKeywords$_runFeatureFile_closure1.doCall(CucumberBuiltinKeywords.groovy:76)
	at com.kms.katalon.core.cucumber.keyword.CucumberBuiltinKeywords$_runFeatureFile_closure1.doCall(CucumberBuiltinKeywords.groovy)
	at com.kms.katalon.core.keyword.internal.KeywordMain.runKeyword(KeywordMain.groovy:66)
	at com.kms.katalon.core.keyword.internal.KeywordMain$runKeyword.call(Unknown Source)
	at com.kms.katalon.core.cucumber.keyword.CucumberBuiltinKeywords.runFeatureFile(CucumberBuiltinKeywords.groovy:46)
	at com.kms.katalon.core.cucumber.keyword.CucumberBuiltinKeywords$runFeatureFile$0.callStatic(Unknown Source)
	at com.kms.katalon.core.cucumber.keyword.CucumberBuiltinKeywords.runFeatureFile(CucumberBuiltinKeywords.groovy:101)
	at com.kms.katalon.core.cucumber.keyword.CucumberBuiltinKeywords$runFeatureFile.call(Unknown Source)
	at 024-Search-for-Approved-Idea.run(024-Search-for-Approved-Idea:18)
	at com.kms.katalon.core.main.ScriptEngine.run(ScriptEngine.java:194)
	at com.kms.katalon.core.main.ScriptEngine.runScriptAsRawText(ScriptEngine.java:119)
	at com.kms.katalon.core.main.TestCaseExecutor.runScript(TestCaseExecutor.java:331)
	at com.kms.katalon.core.main.TestCaseExecutor.doExecute(TestCaseExecutor.java:322)
	at com.kms.katalon.core.main.TestCaseExecutor.processExecutionPhase(TestCaseExecutor.java:301)
	at com.kms.katalon.core.main.TestCaseExecutor.accessMainPhase(TestCaseExecutor.java:293)
	at com.kms.katalon.core.main.TestCaseExecutor.execute(TestCaseExecutor.java:227)
	at com.kms.katalon.core.main.TestSuiteExecutor.accessTestCaseMainPhase(TestSuiteExecutor.java:129)
	at com.kms.katalon.core.main.TestSuiteExecutor.accessTestSuiteMainPhase(TestSuiteExecutor.java:112)
	at com.kms.katalon.core.main.TestSuiteExecutor.execute(TestSuiteExecutor.java:81)
	at com.kms.katalon.core.main.TestCaseMain.startTestSuite(TestCaseMain.java:157)
	at com.kms.katalon.core.main.TestCaseMain$startTestSuite$0.call(Unknown Source)
	at TempTestSuite1556709731988.run(TempTestSuite1556709731988.groovy:35)
Caused by: com.kms.katalon.core.webui.exception.WebElementNotFoundException: Web element with id: 'Object Repository/OOBObjects/IdeasListObjects/SearchField' located by 'By.xpath: //input[@type='search']' not found
	at com.kms.katalon.core.webui.common.WebUiCommonHelper.findWebElement(WebUiCommonHelper.java:1053)
	at com.kms.katalon.core.webui.keyword.internal.WebUIAbstractKeyword.findWebElement(WebUIAbstractKeyword.groovy:27)
	at com.kms.katalon.core.webui.keyword.internal.WebUIAbstractKeyword.findWebElement(WebUIAbstractKeyword.groovy:26)
	at com.kms.katalon.core.webui.keyword.builtin.SetTextKeyword$_setText_closure1.doCall(SetTextKeyword.groovy:51)
	at com.kms.katalon.core.webui.keyword.builtin.SetTextKeyword$_setText_closure1.call(SetTextKeyword.groovy)
	at com.kms.katalon.core.webui.keyword.internal.WebUIKeywordMain.runKeyword(WebUIKeywordMain.groovy:20)
	at com.kms.katalon.core.webui.keyword.builtin.SetTextKeyword.setText(SetTextKeyword.groovy:65)
	at com.kms.katalon.core.webui.keyword.builtin.SetTextKeyword.execute(SetTextKeyword.groovy:37)
	at com.kms.katalon.core.keyword.internal.KeywordExecutor.executeKeywordForPlatform(KeywordExecutor.groovy:56)
	at com.kms.katalon.core.webui.keyword.WebUiBuiltInKeywords.setText(WebUiBuiltInKeywords.groovy:950)
	at com.kms.katalon.core.webui.keyword.WebUiBuiltInKeywords$setText$6.call(Unknown Source)
	at com.pmo.steps.AddIdeaSteps.verifyIdeaAdded(AddIdeaSteps.groovy:344)
	at cucumber.runtime.Utils$1.call(Utils.java:26)
	at cucumber.runtime.Timeout.timeout(Timeout.java:16)
	at cucumber.runtime.Utils.invoke(Utils.java:20)
	at cucumber.runtime.java.JavaStepDefinition.execute(JavaStepDefinition.java:48)
	at cucumber.runtime.PickleStepDefinitionMatch.runStep(PickleStepDefinitionMatch.java:50)
	at cucumber.runner.TestStep.executeStep(TestStep.java:55)
	at cucumber.runner.TestStep.run(TestStep.java:42)
	at cucumber.runner.PickleStepTestStep.run(PickleStepTestStep.java:53)
	at cucumber.runner.TestCase.run(TestCase.java:47)
	at cucumber.runner.Runner.runPickle(Runner.java:44)
	at cucumber.runtime.Runtime.runFeature(Runtime.java:120)
	at cucumber.runtime.Runtime.run(Runtime.java:106)
	at cucumber.api.cli.Main.run(Main.java:35)
	at cucumber.api.cli.Main$run.call(Unknown Source)
	at com.kms.katalon.core.cucumber.keyword.CucumberBuiltinKeywords$_runFeatureFile_closure1.doCall(CucumberBuiltinKeywords.groovy:76)
	at com.kms.katalon.core.cucumber.keyword.CucumberBuiltinKeywords$_runFeatureFile_closure1.doCall(CucumberBuiltinKeywords.groovy)
	at com.kms.katalon.core.keyword.internal.KeywordMain.runKeyword(KeywordMain.groovy:66)
	at com.kms.katalon.core.keyword.internal.KeywordMain$runKeyword.call(Unknown Source)
	at com.kms.katalon.core.cucumber.keyword.CucumberBuiltinKeywords.runFeatureFile(CucumberBuiltinKeywords.groovy:46)
	at com.kms.katalon.core.cucumber.keyword.CucumberBuiltinKeywords$runFeatureFile$0.callStatic(Unknown Source)
	at com.kms.katalon.core.cucumber.keyword.CucumberBuiltinKeywords.runFeatureFile(CucumberBuiltinKeywords.groovy:101)
	at com.kms.katalon.core.cucumber.keyword.CucumberBuiltinKeywords$runFeatureFile.call(Unknown Source)
	at Script1556018277545.run(Script1556018277545.groovy:18)
	... 13 more
)
[[ATTACHMENT|C:\\Users\\HP\\git\\PMO-Web-Application\\Reports\\First-Test-Suite\\20190501_142211\\1556710489403.png]]

2019-05-01 14:34:49 - [MESSAGE][FAILED] - I want to verify idea added successfuly FAILED.
Reason:
com.kms.katalon.core.exception.StepFailedException: Unable to set text 'Automation3306' of object 'Object Repository/OOBObjects/IdeasListObjects/SearchField'
	at com.kms.katalon.core.webui.keyword.internal.WebUIKeywordMain.stepFailed(WebUIKeywordMain.groovy:64)
	at com.kms.katalon.core.webui.keyword.internal.WebUIKeywordMain.runKeyword(WebUIKeywordMain.groovy:26)
	at com.kms.katalon.core.webui.keyword.builtin.SetTextKeyword.setText(SetTextKeyword.groovy:65)
	at com.kms.katalon.core.webui.keyword.builtin.SetTextKeyword.execute(SetTextKeyword.groovy:37)
	at com.kms.katalon.core.keyword.internal.KeywordExecutor.executeKeywordForPlatform(KeywordExecutor.groovy:56)
	at com.kms.katalon.core.webui.keyword.WebUiBuiltInKeywords.setText(WebUiBuiltInKeywords.groovy:950)
	at com.kms.katalon.core.webui.keyword.WebUiBuiltInKeywords$setText$6.call(Unknown Source)
	at com.pmo.steps.AddIdeaSteps.verifyIdeaAdded(AddIdeaSteps.groovy:344)
	at ✽.I want to verify idea added successfuly(C:/Users/HP/git/PMO-Web-Application/Include/features/Governance-Module/Add-Idea/024-Search-for-Approved-Idea.feature:20)
Caused by: com.kms.katalon.core.webui.exception.WebElementNotFoundException: Web element with id: 'Object Repository/OOBObjects/IdeasListObjects/SearchField' located by 'By.xpath: //input[@type='search']' not found
	at com.kms.katalon.core.webui.common.WebUiCommonHelper.findWebElement(WebUiCommonHelper.java:1053)
	at com.kms.katalon.core.webui.keyword.internal.WebUIAbstractKeyword.findWebElement(WebUIAbstractKeyword.groovy:27)
	at com.kms.katalon.core.webui.keyword.internal.WebUIAbstractKeyword.findWebElement(WebUIAbstractKeyword.groovy:26)
	at com.kms.katalon.core.webui.keyword.builtin.SetTextKeyword$_setText_closure1.doCall(SetTextKeyword.groovy:51)
	at com.kms.katalon.core.webui.keyword.builtin.SetTextKeyword$_setText_closure1.call(SetTextKeyword.groovy)
	at com.kms.katalon.core.webui.keyword.internal.WebUIKeywordMain.runKeyword(WebUIKeywordMain.groovy:20)
	at com.kms.katalon.core.webui.keyword.builtin.SetTextKeyword.setText(SetTextKeyword.groovy:65)
	at com.kms.katalon.core.webui.keyword.builtin.SetTextKeyword.execute(SetTextKeyword.groovy:37)
	at com.kms.katalon.core.keyword.internal.KeywordExecutor.executeKeywordForPlatform(KeywordExecutor.groovy:56)
	at com.kms.katalon.core.webui.keyword.WebUiBuiltInKeywords.setText(WebUiBuiltInKeywords.groovy:950)
	at com.kms.katalon.core.webui.keyword.WebUiBuiltInKeywords$setText$6.call(Unknown Source)
	at com.pmo.steps.AddIdeaSteps.verifyIdeaAdded(AddIdeaSteps.groovy:344)
	at cucumber.runtime.Utils$1.call(Utils.java:26)
	at cucumber.runtime.Timeout.timeout(Timeout.java:16)
	at cucumber.runtime.Utils.invoke(Utils.java:20)
	at cucumber.runtime.java.JavaStepDefinition.execute(JavaStepDefinition.java:48)
	at cucumber.runtime.PickleStepDefinitionMatch.runStep(PickleStepDefinitionMatch.java:50)
	at cucumber.runner.TestStep.executeStep(TestStep.java:55)
	at cucumber.runner.TestStep.run(TestStep.java:42)
	at cucumber.runner.PickleStepTestStep.run(PickleStepTestStep.java:53)
	at cucumber.runner.TestCase.run(TestCase.java:47)
	at cucumber.runner.Runner.runPickle(Runner.java:44)
	at cucumber.runtime.Runtime.runFeature(Runtime.java:120)
	at cucumber.runtime.Runtime.run(Runtime.java:106)
	at cucumber.api.cli.Main.run(Main.java:35)
	at cucumber.api.cli.Main$run.call(Unknown Source)
	at com.kms.katalon.core.cucumber.keyword.CucumberBuiltinKeywords$_runFeatureFile_closure1.doCall(CucumberBuiltinKeywords.groovy:76)
	at com.kms.katalon.core.cucumber.keyword.CucumberBuiltinKeywords$_runFeatureFile_closure1.doCall(CucumberBuiltinKeywords.groovy)
	at com.kms.katalon.core.keyword.internal.KeywordMain.runKeyword(KeywordMain.groovy:66)
	at com.kms.katalon.core.keyword.internal.KeywordMain$runKeyword.call(Unknown Source)
	at com.kms.katalon.core.cucumber.keyword.CucumberBuiltinKeywords.runFeatureFile(CucumberBuiltinKeywords.groovy:46)
	at com.kms.katalon.core.cucumber.keyword.CucumberBuiltinKeywords$runFeatureFile$0.callStatic(Unknown Source)
	at com.kms.katalon.core.cucumber.keyword.CucumberBuiltinKeywords.runFeatureFile(CucumberBuiltinKeywords.groovy:101)
	at com.kms.katalon.core.cucumber.keyword.CucumberBuiltinKeywords$runFeatureFile.call(Unknown Source)
	at Script1556018277545.run(Script1556018277545.groovy:18)
	at com.kms.katalon.core.main.ScriptEngine.run(ScriptEngine.java:194)
	at com.kms.katalon.core.main.ScriptEngine.runScriptAsRawText(ScriptEngine.java:119)
	at com.kms.katalon.core.main.TestCaseExecutor.runScript(TestCaseExecutor.java:331)
	at com.kms.katalon.core.main.TestCaseExecutor.doExecute(TestCaseExecutor.java:322)
	at com.kms.katalon.core.main.TestCaseExecutor.processExecutionPhase(TestCaseExecutor.java:301)
	at com.kms.katalon.core.main.TestCaseExecutor.accessMainPhase(TestCaseExecutor.java:293)
	at com.kms.katalon.core.main.TestCaseExecutor.execute(TestCaseExecutor.java:227)
	at com.kms.katalon.core.main.TestSuiteExecutor.accessTestCaseMainPhase(TestSuiteExecutor.java:129)
	at com.kms.katalon.core.main.TestSuiteExecutor.accessTestSuiteMainPhase(TestSuiteExecutor.java:112)
	at com.kms.katalon.core.main.TestSuiteExecutor.execute(TestSuiteExecutor.java:81)
	at com.kms.katalon.core.main.TestCaseMain.startTestSuite(TestCaseMain.java:157)
	at com.kms.katalon.core.main.TestCaseMain$startTestSuite$0.call(Unknown Source)
	at TempTestSuite1556709731988.run(TempTestSuite1556709731988.groovy:35)


2019-05-01 14:34:49 - [TEST_STEP][NOT_RUN] - I want to approve idea: I want to approve idea

2019-05-01 14:34:49 - [MESSAGE][NOT_RUN] - I want to approve idea

2019-05-01 14:34:49 - [TEST_STEP][NOT_RUN] - I want to go to OOB: I want to go to OOB

2019-05-01 14:34:49 - [MESSAGE][NOT_RUN] - I want to go to OOB

2019-05-01 14:34:49 - [TEST_STEP][NOT_RUN] - I want to go to approved ideas list page: I want to go to approved ideas list page

2019-05-01 14:34:49 - [MESSAGE][NOT_RUN] - I want to go to approved ideas list page

2019-05-01 14:34:49 - [TEST_STEP][NOT_RUN] - I want to search for approved idea by name: I want to search for approved idea by name

2019-05-01 14:34:49 - [MESSAGE][NOT_RUN] - I want to search for approved idea by name

2019-05-01 14:34:49 - [TEST_STEP][NOT_RUN] - I want to close browser: I want to close browser

2019-05-01 14:34:49 - [MESSAGE][NOT_RUN] - I want to close browser

2019-05-01 14:34:49 - [MESSAGE][FAILED] - Feature file 'Include/features/Governance-Module/Add-Idea/024-Search-for-Approved-Idea.feature' was failed

2019-05-01 14:34:49 - [MESSAGE][FAILED] - Keyword runFeatureFile was failed (Root cause: com.kms.katalon.core.exception.StepFailedException: Feature file 'Include/features/Governance-Module/Add-Idea/024-Search-for-Approved-Idea.feature' was failed
	at com.kms.katalon.core.keyword.internal.KeywordMain.stepFailed(KeywordMain.groovy:48)
	at com.kms.katalon.core.keyword.internal.KeywordMain.stepFailed(KeywordMain.groovy)
	at com.kms.katalon.core.keyword.internal.KeywordMain.stepFailed(KeywordMain.groovy:21)
	at com.kms.katalon.core.keyword.internal.KeywordMain$stepFailed$0.call(Unknown Source)
	at com.kms.katalon.core.cucumber.keyword.CucumberBuiltinKeywords$_runFeatureFile_closure1.doCall(CucumberBuiltinKeywords.groovy:82)
	at com.kms.katalon.core.cucumber.keyword.CucumberBuiltinKeywords$_runFeatureFile_closure1.doCall(CucumberBuiltinKeywords.groovy)
	at com.kms.katalon.core.keyword.internal.KeywordMain.runKeyword(KeywordMain.groovy:66)
	at com.kms.katalon.core.keyword.internal.KeywordMain$runKeyword.call(Unknown Source)
	at com.kms.katalon.core.cucumber.keyword.CucumberBuiltinKeywords.runFeatureFile(CucumberBuiltinKeywords.groovy:46)
	at com.kms.katalon.core.cucumber.keyword.CucumberBuiltinKeywords$runFeatureFile$0.callStatic(Unknown Source)
	at com.kms.katalon.core.cucumber.keyword.CucumberBuiltinKeywords.runFeatureFile(CucumberBuiltinKeywords.groovy:101)
	at com.kms.katalon.core.cucumber.keyword.CucumberBuiltinKeywords$runFeatureFile.call(Unknown Source)
	at 024-Search-for-Approved-Idea.run(024-Search-for-Approved-Idea:18)
	at com.kms.katalon.core.main.ScriptEngine.run(ScriptEngine.java:194)
	at com.kms.katalon.core.main.ScriptEngine.runScriptAsRawText(ScriptEngine.java:119)
	at com.kms.katalon.core.main.TestCaseExecutor.runScript(TestCaseExecutor.java:331)
	at com.kms.katalon.core.main.TestCaseExecutor.doExecute(TestCaseExecutor.java:322)
	at com.kms.katalon.core.main.TestCaseExecutor.processExecutionPhase(TestCaseExecutor.java:301)
	at com.kms.katalon.core.main.TestCaseExecutor.accessMainPhase(TestCaseExecutor.java:293)
	at com.kms.katalon.core.main.TestCaseExecutor.execute(TestCaseExecutor.java:227)
	at com.kms.katalon.core.main.TestSuiteExecutor.accessTestCaseMainPhase(TestSuiteExecutor.java:129)
	at com.kms.katalon.core.main.TestSuiteExecutor.accessTestSuiteMainPhase(TestSuiteExecutor.java:112)
	at com.kms.katalon.core.main.TestSuiteExecutor.execute(TestSuiteExecutor.java:81)
	at com.kms.katalon.core.main.TestCaseMain.startTestSuite(TestCaseMain.java:157)
	at com.kms.katalon.core.main.TestCaseMain$startTestSuite$0.call(Unknown Source)
	at TempTestSuite1556709731988.run(TempTestSuite1556709731988.groovy:35)
)

2019-05-01 14:34:49 - [MESSAGE][FAILED] - runFeatureFile("Include/features/Governance-Module/Add-Idea/024-Search-for-Approved-Idea.feature") FAILED.
Reason:
com.kms.katalon.core.exception.StepFailedException: Feature file 'Include/features/Governance-Module/Add-Idea/024-Search-for-Approved-Idea.feature' was failed
	at com.kms.katalon.core.keyword.internal.KeywordMain.stepFailed(KeywordMain.groovy:48)
	at com.kms.katalon.core.keyword.internal.KeywordMain.stepFailed(KeywordMain.groovy)
	at com.kms.katalon.core.keyword.internal.KeywordMain.stepFailed(KeywordMain.groovy:21)
	at com.kms.katalon.core.keyword.internal.KeywordMain$stepFailed$0.call(Unknown Source)
	at com.kms.katalon.core.cucumber.keyword.CucumberBuiltinKeywords$_runFeatureFile_closure1.doCall(CucumberBuiltinKeywords.groovy:82)
	at com.kms.katalon.core.cucumber.keyword.CucumberBuiltinKeywords$_runFeatureFile_closure1.doCall(CucumberBuiltinKeywords.groovy)
	at com.kms.katalon.core.keyword.internal.KeywordMain.runKeyword(KeywordMain.groovy:66)
	at com.kms.katalon.core.keyword.internal.KeywordMain$runKeyword.call(Unknown Source)
	at com.kms.katalon.core.cucumber.keyword.CucumberBuiltinKeywords.runFeatureFile(CucumberBuiltinKeywords.groovy:46)
	at com.kms.katalon.core.cucumber.keyword.CucumberBuiltinKeywords$runFeatureFile$0.callStatic(Unknown Source)
	at com.kms.katalon.core.cucumber.keyword.CucumberBuiltinKeywords.runFeatureFile(CucumberBuiltinKeywords.groovy:101)
	at com.kms.katalon.core.cucumber.keyword.CucumberBuiltinKeywords$runFeatureFile.call(Unknown Source)
	at 024-Search-for-Approved-Idea.run(024-Search-for-Approved-Idea:18)
	at com.kms.katalon.core.main.ScriptEngine.run(ScriptEngine.java:194)
	at com.kms.katalon.core.main.ScriptEngine.runScriptAsRawText(ScriptEngine.java:119)
	at com.kms.katalon.core.main.TestCaseExecutor.runScript(TestCaseExecutor.java:331)
	at com.kms.katalon.core.main.TestCaseExecutor.doExecute(TestCaseExecutor.java:322)
	at com.kms.katalon.core.main.TestCaseExecutor.processExecutionPhase(TestCaseExecutor.java:301)
	at com.kms.katalon.core.main.TestCaseExecutor.accessMainPhase(TestCaseExecutor.java:293)
	at com.kms.katalon.core.main.TestCaseExecutor.execute(TestCaseExecutor.java:227)
	at com.kms.katalon.core.main.TestSuiteExecutor.accessTestCaseMainPhase(TestSuiteExecutor.java:129)
	at com.kms.katalon.core.main.TestSuiteExecutor.accessTestSuiteMainPhase(TestSuiteExecutor.java:112)
	at com.kms.katalon.core.main.TestSuiteExecutor.execute(TestSuiteExecutor.java:81)
	at com.kms.katalon.core.main.TestCaseMain.startTestSuite(TestCaseMain.java:157)
	at com.kms.katalon.core.main.TestCaseMain$startTestSuite$0.call(Unknown Source)
	at TempTestSuite1556709731988.run(TempTestSuite1556709731988.groovy:35)]]></system-out>
         <system-err><![CDATA[2019-05-01 14:33:51 - [TEST_CASE][FAILED] - Test Cases/Main-Test-Cases/024-Search-for-Approved-Idea: Test Cases/Main-Test-Cases/024-Search-for-Approved-Idea FAILED.
Reason:
com.kms.katalon.core.exception.StepFailedException: Feature file 'Include/features/Governance-Module/Add-Idea/024-Search-for-Approved-Idea.feature' was failed
	at com.kms.katalon.core.keyword.internal.KeywordMain.stepFailed(KeywordMain.groovy:48)
	at com.kms.katalon.core.keyword.internal.KeywordMain.stepFailed(KeywordMain.groovy)
	at com.kms.katalon.core.keyword.internal.KeywordMain.stepFailed(KeywordMain.groovy:21)
	at com.kms.katalon.core.keyword.internal.KeywordMain$stepFailed$0.call(Unknown Source)
	at com.kms.katalon.core.cucumber.keyword.CucumberBuiltinKeywords$_runFeatureFile_closure1.doCall(CucumberBuiltinKeywords.groovy:82)
	at com.kms.katalon.core.cucumber.keyword.CucumberBuiltinKeywords$_runFeatureFile_closure1.doCall(CucumberBuiltinKeywords.groovy)
	at com.kms.katalon.core.keyword.internal.KeywordMain.runKeyword(KeywordMain.groovy:66)
	at com.kms.katalon.core.keyword.internal.KeywordMain$runKeyword.call(Unknown Source)
	at com.kms.katalon.core.cucumber.keyword.CucumberBuiltinKeywords.runFeatureFile(CucumberBuiltinKeywords.groovy:46)
	at com.kms.katalon.core.cucumber.keyword.CucumberBuiltinKeywords$runFeatureFile$0.callStatic(Unknown Source)
	at com.kms.katalon.core.cucumber.keyword.CucumberBuiltinKeywords.runFeatureFile(CucumberBuiltinKeywords.groovy:101)
	at com.kms.katalon.core.cucumber.keyword.CucumberBuiltinKeywords$runFeatureFile.call(Unknown Source)
	at 024-Search-for-Approved-Idea.run(024-Search-for-Approved-Idea:18)
	at com.kms.katalon.core.main.ScriptEngine.run(ScriptEngine.java:194)
	at com.kms.katalon.core.main.ScriptEngine.runScriptAsRawText(ScriptEngine.java:119)
	at com.kms.katalon.core.main.TestCaseExecutor.runScript(TestCaseExecutor.java:331)
	at com.kms.katalon.core.main.TestCaseExecutor.doExecute(TestCaseExecutor.java:322)
	at com.kms.katalon.core.main.TestCaseExecutor.processExecutionPhase(TestCaseExecutor.java:301)
	at com.kms.katalon.core.main.TestCaseExecutor.accessMainPhase(TestCaseExecutor.java:293)
	at com.kms.katalon.core.main.TestCaseExecutor.execute(TestCaseExecutor.java:227)
	at com.kms.katalon.core.main.TestSuiteExecutor.accessTestCaseMainPhase(TestSuiteExecutor.java:129)
	at com.kms.katalon.core.main.TestSuiteExecutor.accessTestSuiteMainPhase(TestSuiteExecutor.java:112)
	at com.kms.katalon.core.main.TestSuiteExecutor.execute(TestSuiteExecutor.java:81)
	at com.kms.katalon.core.main.TestCaseMain.startTestSuite(TestCaseMain.java:157)
	at com.kms.katalon.core.main.TestCaseMain$startTestSuite$0.call(Unknown Source)
	at TempTestSuite1556709731988.run(TempTestSuite1556709731988.groovy:35)]]></system-err>
      </testcase>
      <testcase name="Test Cases/Main-Test-Cases/025-Verify-Approved-Idea-Details-Page" classname="Test Cases/Main-Test-Cases/025-Verify-Approved-Idea-Details-Page" status="PASSED">
         <system-out><![CDATA[2019-05-01 14:34:49 - [TEST_CASE][PASSED] - Test Cases/Main-Test-Cases/025-Verify-Approved-Idea-Details-Page: Test Cases/Main-Test-Cases/025-Verify-Approved-Idea-Details-Page

2019-05-01 14:34:49 - [TEST_STEP][PASSED] - runFeatureFile("Include/features/Governance-Module/Add-Idea/025-Verify-Approved-Idea-Details-Page.feature"): Feature file: 'Include/features/Governance-Module/Add-Idea/025-Verify-Approved-Idea-Details-Page.feature' was passed

2019-05-01 14:34:49 - [MESSAGE][INFO] - Starting run keyword runFeatureFile: 'Include/features/Governance-Module/Add-Idea/025-Verify-Approved-Idea-Details-Page.feature' and extract report to folder: 'C:\Users\HP\git\PMO-Web-Application\Reports\First-Test-Suite\20190501_142211/cucumber_report/1556710489799'...

2019-05-01 14:34:49 - [TEST_CASE][PASSED] - Start Test Case : SCENARIO Verify approved idea details page: SCENARIO Verify approved idea details page

2019-05-01 14:34:49 - [TEST_STEP][PASSED] - I want to open browser: I want to open browser

2019-05-01 14:34:49 - [MESSAGE][WARNING] - A browser is already opened. Closing browser and opening a new one

2019-05-01 14:34:50 - [MESSAGE][INFO] - Starting 'Chrome' driver

2019-05-01 14:34:52 - [MESSAGE][PASSED] - Browser is opened with url: ''

2019-05-01 14:34:52 - [MESSAGE][PASSED] - Delete all cookies successfully

2019-05-01 14:34:52 - [MESSAGE][PASSED] - I want to open browser

2019-05-01 14:34:52 - [TEST_STEP][PASSED] - I want to maximize window: I want to maximize window

2019-05-01 14:34:53 - [MESSAGE][PASSED] - Current window maximized

2019-05-01 14:34:53 - [MESSAGE][PASSED] - I want to maximize window

2019-05-01 14:34:53 - [TEST_STEP][PASSED] - I want to go to OOB: I want to go to OOB

2019-05-01 14:35:18 - [MESSAGE][PASSED] - Navigate to 'https://pmoadmin:P@ssw0rd@dev5.cloudapp.net/OOB2/' successfully

2019-05-01 14:35:18 - [MESSAGE][PASSED] - I want to go to OOB

2019-05-01 14:35:18 - [TEST_STEP][PASSED] - I want to verify I'm in OOB main page: I want to verify I'm in OOB main page

2019-05-01 14:35:18 - [MESSAGE][WARNING] - Timeout '0' is invalid. Using default page load timeout: '30'

2019-05-01 14:35:18 - [MESSAGE][PASSED] - Object 'Object Repository/OOBObjects/HomepageObjects/OOBSideBar' is present

2019-05-01 14:35:18 - [MESSAGE][PASSED] - I want to verify I'm in OOB main page

2019-05-01 14:35:18 - [TEST_STEP][PASSED] - I want to go to ideas list page: I want to go to ideas list page

2019-05-01 14:35:25 - [MESSAGE][PASSED] - Object: 'Object Repository/OOBObjects/HomepageObjects/IdeasList' is clicked on

2019-05-01 14:35:25 - [MESSAGE][PASSED] - I want to go to ideas list page

2019-05-01 14:35:25 - [TEST_STEP][PASSED] - I want to click on Add New button: I want to click on Add New button

2019-05-01 14:35:26 - [MESSAGE][PASSED] - Object: 'Object Repository/OOBObjects/IdeasListObjects/AddNewIdeaButton' is clicked on

2019-05-01 14:35:26 - [MESSAGE][PASSED] - I want to click on Add New button

2019-05-01 14:35:26 - [TEST_STEP][PASSED] - I want to fill idea name field: I want to fill idea name field

2019-05-01 14:35:26 - [MESSAGE][PASSED] - Text 'Automation3817' is set on object 'Object Repository/OOBObjects/IdeasListObjects/Idea-Name-Field'

2019-05-01 14:35:26 - [MESSAGE][PASSED] - I want to fill idea name field

2019-05-01 14:35:26 - [TEST_STEP][PASSED] - I want to select expected start date: I want to select expected start date

2019-05-01 14:35:26 - [MESSAGE][PASSED] - Object: 'Object Repository/OOBObjects/IdeasListObjects//GREGORIAN-Start-date-Check-Box' is clicked on

2019-05-01 14:35:27 - [MESSAGE][PASSED] - Object: 'Object Repository/OOBObjects/IdeasListObjects//Excepted-Start-Date' is clicked on

2019-05-01 14:35:27 - [MESSAGE][PASSED] - All options with index in [5] are selected on object 'Object Repository/OOBObjects/IdeasListObjects/StartDateMonthDropDwon'

2019-05-01 14:35:27 - [MESSAGE][PASSED] - Object: 'Object Repository/OOBObjects/IdeasListObjects//Day26' is hovered

2019-05-01 14:35:27 - [MESSAGE][PASSED] - Object: 'Object Repository/OOBObjects/IdeasListObjects//Day26' is clicked on

2019-05-01 14:35:27 - [MESSAGE][PASSED] - I want to select expected start date

2019-05-01 14:35:27 - [TEST_STEP][PASSED] - I want to select expected end date: I want to select expected end date

2019-05-01 14:35:27 - [MESSAGE][PASSED] - Object 'Object Repository/OOBObjects/IdeasListObjects/GREGORIAN-End-Date-Check-Box' is visible

2019-05-01 14:35:27 - [MESSAGE][PASSED] - Object: 'Object Repository/OOBObjects/IdeasListObjects/GREGORIAN-End-Date-Check-Box' is clicked on

2019-05-01 14:35:29 - [MESSAGE][PASSED] - Delayed 2 second(s)

2019-05-01 14:35:29 - [MESSAGE][PASSED] - Object: 'Object Repository/OOBObjects/IdeasListObjects/Excpected-End-Date' is hovered

2019-05-01 14:35:29 - [MESSAGE][PASSED] - Object: 'Object Repository/OOBObjects/IdeasListObjects/Excpected-End-Date' is clicked on

2019-05-01 14:35:29 - [MESSAGE][PASSED] - All options with index in [6] are selected on object 'Object Repository/OOBObjects/IdeasListObjects/EndDateMonthDropdown'

2019-05-01 14:35:29 - [MESSAGE][PASSED] - Object: 'Object Repository/OOBObjects/IdeasListObjects/EndDateDay15' is hovered

2019-05-01 14:35:29 - [MESSAGE][PASSED] - Object: 'Object Repository/OOBObjects/IdeasListObjects/EndDateDay15' is clicked on

2019-05-01 14:35:29 - [MESSAGE][PASSED] - I want to select expected end date

2019-05-01 14:35:29 - [TEST_STEP][PASSED] - I want to fill idea objective field: I want to fill idea objective field

2019-05-01 14:35:29 - [MESSAGE][PASSED] - Text 'Automation' is set on object 'Object Repository/OOBObjects/IdeasListObjects/Idea-Objective-Field'

2019-05-01 14:35:29 - [MESSAGE][PASSED] - I want to fill idea objective field

2019-05-01 14:35:29 - [TEST_STEP][PASSED] - I want to fill expected budget field: I want to fill expected budget field

2019-05-01 14:35:29 - [MESSAGE][PASSED] - Text '10000' is set on object 'Object Repository/OOBObjects/IdeasListObjects/Expected-Budget-Field'

2019-05-01 14:35:29 - [MESSAGE][PASSED] - I want to fill expected budget field

2019-05-01 14:35:29 - [TEST_STEP][PASSED] - I want to fill Notes field: I want to fill Notes field

2019-05-01 14:35:30 - [MESSAGE][PASSED] - Text 'test note' is set on object 'Object Repository/OOBObjects/IdeasListObjects/Notes-Field'

2019-05-01 14:35:30 - [MESSAGE][PASSED] - I want to fill Notes field

2019-05-01 14:35:30 - [TEST_STEP][PASSED] - I want to click send idea button: I want to click send idea button

2019-05-01 14:35:35 - [MESSAGE][PASSED] - Delayed 5 second(s)

2019-05-01 14:35:35 - [MESSAGE][WARNING] - Timeout '0' is invalid. Using default page load timeout: '30'

2019-05-01 14:35:35 - [MESSAGE][PASSED] - Scroll to object 'Object Repository/OOBObjects/IdeasListObjects/CardBlock' successfully

2019-05-01 14:35:35 - [MESSAGE][PASSED] - Object: 'Object Repository/OOBObjects/IdeasListObjects/SendIdeaButton' is clicked on

2019-05-01 14:35:35 - [MESSAGE][PASSED] - I want to click send idea button

2019-05-01 14:35:35 - [TEST_STEP][PASSED] - I want to verify idea added successfuly: I want to verify idea added successfuly

2019-05-01 14:35:35 - [MESSAGE][WARNING] - Timeout '0' is invalid. Using default page load timeout: '30'

2019-05-01 14:35:35 - [MESSAGE][PASSED] - Wait for page load successfully

2019-05-01 14:35:36 - [MESSAGE][PASSED] - Text 'Automation3817' is set on object 'Object Repository/OOBObjects/IdeasListObjects/SearchField'

2019-05-01 14:35:38 - [MESSAGE][PASSED] - Actual text and expected text of test object 'Object Repository/OOBObjects/IdeasListObjects/SearchResult' are matched.

2019-05-01 14:35:38 - [MESSAGE][PASSED] - I want to verify idea added successfuly

2019-05-01 14:35:38 - [TEST_STEP][PASSED] - I want to approve idea: I want to approve idea

2019-05-01 14:35:46 - [MESSAGE][PASSED] - Object: 'Object Repository/OOBObjects/HomepageObjects/InboxIcon' is clicked on

2019-05-01 14:35:46 - [MESSAGE][PASSED] - Object: 'Object Repository/OOBObjects/InboxPageObjects/BeforeInitiatePhase' is clicked on

2019-05-01 14:35:48 - [MESSAGE][PASSED] - Object: 'Object Repository/OOBObjects/InboxPageObjects/FirstIdea' is clicked on

2019-05-01 14:35:48 - [MESSAGE][PASSED] - Object: 'Object Repository/OOBObjects/InboxPageObjects/ApproveIdeaButton' is clicked on

2019-05-01 14:35:56 - [MESSAGE][PASSED] - Object: 'Object Repository/OOBObjects/InboxPageObjects/BeforeInitiatePhase' is clicked on

2019-05-01 14:35:58 - [MESSAGE][PASSED] - Object: 'Object Repository/OOBObjects/InboxPageObjects/FirstIdea' is clicked on

2019-05-01 14:35:58 - [MESSAGE][WARNING] - Timeout '0' is invalid. Using default page load timeout: '30'

2019-05-01 14:35:58 - [MESSAGE][PASSED] - Scroll to object 'Object Repository/OOBObjects/InboxPageObjects/AddNewAttachmentButtonApproveIdea' successfully

2019-05-01 14:35:58 - [MESSAGE][PASSED] - Object: 'Object Repository/OOBObjects/InboxPageObjects/AddNewAttachmentButtonApproveIdea' is clicked on

2019-05-01 14:35:58 - [MESSAGE][PASSED] - File 'C:\Users\HP\Desktop\SK.png' sent to object: 'Object Repository/OOBObjects/InboxPageObjects/UploadFileApproveIdea'

2019-05-01 14:35:58 - [MESSAGE][WARNING] - Timeout '0' is invalid. Using default page load timeout: '30'

2019-05-01 14:35:59 - [MESSAGE][PASSED] - Object 'Object Repository/OOBObjects/InboxPageObjects/AttachedFileApprovedIdea' is present

2019-05-01 14:35:59 - [MESSAGE][PASSED] - Object: 'Object Repository/OOBObjects/InboxPageObjects/LoadButtonApproveIdea' is clicked on

2019-05-01 14:35:59 - [MESSAGE][PASSED] - Object 'Object Repository/OOBObjects/InboxPageObjects/SendAproveIdeaSecondPhase' is clickable

2019-05-01 14:35:59 - [MESSAGE][PASSED] - Object: 'Object Repository/OOBObjects/InboxPageObjects/SendAproveIdeaSecondPhase' is hovered

2019-05-01 14:36:04 - [MESSAGE][PASSED] - Delayed 5 second(s)

2019-05-01 14:36:04 - [MESSAGE][PASSED] - Object: 'Object Repository/OOBObjects/InboxPageObjects/SendAproveIdeaSecondPhase' is clicked on

2019-05-01 14:36:12 - [MESSAGE][PASSED] - Object: 'Object Repository/OOBObjects/InboxPageObjects/BeforeInitiatePhase' is clicked on

2019-05-01 14:36:14 - [MESSAGE][PASSED] - Object: 'Object Repository/OOBObjects/InboxPageObjects/FirstIdea' is clicked on

2019-05-01 14:36:14 - [MESSAGE][PASSED] - Object: 'Object Repository/OOBObjects/InboxPageObjects/StrategicObjectiveCheckBox' is clicked on

2019-05-01 14:36:14 - [MESSAGE][PASSED] - All options with index in [1] are selected on object 'Object Repository/OOBObjects/InboxPageObjects/ddlInitiativesDropdwon'

2019-05-01 14:36:14 - [MESSAGE][PASSED] - Object: 'Object Repository/OOBObjects/InboxPageObjects/SendApproveIdeaThirdPhase' is clicked on

2019-05-01 14:36:22 - [MESSAGE][PASSED] - Object: 'Object Repository/OOBObjects/InboxPageObjects/BeforeInitiatePhase' is clicked on

2019-05-01 14:36:25 - [MESSAGE][PASSED] - Object: 'Object Repository/OOBObjects/InboxPageObjects/FirstIdea' is clicked on

2019-05-01 14:36:25 - [MESSAGE][PASSED] - All options with index in [1] are selected on object 'Object Repository/OOBObjects/InboxPageObjects/WalletDropdownApproveIdea'

2019-05-01 14:36:25 - [MESSAGE][PASSED] - All options with index in [1] are selected on object 'Object Repository/OOBObjects/InboxPageObjects/ProgramDropdownApproveIdea'

2019-05-01 14:36:25 - [MESSAGE][PASSED] - All options with index in [1] are selected on object 'Object Repository/OOBObjects/InboxPageObjects/OwnerDropdownApproveIdea'

2019-05-01 14:36:25 - [MESSAGE][PASSED] - Object: 'Object Repository/OOBObjects/InboxPageObjects/SendApproveIdeaFourthPhase' is clicked on

2019-05-01 14:36:34 - [MESSAGE][PASSED] - Object: 'Object Repository/OOBObjects/InboxPageObjects/BeforeInitiatePhase' is clicked on

2019-05-01 14:36:36 - [MESSAGE][PASSED] - Object: 'Object Repository/OOBObjects/InboxPageObjects/FirstIdea' is clicked on

2019-05-01 14:36:36 - [MESSAGE][PASSED] - Object: 'Object Repository/OOBObjects/InboxPageObjects/ApproveButtonFivthPhase' is clicked on

2019-05-01 14:36:45 - [MESSAGE][PASSED] - Object: 'Object Repository/OOBObjects/InboxPageObjects/BeforeInitiatePhase' is clicked on

2019-05-01 14:36:47 - [MESSAGE][PASSED] - Object: 'Object Repository/OOBObjects/InboxPageObjects/FirstIdea' is clicked on

2019-05-01 14:36:47 - [MESSAGE][PASSED] - Object: 'Object Repository/OOBObjects/InboxPageObjects/GeorgianCheckBoxApproveIdea' is clicked on

2019-05-01 14:36:47 - [MESSAGE][PASSED] - Object: 'Object Repository/OOBObjects/InboxPageObjects/ExceptedExecutionDateApproveIdea' is clicked on

2019-05-01 14:36:47 - [MESSAGE][PASSED] - All options with index in [3] are selected on object 'Object Repository/OOBObjects/InboxPageObjects/MonthsDropdownApproveIdea'

2019-05-01 14:36:47 - [MESSAGE][PASSED] - Object: 'Object Repository/OOBObjects/InboxPageObjects/Day30ApproveIdeaExcutionDate' is hovered

2019-05-01 14:36:47 - [MESSAGE][PASSED] - Object: 'Object Repository/OOBObjects/InboxPageObjects/Day30ApproveIdeaExcutionDate' is clicked on

2019-05-01 14:36:47 - [MESSAGE][PASSED] - All options with index in [1] are selected on object 'Object Repository/OOBObjects/InboxPageObjects/PriorityDropdownApproveIdea'

2019-05-01 14:36:47 - [MESSAGE][PASSED] - Object: 'Object Repository/OOBObjects/InboxPageObjects/SubmitButtonApproveIdae' is clicked on

2019-05-01 14:36:47 - [MESSAGE][PASSED] - I want to approve idea

2019-05-01 14:36:47 - [TEST_STEP][PASSED] - I want to go to OOB: I want to go to OOB

2019-05-01 14:36:56 - [MESSAGE][PASSED] - Navigate to 'https://pmoadmin:P@ssw0rd@dev5.cloudapp.net/OOB2/' successfully

2019-05-01 14:36:56 - [MESSAGE][PASSED] - I want to go to OOB

2019-05-01 14:36:56 - [TEST_STEP][PASSED] - I want to go to approved ideas list page: I want to go to approved ideas list page

2019-05-01 14:37:03 - [MESSAGE][PASSED] - Object: 'Object Repository/OOBObjects/HomepageObjects/ApprovedIdeasList' is clicked on

2019-05-01 14:37:03 - [MESSAGE][PASSED] - I want to go to approved ideas list page

2019-05-01 14:37:03 - [TEST_STEP][PASSED] - I want to search for approved idea by name: I want to search for approved idea by name

2019-05-01 14:37:03 - [MESSAGE][PASSED] - Text 'Automation3817' is set on object 'Object Repository/OOBObjects/ApprovedIdeasListObjects/ApprovedIdeasSearchField'

2019-05-01 14:37:03 - [MESSAGE][PASSED] - Actual text and expected text of test object 'Object Repository/OOBObjects/ApprovedIdeasListObjects/IdeaNameLinkInApprovedIdeasList' are matched.

2019-05-01 14:37:03 - [MESSAGE][PASSED] - I want to search for approved idea by name

2019-05-01 14:37:03 - [TEST_STEP][PASSED] - I want to go to approved idea details page: I want to go to approved idea details page

2019-05-01 14:37:04 - [MESSAGE][PASSED] - Object: 'Object Repository/OOBObjects/ApprovedIdeasListObjects/FirstApprovedIdeaName' is clicked on

2019-05-01 14:37:04 - [MESSAGE][PASSED] - I want to go to approved idea details page

2019-05-01 14:37:04 - [TEST_STEP][PASSED] - I want to verify approved idea details page: I want to verify approved idea details page

2019-05-01 14:37:04 - [MESSAGE][WARNING] - Timeout '0' is invalid. Using default page load timeout: '30'

2019-05-01 14:37:04 - [MESSAGE][PASSED] - Object 'Object Repository/OOBObjects/ApprovedIdeasListObjects/ApprovedIdeaInformation' is present

2019-05-01 14:37:04 - [MESSAGE][PASSED] - I want to verify approved idea details page

2019-05-01 14:37:04 - [TEST_STEP][PASSED] - I want to close browser: I want to close browser

2019-05-01 14:37:05 - [MESSAGE][PASSED] - Browser is closed

2019-05-01 14:37:05 - [MESSAGE][PASSED] - I want to close browser

2019-05-01 14:37:05 - [MESSAGE][PASSED] - Feature file: 'Include/features/Governance-Module/Add-Idea/025-Verify-Approved-Idea-Details-Page.feature' was passed]]></system-out>
         <system-err><![CDATA[]]></system-err>
      </testcase>
      <testcase name="Test Cases/Main-Test-Cases/026-Verify-Execute-Idea-form" classname="Test Cases/Main-Test-Cases/026-Verify-Execute-Idea-form" status="PASSED">
         <system-out><![CDATA[2019-05-01 14:37:05 - [TEST_CASE][PASSED] - Test Cases/Main-Test-Cases/026-Verify-Execute-Idea-form: Test Cases/Main-Test-Cases/026-Verify-Execute-Idea-form

2019-05-01 14:37:05 - [TEST_STEP][PASSED] - runFeatureFile("Include/features/Governance-Module/Add-Idea/026-Verify-Execute-Idea-form.feature"): Feature file: 'Include/features/Governance-Module/Add-Idea/026-Verify-Execute-Idea-form.feature' was passed

2019-05-01 14:37:05 - [MESSAGE][INFO] - Starting run keyword runFeatureFile: 'Include/features/Governance-Module/Add-Idea/026-Verify-Execute-Idea-form.feature' and extract report to folder: 'C:\Users\HP\git\PMO-Web-Application\Reports\First-Test-Suite\20190501_142211/cucumber_report/1556710625358'...

2019-05-01 14:37:05 - [TEST_CASE][PASSED] - Start Test Case : SCENARIO Verify execute idea form: SCENARIO Verify execute idea form

2019-05-01 14:37:05 - [TEST_STEP][PASSED] - I want to open browser: I want to open browser

2019-05-01 14:37:05 - [MESSAGE][INFO] - Starting 'Chrome' driver

2019-05-01 14:37:07 - [MESSAGE][PASSED] - Browser is opened with url: ''

2019-05-01 14:37:07 - [MESSAGE][PASSED] - Delete all cookies successfully

2019-05-01 14:37:07 - [MESSAGE][PASSED] - I want to open browser

2019-05-01 14:37:07 - [TEST_STEP][PASSED] - I want to maximize window: I want to maximize window

2019-05-01 14:37:08 - [MESSAGE][PASSED] - Current window maximized

2019-05-01 14:37:08 - [MESSAGE][PASSED] - I want to maximize window

2019-05-01 14:37:08 - [TEST_STEP][PASSED] - I want to go to OOB: I want to go to OOB

2019-05-01 14:37:18 - [MESSAGE][PASSED] - Navigate to 'https://pmoadmin:P@ssw0rd@dev5.cloudapp.net/OOB2/' successfully

2019-05-01 14:37:18 - [MESSAGE][PASSED] - I want to go to OOB

2019-05-01 14:37:18 - [TEST_STEP][PASSED] - I want to verify I'm in OOB main page: I want to verify I'm in OOB main page

2019-05-01 14:37:18 - [MESSAGE][WARNING] - Timeout '0' is invalid. Using default page load timeout: '30'

2019-05-01 14:37:18 - [MESSAGE][PASSED] - Object 'Object Repository/OOBObjects/HomepageObjects/OOBSideBar' is present

2019-05-01 14:37:18 - [MESSAGE][PASSED] - I want to verify I'm in OOB main page

2019-05-01 14:37:18 - [TEST_STEP][PASSED] - I want to go to ideas list page: I want to go to ideas list page

2019-05-01 14:37:22 - [MESSAGE][PASSED] - Object: 'Object Repository/OOBObjects/HomepageObjects/IdeasList' is clicked on

2019-05-01 14:37:22 - [MESSAGE][PASSED] - I want to go to ideas list page

2019-05-01 14:37:22 - [TEST_STEP][PASSED] - I want to click on Add New button: I want to click on Add New button

2019-05-01 14:37:23 - [MESSAGE][PASSED] - Object: 'Object Repository/OOBObjects/IdeasListObjects/AddNewIdeaButton' is clicked on

2019-05-01 14:37:23 - [MESSAGE][PASSED] - I want to click on Add New button

2019-05-01 14:37:23 - [TEST_STEP][PASSED] - I want to fill idea name field: I want to fill idea name field

2019-05-01 14:37:23 - [MESSAGE][PASSED] - Text 'Automation2847' is set on object 'Object Repository/OOBObjects/IdeasListObjects/Idea-Name-Field'

2019-05-01 14:37:23 - [MESSAGE][PASSED] - I want to fill idea name field

2019-05-01 14:37:23 - [TEST_STEP][PASSED] - I want to select expected start date: I want to select expected start date

2019-05-01 14:37:23 - [MESSAGE][PASSED] - Object: 'Object Repository/OOBObjects/IdeasListObjects//GREGORIAN-Start-date-Check-Box' is clicked on

2019-05-01 14:37:23 - [MESSAGE][PASSED] - Object: 'Object Repository/OOBObjects/IdeasListObjects//Excepted-Start-Date' is clicked on

2019-05-01 14:37:23 - [MESSAGE][PASSED] - All options with index in [5] are selected on object 'Object Repository/OOBObjects/IdeasListObjects/StartDateMonthDropDwon'

2019-05-01 14:37:23 - [MESSAGE][PASSED] - Object: 'Object Repository/OOBObjects/IdeasListObjects//Day26' is hovered

2019-05-01 14:37:23 - [MESSAGE][PASSED] - Object: 'Object Repository/OOBObjects/IdeasListObjects//Day26' is clicked on

2019-05-01 14:37:23 - [MESSAGE][PASSED] - I want to select expected start date

2019-05-01 14:37:23 - [TEST_STEP][PASSED] - I want to select expected end date: I want to select expected end date

2019-05-01 14:37:23 - [MESSAGE][PASSED] - Object 'Object Repository/OOBObjects/IdeasListObjects/GREGORIAN-End-Date-Check-Box' is visible

2019-05-01 14:37:24 - [MESSAGE][PASSED] - Object: 'Object Repository/OOBObjects/IdeasListObjects/GREGORIAN-End-Date-Check-Box' is clicked on

2019-05-01 14:37:26 - [MESSAGE][PASSED] - Delayed 2 second(s)

2019-05-01 14:37:26 - [MESSAGE][PASSED] - Object: 'Object Repository/OOBObjects/IdeasListObjects/Excpected-End-Date' is hovered

2019-05-01 14:37:26 - [MESSAGE][PASSED] - Object: 'Object Repository/OOBObjects/IdeasListObjects/Excpected-End-Date' is clicked on

2019-05-01 14:37:26 - [MESSAGE][PASSED] - All options with index in [6] are selected on object 'Object Repository/OOBObjects/IdeasListObjects/EndDateMonthDropdown'

2019-05-01 14:37:26 - [MESSAGE][PASSED] - Object: 'Object Repository/OOBObjects/IdeasListObjects/EndDateDay15' is hovered

2019-05-01 14:37:26 - [MESSAGE][PASSED] - Object: 'Object Repository/OOBObjects/IdeasListObjects/EndDateDay15' is clicked on

2019-05-01 14:37:26 - [MESSAGE][PASSED] - I want to select expected end date

2019-05-01 14:37:26 - [TEST_STEP][PASSED] - I want to fill idea objective field: I want to fill idea objective field

2019-05-01 14:37:26 - [MESSAGE][PASSED] - Text 'Automation' is set on object 'Object Repository/OOBObjects/IdeasListObjects/Idea-Objective-Field'

2019-05-01 14:37:26 - [MESSAGE][PASSED] - I want to fill idea objective field

2019-05-01 14:37:26 - [TEST_STEP][PASSED] - I want to fill expected budget field: I want to fill expected budget field

2019-05-01 14:37:26 - [MESSAGE][PASSED] - Text '10000' is set on object 'Object Repository/OOBObjects/IdeasListObjects/Expected-Budget-Field'

2019-05-01 14:37:26 - [MESSAGE][PASSED] - I want to fill expected budget field

2019-05-01 14:37:26 - [TEST_STEP][PASSED] - I want to fill Notes field: I want to fill Notes field

2019-05-01 14:37:26 - [MESSAGE][PASSED] - Text 'test note' is set on object 'Object Repository/OOBObjects/IdeasListObjects/Notes-Field'

2019-05-01 14:37:26 - [MESSAGE][PASSED] - I want to fill Notes field

2019-05-01 14:37:26 - [TEST_STEP][PASSED] - I want to click send idea button: I want to click send idea button

2019-05-01 14:37:31 - [MESSAGE][PASSED] - Delayed 5 second(s)

2019-05-01 14:37:31 - [MESSAGE][WARNING] - Timeout '0' is invalid. Using default page load timeout: '30'

2019-05-01 14:37:31 - [MESSAGE][PASSED] - Scroll to object 'Object Repository/OOBObjects/IdeasListObjects/CardBlock' successfully

2019-05-01 14:37:31 - [MESSAGE][PASSED] - Object: 'Object Repository/OOBObjects/IdeasListObjects/SendIdeaButton' is clicked on

2019-05-01 14:37:31 - [MESSAGE][PASSED] - I want to click send idea button

2019-05-01 14:37:31 - [TEST_STEP][PASSED] - I want to verify idea added successfuly: I want to verify idea added successfuly

2019-05-01 14:37:31 - [MESSAGE][WARNING] - Timeout '0' is invalid. Using default page load timeout: '30'

2019-05-01 14:37:31 - [MESSAGE][PASSED] - Wait for page load successfully

2019-05-01 14:37:34 - [MESSAGE][PASSED] - Text 'Automation2847' is set on object 'Object Repository/OOBObjects/IdeasListObjects/SearchField'

2019-05-01 14:37:35 - [MESSAGE][PASSED] - Actual text and expected text of test object 'Object Repository/OOBObjects/IdeasListObjects/SearchResult' are matched.

2019-05-01 14:37:35 - [MESSAGE][PASSED] - I want to verify idea added successfuly

2019-05-01 14:37:35 - [TEST_STEP][PASSED] - I want to approve idea: I want to approve idea

2019-05-01 14:37:43 - [MESSAGE][PASSED] - Object: 'Object Repository/OOBObjects/HomepageObjects/InboxIcon' is clicked on

2019-05-01 14:37:43 - [MESSAGE][PASSED] - Object: 'Object Repository/OOBObjects/InboxPageObjects/BeforeInitiatePhase' is clicked on

2019-05-01 14:37:44 - [MESSAGE][PASSED] - Object: 'Object Repository/OOBObjects/InboxPageObjects/FirstIdea' is clicked on

2019-05-01 14:37:44 - [MESSAGE][PASSED] - Object: 'Object Repository/OOBObjects/InboxPageObjects/ApproveIdeaButton' is clicked on

2019-05-01 14:37:53 - [MESSAGE][PASSED] - Object: 'Object Repository/OOBObjects/InboxPageObjects/BeforeInitiatePhase' is clicked on

2019-05-01 14:37:55 - [MESSAGE][PASSED] - Object: 'Object Repository/OOBObjects/InboxPageObjects/FirstIdea' is clicked on

2019-05-01 14:37:55 - [MESSAGE][WARNING] - Timeout '0' is invalid. Using default page load timeout: '30'

2019-05-01 14:37:55 - [MESSAGE][PASSED] - Scroll to object 'Object Repository/OOBObjects/InboxPageObjects/AddNewAttachmentButtonApproveIdea' successfully

2019-05-01 14:37:55 - [MESSAGE][PASSED] - Object: 'Object Repository/OOBObjects/InboxPageObjects/AddNewAttachmentButtonApproveIdea' is clicked on

2019-05-01 14:37:55 - [MESSAGE][PASSED] - File 'C:\Users\HP\Desktop\SK.png' sent to object: 'Object Repository/OOBObjects/InboxPageObjects/UploadFileApproveIdea'

2019-05-01 14:37:55 - [MESSAGE][WARNING] - Timeout '0' is invalid. Using default page load timeout: '30'

2019-05-01 14:37:56 - [MESSAGE][PASSED] - Object 'Object Repository/OOBObjects/InboxPageObjects/AttachedFileApprovedIdea' is present

2019-05-01 14:37:56 - [MESSAGE][PASSED] - Object: 'Object Repository/OOBObjects/InboxPageObjects/LoadButtonApproveIdea' is clicked on

2019-05-01 14:37:56 - [MESSAGE][PASSED] - Object 'Object Repository/OOBObjects/InboxPageObjects/SendAproveIdeaSecondPhase' is clickable

2019-05-01 14:37:56 - [MESSAGE][PASSED] - Object: 'Object Repository/OOBObjects/InboxPageObjects/SendAproveIdeaSecondPhase' is hovered

2019-05-01 14:38:01 - [MESSAGE][PASSED] - Delayed 5 second(s)

2019-05-01 14:38:01 - [MESSAGE][PASSED] - Object: 'Object Repository/OOBObjects/InboxPageObjects/SendAproveIdeaSecondPhase' is clicked on

2019-05-01 14:38:10 - [MESSAGE][PASSED] - Object: 'Object Repository/OOBObjects/InboxPageObjects/BeforeInitiatePhase' is clicked on

2019-05-01 14:38:11 - [MESSAGE][PASSED] - Object: 'Object Repository/OOBObjects/InboxPageObjects/FirstIdea' is clicked on

2019-05-01 14:38:11 - [MESSAGE][PASSED] - Object: 'Object Repository/OOBObjects/InboxPageObjects/StrategicObjectiveCheckBox' is clicked on

2019-05-01 14:38:12 - [MESSAGE][PASSED] - All options with index in [1] are selected on object 'Object Repository/OOBObjects/InboxPageObjects/ddlInitiativesDropdwon'

2019-05-01 14:38:12 - [MESSAGE][PASSED] - Object: 'Object Repository/OOBObjects/InboxPageObjects/SendApproveIdeaThirdPhase' is clicked on

2019-05-01 14:38:22 - [MESSAGE][PASSED] - Object: 'Object Repository/OOBObjects/InboxPageObjects/BeforeInitiatePhase' is clicked on

2019-05-01 14:38:25 - [MESSAGE][PASSED] - Object: 'Object Repository/OOBObjects/InboxPageObjects/FirstIdea' is clicked on

2019-05-01 14:38:25 - [MESSAGE][PASSED] - All options with index in [1] are selected on object 'Object Repository/OOBObjects/InboxPageObjects/WalletDropdownApproveIdea'

2019-05-01 14:38:25 - [MESSAGE][PASSED] - All options with index in [1] are selected on object 'Object Repository/OOBObjects/InboxPageObjects/ProgramDropdownApproveIdea'

2019-05-01 14:38:25 - [MESSAGE][PASSED] - All options with index in [1] are selected on object 'Object Repository/OOBObjects/InboxPageObjects/OwnerDropdownApproveIdea'

2019-05-01 14:38:25 - [MESSAGE][PASSED] - Object: 'Object Repository/OOBObjects/InboxPageObjects/SendApproveIdeaFourthPhase' is clicked on

2019-05-01 14:38:35 - [MESSAGE][PASSED] - Object: 'Object Repository/OOBObjects/InboxPageObjects/BeforeInitiatePhase' is clicked on

2019-05-01 14:38:37 - [MESSAGE][PASSED] - Object: 'Object Repository/OOBObjects/InboxPageObjects/FirstIdea' is clicked on

2019-05-01 14:38:37 - [MESSAGE][PASSED] - Object: 'Object Repository/OOBObjects/InboxPageObjects/ApproveButtonFivthPhase' is clicked on

2019-05-01 14:38:48 - [MESSAGE][PASSED] - Object: 'Object Repository/OOBObjects/InboxPageObjects/BeforeInitiatePhase' is clicked on

2019-05-01 14:38:49 - [MESSAGE][PASSED] - Object: 'Object Repository/OOBObjects/InboxPageObjects/FirstIdea' is clicked on

2019-05-01 14:38:49 - [MESSAGE][PASSED] - Object: 'Object Repository/OOBObjects/InboxPageObjects/GeorgianCheckBoxApproveIdea' is clicked on

2019-05-01 14:38:49 - [MESSAGE][PASSED] - Object: 'Object Repository/OOBObjects/InboxPageObjects/ExceptedExecutionDateApproveIdea' is clicked on

2019-05-01 14:38:50 - [MESSAGE][PASSED] - All options with index in [3] are selected on object 'Object Repository/OOBObjects/InboxPageObjects/MonthsDropdownApproveIdea'

2019-05-01 14:38:50 - [MESSAGE][PASSED] - Object: 'Object Repository/OOBObjects/InboxPageObjects/Day30ApproveIdeaExcutionDate' is hovered

2019-05-01 14:38:50 - [MESSAGE][PASSED] - Object: 'Object Repository/OOBObjects/InboxPageObjects/Day30ApproveIdeaExcutionDate' is clicked on

2019-05-01 14:38:50 - [MESSAGE][PASSED] - All options with index in [1] are selected on object 'Object Repository/OOBObjects/InboxPageObjects/PriorityDropdownApproveIdea'

2019-05-01 14:38:50 - [MESSAGE][PASSED] - Object: 'Object Repository/OOBObjects/InboxPageObjects/SubmitButtonApproveIdae' is clicked on

2019-05-01 14:38:50 - [MESSAGE][PASSED] - I want to approve idea

2019-05-01 14:38:50 - [TEST_STEP][PASSED] - I want to go to OOB: I want to go to OOB

2019-05-01 14:38:53 - [MESSAGE][PASSED] - Navigate to 'https://pmoadmin:P@ssw0rd@dev5.cloudapp.net/OOB2/' successfully

2019-05-01 14:38:53 - [MESSAGE][PASSED] - I want to go to OOB

2019-05-01 14:38:53 - [TEST_STEP][PASSED] - I want to go to approved ideas list page: I want to go to approved ideas list page

2019-05-01 14:39:01 - [MESSAGE][PASSED] - Object: 'Object Repository/OOBObjects/HomepageObjects/ApprovedIdeasList' is clicked on

2019-05-01 14:39:01 - [MESSAGE][PASSED] - I want to go to approved ideas list page

2019-05-01 14:39:01 - [TEST_STEP][PASSED] - I want to search for approved idea by name: I want to search for approved idea by name

2019-05-01 14:39:01 - [MESSAGE][PASSED] - Text 'Automation2847' is set on object 'Object Repository/OOBObjects/ApprovedIdeasListObjects/ApprovedIdeasSearchField'

2019-05-01 14:39:01 - [MESSAGE][PASSED] - Actual text and expected text of test object 'Object Repository/OOBObjects/ApprovedIdeasListObjects/IdeaNameLinkInApprovedIdeasList' are matched.

2019-05-01 14:39:01 - [MESSAGE][PASSED] - I want to search for approved idea by name

2019-05-01 14:39:01 - [TEST_STEP][PASSED] - I want to click Excute button: I want to click Excute button

2019-05-01 14:39:03 - [MESSAGE][PASSED] - Object: 'Object Repository/OOBObjects/ApprovedIdeasListObjects/ExcuteButton' is clicked on

2019-05-01 14:39:03 - [MESSAGE][PASSED] - I want to click Excute button

2019-05-01 14:39:03 - [TEST_STEP][PASSED] - I want to verify im in add new project page: I want to verify im in add new project page

2019-05-01 14:39:03 - [MESSAGE][WARNING] - Timeout '0' is invalid. Using default page load timeout: '30'

2019-05-01 14:39:03 - [MESSAGE][PASSED] - Object 'Object Repository/OOBObjects/ApprovedIdeasListObjects/AddNewProjectLabel' is present

2019-05-01 14:39:03 - [MESSAGE][PASSED] - I want to verify im in add new project page

2019-05-01 14:39:03 - [TEST_STEP][PASSED] - I want to check already filled fields: I want to check already filled fields

2019-05-01 14:39:03 - [MESSAGE][PASSED] - Text of object 'Object Repository/OOBObjects/ProjectsListObjects/ProjectNameField' is: ''

2019-05-01 14:39:03 - [MESSAGE][PASSED] - Actual object '' and expected object 'null' are not equal

2019-05-01 14:39:03 - [MESSAGE][PASSED] - Text of object 'Object Repository/OOBObjects/ProjectsListObjects/PlannedStartDate' is: ''

2019-05-01 14:39:03 - [MESSAGE][PASSED] - Actual object '' and expected object 'null' are not equal

2019-05-01 14:39:03 - [MESSAGE][PASSED] - Text of object 'Object Repository/OOBObjects/ProjectsListObjects/PlannedEndDate' is: ''

2019-05-01 14:39:03 - [MESSAGE][PASSED] - Actual object '' and expected object 'null' are not equal

2019-05-01 14:39:03 - [MESSAGE][PASSED] - Text of object 'Object Repository/OOBObjects/ProjectsListObjects/Duration' is: ''

2019-05-01 14:39:03 - [MESSAGE][PASSED] - Actual object '' and expected object 'null' are not equal

2019-05-01 14:39:03 - [MESSAGE][PASSED] - I want to check already filled fields

2019-05-01 14:39:03 - [TEST_STEP][PASSED] - I want to close browser: I want to close browser

2019-05-01 14:39:03 - [MESSAGE][PASSED] - Browser is closed

2019-05-01 14:39:03 - [MESSAGE][PASSED] - I want to close browser

2019-05-01 14:39:03 - [MESSAGE][PASSED] - Feature file: 'Include/features/Governance-Module/Add-Idea/026-Verify-Execute-Idea-form.feature' was passed]]></system-out>
         <system-err><![CDATA[]]></system-err>
      </testcase>
      <testcase name="Test Cases/Main-Test-Cases/026-Verify-Execute-Idea-form" classname="Test Cases/Main-Test-Cases/026-Verify-Execute-Idea-form" status="FAILED">
         <failure type="FAILED" message="Test Cases/Main-Test-Cases/026-Verify-Execute-Idea-form FAILED.
Reason:
com.kms.katalon.core.exception.StepFailedException: Feature file 'Include/features/Governance-Module/Add-Idea/026-Verify-Execute-Idea-form.feature' was failed
	at com.kms.katalon.core.keyword.internal.KeywordMain.stepFailed(KeywordMain.groovy:48)
	at com.kms.katalon.core.keyword.internal.KeywordMain.stepFailed(KeywordMain.groovy)
	at com.kms.katalon.core.keyword.internal.KeywordMain.stepFailed(KeywordMain.groovy:21)
	at com.kms.katalon.core.keyword.internal.KeywordMain$stepFailed$0.call(Unknown Source)
	at com.kms.katalon.core.cucumber.keyword.CucumberBuiltinKeywords$_runFeatureFile_closure1.doCall(CucumberBuiltinKeywords.groovy:82)
	at com.kms.katalon.core.cucumber.keyword.CucumberBuiltinKeywords$_runFeatureFile_closure1.doCall(CucumberBuiltinKeywords.groovy)
	at com.kms.katalon.core.keyword.internal.KeywordMain.runKeyword(KeywordMain.groovy:66)
	at com.kms.katalon.core.keyword.internal.KeywordMain$runKeyword.call(Unknown Source)
	at com.kms.katalon.core.cucumber.keyword.CucumberBuiltinKeywords.runFeatureFile(CucumberBuiltinKeywords.groovy:46)
	at com.kms.katalon.core.cucumber.keyword.CucumberBuiltinKeywords$runFeatureFile$0.callStatic(Unknown Source)
	at com.kms.katalon.core.cucumber.keyword.CucumberBuiltinKeywords.runFeatureFile(CucumberBuiltinKeywords.groovy:101)
	at com.kms.katalon.core.cucumber.keyword.CucumberBuiltinKeywords$runFeatureFile.call(Unknown Source)
	at 026-Verify-Execute-Idea-form.run(026-Verify-Execute-Idea-form:18)
	at com.kms.katalon.core.main.ScriptEngine.run(ScriptEngine.java:194)
	at com.kms.katalon.core.main.ScriptEngine.runScriptAsRawText(ScriptEngine.java:119)
	at com.kms.katalon.core.main.TestCaseExecutor.runScript(TestCaseExecutor.java:331)
	at com.kms.katalon.core.main.TestCaseExecutor.doExecute(TestCaseExecutor.java:322)
	at com.kms.katalon.core.main.TestCaseExecutor.processExecutionPhase(TestCaseExecutor.java:301)
	at com.kms.katalon.core.main.TestCaseExecutor.accessMainPhase(TestCaseExecutor.java:293)
	at com.kms.katalon.core.main.TestCaseExecutor.execute(TestCaseExecutor.java:227)
	at com.kms.katalon.core.main.TestSuiteExecutor.accessTestCaseMainPhase(TestSuiteExecutor.java:129)
	at com.kms.katalon.core.main.TestSuiteExecutor.accessTestSuiteMainPhase(TestSuiteExecutor.java:112)
	at com.kms.katalon.core.main.TestSuiteExecutor.execute(TestSuiteExecutor.java:81)
	at com.kms.katalon.core.main.TestCaseMain.startTestSuite(TestCaseMain.java:157)
	at com.kms.katalon.core.main.TestCaseMain$startTestSuite$0.call(Unknown Source)
	at TempTestSuite1556709731988.run(TempTestSuite1556709731988.groovy:35)
"/>
         <system-out><![CDATA[2019-05-01 14:39:03 - [TEST_CASE][FAILED] - Test Cases/Main-Test-Cases/026-Verify-Execute-Idea-form: Test Cases/Main-Test-Cases/026-Verify-Execute-Idea-form FAILED.
Reason:
com.kms.katalon.core.exception.StepFailedException: Feature file 'Include/features/Governance-Module/Add-Idea/026-Verify-Execute-Idea-form.feature' was failed
	at com.kms.katalon.core.keyword.internal.KeywordMain.stepFailed(KeywordMain.groovy:48)
	at com.kms.katalon.core.keyword.internal.KeywordMain.stepFailed(KeywordMain.groovy)
	at com.kms.katalon.core.keyword.internal.KeywordMain.stepFailed(KeywordMain.groovy:21)
	at com.kms.katalon.core.keyword.internal.KeywordMain$stepFailed$0.call(Unknown Source)
	at com.kms.katalon.core.cucumber.keyword.CucumberBuiltinKeywords$_runFeatureFile_closure1.doCall(CucumberBuiltinKeywords.groovy:82)
	at com.kms.katalon.core.cucumber.keyword.CucumberBuiltinKeywords$_runFeatureFile_closure1.doCall(CucumberBuiltinKeywords.groovy)
	at com.kms.katalon.core.keyword.internal.KeywordMain.runKeyword(KeywordMain.groovy:66)
	at com.kms.katalon.core.keyword.internal.KeywordMain$runKeyword.call(Unknown Source)
	at com.kms.katalon.core.cucumber.keyword.CucumberBuiltinKeywords.runFeatureFile(CucumberBuiltinKeywords.groovy:46)
	at com.kms.katalon.core.cucumber.keyword.CucumberBuiltinKeywords$runFeatureFile$0.callStatic(Unknown Source)
	at com.kms.katalon.core.cucumber.keyword.CucumberBuiltinKeywords.runFeatureFile(CucumberBuiltinKeywords.groovy:101)
	at com.kms.katalon.core.cucumber.keyword.CucumberBuiltinKeywords$runFeatureFile.call(Unknown Source)
	at 026-Verify-Execute-Idea-form.run(026-Verify-Execute-Idea-form:18)
	at com.kms.katalon.core.main.ScriptEngine.run(ScriptEngine.java:194)
	at com.kms.katalon.core.main.ScriptEngine.runScriptAsRawText(ScriptEngine.java:119)
	at com.kms.katalon.core.main.TestCaseExecutor.runScript(TestCaseExecutor.java:331)
	at com.kms.katalon.core.main.TestCaseExecutor.doExecute(TestCaseExecutor.java:322)
	at com.kms.katalon.core.main.TestCaseExecutor.processExecutionPhase(TestCaseExecutor.java:301)
	at com.kms.katalon.core.main.TestCaseExecutor.accessMainPhase(TestCaseExecutor.java:293)
	at com.kms.katalon.core.main.TestCaseExecutor.execute(TestCaseExecutor.java:227)
	at com.kms.katalon.core.main.TestSuiteExecutor.accessTestCaseMainPhase(TestSuiteExecutor.java:129)
	at com.kms.katalon.core.main.TestSuiteExecutor.accessTestSuiteMainPhase(TestSuiteExecutor.java:112)
	at com.kms.katalon.core.main.TestSuiteExecutor.execute(TestSuiteExecutor.java:81)
	at com.kms.katalon.core.main.TestCaseMain.startTestSuite(TestCaseMain.java:157)
	at com.kms.katalon.core.main.TestCaseMain$startTestSuite$0.call(Unknown Source)
	at TempTestSuite1556709731988.run(TempTestSuite1556709731988.groovy:35)


2019-05-01 14:39:03 - [TEST_STEP][FAILED] - runFeatureFile("Include/features/Governance-Module/Add-Idea/026-Verify-Execute-Idea-form.feature"): runFeatureFile("Include/features/Governance-Module/Add-Idea/026-Verify-Execute-Idea-form.feature") FAILED.
Reason:
com.kms.katalon.core.exception.StepFailedException: Feature file 'Include/features/Governance-Module/Add-Idea/026-Verify-Execute-Idea-form.feature' was failed
	at com.kms.katalon.core.keyword.internal.KeywordMain.stepFailed(KeywordMain.groovy:48)
	at com.kms.katalon.core.keyword.internal.KeywordMain.stepFailed(KeywordMain.groovy)
	at com.kms.katalon.core.keyword.internal.KeywordMain.stepFailed(KeywordMain.groovy:21)
	at com.kms.katalon.core.keyword.internal.KeywordMain$stepFailed$0.call(Unknown Source)
	at com.kms.katalon.core.cucumber.keyword.CucumberBuiltinKeywords$_runFeatureFile_closure1.doCall(CucumberBuiltinKeywords.groovy:82)
	at com.kms.katalon.core.cucumber.keyword.CucumberBuiltinKeywords$_runFeatureFile_closure1.doCall(CucumberBuiltinKeywords.groovy)
	at com.kms.katalon.core.keyword.internal.KeywordMain.runKeyword(KeywordMain.groovy:66)
	at com.kms.katalon.core.keyword.internal.KeywordMain$runKeyword.call(Unknown Source)
	at com.kms.katalon.core.cucumber.keyword.CucumberBuiltinKeywords.runFeatureFile(CucumberBuiltinKeywords.groovy:46)
	at com.kms.katalon.core.cucumber.keyword.CucumberBuiltinKeywords$runFeatureFile$0.callStatic(Unknown Source)
	at com.kms.katalon.core.cucumber.keyword.CucumberBuiltinKeywords.runFeatureFile(CucumberBuiltinKeywords.groovy:101)
	at com.kms.katalon.core.cucumber.keyword.CucumberBuiltinKeywords$runFeatureFile.call(Unknown Source)
	at 026-Verify-Execute-Idea-form.run(026-Verify-Execute-Idea-form:18)
	at com.kms.katalon.core.main.ScriptEngine.run(ScriptEngine.java:194)
	at com.kms.katalon.core.main.ScriptEngine.runScriptAsRawText(ScriptEngine.java:119)
	at com.kms.katalon.core.main.TestCaseExecutor.runScript(TestCaseExecutor.java:331)
	at com.kms.katalon.core.main.TestCaseExecutor.doExecute(TestCaseExecutor.java:322)
	at com.kms.katalon.core.main.TestCaseExecutor.processExecutionPhase(TestCaseExecutor.java:301)
	at com.kms.katalon.core.main.TestCaseExecutor.accessMainPhase(TestCaseExecutor.java:293)
	at com.kms.katalon.core.main.TestCaseExecutor.execute(TestCaseExecutor.java:227)
	at com.kms.katalon.core.main.TestSuiteExecutor.accessTestCaseMainPhase(TestSuiteExecutor.java:129)
	at com.kms.katalon.core.main.TestSuiteExecutor.accessTestSuiteMainPhase(TestSuiteExecutor.java:112)
	at com.kms.katalon.core.main.TestSuiteExecutor.execute(TestSuiteExecutor.java:81)
	at com.kms.katalon.core.main.TestCaseMain.startTestSuite(TestCaseMain.java:157)
	at com.kms.katalon.core.main.TestCaseMain$startTestSuite$0.call(Unknown Source)
	at TempTestSuite1556709731988.run(TempTestSuite1556709731988.groovy:35)


2019-05-01 14:39:03 - [MESSAGE][INFO] - Starting run keyword runFeatureFile: 'Include/features/Governance-Module/Add-Idea/026-Verify-Execute-Idea-form.feature' and extract report to folder: 'C:\Users\HP\git\PMO-Web-Application\Reports\First-Test-Suite\20190501_142211/cucumber_report/1556710743886'...

2019-05-01 14:39:04 - [TEST_CASE][FAILED] - Start Test Case : SCENARIO Verify execute idea form: SCENARIO Verify execute idea form FAILED.
Reason:
com.kms.katalon.core.exception.StepFailedException: Verify element text of test object 'Object Repository/OOBObjects/ApprovedIdeasListObjects/IdeaNameLinkInApprovedIdeasList' FAILED.
	at com.kms.katalon.core.webui.keyword.internal.WebUIKeywordMain.stepFailed(WebUIKeywordMain.groovy:64)
	at com.kms.katalon.core.webui.keyword.internal.WebUIKeywordMain.runKeyword(WebUIKeywordMain.groovy:26)
	at com.kms.katalon.core.webui.keyword.builtin.VerifyElementTextKeyword.verifyElementText(VerifyElementTextKeyword.groovy:72)
	at com.kms.katalon.core.webui.keyword.builtin.VerifyElementTextKeyword.execute(VerifyElementTextKeyword.groovy:40)
	at com.kms.katalon.core.keyword.internal.KeywordExecutor.executeKeywordForPlatform(KeywordExecutor.groovy:56)
	at com.kms.katalon.core.webui.keyword.WebUiBuiltInKeywords.verifyElementText(WebUiBuiltInKeywords.groovy:3663)
	at com.kms.katalon.core.webui.keyword.WebUiBuiltInKeywords$verifyElementText$14.call(Unknown Source)
	at com.pmo.steps.AddIdeaSteps.searchForApprovedIdeaByName(AddIdeaSteps.groovy:128)
	at ✽.I want to search for approved idea by name(C:/Users/HP/git/PMO-Web-Application/Include/features/Governance-Module/Add-Idea/026-Verify-Execute-Idea-form.feature:24)
Caused by: com.kms.katalon.core.exception.StepFailedException: com.kms.katalon.core.webui.exception.WebElementNotFoundException: Web element with id: 'Object Repository/OOBObjects/ApprovedIdeasListObjects/IdeaNameLinkInApprovedIdeasList' located by 'By.xpath: //table[@id='ideasTable']/tbody/tr/td/a' not found
	at com.kms.katalon.core.webui.keyword.internal.WebUIKeywordMain.stepFailed(WebUIKeywordMain.groovy:64)
	at com.kms.katalon.core.webui.keyword.builtin.VerifyElementTextKeyword$_verifyElementText_closure1.doCall(VerifyElementTextKeyword.groovy:64)
	at com.kms.katalon.core.webui.keyword.builtin.VerifyElementTextKeyword$_verifyElementText_closure1.call(VerifyElementTextKeyword.groovy)
	at com.kms.katalon.core.webui.keyword.internal.WebUIKeywordMain.runKeyword(WebUIKeywordMain.groovy:20)
	at com.kms.katalon.core.webui.keyword.builtin.VerifyElementTextKeyword.verifyElementText(VerifyElementTextKeyword.groovy:72)
	at com.kms.katalon.core.webui.keyword.builtin.VerifyElementTextKeyword.execute(VerifyElementTextKeyword.groovy:40)
	at com.kms.katalon.core.keyword.internal.KeywordExecutor.executeKeywordForPlatform(KeywordExecutor.groovy:56)
	at com.kms.katalon.core.webui.keyword.WebUiBuiltInKeywords.verifyElementText(WebUiBuiltInKeywords.groovy:3663)
	at com.kms.katalon.core.webui.keyword.WebUiBuiltInKeywords$verifyElementText$14.call(Unknown Source)
	at com.pmo.steps.AddIdeaSteps.searchForApprovedIdeaByName(AddIdeaSteps.groovy:128)
	at cucumber.runtime.Utils$1.call(Utils.java:26)
	at cucumber.runtime.Timeout.timeout(Timeout.java:16)
	at cucumber.runtime.Utils.invoke(Utils.java:20)
	at cucumber.runtime.java.JavaStepDefinition.execute(JavaStepDefinition.java:48)
	at cucumber.runtime.PickleStepDefinitionMatch.runStep(PickleStepDefinitionMatch.java:50)
	at cucumber.runner.TestStep.executeStep(TestStep.java:55)
	at cucumber.runner.TestStep.run(TestStep.java:42)
	at cucumber.runner.PickleStepTestStep.run(PickleStepTestStep.java:53)
	at cucumber.runner.TestCase.run(TestCase.java:47)
	at cucumber.runner.Runner.runPickle(Runner.java:44)
	at cucumber.runtime.Runtime.runFeature(Runtime.java:120)
	at cucumber.runtime.Runtime.run(Runtime.java:106)
	at cucumber.api.cli.Main.run(Main.java:35)
	at cucumber.api.cli.Main$run.call(Unknown Source)
	at com.kms.katalon.core.cucumber.keyword.CucumberBuiltinKeywords$_runFeatureFile_closure1.doCall(CucumberBuiltinKeywords.groovy:76)
	at com.kms.katalon.core.cucumber.keyword.CucumberBuiltinKeywords$_runFeatureFile_closure1.doCall(CucumberBuiltinKeywords.groovy)
	at com.kms.katalon.core.keyword.internal.KeywordMain.runKeyword(KeywordMain.groovy:66)
	at com.kms.katalon.core.keyword.internal.KeywordMain$runKeyword.call(Unknown Source)
	at com.kms.katalon.core.cucumber.keyword.CucumberBuiltinKeywords.runFeatureFile(CucumberBuiltinKeywords.groovy:46)
	at com.kms.katalon.core.cucumber.keyword.CucumberBuiltinKeywords$runFeatureFile$0.callStatic(Unknown Source)
	at com.kms.katalon.core.cucumber.keyword.CucumberBuiltinKeywords.runFeatureFile(CucumberBuiltinKeywords.groovy:101)
	at com.kms.katalon.core.cucumber.keyword.CucumberBuiltinKeywords$runFeatureFile.call(Unknown Source)
	at 026-Verify-Execute-Idea-form.run(026-Verify-Execute-Idea-form:18)
	at com.kms.katalon.core.main.ScriptEngine.run(ScriptEngine.java:194)
	at com.kms.katalon.core.main.ScriptEngine.runScriptAsRawText(ScriptEngine.java:119)
	at com.kms.katalon.core.main.TestCaseExecutor.runScript(TestCaseExecutor.java:331)
	at com.kms.katalon.core.main.TestCaseExecutor.doExecute(TestCaseExecutor.java:322)
	at com.kms.katalon.core.main.TestCaseExecutor.processExecutionPhase(TestCaseExecutor.java:301)
	at com.kms.katalon.core.main.TestCaseExecutor.accessMainPhase(TestCaseExecutor.java:293)
	at com.kms.katalon.core.main.TestCaseExecutor.execute(TestCaseExecutor.java:227)
	at com.kms.katalon.core.main.TestSuiteExecutor.accessTestCaseMainPhase(TestSuiteExecutor.java:129)
	at com.kms.katalon.core.main.TestSuiteExecutor.accessTestSuiteMainPhase(TestSuiteExecutor.java:112)
	at com.kms.katalon.core.main.TestSuiteExecutor.execute(TestSuiteExecutor.java:81)
	at com.kms.katalon.core.main.TestCaseMain.startTestSuite(TestCaseMain.java:157)
	at com.kms.katalon.core.main.TestCaseMain$startTestSuite$0.call(Unknown Source)
	at TempTestSuite1556709731988.run(TempTestSuite1556709731988.groovy:35)


2019-05-01 14:39:04 - [TEST_STEP][PASSED] - I want to open browser: I want to open browser

2019-05-01 14:39:04 - [MESSAGE][INFO] - Starting 'Chrome' driver

2019-05-01 14:39:06 - [MESSAGE][PASSED] - Browser is opened with url: ''

2019-05-01 14:39:06 - [MESSAGE][PASSED] - Delete all cookies successfully

2019-05-01 14:39:06 - [MESSAGE][PASSED] - I want to open browser

2019-05-01 14:39:06 - [TEST_STEP][PASSED] - I want to maximize window: I want to maximize window

2019-05-01 14:39:07 - [MESSAGE][PASSED] - Current window maximized

2019-05-01 14:39:07 - [MESSAGE][PASSED] - I want to maximize window

2019-05-01 14:39:07 - [TEST_STEP][PASSED] - I want to go to OOB: I want to go to OOB

2019-05-01 14:39:16 - [MESSAGE][PASSED] - Navigate to 'https://pmoadmin:P@ssw0rd@dev5.cloudapp.net/OOB2/' successfully

2019-05-01 14:39:16 - [MESSAGE][PASSED] - I want to go to OOB

2019-05-01 14:39:16 - [TEST_STEP][PASSED] - I want to verify I'm in OOB main page: I want to verify I'm in OOB main page

2019-05-01 14:39:16 - [MESSAGE][WARNING] - Timeout '0' is invalid. Using default page load timeout: '30'

2019-05-01 14:39:16 - [MESSAGE][PASSED] - Object 'Object Repository/OOBObjects/HomepageObjects/OOBSideBar' is present

2019-05-01 14:39:16 - [MESSAGE][PASSED] - I want to verify I'm in OOB main page

2019-05-01 14:39:16 - [TEST_STEP][PASSED] - I want to go to ideas list page: I want to go to ideas list page

2019-05-01 14:39:20 - [MESSAGE][PASSED] - Object: 'Object Repository/OOBObjects/HomepageObjects/IdeasList' is clicked on

2019-05-01 14:39:20 - [MESSAGE][PASSED] - I want to go to ideas list page

2019-05-01 14:39:20 - [TEST_STEP][PASSED] - I want to click on Add New button: I want to click on Add New button

2019-05-01 14:39:22 - [MESSAGE][PASSED] - Object: 'Object Repository/OOBObjects/IdeasListObjects/AddNewIdeaButton' is clicked on

2019-05-01 14:39:22 - [MESSAGE][PASSED] - I want to click on Add New button

2019-05-01 14:39:22 - [TEST_STEP][PASSED] - I want to fill idea name field: I want to fill idea name field

2019-05-01 14:39:22 - [MESSAGE][PASSED] - Text 'Automation8577' is set on object 'Object Repository/OOBObjects/IdeasListObjects/Idea-Name-Field'

2019-05-01 14:39:22 - [MESSAGE][PASSED] - I want to fill idea name field

2019-05-01 14:39:22 - [TEST_STEP][PASSED] - I want to select expected start date: I want to select expected start date

2019-05-01 14:39:22 - [MESSAGE][PASSED] - Object: 'Object Repository/OOBObjects/IdeasListObjects//GREGORIAN-Start-date-Check-Box' is clicked on

2019-05-01 14:39:22 - [MESSAGE][PASSED] - Object: 'Object Repository/OOBObjects/IdeasListObjects//Excepted-Start-Date' is clicked on

2019-05-01 14:39:22 - [MESSAGE][PASSED] - All options with index in [5] are selected on object 'Object Repository/OOBObjects/IdeasListObjects/StartDateMonthDropDwon'

2019-05-01 14:39:22 - [MESSAGE][PASSED] - Object: 'Object Repository/OOBObjects/IdeasListObjects//Day26' is hovered

2019-05-01 14:39:22 - [MESSAGE][PASSED] - Object: 'Object Repository/OOBObjects/IdeasListObjects//Day26' is clicked on

2019-05-01 14:39:22 - [MESSAGE][PASSED] - I want to select expected start date

2019-05-01 14:39:22 - [TEST_STEP][PASSED] - I want to select expected end date: I want to select expected end date

2019-05-01 14:39:23 - [MESSAGE][PASSED] - Object 'Object Repository/OOBObjects/IdeasListObjects/GREGORIAN-End-Date-Check-Box' is visible

2019-05-01 14:39:23 - [MESSAGE][PASSED] - Object: 'Object Repository/OOBObjects/IdeasListObjects/GREGORIAN-End-Date-Check-Box' is clicked on

2019-05-01 14:39:25 - [MESSAGE][PASSED] - Delayed 2 second(s)

2019-05-01 14:39:25 - [MESSAGE][PASSED] - Object: 'Object Repository/OOBObjects/IdeasListObjects/Excpected-End-Date' is hovered

2019-05-01 14:39:25 - [MESSAGE][PASSED] - Object: 'Object Repository/OOBObjects/IdeasListObjects/Excpected-End-Date' is clicked on

2019-05-01 14:39:25 - [MESSAGE][PASSED] - All options with index in [6] are selected on object 'Object Repository/OOBObjects/IdeasListObjects/EndDateMonthDropdown'

2019-05-01 14:39:25 - [MESSAGE][PASSED] - Object: 'Object Repository/OOBObjects/IdeasListObjects/EndDateDay15' is hovered

2019-05-01 14:39:25 - [MESSAGE][PASSED] - Object: 'Object Repository/OOBObjects/IdeasListObjects/EndDateDay15' is clicked on

2019-05-01 14:39:25 - [MESSAGE][PASSED] - I want to select expected end date

2019-05-01 14:39:25 - [TEST_STEP][PASSED] - I want to fill idea objective field: I want to fill idea objective field

2019-05-01 14:39:25 - [MESSAGE][PASSED] - Text 'Automation' is set on object 'Object Repository/OOBObjects/IdeasListObjects/Idea-Objective-Field'

2019-05-01 14:39:25 - [MESSAGE][PASSED] - I want to fill idea objective field

2019-05-01 14:39:25 - [TEST_STEP][PASSED] - I want to fill expected budget field: I want to fill expected budget field

2019-05-01 14:39:25 - [MESSAGE][PASSED] - Text '10000' is set on object 'Object Repository/OOBObjects/IdeasListObjects/Expected-Budget-Field'

2019-05-01 14:39:25 - [MESSAGE][PASSED] - I want to fill expected budget field

2019-05-01 14:39:25 - [TEST_STEP][PASSED] - I want to fill Notes field: I want to fill Notes field

2019-05-01 14:39:25 - [MESSAGE][PASSED] - Text 'test note' is set on object 'Object Repository/OOBObjects/IdeasListObjects/Notes-Field'

2019-05-01 14:39:25 - [MESSAGE][PASSED] - I want to fill Notes field

2019-05-01 14:39:25 - [TEST_STEP][PASSED] - I want to click send idea button: I want to click send idea button

2019-05-01 14:39:30 - [MESSAGE][PASSED] - Delayed 5 second(s)

2019-05-01 14:39:30 - [MESSAGE][WARNING] - Timeout '0' is invalid. Using default page load timeout: '30'

2019-05-01 14:39:30 - [MESSAGE][PASSED] - Scroll to object 'Object Repository/OOBObjects/IdeasListObjects/CardBlock' successfully

2019-05-01 14:39:30 - [MESSAGE][PASSED] - Object: 'Object Repository/OOBObjects/IdeasListObjects/SendIdeaButton' is clicked on

2019-05-01 14:39:30 - [MESSAGE][PASSED] - I want to click send idea button

2019-05-01 14:39:30 - [TEST_STEP][PASSED] - I want to verify idea added successfuly: I want to verify idea added successfuly

2019-05-01 14:39:30 - [MESSAGE][WARNING] - Timeout '0' is invalid. Using default page load timeout: '30'

2019-05-01 14:39:30 - [MESSAGE][PASSED] - Wait for page load successfully

2019-05-01 14:39:32 - [MESSAGE][PASSED] - Text 'Automation8577' is set on object 'Object Repository/OOBObjects/IdeasListObjects/SearchField'

2019-05-01 14:39:33 - [MESSAGE][PASSED] - Actual text and expected text of test object 'Object Repository/OOBObjects/IdeasListObjects/SearchResult' are matched.

2019-05-01 14:39:33 - [MESSAGE][PASSED] - I want to verify idea added successfuly

2019-05-01 14:39:33 - [TEST_STEP][PASSED] - I want to approve idea: I want to approve idea

2019-05-01 14:39:41 - [MESSAGE][PASSED] - Object: 'Object Repository/OOBObjects/HomepageObjects/InboxIcon' is clicked on

2019-05-01 14:39:41 - [MESSAGE][PASSED] - Object: 'Object Repository/OOBObjects/InboxPageObjects/BeforeInitiatePhase' is clicked on

2019-05-01 14:39:43 - [MESSAGE][PASSED] - Object: 'Object Repository/OOBObjects/InboxPageObjects/FirstIdea' is clicked on

2019-05-01 14:39:43 - [MESSAGE][PASSED] - Object: 'Object Repository/OOBObjects/InboxPageObjects/ApproveIdeaButton' is clicked on

2019-05-01 14:39:53 - [MESSAGE][PASSED] - Object: 'Object Repository/OOBObjects/InboxPageObjects/BeforeInitiatePhase' is clicked on

2019-05-01 14:39:55 - [MESSAGE][PASSED] - Object: 'Object Repository/OOBObjects/InboxPageObjects/FirstIdea' is clicked on

2019-05-01 14:39:55 - [MESSAGE][WARNING] - Timeout '0' is invalid. Using default page load timeout: '30'

2019-05-01 14:39:55 - [MESSAGE][PASSED] - Scroll to object 'Object Repository/OOBObjects/InboxPageObjects/AddNewAttachmentButtonApproveIdea' successfully

2019-05-01 14:39:55 - [MESSAGE][PASSED] - Object: 'Object Repository/OOBObjects/InboxPageObjects/AddNewAttachmentButtonApproveIdea' is clicked on

2019-05-01 14:39:55 - [MESSAGE][PASSED] - File 'C:\Users\HP\Desktop\SK.png' sent to object: 'Object Repository/OOBObjects/InboxPageObjects/UploadFileApproveIdea'

2019-05-01 14:39:55 - [MESSAGE][WARNING] - Timeout '0' is invalid. Using default page load timeout: '30'

2019-05-01 14:39:57 - [MESSAGE][PASSED] - Object 'Object Repository/OOBObjects/InboxPageObjects/AttachedFileApprovedIdea' is present

2019-05-01 14:39:57 - [MESSAGE][PASSED] - Object: 'Object Repository/OOBObjects/InboxPageObjects/LoadButtonApproveIdea' is clicked on

2019-05-01 14:39:57 - [MESSAGE][PASSED] - Object 'Object Repository/OOBObjects/InboxPageObjects/SendAproveIdeaSecondPhase' is clickable

2019-05-01 14:39:57 - [MESSAGE][PASSED] - Object: 'Object Repository/OOBObjects/InboxPageObjects/SendAproveIdeaSecondPhase' is hovered

2019-05-01 14:40:02 - [MESSAGE][PASSED] - Delayed 5 second(s)

2019-05-01 14:40:02 - [MESSAGE][PASSED] - Object: 'Object Repository/OOBObjects/InboxPageObjects/SendAproveIdeaSecondPhase' is clicked on

2019-05-01 14:40:19 - [MESSAGE][PASSED] - Object: 'Object Repository/OOBObjects/InboxPageObjects/BeforeInitiatePhase' is clicked on

2019-05-01 14:40:21 - [MESSAGE][PASSED] - Object: 'Object Repository/OOBObjects/InboxPageObjects/FirstIdea' is clicked on

2019-05-01 14:40:21 - [MESSAGE][PASSED] - Object: 'Object Repository/OOBObjects/InboxPageObjects/StrategicObjectiveCheckBox' is clicked on

2019-05-01 14:40:21 - [MESSAGE][PASSED] - All options with index in [1] are selected on object 'Object Repository/OOBObjects/InboxPageObjects/ddlInitiativesDropdwon'

2019-05-01 14:40:21 - [MESSAGE][PASSED] - Object: 'Object Repository/OOBObjects/InboxPageObjects/SendApproveIdeaThirdPhase' is clicked on

2019-05-01 14:40:30 - [MESSAGE][PASSED] - Object: 'Object Repository/OOBObjects/InboxPageObjects/BeforeInitiatePhase' is clicked on

2019-05-01 14:40:33 - [MESSAGE][PASSED] - Object: 'Object Repository/OOBObjects/InboxPageObjects/FirstIdea' is clicked on

2019-05-01 14:40:33 - [MESSAGE][PASSED] - All options with index in [1] are selected on object 'Object Repository/OOBObjects/InboxPageObjects/WalletDropdownApproveIdea'

2019-05-01 14:40:33 - [MESSAGE][PASSED] - All options with index in [1] are selected on object 'Object Repository/OOBObjects/InboxPageObjects/ProgramDropdownApproveIdea'

2019-05-01 14:40:33 - [MESSAGE][PASSED] - All options with index in [1] are selected on object 'Object Repository/OOBObjects/InboxPageObjects/OwnerDropdownApproveIdea'

2019-05-01 14:40:33 - [MESSAGE][PASSED] - Object: 'Object Repository/OOBObjects/InboxPageObjects/SendApproveIdeaFourthPhase' is clicked on

2019-05-01 14:40:42 - [MESSAGE][PASSED] - Object: 'Object Repository/OOBObjects/InboxPageObjects/BeforeInitiatePhase' is clicked on

2019-05-01 14:40:43 - [MESSAGE][PASSED] - Object: 'Object Repository/OOBObjects/InboxPageObjects/FirstIdea' is clicked on

2019-05-01 14:40:43 - [MESSAGE][PASSED] - Object: 'Object Repository/OOBObjects/InboxPageObjects/ApproveButtonFivthPhase' is clicked on

2019-05-01 14:40:55 - [MESSAGE][PASSED] - Object: 'Object Repository/OOBObjects/InboxPageObjects/BeforeInitiatePhase' is clicked on

2019-05-01 14:40:57 - [MESSAGE][PASSED] - Object: 'Object Repository/OOBObjects/InboxPageObjects/FirstIdea' is clicked on

2019-05-01 14:40:57 - [MESSAGE][PASSED] - Object: 'Object Repository/OOBObjects/InboxPageObjects/GeorgianCheckBoxApproveIdea' is clicked on

2019-05-01 14:40:57 - [MESSAGE][PASSED] - Object: 'Object Repository/OOBObjects/InboxPageObjects/ExceptedExecutionDateApproveIdea' is clicked on

2019-05-01 14:40:57 - [MESSAGE][PASSED] - All options with index in [3] are selected on object 'Object Repository/OOBObjects/InboxPageObjects/MonthsDropdownApproveIdea'

2019-05-01 14:40:57 - [MESSAGE][PASSED] - Object: 'Object Repository/OOBObjects/InboxPageObjects/Day30ApproveIdeaExcutionDate' is hovered

2019-05-01 14:40:57 - [MESSAGE][PASSED] - Object: 'Object Repository/OOBObjects/InboxPageObjects/Day30ApproveIdeaExcutionDate' is clicked on

2019-05-01 14:40:57 - [MESSAGE][PASSED] - All options with index in [1] are selected on object 'Object Repository/OOBObjects/InboxPageObjects/PriorityDropdownApproveIdea'

2019-05-01 14:40:57 - [MESSAGE][PASSED] - Object: 'Object Repository/OOBObjects/InboxPageObjects/SubmitButtonApproveIdae' is clicked on

2019-05-01 14:40:57 - [MESSAGE][PASSED] - I want to approve idea

2019-05-01 14:40:57 - [TEST_STEP][PASSED] - I want to go to OOB: I want to go to OOB

2019-05-01 14:40:58 - [MESSAGE][PASSED] - Navigate to 'https://pmoadmin:P@ssw0rd@dev5.cloudapp.net/OOB2/' successfully

2019-05-01 14:40:58 - [MESSAGE][PASSED] - I want to go to OOB

2019-05-01 14:40:58 - [TEST_STEP][PASSED] - I want to go to approved ideas list page: I want to go to approved ideas list page

2019-05-01 14:41:05 - [MESSAGE][PASSED] - Object: 'Object Repository/OOBObjects/HomepageObjects/ApprovedIdeasList' is clicked on

2019-05-01 14:41:05 - [MESSAGE][PASSED] - I want to go to approved ideas list page

2019-05-01 14:41:05 - [TEST_STEP][FAILED] - I want to search for approved idea by name: I want to search for approved idea by name FAILED.
Reason:
com.kms.katalon.core.exception.StepFailedException: Verify element text of test object 'Object Repository/OOBObjects/ApprovedIdeasListObjects/IdeaNameLinkInApprovedIdeasList' FAILED.
	at com.kms.katalon.core.webui.keyword.internal.WebUIKeywordMain.stepFailed(WebUIKeywordMain.groovy:64)
	at com.kms.katalon.core.webui.keyword.internal.WebUIKeywordMain.runKeyword(WebUIKeywordMain.groovy:26)
	at com.kms.katalon.core.webui.keyword.builtin.VerifyElementTextKeyword.verifyElementText(VerifyElementTextKeyword.groovy:72)
	at com.kms.katalon.core.webui.keyword.builtin.VerifyElementTextKeyword.execute(VerifyElementTextKeyword.groovy:40)
	at com.kms.katalon.core.keyword.internal.KeywordExecutor.executeKeywordForPlatform(KeywordExecutor.groovy:56)
	at com.kms.katalon.core.webui.keyword.WebUiBuiltInKeywords.verifyElementText(WebUiBuiltInKeywords.groovy:3663)
	at com.kms.katalon.core.webui.keyword.WebUiBuiltInKeywords$verifyElementText$14.call(Unknown Source)
	at com.pmo.steps.AddIdeaSteps.searchForApprovedIdeaByName(AddIdeaSteps.groovy:128)
	at ✽.I want to search for approved idea by name(C:/Users/HP/git/PMO-Web-Application/Include/features/Governance-Module/Add-Idea/026-Verify-Execute-Idea-form.feature:24)
Caused by: com.kms.katalon.core.exception.StepFailedException: com.kms.katalon.core.webui.exception.WebElementNotFoundException: Web element with id: 'Object Repository/OOBObjects/ApprovedIdeasListObjects/IdeaNameLinkInApprovedIdeasList' located by 'By.xpath: //table[@id='ideasTable']/tbody/tr/td/a' not found
	at com.kms.katalon.core.webui.keyword.internal.WebUIKeywordMain.stepFailed(WebUIKeywordMain.groovy:64)
	at com.kms.katalon.core.webui.keyword.builtin.VerifyElementTextKeyword$_verifyElementText_closure1.doCall(VerifyElementTextKeyword.groovy:64)
	at com.kms.katalon.core.webui.keyword.builtin.VerifyElementTextKeyword$_verifyElementText_closure1.call(VerifyElementTextKeyword.groovy)
	at com.kms.katalon.core.webui.keyword.internal.WebUIKeywordMain.runKeyword(WebUIKeywordMain.groovy:20)
	at com.kms.katalon.core.webui.keyword.builtin.VerifyElementTextKeyword.verifyElementText(VerifyElementTextKeyword.groovy:72)
	at com.kms.katalon.core.webui.keyword.builtin.VerifyElementTextKeyword.execute(VerifyElementTextKeyword.groovy:40)
	at com.kms.katalon.core.keyword.internal.KeywordExecutor.executeKeywordForPlatform(KeywordExecutor.groovy:56)
	at com.kms.katalon.core.webui.keyword.WebUiBuiltInKeywords.verifyElementText(WebUiBuiltInKeywords.groovy:3663)
	at com.kms.katalon.core.webui.keyword.WebUiBuiltInKeywords$verifyElementText$14.call(Unknown Source)
	at com.pmo.steps.AddIdeaSteps.searchForApprovedIdeaByName(AddIdeaSteps.groovy:128)
	at cucumber.runtime.Utils$1.call(Utils.java:26)
	at cucumber.runtime.Timeout.timeout(Timeout.java:16)
	at cucumber.runtime.Utils.invoke(Utils.java:20)
	at cucumber.runtime.java.JavaStepDefinition.execute(JavaStepDefinition.java:48)
	at cucumber.runtime.PickleStepDefinitionMatch.runStep(PickleStepDefinitionMatch.java:50)
	at cucumber.runner.TestStep.executeStep(TestStep.java:55)
	at cucumber.runner.TestStep.run(TestStep.java:42)
	at cucumber.runner.PickleStepTestStep.run(PickleStepTestStep.java:53)
	at cucumber.runner.TestCase.run(TestCase.java:47)
	at cucumber.runner.Runner.runPickle(Runner.java:44)
	at cucumber.runtime.Runtime.runFeature(Runtime.java:120)
	at cucumber.runtime.Runtime.run(Runtime.java:106)
	at cucumber.api.cli.Main.run(Main.java:35)
	at cucumber.api.cli.Main$run.call(Unknown Source)
	at com.kms.katalon.core.cucumber.keyword.CucumberBuiltinKeywords$_runFeatureFile_closure1.doCall(CucumberBuiltinKeywords.groovy:76)
	at com.kms.katalon.core.cucumber.keyword.CucumberBuiltinKeywords$_runFeatureFile_closure1.doCall(CucumberBuiltinKeywords.groovy)
	at com.kms.katalon.core.keyword.internal.KeywordMain.runKeyword(KeywordMain.groovy:66)
	at com.kms.katalon.core.keyword.internal.KeywordMain$runKeyword.call(Unknown Source)
	at com.kms.katalon.core.cucumber.keyword.CucumberBuiltinKeywords.runFeatureFile(CucumberBuiltinKeywords.groovy:46)
	at com.kms.katalon.core.cucumber.keyword.CucumberBuiltinKeywords$runFeatureFile$0.callStatic(Unknown Source)
	at com.kms.katalon.core.cucumber.keyword.CucumberBuiltinKeywords.runFeatureFile(CucumberBuiltinKeywords.groovy:101)
	at com.kms.katalon.core.cucumber.keyword.CucumberBuiltinKeywords$runFeatureFile.call(Unknown Source)
	at 026-Verify-Execute-Idea-form.run(026-Verify-Execute-Idea-form:18)
	at com.kms.katalon.core.main.ScriptEngine.run(ScriptEngine.java:194)
	at com.kms.katalon.core.main.ScriptEngine.runScriptAsRawText(ScriptEngine.java:119)
	at com.kms.katalon.core.main.TestCaseExecutor.runScript(TestCaseExecutor.java:331)
	at com.kms.katalon.core.main.TestCaseExecutor.doExecute(TestCaseExecutor.java:322)
	at com.kms.katalon.core.main.TestCaseExecutor.processExecutionPhase(TestCaseExecutor.java:301)
	at com.kms.katalon.core.main.TestCaseExecutor.accessMainPhase(TestCaseExecutor.java:293)
	at com.kms.katalon.core.main.TestCaseExecutor.execute(TestCaseExecutor.java:227)
	at com.kms.katalon.core.main.TestSuiteExecutor.accessTestCaseMainPhase(TestSuiteExecutor.java:129)
	at com.kms.katalon.core.main.TestSuiteExecutor.accessTestSuiteMainPhase(TestSuiteExecutor.java:112)
	at com.kms.katalon.core.main.TestSuiteExecutor.execute(TestSuiteExecutor.java:81)
	at com.kms.katalon.core.main.TestCaseMain.startTestSuite(TestCaseMain.java:157)
	at com.kms.katalon.core.main.TestCaseMain$startTestSuite$0.call(Unknown Source)
	at TempTestSuite1556709731988.run(TempTestSuite1556709731988.groovy:35)


2019-05-01 14:41:05 - [MESSAGE][PASSED] - Text 'Automation8577' is set on object 'Object Repository/OOBObjects/ApprovedIdeasListObjects/ApprovedIdeasSearchField'

2019-05-01 14:41:36 - [MESSAGE][INFO] - Unable to find the element located by 'By.xpath: //table[@id='ideasTable']/tbody/tr/td/a'. Please recheck the objects properties to make sure the desired element is located. 

2019-05-01 14:41:37 - [MESSAGE][FAILED] - com.kms.katalon.core.webui.exception.WebElementNotFoundException: Web element with id: 'Object Repository/OOBObjects/ApprovedIdeasListObjects/IdeaNameLinkInApprovedIdeasList' located by 'By.xpath: //table[@id='ideasTable']/tbody/tr/td/a' not found (Root cause: com.kms.katalon.core.exception.StepFailedException: com.kms.katalon.core.webui.exception.WebElementNotFoundException: Web element with id: 'Object Repository/OOBObjects/ApprovedIdeasListObjects/IdeaNameLinkInApprovedIdeasList' located by 'By.xpath: //table[@id='ideasTable']/tbody/tr/td/a' not found
	at com.kms.katalon.core.webui.keyword.internal.WebUIKeywordMain.stepFailed(WebUIKeywordMain.groovy:64)
	at com.kms.katalon.core.webui.keyword.builtin.VerifyElementTextKeyword$_verifyElementText_closure1.doCall(VerifyElementTextKeyword.groovy:64)
	at com.kms.katalon.core.webui.keyword.builtin.VerifyElementTextKeyword$_verifyElementText_closure1.call(VerifyElementTextKeyword.groovy)
	at com.kms.katalon.core.webui.keyword.internal.WebUIKeywordMain.runKeyword(WebUIKeywordMain.groovy:20)
	at com.kms.katalon.core.webui.keyword.builtin.VerifyElementTextKeyword.verifyElementText(VerifyElementTextKeyword.groovy:72)
	at com.kms.katalon.core.webui.keyword.builtin.VerifyElementTextKeyword.execute(VerifyElementTextKeyword.groovy:40)
	at com.kms.katalon.core.keyword.internal.KeywordExecutor.executeKeywordForPlatform(KeywordExecutor.groovy:56)
	at com.kms.katalon.core.webui.keyword.WebUiBuiltInKeywords.verifyElementText(WebUiBuiltInKeywords.groovy:3663)
	at com.kms.katalon.core.webui.keyword.WebUiBuiltInKeywords$verifyElementText$14.call(Unknown Source)
	at com.pmo.steps.AddIdeaSteps.searchForApprovedIdeaByName(AddIdeaSteps.groovy:128)
	at cucumber.runtime.Utils$1.call(Utils.java:26)
	at cucumber.runtime.Timeout.timeout(Timeout.java:16)
	at cucumber.runtime.Utils.invoke(Utils.java:20)
	at cucumber.runtime.java.JavaStepDefinition.execute(JavaStepDefinition.java:48)
	at cucumber.runtime.PickleStepDefinitionMatch.runStep(PickleStepDefinitionMatch.java:50)
	at cucumber.runner.TestStep.executeStep(TestStep.java:55)
	at cucumber.runner.TestStep.run(TestStep.java:42)
	at cucumber.runner.PickleStepTestStep.run(PickleStepTestStep.java:53)
	at cucumber.runner.TestCase.run(TestCase.java:47)
	at cucumber.runner.Runner.runPickle(Runner.java:44)
	at cucumber.runtime.Runtime.runFeature(Runtime.java:120)
	at cucumber.runtime.Runtime.run(Runtime.java:106)
	at cucumber.api.cli.Main.run(Main.java:35)
	at cucumber.api.cli.Main$run.call(Unknown Source)
	at com.kms.katalon.core.cucumber.keyword.CucumberBuiltinKeywords$_runFeatureFile_closure1.doCall(CucumberBuiltinKeywords.groovy:76)
	at com.kms.katalon.core.cucumber.keyword.CucumberBuiltinKeywords$_runFeatureFile_closure1.doCall(CucumberBuiltinKeywords.groovy)
	at com.kms.katalon.core.keyword.internal.KeywordMain.runKeyword(KeywordMain.groovy:66)
	at com.kms.katalon.core.keyword.internal.KeywordMain$runKeyword.call(Unknown Source)
	at com.kms.katalon.core.cucumber.keyword.CucumberBuiltinKeywords.runFeatureFile(CucumberBuiltinKeywords.groovy:46)
	at com.kms.katalon.core.cucumber.keyword.CucumberBuiltinKeywords$runFeatureFile$0.callStatic(Unknown Source)
	at com.kms.katalon.core.cucumber.keyword.CucumberBuiltinKeywords.runFeatureFile(CucumberBuiltinKeywords.groovy:101)
	at com.kms.katalon.core.cucumber.keyword.CucumberBuiltinKeywords$runFeatureFile.call(Unknown Source)
	at 026-Verify-Execute-Idea-form.run(026-Verify-Execute-Idea-form:18)
	at com.kms.katalon.core.main.ScriptEngine.run(ScriptEngine.java:194)
	at com.kms.katalon.core.main.ScriptEngine.runScriptAsRawText(ScriptEngine.java:119)
	at com.kms.katalon.core.main.TestCaseExecutor.runScript(TestCaseExecutor.java:331)
	at com.kms.katalon.core.main.TestCaseExecutor.doExecute(TestCaseExecutor.java:322)
	at com.kms.katalon.core.main.TestCaseExecutor.processExecutionPhase(TestCaseExecutor.java:301)
	at com.kms.katalon.core.main.TestCaseExecutor.accessMainPhase(TestCaseExecutor.java:293)
	at com.kms.katalon.core.main.TestCaseExecutor.execute(TestCaseExecutor.java:227)
	at com.kms.katalon.core.main.TestSuiteExecutor.accessTestCaseMainPhase(TestSuiteExecutor.java:129)
	at com.kms.katalon.core.main.TestSuiteExecutor.accessTestSuiteMainPhase(TestSuiteExecutor.java:112)
	at com.kms.katalon.core.main.TestSuiteExecutor.execute(TestSuiteExecutor.java:81)
	at com.kms.katalon.core.main.TestCaseMain.startTestSuite(TestCaseMain.java:157)
	at com.kms.katalon.core.main.TestCaseMain$startTestSuite$0.call(Unknown Source)
	at TempTestSuite1556709731988.run(TempTestSuite1556709731988.groovy:35)
)
[[ATTACHMENT|C:\\Users\\HP\\git\\PMO-Web-Application\\Reports\\First-Test-Suite\\20190501_142211\\1556710896952.png]]

2019-05-01 14:41:37 - [MESSAGE][FAILED] - Verify element text of test object 'Object Repository/OOBObjects/ApprovedIdeasListObjects/IdeaNameLinkInApprovedIdeasList' FAILED. (Root cause: com.kms.katalon.core.exception.StepFailedException: Verify element text of test object 'Object Repository/OOBObjects/ApprovedIdeasListObjects/IdeaNameLinkInApprovedIdeasList' FAILED.
	at com.kms.katalon.core.webui.keyword.internal.WebUIKeywordMain.stepFailed(WebUIKeywordMain.groovy:64)
	at com.kms.katalon.core.webui.keyword.internal.WebUIKeywordMain.runKeyword(WebUIKeywordMain.groovy:26)
	at com.kms.katalon.core.webui.keyword.builtin.VerifyElementTextKeyword.verifyElementText(VerifyElementTextKeyword.groovy:72)
	at com.kms.katalon.core.webui.keyword.builtin.VerifyElementTextKeyword.execute(VerifyElementTextKeyword.groovy:40)
	at com.kms.katalon.core.keyword.internal.KeywordExecutor.executeKeywordForPlatform(KeywordExecutor.groovy:56)
	at com.kms.katalon.core.webui.keyword.WebUiBuiltInKeywords.verifyElementText(WebUiBuiltInKeywords.groovy:3663)
	at com.kms.katalon.core.webui.keyword.WebUiBuiltInKeywords$verifyElementText$14.call(Unknown Source)
	at com.pmo.steps.AddIdeaSteps.searchForApprovedIdeaByName(AddIdeaSteps.groovy:128)
	at cucumber.runtime.Utils$1.call(Utils.java:26)
	at cucumber.runtime.Timeout.timeout(Timeout.java:16)
	at cucumber.runtime.Utils.invoke(Utils.java:20)
	at cucumber.runtime.java.JavaStepDefinition.execute(JavaStepDefinition.java:48)
	at cucumber.runtime.PickleStepDefinitionMatch.runStep(PickleStepDefinitionMatch.java:50)
	at cucumber.runner.TestStep.executeStep(TestStep.java:55)
	at cucumber.runner.TestStep.run(TestStep.java:42)
	at cucumber.runner.PickleStepTestStep.run(PickleStepTestStep.java:53)
	at cucumber.runner.TestCase.run(TestCase.java:47)
	at cucumber.runner.Runner.runPickle(Runner.java:44)
	at cucumber.runtime.Runtime.runFeature(Runtime.java:120)
	at cucumber.runtime.Runtime.run(Runtime.java:106)
	at cucumber.api.cli.Main.run(Main.java:35)
	at cucumber.api.cli.Main$run.call(Unknown Source)
	at com.kms.katalon.core.cucumber.keyword.CucumberBuiltinKeywords$_runFeatureFile_closure1.doCall(CucumberBuiltinKeywords.groovy:76)
	at com.kms.katalon.core.cucumber.keyword.CucumberBuiltinKeywords$_runFeatureFile_closure1.doCall(CucumberBuiltinKeywords.groovy)
	at com.kms.katalon.core.keyword.internal.KeywordMain.runKeyword(KeywordMain.groovy:66)
	at com.kms.katalon.core.keyword.internal.KeywordMain$runKeyword.call(Unknown Source)
	at com.kms.katalon.core.cucumber.keyword.CucumberBuiltinKeywords.runFeatureFile(CucumberBuiltinKeywords.groovy:46)
	at com.kms.katalon.core.cucumber.keyword.CucumberBuiltinKeywords$runFeatureFile$0.callStatic(Unknown Source)
	at com.kms.katalon.core.cucumber.keyword.CucumberBuiltinKeywords.runFeatureFile(CucumberBuiltinKeywords.groovy:101)
	at com.kms.katalon.core.cucumber.keyword.CucumberBuiltinKeywords$runFeatureFile.call(Unknown Source)
	at 026-Verify-Execute-Idea-form.run(026-Verify-Execute-Idea-form:18)
	at com.kms.katalon.core.main.ScriptEngine.run(ScriptEngine.java:194)
	at com.kms.katalon.core.main.ScriptEngine.runScriptAsRawText(ScriptEngine.java:119)
	at com.kms.katalon.core.main.TestCaseExecutor.runScript(TestCaseExecutor.java:331)
	at com.kms.katalon.core.main.TestCaseExecutor.doExecute(TestCaseExecutor.java:322)
	at com.kms.katalon.core.main.TestCaseExecutor.processExecutionPhase(TestCaseExecutor.java:301)
	at com.kms.katalon.core.main.TestCaseExecutor.accessMainPhase(TestCaseExecutor.java:293)
	at com.kms.katalon.core.main.TestCaseExecutor.execute(TestCaseExecutor.java:227)
	at com.kms.katalon.core.main.TestSuiteExecutor.accessTestCaseMainPhase(TestSuiteExecutor.java:129)
	at com.kms.katalon.core.main.TestSuiteExecutor.accessTestSuiteMainPhase(TestSuiteExecutor.java:112)
	at com.kms.katalon.core.main.TestSuiteExecutor.execute(TestSuiteExecutor.java:81)
	at com.kms.katalon.core.main.TestCaseMain.startTestSuite(TestCaseMain.java:157)
	at com.kms.katalon.core.main.TestCaseMain$startTestSuite$0.call(Unknown Source)
	at TempTestSuite1556709731988.run(TempTestSuite1556709731988.groovy:35)
Caused by: com.kms.katalon.core.exception.StepFailedException: com.kms.katalon.core.webui.exception.WebElementNotFoundException: Web element with id: 'Object Repository/OOBObjects/ApprovedIdeasListObjects/IdeaNameLinkInApprovedIdeasList' located by 'By.xpath: //table[@id='ideasTable']/tbody/tr/td/a' not found
	at com.kms.katalon.core.webui.keyword.internal.WebUIKeywordMain.stepFailed(WebUIKeywordMain.groovy:64)
	at com.kms.katalon.core.webui.keyword.builtin.VerifyElementTextKeyword$_verifyElementText_closure1.doCall(VerifyElementTextKeyword.groovy:64)
	at com.kms.katalon.core.webui.keyword.builtin.VerifyElementTextKeyword$_verifyElementText_closure1.call(VerifyElementTextKeyword.groovy)
	at com.kms.katalon.core.webui.keyword.internal.WebUIKeywordMain.runKeyword(WebUIKeywordMain.groovy:20)
	... 42 more
)
[[ATTACHMENT|C:\\Users\\HP\\git\\PMO-Web-Application\\Reports\\First-Test-Suite\\20190501_142211\\1556710897231.png]]

2019-05-01 14:41:37 - [MESSAGE][FAILED] - I want to search for approved idea by name FAILED.
Reason:
com.kms.katalon.core.exception.StepFailedException: Verify element text of test object 'Object Repository/OOBObjects/ApprovedIdeasListObjects/IdeaNameLinkInApprovedIdeasList' FAILED.
	at com.kms.katalon.core.webui.keyword.internal.WebUIKeywordMain.stepFailed(WebUIKeywordMain.groovy:64)
	at com.kms.katalon.core.webui.keyword.internal.WebUIKeywordMain.runKeyword(WebUIKeywordMain.groovy:26)
	at com.kms.katalon.core.webui.keyword.builtin.VerifyElementTextKeyword.verifyElementText(VerifyElementTextKeyword.groovy:72)
	at com.kms.katalon.core.webui.keyword.builtin.VerifyElementTextKeyword.execute(VerifyElementTextKeyword.groovy:40)
	at com.kms.katalon.core.keyword.internal.KeywordExecutor.executeKeywordForPlatform(KeywordExecutor.groovy:56)
	at com.kms.katalon.core.webui.keyword.WebUiBuiltInKeywords.verifyElementText(WebUiBuiltInKeywords.groovy:3663)
	at com.kms.katalon.core.webui.keyword.WebUiBuiltInKeywords$verifyElementText$14.call(Unknown Source)
	at com.pmo.steps.AddIdeaSteps.searchForApprovedIdeaByName(AddIdeaSteps.groovy:128)
	at ✽.I want to search for approved idea by name(C:/Users/HP/git/PMO-Web-Application/Include/features/Governance-Module/Add-Idea/026-Verify-Execute-Idea-form.feature:24)
Caused by: com.kms.katalon.core.exception.StepFailedException: com.kms.katalon.core.webui.exception.WebElementNotFoundException: Web element with id: 'Object Repository/OOBObjects/ApprovedIdeasListObjects/IdeaNameLinkInApprovedIdeasList' located by 'By.xpath: //table[@id='ideasTable']/tbody/tr/td/a' not found
	at com.kms.katalon.core.webui.keyword.internal.WebUIKeywordMain.stepFailed(WebUIKeywordMain.groovy:64)
	at com.kms.katalon.core.webui.keyword.builtin.VerifyElementTextKeyword$_verifyElementText_closure1.doCall(VerifyElementTextKeyword.groovy:64)
	at com.kms.katalon.core.webui.keyword.builtin.VerifyElementTextKeyword$_verifyElementText_closure1.call(VerifyElementTextKeyword.groovy)
	at com.kms.katalon.core.webui.keyword.internal.WebUIKeywordMain.runKeyword(WebUIKeywordMain.groovy:20)
	at com.kms.katalon.core.webui.keyword.builtin.VerifyElementTextKeyword.verifyElementText(VerifyElementTextKeyword.groovy:72)
	at com.kms.katalon.core.webui.keyword.builtin.VerifyElementTextKeyword.execute(VerifyElementTextKeyword.groovy:40)
	at com.kms.katalon.core.keyword.internal.KeywordExecutor.executeKeywordForPlatform(KeywordExecutor.groovy:56)
	at com.kms.katalon.core.webui.keyword.WebUiBuiltInKeywords.verifyElementText(WebUiBuiltInKeywords.groovy:3663)
	at com.kms.katalon.core.webui.keyword.WebUiBuiltInKeywords$verifyElementText$14.call(Unknown Source)
	at com.pmo.steps.AddIdeaSteps.searchForApprovedIdeaByName(AddIdeaSteps.groovy:128)
	at cucumber.runtime.Utils$1.call(Utils.java:26)
	at cucumber.runtime.Timeout.timeout(Timeout.java:16)
	at cucumber.runtime.Utils.invoke(Utils.java:20)
	at cucumber.runtime.java.JavaStepDefinition.execute(JavaStepDefinition.java:48)
	at cucumber.runtime.PickleStepDefinitionMatch.runStep(PickleStepDefinitionMatch.java:50)
	at cucumber.runner.TestStep.executeStep(TestStep.java:55)
	at cucumber.runner.TestStep.run(TestStep.java:42)
	at cucumber.runner.PickleStepTestStep.run(PickleStepTestStep.java:53)
	at cucumber.runner.TestCase.run(TestCase.java:47)
	at cucumber.runner.Runner.runPickle(Runner.java:44)
	at cucumber.runtime.Runtime.runFeature(Runtime.java:120)
	at cucumber.runtime.Runtime.run(Runtime.java:106)
	at cucumber.api.cli.Main.run(Main.java:35)
	at cucumber.api.cli.Main$run.call(Unknown Source)
	at com.kms.katalon.core.cucumber.keyword.CucumberBuiltinKeywords$_runFeatureFile_closure1.doCall(CucumberBuiltinKeywords.groovy:76)
	at com.kms.katalon.core.cucumber.keyword.CucumberBuiltinKeywords$_runFeatureFile_closure1.doCall(CucumberBuiltinKeywords.groovy)
	at com.kms.katalon.core.keyword.internal.KeywordMain.runKeyword(KeywordMain.groovy:66)
	at com.kms.katalon.core.keyword.internal.KeywordMain$runKeyword.call(Unknown Source)
	at com.kms.katalon.core.cucumber.keyword.CucumberBuiltinKeywords.runFeatureFile(CucumberBuiltinKeywords.groovy:46)
	at com.kms.katalon.core.cucumber.keyword.CucumberBuiltinKeywords$runFeatureFile$0.callStatic(Unknown Source)
	at com.kms.katalon.core.cucumber.keyword.CucumberBuiltinKeywords.runFeatureFile(CucumberBuiltinKeywords.groovy:101)
	at com.kms.katalon.core.cucumber.keyword.CucumberBuiltinKeywords$runFeatureFile.call(Unknown Source)
	at 026-Verify-Execute-Idea-form.run(026-Verify-Execute-Idea-form:18)
	at com.kms.katalon.core.main.ScriptEngine.run(ScriptEngine.java:194)
	at com.kms.katalon.core.main.ScriptEngine.runScriptAsRawText(ScriptEngine.java:119)
	at com.kms.katalon.core.main.TestCaseExecutor.runScript(TestCaseExecutor.java:331)
	at com.kms.katalon.core.main.TestCaseExecutor.doExecute(TestCaseExecutor.java:322)
	at com.kms.katalon.core.main.TestCaseExecutor.processExecutionPhase(TestCaseExecutor.java:301)
	at com.kms.katalon.core.main.TestCaseExecutor.accessMainPhase(TestCaseExecutor.java:293)
	at com.kms.katalon.core.main.TestCaseExecutor.execute(TestCaseExecutor.java:227)
	at com.kms.katalon.core.main.TestSuiteExecutor.accessTestCaseMainPhase(TestSuiteExecutor.java:129)
	at com.kms.katalon.core.main.TestSuiteExecutor.accessTestSuiteMainPhase(TestSuiteExecutor.java:112)
	at com.kms.katalon.core.main.TestSuiteExecutor.execute(TestSuiteExecutor.java:81)
	at com.kms.katalon.core.main.TestCaseMain.startTestSuite(TestCaseMain.java:157)
	at com.kms.katalon.core.main.TestCaseMain$startTestSuite$0.call(Unknown Source)
	at TempTestSuite1556709731988.run(TempTestSuite1556709731988.groovy:35)


2019-05-01 14:41:37 - [TEST_STEP][NOT_RUN] - I want to click Excute button: I want to click Excute button

2019-05-01 14:41:37 - [MESSAGE][NOT_RUN] - I want to click Excute button

2019-05-01 14:41:37 - [TEST_STEP][NOT_RUN] - I want to verify im in add new project page: I want to verify im in add new project page

2019-05-01 14:41:37 - [MESSAGE][NOT_RUN] - I want to verify im in add new project page

2019-05-01 14:41:37 - [TEST_STEP][NOT_RUN] - I want to check already filled fields: I want to check already filled fields

2019-05-01 14:41:37 - [MESSAGE][NOT_RUN] - I want to check already filled fields

2019-05-01 14:41:37 - [TEST_STEP][NOT_RUN] - I want to close browser: I want to close browser

2019-05-01 14:41:37 - [MESSAGE][NOT_RUN] - I want to close browser

2019-05-01 14:41:37 - [MESSAGE][FAILED] - Feature file 'Include/features/Governance-Module/Add-Idea/026-Verify-Execute-Idea-form.feature' was failed

2019-05-01 14:41:37 - [MESSAGE][FAILED] - Keyword runFeatureFile was failed (Root cause: com.kms.katalon.core.exception.StepFailedException: Feature file 'Include/features/Governance-Module/Add-Idea/026-Verify-Execute-Idea-form.feature' was failed
	at com.kms.katalon.core.keyword.internal.KeywordMain.stepFailed(KeywordMain.groovy:48)
	at com.kms.katalon.core.keyword.internal.KeywordMain.stepFailed(KeywordMain.groovy)
	at com.kms.katalon.core.keyword.internal.KeywordMain.stepFailed(KeywordMain.groovy:21)
	at com.kms.katalon.core.keyword.internal.KeywordMain$stepFailed$0.call(Unknown Source)
	at com.kms.katalon.core.cucumber.keyword.CucumberBuiltinKeywords$_runFeatureFile_closure1.doCall(CucumberBuiltinKeywords.groovy:82)
	at com.kms.katalon.core.cucumber.keyword.CucumberBuiltinKeywords$_runFeatureFile_closure1.doCall(CucumberBuiltinKeywords.groovy)
	at com.kms.katalon.core.keyword.internal.KeywordMain.runKeyword(KeywordMain.groovy:66)
	at com.kms.katalon.core.keyword.internal.KeywordMain$runKeyword.call(Unknown Source)
	at com.kms.katalon.core.cucumber.keyword.CucumberBuiltinKeywords.runFeatureFile(CucumberBuiltinKeywords.groovy:46)
	at com.kms.katalon.core.cucumber.keyword.CucumberBuiltinKeywords$runFeatureFile$0.callStatic(Unknown Source)
	at com.kms.katalon.core.cucumber.keyword.CucumberBuiltinKeywords.runFeatureFile(CucumberBuiltinKeywords.groovy:101)
	at com.kms.katalon.core.cucumber.keyword.CucumberBuiltinKeywords$runFeatureFile.call(Unknown Source)
	at 026-Verify-Execute-Idea-form.run(026-Verify-Execute-Idea-form:18)
	at com.kms.katalon.core.main.ScriptEngine.run(ScriptEngine.java:194)
	at com.kms.katalon.core.main.ScriptEngine.runScriptAsRawText(ScriptEngine.java:119)
	at com.kms.katalon.core.main.TestCaseExecutor.runScript(TestCaseExecutor.java:331)
	at com.kms.katalon.core.main.TestCaseExecutor.doExecute(TestCaseExecutor.java:322)
	at com.kms.katalon.core.main.TestCaseExecutor.processExecutionPhase(TestCaseExecutor.java:301)
	at com.kms.katalon.core.main.TestCaseExecutor.accessMainPhase(TestCaseExecutor.java:293)
	at com.kms.katalon.core.main.TestCaseExecutor.execute(TestCaseExecutor.java:227)
	at com.kms.katalon.core.main.TestSuiteExecutor.accessTestCaseMainPhase(TestSuiteExecutor.java:129)
	at com.kms.katalon.core.main.TestSuiteExecutor.accessTestSuiteMainPhase(TestSuiteExecutor.java:112)
	at com.kms.katalon.core.main.TestSuiteExecutor.execute(TestSuiteExecutor.java:81)
	at com.kms.katalon.core.main.TestCaseMain.startTestSuite(TestCaseMain.java:157)
	at com.kms.katalon.core.main.TestCaseMain$startTestSuite$0.call(Unknown Source)
	at TempTestSuite1556709731988.run(TempTestSuite1556709731988.groovy:35)
)

2019-05-01 14:41:37 - [MESSAGE][FAILED] - runFeatureFile("Include/features/Governance-Module/Add-Idea/026-Verify-Execute-Idea-form.feature") FAILED.
Reason:
com.kms.katalon.core.exception.StepFailedException: Feature file 'Include/features/Governance-Module/Add-Idea/026-Verify-Execute-Idea-form.feature' was failed
	at com.kms.katalon.core.keyword.internal.KeywordMain.stepFailed(KeywordMain.groovy:48)
	at com.kms.katalon.core.keyword.internal.KeywordMain.stepFailed(KeywordMain.groovy)
	at com.kms.katalon.core.keyword.internal.KeywordMain.stepFailed(KeywordMain.groovy:21)
	at com.kms.katalon.core.keyword.internal.KeywordMain$stepFailed$0.call(Unknown Source)
	at com.kms.katalon.core.cucumber.keyword.CucumberBuiltinKeywords$_runFeatureFile_closure1.doCall(CucumberBuiltinKeywords.groovy:82)
	at com.kms.katalon.core.cucumber.keyword.CucumberBuiltinKeywords$_runFeatureFile_closure1.doCall(CucumberBuiltinKeywords.groovy)
	at com.kms.katalon.core.keyword.internal.KeywordMain.runKeyword(KeywordMain.groovy:66)
	at com.kms.katalon.core.keyword.internal.KeywordMain$runKeyword.call(Unknown Source)
	at com.kms.katalon.core.cucumber.keyword.CucumberBuiltinKeywords.runFeatureFile(CucumberBuiltinKeywords.groovy:46)
	at com.kms.katalon.core.cucumber.keyword.CucumberBuiltinKeywords$runFeatureFile$0.callStatic(Unknown Source)
	at com.kms.katalon.core.cucumber.keyword.CucumberBuiltinKeywords.runFeatureFile(CucumberBuiltinKeywords.groovy:101)
	at com.kms.katalon.core.cucumber.keyword.CucumberBuiltinKeywords$runFeatureFile.call(Unknown Source)
	at 026-Verify-Execute-Idea-form.run(026-Verify-Execute-Idea-form:18)
	at com.kms.katalon.core.main.ScriptEngine.run(ScriptEngine.java:194)
	at com.kms.katalon.core.main.ScriptEngine.runScriptAsRawText(ScriptEngine.java:119)
	at com.kms.katalon.core.main.TestCaseExecutor.runScript(TestCaseExecutor.java:331)
	at com.kms.katalon.core.main.TestCaseExecutor.doExecute(TestCaseExecutor.java:322)
	at com.kms.katalon.core.main.TestCaseExecutor.processExecutionPhase(TestCaseExecutor.java:301)
	at com.kms.katalon.core.main.TestCaseExecutor.accessMainPhase(TestCaseExecutor.java:293)
	at com.kms.katalon.core.main.TestCaseExecutor.execute(TestCaseExecutor.java:227)
	at com.kms.katalon.core.main.TestSuiteExecutor.accessTestCaseMainPhase(TestSuiteExecutor.java:129)
	at com.kms.katalon.core.main.TestSuiteExecutor.accessTestSuiteMainPhase(TestSuiteExecutor.java:112)
	at com.kms.katalon.core.main.TestSuiteExecutor.execute(TestSuiteExecutor.java:81)
	at com.kms.katalon.core.main.TestCaseMain.startTestSuite(TestCaseMain.java:157)
	at com.kms.katalon.core.main.TestCaseMain$startTestSuite$0.call(Unknown Source)
	at TempTestSuite1556709731988.run(TempTestSuite1556709731988.groovy:35)]]></system-out>
         <system-err><![CDATA[2019-05-01 14:39:03 - [TEST_CASE][FAILED] - Test Cases/Main-Test-Cases/026-Verify-Execute-Idea-form: Test Cases/Main-Test-Cases/026-Verify-Execute-Idea-form FAILED.
Reason:
com.kms.katalon.core.exception.StepFailedException: Feature file 'Include/features/Governance-Module/Add-Idea/026-Verify-Execute-Idea-form.feature' was failed
	at com.kms.katalon.core.keyword.internal.KeywordMain.stepFailed(KeywordMain.groovy:48)
	at com.kms.katalon.core.keyword.internal.KeywordMain.stepFailed(KeywordMain.groovy)
	at com.kms.katalon.core.keyword.internal.KeywordMain.stepFailed(KeywordMain.groovy:21)
	at com.kms.katalon.core.keyword.internal.KeywordMain$stepFailed$0.call(Unknown Source)
	at com.kms.katalon.core.cucumber.keyword.CucumberBuiltinKeywords$_runFeatureFile_closure1.doCall(CucumberBuiltinKeywords.groovy:82)
	at com.kms.katalon.core.cucumber.keyword.CucumberBuiltinKeywords$_runFeatureFile_closure1.doCall(CucumberBuiltinKeywords.groovy)
	at com.kms.katalon.core.keyword.internal.KeywordMain.runKeyword(KeywordMain.groovy:66)
	at com.kms.katalon.core.keyword.internal.KeywordMain$runKeyword.call(Unknown Source)
	at com.kms.katalon.core.cucumber.keyword.CucumberBuiltinKeywords.runFeatureFile(CucumberBuiltinKeywords.groovy:46)
	at com.kms.katalon.core.cucumber.keyword.CucumberBuiltinKeywords$runFeatureFile$0.callStatic(Unknown Source)
	at com.kms.katalon.core.cucumber.keyword.CucumberBuiltinKeywords.runFeatureFile(CucumberBuiltinKeywords.groovy:101)
	at com.kms.katalon.core.cucumber.keyword.CucumberBuiltinKeywords$runFeatureFile.call(Unknown Source)
	at 026-Verify-Execute-Idea-form.run(026-Verify-Execute-Idea-form:18)
	at com.kms.katalon.core.main.ScriptEngine.run(ScriptEngine.java:194)
	at com.kms.katalon.core.main.ScriptEngine.runScriptAsRawText(ScriptEngine.java:119)
	at com.kms.katalon.core.main.TestCaseExecutor.runScript(TestCaseExecutor.java:331)
	at com.kms.katalon.core.main.TestCaseExecutor.doExecute(TestCaseExecutor.java:322)
	at com.kms.katalon.core.main.TestCaseExecutor.processExecutionPhase(TestCaseExecutor.java:301)
	at com.kms.katalon.core.main.TestCaseExecutor.accessMainPhase(TestCaseExecutor.java:293)
	at com.kms.katalon.core.main.TestCaseExecutor.execute(TestCaseExecutor.java:227)
	at com.kms.katalon.core.main.TestSuiteExecutor.accessTestCaseMainPhase(TestSuiteExecutor.java:129)
	at com.kms.katalon.core.main.TestSuiteExecutor.accessTestSuiteMainPhase(TestSuiteExecutor.java:112)
	at com.kms.katalon.core.main.TestSuiteExecutor.execute(TestSuiteExecutor.java:81)
	at com.kms.katalon.core.main.TestCaseMain.startTestSuite(TestCaseMain.java:157)
	at com.kms.katalon.core.main.TestCaseMain$startTestSuite$0.call(Unknown Source)
	at TempTestSuite1556709731988.run(TempTestSuite1556709731988.groovy:35)]]></system-err>
      </testcase>
      <testcase name="Test Cases/Main-Test-Cases/028-Cancel-Execution-Idea" classname="Test Cases/Main-Test-Cases/028-Cancel-Execution-Idea" status="FAILED">
         <failure type="FAILED" message="Test Cases/Main-Test-Cases/028-Cancel-Execution-Idea FAILED.
Reason:
com.kms.katalon.core.exception.StepFailedException: Feature file 'Include/features/Governance-Module/Add-Idea/028-Cancel-Execution-Idea.feature' was failed
	at com.kms.katalon.core.keyword.internal.KeywordMain.stepFailed(KeywordMain.groovy:48)
	at com.kms.katalon.core.keyword.internal.KeywordMain.stepFailed(KeywordMain.groovy)
	at com.kms.katalon.core.keyword.internal.KeywordMain.stepFailed(KeywordMain.groovy:21)
	at com.kms.katalon.core.keyword.internal.KeywordMain$stepFailed$0.call(Unknown Source)
	at com.kms.katalon.core.cucumber.keyword.CucumberBuiltinKeywords$_runFeatureFile_closure1.doCall(CucumberBuiltinKeywords.groovy:82)
	at com.kms.katalon.core.cucumber.keyword.CucumberBuiltinKeywords$_runFeatureFile_closure1.doCall(CucumberBuiltinKeywords.groovy)
	at com.kms.katalon.core.keyword.internal.KeywordMain.runKeyword(KeywordMain.groovy:66)
	at com.kms.katalon.core.keyword.internal.KeywordMain$runKeyword.call(Unknown Source)
	at com.kms.katalon.core.cucumber.keyword.CucumberBuiltinKeywords.runFeatureFile(CucumberBuiltinKeywords.groovy:46)
	at com.kms.katalon.core.cucumber.keyword.CucumberBuiltinKeywords$runFeatureFile$0.callStatic(Unknown Source)
	at com.kms.katalon.core.cucumber.keyword.CucumberBuiltinKeywords.runFeatureFile(CucumberBuiltinKeywords.groovy:101)
	at com.kms.katalon.core.cucumber.keyword.CucumberBuiltinKeywords$runFeatureFile.call(Unknown Source)
	at 028-Cancel-Execution-Idea.run(028-Cancel-Execution-Idea:18)
	at com.kms.katalon.core.main.ScriptEngine.run(ScriptEngine.java:194)
	at com.kms.katalon.core.main.ScriptEngine.runScriptAsRawText(ScriptEngine.java:119)
	at com.kms.katalon.core.main.TestCaseExecutor.runScript(TestCaseExecutor.java:331)
	at com.kms.katalon.core.main.TestCaseExecutor.doExecute(TestCaseExecutor.java:322)
	at com.kms.katalon.core.main.TestCaseExecutor.processExecutionPhase(TestCaseExecutor.java:301)
	at com.kms.katalon.core.main.TestCaseExecutor.accessMainPhase(TestCaseExecutor.java:293)
	at com.kms.katalon.core.main.TestCaseExecutor.execute(TestCaseExecutor.java:227)
	at com.kms.katalon.core.main.TestSuiteExecutor.accessTestCaseMainPhase(TestSuiteExecutor.java:129)
	at com.kms.katalon.core.main.TestSuiteExecutor.accessTestSuiteMainPhase(TestSuiteExecutor.java:112)
	at com.kms.katalon.core.main.TestSuiteExecutor.execute(TestSuiteExecutor.java:81)
	at com.kms.katalon.core.main.TestCaseMain.startTestSuite(TestCaseMain.java:157)
	at com.kms.katalon.core.main.TestCaseMain$startTestSuite$0.call(Unknown Source)
	at TempTestSuite1556709731988.run(TempTestSuite1556709731988.groovy:35)
"/>
         <system-out><![CDATA[2019-05-01 14:41:37 - [TEST_CASE][FAILED] - Test Cases/Main-Test-Cases/028-Cancel-Execution-Idea: Test Cases/Main-Test-Cases/028-Cancel-Execution-Idea FAILED.
Reason:
com.kms.katalon.core.exception.StepFailedException: Feature file 'Include/features/Governance-Module/Add-Idea/028-Cancel-Execution-Idea.feature' was failed
	at com.kms.katalon.core.keyword.internal.KeywordMain.stepFailed(KeywordMain.groovy:48)
	at com.kms.katalon.core.keyword.internal.KeywordMain.stepFailed(KeywordMain.groovy)
	at com.kms.katalon.core.keyword.internal.KeywordMain.stepFailed(KeywordMain.groovy:21)
	at com.kms.katalon.core.keyword.internal.KeywordMain$stepFailed$0.call(Unknown Source)
	at com.kms.katalon.core.cucumber.keyword.CucumberBuiltinKeywords$_runFeatureFile_closure1.doCall(CucumberBuiltinKeywords.groovy:82)
	at com.kms.katalon.core.cucumber.keyword.CucumberBuiltinKeywords$_runFeatureFile_closure1.doCall(CucumberBuiltinKeywords.groovy)
	at com.kms.katalon.core.keyword.internal.KeywordMain.runKeyword(KeywordMain.groovy:66)
	at com.kms.katalon.core.keyword.internal.KeywordMain$runKeyword.call(Unknown Source)
	at com.kms.katalon.core.cucumber.keyword.CucumberBuiltinKeywords.runFeatureFile(CucumberBuiltinKeywords.groovy:46)
	at com.kms.katalon.core.cucumber.keyword.CucumberBuiltinKeywords$runFeatureFile$0.callStatic(Unknown Source)
	at com.kms.katalon.core.cucumber.keyword.CucumberBuiltinKeywords.runFeatureFile(CucumberBuiltinKeywords.groovy:101)
	at com.kms.katalon.core.cucumber.keyword.CucumberBuiltinKeywords$runFeatureFile.call(Unknown Source)
	at 028-Cancel-Execution-Idea.run(028-Cancel-Execution-Idea:18)
	at com.kms.katalon.core.main.ScriptEngine.run(ScriptEngine.java:194)
	at com.kms.katalon.core.main.ScriptEngine.runScriptAsRawText(ScriptEngine.java:119)
	at com.kms.katalon.core.main.TestCaseExecutor.runScript(TestCaseExecutor.java:331)
	at com.kms.katalon.core.main.TestCaseExecutor.doExecute(TestCaseExecutor.java:322)
	at com.kms.katalon.core.main.TestCaseExecutor.processExecutionPhase(TestCaseExecutor.java:301)
	at com.kms.katalon.core.main.TestCaseExecutor.accessMainPhase(TestCaseExecutor.java:293)
	at com.kms.katalon.core.main.TestCaseExecutor.execute(TestCaseExecutor.java:227)
	at com.kms.katalon.core.main.TestSuiteExecutor.accessTestCaseMainPhase(TestSuiteExecutor.java:129)
	at com.kms.katalon.core.main.TestSuiteExecutor.accessTestSuiteMainPhase(TestSuiteExecutor.java:112)
	at com.kms.katalon.core.main.TestSuiteExecutor.execute(TestSuiteExecutor.java:81)
	at com.kms.katalon.core.main.TestCaseMain.startTestSuite(TestCaseMain.java:157)
	at com.kms.katalon.core.main.TestCaseMain$startTestSuite$0.call(Unknown Source)
	at TempTestSuite1556709731988.run(TempTestSuite1556709731988.groovy:35)


2019-05-01 14:41:37 - [TEST_STEP][FAILED] - runFeatureFile("Include/features/Governance-Module/Add-Idea/028-Cancel-Execution-Idea.feature"): runFeatureFile("Include/features/Governance-Module/Add-Idea/028-Cancel-Execution-Idea.feature") FAILED.
Reason:
com.kms.katalon.core.exception.StepFailedException: Feature file 'Include/features/Governance-Module/Add-Idea/028-Cancel-Execution-Idea.feature' was failed
	at com.kms.katalon.core.keyword.internal.KeywordMain.stepFailed(KeywordMain.groovy:48)
	at com.kms.katalon.core.keyword.internal.KeywordMain.stepFailed(KeywordMain.groovy)
	at com.kms.katalon.core.keyword.internal.KeywordMain.stepFailed(KeywordMain.groovy:21)
	at com.kms.katalon.core.keyword.internal.KeywordMain$stepFailed$0.call(Unknown Source)
	at com.kms.katalon.core.cucumber.keyword.CucumberBuiltinKeywords$_runFeatureFile_closure1.doCall(CucumberBuiltinKeywords.groovy:82)
	at com.kms.katalon.core.cucumber.keyword.CucumberBuiltinKeywords$_runFeatureFile_closure1.doCall(CucumberBuiltinKeywords.groovy)
	at com.kms.katalon.core.keyword.internal.KeywordMain.runKeyword(KeywordMain.groovy:66)
	at com.kms.katalon.core.keyword.internal.KeywordMain$runKeyword.call(Unknown Source)
	at com.kms.katalon.core.cucumber.keyword.CucumberBuiltinKeywords.runFeatureFile(CucumberBuiltinKeywords.groovy:46)
	at com.kms.katalon.core.cucumber.keyword.CucumberBuiltinKeywords$runFeatureFile$0.callStatic(Unknown Source)
	at com.kms.katalon.core.cucumber.keyword.CucumberBuiltinKeywords.runFeatureFile(CucumberBuiltinKeywords.groovy:101)
	at com.kms.katalon.core.cucumber.keyword.CucumberBuiltinKeywords$runFeatureFile.call(Unknown Source)
	at 028-Cancel-Execution-Idea.run(028-Cancel-Execution-Idea:18)
	at com.kms.katalon.core.main.ScriptEngine.run(ScriptEngine.java:194)
	at com.kms.katalon.core.main.ScriptEngine.runScriptAsRawText(ScriptEngine.java:119)
	at com.kms.katalon.core.main.TestCaseExecutor.runScript(TestCaseExecutor.java:331)
	at com.kms.katalon.core.main.TestCaseExecutor.doExecute(TestCaseExecutor.java:322)
	at com.kms.katalon.core.main.TestCaseExecutor.processExecutionPhase(TestCaseExecutor.java:301)
	at com.kms.katalon.core.main.TestCaseExecutor.accessMainPhase(TestCaseExecutor.java:293)
	at com.kms.katalon.core.main.TestCaseExecutor.execute(TestCaseExecutor.java:227)
	at com.kms.katalon.core.main.TestSuiteExecutor.accessTestCaseMainPhase(TestSuiteExecutor.java:129)
	at com.kms.katalon.core.main.TestSuiteExecutor.accessTestSuiteMainPhase(TestSuiteExecutor.java:112)
	at com.kms.katalon.core.main.TestSuiteExecutor.execute(TestSuiteExecutor.java:81)
	at com.kms.katalon.core.main.TestCaseMain.startTestSuite(TestCaseMain.java:157)
	at com.kms.katalon.core.main.TestCaseMain$startTestSuite$0.call(Unknown Source)
	at TempTestSuite1556709731988.run(TempTestSuite1556709731988.groovy:35)


2019-05-01 14:41:37 - [MESSAGE][INFO] - Starting run keyword runFeatureFile: 'Include/features/Governance-Module/Add-Idea/028-Cancel-Execution-Idea.feature' and extract report to folder: 'C:\Users\HP\git\PMO-Web-Application\Reports\First-Test-Suite\20190501_142211/cucumber_report/1556710897585'...

2019-05-01 14:41:37 - [TEST_CASE][FAILED] - Start Test Case : SCENARIO Verify Cancel execution idea: SCENARIO Verify Cancel execution idea FAILED.
Reason:
com.kms.katalon.core.exception.StepFailedException: Verify element text of test object 'Object Repository/OOBObjects/ApprovedIdeasListObjects/IdeaNameLinkInApprovedIdeasList' FAILED.
	at com.kms.katalon.core.webui.keyword.internal.WebUIKeywordMain.stepFailed(WebUIKeywordMain.groovy:64)
	at com.kms.katalon.core.webui.keyword.internal.WebUIKeywordMain.runKeyword(WebUIKeywordMain.groovy:26)
	at com.kms.katalon.core.webui.keyword.builtin.VerifyElementTextKeyword.verifyElementText(VerifyElementTextKeyword.groovy:72)
	at com.kms.katalon.core.webui.keyword.builtin.VerifyElementTextKeyword.execute(VerifyElementTextKeyword.groovy:40)
	at com.kms.katalon.core.keyword.internal.KeywordExecutor.executeKeywordForPlatform(KeywordExecutor.groovy:56)
	at com.kms.katalon.core.webui.keyword.WebUiBuiltInKeywords.verifyElementText(WebUiBuiltInKeywords.groovy:3663)
	at com.kms.katalon.core.webui.keyword.WebUiBuiltInKeywords$verifyElementText$14.call(Unknown Source)
	at com.pmo.steps.AddIdeaSteps.searchForApprovedIdeaByName(AddIdeaSteps.groovy:128)
	at ✽.I want to search for approved idea by name(C:/Users/HP/git/PMO-Web-Application/Include/features/Governance-Module/Add-Idea/028-Cancel-Execution-Idea.feature:24)
Caused by: com.kms.katalon.core.exception.StepFailedException: Actual text 'Automation1958' and expected text 'Automation195' of test object 'Object Repository/OOBObjects/ApprovedIdeasListObjects/IdeaNameLinkInApprovedIdeasList' are NOT matched.
	at com.kms.katalon.core.webui.keyword.internal.WebUIKeywordMain.stepFailed(WebUIKeywordMain.groovy:64)
	at com.kms.katalon.core.webui.keyword.builtin.VerifyElementTextKeyword$_verifyElementText_closure1.doCall(VerifyElementTextKeyword.groovy:57)
	at com.kms.katalon.core.webui.keyword.builtin.VerifyElementTextKeyword$_verifyElementText_closure1.call(VerifyElementTextKeyword.groovy)
	at com.kms.katalon.core.webui.keyword.internal.WebUIKeywordMain.runKeyword(WebUIKeywordMain.groovy:20)
	at com.kms.katalon.core.webui.keyword.builtin.VerifyElementTextKeyword.verifyElementText(VerifyElementTextKeyword.groovy:72)
	at com.kms.katalon.core.webui.keyword.builtin.VerifyElementTextKeyword.execute(VerifyElementTextKeyword.groovy:40)
	at com.kms.katalon.core.keyword.internal.KeywordExecutor.executeKeywordForPlatform(KeywordExecutor.groovy:56)
	at com.kms.katalon.core.webui.keyword.WebUiBuiltInKeywords.verifyElementText(WebUiBuiltInKeywords.groovy:3663)
	at com.kms.katalon.core.webui.keyword.WebUiBuiltInKeywords$verifyElementText$14.call(Unknown Source)
	at com.pmo.steps.AddIdeaSteps.searchForApprovedIdeaByName(AddIdeaSteps.groovy:128)
	at cucumber.runtime.Utils$1.call(Utils.java:26)
	at cucumber.runtime.Timeout.timeout(Timeout.java:16)
	at cucumber.runtime.Utils.invoke(Utils.java:20)
	at cucumber.runtime.java.JavaStepDefinition.execute(JavaStepDefinition.java:48)
	at cucumber.runtime.PickleStepDefinitionMatch.runStep(PickleStepDefinitionMatch.java:50)
	at cucumber.runner.TestStep.executeStep(TestStep.java:55)
	at cucumber.runner.TestStep.run(TestStep.java:42)
	at cucumber.runner.PickleStepTestStep.run(PickleStepTestStep.java:53)
	at cucumber.runner.TestCase.run(TestCase.java:47)
	at cucumber.runner.Runner.runPickle(Runner.java:44)
	at cucumber.runtime.Runtime.runFeature(Runtime.java:120)
	at cucumber.runtime.Runtime.run(Runtime.java:106)
	at cucumber.api.cli.Main.run(Main.java:35)
	at cucumber.api.cli.Main$run.call(Unknown Source)
	at com.kms.katalon.core.cucumber.keyword.CucumberBuiltinKeywords$_runFeatureFile_closure1.doCall(CucumberBuiltinKeywords.groovy:76)
	at com.kms.katalon.core.cucumber.keyword.CucumberBuiltinKeywords$_runFeatureFile_closure1.doCall(CucumberBuiltinKeywords.groovy)
	at com.kms.katalon.core.keyword.internal.KeywordMain.runKeyword(KeywordMain.groovy:66)
	at com.kms.katalon.core.keyword.internal.KeywordMain$runKeyword.call(Unknown Source)
	at com.kms.katalon.core.cucumber.keyword.CucumberBuiltinKeywords.runFeatureFile(CucumberBuiltinKeywords.groovy:46)
	at com.kms.katalon.core.cucumber.keyword.CucumberBuiltinKeywords$runFeatureFile$0.callStatic(Unknown Source)
	at com.kms.katalon.core.cucumber.keyword.CucumberBuiltinKeywords.runFeatureFile(CucumberBuiltinKeywords.groovy:101)
	at com.kms.katalon.core.cucumber.keyword.CucumberBuiltinKeywords$runFeatureFile.call(Unknown Source)
	at 028-Cancel-Execution-Idea.run(028-Cancel-Execution-Idea:18)
	at com.kms.katalon.core.main.ScriptEngine.run(ScriptEngine.java:194)
	at com.kms.katalon.core.main.ScriptEngine.runScriptAsRawText(ScriptEngine.java:119)
	at com.kms.katalon.core.main.TestCaseExecutor.runScript(TestCaseExecutor.java:331)
	at com.kms.katalon.core.main.TestCaseExecutor.doExecute(TestCaseExecutor.java:322)
	at com.kms.katalon.core.main.TestCaseExecutor.processExecutionPhase(TestCaseExecutor.java:301)
	at com.kms.katalon.core.main.TestCaseExecutor.accessMainPhase(TestCaseExecutor.java:293)
	at com.kms.katalon.core.main.TestCaseExecutor.execute(TestCaseExecutor.java:227)
	at com.kms.katalon.core.main.TestSuiteExecutor.accessTestCaseMainPhase(TestSuiteExecutor.java:129)
	at com.kms.katalon.core.main.TestSuiteExecutor.accessTestSuiteMainPhase(TestSuiteExecutor.java:112)
	at com.kms.katalon.core.main.TestSuiteExecutor.execute(TestSuiteExecutor.java:81)
	at com.kms.katalon.core.main.TestCaseMain.startTestSuite(TestCaseMain.java:157)
	at com.kms.katalon.core.main.TestCaseMain$startTestSuite$0.call(Unknown Source)
	at TempTestSuite1556709731988.run(TempTestSuite1556709731988.groovy:35)


2019-05-01 14:41:37 - [TEST_STEP][PASSED] - I want to open browser: I want to open browser

2019-05-01 14:41:37 - [MESSAGE][WARNING] - A browser is already opened. Closing browser and opening a new one

2019-05-01 14:41:38 - [MESSAGE][INFO] - Starting 'Chrome' driver

2019-05-01 14:41:40 - [MESSAGE][PASSED] - Browser is opened with url: ''

2019-05-01 14:41:40 - [MESSAGE][PASSED] - Delete all cookies successfully

2019-05-01 14:41:40 - [MESSAGE][PASSED] - I want to open browser

2019-05-01 14:41:40 - [TEST_STEP][PASSED] - I want to maximize window: I want to maximize window

2019-05-01 14:41:41 - [MESSAGE][PASSED] - Current window maximized

2019-05-01 14:41:41 - [MESSAGE][PASSED] - I want to maximize window

2019-05-01 14:41:41 - [TEST_STEP][PASSED] - I want to go to OOB: I want to go to OOB

2019-05-01 14:41:50 - [MESSAGE][PASSED] - Navigate to 'https://pmoadmin:P@ssw0rd@dev5.cloudapp.net/OOB2/' successfully

2019-05-01 14:41:50 - [MESSAGE][PASSED] - I want to go to OOB

2019-05-01 14:41:50 - [TEST_STEP][PASSED] - I want to verify I'm in OOB main page: I want to verify I'm in OOB main page

2019-05-01 14:41:50 - [MESSAGE][WARNING] - Timeout '0' is invalid. Using default page load timeout: '30'

2019-05-01 14:41:50 - [MESSAGE][PASSED] - Object 'Object Repository/OOBObjects/HomepageObjects/OOBSideBar' is present

2019-05-01 14:41:50 - [MESSAGE][PASSED] - I want to verify I'm in OOB main page

2019-05-01 14:41:50 - [TEST_STEP][PASSED] - I want to go to ideas list page: I want to go to ideas list page

2019-05-01 14:41:54 - [MESSAGE][PASSED] - Object: 'Object Repository/OOBObjects/HomepageObjects/IdeasList' is clicked on

2019-05-01 14:41:54 - [MESSAGE][PASSED] - I want to go to ideas list page

2019-05-01 14:41:54 - [TEST_STEP][PASSED] - I want to click on Add New button: I want to click on Add New button

2019-05-01 14:41:55 - [MESSAGE][PASSED] - Object: 'Object Repository/OOBObjects/IdeasListObjects/AddNewIdeaButton' is clicked on

2019-05-01 14:41:55 - [MESSAGE][PASSED] - I want to click on Add New button

2019-05-01 14:41:55 - [TEST_STEP][PASSED] - I want to fill idea name field: I want to fill idea name field

2019-05-01 14:41:56 - [MESSAGE][PASSED] - Text 'Automation195' is set on object 'Object Repository/OOBObjects/IdeasListObjects/Idea-Name-Field'

2019-05-01 14:41:56 - [MESSAGE][PASSED] - I want to fill idea name field

2019-05-01 14:41:56 - [TEST_STEP][PASSED] - I want to select expected start date: I want to select expected start date

2019-05-01 14:41:56 - [MESSAGE][PASSED] - Object: 'Object Repository/OOBObjects/IdeasListObjects//GREGORIAN-Start-date-Check-Box' is clicked on

2019-05-01 14:41:56 - [MESSAGE][PASSED] - Object: 'Object Repository/OOBObjects/IdeasListObjects//Excepted-Start-Date' is clicked on

2019-05-01 14:41:56 - [MESSAGE][PASSED] - All options with index in [5] are selected on object 'Object Repository/OOBObjects/IdeasListObjects/StartDateMonthDropDwon'

2019-05-01 14:41:56 - [MESSAGE][PASSED] - Object: 'Object Repository/OOBObjects/IdeasListObjects//Day26' is hovered

2019-05-01 14:41:56 - [MESSAGE][PASSED] - Object: 'Object Repository/OOBObjects/IdeasListObjects//Day26' is clicked on

2019-05-01 14:41:56 - [MESSAGE][PASSED] - I want to select expected start date

2019-05-01 14:41:56 - [TEST_STEP][PASSED] - I want to select expected end date: I want to select expected end date

2019-05-01 14:41:56 - [MESSAGE][PASSED] - Object 'Object Repository/OOBObjects/IdeasListObjects/GREGORIAN-End-Date-Check-Box' is visible

2019-05-01 14:41:56 - [MESSAGE][PASSED] - Object: 'Object Repository/OOBObjects/IdeasListObjects/GREGORIAN-End-Date-Check-Box' is clicked on

2019-05-01 14:41:58 - [MESSAGE][PASSED] - Delayed 2 second(s)

2019-05-01 14:41:58 - [MESSAGE][PASSED] - Object: 'Object Repository/OOBObjects/IdeasListObjects/Excpected-End-Date' is hovered

2019-05-01 14:41:58 - [MESSAGE][PASSED] - Object: 'Object Repository/OOBObjects/IdeasListObjects/Excpected-End-Date' is clicked on

2019-05-01 14:41:58 - [MESSAGE][PASSED] - All options with index in [6] are selected on object 'Object Repository/OOBObjects/IdeasListObjects/EndDateMonthDropdown'

2019-05-01 14:41:58 - [MESSAGE][PASSED] - Object: 'Object Repository/OOBObjects/IdeasListObjects/EndDateDay15' is hovered

2019-05-01 14:41:58 - [MESSAGE][PASSED] - Object: 'Object Repository/OOBObjects/IdeasListObjects/EndDateDay15' is clicked on

2019-05-01 14:41:58 - [MESSAGE][PASSED] - I want to select expected end date

2019-05-01 14:41:58 - [TEST_STEP][PASSED] - I want to fill idea objective field: I want to fill idea objective field

2019-05-01 14:41:59 - [MESSAGE][PASSED] - Text 'Automation' is set on object 'Object Repository/OOBObjects/IdeasListObjects/Idea-Objective-Field'

2019-05-01 14:41:59 - [MESSAGE][PASSED] - I want to fill idea objective field

2019-05-01 14:41:59 - [TEST_STEP][PASSED] - I want to fill expected budget field: I want to fill expected budget field

2019-05-01 14:41:59 - [MESSAGE][PASSED] - Text '10000' is set on object 'Object Repository/OOBObjects/IdeasListObjects/Expected-Budget-Field'

2019-05-01 14:41:59 - [MESSAGE][PASSED] - I want to fill expected budget field

2019-05-01 14:41:59 - [TEST_STEP][PASSED] - I want to fill Notes field: I want to fill Notes field

2019-05-01 14:41:59 - [MESSAGE][PASSED] - Text 'test note' is set on object 'Object Repository/OOBObjects/IdeasListObjects/Notes-Field'

2019-05-01 14:41:59 - [MESSAGE][PASSED] - I want to fill Notes field

2019-05-01 14:41:59 - [TEST_STEP][PASSED] - I want to click send idea button: I want to click send idea button

2019-05-01 14:42:04 - [MESSAGE][PASSED] - Delayed 5 second(s)

2019-05-01 14:42:04 - [MESSAGE][WARNING] - Timeout '0' is invalid. Using default page load timeout: '30'

2019-05-01 14:42:04 - [MESSAGE][PASSED] - Scroll to object 'Object Repository/OOBObjects/IdeasListObjects/CardBlock' successfully

2019-05-01 14:42:04 - [MESSAGE][PASSED] - Object: 'Object Repository/OOBObjects/IdeasListObjects/SendIdeaButton' is clicked on

2019-05-01 14:42:04 - [MESSAGE][PASSED] - I want to click send idea button

2019-05-01 14:42:04 - [TEST_STEP][PASSED] - I want to verify idea added successfuly: I want to verify idea added successfuly

2019-05-01 14:42:04 - [MESSAGE][WARNING] - Timeout '0' is invalid. Using default page load timeout: '30'

2019-05-01 14:42:04 - [MESSAGE][PASSED] - Wait for page load successfully

2019-05-01 14:42:06 - [MESSAGE][PASSED] - Text 'Automation195' is set on object 'Object Repository/OOBObjects/IdeasListObjects/SearchField'

2019-05-01 14:42:08 - [MESSAGE][PASSED] - Actual text and expected text of test object 'Object Repository/OOBObjects/IdeasListObjects/SearchResult' are matched.

2019-05-01 14:42:08 - [MESSAGE][PASSED] - I want to verify idea added successfuly

2019-05-01 14:42:08 - [TEST_STEP][PASSED] - I want to approve idea: I want to approve idea

2019-05-01 14:42:18 - [MESSAGE][PASSED] - Object: 'Object Repository/OOBObjects/HomepageObjects/InboxIcon' is clicked on

2019-05-01 14:42:18 - [MESSAGE][PASSED] - Object: 'Object Repository/OOBObjects/InboxPageObjects/BeforeInitiatePhase' is clicked on

2019-05-01 14:42:20 - [MESSAGE][PASSED] - Object: 'Object Repository/OOBObjects/InboxPageObjects/FirstIdea' is clicked on

2019-05-01 14:42:20 - [MESSAGE][PASSED] - Object: 'Object Repository/OOBObjects/InboxPageObjects/ApproveIdeaButton' is clicked on

2019-05-01 14:42:31 - [MESSAGE][PASSED] - Object: 'Object Repository/OOBObjects/InboxPageObjects/BeforeInitiatePhase' is clicked on

2019-05-01 14:42:32 - [MESSAGE][PASSED] - Object: 'Object Repository/OOBObjects/InboxPageObjects/FirstIdea' is clicked on

2019-05-01 14:42:32 - [MESSAGE][WARNING] - Timeout '0' is invalid. Using default page load timeout: '30'

2019-05-01 14:42:32 - [MESSAGE][PASSED] - Scroll to object 'Object Repository/OOBObjects/InboxPageObjects/AddNewAttachmentButtonApproveIdea' successfully

2019-05-01 14:42:32 - [MESSAGE][PASSED] - Object: 'Object Repository/OOBObjects/InboxPageObjects/AddNewAttachmentButtonApproveIdea' is clicked on

2019-05-01 14:42:33 - [MESSAGE][PASSED] - File 'C:\Users\HP\Desktop\SK.png' sent to object: 'Object Repository/OOBObjects/InboxPageObjects/UploadFileApproveIdea'

2019-05-01 14:42:33 - [MESSAGE][WARNING] - Timeout '0' is invalid. Using default page load timeout: '30'

2019-05-01 14:42:34 - [MESSAGE][PASSED] - Object 'Object Repository/OOBObjects/InboxPageObjects/AttachedFileApprovedIdea' is present

2019-05-01 14:42:34 - [MESSAGE][PASSED] - Object: 'Object Repository/OOBObjects/InboxPageObjects/LoadButtonApproveIdea' is clicked on

2019-05-01 14:42:34 - [MESSAGE][PASSED] - Object 'Object Repository/OOBObjects/InboxPageObjects/SendAproveIdeaSecondPhase' is clickable

2019-05-01 14:42:34 - [MESSAGE][PASSED] - Object: 'Object Repository/OOBObjects/InboxPageObjects/SendAproveIdeaSecondPhase' is hovered

2019-05-01 14:42:39 - [MESSAGE][PASSED] - Delayed 5 second(s)

2019-05-01 14:42:39 - [MESSAGE][PASSED] - Object: 'Object Repository/OOBObjects/InboxPageObjects/SendAproveIdeaSecondPhase' is clicked on

2019-05-01 14:42:48 - [MESSAGE][PASSED] - Object: 'Object Repository/OOBObjects/InboxPageObjects/BeforeInitiatePhase' is clicked on

2019-05-01 14:42:50 - [MESSAGE][PASSED] - Object: 'Object Repository/OOBObjects/InboxPageObjects/FirstIdea' is clicked on

2019-05-01 14:42:50 - [MESSAGE][PASSED] - Object: 'Object Repository/OOBObjects/InboxPageObjects/StrategicObjectiveCheckBox' is clicked on

2019-05-01 14:42:50 - [MESSAGE][PASSED] - All options with index in [1] are selected on object 'Object Repository/OOBObjects/InboxPageObjects/ddlInitiativesDropdwon'

2019-05-01 14:42:50 - [MESSAGE][PASSED] - Object: 'Object Repository/OOBObjects/InboxPageObjects/SendApproveIdeaThirdPhase' is clicked on

2019-05-01 14:43:02 - [MESSAGE][PASSED] - Object: 'Object Repository/OOBObjects/InboxPageObjects/BeforeInitiatePhase' is clicked on

2019-05-01 14:43:03 - [MESSAGE][PASSED] - Object: 'Object Repository/OOBObjects/InboxPageObjects/FirstIdea' is clicked on

2019-05-01 14:43:03 - [MESSAGE][PASSED] - All options with index in [1] are selected on object 'Object Repository/OOBObjects/InboxPageObjects/WalletDropdownApproveIdea'

2019-05-01 14:43:04 - [MESSAGE][PASSED] - All options with index in [1] are selected on object 'Object Repository/OOBObjects/InboxPageObjects/ProgramDropdownApproveIdea'

2019-05-01 14:43:04 - [MESSAGE][PASSED] - All options with index in [1] are selected on object 'Object Repository/OOBObjects/InboxPageObjects/OwnerDropdownApproveIdea'

2019-05-01 14:43:04 - [MESSAGE][PASSED] - Object: 'Object Repository/OOBObjects/InboxPageObjects/SendApproveIdeaFourthPhase' is clicked on

2019-05-01 14:43:13 - [MESSAGE][PASSED] - Object: 'Object Repository/OOBObjects/InboxPageObjects/BeforeInitiatePhase' is clicked on

2019-05-01 14:43:15 - [MESSAGE][PASSED] - Object: 'Object Repository/OOBObjects/InboxPageObjects/FirstIdea' is clicked on

2019-05-01 14:43:15 - [MESSAGE][PASSED] - Object: 'Object Repository/OOBObjects/InboxPageObjects/ApproveButtonFivthPhase' is clicked on

2019-05-01 14:43:23 - [MESSAGE][PASSED] - Object: 'Object Repository/OOBObjects/InboxPageObjects/BeforeInitiatePhase' is clicked on

2019-05-01 14:43:25 - [MESSAGE][PASSED] - Object: 'Object Repository/OOBObjects/InboxPageObjects/FirstIdea' is clicked on

2019-05-01 14:43:25 - [MESSAGE][PASSED] - Object: 'Object Repository/OOBObjects/InboxPageObjects/GeorgianCheckBoxApproveIdea' is clicked on

2019-05-01 14:43:25 - [MESSAGE][PASSED] - Object: 'Object Repository/OOBObjects/InboxPageObjects/ExceptedExecutionDateApproveIdea' is clicked on

2019-05-01 14:43:26 - [MESSAGE][PASSED] - All options with index in [3] are selected on object 'Object Repository/OOBObjects/InboxPageObjects/MonthsDropdownApproveIdea'

2019-05-01 14:43:26 - [MESSAGE][PASSED] - Object: 'Object Repository/OOBObjects/InboxPageObjects/Day30ApproveIdeaExcutionDate' is hovered

2019-05-01 14:43:26 - [MESSAGE][PASSED] - Object: 'Object Repository/OOBObjects/InboxPageObjects/Day30ApproveIdeaExcutionDate' is clicked on

2019-05-01 14:43:26 - [MESSAGE][PASSED] - All options with index in [1] are selected on object 'Object Repository/OOBObjects/InboxPageObjects/PriorityDropdownApproveIdea'

2019-05-01 14:43:26 - [MESSAGE][PASSED] - Object: 'Object Repository/OOBObjects/InboxPageObjects/SubmitButtonApproveIdae' is clicked on

2019-05-01 14:43:26 - [MESSAGE][PASSED] - I want to approve idea

2019-05-01 14:43:26 - [TEST_STEP][PASSED] - I want to go to OOB: I want to go to OOB

2019-05-01 14:43:36 - [MESSAGE][PASSED] - Navigate to 'https://pmoadmin:P@ssw0rd@dev5.cloudapp.net/OOB2/' successfully

2019-05-01 14:43:36 - [MESSAGE][PASSED] - I want to go to OOB

2019-05-01 14:43:36 - [TEST_STEP][PASSED] - I want to go to approved ideas list page: I want to go to approved ideas list page

2019-05-01 14:43:43 - [MESSAGE][PASSED] - Object: 'Object Repository/OOBObjects/HomepageObjects/ApprovedIdeasList' is clicked on

2019-05-01 14:43:43 - [MESSAGE][PASSED] - I want to go to approved ideas list page

2019-05-01 14:43:43 - [TEST_STEP][FAILED] - I want to search for approved idea by name: I want to search for approved idea by name FAILED.
Reason:
com.kms.katalon.core.exception.StepFailedException: Verify element text of test object 'Object Repository/OOBObjects/ApprovedIdeasListObjects/IdeaNameLinkInApprovedIdeasList' FAILED.
	at com.kms.katalon.core.webui.keyword.internal.WebUIKeywordMain.stepFailed(WebUIKeywordMain.groovy:64)
	at com.kms.katalon.core.webui.keyword.internal.WebUIKeywordMain.runKeyword(WebUIKeywordMain.groovy:26)
	at com.kms.katalon.core.webui.keyword.builtin.VerifyElementTextKeyword.verifyElementText(VerifyElementTextKeyword.groovy:72)
	at com.kms.katalon.core.webui.keyword.builtin.VerifyElementTextKeyword.execute(VerifyElementTextKeyword.groovy:40)
	at com.kms.katalon.core.keyword.internal.KeywordExecutor.executeKeywordForPlatform(KeywordExecutor.groovy:56)
	at com.kms.katalon.core.webui.keyword.WebUiBuiltInKeywords.verifyElementText(WebUiBuiltInKeywords.groovy:3663)
	at com.kms.katalon.core.webui.keyword.WebUiBuiltInKeywords$verifyElementText$14.call(Unknown Source)
	at com.pmo.steps.AddIdeaSteps.searchForApprovedIdeaByName(AddIdeaSteps.groovy:128)
	at ✽.I want to search for approved idea by name(C:/Users/HP/git/PMO-Web-Application/Include/features/Governance-Module/Add-Idea/028-Cancel-Execution-Idea.feature:24)
Caused by: com.kms.katalon.core.exception.StepFailedException: Actual text 'Automation1958' and expected text 'Automation195' of test object 'Object Repository/OOBObjects/ApprovedIdeasListObjects/IdeaNameLinkInApprovedIdeasList' are NOT matched.
	at com.kms.katalon.core.webui.keyword.internal.WebUIKeywordMain.stepFailed(WebUIKeywordMain.groovy:64)
	at com.kms.katalon.core.webui.keyword.builtin.VerifyElementTextKeyword$_verifyElementText_closure1.doCall(VerifyElementTextKeyword.groovy:57)
	at com.kms.katalon.core.webui.keyword.builtin.VerifyElementTextKeyword$_verifyElementText_closure1.call(VerifyElementTextKeyword.groovy)
	at com.kms.katalon.core.webui.keyword.internal.WebUIKeywordMain.runKeyword(WebUIKeywordMain.groovy:20)
	at com.kms.katalon.core.webui.keyword.builtin.VerifyElementTextKeyword.verifyElementText(VerifyElementTextKeyword.groovy:72)
	at com.kms.katalon.core.webui.keyword.builtin.VerifyElementTextKeyword.execute(VerifyElementTextKeyword.groovy:40)
	at com.kms.katalon.core.keyword.internal.KeywordExecutor.executeKeywordForPlatform(KeywordExecutor.groovy:56)
	at com.kms.katalon.core.webui.keyword.WebUiBuiltInKeywords.verifyElementText(WebUiBuiltInKeywords.groovy:3663)
	at com.kms.katalon.core.webui.keyword.WebUiBuiltInKeywords$verifyElementText$14.call(Unknown Source)
	at com.pmo.steps.AddIdeaSteps.searchForApprovedIdeaByName(AddIdeaSteps.groovy:128)
	at cucumber.runtime.Utils$1.call(Utils.java:26)
	at cucumber.runtime.Timeout.timeout(Timeout.java:16)
	at cucumber.runtime.Utils.invoke(Utils.java:20)
	at cucumber.runtime.java.JavaStepDefinition.execute(JavaStepDefinition.java:48)
	at cucumber.runtime.PickleStepDefinitionMatch.runStep(PickleStepDefinitionMatch.java:50)
	at cucumber.runner.TestStep.executeStep(TestStep.java:55)
	at cucumber.runner.TestStep.run(TestStep.java:42)
	at cucumber.runner.PickleStepTestStep.run(PickleStepTestStep.java:53)
	at cucumber.runner.TestCase.run(TestCase.java:47)
	at cucumber.runner.Runner.runPickle(Runner.java:44)
	at cucumber.runtime.Runtime.runFeature(Runtime.java:120)
	at cucumber.runtime.Runtime.run(Runtime.java:106)
	at cucumber.api.cli.Main.run(Main.java:35)
	at cucumber.api.cli.Main$run.call(Unknown Source)
	at com.kms.katalon.core.cucumber.keyword.CucumberBuiltinKeywords$_runFeatureFile_closure1.doCall(CucumberBuiltinKeywords.groovy:76)
	at com.kms.katalon.core.cucumber.keyword.CucumberBuiltinKeywords$_runFeatureFile_closure1.doCall(CucumberBuiltinKeywords.groovy)
	at com.kms.katalon.core.keyword.internal.KeywordMain.runKeyword(KeywordMain.groovy:66)
	at com.kms.katalon.core.keyword.internal.KeywordMain$runKeyword.call(Unknown Source)
	at com.kms.katalon.core.cucumber.keyword.CucumberBuiltinKeywords.runFeatureFile(CucumberBuiltinKeywords.groovy:46)
	at com.kms.katalon.core.cucumber.keyword.CucumberBuiltinKeywords$runFeatureFile$0.callStatic(Unknown Source)
	at com.kms.katalon.core.cucumber.keyword.CucumberBuiltinKeywords.runFeatureFile(CucumberBuiltinKeywords.groovy:101)
	at com.kms.katalon.core.cucumber.keyword.CucumberBuiltinKeywords$runFeatureFile.call(Unknown Source)
	at 028-Cancel-Execution-Idea.run(028-Cancel-Execution-Idea:18)
	at com.kms.katalon.core.main.ScriptEngine.run(ScriptEngine.java:194)
	at com.kms.katalon.core.main.ScriptEngine.runScriptAsRawText(ScriptEngine.java:119)
	at com.kms.katalon.core.main.TestCaseExecutor.runScript(TestCaseExecutor.java:331)
	at com.kms.katalon.core.main.TestCaseExecutor.doExecute(TestCaseExecutor.java:322)
	at com.kms.katalon.core.main.TestCaseExecutor.processExecutionPhase(TestCaseExecutor.java:301)
	at com.kms.katalon.core.main.TestCaseExecutor.accessMainPhase(TestCaseExecutor.java:293)
	at com.kms.katalon.core.main.TestCaseExecutor.execute(TestCaseExecutor.java:227)
	at com.kms.katalon.core.main.TestSuiteExecutor.accessTestCaseMainPhase(TestSuiteExecutor.java:129)
	at com.kms.katalon.core.main.TestSuiteExecutor.accessTestSuiteMainPhase(TestSuiteExecutor.java:112)
	at com.kms.katalon.core.main.TestSuiteExecutor.execute(TestSuiteExecutor.java:81)
	at com.kms.katalon.core.main.TestCaseMain.startTestSuite(TestCaseMain.java:157)
	at com.kms.katalon.core.main.TestCaseMain$startTestSuite$0.call(Unknown Source)
	at TempTestSuite1556709731988.run(TempTestSuite1556709731988.groovy:35)


2019-05-01 14:43:44 - [MESSAGE][PASSED] - Text 'Automation195' is set on object 'Object Repository/OOBObjects/ApprovedIdeasListObjects/ApprovedIdeasSearchField'

2019-05-01 14:43:44 - [MESSAGE][FAILED] - Actual text 'Automation1958' and expected text 'Automation195' of test object 'Object Repository/OOBObjects/ApprovedIdeasListObjects/IdeaNameLinkInApprovedIdeasList' are NOT matched. (Root cause: com.kms.katalon.core.exception.StepFailedException: Actual text 'Automation1958' and expected text 'Automation195' of test object 'Object Repository/OOBObjects/ApprovedIdeasListObjects/IdeaNameLinkInApprovedIdeasList' are NOT matched.
	at com.kms.katalon.core.webui.keyword.internal.WebUIKeywordMain.stepFailed(WebUIKeywordMain.groovy:64)
	at com.kms.katalon.core.webui.keyword.builtin.VerifyElementTextKeyword$_verifyElementText_closure1.doCall(VerifyElementTextKeyword.groovy:57)
	at com.kms.katalon.core.webui.keyword.builtin.VerifyElementTextKeyword$_verifyElementText_closure1.call(VerifyElementTextKeyword.groovy)
	at com.kms.katalon.core.webui.keyword.internal.WebUIKeywordMain.runKeyword(WebUIKeywordMain.groovy:20)
	at com.kms.katalon.core.webui.keyword.builtin.VerifyElementTextKeyword.verifyElementText(VerifyElementTextKeyword.groovy:72)
	at com.kms.katalon.core.webui.keyword.builtin.VerifyElementTextKeyword.execute(VerifyElementTextKeyword.groovy:40)
	at com.kms.katalon.core.keyword.internal.KeywordExecutor.executeKeywordForPlatform(KeywordExecutor.groovy:56)
	at com.kms.katalon.core.webui.keyword.WebUiBuiltInKeywords.verifyElementText(WebUiBuiltInKeywords.groovy:3663)
	at com.kms.katalon.core.webui.keyword.WebUiBuiltInKeywords$verifyElementText$14.call(Unknown Source)
	at com.pmo.steps.AddIdeaSteps.searchForApprovedIdeaByName(AddIdeaSteps.groovy:128)
	at cucumber.runtime.Utils$1.call(Utils.java:26)
	at cucumber.runtime.Timeout.timeout(Timeout.java:16)
	at cucumber.runtime.Utils.invoke(Utils.java:20)
	at cucumber.runtime.java.JavaStepDefinition.execute(JavaStepDefinition.java:48)
	at cucumber.runtime.PickleStepDefinitionMatch.runStep(PickleStepDefinitionMatch.java:50)
	at cucumber.runner.TestStep.executeStep(TestStep.java:55)
	at cucumber.runner.TestStep.run(TestStep.java:42)
	at cucumber.runner.PickleStepTestStep.run(PickleStepTestStep.java:53)
	at cucumber.runner.TestCase.run(TestCase.java:47)
	at cucumber.runner.Runner.runPickle(Runner.java:44)
	at cucumber.runtime.Runtime.runFeature(Runtime.java:120)
	at cucumber.runtime.Runtime.run(Runtime.java:106)
	at cucumber.api.cli.Main.run(Main.java:35)
	at cucumber.api.cli.Main$run.call(Unknown Source)
	at com.kms.katalon.core.cucumber.keyword.CucumberBuiltinKeywords$_runFeatureFile_closure1.doCall(CucumberBuiltinKeywords.groovy:76)
	at com.kms.katalon.core.cucumber.keyword.CucumberBuiltinKeywords$_runFeatureFile_closure1.doCall(CucumberBuiltinKeywords.groovy)
	at com.kms.katalon.core.keyword.internal.KeywordMain.runKeyword(KeywordMain.groovy:66)
	at com.kms.katalon.core.keyword.internal.KeywordMain$runKeyword.call(Unknown Source)
	at com.kms.katalon.core.cucumber.keyword.CucumberBuiltinKeywords.runFeatureFile(CucumberBuiltinKeywords.groovy:46)
	at com.kms.katalon.core.cucumber.keyword.CucumberBuiltinKeywords$runFeatureFile$0.callStatic(Unknown Source)
	at com.kms.katalon.core.cucumber.keyword.CucumberBuiltinKeywords.runFeatureFile(CucumberBuiltinKeywords.groovy:101)
	at com.kms.katalon.core.cucumber.keyword.CucumberBuiltinKeywords$runFeatureFile.call(Unknown Source)
	at 028-Cancel-Execution-Idea.run(028-Cancel-Execution-Idea:18)
	at com.kms.katalon.core.main.ScriptEngine.run(ScriptEngine.java:194)
	at com.kms.katalon.core.main.ScriptEngine.runScriptAsRawText(ScriptEngine.java:119)
	at com.kms.katalon.core.main.TestCaseExecutor.runScript(TestCaseExecutor.java:331)
	at com.kms.katalon.core.main.TestCaseExecutor.doExecute(TestCaseExecutor.java:322)
	at com.kms.katalon.core.main.TestCaseExecutor.processExecutionPhase(TestCaseExecutor.java:301)
	at com.kms.katalon.core.main.TestCaseExecutor.accessMainPhase(TestCaseExecutor.java:293)
	at com.kms.katalon.core.main.TestCaseExecutor.execute(TestCaseExecutor.java:227)
	at com.kms.katalon.core.main.TestSuiteExecutor.accessTestCaseMainPhase(TestSuiteExecutor.java:129)
	at com.kms.katalon.core.main.TestSuiteExecutor.accessTestSuiteMainPhase(TestSuiteExecutor.java:112)
	at com.kms.katalon.core.main.TestSuiteExecutor.execute(TestSuiteExecutor.java:81)
	at com.kms.katalon.core.main.TestCaseMain.startTestSuite(TestCaseMain.java:157)
	at com.kms.katalon.core.main.TestCaseMain$startTestSuite$0.call(Unknown Source)
	at TempTestSuite1556709731988.run(TempTestSuite1556709731988.groovy:35)
)
[[ATTACHMENT|C:\\Users\\HP\\git\\PMO-Web-Application\\Reports\\First-Test-Suite\\20190501_142211\\1556711024075.png]]

2019-05-01 14:43:44 - [MESSAGE][FAILED] - Verify element text of test object 'Object Repository/OOBObjects/ApprovedIdeasListObjects/IdeaNameLinkInApprovedIdeasList' FAILED. (Root cause: com.kms.katalon.core.exception.StepFailedException: Verify element text of test object 'Object Repository/OOBObjects/ApprovedIdeasListObjects/IdeaNameLinkInApprovedIdeasList' FAILED.
	at com.kms.katalon.core.webui.keyword.internal.WebUIKeywordMain.stepFailed(WebUIKeywordMain.groovy:64)
	at com.kms.katalon.core.webui.keyword.internal.WebUIKeywordMain.runKeyword(WebUIKeywordMain.groovy:26)
	at com.kms.katalon.core.webui.keyword.builtin.VerifyElementTextKeyword.verifyElementText(VerifyElementTextKeyword.groovy:72)
	at com.kms.katalon.core.webui.keyword.builtin.VerifyElementTextKeyword.execute(VerifyElementTextKeyword.groovy:40)
	at com.kms.katalon.core.keyword.internal.KeywordExecutor.executeKeywordForPlatform(KeywordExecutor.groovy:56)
	at com.kms.katalon.core.webui.keyword.WebUiBuiltInKeywords.verifyElementText(WebUiBuiltInKeywords.groovy:3663)
	at com.kms.katalon.core.webui.keyword.WebUiBuiltInKeywords$verifyElementText$14.call(Unknown Source)
	at com.pmo.steps.AddIdeaSteps.searchForApprovedIdeaByName(AddIdeaSteps.groovy:128)
	at cucumber.runtime.Utils$1.call(Utils.java:26)
	at cucumber.runtime.Timeout.timeout(Timeout.java:16)
	at cucumber.runtime.Utils.invoke(Utils.java:20)
	at cucumber.runtime.java.JavaStepDefinition.execute(JavaStepDefinition.java:48)
	at cucumber.runtime.PickleStepDefinitionMatch.runStep(PickleStepDefinitionMatch.java:50)
	at cucumber.runner.TestStep.executeStep(TestStep.java:55)
	at cucumber.runner.TestStep.run(TestStep.java:42)
	at cucumber.runner.PickleStepTestStep.run(PickleStepTestStep.java:53)
	at cucumber.runner.TestCase.run(TestCase.java:47)
	at cucumber.runner.Runner.runPickle(Runner.java:44)
	at cucumber.runtime.Runtime.runFeature(Runtime.java:120)
	at cucumber.runtime.Runtime.run(Runtime.java:106)
	at cucumber.api.cli.Main.run(Main.java:35)
	at cucumber.api.cli.Main$run.call(Unknown Source)
	at com.kms.katalon.core.cucumber.keyword.CucumberBuiltinKeywords$_runFeatureFile_closure1.doCall(CucumberBuiltinKeywords.groovy:76)
	at com.kms.katalon.core.cucumber.keyword.CucumberBuiltinKeywords$_runFeatureFile_closure1.doCall(CucumberBuiltinKeywords.groovy)
	at com.kms.katalon.core.keyword.internal.KeywordMain.runKeyword(KeywordMain.groovy:66)
	at com.kms.katalon.core.keyword.internal.KeywordMain$runKeyword.call(Unknown Source)
	at com.kms.katalon.core.cucumber.keyword.CucumberBuiltinKeywords.runFeatureFile(CucumberBuiltinKeywords.groovy:46)
	at com.kms.katalon.core.cucumber.keyword.CucumberBuiltinKeywords$runFeatureFile$0.callStatic(Unknown Source)
	at com.kms.katalon.core.cucumber.keyword.CucumberBuiltinKeywords.runFeatureFile(CucumberBuiltinKeywords.groovy:101)
	at com.kms.katalon.core.cucumber.keyword.CucumberBuiltinKeywords$runFeatureFile.call(Unknown Source)
	at 028-Cancel-Execution-Idea.run(028-Cancel-Execution-Idea:18)
	at com.kms.katalon.core.main.ScriptEngine.run(ScriptEngine.java:194)
	at com.kms.katalon.core.main.ScriptEngine.runScriptAsRawText(ScriptEngine.java:119)
	at com.kms.katalon.core.main.TestCaseExecutor.runScript(TestCaseExecutor.java:331)
	at com.kms.katalon.core.main.TestCaseExecutor.doExecute(TestCaseExecutor.java:322)
	at com.kms.katalon.core.main.TestCaseExecutor.processExecutionPhase(TestCaseExecutor.java:301)
	at com.kms.katalon.core.main.TestCaseExecutor.accessMainPhase(TestCaseExecutor.java:293)
	at com.kms.katalon.core.main.TestCaseExecutor.execute(TestCaseExecutor.java:227)
	at com.kms.katalon.core.main.TestSuiteExecutor.accessTestCaseMainPhase(TestSuiteExecutor.java:129)
	at com.kms.katalon.core.main.TestSuiteExecutor.accessTestSuiteMainPhase(TestSuiteExecutor.java:112)
	at com.kms.katalon.core.main.TestSuiteExecutor.execute(TestSuiteExecutor.java:81)
	at com.kms.katalon.core.main.TestCaseMain.startTestSuite(TestCaseMain.java:157)
	at com.kms.katalon.core.main.TestCaseMain$startTestSuite$0.call(Unknown Source)
	at TempTestSuite1556709731988.run(TempTestSuite1556709731988.groovy:35)
Caused by: com.kms.katalon.core.exception.StepFailedException: Actual text 'Automation1958' and expected text 'Automation195' of test object 'Object Repository/OOBObjects/ApprovedIdeasListObjects/IdeaNameLinkInApprovedIdeasList' are NOT matched.
	at com.kms.katalon.core.webui.keyword.internal.WebUIKeywordMain.stepFailed(WebUIKeywordMain.groovy:64)
	at com.kms.katalon.core.webui.keyword.builtin.VerifyElementTextKeyword$_verifyElementText_closure1.doCall(VerifyElementTextKeyword.groovy:57)
	at com.kms.katalon.core.webui.keyword.builtin.VerifyElementTextKeyword$_verifyElementText_closure1.call(VerifyElementTextKeyword.groovy)
	at com.kms.katalon.core.webui.keyword.internal.WebUIKeywordMain.runKeyword(WebUIKeywordMain.groovy:20)
	... 42 more
)
[[ATTACHMENT|C:\\Users\\HP\\git\\PMO-Web-Application\\Reports\\First-Test-Suite\\20190501_142211\\1556711024353.png]]

2019-05-01 14:43:44 - [MESSAGE][FAILED] - I want to search for approved idea by name FAILED.
Reason:
com.kms.katalon.core.exception.StepFailedException: Verify element text of test object 'Object Repository/OOBObjects/ApprovedIdeasListObjects/IdeaNameLinkInApprovedIdeasList' FAILED.
	at com.kms.katalon.core.webui.keyword.internal.WebUIKeywordMain.stepFailed(WebUIKeywordMain.groovy:64)
	at com.kms.katalon.core.webui.keyword.internal.WebUIKeywordMain.runKeyword(WebUIKeywordMain.groovy:26)
	at com.kms.katalon.core.webui.keyword.builtin.VerifyElementTextKeyword.verifyElementText(VerifyElementTextKeyword.groovy:72)
	at com.kms.katalon.core.webui.keyword.builtin.VerifyElementTextKeyword.execute(VerifyElementTextKeyword.groovy:40)
	at com.kms.katalon.core.keyword.internal.KeywordExecutor.executeKeywordForPlatform(KeywordExecutor.groovy:56)
	at com.kms.katalon.core.webui.keyword.WebUiBuiltInKeywords.verifyElementText(WebUiBuiltInKeywords.groovy:3663)
	at com.kms.katalon.core.webui.keyword.WebUiBuiltInKeywords$verifyElementText$14.call(Unknown Source)
	at com.pmo.steps.AddIdeaSteps.searchForApprovedIdeaByName(AddIdeaSteps.groovy:128)
	at ✽.I want to search for approved idea by name(C:/Users/HP/git/PMO-Web-Application/Include/features/Governance-Module/Add-Idea/028-Cancel-Execution-Idea.feature:24)
Caused by: com.kms.katalon.core.exception.StepFailedException: Actual text 'Automation1958' and expected text 'Automation195' of test object 'Object Repository/OOBObjects/ApprovedIdeasListObjects/IdeaNameLinkInApprovedIdeasList' are NOT matched.
	at com.kms.katalon.core.webui.keyword.internal.WebUIKeywordMain.stepFailed(WebUIKeywordMain.groovy:64)
	at com.kms.katalon.core.webui.keyword.builtin.VerifyElementTextKeyword$_verifyElementText_closure1.doCall(VerifyElementTextKeyword.groovy:57)
	at com.kms.katalon.core.webui.keyword.builtin.VerifyElementTextKeyword$_verifyElementText_closure1.call(VerifyElementTextKeyword.groovy)
	at com.kms.katalon.core.webui.keyword.internal.WebUIKeywordMain.runKeyword(WebUIKeywordMain.groovy:20)
	at com.kms.katalon.core.webui.keyword.builtin.VerifyElementTextKeyword.verifyElementText(VerifyElementTextKeyword.groovy:72)
	at com.kms.katalon.core.webui.keyword.builtin.VerifyElementTextKeyword.execute(VerifyElementTextKeyword.groovy:40)
	at com.kms.katalon.core.keyword.internal.KeywordExecutor.executeKeywordForPlatform(KeywordExecutor.groovy:56)
	at com.kms.katalon.core.webui.keyword.WebUiBuiltInKeywords.verifyElementText(WebUiBuiltInKeywords.groovy:3663)
	at com.kms.katalon.core.webui.keyword.WebUiBuiltInKeywords$verifyElementText$14.call(Unknown Source)
	at com.pmo.steps.AddIdeaSteps.searchForApprovedIdeaByName(AddIdeaSteps.groovy:128)
	at cucumber.runtime.Utils$1.call(Utils.java:26)
	at cucumber.runtime.Timeout.timeout(Timeout.java:16)
	at cucumber.runtime.Utils.invoke(Utils.java:20)
	at cucumber.runtime.java.JavaStepDefinition.execute(JavaStepDefinition.java:48)
	at cucumber.runtime.PickleStepDefinitionMatch.runStep(PickleStepDefinitionMatch.java:50)
	at cucumber.runner.TestStep.executeStep(TestStep.java:55)
	at cucumber.runner.TestStep.run(TestStep.java:42)
	at cucumber.runner.PickleStepTestStep.run(PickleStepTestStep.java:53)
	at cucumber.runner.TestCase.run(TestCase.java:47)
	at cucumber.runner.Runner.runPickle(Runner.java:44)
	at cucumber.runtime.Runtime.runFeature(Runtime.java:120)
	at cucumber.runtime.Runtime.run(Runtime.java:106)
	at cucumber.api.cli.Main.run(Main.java:35)
	at cucumber.api.cli.Main$run.call(Unknown Source)
	at com.kms.katalon.core.cucumber.keyword.CucumberBuiltinKeywords$_runFeatureFile_closure1.doCall(CucumberBuiltinKeywords.groovy:76)
	at com.kms.katalon.core.cucumber.keyword.CucumberBuiltinKeywords$_runFeatureFile_closure1.doCall(CucumberBuiltinKeywords.groovy)
	at com.kms.katalon.core.keyword.internal.KeywordMain.runKeyword(KeywordMain.groovy:66)
	at com.kms.katalon.core.keyword.internal.KeywordMain$runKeyword.call(Unknown Source)
	at com.kms.katalon.core.cucumber.keyword.CucumberBuiltinKeywords.runFeatureFile(CucumberBuiltinKeywords.groovy:46)
	at com.kms.katalon.core.cucumber.keyword.CucumberBuiltinKeywords$runFeatureFile$0.callStatic(Unknown Source)
	at com.kms.katalon.core.cucumber.keyword.CucumberBuiltinKeywords.runFeatureFile(CucumberBuiltinKeywords.groovy:101)
	at com.kms.katalon.core.cucumber.keyword.CucumberBuiltinKeywords$runFeatureFile.call(Unknown Source)
	at 028-Cancel-Execution-Idea.run(028-Cancel-Execution-Idea:18)
	at com.kms.katalon.core.main.ScriptEngine.run(ScriptEngine.java:194)
	at com.kms.katalon.core.main.ScriptEngine.runScriptAsRawText(ScriptEngine.java:119)
	at com.kms.katalon.core.main.TestCaseExecutor.runScript(TestCaseExecutor.java:331)
	at com.kms.katalon.core.main.TestCaseExecutor.doExecute(TestCaseExecutor.java:322)
	at com.kms.katalon.core.main.TestCaseExecutor.processExecutionPhase(TestCaseExecutor.java:301)
	at com.kms.katalon.core.main.TestCaseExecutor.accessMainPhase(TestCaseExecutor.java:293)
	at com.kms.katalon.core.main.TestCaseExecutor.execute(TestCaseExecutor.java:227)
	at com.kms.katalon.core.main.TestSuiteExecutor.accessTestCaseMainPhase(TestSuiteExecutor.java:129)
	at com.kms.katalon.core.main.TestSuiteExecutor.accessTestSuiteMainPhase(TestSuiteExecutor.java:112)
	at com.kms.katalon.core.main.TestSuiteExecutor.execute(TestSuiteExecutor.java:81)
	at com.kms.katalon.core.main.TestCaseMain.startTestSuite(TestCaseMain.java:157)
	at com.kms.katalon.core.main.TestCaseMain$startTestSuite$0.call(Unknown Source)
	at TempTestSuite1556709731988.run(TempTestSuite1556709731988.groovy:35)


2019-05-01 14:43:44 - [TEST_STEP][NOT_RUN] - I want to click Excute button: I want to click Excute button

2019-05-01 14:43:44 - [MESSAGE][NOT_RUN] - I want to click Excute button

2019-05-01 14:43:44 - [TEST_STEP][NOT_RUN] - I want to verify im in add new project page: I want to verify im in add new project page

2019-05-01 14:43:44 - [MESSAGE][NOT_RUN] - I want to verify im in add new project page

2019-05-01 14:43:44 - [TEST_STEP][NOT_RUN] - I want to select project type: I want to select project type

2019-05-01 14:43:44 - [MESSAGE][NOT_RUN] - I want to select project type

2019-05-01 14:43:44 - [TEST_STEP][NOT_RUN] - I want to fill project manager field: I want to fill project manager field

2019-05-01 14:43:44 - [MESSAGE][NOT_RUN] - I want to fill project manager field

2019-05-01 14:43:44 - [TEST_STEP][NOT_RUN] - I want to tap enter key on manager field: I want to tap enter key on manager field

2019-05-01 14:43:44 - [MESSAGE][NOT_RUN] - I want to tap enter key on manager field

2019-05-01 14:43:44 - [TEST_STEP][NOT_RUN] - I want to fill project owner field: I want to fill project owner field

2019-05-01 14:43:44 - [MESSAGE][NOT_RUN] - I want to fill project owner field

2019-05-01 14:43:44 - [TEST_STEP][NOT_RUN] - I want to tap enter key on owner field: I want to tap enter key on owner field

2019-05-01 14:43:44 - [MESSAGE][NOT_RUN] - I want to tap enter key on owner field

2019-05-01 14:43:44 - [TEST_STEP][NOT_RUN] - I want to fill project sponser field: I want to fill project sponser field

2019-05-01 14:43:44 - [MESSAGE][NOT_RUN] - I want to fill project sponser field

2019-05-01 14:43:44 - [TEST_STEP][NOT_RUN] - I want to tap enter key on sponser field: I want to tap enter key on sponser field

2019-05-01 14:43:44 - [MESSAGE][NOT_RUN] - I want to tap enter key on sponser field

2019-05-01 14:43:44 - [TEST_STEP][NOT_RUN] - I want to fill project description field: I want to fill project description field

2019-05-01 14:43:44 - [MESSAGE][NOT_RUN] - I want to fill project description field

2019-05-01 14:43:44 - [TEST_STEP][NOT_RUN] - I want to fill project notes field: I want to fill project notes field

2019-05-01 14:43:44 - [MESSAGE][NOT_RUN] - I want to fill project notes field

2019-05-01 14:43:44 - [TEST_STEP][NOT_RUN] - I want to wait: I want to wait

2019-05-01 14:43:44 - [MESSAGE][NOT_RUN] - I want to wait

2019-05-01 14:43:44 - [TEST_STEP][NOT_RUN] - I want to click on cancel creating new project button: I want to click on cancel creating new project button

2019-05-01 14:43:44 - [MESSAGE][NOT_RUN] - I want to click on cancel creating new project button

2019-05-01 14:43:44 - [TEST_STEP][NOT_RUN] - I want to verify Approved Ideas List page: I want to verify Approved Ideas List page

2019-05-01 14:43:44 - [MESSAGE][NOT_RUN] - I want to verify Approved Ideas List page

2019-05-01 14:43:44 - [TEST_STEP][NOT_RUN] - I want to close browser: I want to close browser

2019-05-01 14:43:44 - [MESSAGE][NOT_RUN] - I want to close browser

2019-05-01 14:43:44 - [MESSAGE][FAILED] - Feature file 'Include/features/Governance-Module/Add-Idea/028-Cancel-Execution-Idea.feature' was failed

2019-05-01 14:43:44 - [MESSAGE][FAILED] - Keyword runFeatureFile was failed (Root cause: com.kms.katalon.core.exception.StepFailedException: Feature file 'Include/features/Governance-Module/Add-Idea/028-Cancel-Execution-Idea.feature' was failed
	at com.kms.katalon.core.keyword.internal.KeywordMain.stepFailed(KeywordMain.groovy:48)
	at com.kms.katalon.core.keyword.internal.KeywordMain.stepFailed(KeywordMain.groovy)
	at com.kms.katalon.core.keyword.internal.KeywordMain.stepFailed(KeywordMain.groovy:21)
	at com.kms.katalon.core.keyword.internal.KeywordMain$stepFailed$0.call(Unknown Source)
	at com.kms.katalon.core.cucumber.keyword.CucumberBuiltinKeywords$_runFeatureFile_closure1.doCall(CucumberBuiltinKeywords.groovy:82)
	at com.kms.katalon.core.cucumber.keyword.CucumberBuiltinKeywords$_runFeatureFile_closure1.doCall(CucumberBuiltinKeywords.groovy)
	at com.kms.katalon.core.keyword.internal.KeywordMain.runKeyword(KeywordMain.groovy:66)
	at com.kms.katalon.core.keyword.internal.KeywordMain$runKeyword.call(Unknown Source)
	at com.kms.katalon.core.cucumber.keyword.CucumberBuiltinKeywords.runFeatureFile(CucumberBuiltinKeywords.groovy:46)
	at com.kms.katalon.core.cucumber.keyword.CucumberBuiltinKeywords$runFeatureFile$0.callStatic(Unknown Source)
	at com.kms.katalon.core.cucumber.keyword.CucumberBuiltinKeywords.runFeatureFile(CucumberBuiltinKeywords.groovy:101)
	at com.kms.katalon.core.cucumber.keyword.CucumberBuiltinKeywords$runFeatureFile.call(Unknown Source)
	at 028-Cancel-Execution-Idea.run(028-Cancel-Execution-Idea:18)
	at com.kms.katalon.core.main.ScriptEngine.run(ScriptEngine.java:194)
	at com.kms.katalon.core.main.ScriptEngine.runScriptAsRawText(ScriptEngine.java:119)
	at com.kms.katalon.core.main.TestCaseExecutor.runScript(TestCaseExecutor.java:331)
	at com.kms.katalon.core.main.TestCaseExecutor.doExecute(TestCaseExecutor.java:322)
	at com.kms.katalon.core.main.TestCaseExecutor.processExecutionPhase(TestCaseExecutor.java:301)
	at com.kms.katalon.core.main.TestCaseExecutor.accessMainPhase(TestCaseExecutor.java:293)
	at com.kms.katalon.core.main.TestCaseExecutor.execute(TestCaseExecutor.java:227)
	at com.kms.katalon.core.main.TestSuiteExecutor.accessTestCaseMainPhase(TestSuiteExecutor.java:129)
	at com.kms.katalon.core.main.TestSuiteExecutor.accessTestSuiteMainPhase(TestSuiteExecutor.java:112)
	at com.kms.katalon.core.main.TestSuiteExecutor.execute(TestSuiteExecutor.java:81)
	at com.kms.katalon.core.main.TestCaseMain.startTestSuite(TestCaseMain.java:157)
	at com.kms.katalon.core.main.TestCaseMain$startTestSuite$0.call(Unknown Source)
	at TempTestSuite1556709731988.run(TempTestSuite1556709731988.groovy:35)
)

2019-05-01 14:43:44 - [MESSAGE][FAILED] - runFeatureFile("Include/features/Governance-Module/Add-Idea/028-Cancel-Execution-Idea.feature") FAILED.
Reason:
com.kms.katalon.core.exception.StepFailedException: Feature file 'Include/features/Governance-Module/Add-Idea/028-Cancel-Execution-Idea.feature' was failed
	at com.kms.katalon.core.keyword.internal.KeywordMain.stepFailed(KeywordMain.groovy:48)
	at com.kms.katalon.core.keyword.internal.KeywordMain.stepFailed(KeywordMain.groovy)
	at com.kms.katalon.core.keyword.internal.KeywordMain.stepFailed(KeywordMain.groovy:21)
	at com.kms.katalon.core.keyword.internal.KeywordMain$stepFailed$0.call(Unknown Source)
	at com.kms.katalon.core.cucumber.keyword.CucumberBuiltinKeywords$_runFeatureFile_closure1.doCall(CucumberBuiltinKeywords.groovy:82)
	at com.kms.katalon.core.cucumber.keyword.CucumberBuiltinKeywords$_runFeatureFile_closure1.doCall(CucumberBuiltinKeywords.groovy)
	at com.kms.katalon.core.keyword.internal.KeywordMain.runKeyword(KeywordMain.groovy:66)
	at com.kms.katalon.core.keyword.internal.KeywordMain$runKeyword.call(Unknown Source)
	at com.kms.katalon.core.cucumber.keyword.CucumberBuiltinKeywords.runFeatureFile(CucumberBuiltinKeywords.groovy:46)
	at com.kms.katalon.core.cucumber.keyword.CucumberBuiltinKeywords$runFeatureFile$0.callStatic(Unknown Source)
	at com.kms.katalon.core.cucumber.keyword.CucumberBuiltinKeywords.runFeatureFile(CucumberBuiltinKeywords.groovy:101)
	at com.kms.katalon.core.cucumber.keyword.CucumberBuiltinKeywords$runFeatureFile.call(Unknown Source)
	at 028-Cancel-Execution-Idea.run(028-Cancel-Execution-Idea:18)
	at com.kms.katalon.core.main.ScriptEngine.run(ScriptEngine.java:194)
	at com.kms.katalon.core.main.ScriptEngine.runScriptAsRawText(ScriptEngine.java:119)
	at com.kms.katalon.core.main.TestCaseExecutor.runScript(TestCaseExecutor.java:331)
	at com.kms.katalon.core.main.TestCaseExecutor.doExecute(TestCaseExecutor.java:322)
	at com.kms.katalon.core.main.TestCaseExecutor.processExecutionPhase(TestCaseExecutor.java:301)
	at com.kms.katalon.core.main.TestCaseExecutor.accessMainPhase(TestCaseExecutor.java:293)
	at com.kms.katalon.core.main.TestCaseExecutor.execute(TestCaseExecutor.java:227)
	at com.kms.katalon.core.main.TestSuiteExecutor.accessTestCaseMainPhase(TestSuiteExecutor.java:129)
	at com.kms.katalon.core.main.TestSuiteExecutor.accessTestSuiteMainPhase(TestSuiteExecutor.java:112)
	at com.kms.katalon.core.main.TestSuiteExecutor.execute(TestSuiteExecutor.java:81)
	at com.kms.katalon.core.main.TestCaseMain.startTestSuite(TestCaseMain.java:157)
	at com.kms.katalon.core.main.TestCaseMain$startTestSuite$0.call(Unknown Source)
	at TempTestSuite1556709731988.run(TempTestSuite1556709731988.groovy:35)]]></system-out>
         <system-err><![CDATA[2019-05-01 14:41:37 - [TEST_CASE][FAILED] - Test Cases/Main-Test-Cases/028-Cancel-Execution-Idea: Test Cases/Main-Test-Cases/028-Cancel-Execution-Idea FAILED.
Reason:
com.kms.katalon.core.exception.StepFailedException: Feature file 'Include/features/Governance-Module/Add-Idea/028-Cancel-Execution-Idea.feature' was failed
	at com.kms.katalon.core.keyword.internal.KeywordMain.stepFailed(KeywordMain.groovy:48)
	at com.kms.katalon.core.keyword.internal.KeywordMain.stepFailed(KeywordMain.groovy)
	at com.kms.katalon.core.keyword.internal.KeywordMain.stepFailed(KeywordMain.groovy:21)
	at com.kms.katalon.core.keyword.internal.KeywordMain$stepFailed$0.call(Unknown Source)
	at com.kms.katalon.core.cucumber.keyword.CucumberBuiltinKeywords$_runFeatureFile_closure1.doCall(CucumberBuiltinKeywords.groovy:82)
	at com.kms.katalon.core.cucumber.keyword.CucumberBuiltinKeywords$_runFeatureFile_closure1.doCall(CucumberBuiltinKeywords.groovy)
	at com.kms.katalon.core.keyword.internal.KeywordMain.runKeyword(KeywordMain.groovy:66)
	at com.kms.katalon.core.keyword.internal.KeywordMain$runKeyword.call(Unknown Source)
	at com.kms.katalon.core.cucumber.keyword.CucumberBuiltinKeywords.runFeatureFile(CucumberBuiltinKeywords.groovy:46)
	at com.kms.katalon.core.cucumber.keyword.CucumberBuiltinKeywords$runFeatureFile$0.callStatic(Unknown Source)
	at com.kms.katalon.core.cucumber.keyword.CucumberBuiltinKeywords.runFeatureFile(CucumberBuiltinKeywords.groovy:101)
	at com.kms.katalon.core.cucumber.keyword.CucumberBuiltinKeywords$runFeatureFile.call(Unknown Source)
	at 028-Cancel-Execution-Idea.run(028-Cancel-Execution-Idea:18)
	at com.kms.katalon.core.main.ScriptEngine.run(ScriptEngine.java:194)
	at com.kms.katalon.core.main.ScriptEngine.runScriptAsRawText(ScriptEngine.java:119)
	at com.kms.katalon.core.main.TestCaseExecutor.runScript(TestCaseExecutor.java:331)
	at com.kms.katalon.core.main.TestCaseExecutor.doExecute(TestCaseExecutor.java:322)
	at com.kms.katalon.core.main.TestCaseExecutor.processExecutionPhase(TestCaseExecutor.java:301)
	at com.kms.katalon.core.main.TestCaseExecutor.accessMainPhase(TestCaseExecutor.java:293)
	at com.kms.katalon.core.main.TestCaseExecutor.execute(TestCaseExecutor.java:227)
	at com.kms.katalon.core.main.TestSuiteExecutor.accessTestCaseMainPhase(TestSuiteExecutor.java:129)
	at com.kms.katalon.core.main.TestSuiteExecutor.accessTestSuiteMainPhase(TestSuiteExecutor.java:112)
	at com.kms.katalon.core.main.TestSuiteExecutor.execute(TestSuiteExecutor.java:81)
	at com.kms.katalon.core.main.TestCaseMain.startTestSuite(TestCaseMain.java:157)
	at com.kms.katalon.core.main.TestCaseMain$startTestSuite$0.call(Unknown Source)
	at TempTestSuite1556709731988.run(TempTestSuite1556709731988.groovy:35)]]></system-err>
      </testcase>
      <testcase name="Test Cases/Main-Test-Cases/029-Verify-Related-Project-Link" classname="Test Cases/Main-Test-Cases/029-Verify-Related-Project-Link" status="PASSED">
         <system-out><![CDATA[2019-05-01 14:43:44 - [TEST_CASE][PASSED] - Test Cases/Main-Test-Cases/029-Verify-Related-Project-Link: Test Cases/Main-Test-Cases/029-Verify-Related-Project-Link

2019-05-01 14:43:44 - [TEST_STEP][PASSED] - runFeatureFile("Include/features/Governance-Module/Add-Idea/029-Verify-Related-Project-Link.feature"): Feature file: 'Include/features/Governance-Module/Add-Idea/029-Verify-Related-Project-Link.feature' was passed

2019-05-01 14:43:44 - [MESSAGE][INFO] - Starting run keyword runFeatureFile: 'Include/features/Governance-Module/Add-Idea/029-Verify-Related-Project-Link.feature' and extract report to folder: 'C:\Users\HP\git\PMO-Web-Application\Reports\First-Test-Suite\20190501_142211/cucumber_report/1556711024726'...

2019-05-01 14:43:44 - [TEST_CASE][PASSED] - Start Test Case : SCENARIO Verify related project link for executed idea: SCENARIO Verify related project link for executed idea

2019-05-01 14:43:44 - [TEST_STEP][PASSED] - I want to open browser: I want to open browser

2019-05-01 14:43:44 - [MESSAGE][WARNING] - A browser is already opened. Closing browser and opening a new one

2019-05-01 14:43:45 - [MESSAGE][INFO] - Starting 'Chrome' driver

2019-05-01 14:43:47 - [MESSAGE][PASSED] - Browser is opened with url: ''

2019-05-01 14:43:47 - [MESSAGE][PASSED] - Delete all cookies successfully

2019-05-01 14:43:47 - [MESSAGE][PASSED] - I want to open browser

2019-05-01 14:43:47 - [TEST_STEP][PASSED] - I want to maximize window: I want to maximize window

2019-05-01 14:43:48 - [MESSAGE][PASSED] - Current window maximized

2019-05-01 14:43:48 - [MESSAGE][PASSED] - I want to maximize window

2019-05-01 14:43:48 - [TEST_STEP][PASSED] - I want to go to OOB: I want to go to OOB

2019-05-01 14:43:57 - [MESSAGE][PASSED] - Navigate to 'https://pmoadmin:P@ssw0rd@dev5.cloudapp.net/OOB2/' successfully

2019-05-01 14:43:57 - [MESSAGE][PASSED] - I want to go to OOB

2019-05-01 14:43:57 - [TEST_STEP][PASSED] - I want to verify I'm in OOB main page: I want to verify I'm in OOB main page

2019-05-01 14:43:57 - [MESSAGE][WARNING] - Timeout '0' is invalid. Using default page load timeout: '30'

2019-05-01 14:43:57 - [MESSAGE][PASSED] - Object 'Object Repository/OOBObjects/HomepageObjects/OOBSideBar' is present

2019-05-01 14:43:57 - [MESSAGE][PASSED] - I want to verify I'm in OOB main page

2019-05-01 14:43:57 - [TEST_STEP][PASSED] - I want to go to ideas list page: I want to go to ideas list page

2019-05-01 14:44:01 - [MESSAGE][PASSED] - Object: 'Object Repository/OOBObjects/HomepageObjects/IdeasList' is clicked on

2019-05-01 14:44:01 - [MESSAGE][PASSED] - I want to go to ideas list page

2019-05-01 14:44:01 - [TEST_STEP][PASSED] - I want to click on Add New button: I want to click on Add New button

2019-05-01 14:44:03 - [MESSAGE][PASSED] - Object: 'Object Repository/OOBObjects/IdeasListObjects/AddNewIdeaButton' is clicked on

2019-05-01 14:44:03 - [MESSAGE][PASSED] - I want to click on Add New button

2019-05-01 14:44:03 - [TEST_STEP][PASSED] - I want to fill idea name field: I want to fill idea name field

2019-05-01 14:44:03 - [MESSAGE][PASSED] - Text 'Automation144' is set on object 'Object Repository/OOBObjects/IdeasListObjects/Idea-Name-Field'

2019-05-01 14:44:03 - [MESSAGE][PASSED] - I want to fill idea name field

2019-05-01 14:44:03 - [TEST_STEP][PASSED] - I want to select expected start date: I want to select expected start date

2019-05-01 14:44:03 - [MESSAGE][PASSED] - Object: 'Object Repository/OOBObjects/IdeasListObjects//GREGORIAN-Start-date-Check-Box' is clicked on

2019-05-01 14:44:03 - [MESSAGE][PASSED] - Object: 'Object Repository/OOBObjects/IdeasListObjects//Excepted-Start-Date' is clicked on

2019-05-01 14:44:03 - [MESSAGE][PASSED] - All options with index in [5] are selected on object 'Object Repository/OOBObjects/IdeasListObjects/StartDateMonthDropDwon'

2019-05-01 14:44:03 - [MESSAGE][PASSED] - Object: 'Object Repository/OOBObjects/IdeasListObjects//Day26' is hovered

2019-05-01 14:44:03 - [MESSAGE][PASSED] - Object: 'Object Repository/OOBObjects/IdeasListObjects//Day26' is clicked on

2019-05-01 14:44:03 - [MESSAGE][PASSED] - I want to select expected start date

2019-05-01 14:44:03 - [TEST_STEP][PASSED] - I want to select expected end date: I want to select expected end date

2019-05-01 14:44:03 - [MESSAGE][PASSED] - Object 'Object Repository/OOBObjects/IdeasListObjects/GREGORIAN-End-Date-Check-Box' is visible

2019-05-01 14:44:03 - [MESSAGE][PASSED] - Object: 'Object Repository/OOBObjects/IdeasListObjects/GREGORIAN-End-Date-Check-Box' is clicked on

2019-05-01 14:44:05 - [MESSAGE][PASSED] - Delayed 2 second(s)

2019-05-01 14:44:05 - [MESSAGE][PASSED] - Object: 'Object Repository/OOBObjects/IdeasListObjects/Excpected-End-Date' is hovered

2019-05-01 14:44:05 - [MESSAGE][PASSED] - Object: 'Object Repository/OOBObjects/IdeasListObjects/Excpected-End-Date' is clicked on

2019-05-01 14:44:05 - [MESSAGE][PASSED] - All options with index in [6] are selected on object 'Object Repository/OOBObjects/IdeasListObjects/EndDateMonthDropdown'

2019-05-01 14:44:05 - [MESSAGE][PASSED] - Object: 'Object Repository/OOBObjects/IdeasListObjects/EndDateDay15' is hovered

2019-05-01 14:44:06 - [MESSAGE][PASSED] - Object: 'Object Repository/OOBObjects/IdeasListObjects/EndDateDay15' is clicked on

2019-05-01 14:44:06 - [MESSAGE][PASSED] - I want to select expected end date

2019-05-01 14:44:06 - [TEST_STEP][PASSED] - I want to fill idea objective field: I want to fill idea objective field

2019-05-01 14:44:06 - [MESSAGE][PASSED] - Text 'Automation' is set on object 'Object Repository/OOBObjects/IdeasListObjects/Idea-Objective-Field'

2019-05-01 14:44:06 - [MESSAGE][PASSED] - I want to fill idea objective field

2019-05-01 14:44:06 - [TEST_STEP][PASSED] - I want to fill expected budget field: I want to fill expected budget field

2019-05-01 14:44:06 - [MESSAGE][PASSED] - Text '10000' is set on object 'Object Repository/OOBObjects/IdeasListObjects/Expected-Budget-Field'

2019-05-01 14:44:06 - [MESSAGE][PASSED] - I want to fill expected budget field

2019-05-01 14:44:06 - [TEST_STEP][PASSED] - I want to fill Notes field: I want to fill Notes field

2019-05-01 14:44:06 - [MESSAGE][PASSED] - Text 'test note' is set on object 'Object Repository/OOBObjects/IdeasListObjects/Notes-Field'

2019-05-01 14:44:06 - [MESSAGE][PASSED] - I want to fill Notes field

2019-05-01 14:44:06 - [TEST_STEP][PASSED] - I want to click send idea button: I want to click send idea button

2019-05-01 14:44:11 - [MESSAGE][PASSED] - Delayed 5 second(s)

2019-05-01 14:44:11 - [MESSAGE][WARNING] - Timeout '0' is invalid. Using default page load timeout: '30'

2019-05-01 14:44:11 - [MESSAGE][PASSED] - Scroll to object 'Object Repository/OOBObjects/IdeasListObjects/CardBlock' successfully

2019-05-01 14:44:11 - [MESSAGE][PASSED] - Object: 'Object Repository/OOBObjects/IdeasListObjects/SendIdeaButton' is clicked on

2019-05-01 14:44:11 - [MESSAGE][PASSED] - I want to click send idea button

2019-05-01 14:44:11 - [TEST_STEP][PASSED] - I want to verify idea added successfuly: I want to verify idea added successfuly

2019-05-01 14:44:11 - [MESSAGE][WARNING] - Timeout '0' is invalid. Using default page load timeout: '30'

2019-05-01 14:44:11 - [MESSAGE][PASSED] - Wait for page load successfully

2019-05-01 14:44:13 - [MESSAGE][PASSED] - Text 'Automation144' is set on object 'Object Repository/OOBObjects/IdeasListObjects/SearchField'

2019-05-01 14:44:14 - [MESSAGE][PASSED] - Actual text and expected text of test object 'Object Repository/OOBObjects/IdeasListObjects/SearchResult' are matched.

2019-05-01 14:44:14 - [MESSAGE][PASSED] - I want to verify idea added successfuly

2019-05-01 14:44:14 - [TEST_STEP][PASSED] - I want to approve idea: I want to approve idea

2019-05-01 14:44:23 - [MESSAGE][PASSED] - Object: 'Object Repository/OOBObjects/HomepageObjects/InboxIcon' is clicked on

2019-05-01 14:44:23 - [MESSAGE][PASSED] - Object: 'Object Repository/OOBObjects/InboxPageObjects/BeforeInitiatePhase' is clicked on

2019-05-01 14:44:25 - [MESSAGE][PASSED] - Object: 'Object Repository/OOBObjects/InboxPageObjects/FirstIdea' is clicked on

2019-05-01 14:44:25 - [MESSAGE][PASSED] - Object: 'Object Repository/OOBObjects/InboxPageObjects/ApproveIdeaButton' is clicked on

2019-05-01 14:44:35 - [MESSAGE][PASSED] - Object: 'Object Repository/OOBObjects/InboxPageObjects/BeforeInitiatePhase' is clicked on

2019-05-01 14:44:36 - [MESSAGE][PASSED] - Object: 'Object Repository/OOBObjects/InboxPageObjects/FirstIdea' is clicked on

2019-05-01 14:44:36 - [MESSAGE][WARNING] - Timeout '0' is invalid. Using default page load timeout: '30'

2019-05-01 14:44:36 - [MESSAGE][PASSED] - Scroll to object 'Object Repository/OOBObjects/InboxPageObjects/AddNewAttachmentButtonApproveIdea' successfully

2019-05-01 14:44:36 - [MESSAGE][PASSED] - Object: 'Object Repository/OOBObjects/InboxPageObjects/AddNewAttachmentButtonApproveIdea' is clicked on

2019-05-01 14:44:36 - [MESSAGE][PASSED] - File 'C:\Users\HP\Desktop\SK.png' sent to object: 'Object Repository/OOBObjects/InboxPageObjects/UploadFileApproveIdea'

2019-05-01 14:44:36 - [MESSAGE][WARNING] - Timeout '0' is invalid. Using default page load timeout: '30'

2019-05-01 14:44:37 - [MESSAGE][PASSED] - Object 'Object Repository/OOBObjects/InboxPageObjects/AttachedFileApprovedIdea' is present

2019-05-01 14:44:38 - [MESSAGE][PASSED] - Object: 'Object Repository/OOBObjects/InboxPageObjects/LoadButtonApproveIdea' is clicked on

2019-05-01 14:44:38 - [MESSAGE][PASSED] - Object 'Object Repository/OOBObjects/InboxPageObjects/SendAproveIdeaSecondPhase' is clickable

2019-05-01 14:44:38 - [MESSAGE][PASSED] - Object: 'Object Repository/OOBObjects/InboxPageObjects/SendAproveIdeaSecondPhase' is hovered

2019-05-01 14:44:43 - [MESSAGE][PASSED] - Delayed 5 second(s)

2019-05-01 14:44:43 - [MESSAGE][PASSED] - Object: 'Object Repository/OOBObjects/InboxPageObjects/SendAproveIdeaSecondPhase' is clicked on

2019-05-01 14:44:54 - [MESSAGE][PASSED] - Object: 'Object Repository/OOBObjects/InboxPageObjects/BeforeInitiatePhase' is clicked on

2019-05-01 14:44:55 - [MESSAGE][PASSED] - Object: 'Object Repository/OOBObjects/InboxPageObjects/FirstIdea' is clicked on

2019-05-01 14:44:55 - [MESSAGE][PASSED] - Object: 'Object Repository/OOBObjects/InboxPageObjects/StrategicObjectiveCheckBox' is clicked on

2019-05-01 14:44:55 - [MESSAGE][PASSED] - All options with index in [1] are selected on object 'Object Repository/OOBObjects/InboxPageObjects/ddlInitiativesDropdwon'

2019-05-01 14:44:55 - [MESSAGE][PASSED] - Object: 'Object Repository/OOBObjects/InboxPageObjects/SendApproveIdeaThirdPhase' is clicked on

2019-05-01 14:45:05 - [MESSAGE][PASSED] - Object: 'Object Repository/OOBObjects/InboxPageObjects/BeforeInitiatePhase' is clicked on

2019-05-01 14:45:06 - [MESSAGE][PASSED] - Object: 'Object Repository/OOBObjects/InboxPageObjects/FirstIdea' is clicked on

2019-05-01 14:45:06 - [MESSAGE][PASSED] - All options with index in [1] are selected on object 'Object Repository/OOBObjects/InboxPageObjects/WalletDropdownApproveIdea'

2019-05-01 14:45:07 - [MESSAGE][PASSED] - All options with index in [1] are selected on object 'Object Repository/OOBObjects/InboxPageObjects/ProgramDropdownApproveIdea'

2019-05-01 14:45:07 - [MESSAGE][PASSED] - All options with index in [1] are selected on object 'Object Repository/OOBObjects/InboxPageObjects/OwnerDropdownApproveIdea'

2019-05-01 14:45:07 - [MESSAGE][PASSED] - Object: 'Object Repository/OOBObjects/InboxPageObjects/SendApproveIdeaFourthPhase' is clicked on

2019-05-01 14:45:15 - [MESSAGE][PASSED] - Object: 'Object Repository/OOBObjects/InboxPageObjects/BeforeInitiatePhase' is clicked on

2019-05-01 14:45:17 - [MESSAGE][PASSED] - Object: 'Object Repository/OOBObjects/InboxPageObjects/FirstIdea' is clicked on

2019-05-01 14:45:17 - [MESSAGE][PASSED] - Object: 'Object Repository/OOBObjects/InboxPageObjects/ApproveButtonFivthPhase' is clicked on

2019-05-01 14:45:25 - [MESSAGE][PASSED] - Object: 'Object Repository/OOBObjects/InboxPageObjects/BeforeInitiatePhase' is clicked on

2019-05-01 14:45:27 - [MESSAGE][PASSED] - Object: 'Object Repository/OOBObjects/InboxPageObjects/FirstIdea' is clicked on

2019-05-01 14:45:27 - [MESSAGE][PASSED] - Object: 'Object Repository/OOBObjects/InboxPageObjects/GeorgianCheckBoxApproveIdea' is clicked on

2019-05-01 14:45:27 - [MESSAGE][PASSED] - Object: 'Object Repository/OOBObjects/InboxPageObjects/ExceptedExecutionDateApproveIdea' is clicked on

2019-05-01 14:45:27 - [MESSAGE][PASSED] - All options with index in [3] are selected on object 'Object Repository/OOBObjects/InboxPageObjects/MonthsDropdownApproveIdea'

2019-05-01 14:45:27 - [MESSAGE][PASSED] - Object: 'Object Repository/OOBObjects/InboxPageObjects/Day30ApproveIdeaExcutionDate' is hovered

2019-05-01 14:45:28 - [MESSAGE][PASSED] - Object: 'Object Repository/OOBObjects/InboxPageObjects/Day30ApproveIdeaExcutionDate' is clicked on

2019-05-01 14:45:28 - [MESSAGE][PASSED] - All options with index in [1] are selected on object 'Object Repository/OOBObjects/InboxPageObjects/PriorityDropdownApproveIdea'

2019-05-01 14:45:28 - [MESSAGE][PASSED] - Object: 'Object Repository/OOBObjects/InboxPageObjects/SubmitButtonApproveIdae' is clicked on

2019-05-01 14:45:28 - [MESSAGE][PASSED] - I want to approve idea

2019-05-01 14:45:28 - [TEST_STEP][PASSED] - I want to go to OOB: I want to go to OOB

2019-05-01 14:45:36 - [MESSAGE][PASSED] - Navigate to 'https://pmoadmin:P@ssw0rd@dev5.cloudapp.net/OOB2/' successfully

2019-05-01 14:45:36 - [MESSAGE][PASSED] - I want to go to OOB

2019-05-01 14:45:36 - [TEST_STEP][PASSED] - I want to go to approved ideas list page: I want to go to approved ideas list page

2019-05-01 14:45:44 - [MESSAGE][PASSED] - Object: 'Object Repository/OOBObjects/HomepageObjects/ApprovedIdeasList' is clicked on

2019-05-01 14:45:44 - [MESSAGE][PASSED] - I want to go to approved ideas list page

2019-05-01 14:45:44 - [TEST_STEP][PASSED] - I want to search for approved idea by name: I want to search for approved idea by name

2019-05-01 14:45:45 - [MESSAGE][PASSED] - Text 'Automation144' is set on object 'Object Repository/OOBObjects/ApprovedIdeasListObjects/ApprovedIdeasSearchField'

2019-05-01 14:45:45 - [MESSAGE][PASSED] - Actual text and expected text of test object 'Object Repository/OOBObjects/ApprovedIdeasListObjects/IdeaNameLinkInApprovedIdeasList' are matched.

2019-05-01 14:45:45 - [MESSAGE][PASSED] - I want to search for approved idea by name

2019-05-01 14:45:45 - [TEST_STEP][PASSED] - I want to click Excute button: I want to click Excute button

2019-05-01 14:45:46 - [MESSAGE][PASSED] - Object: 'Object Repository/OOBObjects/ApprovedIdeasListObjects/ExcuteButton' is clicked on

2019-05-01 14:45:46 - [MESSAGE][PASSED] - I want to click Excute button

2019-05-01 14:45:46 - [TEST_STEP][PASSED] - I want to verify im in add new project page: I want to verify im in add new project page

2019-05-01 14:45:46 - [MESSAGE][WARNING] - Timeout '0' is invalid. Using default page load timeout: '30'

2019-05-01 14:45:46 - [MESSAGE][PASSED] - Object 'Object Repository/OOBObjects/ApprovedIdeasListObjects/AddNewProjectLabel' is present

2019-05-01 14:45:46 - [MESSAGE][PASSED] - I want to verify im in add new project page

2019-05-01 14:45:46 - [TEST_STEP][PASSED] - I want to select project type: I want to select project type

2019-05-01 14:45:47 - [MESSAGE][PASSED] - All options with index in [1] are selected on object 'Object Repository/OOBObjects/ProjectsListObjects/ProjectTypeDropDwon'

2019-05-01 14:45:47 - [MESSAGE][PASSED] - I want to select project type

2019-05-01 14:45:47 - [TEST_STEP][PASSED] - I want to fill project manager field: I want to fill project manager field

2019-05-01 14:45:47 - [MESSAGE][WARNING] - Timeout '0' is invalid. Using default page load timeout: '30'

2019-05-01 14:45:47 - [MESSAGE][PASSED] - Scroll to object 'Object Repository/OOBObjects/ProjectsListObjects/Duration' successfully

2019-05-01 14:45:47 - [MESSAGE][PASSED] - Text 'النظام' is set on object 'Object Repository/OOBObjects/ProjectsListObjects/ProjectMangerField'

2019-05-01 14:45:47 - [MESSAGE][PASSED] - I want to fill project manager field

2019-05-01 14:45:47 - [TEST_STEP][PASSED] - I want to tap enter key on manager field: I want to tap enter key on manager field

2019-05-01 14:45:47 - [MESSAGE][PASSED] - Keys 'ENTER + ' sent to object: 'Object Repository/OOBObjects/ProjectsListObjects/ProjectMangerField'

2019-05-01 14:45:47 - [MESSAGE][PASSED] - I want to tap enter key on manager field

2019-05-01 14:45:47 - [TEST_STEP][PASSED] - I want to fill project owner field: I want to fill project owner field

2019-05-01 14:45:47 - [MESSAGE][PASSED] - Text 'محمد فيصل عبدالله' is set on object 'Object Repository/OOBObjects/ProjectsListObjects/ProjectOwnerField'

2019-05-01 14:45:47 - [MESSAGE][PASSED] - I want to fill project owner field

2019-05-01 14:45:47 - [TEST_STEP][PASSED] - I want to tap enter key on owner field: I want to tap enter key on owner field

2019-05-01 14:45:47 - [MESSAGE][PASSED] - Keys 'ENTER + ' sent to object: 'Object Repository/OOBObjects/ProjectsListObjects/ProjectOwnerField'

2019-05-01 14:45:47 - [MESSAGE][PASSED] - I want to tap enter key on owner field

2019-05-01 14:45:47 - [TEST_STEP][PASSED] - I want to fill project sponser field: I want to fill project sponser field

2019-05-01 14:45:47 - [MESSAGE][PASSED] - Text 'هديل خالد علي' is set on object 'Object Repository/OOBObjects/ProjectsListObjects/ProjectSponsorField'

2019-05-01 14:45:47 - [MESSAGE][PASSED] - I want to fill project sponser field

2019-05-01 14:45:47 - [TEST_STEP][PASSED] - I want to tap enter key on sponser field: I want to tap enter key on sponser field

2019-05-01 14:45:47 - [MESSAGE][PASSED] - Keys 'ENTER + ' sent to object: 'Object Repository/OOBObjects/ProjectsListObjects/ProjectSponsorField'

2019-05-01 14:45:47 - [MESSAGE][PASSED] - I want to tap enter key on sponser field

2019-05-01 14:45:47 - [TEST_STEP][PASSED] - I want to fill project description field: I want to fill project description field

2019-05-01 14:45:47 - [MESSAGE][PASSED] - Text 'test description' is set on object 'Object Repository/OOBObjects/ProjectsListObjects/ProjectDescriptionField'

2019-05-01 14:45:47 - [MESSAGE][PASSED] - I want to fill project description field

2019-05-01 14:45:47 - [TEST_STEP][PASSED] - I want to fill project notes field: I want to fill project notes field

2019-05-01 14:45:47 - [MESSAGE][PASSED] - Text 'test notes' is set on object 'Object Repository/OOBObjects/ProjectsListObjects/ProjectNotesField'

2019-05-01 14:45:47 - [MESSAGE][PASSED] - I want to fill project notes field

2019-05-01 14:45:47 - [TEST_STEP][PASSED] - I want to wait: I want to wait

2019-05-01 14:45:50 - [MESSAGE][PASSED] - Delayed 3 second(s)

2019-05-01 14:45:50 - [MESSAGE][PASSED] - I want to wait

2019-05-01 14:45:50 - [TEST_STEP][PASSED] - I want to click on send project button: I want to click on send project button

2019-05-01 14:45:50 - [MESSAGE][PASSED] - Wait for page load successfully

2019-05-01 14:45:51 - [MESSAGE][PASSED] - Object: 'Object Repository/OOBObjects/ProjectsListObjects/SendProjectButton' is clicked on

2019-05-01 14:45:51 - [MESSAGE][PASSED] - I want to click on send project button

2019-05-01 14:45:51 - [TEST_STEP][PASSED] - I want to wait for page load: I want to wait for page load

2019-05-01 14:45:51 - [MESSAGE][PASSED] - Wait for page load successfully

2019-05-01 14:45:51 - [MESSAGE][PASSED] - I want to wait for page load

2019-05-01 14:45:51 - [TEST_STEP][PASSED] - I want to check im in projects list page: I want to check im in projects list page

2019-05-01 14:46:21 - [MESSAGE][PASSED] - Delayed 30 second(s)

2019-05-01 14:46:42 - [MESSAGE][INFO] - Unable to find the element located by 'By.xpath: (.//*[normalize-space(text()) and normalize-space(.)='المشاريع المتأخرة'])[1]/following::b[1]'. Please recheck the objects properties to make sure the desired element is located. 

2019-05-01 14:46:42 - [MESSAGE][WARNING] - Object 'Object Repository/OOBObjects/ProjectsListObjects/ProjectsListTitle' is not present after 20 second(s)

2019-05-01 14:46:42 - [MESSAGE][WARNING] - Timeout '0' is invalid. Using default page load timeout: '30'

2019-05-01 14:46:58 - [MESSAGE][PASSED] - Object 'Object Repository/OOBObjects/ProjectsListObjects/ProjectsListTitle' is present

2019-05-01 14:46:58 - [MESSAGE][PASSED] - I want to check im in projects list page

2019-05-01 14:46:58 - [TEST_STEP][PASSED] - I want to search for project by name: I want to search for project by name

2019-05-01 14:46:58 - [MESSAGE][PASSED] - Wait for page load successfully

2019-05-01 14:46:58 - [MESSAGE][PASSED] - Object: 'Object Repository/OOBObjects/ProjectsListObjects/ProjectSearchField' is hovered

2019-05-01 14:46:58 - [MESSAGE][PASSED] - Text 'Automation144' is set on object 'Object Repository/OOBObjects/ProjectsListObjects/ProjectSearchField'

2019-05-01 14:47:02 - [MESSAGE][PASSED] - Actual text and expected text of test object 'Object Repository/OOBObjects/ProjectsListObjects/FirstProjectName' are matched.

2019-05-01 14:47:02 - [MESSAGE][PASSED] - I want to search for project by name

2019-05-01 14:47:02 - [TEST_STEP][PASSED] - I want to go to approved ideas list page: I want to go to approved ideas list page

2019-05-01 14:47:12 - [MESSAGE][PASSED] - Object: 'Object Repository/OOBObjects/HomepageObjects/ApprovedIdeasList' is clicked on

2019-05-01 14:47:12 - [MESSAGE][PASSED] - I want to go to approved ideas list page

2019-05-01 14:47:12 - [TEST_STEP][PASSED] - I want to search for approved idea by name: I want to search for approved idea by name

2019-05-01 14:47:12 - [MESSAGE][PASSED] - Text 'Automation144' is set on object 'Object Repository/OOBObjects/ApprovedIdeasListObjects/ApprovedIdeasSearchField'

2019-05-01 14:47:12 - [MESSAGE][PASSED] - Actual text and expected text of test object 'Object Repository/OOBObjects/ApprovedIdeasListObjects/IdeaNameLinkInApprovedIdeasList' are matched.

2019-05-01 14:47:12 - [MESSAGE][PASSED] - I want to search for approved idea by name

2019-05-01 14:47:12 - [TEST_STEP][PASSED] - I want to click on related project link: I want to click on related project link

2019-05-01 14:47:12 - [MESSAGE][PASSED] - Object: 'Object Repository/OOBObjects/ApprovedIdeasListObjects/RelatedProjectLink' is clicked on

2019-05-01 14:47:12 - [MESSAGE][PASSED] - I want to click on related project link

2019-05-01 14:47:12 - [TEST_STEP][PASSED] - I want to verify Project Charter page: I want to verify Project Charter page

2019-05-01 14:47:12 - [MESSAGE][PASSED] - Switched to window with index: '1'

2019-05-01 14:47:23 - [MESSAGE][PASSED] - Actual text and expected text of test object 'Object Repository/OOBObjects/ApprovedIdeasListObjects/ProjectCharterTitle' are matched.

2019-05-01 14:47:23 - [MESSAGE][PASSED] - I want to verify Project Charter page

2019-05-01 14:47:23 - [TEST_STEP][PASSED] - I want to close browser: I want to close browser

2019-05-01 14:47:23 - [MESSAGE][PASSED] - Browser is closed

2019-05-01 14:47:23 - [MESSAGE][PASSED] - I want to close browser

2019-05-01 14:47:23 - [MESSAGE][PASSED] - Feature file: 'Include/features/Governance-Module/Add-Idea/029-Verify-Related-Project-Link.feature' was passed]]></system-out>
         <system-err><![CDATA[]]></system-err>
      </testcase>
      <testcase name="Test Cases/Main-Test-Cases/030-View-Project-List" classname="Test Cases/Main-Test-Cases/030-View-Project-List" status="PASSED">
         <system-out><![CDATA[2019-05-01 14:47:23 - [TEST_CASE][PASSED] - Test Cases/Main-Test-Cases/030-View-Project-List: Test Cases/Main-Test-Cases/030-View-Project-List

2019-05-01 14:47:23 - [TEST_STEP][PASSED] - runFeatureFile("Include/features/Governance-Module/Add-Idea/030-View-Project-List.feature"): Feature file: 'Include/features/Governance-Module/Add-Idea/030-View-Project-List.feature' was passed

2019-05-01 14:47:23 - [MESSAGE][INFO] - Starting run keyword runFeatureFile: 'Include/features/Governance-Module/Add-Idea/030-View-Project-List.feature' and extract report to folder: 'C:\Users\HP\git\PMO-Web-Application\Reports\First-Test-Suite\20190501_142211/cucumber_report/1556711243779'...

2019-05-01 14:47:23 - [TEST_CASE][PASSED] - Start Test Case : SCENARIO View Project List: SCENARIO View Project List

2019-05-01 14:47:23 - [TEST_STEP][PASSED] - I want to open browser: I want to open browser

2019-05-01 14:47:23 - [MESSAGE][INFO] - Starting 'Chrome' driver

2019-05-01 14:47:25 - [MESSAGE][PASSED] - Browser is opened with url: ''

2019-05-01 14:47:26 - [MESSAGE][PASSED] - Delete all cookies successfully

2019-05-01 14:47:26 - [MESSAGE][PASSED] - I want to open browser

2019-05-01 14:47:26 - [TEST_STEP][PASSED] - I want to maximize window: I want to maximize window

2019-05-01 14:47:27 - [MESSAGE][PASSED] - Current window maximized

2019-05-01 14:47:27 - [MESSAGE][PASSED] - I want to maximize window

2019-05-01 14:47:27 - [TEST_STEP][PASSED] - I want to go to OOB: I want to go to OOB

2019-05-01 14:47:36 - [MESSAGE][PASSED] - Navigate to 'https://pmoadmin:P@ssw0rd@dev5.cloudapp.net/OOB2/' successfully

2019-05-01 14:47:36 - [MESSAGE][PASSED] - I want to go to OOB

2019-05-01 14:47:36 - [TEST_STEP][PASSED] - I want to verify I'm in OOB main page: I want to verify I'm in OOB main page

2019-05-01 14:47:36 - [MESSAGE][WARNING] - Timeout '0' is invalid. Using default page load timeout: '30'

2019-05-01 14:47:36 - [MESSAGE][PASSED] - Object 'Object Repository/OOBObjects/HomepageObjects/OOBSideBar' is present

2019-05-01 14:47:36 - [MESSAGE][PASSED] - I want to verify I'm in OOB main page

2019-05-01 14:47:36 - [TEST_STEP][PASSED] - I want to go to projects list: I want to go to projects list

2019-05-01 14:47:44 - [MESSAGE][PASSED] - Object: 'Object Repository/OOBObjects/HomepageObjects/ProjectsList' is clicked on

2019-05-01 14:47:44 - [MESSAGE][PASSED] - I want to go to projects list

2019-05-01 14:47:44 - [TEST_STEP][PASSED] - I want to verify project list page: I want to verify project list page

2019-05-01 14:47:44 - [MESSAGE][WARNING] - Timeout '0' is invalid. Using default page load timeout: '30'

2019-05-01 14:47:44 - [MESSAGE][PASSED] - Object 'Object Repository/OOBObjects/ProjectsListObjects/ProjectsListTitle' is present

2019-05-01 14:47:44 - [MESSAGE][WARNING] - Timeout '0' is invalid. Using default page load timeout: '30'

2019-05-01 14:47:44 - [MESSAGE][PASSED] - Object 'Object Repository/OOBObjects/ProjectsListObjects/ProjectCodeColumn' is present

2019-05-01 14:47:44 - [MESSAGE][WARNING] - Timeout '0' is invalid. Using default page load timeout: '30'

2019-05-01 14:47:44 - [MESSAGE][PASSED] - Object 'Object Repository/OOBObjects/ProjectsListObjects/ProjectNameColumn' is present

2019-05-01 14:47:44 - [MESSAGE][WARNING] - Timeout '0' is invalid. Using default page load timeout: '30'

2019-05-01 14:47:44 - [MESSAGE][PASSED] - Object 'Object Repository/OOBObjects/ProjectsListObjects/ProjectStatusColumn' is present

2019-05-01 14:47:44 - [MESSAGE][WARNING] - Timeout '0' is invalid. Using default page load timeout: '30'

2019-05-01 14:47:44 - [MESSAGE][PASSED] - Object 'Object Repository/OOBObjects/ProjectsListObjects/ProjectStageColumn' is present

2019-05-01 14:47:44 - [MESSAGE][WARNING] - Timeout '0' is invalid. Using default page load timeout: '30'

2019-05-01 14:47:44 - [MESSAGE][PASSED] - Object 'Object Repository/OOBObjects/ProjectsListObjects/ActionsColumn' is present

2019-05-01 14:47:44 - [MESSAGE][PASSED] - I want to verify project list page

2019-05-01 14:47:44 - [MESSAGE][PASSED] - Feature file: 'Include/features/Governance-Module/Add-Idea/030-View-Project-List.feature' was passed]]></system-out>
         <system-err><![CDATA[]]></system-err>
      </testcase>
      <testcase name="Test Cases/Main-Test-Cases/031-Verify-Project-Creation-Form" classname="Test Cases/Main-Test-Cases/031-Verify-Project-Creation-Form" status="PASSED">
         <system-out><![CDATA[2019-05-01 14:47:44 - [TEST_CASE][PASSED] - Test Cases/Main-Test-Cases/031-Verify-Project-Creation-Form: Test Cases/Main-Test-Cases/031-Verify-Project-Creation-Form

2019-05-01 14:47:44 - [TEST_STEP][PASSED] - runFeatureFile("Include/features/Governance-Module/Add-Idea/031-Verify-Project-Creation-Form.feature"): Feature file: 'Include/features/Governance-Module/Add-Idea/031-Verify-Project-Creation-Form.feature' was passed

2019-05-01 14:47:44 - [MESSAGE][INFO] - Starting run keyword runFeatureFile: 'Include/features/Governance-Module/Add-Idea/031-Verify-Project-Creation-Form.feature' and extract report to folder: 'C:\Users\HP\git\PMO-Web-Application\Reports\First-Test-Suite\20190501_142211/cucumber_report/1556711264393'...

2019-05-01 14:47:44 - [TEST_CASE][PASSED] - Start Test Case : SCENARIO View Project List: SCENARIO View Project List

2019-05-01 14:47:44 - [TEST_STEP][PASSED] - I want to open browser: I want to open browser

2019-05-01 14:47:44 - [MESSAGE][WARNING] - A browser is already opened. Closing browser and opening a new one

2019-05-01 14:47:45 - [MESSAGE][INFO] - Starting 'Chrome' driver

2019-05-01 14:47:47 - [MESSAGE][PASSED] - Browser is opened with url: ''

2019-05-01 14:47:47 - [MESSAGE][PASSED] - Delete all cookies successfully

2019-05-01 14:47:47 - [MESSAGE][PASSED] - I want to open browser

2019-05-01 14:47:47 - [TEST_STEP][PASSED] - I want to maximize window: I want to maximize window

2019-05-01 14:47:48 - [MESSAGE][PASSED] - Current window maximized

2019-05-01 14:47:48 - [MESSAGE][PASSED] - I want to maximize window

2019-05-01 14:47:48 - [TEST_STEP][PASSED] - I want to go to OOB: I want to go to OOB

2019-05-01 14:47:57 - [MESSAGE][PASSED] - Navigate to 'https://pmoadmin:P@ssw0rd@dev5.cloudapp.net/OOB2/' successfully

2019-05-01 14:47:57 - [MESSAGE][PASSED] - I want to go to OOB

2019-05-01 14:47:57 - [TEST_STEP][PASSED] - I want to verify I'm in OOB main page: I want to verify I'm in OOB main page

2019-05-01 14:47:57 - [MESSAGE][WARNING] - Timeout '0' is invalid. Using default page load timeout: '30'

2019-05-01 14:47:57 - [MESSAGE][PASSED] - Object 'Object Repository/OOBObjects/HomepageObjects/OOBSideBar' is present

2019-05-01 14:47:57 - [MESSAGE][PASSED] - I want to verify I'm in OOB main page

2019-05-01 14:47:57 - [TEST_STEP][PASSED] - I want to go to projects list: I want to go to projects list

2019-05-01 14:48:03 - [MESSAGE][PASSED] - Object: 'Object Repository/OOBObjects/HomepageObjects/ProjectsList' is clicked on

2019-05-01 14:48:03 - [MESSAGE][PASSED] - I want to go to projects list

2019-05-01 14:48:03 - [TEST_STEP][PASSED] - I want to verify project list page: I want to verify project list page

2019-05-01 14:48:03 - [MESSAGE][WARNING] - Timeout '0' is invalid. Using default page load timeout: '30'

2019-05-01 14:48:03 - [MESSAGE][PASSED] - Object 'Object Repository/OOBObjects/ProjectsListObjects/ProjectsListTitle' is present

2019-05-01 14:48:03 - [MESSAGE][WARNING] - Timeout '0' is invalid. Using default page load timeout: '30'

2019-05-01 14:48:03 - [MESSAGE][PASSED] - Object 'Object Repository/OOBObjects/ProjectsListObjects/ProjectCodeColumn' is present

2019-05-01 14:48:03 - [MESSAGE][WARNING] - Timeout '0' is invalid. Using default page load timeout: '30'

2019-05-01 14:48:03 - [MESSAGE][PASSED] - Object 'Object Repository/OOBObjects/ProjectsListObjects/ProjectNameColumn' is present

2019-05-01 14:48:03 - [MESSAGE][WARNING] - Timeout '0' is invalid. Using default page load timeout: '30'

2019-05-01 14:48:04 - [MESSAGE][PASSED] - Object 'Object Repository/OOBObjects/ProjectsListObjects/ProjectStatusColumn' is present

2019-05-01 14:48:04 - [MESSAGE][WARNING] - Timeout '0' is invalid. Using default page load timeout: '30'

2019-05-01 14:48:04 - [MESSAGE][PASSED] - Object 'Object Repository/OOBObjects/ProjectsListObjects/ProjectStageColumn' is present

2019-05-01 14:48:04 - [MESSAGE][WARNING] - Timeout '0' is invalid. Using default page load timeout: '30'

2019-05-01 14:48:04 - [MESSAGE][PASSED] - Object 'Object Repository/OOBObjects/ProjectsListObjects/ActionsColumn' is present

2019-05-01 14:48:04 - [MESSAGE][PASSED] - I want to verify project list page

2019-05-01 14:48:04 - [TEST_STEP][PASSED] - I want to click Add new project button: I want to click Add new project button

2019-05-01 14:48:05 - [MESSAGE][PASSED] - Object: 'Object Repository/OOBObjects/ProjectsListObjects/AddNewProject' is clicked on

2019-05-01 14:48:05 - [MESSAGE][PASSED] - I want to click Add new project button

2019-05-01 14:48:05 - [TEST_STEP][PASSED] - I want to verify add new project form: I want to verify add new project form

2019-05-01 14:48:05 - [MESSAGE][WARNING] - Timeout '0' is invalid. Using default page load timeout: '30'

2019-05-01 14:48:05 - [MESSAGE][PASSED] - Object 'Object Repository/OOBObjects/ProjectsListObjects/ProjectTypeField' is present

2019-05-01 14:48:05 - [MESSAGE][PASSED] - Object: 'Object Repository/OOBObjects/ProjectsListObjects/ProjectTypeField' is clicked on

2019-05-01 14:48:05 - [MESSAGE][WARNING] - Timeout '0' is invalid. Using default page load timeout: '30'

2019-05-01 14:48:05 - [MESSAGE][PASSED] - Object 'Object Repository/OOBObjects/ProjectsListObjects/ProjectTypeDropDwon' is present

2019-05-01 14:48:05 - [MESSAGE][PASSED] - I want to verify add new project form

2019-05-01 14:48:05 - [MESSAGE][PASSED] - Feature file: 'Include/features/Governance-Module/Add-Idea/031-Verify-Project-Creation-Form.feature' was passed]]></system-out>
         <system-err><![CDATA[]]></system-err>
      </testcase>
      <system-out><![CDATA[2019-05-01 14:22:13 - [TEST_SUITE][FAILED] - First-Test-Suite: Test Cases/Main-Test-Cases/006-Check-Mandatory-Fields FAILED.
Reason:
com.kms.katalon.core.exception.StepFailedException: Feature file 'Include/features/Governance-Module/Add-Idea/006-Check-Mandatory-Fields.feature' was failed
	at com.kms.katalon.core.keyword.internal.KeywordMain.stepFailed(KeywordMain.groovy:48)
	at com.kms.katalon.core.keyword.internal.KeywordMain.stepFailed(KeywordMain.groovy)
	at com.kms.katalon.core.keyword.internal.KeywordMain.stepFailed(KeywordMain.groovy:21)
	at com.kms.katalon.core.keyword.internal.KeywordMain$stepFailed$0.call(Unknown Source)
	at com.kms.katalon.core.cucumber.keyword.CucumberBuiltinKeywords$_runFeatureFile_closure1.doCall(CucumberBuiltinKeywords.groovy:82)
	at com.kms.katalon.core.cucumber.keyword.CucumberBuiltinKeywords$_runFeatureFile_closure1.doCall(CucumberBuiltinKeywords.groovy)
	at com.kms.katalon.core.keyword.internal.KeywordMain.runKeyword(KeywordMain.groovy:66)
	at com.kms.katalon.core.keyword.internal.KeywordMain$runKeyword.call(Unknown Source)
	at com.kms.katalon.core.cucumber.keyword.CucumberBuiltinKeywords.runFeatureFile(CucumberBuiltinKeywords.groovy:46)
	at com.kms.katalon.core.cucumber.keyword.CucumberBuiltinKeywords$runFeatureFile$0.callStatic(Unknown Source)
	at com.kms.katalon.core.cucumber.keyword.CucumberBuiltinKeywords.runFeatureFile(CucumberBuiltinKeywords.groovy:101)
	at com.kms.katalon.core.cucumber.keyword.CucumberBuiltinKeywords$runFeatureFile.call(Unknown Source)
	at 006-Check-Mandatory-Fields.run(006-Check-Mandatory-Fields:16)
	at com.kms.katalon.core.main.ScriptEngine.run(ScriptEngine.java:194)
	at com.kms.katalon.core.main.ScriptEngine.runScriptAsRawText(ScriptEngine.java:119)
	at com.kms.katalon.core.main.TestCaseExecutor.runScript(TestCaseExecutor.java:331)
	at com.kms.katalon.core.main.TestCaseExecutor.doExecute(TestCaseExecutor.java:322)
	at com.kms.katalon.core.main.TestCaseExecutor.processExecutionPhase(TestCaseExecutor.java:301)
	at com.kms.katalon.core.main.TestCaseExecutor.accessMainPhase(TestCaseExecutor.java:293)
	at com.kms.katalon.core.main.TestCaseExecutor.execute(TestCaseExecutor.java:227)
	at com.kms.katalon.core.main.TestSuiteExecutor.accessTestCaseMainPhase(TestSuiteExecutor.java:129)
	at com.kms.katalon.core.main.TestSuiteExecutor.accessTestSuiteMainPhase(TestSuiteExecutor.java:112)
	at com.kms.katalon.core.main.TestSuiteExecutor.execute(TestSuiteExecutor.java:81)
	at com.kms.katalon.core.main.TestCaseMain.startTestSuite(TestCaseMain.java:157)
	at com.kms.katalon.core.main.TestCaseMain$startTestSuite$0.call(Unknown Source)
	at TempTestSuite1556709731988.run(TempTestSuite1556709731988.groovy:35)]]></system-out>
      <system-err><![CDATA[2019-05-01 14:22:13 - [TEST_SUITE][FAILED] - First-Test-Suite: Test Cases/Main-Test-Cases/006-Check-Mandatory-Fields FAILED.
Reason:
com.kms.katalon.core.exception.StepFailedException: Feature file 'Include/features/Governance-Module/Add-Idea/006-Check-Mandatory-Fields.feature' was failed
	at com.kms.katalon.core.keyword.internal.KeywordMain.stepFailed(KeywordMain.groovy:48)
	at com.kms.katalon.core.keyword.internal.KeywordMain.stepFailed(KeywordMain.groovy)
	at com.kms.katalon.core.keyword.internal.KeywordMain.stepFailed(KeywordMain.groovy:21)
	at com.kms.katalon.core.keyword.internal.KeywordMain$stepFailed$0.call(Unknown Source)
	at com.kms.katalon.core.cucumber.keyword.CucumberBuiltinKeywords$_runFeatureFile_closure1.doCall(CucumberBuiltinKeywords.groovy:82)
	at com.kms.katalon.core.cucumber.keyword.CucumberBuiltinKeywords$_runFeatureFile_closure1.doCall(CucumberBuiltinKeywords.groovy)
	at com.kms.katalon.core.keyword.internal.KeywordMain.runKeyword(KeywordMain.groovy:66)
	at com.kms.katalon.core.keyword.internal.KeywordMain$runKeyword.call(Unknown Source)
	at com.kms.katalon.core.cucumber.keyword.CucumberBuiltinKeywords.runFeatureFile(CucumberBuiltinKeywords.groovy:46)
	at com.kms.katalon.core.cucumber.keyword.CucumberBuiltinKeywords$runFeatureFile$0.callStatic(Unknown Source)
	at com.kms.katalon.core.cucumber.keyword.CucumberBuiltinKeywords.runFeatureFile(CucumberBuiltinKeywords.groovy:101)
	at com.kms.katalon.core.cucumber.keyword.CucumberBuiltinKeywords$runFeatureFile.call(Unknown Source)
	at 006-Check-Mandatory-Fields.run(006-Check-Mandatory-Fields:16)
	at com.kms.katalon.core.main.ScriptEngine.run(ScriptEngine.java:194)
	at com.kms.katalon.core.main.ScriptEngine.runScriptAsRawText(ScriptEngine.java:119)
	at com.kms.katalon.core.main.TestCaseExecutor.runScript(TestCaseExecutor.java:331)
	at com.kms.katalon.core.main.TestCaseExecutor.doExecute(TestCaseExecutor.java:322)
	at com.kms.katalon.core.main.TestCaseExecutor.processExecutionPhase(TestCaseExecutor.java:301)
	at com.kms.katalon.core.main.TestCaseExecutor.accessMainPhase(TestCaseExecutor.java:293)
	at com.kms.katalon.core.main.TestCaseExecutor.execute(TestCaseExecutor.java:227)
	at com.kms.katalon.core.main.TestSuiteExecutor.accessTestCaseMainPhase(TestSuiteExecutor.java:129)
	at com.kms.katalon.core.main.TestSuiteExecutor.accessTestSuiteMainPhase(TestSuiteExecutor.java:112)
	at com.kms.katalon.core.main.TestSuiteExecutor.execute(TestSuiteExecutor.java:81)
	at com.kms.katalon.core.main.TestCaseMain.startTestSuite(TestCaseMain.java:157)
	at com.kms.katalon.core.main.TestCaseMain$startTestSuite$0.call(Unknown Source)
	at TempTestSuite1556709731988.run(TempTestSuite1556709731988.groovy:35)]]></system-err>
   </testsuite>
</testsuites>
