<?xml version="1.0" encoding="UTF-8"?>
<testsuites name="First-Test-Suite" time="82" tests="5" failures="0" errors="0">
   <testsuite name="First-Test-Suite" tests="5" failures="0" errors="0" time="82" timestamp="2019-04-10 12:26:43" hostname="HP - HP45G5" id="Test Suites/First-Test-Suite">
      <properties>
         <property name="deviceName" value=""/>
         <property name="devicePlatform" value=""/>
         <property name="logFolder" value="C:\\Users\\HP\\git\\PMO-Web-Application\\Reports\\First-Test-Suite\\20190410_122642"/>
         <property name="logFiles" value="C:\\Users\\HP\\git\\PMO-Web-Application\\Reports\\First-Test-Suite\\20190410_122642\\execution0.log"/>
         <property name="attachments" value=""/>
         <property name="hostName" value="HP - HP45G5"/>
         <property name="os" value="Windows 10 64bit"/>
         <property name="katalonVersion" value="6.0.6.4"/>
         <property name="browser" value="Chrome 73.0.3683.86"/>
         <property name="hostAddress" value="192.168.1.164"/>
         <property name="sessionId" value="0c936930103f3f438c4beb74cd5042fe"/>
         <property name="seleniumVersion" value="3.7.1"/>
         <property name="proxyInformation" value="ProxyInformation{proxyOption=NO_PROXY, proxyServerType=HTTP, password=, proxyServerAddress=, proxyServerPort=0}"/>
         <property name="platform" value="Windows 10"/>
      </properties>
      <testcase name="Test Cases/Main-Test-Cases/001-Login-To-OOB" classname="Test Cases/Main-Test-Cases/001-Login-To-OOB" status="PASSED">
         <system-out><![CDATA[2019-04-10 12:26:44 - [TEST_CASE][PASSED] - Test Cases/Main-Test-Cases/001-Login-To-OOB: Test Cases/Main-Test-Cases/001-Login-To-OOB

2019-04-10 12:26:44 - [TEST_STEP][PASSED] - runFeatureFile("Include/features/Main-Features/001-Login-to-OOB.feature"): Feature file: 'Include/features/Main-Features/001-Login-to-OOB.feature' was passed

2019-04-10 12:26:44 - [MESSAGE][INFO] - Starting run keyword runFeatureFile: 'Include/features/Main-Features/001-Login-to-OOB.feature' and extract report to folder: 'C:\Users\HP\git\PMO-Web-Application\Reports\First-Test-Suite\20190410_122642/cucumber_report/1554888404366'...

2019-04-10 12:26:44 - [TEST_CASE][PASSED] - Start Test Case : SCENARIO Add new idea: SCENARIO Add new idea

2019-04-10 12:26:44 - [TEST_STEP][PASSED] - I want to open browser: I want to open browser

2019-04-10 12:26:44 - [MESSAGE][INFO] - Starting 'Chrome' driver

2019-04-10 12:26:44 - [MESSAGE][INFO] - Action delay is set to 0 seconds

2019-04-10 12:26:47 - [MESSAGE][PASSED] - Browser is opened with url: ''

2019-04-10 12:26:47 - [MESSAGE][PASSED] - Delete all cookies successfully

2019-04-10 12:26:48 - [MESSAGE][PASSED] - I want to open browser

2019-04-10 12:26:48 - [TEST_STEP][PASSED] - I want to maximize window: I want to maximize window

2019-04-10 12:26:49 - [MESSAGE][PASSED] - Current window maximized

2019-04-10 12:26:49 - [MESSAGE][PASSED] - I want to maximize window

2019-04-10 12:26:49 - [TEST_STEP][PASSED] - I want to go to OOB: I want to go to OOB

2019-04-10 12:26:56 - [MESSAGE][PASSED] - Navigate to 'http://pmoadmin:P@ssw0rd@dev5.cloudapp.net/OOB2/' successfully

2019-04-10 12:26:56 - [MESSAGE][PASSED] - I want to go to OOB

2019-04-10 12:26:56 - [TEST_STEP][PASSED] - I verify I'm in OOB main page: I verify I'm in OOB main page

2019-04-10 12:26:56 - [MESSAGE][WARNING] - Timeout '0' is invalid. Using default page load timeout: '30'

2019-04-10 12:26:56 - [MESSAGE][PASSED] - Object 'Object Repository/OOB-Objects/OOB-Side-Bar' is present

2019-04-10 12:26:56 - [MESSAGE][PASSED] - I verify I'm in OOB main page

2019-04-10 12:26:56 - [TEST_STEP][PASSED] - I want to close browser: I want to close browser

2019-04-10 12:26:56 - [MESSAGE][PASSED] - Browser is closed

2019-04-10 12:26:56 - [MESSAGE][PASSED] - I want to close browser

2019-04-10 12:26:56 - [MESSAGE][PASSED] - Feature file: 'Include/features/Main-Features/001-Login-to-OOB.feature' was passed]]></system-out>
         <system-err><![CDATA[]]></system-err>
      </testcase>
      <testcase name="Test Cases/Main-Test-Cases/002-Verify-OOB-HomePage" classname="Test Cases/Main-Test-Cases/002-Verify-OOB-HomePage" status="PASSED">
         <system-out><![CDATA[2019-04-10 12:26:56 - [TEST_CASE][PASSED] - Test Cases/Main-Test-Cases/002-Verify-OOB-HomePage: Test Cases/Main-Test-Cases/002-Verify-OOB-HomePage

2019-04-10 12:26:57 - [TEST_STEP][PASSED] - runFeatureFile("Include/features/Main-Features/002-Verify-OOB-HomePage.feature"): Feature file: 'Include/features/Main-Features/002-Verify-OOB-HomePage.feature' was passed

2019-04-10 12:26:57 - [MESSAGE][INFO] - Starting run keyword runFeatureFile: 'Include/features/Main-Features/002-Verify-OOB-HomePage.feature' and extract report to folder: 'C:\Users\HP\git\PMO-Web-Application\Reports\First-Test-Suite\20190410_122642/cucumber_report/1554888417051'...

2019-04-10 12:26:57 - [TEST_CASE][PASSED] - Start Test Case : SCENARIO verify OOB home page elements: SCENARIO verify OOB home page elements

2019-04-10 12:26:57 - [TEST_STEP][PASSED] - I want to open browser: I want to open browser

2019-04-10 12:26:57 - [MESSAGE][INFO] - Starting 'Chrome' driver

2019-04-10 12:26:59 - [MESSAGE][PASSED] - Browser is opened with url: ''

2019-04-10 12:26:59 - [MESSAGE][PASSED] - Delete all cookies successfully

2019-04-10 12:26:59 - [MESSAGE][PASSED] - I want to open browser

2019-04-10 12:26:59 - [TEST_STEP][PASSED] - I want to maximize window: I want to maximize window

2019-04-10 12:27:00 - [MESSAGE][PASSED] - Current window maximized

2019-04-10 12:27:00 - [MESSAGE][PASSED] - I want to maximize window

2019-04-10 12:27:00 - [TEST_STEP][PASSED] - I want to go to OOB: I want to go to OOB

2019-04-10 12:27:07 - [MESSAGE][PASSED] - Navigate to 'http://pmoadmin:P@ssw0rd@dev5.cloudapp.net/OOB2/' successfully

2019-04-10 12:27:07 - [MESSAGE][PASSED] - I want to go to OOB

2019-04-10 12:27:07 - [TEST_STEP][PASSED] - I verify I'm in OOB main page: I verify I'm in OOB main page

2019-04-10 12:27:07 - [MESSAGE][WARNING] - Timeout '0' is invalid. Using default page load timeout: '30'

2019-04-10 12:27:07 - [MESSAGE][PASSED] - Object 'Object Repository/OOB-Objects/OOB-Side-Bar' is present

2019-04-10 12:27:07 - [MESSAGE][PASSED] - I verify I'm in OOB main page

2019-04-10 12:27:07 - [TEST_STEP][PASSED] - I want to verify Dashboard presents: I want to verify Dashboard presents

2019-04-10 12:27:07 - [MESSAGE][WARNING] - Timeout '0' is invalid. Using default page load timeout: '30'

2019-04-10 12:27:07 - [MESSAGE][PASSED] - Object 'Object Repository/OOB-Objects/Dashboard' is present

2019-04-10 12:27:07 - [MESSAGE][PASSED] - I want to verify Dashboard presents

2019-04-10 12:27:07 - [TEST_STEP][PASSED] - I want to verify Projects List presents: I want to verify Projects List presents

2019-04-10 12:27:07 - [MESSAGE][WARNING] - Timeout '0' is invalid. Using default page load timeout: '30'

2019-04-10 12:27:07 - [MESSAGE][PASSED] - Object 'Object Repository/OOB-Objects/Projects-List' is present

2019-04-10 12:27:07 - [MESSAGE][PASSED] - I want to verify Projects List presents

2019-04-10 12:27:07 - [TEST_STEP][PASSED] - I want to verify Strategy Center presents: I want to verify Strategy Center presents

2019-04-10 12:27:07 - [MESSAGE][WARNING] - Timeout '0' is invalid. Using default page load timeout: '30'

2019-04-10 12:27:07 - [MESSAGE][PASSED] - Object 'Object Repository/OOB-Objects/Strategy-Center' is present

2019-04-10 12:27:07 - [MESSAGE][PASSED] - I want to verify Strategy Center presents

2019-04-10 12:27:07 - [TEST_STEP][PASSED] - I want to verify Reports presents: I want to verify Reports presents

2019-04-10 12:27:07 - [MESSAGE][WARNING] - Timeout '0' is invalid. Using default page load timeout: '30'

2019-04-10 12:27:07 - [MESSAGE][PASSED] - Object 'Object Repository/OOB-Objects/Reports' is present

2019-04-10 12:27:07 - [MESSAGE][PASSED] - I want to verify Reports presents

2019-04-10 12:27:07 - [TEST_STEP][PASSED] - I want to verify Tasks presents: I want to verify Tasks presents

2019-04-10 12:27:07 - [MESSAGE][WARNING] - Timeout '0' is invalid. Using default page load timeout: '30'

2019-04-10 12:27:07 - [MESSAGE][PASSED] - Object 'Object Repository/OOB-Objects/Tasks' is present

2019-04-10 12:27:07 - [MESSAGE][PASSED] - I want to verify Tasks presents

2019-04-10 12:27:07 - [TEST_STEP][PASSED] - I want to verify Support presents: I want to verify Support presents

2019-04-10 12:27:07 - [MESSAGE][WARNING] - Timeout '0' is invalid. Using default page load timeout: '30'

2019-04-10 12:27:07 - [MESSAGE][PASSED] - Object 'Object Repository/OOB-Objects/Support' is present

2019-04-10 12:27:07 - [MESSAGE][PASSED] - I want to verify Support presents

2019-04-10 12:27:07 - [TEST_STEP][PASSED] - I want to verify User Dropdwon presents: I want to verify User Dropdwon presents

2019-04-10 12:27:07 - [MESSAGE][WARNING] - Timeout '0' is invalid. Using default page load timeout: '30'

2019-04-10 12:27:07 - [MESSAGE][PASSED] - Object 'Object Repository/OOB-Objects/User-Dropdwon' is present

2019-04-10 12:27:07 - [MESSAGE][PASSED] - I want to verify User Dropdwon presents

2019-04-10 12:27:07 - [TEST_STEP][PASSED] - I want to verify Notifications presents: I want to verify Notifications presents

2019-04-10 12:27:07 - [MESSAGE][WARNING] - Timeout '0' is invalid. Using default page load timeout: '30'

2019-04-10 12:27:07 - [MESSAGE][PASSED] - Object 'Object Repository/OOB-Objects/Notifications' is present

2019-04-10 12:27:07 - [MESSAGE][PASSED] - I want to verify Notifications presents

2019-04-10 12:27:07 - [TEST_STEP][PASSED] - I want to verify Settings presents: I want to verify Settings presents

2019-04-10 12:27:07 - [MESSAGE][WARNING] - Timeout '0' is invalid. Using default page load timeout: '30'

2019-04-10 12:27:07 - [MESSAGE][PASSED] - Object 'Object Repository/OOB-Objects/Settings' is present

2019-04-10 12:27:07 - [MESSAGE][PASSED] - I want to verify Settings presents

2019-04-10 12:27:07 - [TEST_STEP][PASSED] - I want to verify Language presents: I want to verify Language presents

2019-04-10 12:27:07 - [MESSAGE][WARNING] - Timeout '0' is invalid. Using default page load timeout: '30'

2019-04-10 12:27:07 - [MESSAGE][PASSED] - Object 'Object Repository/OOB-Objects/Language' is present

2019-04-10 12:27:07 - [MESSAGE][PASSED] - I want to verify Language presents

2019-04-10 12:27:07 - [TEST_STEP][PASSED] - I want to close browser: I want to close browser

2019-04-10 12:27:08 - [MESSAGE][PASSED] - Browser is closed

2019-04-10 12:27:08 - [MESSAGE][PASSED] - I want to close browser

2019-04-10 12:27:08 - [MESSAGE][PASSED] - Feature file: 'Include/features/Main-Features/002-Verify-OOB-HomePage.feature' was passed]]></system-out>
         <system-err><![CDATA[]]></system-err>
      </testcase>
      <testcase name="Test Cases/Main-Test-Cases/003-Add-Idea" classname="Test Cases/Main-Test-Cases/003-Add-Idea" status="PASSED">
         <system-out><![CDATA[2019-04-10 12:27:08 - [TEST_CASE][PASSED] - Test Cases/Main-Test-Cases/003-Add-Idea: Test Cases/Main-Test-Cases/003-Add-Idea

2019-04-10 12:27:08 - [TEST_STEP][PASSED] - runFeatureFile("Include/features/Main-Features/003-Add-Idea.feature"): Feature file: 'Include/features/Main-Features/003-Add-Idea.feature' was passed

2019-04-10 12:27:08 - [MESSAGE][INFO] - Starting run keyword runFeatureFile: 'Include/features/Main-Features/003-Add-Idea.feature' and extract report to folder: 'C:\Users\HP\git\PMO-Web-Application\Reports\First-Test-Suite\20190410_122642/cucumber_report/1554888428533'...

2019-04-10 12:27:08 - [TEST_CASE][PASSED] - Start Test Case : SCENARIO Add new idea: SCENARIO Add new idea

2019-04-10 12:27:08 - [TEST_STEP][PASSED] - I want to open browser: I want to open browser

2019-04-10 12:27:08 - [MESSAGE][INFO] - Starting 'Chrome' driver

2019-04-10 12:27:11 - [MESSAGE][PASSED] - Browser is opened with url: ''

2019-04-10 12:27:11 - [MESSAGE][PASSED] - Delete all cookies successfully

2019-04-10 12:27:11 - [MESSAGE][PASSED] - I want to open browser

2019-04-10 12:27:11 - [TEST_STEP][PASSED] - I want to maximize window: I want to maximize window

2019-04-10 12:27:12 - [MESSAGE][PASSED] - Current window maximized

2019-04-10 12:27:12 - [MESSAGE][PASSED] - I want to maximize window

2019-04-10 12:27:12 - [TEST_STEP][PASSED] - I want to go to OOB: I want to go to OOB

2019-04-10 12:27:20 - [MESSAGE][PASSED] - Navigate to 'http://pmoadmin:P@ssw0rd@dev5.cloudapp.net/OOB2/' successfully

2019-04-10 12:27:20 - [MESSAGE][PASSED] - I want to go to OOB

2019-04-10 12:27:20 - [TEST_STEP][PASSED] - I verify I'm in OOB main page: I verify I'm in OOB main page

2019-04-10 12:27:20 - [MESSAGE][WARNING] - Timeout '0' is invalid. Using default page load timeout: '30'

2019-04-10 12:27:20 - [MESSAGE][PASSED] - Object 'Object Repository/OOB-Objects/OOB-Side-Bar' is present

2019-04-10 12:27:20 - [MESSAGE][PASSED] - I verify I'm in OOB main page

2019-04-10 12:27:20 - [TEST_STEP][PASSED] - I want to go to ideas list page: I want to go to ideas list page

2019-04-10 12:27:22 - [MESSAGE][PASSED] - Object: 'Object Repository/OOB-Objects/IdeasList' is clicked on

2019-04-10 12:27:22 - [MESSAGE][PASSED] - I want to go to ideas list page

2019-04-10 12:27:22 - [TEST_STEP][PASSED] - I want to click on Add New button: I want to click on Add New button

2019-04-10 12:27:24 - [MESSAGE][PASSED] - Object: 'Object Repository/PMO-Objects/Page_Project Request/Add-New-Project-Request' is clicked on

2019-04-10 12:27:24 - [MESSAGE][PASSED] - I want to click on Add New button

2019-04-10 12:27:24 - [TEST_STEP][PASSED] - I want to fill idea name field: I want to fill idea name field

2019-04-10 12:27:24 - [MESSAGE][PASSED] - Text 'Automation146' is set on object 'Object Repository/PMO-Objects/Page_Add New Project Request/Idea-Name-Field'

2019-04-10 12:27:24 - [MESSAGE][PASSED] - I want to fill idea name field

2019-04-10 12:27:24 - [TEST_STEP][PASSED] - I want to select expected start date: I want to select expected start date

2019-04-10 12:27:24 - [MESSAGE][PASSED] - Object: 'Object Repository/PMO-Objects/Page_Add New Project Request/GREGORIAN-Start-date-Check-Box' is clicked on

2019-04-10 12:27:24 - [MESSAGE][PASSED] - Object: 'Object Repository/PMO-Objects/Page_Add New Project Request/Excepted-Start-Date' is clicked on

2019-04-10 12:27:24 - [MESSAGE][PASSED] - Object: 'Object Repository/PMO-Objects/Page_Add New Project Request/Day26' is hovered

2019-04-10 12:27:24 - [MESSAGE][PASSED] - Object: 'Object Repository/PMO-Objects/Page_Add New Project Request/Day26' is clicked on

2019-04-10 12:27:24 - [MESSAGE][PASSED] - I want to select expected start date

2019-04-10 12:27:24 - [TEST_STEP][PASSED] - I want to select expected end date: I want to select expected end date

2019-04-10 12:27:24 - [MESSAGE][PASSED] - Object 'Object Repository/PMO-Objects/Page_Add New Project Request/GREGORIAN-End-Date-Check-Box' is visible

2019-04-10 12:27:24 - [MESSAGE][PASSED] - Object: 'Object Repository/PMO-Objects/Page_Add New Project Request/GREGORIAN-End-Date-Check-Box' is clicked on

2019-04-10 12:27:24 - [MESSAGE][PASSED] - Object: 'Object Repository/PMO-Objects/Page_Add New Project Request/Excpected-End-Date' is clicked on

2019-04-10 12:27:24 - [MESSAGE][PASSED] - Object: 'Object Repository/PMO-Objects/Page_Add New Project Request/End-Date-Next' is hovered

2019-04-10 12:27:24 - [MESSAGE][PASSED] - Object: 'Object Repository/PMO-Objects/Page_Add New Project Request/End-Date-Next' is clicked on

2019-04-10 12:27:24 - [MESSAGE][PASSED] - Object: 'Object Repository/PMO-Objects/Page_Add New Project Request/EndDateDay15' is hovered

2019-04-10 12:27:24 - [MESSAGE][PASSED] - Object: 'Object Repository/PMO-Objects/Page_Add New Project Request/EndDateDay15' is clicked on

2019-04-10 12:27:24 - [MESSAGE][PASSED] - I want to select expected end date

2019-04-10 12:27:24 - [TEST_STEP][PASSED] - I want to fill idea objective field: I want to fill idea objective field

2019-04-10 12:27:25 - [MESSAGE][PASSED] - Text 'Automation' is set on object 'Object Repository/PMO-Objects/Page_Add New Project Request/Idea-Objective-Field'

2019-04-10 12:27:25 - [MESSAGE][PASSED] - I want to fill idea objective field

2019-04-10 12:27:25 - [TEST_STEP][PASSED] - I want to fill expected budget field: I want to fill expected budget field

2019-04-10 12:27:25 - [MESSAGE][PASSED] - Text '10000' is set on object 'Object Repository/PMO-Objects/Page_Add New Project Request/Expected-Budget-Field'

2019-04-10 12:27:25 - [MESSAGE][PASSED] - I want to fill expected budget field

2019-04-10 12:27:25 - [TEST_STEP][PASSED] - I want to fill Notes field: I want to fill Notes field

2019-04-10 12:27:25 - [MESSAGE][PASSED] - Text 'test note' is set on object 'Object Repository/PMO-Objects/Page_Add New Project Request/Notes-Field'

2019-04-10 12:27:25 - [MESSAGE][PASSED] - I want to fill Notes field

2019-04-10 12:27:25 - [TEST_STEP][PASSED] - I want to add Attachment: I want to add Attachment

2019-04-10 12:27:25 - [MESSAGE][PASSED] - Object: 'Object Repository/PMO-Objects/Page_Add New Project Request/Add-New-Document-Button' is clicked on

2019-04-10 12:27:25 - [MESSAGE][WARNING] - Timeout '0' is invalid. Using default page load timeout: '30'

2019-04-10 12:27:25 - [MESSAGE][PASSED] - Scroll to object 'Object Repository/PMO-Objects/Page_Add New Project Request/Add-New-Document-Button' successfully

2019-04-10 12:27:25 - [MESSAGE][PASSED] - File 'C:\Users\HP\Desktop\download.png' sent to object: 'Object Repository/PMO-Objects/Page_Add New Project Request/Upload-File'

2019-04-10 12:27:25 - [MESSAGE][WARNING] - Timeout '0' is invalid. Using default page load timeout: '30'

2019-04-10 12:27:26 - [MESSAGE][PASSED] - Object 'Object Repository/PMO-Objects/Page_Add New Project Request/AttachedFile' is present

2019-04-10 12:27:26 - [MESSAGE][PASSED] - Object: 'Object Repository/PMO-Objects/Page_Add New Project Request/LoadButton' is clicked on

2019-04-10 12:27:26 - [MESSAGE][PASSED] - I want to add Attachment

2019-04-10 12:27:26 - [TEST_STEP][PASSED] - I want to click send idea button: I want to click send idea button

2019-04-10 12:27:26 - [MESSAGE][WARNING] - Timeout '0' is invalid. Using default page load timeout: '30'

2019-04-10 12:27:26 - [MESSAGE][PASSED] - Scroll to object 'Object Repository/Page_/CardBlock' successfully

2019-04-10 12:27:26 - [MESSAGE][PASSED] - Object: 'Object Repository/SendIdeaButton' is focused

2019-04-10 12:27:26 - [MESSAGE][PASSED] - Object: 'Object Repository/SendIdeaButton' is hovered

2019-04-10 12:27:26 - [MESSAGE][PASSED] - Object 'Object Repository/SendIdeaButton' is clickable

2019-04-10 12:27:26 - [MESSAGE][PASSED] - Object: 'Object Repository/SendIdeaButton' is clicked on

2019-04-10 12:27:26 - [MESSAGE][PASSED] - I want to click send idea button

2019-04-10 12:27:26 - [TEST_STEP][PASSED] - I want to verify idea added successfuly: I want to verify idea added successfuly

2019-04-10 12:27:26 - [MESSAGE][WARNING] - Timeout '0' is invalid. Using default page load timeout: '30'

2019-04-10 12:27:26 - [MESSAGE][PASSED] - Wait for page load successfully

2019-04-10 12:27:28 - [MESSAGE][PASSED] - Actual text and expected text of test object 'Object Repository/CreatedIdeaName' are matched.

2019-04-10 12:27:28 - [MESSAGE][PASSED] - I want to verify idea added successfuly

2019-04-10 12:27:28 - [TEST_STEP][PASSED] - I want to close browser: I want to close browser

2019-04-10 12:27:29 - [MESSAGE][PASSED] - Browser is closed

2019-04-10 12:27:29 - [MESSAGE][PASSED] - I want to close browser

2019-04-10 12:27:29 - [MESSAGE][PASSED] - Feature file: 'Include/features/Main-Features/003-Add-Idea.feature' was passed]]></system-out>
         <system-err><![CDATA[]]></system-err>
      </testcase>
      <testcase name="Test Cases/Main-Test-Cases/004-Cancel-Idea-Creation" classname="Test Cases/Main-Test-Cases/004-Cancel-Idea-Creation" status="PASSED">
         <system-out><![CDATA[2019-04-10 12:27:29 - [TEST_CASE][PASSED] - Test Cases/Main-Test-Cases/004-Cancel-Idea-Creation: Test Cases/Main-Test-Cases/004-Cancel-Idea-Creation

2019-04-10 12:27:29 - [TEST_STEP][PASSED] - runFeatureFile("Include/features/Main-Features/004-Cancel-Idea-Creation.feature"): Feature file: 'Include/features/Main-Features/004-Cancel-Idea-Creation.feature' was passed

2019-04-10 12:27:29 - [MESSAGE][INFO] - Starting run keyword runFeatureFile: 'Include/features/Main-Features/004-Cancel-Idea-Creation.feature' and extract report to folder: 'C:\Users\HP\git\PMO-Web-Application\Reports\First-Test-Suite\20190410_122642/cucumber_report/1554888449694'...

2019-04-10 12:27:29 - [TEST_CASE][PASSED] - Start Test Case : SCENARIO Cancel idea creation process: SCENARIO Cancel idea creation process

2019-04-10 12:27:29 - [TEST_STEP][PASSED] - I want to open browser: I want to open browser

2019-04-10 12:27:29 - [MESSAGE][INFO] - Starting 'Chrome' driver

2019-04-10 12:27:32 - [MESSAGE][PASSED] - Browser is opened with url: ''

2019-04-10 12:27:32 - [MESSAGE][PASSED] - Delete all cookies successfully

2019-04-10 12:27:32 - [MESSAGE][PASSED] - I want to open browser

2019-04-10 12:27:32 - [TEST_STEP][PASSED] - I want to maximize window: I want to maximize window

2019-04-10 12:27:33 - [MESSAGE][PASSED] - Current window maximized

2019-04-10 12:27:33 - [MESSAGE][PASSED] - I want to maximize window

2019-04-10 12:27:33 - [TEST_STEP][PASSED] - I want to go to OOB: I want to go to OOB

2019-04-10 12:27:39 - [MESSAGE][PASSED] - Navigate to 'http://pmoadmin:P@ssw0rd@dev5.cloudapp.net/OOB2/' successfully

2019-04-10 12:27:39 - [MESSAGE][PASSED] - I want to go to OOB

2019-04-10 12:27:39 - [TEST_STEP][PASSED] - I verify I'm in OOB main page: I verify I'm in OOB main page

2019-04-10 12:27:39 - [MESSAGE][WARNING] - Timeout '0' is invalid. Using default page load timeout: '30'

2019-04-10 12:27:39 - [MESSAGE][PASSED] - Object 'Object Repository/OOB-Objects/OOB-Side-Bar' is present

2019-04-10 12:27:39 - [MESSAGE][PASSED] - I verify I'm in OOB main page

2019-04-10 12:27:39 - [TEST_STEP][PASSED] - I want to go to ideas list page: I want to go to ideas list page

2019-04-10 12:27:41 - [MESSAGE][PASSED] - Object: 'Object Repository/OOB-Objects/IdeasList' is clicked on

2019-04-10 12:27:41 - [MESSAGE][PASSED] - I want to go to ideas list page

2019-04-10 12:27:41 - [TEST_STEP][PASSED] - I want to click on Add New button: I want to click on Add New button

2019-04-10 12:27:43 - [MESSAGE][PASSED] - Object: 'Object Repository/PMO-Objects/Page_Project Request/Add-New-Project-Request' is clicked on

2019-04-10 12:27:43 - [MESSAGE][PASSED] - I want to click on Add New button

2019-04-10 12:27:43 - [TEST_STEP][PASSED] - I want to fill idea name field: I want to fill idea name field

2019-04-10 12:27:43 - [MESSAGE][PASSED] - Text 'Automation350' is set on object 'Object Repository/PMO-Objects/Page_Add New Project Request/Idea-Name-Field'

2019-04-10 12:27:43 - [MESSAGE][PASSED] - I want to fill idea name field

2019-04-10 12:27:43 - [TEST_STEP][PASSED] - I want to select expected start date: I want to select expected start date

2019-04-10 12:27:43 - [MESSAGE][PASSED] - Object: 'Object Repository/PMO-Objects/Page_Add New Project Request/GREGORIAN-Start-date-Check-Box' is clicked on

2019-04-10 12:27:43 - [MESSAGE][PASSED] - Object: 'Object Repository/PMO-Objects/Page_Add New Project Request/Excepted-Start-Date' is clicked on

2019-04-10 12:27:43 - [MESSAGE][PASSED] - Object: 'Object Repository/PMO-Objects/Page_Add New Project Request/Day26' is hovered

2019-04-10 12:27:43 - [MESSAGE][PASSED] - Object: 'Object Repository/PMO-Objects/Page_Add New Project Request/Day26' is clicked on

2019-04-10 12:27:43 - [MESSAGE][PASSED] - I want to select expected start date

2019-04-10 12:27:43 - [TEST_STEP][PASSED] - I want to select expected end date: I want to select expected end date

2019-04-10 12:27:43 - [MESSAGE][PASSED] - Object 'Object Repository/PMO-Objects/Page_Add New Project Request/GREGORIAN-End-Date-Check-Box' is visible

2019-04-10 12:27:43 - [MESSAGE][PASSED] - Object: 'Object Repository/PMO-Objects/Page_Add New Project Request/GREGORIAN-End-Date-Check-Box' is clicked on

2019-04-10 12:27:43 - [MESSAGE][PASSED] - Object: 'Object Repository/PMO-Objects/Page_Add New Project Request/Excpected-End-Date' is clicked on

2019-04-10 12:27:43 - [MESSAGE][PASSED] - Object: 'Object Repository/PMO-Objects/Page_Add New Project Request/End-Date-Next' is hovered

2019-04-10 12:27:44 - [MESSAGE][PASSED] - Object: 'Object Repository/PMO-Objects/Page_Add New Project Request/End-Date-Next' is clicked on

2019-04-10 12:27:44 - [MESSAGE][PASSED] - Object: 'Object Repository/PMO-Objects/Page_Add New Project Request/EndDateDay15' is hovered

2019-04-10 12:27:44 - [MESSAGE][PASSED] - Object: 'Object Repository/PMO-Objects/Page_Add New Project Request/EndDateDay15' is clicked on

2019-04-10 12:27:44 - [MESSAGE][PASSED] - I want to select expected end date

2019-04-10 12:27:44 - [TEST_STEP][PASSED] - I want to fill idea objective field: I want to fill idea objective field

2019-04-10 12:27:44 - [MESSAGE][PASSED] - Text 'Automation' is set on object 'Object Repository/PMO-Objects/Page_Add New Project Request/Idea-Objective-Field'

2019-04-10 12:27:44 - [MESSAGE][PASSED] - I want to fill idea objective field

2019-04-10 12:27:44 - [TEST_STEP][PASSED] - I want to fill expected budget field: I want to fill expected budget field

2019-04-10 12:27:44 - [MESSAGE][PASSED] - Text '10000' is set on object 'Object Repository/PMO-Objects/Page_Add New Project Request/Expected-Budget-Field'

2019-04-10 12:27:44 - [MESSAGE][PASSED] - I want to fill expected budget field

2019-04-10 12:27:44 - [TEST_STEP][PASSED] - I want to fill Notes field: I want to fill Notes field

2019-04-10 12:27:44 - [MESSAGE][PASSED] - Text 'test note' is set on object 'Object Repository/PMO-Objects/Page_Add New Project Request/Notes-Field'

2019-04-10 12:27:44 - [MESSAGE][PASSED] - I want to fill Notes field

2019-04-10 12:27:44 - [TEST_STEP][PASSED] - I want to click Cancel idea button: I want to click Cancel idea button

2019-04-10 12:27:44 - [MESSAGE][PASSED] - Object: 'Object Repository/PMO-Objects/Page_Add New Project Request/CancelIdeaButton' is hovered

2019-04-10 12:27:46 - [MESSAGE][PASSED] - Object: 'Object Repository/PMO-Objects/Page_Add New Project Request/CancelIdeaButton' is clicked on

2019-04-10 12:27:46 - [MESSAGE][PASSED] - I want to click Cancel idea button

2019-04-10 12:27:46 - [TEST_STEP][PASSED] - I want to check idea not created: I want to check idea not created

2019-04-10 12:27:46 - [MESSAGE][PASSED] - Text 'Automation350' is set on object 'Object Repository/PMO-Objects/Page_Project Request/SearchField'

2019-04-10 12:27:47 - [MESSAGE][PASSED] - Actual text and expected text of test object 'Object Repository/PMO-Objects/Page_Project Request/SearchResult' are matched.

2019-04-10 12:27:47 - [MESSAGE][PASSED] - I want to check idea not created

2019-04-10 12:27:47 - [MESSAGE][PASSED] - Feature file: 'Include/features/Main-Features/004-Cancel-Idea-Creation.feature' was passed]]></system-out>
         <system-err><![CDATA[]]></system-err>
      </testcase>
      <testcase name="Test Cases/Main-Test-Cases/005-Save-Idea" classname="Test Cases/Main-Test-Cases/005-Save-Idea" status="PASSED">
         <system-out><![CDATA[2019-04-10 12:27:47 - [TEST_CASE][PASSED] - Test Cases/Main-Test-Cases/005-Save-Idea: Test Cases/Main-Test-Cases/005-Save-Idea

2019-04-10 12:27:47 - [TEST_STEP][PASSED] - runFeatureFile("Include/features/Main-Features/005-Save-Idea.feature"): Feature file: 'Include/features/Main-Features/005-Save-Idea.feature' was passed

2019-04-10 12:27:47 - [MESSAGE][INFO] - Starting run keyword runFeatureFile: 'Include/features/Main-Features/005-Save-Idea.feature' and extract report to folder: 'C:\Users\HP\git\PMO-Web-Application\Reports\First-Test-Suite\20190410_122642/cucumber_report/1554888467507'...

2019-04-10 12:27:47 - [TEST_CASE][PASSED] - Start Test Case : SCENARIO Cancel idea creation process: SCENARIO Cancel idea creation process

2019-04-10 12:27:47 - [TEST_STEP][PASSED] - I want to open browser: I want to open browser

2019-04-10 12:27:47 - [MESSAGE][WARNING] - A browser is already opened. Closing browser and opening a new one

2019-04-10 12:27:48 - [MESSAGE][INFO] - Starting 'Chrome' driver

2019-04-10 12:27:50 - [MESSAGE][PASSED] - Browser is opened with url: ''

2019-04-10 12:27:50 - [MESSAGE][PASSED] - Delete all cookies successfully

2019-04-10 12:27:50 - [MESSAGE][PASSED] - I want to open browser

2019-04-10 12:27:50 - [TEST_STEP][PASSED] - I want to maximize window: I want to maximize window

2019-04-10 12:27:51 - [MESSAGE][PASSED] - Current window maximized

2019-04-10 12:27:51 - [MESSAGE][PASSED] - I want to maximize window

2019-04-10 12:27:51 - [TEST_STEP][PASSED] - I want to go to OOB: I want to go to OOB

2019-04-10 12:27:57 - [MESSAGE][PASSED] - Navigate to 'http://pmoadmin:P@ssw0rd@dev5.cloudapp.net/OOB2/' successfully

2019-04-10 12:27:57 - [MESSAGE][PASSED] - I want to go to OOB

2019-04-10 12:27:57 - [TEST_STEP][PASSED] - I verify I'm in OOB main page: I verify I'm in OOB main page

2019-04-10 12:27:57 - [MESSAGE][WARNING] - Timeout '0' is invalid. Using default page load timeout: '30'

2019-04-10 12:27:57 - [MESSAGE][PASSED] - Object 'Object Repository/OOB-Objects/OOB-Side-Bar' is present

2019-04-10 12:27:57 - [MESSAGE][PASSED] - I verify I'm in OOB main page

2019-04-10 12:27:57 - [TEST_STEP][PASSED] - I want to go to ideas list page: I want to go to ideas list page

2019-04-10 12:27:59 - [MESSAGE][PASSED] - Object: 'Object Repository/OOB-Objects/IdeasList' is clicked on

2019-04-10 12:27:59 - [MESSAGE][PASSED] - I want to go to ideas list page

2019-04-10 12:27:59 - [TEST_STEP][PASSED] - I want to click on Add New button: I want to click on Add New button

2019-04-10 12:28:00 - [MESSAGE][PASSED] - Object: 'Object Repository/PMO-Objects/Page_Project Request/Add-New-Project-Request' is clicked on

2019-04-10 12:28:00 - [MESSAGE][PASSED] - I want to click on Add New button

2019-04-10 12:28:00 - [TEST_STEP][PASSED] - I want to fill idea name field: I want to fill idea name field

2019-04-10 12:28:01 - [MESSAGE][PASSED] - Text 'Automation484' is set on object 'Object Repository/PMO-Objects/Page_Add New Project Request/Idea-Name-Field'

2019-04-10 12:28:01 - [MESSAGE][PASSED] - I want to fill idea name field

2019-04-10 12:28:01 - [TEST_STEP][PASSED] - I want to select expected start date: I want to select expected start date

2019-04-10 12:28:01 - [MESSAGE][PASSED] - Object: 'Object Repository/PMO-Objects/Page_Add New Project Request/GREGORIAN-Start-date-Check-Box' is clicked on

2019-04-10 12:28:01 - [MESSAGE][PASSED] - Object: 'Object Repository/PMO-Objects/Page_Add New Project Request/Excepted-Start-Date' is clicked on

2019-04-10 12:28:01 - [MESSAGE][PASSED] - Object: 'Object Repository/PMO-Objects/Page_Add New Project Request/Day26' is hovered

2019-04-10 12:28:01 - [MESSAGE][PASSED] - Object: 'Object Repository/PMO-Objects/Page_Add New Project Request/Day26' is clicked on

2019-04-10 12:28:01 - [MESSAGE][PASSED] - I want to select expected start date

2019-04-10 12:28:01 - [TEST_STEP][PASSED] - I want to select expected end date: I want to select expected end date

2019-04-10 12:28:01 - [MESSAGE][PASSED] - Object 'Object Repository/PMO-Objects/Page_Add New Project Request/GREGORIAN-End-Date-Check-Box' is visible

2019-04-10 12:28:01 - [MESSAGE][PASSED] - Object: 'Object Repository/PMO-Objects/Page_Add New Project Request/GREGORIAN-End-Date-Check-Box' is clicked on

2019-04-10 12:28:01 - [MESSAGE][PASSED] - Object: 'Object Repository/PMO-Objects/Page_Add New Project Request/Excpected-End-Date' is clicked on

2019-04-10 12:28:01 - [MESSAGE][PASSED] - Object: 'Object Repository/PMO-Objects/Page_Add New Project Request/End-Date-Next' is hovered

2019-04-10 12:28:01 - [MESSAGE][PASSED] - Object: 'Object Repository/PMO-Objects/Page_Add New Project Request/End-Date-Next' is clicked on

2019-04-10 12:28:01 - [MESSAGE][PASSED] - Object: 'Object Repository/PMO-Objects/Page_Add New Project Request/EndDateDay15' is hovered

2019-04-10 12:28:01 - [MESSAGE][PASSED] - Object: 'Object Repository/PMO-Objects/Page_Add New Project Request/EndDateDay15' is clicked on

2019-04-10 12:28:01 - [MESSAGE][PASSED] - I want to select expected end date

2019-04-10 12:28:01 - [TEST_STEP][PASSED] - I want to fill idea objective field: I want to fill idea objective field

2019-04-10 12:28:02 - [MESSAGE][PASSED] - Text 'Automation' is set on object 'Object Repository/PMO-Objects/Page_Add New Project Request/Idea-Objective-Field'

2019-04-10 12:28:02 - [MESSAGE][PASSED] - I want to fill idea objective field

2019-04-10 12:28:02 - [TEST_STEP][PASSED] - I want to fill expected budget field: I want to fill expected budget field

2019-04-10 12:28:02 - [MESSAGE][PASSED] - Text '10000' is set on object 'Object Repository/PMO-Objects/Page_Add New Project Request/Expected-Budget-Field'

2019-04-10 12:28:02 - [MESSAGE][PASSED] - I want to fill expected budget field

2019-04-10 12:28:02 - [TEST_STEP][PASSED] - I want to fill Notes field: I want to fill Notes field

2019-04-10 12:28:02 - [MESSAGE][PASSED] - Text 'test note' is set on object 'Object Repository/PMO-Objects/Page_Add New Project Request/Notes-Field'

2019-04-10 12:28:02 - [MESSAGE][PASSED] - I want to fill Notes field

2019-04-10 12:28:02 - [TEST_STEP][PASSED] - I want to click save idea button: I want to click save idea button

2019-04-10 12:28:02 - [MESSAGE][WARNING] - Timeout '0' is invalid. Using default page load timeout: '30'

2019-04-10 12:28:02 - [MESSAGE][PASSED] - Scroll to object 'Object Repository/Page_/CardBlock' successfully

2019-04-10 12:28:02 - [MESSAGE][WARNING] - Timeout '0' is invalid. Using default page load timeout: '30'

2019-04-10 12:28:02 - [MESSAGE][PASSED] - Object 'Object Repository/PMO-Objects/Page_Add New Project Request/SaveIdeaButton' is present

2019-04-10 12:28:02 - [MESSAGE][PASSED] - Object: 'Object Repository/PMO-Objects/Page_Add New Project Request/SaveIdeaButton' is clicked on

2019-04-10 12:28:02 - [MESSAGE][WARNING] - Timeout '0' is invalid. Using default page load timeout: '30'

2019-04-10 12:28:02 - [MESSAGE][PASSED] - Wait for page load successfully

2019-04-10 12:28:02 - [MESSAGE][PASSED] - I want to click save idea button

2019-04-10 12:28:02 - [TEST_STEP][PASSED] - I want to wait for page load: I want to wait for page load

2019-04-10 12:28:02 - [MESSAGE][WARNING] - Timeout '0' is invalid. Using default page load timeout: '30'

2019-04-10 12:28:02 - [MESSAGE][PASSED] - Wait for page load successfully

2019-04-10 12:28:02 - [MESSAGE][PASSED] - Refresh successfully

2019-04-10 12:28:02 - [MESSAGE][PASSED] - I want to wait for page load

2019-04-10 12:28:02 - [TEST_STEP][PASSED] - I want to go to ideas list page: I want to go to ideas list page

2019-04-10 12:28:04 - [MESSAGE][PASSED] - Object: 'Object Repository/OOB-Objects/IdeasList' is clicked on

2019-04-10 12:28:04 - [MESSAGE][PASSED] - I want to go to ideas list page

2019-04-10 12:28:04 - [TEST_STEP][PASSED] - I want to search on saved idea: I want to search on saved idea

2019-04-10 12:28:05 - [MESSAGE][PASSED] - Text 'Automation484' is set on object 'Object Repository/PMO-Objects/Page_Project Request/SearchField'

2019-04-10 12:28:06 - [MESSAGE][PASSED] - Actual text and expected text of test object 'Object Repository/PMO-Objects/Page_Project Request/SearchResult' are matched.

2019-04-10 12:28:06 - [MESSAGE][PASSED] - I want to search on saved idea

2019-04-10 12:28:06 - [MESSAGE][PASSED] - Feature file: 'Include/features/Main-Features/005-Save-Idea.feature' was passed]]></system-out>
         <system-err><![CDATA[]]></system-err>
      </testcase>
      <system-out><![CDATA[2019-04-10 12:26:43 - [TEST_SUITE][PASSED] - First-Test-Suite: Test Cases/Main-Test-Cases/005-Save-Idea]]></system-out>
      <system-err><![CDATA[]]></system-err>
   </testsuite>
</testsuites>
