<?xml version="1.0" encoding="UTF-8"?>
<testsuites name="First-Test-Suite" time="0" tests="0" failures="0" errors="0">
   <testsuite name="First-Test-Suite" tests="0" failures="0" errors="0" time="0" timestamp="2019-04-02 10:00:38" hostname="HP - 10.152.69.144" id="Test Suites/First-Test-Suite">
      <properties>
         <property name="deviceName" value=""/>
         <property name="devicePlatform" value=""/>
         <property name="logFolder" value="C:\\Users\\HP\\git\\PMO-Web-Application\\Reports\\First-Test-Suite\\20190402_100035"/>
         <property name="logFiles" value="C:\\Users\\HP\\git\\PMO-Web-Application\\Reports\\First-Test-Suite\\20190402_100035\\execution0.log"/>
         <property name="attachments" value=""/>
         <property name="hostName" value="HP - 10.152.69.144"/>
         <property name="hostAddress" value="10.152.69.144"/>
         <property name="os" value="Windows 10 64bit"/>
         <property name="katalonVersion" value="6.0.6.4"/>
      </properties>
      <system-out><![CDATA[2019-04-02 10:00:38 - [TEST_SUITE][PASSED] - First-Test-Suite: null]]></system-out>
      <system-err><![CDATA[]]></system-err>
   </testsuite>
</testsuites>
