<?xml version="1.0" encoding="UTF-8"?>
<testsuites name="First-Test-Suite" time="39" tests="3" failures="0" errors="0">
   <testsuite name="First-Test-Suite" tests="3" failures="0" errors="0" time="39" timestamp="2019-04-09 12:07:11" hostname="HP - HP45G5" id="Test Suites/First-Test-Suite">
      <properties>
         <property name="deviceName" value=""/>
         <property name="devicePlatform" value=""/>
         <property name="logFolder" value="C:\\Users\\HP\\git\\PMO-Web-Application\\Reports\\First-Test-Suite\\20190409_120709"/>
         <property name="logFiles" value="C:\\Users\\HP\\git\\PMO-Web-Application\\Reports\\First-Test-Suite\\20190409_120709\\execution0.log"/>
         <property name="attachments" value=""/>
         <property name="hostName" value="HP - HP45G5"/>
         <property name="os" value="Windows 10 64bit"/>
         <property name="katalonVersion" value="6.0.6.4"/>
         <property name="browser" value="Chrome 73.0.3683.86"/>
         <property name="hostAddress" value="192.168.1.164"/>
         <property name="sessionId" value="23d01496f72fd0b5fb1c3429e6bdada9"/>
         <property name="seleniumVersion" value="3.7.1"/>
         <property name="proxyInformation" value="ProxyInformation{proxyOption=NO_PROXY, proxyServerType=HTTP, password=, proxyServerAddress=, proxyServerPort=0}"/>
         <property name="platform" value="Windows 10"/>
      </properties>
      <testcase name="Test Cases/Main-Test-Cases/GoToOOB" classname="Test Cases/Main-Test-Cases/GoToOOB" status="PASSED">
         <system-out><![CDATA[2019-04-09 12:07:11 - [TEST_CASE][PASSED] - Test Cases/Main-Test-Cases/GoToOOB: Test Cases/Main-Test-Cases/GoToOOB

2019-04-09 12:07:11 - [TEST_STEP][PASSED] - runFeatureFile("Include/features/Main-Features/Login-to-OOB.feature"): Feature file: 'Include/features/Main-Features/Login-to-OOB.feature' was passed

2019-04-09 12:07:11 - [MESSAGE][INFO] - Starting run keyword runFeatureFile: 'Include/features/Main-Features/Login-to-OOB.feature' and extract report to folder: 'C:\Users\HP\git\PMO-Web-Application\Reports\First-Test-Suite\20190409_120709/cucumber_report/1554800831564'...

2019-04-09 12:07:11 - [TEST_CASE][PASSED] - Start Test Case : SCENARIO Add new idea: SCENARIO Add new idea

2019-04-09 12:07:11 - [TEST_STEP][PASSED] - I want to go to OOB and login: I want to go to OOB and login

2019-04-09 12:07:12 - [MESSAGE][WARNING] - Cannot delete cookies because browser is closed

2019-04-09 12:07:12 - [MESSAGE][PASSED] - Delete all cookies successfully

2019-04-09 12:07:12 - [MESSAGE][INFO] - Starting 'Chrome' driver

2019-04-09 12:07:12 - [MESSAGE][INFO] - Action delay is set to 0 seconds

2019-04-09 12:07:20 - [MESSAGE][PASSED] - Browser is opened with url: 'http://pmoadmin:P@ssw0rd@dev5.cloudapp.net/OOB2/'

2019-04-09 12:07:20 - [MESSAGE][PASSED] - I want to go to OOB and login

2019-04-09 12:07:20 - [TEST_STEP][PASSED] - I want to maximize window: I want to maximize window

2019-04-09 12:07:21 - [MESSAGE][PASSED] - Current window maximized

2019-04-09 12:07:21 - [MESSAGE][PASSED] - I want to maximize window

2019-04-09 12:07:21 - [TEST_STEP][PASSED] - I verify I'm in OOB main page: I verify I'm in OOB main page

2019-04-09 12:07:21 - [MESSAGE][WARNING] - Timeout '0' is invalid. Using default page load timeout: '30'

2019-04-09 12:07:22 - [MESSAGE][PASSED] - Object 'Object Repository/OOB-Objects/OOB-Side-Bar' is present

2019-04-09 12:07:22 - [MESSAGE][PASSED] - I verify I'm in OOB main page

2019-04-09 12:07:22 - [TEST_STEP][PASSED] - I want to close browser: I want to close browser

2019-04-09 12:07:22 - [MESSAGE][PASSED] - Browser is closed

2019-04-09 12:07:22 - [MESSAGE][PASSED] - I want to close browser

2019-04-09 12:07:22 - [MESSAGE][PASSED] - Feature file: 'Include/features/Main-Features/Login-to-OOB.feature' was passed]]></system-out>
         <system-err><![CDATA[]]></system-err>
      </testcase>
      <testcase name="Test Cases/Main-Test-Cases/Verify-HomePage" classname="Test Cases/Main-Test-Cases/Verify-HomePage" status="PASSED">
         <system-out><![CDATA[2019-04-09 12:07:22 - [TEST_CASE][PASSED] - Test Cases/Main-Test-Cases/Verify-HomePage: Test Cases/Main-Test-Cases/Verify-HomePage

2019-04-09 12:07:22 - [TEST_STEP][PASSED] - runFeatureFile("Include/features/Main-Features/VerifyOOBHomePage.feature"): Feature file: 'Include/features/Main-Features/VerifyOOBHomePage.feature' was passed

2019-04-09 12:07:22 - [MESSAGE][INFO] - Starting run keyword runFeatureFile: 'Include/features/Main-Features/VerifyOOBHomePage.feature' and extract report to folder: 'C:\Users\HP\git\PMO-Web-Application\Reports\First-Test-Suite\20190409_120709/cucumber_report/1554800842827'...

2019-04-09 12:07:22 - [TEST_CASE][PASSED] - Start Test Case : SCENARIO verify OOB home page elements: SCENARIO verify OOB home page elements

2019-04-09 12:07:22 - [TEST_STEP][PASSED] - I want to go to OOB and login: I want to go to OOB and login

2019-04-09 12:07:22 - [MESSAGE][WARNING] - Cannot delete cookies because browser is closed

2019-04-09 12:07:22 - [MESSAGE][PASSED] - Delete all cookies successfully

2019-04-09 12:07:22 - [MESSAGE][INFO] - Starting 'Chrome' driver

2019-04-09 12:07:30 - [MESSAGE][PASSED] - Browser is opened with url: 'http://pmoadmin:P@ssw0rd@dev5.cloudapp.net/OOB2/'

2019-04-09 12:07:30 - [MESSAGE][PASSED] - I want to go to OOB and login

2019-04-09 12:07:30 - [TEST_STEP][PASSED] - I want to maximize window: I want to maximize window

2019-04-09 12:07:31 - [MESSAGE][PASSED] - Current window maximized

2019-04-09 12:07:31 - [MESSAGE][PASSED] - I want to maximize window

2019-04-09 12:07:31 - [TEST_STEP][PASSED] - I verify I'm in OOB main page: I verify I'm in OOB main page

2019-04-09 12:07:31 - [MESSAGE][WARNING] - Timeout '0' is invalid. Using default page load timeout: '30'

2019-04-09 12:07:31 - [MESSAGE][PASSED] - Object 'Object Repository/OOB-Objects/OOB-Side-Bar' is present

2019-04-09 12:07:31 - [MESSAGE][PASSED] - I verify I'm in OOB main page

2019-04-09 12:07:31 - [TEST_STEP][PASSED] - I want to verify Dashboard presents: I want to verify Dashboard presents

2019-04-09 12:07:31 - [MESSAGE][WARNING] - Timeout '0' is invalid. Using default page load timeout: '30'

2019-04-09 12:07:31 - [MESSAGE][PASSED] - Object 'Object Repository/OOB-Objects/Dashboard' is present

2019-04-09 12:07:31 - [MESSAGE][PASSED] - I want to verify Dashboard presents

2019-04-09 12:07:31 - [TEST_STEP][PASSED] - I want to verify Projects List presents: I want to verify Projects List presents

2019-04-09 12:07:31 - [MESSAGE][WARNING] - Timeout '0' is invalid. Using default page load timeout: '30'

2019-04-09 12:07:31 - [MESSAGE][PASSED] - Object 'Object Repository/OOB-Objects/Projects-List' is present

2019-04-09 12:07:31 - [MESSAGE][PASSED] - I want to verify Projects List presents

2019-04-09 12:07:31 - [TEST_STEP][PASSED] - I want to verify Strategy Center presents: I want to verify Strategy Center presents

2019-04-09 12:07:31 - [MESSAGE][WARNING] - Timeout '0' is invalid. Using default page load timeout: '30'

2019-04-09 12:07:31 - [MESSAGE][PASSED] - Object 'Object Repository/OOB-Objects/Strategy-Center' is present

2019-04-09 12:07:31 - [MESSAGE][PASSED] - I want to verify Strategy Center presents

2019-04-09 12:07:31 - [TEST_STEP][PASSED] - I want to verify Reports presents: I want to verify Reports presents

2019-04-09 12:07:31 - [MESSAGE][WARNING] - Timeout '0' is invalid. Using default page load timeout: '30'

2019-04-09 12:07:31 - [MESSAGE][PASSED] - Object 'Object Repository/OOB-Objects/Reports' is present

2019-04-09 12:07:31 - [MESSAGE][PASSED] - I want to verify Reports presents

2019-04-09 12:07:31 - [TEST_STEP][PASSED] - I want to verify Tasks presents: I want to verify Tasks presents

2019-04-09 12:07:31 - [MESSAGE][WARNING] - Timeout '0' is invalid. Using default page load timeout: '30'

2019-04-09 12:07:31 - [MESSAGE][PASSED] - Object 'Object Repository/OOB-Objects/Tasks' is present

2019-04-09 12:07:31 - [MESSAGE][PASSED] - I want to verify Tasks presents

2019-04-09 12:07:31 - [TEST_STEP][PASSED] - I want to verify Support presents: I want to verify Support presents

2019-04-09 12:07:31 - [MESSAGE][WARNING] - Timeout '0' is invalid. Using default page load timeout: '30'

2019-04-09 12:07:31 - [MESSAGE][PASSED] - Object 'Object Repository/OOB-Objects/Support' is present

2019-04-09 12:07:31 - [MESSAGE][PASSED] - I want to verify Support presents

2019-04-09 12:07:31 - [TEST_STEP][PASSED] - I want to verify User Dropdwon presents: I want to verify User Dropdwon presents

2019-04-09 12:07:31 - [MESSAGE][WARNING] - Timeout '0' is invalid. Using default page load timeout: '30'

2019-04-09 12:07:31 - [MESSAGE][PASSED] - Object 'Object Repository/OOB-Objects/User-Dropdwon' is present

2019-04-09 12:07:31 - [MESSAGE][PASSED] - I want to verify User Dropdwon presents

2019-04-09 12:07:31 - [TEST_STEP][PASSED] - I want to verify Notifications presents: I want to verify Notifications presents

2019-04-09 12:07:32 - [MESSAGE][WARNING] - Timeout '0' is invalid. Using default page load timeout: '30'

2019-04-09 12:07:32 - [MESSAGE][PASSED] - Object 'Object Repository/OOB-Objects/Notifications' is present

2019-04-09 12:07:32 - [MESSAGE][PASSED] - I want to verify Notifications presents

2019-04-09 12:07:32 - [TEST_STEP][PASSED] - I want to verify Settings presents: I want to verify Settings presents

2019-04-09 12:07:32 - [MESSAGE][WARNING] - Timeout '0' is invalid. Using default page load timeout: '30'

2019-04-09 12:07:32 - [MESSAGE][PASSED] - Object 'Object Repository/OOB-Objects/Settings' is present

2019-04-09 12:07:32 - [MESSAGE][PASSED] - I want to verify Settings presents

2019-04-09 12:07:32 - [TEST_STEP][PASSED] - I want to verify Language presents: I want to verify Language presents

2019-04-09 12:07:32 - [MESSAGE][WARNING] - Timeout '0' is invalid. Using default page load timeout: '30'

2019-04-09 12:07:32 - [MESSAGE][PASSED] - Object 'Object Repository/OOB-Objects/Language' is present

2019-04-09 12:07:32 - [MESSAGE][PASSED] - I want to verify Language presents

2019-04-09 12:07:32 - [TEST_STEP][PASSED] - I want to close browser: I want to close browser

2019-04-09 12:07:32 - [MESSAGE][PASSED] - Browser is closed

2019-04-09 12:07:32 - [MESSAGE][PASSED] - I want to close browser

2019-04-09 12:07:32 - [MESSAGE][PASSED] - Feature file: 'Include/features/Main-Features/VerifyOOBHomePage.feature' was passed]]></system-out>
         <system-err><![CDATA[]]></system-err>
      </testcase>
      <testcase name="Test Cases/Main-Test-Cases/AddIdea" classname="Test Cases/Main-Test-Cases/AddIdea" status="PASSED">
         <system-out><![CDATA[2019-04-09 12:07:32 - [TEST_CASE][PASSED] - Test Cases/Main-Test-Cases/AddIdea: Test Cases/Main-Test-Cases/AddIdea

2019-04-09 12:07:32 - [TEST_STEP][PASSED] - runFeatureFile("Include/features/Main-Features/AddIdea.feature"): Feature file: 'Include/features/Main-Features/AddIdea.feature' was passed

2019-04-09 12:07:32 - [MESSAGE][INFO] - Starting run keyword runFeatureFile: 'Include/features/Main-Features/AddIdea.feature' and extract report to folder: 'C:\Users\HP\git\PMO-Web-Application\Reports\First-Test-Suite\20190409_120709/cucumber_report/1554800852837'...

2019-04-09 12:07:32 - [TEST_CASE][PASSED] - Start Test Case : SCENARIO Go to OOB and login: SCENARIO Go to OOB and login

2019-04-09 12:07:32 - [TEST_STEP][PASSED] - I want to go to OOB and login: I want to go to OOB and login

2019-04-09 12:07:32 - [MESSAGE][WARNING] - Cannot delete cookies because browser is closed

2019-04-09 12:07:32 - [MESSAGE][PASSED] - Delete all cookies successfully

2019-04-09 12:07:32 - [MESSAGE][INFO] - Starting 'Chrome' driver

2019-04-09 12:07:40 - [MESSAGE][PASSED] - Browser is opened with url: 'http://pmoadmin:P@ssw0rd@dev5.cloudapp.net/OOB2/'

2019-04-09 12:07:40 - [MESSAGE][PASSED] - I want to go to OOB and login

2019-04-09 12:07:40 - [TEST_STEP][PASSED] - I want to maximize window: I want to maximize window

2019-04-09 12:07:41 - [MESSAGE][PASSED] - Current window maximized

2019-04-09 12:07:41 - [MESSAGE][PASSED] - I want to maximize window

2019-04-09 12:07:41 - [TEST_STEP][PASSED] - I verify I'm in OOB main page: I verify I'm in OOB main page

2019-04-09 12:07:41 - [MESSAGE][WARNING] - Timeout '0' is invalid. Using default page load timeout: '30'

2019-04-09 12:07:41 - [MESSAGE][PASSED] - Object 'Object Repository/OOB-Objects/OOB-Side-Bar' is present

2019-04-09 12:07:41 - [MESSAGE][PASSED] - I verify I'm in OOB main page

2019-04-09 12:07:41 - [TEST_STEP][PASSED] - I want to go to ideas list page: I want to go to ideas list page

2019-04-09 12:07:43 - [MESSAGE][PASSED] - Object: 'Object Repository/OOB-Objects/IdeasList' is clicked on

2019-04-09 12:07:43 - [MESSAGE][PASSED] - I want to go to ideas list page

2019-04-09 12:07:43 - [TEST_STEP][PASSED] - I want to click on Add New button: I want to click on Add New button

2019-04-09 12:07:45 - [MESSAGE][PASSED] - Object: 'Object Repository/PMO-Objects/Page_Project Request/Add-New-Project-Request' is clicked on

2019-04-09 12:07:45 - [MESSAGE][PASSED] - I want to click on Add New button

2019-04-09 12:07:45 - [TEST_STEP][PASSED] - I want to fill idea name field: I want to fill idea name field

2019-04-09 12:07:45 - [MESSAGE][PASSED] - Text 'Automation82' is set on object 'Object Repository/PMO-Objects/Page_Add New Project Request/Idea-Name-Field'

2019-04-09 12:07:45 - [MESSAGE][PASSED] - I want to fill idea name field

2019-04-09 12:07:45 - [TEST_STEP][PASSED] - I want to select expected start date: I want to select expected start date

2019-04-09 12:07:45 - [MESSAGE][PASSED] - Object: 'Object Repository/PMO-Objects/Page_Add New Project Request/GREGORIAN-Start-date-Check-Box' is clicked on

2019-04-09 12:07:45 - [MESSAGE][PASSED] - Object: 'Object Repository/PMO-Objects/Page_Add New Project Request/Excepted-Start-Date' is clicked on

2019-04-09 12:07:45 - [MESSAGE][PASSED] - Object: 'Object Repository/PMO-Objects/Page_Add New Project Request/Day26' is hovered

2019-04-09 12:07:45 - [MESSAGE][PASSED] - Object: 'Object Repository/PMO-Objects/Page_Add New Project Request/Day26' is clicked on

2019-04-09 12:07:45 - [MESSAGE][PASSED] - I want to select expected start date

2019-04-09 12:07:45 - [TEST_STEP][PASSED] - I want to select expected end date: I want to select expected end date

2019-04-09 12:07:45 - [MESSAGE][PASSED] - Object 'Object Repository/PMO-Objects/Page_Add New Project Request/GREGORIAN-End-Date-Check-Box' is visible

2019-04-09 12:07:45 - [MESSAGE][PASSED] - Object: 'Object Repository/PMO-Objects/Page_Add New Project Request/GREGORIAN-End-Date-Check-Box' is clicked on

2019-04-09 12:07:45 - [MESSAGE][PASSED] - Object: 'Object Repository/PMO-Objects/Page_Add New Project Request/Excpected-End-Date' is clicked on

2019-04-09 12:07:45 - [MESSAGE][PASSED] - Object: 'Object Repository/PMO-Objects/Page_Add New Project Request/End-Date-Next' is hovered

2019-04-09 12:07:45 - [MESSAGE][PASSED] - Object: 'Object Repository/PMO-Objects/Page_Add New Project Request/End-Date-Next' is clicked on

2019-04-09 12:07:45 - [MESSAGE][PASSED] - Object: 'Object Repository/PMO-Objects/Page_Add New Project Request/EndDateDay15' is hovered

2019-04-09 12:07:46 - [MESSAGE][PASSED] - Object: 'Object Repository/PMO-Objects/Page_Add New Project Request/EndDateDay15' is clicked on

2019-04-09 12:07:46 - [MESSAGE][PASSED] - I want to select expected end date

2019-04-09 12:07:46 - [TEST_STEP][PASSED] - I want to fill idea objective field: I want to fill idea objective field

2019-04-09 12:07:46 - [MESSAGE][PASSED] - Text 'Automation' is set on object 'Object Repository/PMO-Objects/Page_Add New Project Request/Idea-Objective-Field'

2019-04-09 12:07:46 - [MESSAGE][PASSED] - I want to fill idea objective field

2019-04-09 12:07:46 - [TEST_STEP][PASSED] - I want to fill expected budget field: I want to fill expected budget field

2019-04-09 12:07:46 - [MESSAGE][PASSED] - Text '10000' is set on object 'Object Repository/PMO-Objects/Page_Add New Project Request/Expected-Budget-Field'

2019-04-09 12:07:46 - [MESSAGE][PASSED] - I want to fill expected budget field

2019-04-09 12:07:46 - [TEST_STEP][PASSED] - I want to fill Notes field: I want to fill Notes field

2019-04-09 12:07:46 - [MESSAGE][PASSED] - Text 'test note' is set on object 'Object Repository/PMO-Objects/Page_Add New Project Request/Notes-Field'

2019-04-09 12:07:46 - [MESSAGE][PASSED] - I want to fill Notes field

2019-04-09 12:07:46 - [TEST_STEP][PASSED] - I want to add Attachment: I want to add Attachment

2019-04-09 12:07:46 - [MESSAGE][PASSED] - Object: 'Object Repository/PMO-Objects/Page_Add New Project Request/Add-New-Document-Button' is clicked on

2019-04-09 12:07:46 - [MESSAGE][WARNING] - Timeout '0' is invalid. Using default page load timeout: '30'

2019-04-09 12:07:46 - [MESSAGE][PASSED] - Scroll to object 'Object Repository/PMO-Objects/Page_Add New Project Request/Add-New-Document-Button' successfully

2019-04-09 12:07:46 - [MESSAGE][PASSED] - File 'C:\Users\HP\Desktop\download.png' sent to object: 'Object Repository/PMO-Objects/Page_Add New Project Request/Upload-File'

2019-04-09 12:07:46 - [MESSAGE][WARNING] - Timeout '0' is invalid. Using default page load timeout: '30'

2019-04-09 12:07:47 - [MESSAGE][PASSED] - Object 'Object Repository/PMO-Objects/Page_Add New Project Request/AttachedFile' is present

2019-04-09 12:07:47 - [MESSAGE][PASSED] - Object: 'Object Repository/PMO-Objects/Page_Add New Project Request/LoadButton' is clicked on

2019-04-09 12:07:47 - [MESSAGE][PASSED] - I want to add Attachment

2019-04-09 12:07:47 - [TEST_STEP][PASSED] - I want to click send idea button: I want to click send idea button

2019-04-09 12:07:47 - [MESSAGE][WARNING] - Timeout '0' is invalid. Using default page load timeout: '30'

2019-04-09 12:07:47 - [MESSAGE][PASSED] - Scroll to object 'Object Repository/Page_/CardBlock' successfully

2019-04-09 12:07:47 - [MESSAGE][PASSED] - Object: 'Object Repository/SendIdeaButton' is focused

2019-04-09 12:07:47 - [MESSAGE][PASSED] - Object: 'Object Repository/SendIdeaButton' is hovered

2019-04-09 12:07:47 - [MESSAGE][PASSED] - Object 'Object Repository/SendIdeaButton' is clickable

2019-04-09 12:07:47 - [MESSAGE][PASSED] - Object: 'Object Repository/SendIdeaButton' is clicked on

2019-04-09 12:07:47 - [MESSAGE][PASSED] - I want to click send idea button

2019-04-09 12:07:47 - [TEST_STEP][PASSED] - I want to verify idea added successfuly: I want to verify idea added successfuly

2019-04-09 12:07:47 - [MESSAGE][WARNING] - Timeout '0' is invalid. Using default page load timeout: '30'

2019-04-09 12:07:47 - [MESSAGE][PASSED] - Wait for page load successfully

2019-04-09 12:07:49 - [MESSAGE][PASSED] - Actual text and expected text of test object 'Object Repository/CreatedIdeaName' are matched.

2019-04-09 12:07:49 - [MESSAGE][PASSED] - I want to verify idea added successfuly

2019-04-09 12:07:49 - [TEST_STEP][PASSED] - I want to close browser: I want to close browser

2019-04-09 12:07:50 - [MESSAGE][PASSED] - Browser is closed

2019-04-09 12:07:50 - [MESSAGE][PASSED] - I want to close browser

2019-04-09 12:07:50 - [MESSAGE][PASSED] - Feature file: 'Include/features/Main-Features/AddIdea.feature' was passed]]></system-out>
         <system-err><![CDATA[]]></system-err>
      </testcase>
      <system-out><![CDATA[2019-04-09 12:07:11 - [TEST_SUITE][PASSED] - First-Test-Suite: Test Cases/Main-Test-Cases/AddIdea]]></system-out>
      <system-err><![CDATA[]]></system-err>
   </testsuite>
</testsuites>
