<?xml version="1.0" encoding="UTF-8"?>
<testsuites name="First-Test-Suite" time="1259" tests="21" failures="10" errors="0">
   <testsuite name="First-Test-Suite" tests="21" failures="10" errors="0" time="1259" timestamp="2019-05-01 12:53:38" hostname="HP - 10.152.104.67" id="Test Suites/First-Test-Suite">
      <properties>
         <property name="deviceName" value=""/>
         <property name="devicePlatform" value=""/>
         <property name="logFolder" value="C:\\Users\\HP\\git\\PMO-Web-Application\\Reports\\First-Test-Suite\\20190501_125337"/>
         <property name="logFiles" value="C:\\Users\\HP\\git\\PMO-Web-Application\\Reports\\First-Test-Suite\\20190501_125337\\execution0.log"/>
         <property name="attachments" value="C:\\Users\\HP\\git\\PMO-Web-Application\\Reports\\First-Test-Suite\\20190501_125337\\1556704597558.png, C:\\Users\\HP\\git\\PMO-Web-Application\\Reports\\First-Test-Suite\\20190501_125337\\1556704597889.png, C:\\Users\\HP\\git\\PMO-Web-Application\\Reports\\First-Test-Suite\\20190501_125337\\1556704849759.png, C:\\Users\\HP\\git\\PMO-Web-Application\\Reports\\First-Test-Suite\\20190501_125337\\1556704850013.png, C:\\Users\\HP\\git\\PMO-Web-Application\\Reports\\First-Test-Suite\\20190501_125337\\1556704912731.png, C:\\Users\\HP\\git\\PMO-Web-Application\\Reports\\First-Test-Suite\\20190501_125337\\1556704912986.png, C:\\Users\\HP\\git\\PMO-Web-Application\\Reports\\First-Test-Suite\\20190501_125337\\1556704949509.png, C:\\Users\\HP\\git\\PMO-Web-Application\\Reports\\First-Test-Suite\\20190501_125337\\1556704949803.png, C:\\Users\\HP\\git\\PMO-Web-Application\\Reports\\First-Test-Suite\\20190501_125337\\1556704986616.png, C:\\Users\\HP\\git\\PMO-Web-Application\\Reports\\First-Test-Suite\\20190501_125337\\1556704986890.png, C:\\Users\\HP\\git\\PMO-Web-Application\\Reports\\First-Test-Suite\\20190501_125337\\1556705298967.png, C:\\Users\\HP\\git\\PMO-Web-Application\\Reports\\First-Test-Suite\\20190501_125337\\1556705358664.png, C:\\Users\\HP\\git\\PMO-Web-Application\\Reports\\First-Test-Suite\\20190501_125337\\1556705635230.png, C:\\Users\\HP\\git\\PMO-Web-Application\\Reports\\First-Test-Suite\\20190501_125337\\1556705635539.png"/>
         <property name="hostName" value="HP - 10.152.104.67"/>
         <property name="os" value="Windows 10 64bit"/>
         <property name="katalonVersion" value="6.0.6.4"/>
         <property name="browser" value="Chrome 73.0.3683.103"/>
         <property name="hostAddress" value="10.152.104.67"/>
         <property name="sessionId" value="03b6adf90c82a5e02fa3a443a88db9e0"/>
         <property name="seleniumVersion" value="3.7.1"/>
         <property name="proxyInformation" value="ProxyInformation{proxyOption=NO_PROXY, proxyServerType=HTTP, password=, proxyServerAddress=, proxyServerPort=0}"/>
         <property name="platform" value="Windows 10"/>
      </properties>
      <testcase name="Test Cases/Main-Test-Cases/001-Login-To-OOB" classname="Test Cases/Main-Test-Cases/001-Login-To-OOB" status="PASSED">
         <system-out><![CDATA[2019-05-01 12:53:38 - [TEST_CASE][PASSED] - Test Cases/Main-Test-Cases/001-Login-To-OOB: Test Cases/Main-Test-Cases/001-Login-To-OOB

2019-05-01 12:53:38 - [TEST_STEP][PASSED] - runFeatureFile("Include/features/Governance-Module/Add-Idea/001-Login-to-OOB.feature"): Feature file: 'Include/features/Governance-Module/Add-Idea/001-Login-to-OOB.feature' was passed

2019-05-01 12:53:38 - [MESSAGE][INFO] - Starting run keyword runFeatureFile: 'Include/features/Governance-Module/Add-Idea/001-Login-to-OOB.feature' and extract report to folder: 'C:\Users\HP\git\PMO-Web-Application\Reports\First-Test-Suite\20190501_125337/cucumber_report/1556704418785'...

2019-05-01 12:53:39 - [TEST_CASE][PASSED] - Start Test Case : SCENARIO Login to OOB: SCENARIO Login to OOB

2019-05-01 12:53:39 - [TEST_STEP][PASSED] - I want to open browser: I want to open browser

2019-05-01 12:53:39 - [MESSAGE][INFO] - Starting 'Chrome' driver

2019-05-01 12:53:39 - [MESSAGE][INFO] - Action delay is set to 0 seconds

2019-05-01 12:53:42 - [MESSAGE][PASSED] - Browser is opened with url: ''

2019-05-01 12:53:42 - [MESSAGE][PASSED] - Delete all cookies successfully

2019-05-01 12:53:42 - [MESSAGE][PASSED] - I want to open browser

2019-05-01 12:53:42 - [TEST_STEP][PASSED] - I want to maximize window: I want to maximize window

2019-05-01 12:53:43 - [MESSAGE][PASSED] - Current window maximized

2019-05-01 12:53:43 - [MESSAGE][PASSED] - I want to maximize window

2019-05-01 12:53:43 - [TEST_STEP][PASSED] - I want to go to OOB: I want to go to OOB

2019-05-01 12:53:52 - [MESSAGE][PASSED] - Navigate to 'https://pmoadmin:P@ssw0rd@dev5.cloudapp.net/OOB2/' successfully

2019-05-01 12:53:52 - [MESSAGE][PASSED] - I want to go to OOB

2019-05-01 12:53:52 - [TEST_STEP][PASSED] - I want to verify I'm in OOB main page: I want to verify I'm in OOB main page

2019-05-01 12:53:52 - [MESSAGE][WARNING] - Timeout '0' is invalid. Using default page load timeout: '30'

2019-05-01 12:53:52 - [MESSAGE][PASSED] - Object 'Object Repository/OOBObjects/HomepageObjects/OOBSideBar' is present

2019-05-01 12:53:52 - [MESSAGE][PASSED] - I want to verify I'm in OOB main page

2019-05-01 12:53:52 - [TEST_STEP][PASSED] - I want to close browser: I want to close browser

2019-05-01 12:53:53 - [MESSAGE][PASSED] - Browser is closed

2019-05-01 12:53:53 - [MESSAGE][PASSED] - I want to close browser

2019-05-01 12:53:53 - [MESSAGE][PASSED] - Feature file: 'Include/features/Governance-Module/Add-Idea/001-Login-to-OOB.feature' was passed]]></system-out>
         <system-err><![CDATA[]]></system-err>
      </testcase>
      <testcase name="Test Cases/Main-Test-Cases/002-Verify-OOB-HomePage" classname="Test Cases/Main-Test-Cases/002-Verify-OOB-HomePage" status="PASSED">
         <system-out><![CDATA[2019-05-01 12:53:53 - [TEST_CASE][PASSED] - Test Cases/Main-Test-Cases/002-Verify-OOB-HomePage: Test Cases/Main-Test-Cases/002-Verify-OOB-HomePage

2019-05-01 12:53:53 - [TEST_STEP][PASSED] - runFeatureFile("Include/features/Governance-Module/Add-Idea/002-Verify-OOB-HomePage.feature"): Feature file: 'Include/features/Governance-Module/Add-Idea/002-Verify-OOB-HomePage.feature' was passed

2019-05-01 12:53:53 - [MESSAGE][INFO] - Starting run keyword runFeatureFile: 'Include/features/Governance-Module/Add-Idea/002-Verify-OOB-HomePage.feature' and extract report to folder: 'C:\Users\HP\git\PMO-Web-Application\Reports\First-Test-Suite\20190501_125337/cucumber_report/1556704433626'...

2019-05-01 12:53:53 - [TEST_CASE][PASSED] - Start Test Case : SCENARIO verify OOB home page elements: SCENARIO verify OOB home page elements

2019-05-01 12:53:53 - [TEST_STEP][PASSED] - I want to open browser: I want to open browser

2019-05-01 12:53:53 - [MESSAGE][INFO] - Starting 'Chrome' driver

2019-05-01 12:53:55 - [MESSAGE][PASSED] - Browser is opened with url: ''

2019-05-01 12:53:55 - [MESSAGE][PASSED] - Delete all cookies successfully

2019-05-01 12:53:55 - [MESSAGE][PASSED] - I want to open browser

2019-05-01 12:53:55 - [TEST_STEP][PASSED] - I want to maximize window: I want to maximize window

2019-05-01 12:53:57 - [MESSAGE][PASSED] - Current window maximized

2019-05-01 12:53:57 - [MESSAGE][PASSED] - I want to maximize window

2019-05-01 12:53:57 - [TEST_STEP][PASSED] - I want to go to OOB: I want to go to OOB

2019-05-01 12:54:06 - [MESSAGE][PASSED] - Navigate to 'https://pmoadmin:P@ssw0rd@dev5.cloudapp.net/OOB2/' successfully

2019-05-01 12:54:06 - [MESSAGE][PASSED] - I want to go to OOB

2019-05-01 12:54:06 - [TEST_STEP][PASSED] - I want to verify I'm in OOB main page: I want to verify I'm in OOB main page

2019-05-01 12:54:06 - [MESSAGE][WARNING] - Timeout '0' is invalid. Using default page load timeout: '30'

2019-05-01 12:54:06 - [MESSAGE][PASSED] - Object 'Object Repository/OOBObjects/HomepageObjects/OOBSideBar' is present

2019-05-01 12:54:06 - [MESSAGE][PASSED] - I want to verify I'm in OOB main page

2019-05-01 12:54:06 - [TEST_STEP][PASSED] - I want to verify Dashboard presents: I want to verify Dashboard presents

2019-05-01 12:54:06 - [MESSAGE][WARNING] - Timeout '0' is invalid. Using default page load timeout: '30'

2019-05-01 12:54:06 - [MESSAGE][PASSED] - Object 'Object Repository/OOBObjects/HomepageObjects/Dashboard' is present

2019-05-01 12:54:06 - [MESSAGE][PASSED] - I want to verify Dashboard presents

2019-05-01 12:54:06 - [TEST_STEP][PASSED] - I want to verify Projects List presents: I want to verify Projects List presents

2019-05-01 12:54:06 - [MESSAGE][WARNING] - Timeout '0' is invalid. Using default page load timeout: '30'

2019-05-01 12:54:06 - [MESSAGE][PASSED] - Object 'Object Repository/OOBObjects/HomepageObjects/ProjectsList' is present

2019-05-01 12:54:06 - [MESSAGE][PASSED] - I want to verify Projects List presents

2019-05-01 12:54:06 - [TEST_STEP][PASSED] - I want to verify Strategy Center presents: I want to verify Strategy Center presents

2019-05-01 12:54:06 - [MESSAGE][WARNING] - Timeout '0' is invalid. Using default page load timeout: '30'

2019-05-01 12:54:06 - [MESSAGE][PASSED] - Object 'Object Repository/OOBObjects/HomepageObjects/StrategyCenter' is present

2019-05-01 12:54:06 - [MESSAGE][PASSED] - I want to verify Strategy Center presents

2019-05-01 12:54:06 - [TEST_STEP][PASSED] - I want to verify Reports presents: I want to verify Reports presents

2019-05-01 12:54:06 - [MESSAGE][WARNING] - Timeout '0' is invalid. Using default page load timeout: '30'

2019-05-01 12:54:06 - [MESSAGE][PASSED] - Object 'Object Repository/OOBObjects/HomepageObjects/Reports' is present

2019-05-01 12:54:06 - [MESSAGE][PASSED] - I want to verify Reports presents

2019-05-01 12:54:06 - [TEST_STEP][PASSED] - I want to verify Tasks presents: I want to verify Tasks presents

2019-05-01 12:54:06 - [MESSAGE][WARNING] - Timeout '0' is invalid. Using default page load timeout: '30'

2019-05-01 12:54:06 - [MESSAGE][PASSED] - Object 'Object Repository/OOBObjects/HomepageObjects/Tasks' is present

2019-05-01 12:54:06 - [MESSAGE][PASSED] - I want to verify Tasks presents

2019-05-01 12:54:06 - [TEST_STEP][PASSED] - I want to verify Support presents: I want to verify Support presents

2019-05-01 12:54:06 - [MESSAGE][WARNING] - Timeout '0' is invalid. Using default page load timeout: '30'

2019-05-01 12:54:06 - [MESSAGE][PASSED] - Object 'Object Repository/OOBObjects/HomepageObjects/Support' is present

2019-05-01 12:54:06 - [MESSAGE][PASSED] - I want to verify Support presents

2019-05-01 12:54:06 - [TEST_STEP][PASSED] - I want to verify User Dropdwon presents: I want to verify User Dropdwon presents

2019-05-01 12:54:06 - [MESSAGE][WARNING] - Timeout '0' is invalid. Using default page load timeout: '30'

2019-05-01 12:54:06 - [MESSAGE][PASSED] - Object 'Object Repository/OOBObjects/HomepageObjects/UserDropdwon' is present

2019-05-01 12:54:06 - [MESSAGE][PASSED] - I want to verify User Dropdwon presents

2019-05-01 12:54:06 - [TEST_STEP][PASSED] - I want to verify Inbox Icon presents: I want to verify Inbox Icon presents

2019-05-01 12:54:06 - [MESSAGE][WARNING] - Timeout '0' is invalid. Using default page load timeout: '30'

2019-05-01 12:54:06 - [MESSAGE][PASSED] - Object 'Object Repository/OOBObjects/HomepageObjects/InboxIcon' is present

2019-05-01 12:54:06 - [MESSAGE][PASSED] - I want to verify Inbox Icon presents

2019-05-01 12:54:06 - [TEST_STEP][PASSED] - I want to verify Settings presents: I want to verify Settings presents

2019-05-01 12:54:06 - [MESSAGE][WARNING] - Timeout '0' is invalid. Using default page load timeout: '30'

2019-05-01 12:54:06 - [MESSAGE][PASSED] - Object 'Object Repository/OOBObjects/HomepageObjects/Settings' is present

2019-05-01 12:54:06 - [MESSAGE][PASSED] - I want to verify Settings presents

2019-05-01 12:54:06 - [TEST_STEP][PASSED] - I want to verify Language presents: I want to verify Language presents

2019-05-01 12:54:06 - [MESSAGE][WARNING] - Timeout '0' is invalid. Using default page load timeout: '30'

2019-05-01 12:54:06 - [MESSAGE][PASSED] - Object 'Object Repository/OOBObjects/HomepageObjects/Language' is present

2019-05-01 12:54:06 - [MESSAGE][PASSED] - I want to verify Language presents

2019-05-01 12:54:06 - [TEST_STEP][PASSED] - I want to close browser: I want to close browser

2019-05-01 12:54:07 - [MESSAGE][PASSED] - Browser is closed

2019-05-01 12:54:07 - [MESSAGE][PASSED] - I want to close browser

2019-05-01 12:54:07 - [MESSAGE][PASSED] - Feature file: 'Include/features/Governance-Module/Add-Idea/002-Verify-OOB-HomePage.feature' was passed]]></system-out>
         <system-err><![CDATA[]]></system-err>
      </testcase>
      <testcase name="Test Cases/Main-Test-Cases/003-Add-Idea" classname="Test Cases/Main-Test-Cases/003-Add-Idea" status="PASSED">
         <system-out><![CDATA[2019-05-01 12:54:07 - [TEST_CASE][PASSED] - Test Cases/Main-Test-Cases/003-Add-Idea: Test Cases/Main-Test-Cases/003-Add-Idea

2019-05-01 12:54:07 - [TEST_STEP][PASSED] - runFeatureFile("Include/features/Governance-Module/Add-Idea/003-Add-Idea.feature"): Feature file: 'Include/features/Governance-Module/Add-Idea/003-Add-Idea.feature' was passed

2019-05-01 12:54:07 - [MESSAGE][INFO] - Starting run keyword runFeatureFile: 'Include/features/Governance-Module/Add-Idea/003-Add-Idea.feature' and extract report to folder: 'C:\Users\HP\git\PMO-Web-Application\Reports\First-Test-Suite\20190501_125337/cucumber_report/1556704447517'...

2019-05-01 12:54:07 - [TEST_CASE][PASSED] - Start Test Case : SCENARIO Add new idea: SCENARIO Add new idea

2019-05-01 12:54:07 - [TEST_STEP][PASSED] - I want to open browser: I want to open browser

2019-05-01 12:54:07 - [MESSAGE][INFO] - Starting 'Chrome' driver

2019-05-01 12:54:09 - [MESSAGE][PASSED] - Browser is opened with url: ''

2019-05-01 12:54:09 - [MESSAGE][PASSED] - Delete all cookies successfully

2019-05-01 12:54:09 - [MESSAGE][PASSED] - I want to open browser

2019-05-01 12:54:09 - [TEST_STEP][PASSED] - I want to maximize window: I want to maximize window

2019-05-01 12:54:10 - [MESSAGE][PASSED] - Current window maximized

2019-05-01 12:54:10 - [MESSAGE][PASSED] - I want to maximize window

2019-05-01 12:54:10 - [TEST_STEP][PASSED] - I want to go to OOB: I want to go to OOB

2019-05-01 12:54:20 - [MESSAGE][PASSED] - Navigate to 'https://pmoadmin:P@ssw0rd@dev5.cloudapp.net/OOB2/' successfully

2019-05-01 12:54:20 - [MESSAGE][PASSED] - I want to go to OOB

2019-05-01 12:54:20 - [TEST_STEP][PASSED] - I want to verify I'm in OOB main page: I want to verify I'm in OOB main page

2019-05-01 12:54:20 - [MESSAGE][WARNING] - Timeout '0' is invalid. Using default page load timeout: '30'

2019-05-01 12:54:20 - [MESSAGE][PASSED] - Object 'Object Repository/OOBObjects/HomepageObjects/OOBSideBar' is present

2019-05-01 12:54:20 - [MESSAGE][PASSED] - I want to verify I'm in OOB main page

2019-05-01 12:54:20 - [TEST_STEP][PASSED] - I want to go to ideas list page: I want to go to ideas list page

2019-05-01 12:54:26 - [MESSAGE][PASSED] - Object: 'Object Repository/OOBObjects/HomepageObjects/IdeasList' is clicked on

2019-05-01 12:54:26 - [MESSAGE][PASSED] - I want to go to ideas list page

2019-05-01 12:54:26 - [TEST_STEP][PASSED] - I want to click on Add New button: I want to click on Add New button

2019-05-01 12:54:28 - [MESSAGE][PASSED] - Object: 'Object Repository/OOBObjects/IdeasListObjects/AddNewIdeaButton' is clicked on

2019-05-01 12:54:28 - [MESSAGE][PASSED] - I want to click on Add New button

2019-05-01 12:54:28 - [TEST_STEP][PASSED] - I want to fill idea name field: I want to fill idea name field

2019-05-01 12:54:28 - [MESSAGE][PASSED] - Text 'Automation1687' is set on object 'Object Repository/OOBObjects/IdeasListObjects/Idea-Name-Field'

2019-05-01 12:54:28 - [MESSAGE][PASSED] - I want to fill idea name field

2019-05-01 12:54:28 - [TEST_STEP][PASSED] - I want to select expected start date: I want to select expected start date

2019-05-01 12:54:28 - [MESSAGE][PASSED] - Object: 'Object Repository/OOBObjects/IdeasListObjects//GREGORIAN-Start-date-Check-Box' is clicked on

2019-05-01 12:54:28 - [MESSAGE][PASSED] - Object: 'Object Repository/OOBObjects/IdeasListObjects//Excepted-Start-Date' is clicked on

2019-05-01 12:54:28 - [MESSAGE][PASSED] - All options with index in [5] are selected on object 'Object Repository/OOBObjects/IdeasListObjects/StartDateMonthDropDwon'

2019-05-01 12:54:28 - [MESSAGE][PASSED] - Object: 'Object Repository/OOBObjects/IdeasListObjects//Day26' is hovered

2019-05-01 12:54:29 - [MESSAGE][PASSED] - Object: 'Object Repository/OOBObjects/IdeasListObjects//Day26' is clicked on

2019-05-01 12:54:29 - [MESSAGE][PASSED] - I want to select expected start date

2019-05-01 12:54:29 - [TEST_STEP][PASSED] - I want to select expected end date: I want to select expected end date

2019-05-01 12:54:29 - [MESSAGE][PASSED] - Object 'Object Repository/OOBObjects/IdeasListObjects/GREGORIAN-End-Date-Check-Box' is visible

2019-05-01 12:54:29 - [MESSAGE][PASSED] - Object: 'Object Repository/OOBObjects/IdeasListObjects/GREGORIAN-End-Date-Check-Box' is clicked on

2019-05-01 12:54:31 - [MESSAGE][PASSED] - Delayed 2 second(s)

2019-05-01 12:54:31 - [MESSAGE][PASSED] - Object: 'Object Repository/OOBObjects/IdeasListObjects/Excpected-End-Date' is hovered

2019-05-01 12:54:31 - [MESSAGE][PASSED] - Object: 'Object Repository/OOBObjects/IdeasListObjects/Excpected-End-Date' is clicked on

2019-05-01 12:54:31 - [MESSAGE][PASSED] - All options with index in [6] are selected on object 'Object Repository/OOBObjects/IdeasListObjects/EndDateMonthDropdown'

2019-05-01 12:54:31 - [MESSAGE][PASSED] - Object: 'Object Repository/OOBObjects/IdeasListObjects/EndDateDay15' is hovered

2019-05-01 12:54:31 - [MESSAGE][PASSED] - Object: 'Object Repository/OOBObjects/IdeasListObjects/EndDateDay15' is clicked on

2019-05-01 12:54:31 - [MESSAGE][PASSED] - I want to select expected end date

2019-05-01 12:54:31 - [TEST_STEP][PASSED] - I want to fill idea objective field: I want to fill idea objective field

2019-05-01 12:54:31 - [MESSAGE][PASSED] - Text 'Automation' is set on object 'Object Repository/OOBObjects/IdeasListObjects/Idea-Objective-Field'

2019-05-01 12:54:31 - [MESSAGE][PASSED] - I want to fill idea objective field

2019-05-01 12:54:31 - [TEST_STEP][PASSED] - I want to fill expected budget field: I want to fill expected budget field

2019-05-01 12:54:31 - [MESSAGE][PASSED] - Text '10000' is set on object 'Object Repository/OOBObjects/IdeasListObjects/Expected-Budget-Field'

2019-05-01 12:54:31 - [MESSAGE][PASSED] - I want to fill expected budget field

2019-05-01 12:54:31 - [TEST_STEP][PASSED] - I want to fill Notes field: I want to fill Notes field

2019-05-01 12:54:31 - [MESSAGE][PASSED] - Text 'test note' is set on object 'Object Repository/OOBObjects/IdeasListObjects/Notes-Field'

2019-05-01 12:54:31 - [MESSAGE][PASSED] - I want to fill Notes field

2019-05-01 12:54:31 - [TEST_STEP][PASSED] - I want to add Attachment: I want to add Attachment

2019-05-01 12:54:31 - [MESSAGE][PASSED] - Object: 'Object Repository/OOBObjects/IdeasListObjects/Add-New-Document-Button' is clicked on

2019-05-01 12:54:31 - [MESSAGE][WARNING] - Timeout '0' is invalid. Using default page load timeout: '30'

2019-05-01 12:54:31 - [MESSAGE][PASSED] - Scroll to object 'Object Repository/OOBObjects/IdeasListObjects/Add-New-Document-Button' successfully

2019-05-01 12:54:32 - [MESSAGE][PASSED] - Text 'test1' is set on object 'Object Repository/OOBObjects/IdeasListObjects/AttachmentNameField'

2019-05-01 12:54:32 - [MESSAGE][PASSED] - File 'C:\Users\HP\Desktop\download.png' sent to object: 'Object Repository/OOBObjects/IdeasListObjects/Upload-File'

2019-05-01 12:54:32 - [MESSAGE][WARNING] - Timeout '0' is invalid. Using default page load timeout: '30'

2019-05-01 12:54:32 - [MESSAGE][PASSED] - Object 'Object Repository/OOBObjects/IdeasListObjects/AttachedFile' is present

2019-05-01 12:54:32 - [MESSAGE][PASSED] - Object: 'Object Repository/OOBObjects/IdeasListObjects/LoadButton' is clicked on

2019-05-01 12:54:32 - [MESSAGE][PASSED] - I want to add Attachment

2019-05-01 12:54:32 - [TEST_STEP][PASSED] - I want to click send idea button: I want to click send idea button

2019-05-01 12:54:37 - [MESSAGE][PASSED] - Delayed 5 second(s)

2019-05-01 12:54:37 - [MESSAGE][WARNING] - Timeout '0' is invalid. Using default page load timeout: '30'

2019-05-01 12:54:37 - [MESSAGE][PASSED] - Scroll to object 'Object Repository/OOBObjects/IdeasListObjects/CardBlock' successfully

2019-05-01 12:54:37 - [MESSAGE][PASSED] - Object: 'Object Repository/OOBObjects/IdeasListObjects/SendIdeaButton' is clicked on

2019-05-01 12:54:37 - [MESSAGE][PASSED] - I want to click send idea button

2019-05-01 12:54:37 - [TEST_STEP][PASSED] - I want to verify idea added successfuly: I want to verify idea added successfuly

2019-05-01 12:54:37 - [MESSAGE][WARNING] - Timeout '0' is invalid. Using default page load timeout: '30'

2019-05-01 12:54:37 - [MESSAGE][PASSED] - Wait for page load successfully

2019-05-01 12:54:40 - [MESSAGE][PASSED] - Text 'Automation1687' is set on object 'Object Repository/OOBObjects/IdeasListObjects/SearchField'

2019-05-01 12:54:41 - [MESSAGE][PASSED] - Actual text and expected text of test object 'Object Repository/OOBObjects/IdeasListObjects/SearchResult' are matched.

2019-05-01 12:54:41 - [MESSAGE][PASSED] - I want to verify idea added successfuly

2019-05-01 12:54:41 - [TEST_STEP][PASSED] - I want to close browser: I want to close browser

2019-05-01 12:54:42 - [MESSAGE][PASSED] - Browser is closed

2019-05-01 12:54:42 - [MESSAGE][PASSED] - I want to close browser

2019-05-01 12:54:42 - [MESSAGE][PASSED] - Feature file: 'Include/features/Governance-Module/Add-Idea/003-Add-Idea.feature' was passed]]></system-out>
         <system-err><![CDATA[]]></system-err>
      </testcase>
      <testcase name="Test Cases/Main-Test-Cases/004-Cancel-Idea-Creation" classname="Test Cases/Main-Test-Cases/004-Cancel-Idea-Creation" status="PASSED">
         <system-out><![CDATA[2019-05-01 12:54:42 - [TEST_CASE][PASSED] - Test Cases/Main-Test-Cases/004-Cancel-Idea-Creation: Test Cases/Main-Test-Cases/004-Cancel-Idea-Creation

2019-05-01 12:54:42 - [TEST_STEP][PASSED] - runFeatureFile("Include/features/Governance-Module/Add-Idea/004-Cancel-Idea-Creation.feature"): Feature file: 'Include/features/Governance-Module/Add-Idea/004-Cancel-Idea-Creation.feature' was passed

2019-05-01 12:54:42 - [MESSAGE][INFO] - Starting run keyword runFeatureFile: 'Include/features/Governance-Module/Add-Idea/004-Cancel-Idea-Creation.feature' and extract report to folder: 'C:\Users\HP\git\PMO-Web-Application\Reports\First-Test-Suite\20190501_125337/cucumber_report/1556704482138'...

2019-05-01 12:54:42 - [TEST_CASE][PASSED] - Start Test Case : SCENARIO Cancel idea creation process: SCENARIO Cancel idea creation process

2019-05-01 12:54:42 - [TEST_STEP][PASSED] - I want to open browser: I want to open browser

2019-05-01 12:54:42 - [MESSAGE][INFO] - Starting 'Chrome' driver

2019-05-01 12:54:44 - [MESSAGE][PASSED] - Browser is opened with url: ''

2019-05-01 12:54:44 - [MESSAGE][PASSED] - Delete all cookies successfully

2019-05-01 12:54:44 - [MESSAGE][PASSED] - I want to open browser

2019-05-01 12:54:44 - [TEST_STEP][PASSED] - I want to maximize window: I want to maximize window

2019-05-01 12:54:45 - [MESSAGE][PASSED] - Current window maximized

2019-05-01 12:54:45 - [MESSAGE][PASSED] - I want to maximize window

2019-05-01 12:54:45 - [TEST_STEP][PASSED] - I want to go to OOB: I want to go to OOB

2019-05-01 12:54:55 - [MESSAGE][PASSED] - Navigate to 'https://pmoadmin:P@ssw0rd@dev5.cloudapp.net/OOB2/' successfully

2019-05-01 12:54:55 - [MESSAGE][PASSED] - I want to go to OOB

2019-05-01 12:54:55 - [TEST_STEP][PASSED] - I want to verify I'm in OOB main page: I want to verify I'm in OOB main page

2019-05-01 12:54:55 - [MESSAGE][WARNING] - Timeout '0' is invalid. Using default page load timeout: '30'

2019-05-01 12:54:55 - [MESSAGE][PASSED] - Object 'Object Repository/OOBObjects/HomepageObjects/OOBSideBar' is present

2019-05-01 12:54:55 - [MESSAGE][PASSED] - I want to verify I'm in OOB main page

2019-05-01 12:54:55 - [TEST_STEP][PASSED] - I want to go to ideas list page: I want to go to ideas list page

2019-05-01 12:54:59 - [MESSAGE][PASSED] - Object: 'Object Repository/OOBObjects/HomepageObjects/IdeasList' is clicked on

2019-05-01 12:54:59 - [MESSAGE][PASSED] - I want to go to ideas list page

2019-05-01 12:54:59 - [TEST_STEP][PASSED] - I want to click on Add New button: I want to click on Add New button

2019-05-01 12:55:01 - [MESSAGE][PASSED] - Object: 'Object Repository/OOBObjects/IdeasListObjects/AddNewIdeaButton' is clicked on

2019-05-01 12:55:01 - [MESSAGE][PASSED] - I want to click on Add New button

2019-05-01 12:55:01 - [TEST_STEP][PASSED] - I want to fill idea name field: I want to fill idea name field

2019-05-01 12:55:01 - [MESSAGE][PASSED] - Text 'Automation4979' is set on object 'Object Repository/OOBObjects/IdeasListObjects/Idea-Name-Field'

2019-05-01 12:55:01 - [MESSAGE][PASSED] - I want to fill idea name field

2019-05-01 12:55:01 - [TEST_STEP][PASSED] - I want to select expected start date: I want to select expected start date

2019-05-01 12:55:01 - [MESSAGE][PASSED] - Object: 'Object Repository/OOBObjects/IdeasListObjects//GREGORIAN-Start-date-Check-Box' is clicked on

2019-05-01 12:55:01 - [MESSAGE][PASSED] - Object: 'Object Repository/OOBObjects/IdeasListObjects//Excepted-Start-Date' is clicked on

2019-05-01 12:55:01 - [MESSAGE][PASSED] - All options with index in [5] are selected on object 'Object Repository/OOBObjects/IdeasListObjects/StartDateMonthDropDwon'

2019-05-01 12:55:01 - [MESSAGE][PASSED] - Object: 'Object Repository/OOBObjects/IdeasListObjects//Day26' is hovered

2019-05-01 12:55:01 - [MESSAGE][PASSED] - Object: 'Object Repository/OOBObjects/IdeasListObjects//Day26' is clicked on

2019-05-01 12:55:01 - [MESSAGE][PASSED] - I want to select expected start date

2019-05-01 12:55:01 - [TEST_STEP][PASSED] - I want to select expected end date: I want to select expected end date

2019-05-01 12:55:01 - [MESSAGE][PASSED] - Object 'Object Repository/OOBObjects/IdeasListObjects/GREGORIAN-End-Date-Check-Box' is visible

2019-05-01 12:55:02 - [MESSAGE][PASSED] - Object: 'Object Repository/OOBObjects/IdeasListObjects/GREGORIAN-End-Date-Check-Box' is clicked on

2019-05-01 12:55:04 - [MESSAGE][PASSED] - Delayed 2 second(s)

2019-05-01 12:55:04 - [MESSAGE][PASSED] - Object: 'Object Repository/OOBObjects/IdeasListObjects/Excpected-End-Date' is hovered

2019-05-01 12:55:04 - [MESSAGE][PASSED] - Object: 'Object Repository/OOBObjects/IdeasListObjects/Excpected-End-Date' is clicked on

2019-05-01 12:55:04 - [MESSAGE][PASSED] - All options with index in [6] are selected on object 'Object Repository/OOBObjects/IdeasListObjects/EndDateMonthDropdown'

2019-05-01 12:55:04 - [MESSAGE][PASSED] - Object: 'Object Repository/OOBObjects/IdeasListObjects/EndDateDay15' is hovered

2019-05-01 12:55:04 - [MESSAGE][PASSED] - Object: 'Object Repository/OOBObjects/IdeasListObjects/EndDateDay15' is clicked on

2019-05-01 12:55:04 - [MESSAGE][PASSED] - I want to select expected end date

2019-05-01 12:55:04 - [TEST_STEP][PASSED] - I want to fill idea objective field: I want to fill idea objective field

2019-05-01 12:55:04 - [MESSAGE][PASSED] - Text 'Automation' is set on object 'Object Repository/OOBObjects/IdeasListObjects/Idea-Objective-Field'

2019-05-01 12:55:04 - [MESSAGE][PASSED] - I want to fill idea objective field

2019-05-01 12:55:04 - [TEST_STEP][PASSED] - I want to fill expected budget field: I want to fill expected budget field

2019-05-01 12:55:04 - [MESSAGE][PASSED] - Text '10000' is set on object 'Object Repository/OOBObjects/IdeasListObjects/Expected-Budget-Field'

2019-05-01 12:55:04 - [MESSAGE][PASSED] - I want to fill expected budget field

2019-05-01 12:55:04 - [TEST_STEP][PASSED] - I want to fill Notes field: I want to fill Notes field

2019-05-01 12:55:04 - [MESSAGE][PASSED] - Text 'test note' is set on object 'Object Repository/OOBObjects/IdeasListObjects/Notes-Field'

2019-05-01 12:55:04 - [MESSAGE][PASSED] - I want to fill Notes field

2019-05-01 12:55:04 - [TEST_STEP][PASSED] - I want to click Cancel idea button: I want to click Cancel idea button

2019-05-01 12:55:04 - [MESSAGE][PASSED] - Object: 'Object Repository/OOBObjects/IdeasListObjects/CancelIdeaButton' is hovered

2019-05-01 12:55:06 - [MESSAGE][PASSED] - Object: 'Object Repository/OOBObjects/IdeasListObjects/CancelIdeaButton' is clicked on

2019-05-01 12:55:06 - [MESSAGE][PASSED] - I want to click Cancel idea button

2019-05-01 12:55:06 - [TEST_STEP][PASSED] - I want to check idea not created: I want to check idea not created

2019-05-01 12:55:06 - [MESSAGE][PASSED] - Text 'Automation4979' is set on object 'Object Repository/OOBObjects/IdeasListObjects/SearchField'

2019-05-01 12:55:07 - [MESSAGE][PASSED] - Actual text and expected text of test object 'Object Repository/OOBObjects/IdeasListObjects/SearchResult' are matched.

2019-05-01 12:55:07 - [MESSAGE][PASSED] - I want to check idea not created

2019-05-01 12:55:07 - [TEST_STEP][PASSED] - I want to close browser: I want to close browser

2019-05-01 12:55:08 - [MESSAGE][PASSED] - Browser is closed

2019-05-01 12:55:08 - [MESSAGE][PASSED] - I want to close browser

2019-05-01 12:55:08 - [MESSAGE][PASSED] - Feature file: 'Include/features/Governance-Module/Add-Idea/004-Cancel-Idea-Creation.feature' was passed]]></system-out>
         <system-err><![CDATA[]]></system-err>
      </testcase>
      <testcase name="Test Cases/Main-Test-Cases/005-Save-Idea" classname="Test Cases/Main-Test-Cases/005-Save-Idea" status="PASSED">
         <system-out><![CDATA[2019-05-01 12:55:08 - [TEST_CASE][PASSED] - Test Cases/Main-Test-Cases/005-Save-Idea: Test Cases/Main-Test-Cases/005-Save-Idea

2019-05-01 12:55:08 - [TEST_STEP][PASSED] - runFeatureFile("Include/features/Governance-Module/Add-Idea/005-Save-Idea.feature"): Feature file: 'Include/features/Governance-Module/Add-Idea/005-Save-Idea.feature' was passed

2019-05-01 12:55:08 - [MESSAGE][INFO] - Starting run keyword runFeatureFile: 'Include/features/Governance-Module/Add-Idea/005-Save-Idea.feature' and extract report to folder: 'C:\Users\HP\git\PMO-Web-Application\Reports\First-Test-Suite\20190501_125337/cucumber_report/1556704508673'...

2019-05-01 12:55:08 - [TEST_CASE][PASSED] - Start Test Case : SCENARIO Save Idea: SCENARIO Save Idea

2019-05-01 12:55:08 - [TEST_STEP][PASSED] - I want to open browser: I want to open browser

2019-05-01 12:55:08 - [MESSAGE][INFO] - Starting 'Chrome' driver

2019-05-01 12:55:10 - [MESSAGE][PASSED] - Browser is opened with url: ''

2019-05-01 12:55:10 - [MESSAGE][PASSED] - Delete all cookies successfully

2019-05-01 12:55:10 - [MESSAGE][PASSED] - I want to open browser

2019-05-01 12:55:10 - [TEST_STEP][PASSED] - I want to maximize window: I want to maximize window

2019-05-01 12:55:12 - [MESSAGE][PASSED] - Current window maximized

2019-05-01 12:55:12 - [MESSAGE][PASSED] - I want to maximize window

2019-05-01 12:55:12 - [TEST_STEP][PASSED] - I want to go to OOB: I want to go to OOB

2019-05-01 12:55:22 - [MESSAGE][PASSED] - Navigate to 'https://pmoadmin:P@ssw0rd@dev5.cloudapp.net/OOB2/' successfully

2019-05-01 12:55:22 - [MESSAGE][PASSED] - I want to go to OOB

2019-05-01 12:55:22 - [TEST_STEP][PASSED] - I want to verify I'm in OOB main page: I want to verify I'm in OOB main page

2019-05-01 12:55:22 - [MESSAGE][WARNING] - Timeout '0' is invalid. Using default page load timeout: '30'

2019-05-01 12:55:22 - [MESSAGE][PASSED] - Object 'Object Repository/OOBObjects/HomepageObjects/OOBSideBar' is present

2019-05-01 12:55:22 - [MESSAGE][PASSED] - I want to verify I'm in OOB main page

2019-05-01 12:55:22 - [TEST_STEP][PASSED] - I want to go to ideas list page: I want to go to ideas list page

2019-05-01 12:55:28 - [MESSAGE][PASSED] - Object: 'Object Repository/OOBObjects/HomepageObjects/IdeasList' is clicked on

2019-05-01 12:55:28 - [MESSAGE][PASSED] - I want to go to ideas list page

2019-05-01 12:55:28 - [TEST_STEP][PASSED] - I want to click on Add New button: I want to click on Add New button

2019-05-01 12:55:30 - [MESSAGE][PASSED] - Object: 'Object Repository/OOBObjects/IdeasListObjects/AddNewIdeaButton' is clicked on

2019-05-01 12:55:30 - [MESSAGE][PASSED] - I want to click on Add New button

2019-05-01 12:55:30 - [TEST_STEP][PASSED] - I want to fill idea name field: I want to fill idea name field

2019-05-01 12:55:30 - [MESSAGE][PASSED] - Text 'Automation8003' is set on object 'Object Repository/OOBObjects/IdeasListObjects/Idea-Name-Field'

2019-05-01 12:55:30 - [MESSAGE][PASSED] - I want to fill idea name field

2019-05-01 12:55:30 - [TEST_STEP][PASSED] - I want to select expected start date: I want to select expected start date

2019-05-01 12:55:30 - [MESSAGE][PASSED] - Object: 'Object Repository/OOBObjects/IdeasListObjects//GREGORIAN-Start-date-Check-Box' is clicked on

2019-05-01 12:55:30 - [MESSAGE][PASSED] - Object: 'Object Repository/OOBObjects/IdeasListObjects//Excepted-Start-Date' is clicked on

2019-05-01 12:55:30 - [MESSAGE][PASSED] - All options with index in [5] are selected on object 'Object Repository/OOBObjects/IdeasListObjects/StartDateMonthDropDwon'

2019-05-01 12:55:30 - [MESSAGE][PASSED] - Object: 'Object Repository/OOBObjects/IdeasListObjects//Day26' is hovered

2019-05-01 12:55:30 - [MESSAGE][PASSED] - Object: 'Object Repository/OOBObjects/IdeasListObjects//Day26' is clicked on

2019-05-01 12:55:30 - [MESSAGE][PASSED] - I want to select expected start date

2019-05-01 12:55:30 - [TEST_STEP][PASSED] - I want to select expected end date: I want to select expected end date

2019-05-01 12:55:30 - [MESSAGE][PASSED] - Object 'Object Repository/OOBObjects/IdeasListObjects/GREGORIAN-End-Date-Check-Box' is visible

2019-05-01 12:55:30 - [MESSAGE][PASSED] - Object: 'Object Repository/OOBObjects/IdeasListObjects/GREGORIAN-End-Date-Check-Box' is clicked on

2019-05-01 12:55:32 - [MESSAGE][PASSED] - Delayed 2 second(s)

2019-05-01 12:55:32 - [MESSAGE][PASSED] - Object: 'Object Repository/OOBObjects/IdeasListObjects/Excpected-End-Date' is hovered

2019-05-01 12:55:32 - [MESSAGE][PASSED] - Object: 'Object Repository/OOBObjects/IdeasListObjects/Excpected-End-Date' is clicked on

2019-05-01 12:55:33 - [MESSAGE][PASSED] - All options with index in [6] are selected on object 'Object Repository/OOBObjects/IdeasListObjects/EndDateMonthDropdown'

2019-05-01 12:55:33 - [MESSAGE][PASSED] - Object: 'Object Repository/OOBObjects/IdeasListObjects/EndDateDay15' is hovered

2019-05-01 12:55:33 - [MESSAGE][PASSED] - Object: 'Object Repository/OOBObjects/IdeasListObjects/EndDateDay15' is clicked on

2019-05-01 12:55:33 - [MESSAGE][PASSED] - I want to select expected end date

2019-05-01 12:55:33 - [TEST_STEP][PASSED] - I want to fill idea objective field: I want to fill idea objective field

2019-05-01 12:55:33 - [MESSAGE][PASSED] - Text 'Automation' is set on object 'Object Repository/OOBObjects/IdeasListObjects/Idea-Objective-Field'

2019-05-01 12:55:33 - [MESSAGE][PASSED] - I want to fill idea objective field

2019-05-01 12:55:33 - [TEST_STEP][PASSED] - I want to fill expected budget field: I want to fill expected budget field

2019-05-01 12:55:33 - [MESSAGE][PASSED] - Text '10000' is set on object 'Object Repository/OOBObjects/IdeasListObjects/Expected-Budget-Field'

2019-05-01 12:55:33 - [MESSAGE][PASSED] - I want to fill expected budget field

2019-05-01 12:55:33 - [TEST_STEP][PASSED] - I want to fill Notes field: I want to fill Notes field

2019-05-01 12:55:33 - [MESSAGE][PASSED] - Text 'test note' is set on object 'Object Repository/OOBObjects/IdeasListObjects/Notes-Field'

2019-05-01 12:55:33 - [MESSAGE][PASSED] - I want to fill Notes field

2019-05-01 12:55:33 - [TEST_STEP][PASSED] - I want to click save idea button: I want to click save idea button

2019-05-01 12:55:33 - [MESSAGE][WARNING] - Timeout '0' is invalid. Using default page load timeout: '30'

2019-05-01 12:55:33 - [MESSAGE][PASSED] - Object 'Object Repository/OOBObjects/IdeasListObjects/SaveIdeaButton' is present

2019-05-01 12:55:33 - [MESSAGE][WARNING] - Timeout '0' is invalid. Using default page load timeout: '30'

2019-05-01 12:55:33 - [MESSAGE][PASSED] - Object 'Object Repository/OOBObjects/IdeasListObjects/SaveIdeaButton' is clickable

2019-05-01 12:55:33 - [MESSAGE][PASSED] - Object: 'Object Repository/OOBObjects/IdeasListObjects/SaveIdeaButton' is clicked on

2019-05-01 12:55:38 - [MESSAGE][PASSED] - Delayed 5 second(s)

2019-05-01 12:55:38 - [MESSAGE][PASSED] - I want to click save idea button

2019-05-01 12:55:38 - [TEST_STEP][PASSED] - I want to wait for page load: I want to wait for page load

2019-05-01 12:55:38 - [MESSAGE][PASSED] - Wait for page load successfully

2019-05-01 12:55:38 - [MESSAGE][PASSED] - I want to wait for page load

2019-05-01 12:55:38 - [TEST_STEP][PASSED] - I want to go to ideas list page: I want to go to ideas list page

2019-05-01 12:55:39 - [MESSAGE][PASSED] - Object: 'Object Repository/OOBObjects/HomepageObjects/IdeasList' is clicked on

2019-05-01 12:55:39 - [MESSAGE][PASSED] - I want to go to ideas list page

2019-05-01 12:55:39 - [TEST_STEP][PASSED] - I want to search for idea by idea name: I want to search for idea by idea name

2019-05-01 12:55:40 - [MESSAGE][PASSED] - Text 'Automation8003' is set on object 'Object Repository/OOBObjects/IdeasListObjects/SearchField'

2019-05-01 12:55:41 - [MESSAGE][PASSED] - Actual text and expected text of test object 'Object Repository/OOBObjects/IdeasListObjects/SearchResult' are matched.

2019-05-01 12:55:41 - [MESSAGE][PASSED] - I want to search for idea by idea name

2019-05-01 12:55:41 - [TEST_STEP][PASSED] - I want to close browser: I want to close browser

2019-05-01 12:55:42 - [MESSAGE][PASSED] - Browser is closed

2019-05-01 12:55:42 - [MESSAGE][PASSED] - I want to close browser

2019-05-01 12:55:42 - [MESSAGE][PASSED] - Feature file: 'Include/features/Governance-Module/Add-Idea/005-Save-Idea.feature' was passed]]></system-out>
         <system-err><![CDATA[]]></system-err>
      </testcase>
      <testcase name="Test Cases/Main-Test-Cases/006-Check-Mandatory-Fields" classname="Test Cases/Main-Test-Cases/006-Check-Mandatory-Fields" status="FAILED">
         <failure type="FAILED" message="Test Cases/Main-Test-Cases/006-Check-Mandatory-Fields FAILED.
Reason:
com.kms.katalon.core.exception.StepFailedException: Feature file 'Include/features/Governance-Module/Add-Idea/006-Check-Mandatory-Fields.feature' was failed
	at com.kms.katalon.core.keyword.internal.KeywordMain.stepFailed(KeywordMain.groovy:48)
	at com.kms.katalon.core.keyword.internal.KeywordMain.stepFailed(KeywordMain.groovy)
	at com.kms.katalon.core.keyword.internal.KeywordMain.stepFailed(KeywordMain.groovy:21)
	at com.kms.katalon.core.keyword.internal.KeywordMain$stepFailed$0.call(Unknown Source)
	at com.kms.katalon.core.cucumber.keyword.CucumberBuiltinKeywords$_runFeatureFile_closure1.doCall(CucumberBuiltinKeywords.groovy:82)
	at com.kms.katalon.core.cucumber.keyword.CucumberBuiltinKeywords$_runFeatureFile_closure1.doCall(CucumberBuiltinKeywords.groovy)
	at com.kms.katalon.core.keyword.internal.KeywordMain.runKeyword(KeywordMain.groovy:66)
	at com.kms.katalon.core.keyword.internal.KeywordMain$runKeyword.call(Unknown Source)
	at com.kms.katalon.core.cucumber.keyword.CucumberBuiltinKeywords.runFeatureFile(CucumberBuiltinKeywords.groovy:46)
	at com.kms.katalon.core.cucumber.keyword.CucumberBuiltinKeywords$runFeatureFile$0.callStatic(Unknown Source)
	at com.kms.katalon.core.cucumber.keyword.CucumberBuiltinKeywords.runFeatureFile(CucumberBuiltinKeywords.groovy:101)
	at com.kms.katalon.core.cucumber.keyword.CucumberBuiltinKeywords$runFeatureFile.call(Unknown Source)
	at 006-Check-Mandatory-Fields.run(006-Check-Mandatory-Fields:16)
	at com.kms.katalon.core.main.ScriptEngine.run(ScriptEngine.java:194)
	at com.kms.katalon.core.main.ScriptEngine.runScriptAsRawText(ScriptEngine.java:119)
	at com.kms.katalon.core.main.TestCaseExecutor.runScript(TestCaseExecutor.java:331)
	at com.kms.katalon.core.main.TestCaseExecutor.doExecute(TestCaseExecutor.java:322)
	at com.kms.katalon.core.main.TestCaseExecutor.processExecutionPhase(TestCaseExecutor.java:301)
	at com.kms.katalon.core.main.TestCaseExecutor.accessMainPhase(TestCaseExecutor.java:293)
	at com.kms.katalon.core.main.TestCaseExecutor.execute(TestCaseExecutor.java:227)
	at com.kms.katalon.core.main.TestSuiteExecutor.accessTestCaseMainPhase(TestSuiteExecutor.java:129)
	at com.kms.katalon.core.main.TestSuiteExecutor.accessTestSuiteMainPhase(TestSuiteExecutor.java:112)
	at com.kms.katalon.core.main.TestSuiteExecutor.execute(TestSuiteExecutor.java:81)
	at com.kms.katalon.core.main.TestCaseMain.startTestSuite(TestCaseMain.java:157)
	at com.kms.katalon.core.main.TestCaseMain$startTestSuite$0.call(Unknown Source)
	at TempTestSuite1556704417080.run(TempTestSuite1556704417080.groovy:35)
"/>
         <system-out><![CDATA[2019-05-01 12:55:42 - [TEST_CASE][FAILED] - Test Cases/Main-Test-Cases/006-Check-Mandatory-Fields: Test Cases/Main-Test-Cases/006-Check-Mandatory-Fields FAILED.
Reason:
com.kms.katalon.core.exception.StepFailedException: Feature file 'Include/features/Governance-Module/Add-Idea/006-Check-Mandatory-Fields.feature' was failed
	at com.kms.katalon.core.keyword.internal.KeywordMain.stepFailed(KeywordMain.groovy:48)
	at com.kms.katalon.core.keyword.internal.KeywordMain.stepFailed(KeywordMain.groovy)
	at com.kms.katalon.core.keyword.internal.KeywordMain.stepFailed(KeywordMain.groovy:21)
	at com.kms.katalon.core.keyword.internal.KeywordMain$stepFailed$0.call(Unknown Source)
	at com.kms.katalon.core.cucumber.keyword.CucumberBuiltinKeywords$_runFeatureFile_closure1.doCall(CucumberBuiltinKeywords.groovy:82)
	at com.kms.katalon.core.cucumber.keyword.CucumberBuiltinKeywords$_runFeatureFile_closure1.doCall(CucumberBuiltinKeywords.groovy)
	at com.kms.katalon.core.keyword.internal.KeywordMain.runKeyword(KeywordMain.groovy:66)
	at com.kms.katalon.core.keyword.internal.KeywordMain$runKeyword.call(Unknown Source)
	at com.kms.katalon.core.cucumber.keyword.CucumberBuiltinKeywords.runFeatureFile(CucumberBuiltinKeywords.groovy:46)
	at com.kms.katalon.core.cucumber.keyword.CucumberBuiltinKeywords$runFeatureFile$0.callStatic(Unknown Source)
	at com.kms.katalon.core.cucumber.keyword.CucumberBuiltinKeywords.runFeatureFile(CucumberBuiltinKeywords.groovy:101)
	at com.kms.katalon.core.cucumber.keyword.CucumberBuiltinKeywords$runFeatureFile.call(Unknown Source)
	at 006-Check-Mandatory-Fields.run(006-Check-Mandatory-Fields:16)
	at com.kms.katalon.core.main.ScriptEngine.run(ScriptEngine.java:194)
	at com.kms.katalon.core.main.ScriptEngine.runScriptAsRawText(ScriptEngine.java:119)
	at com.kms.katalon.core.main.TestCaseExecutor.runScript(TestCaseExecutor.java:331)
	at com.kms.katalon.core.main.TestCaseExecutor.doExecute(TestCaseExecutor.java:322)
	at com.kms.katalon.core.main.TestCaseExecutor.processExecutionPhase(TestCaseExecutor.java:301)
	at com.kms.katalon.core.main.TestCaseExecutor.accessMainPhase(TestCaseExecutor.java:293)
	at com.kms.katalon.core.main.TestCaseExecutor.execute(TestCaseExecutor.java:227)
	at com.kms.katalon.core.main.TestSuiteExecutor.accessTestCaseMainPhase(TestSuiteExecutor.java:129)
	at com.kms.katalon.core.main.TestSuiteExecutor.accessTestSuiteMainPhase(TestSuiteExecutor.java:112)
	at com.kms.katalon.core.main.TestSuiteExecutor.execute(TestSuiteExecutor.java:81)
	at com.kms.katalon.core.main.TestCaseMain.startTestSuite(TestCaseMain.java:157)
	at com.kms.katalon.core.main.TestCaseMain$startTestSuite$0.call(Unknown Source)
	at TempTestSuite1556704417080.run(TempTestSuite1556704417080.groovy:35)


2019-05-01 12:55:42 - [TEST_STEP][FAILED] - runFeatureFile("Include/features/Governance-Module/Add-Idea/006-Check-Mandatory-Fields.feature"): runFeatureFile("Include/features/Governance-Module/Add-Idea/006-Check-Mandatory-Fields.feature") FAILED.
Reason:
com.kms.katalon.core.exception.StepFailedException: Feature file 'Include/features/Governance-Module/Add-Idea/006-Check-Mandatory-Fields.feature' was failed
	at com.kms.katalon.core.keyword.internal.KeywordMain.stepFailed(KeywordMain.groovy:48)
	at com.kms.katalon.core.keyword.internal.KeywordMain.stepFailed(KeywordMain.groovy)
	at com.kms.katalon.core.keyword.internal.KeywordMain.stepFailed(KeywordMain.groovy:21)
	at com.kms.katalon.core.keyword.internal.KeywordMain$stepFailed$0.call(Unknown Source)
	at com.kms.katalon.core.cucumber.keyword.CucumberBuiltinKeywords$_runFeatureFile_closure1.doCall(CucumberBuiltinKeywords.groovy:82)
	at com.kms.katalon.core.cucumber.keyword.CucumberBuiltinKeywords$_runFeatureFile_closure1.doCall(CucumberBuiltinKeywords.groovy)
	at com.kms.katalon.core.keyword.internal.KeywordMain.runKeyword(KeywordMain.groovy:66)
	at com.kms.katalon.core.keyword.internal.KeywordMain$runKeyword.call(Unknown Source)
	at com.kms.katalon.core.cucumber.keyword.CucumberBuiltinKeywords.runFeatureFile(CucumberBuiltinKeywords.groovy:46)
	at com.kms.katalon.core.cucumber.keyword.CucumberBuiltinKeywords$runFeatureFile$0.callStatic(Unknown Source)
	at com.kms.katalon.core.cucumber.keyword.CucumberBuiltinKeywords.runFeatureFile(CucumberBuiltinKeywords.groovy:101)
	at com.kms.katalon.core.cucumber.keyword.CucumberBuiltinKeywords$runFeatureFile.call(Unknown Source)
	at 006-Check-Mandatory-Fields.run(006-Check-Mandatory-Fields:16)
	at com.kms.katalon.core.main.ScriptEngine.run(ScriptEngine.java:194)
	at com.kms.katalon.core.main.ScriptEngine.runScriptAsRawText(ScriptEngine.java:119)
	at com.kms.katalon.core.main.TestCaseExecutor.runScript(TestCaseExecutor.java:331)
	at com.kms.katalon.core.main.TestCaseExecutor.doExecute(TestCaseExecutor.java:322)
	at com.kms.katalon.core.main.TestCaseExecutor.processExecutionPhase(TestCaseExecutor.java:301)
	at com.kms.katalon.core.main.TestCaseExecutor.accessMainPhase(TestCaseExecutor.java:293)
	at com.kms.katalon.core.main.TestCaseExecutor.execute(TestCaseExecutor.java:227)
	at com.kms.katalon.core.main.TestSuiteExecutor.accessTestCaseMainPhase(TestSuiteExecutor.java:129)
	at com.kms.katalon.core.main.TestSuiteExecutor.accessTestSuiteMainPhase(TestSuiteExecutor.java:112)
	at com.kms.katalon.core.main.TestSuiteExecutor.execute(TestSuiteExecutor.java:81)
	at com.kms.katalon.core.main.TestCaseMain.startTestSuite(TestCaseMain.java:157)
	at com.kms.katalon.core.main.TestCaseMain$startTestSuite$0.call(Unknown Source)
	at TempTestSuite1556704417080.run(TempTestSuite1556704417080.groovy:35)


2019-05-01 12:55:42 - [MESSAGE][INFO] - Starting run keyword runFeatureFile: 'Include/features/Governance-Module/Add-Idea/006-Check-Mandatory-Fields.feature' and extract report to folder: 'C:\Users\HP\git\PMO-Web-Application\Reports\First-Test-Suite\20190501_125337/cucumber_report/1556704542396'...

2019-05-01 12:55:42 - [TEST_CASE][FAILED] - Start Test Case : SCENARIO check create idea form mandatory fields: SCENARIO check create idea form mandatory fields FAILED.
Reason:
com.kms.katalon.core.exception.StepFailedException: Unable to verify object 'Object Repository/OOBObjects/IdeasListObjects/IdeaNameMandatoryField' is visible
	at com.kms.katalon.core.webui.keyword.internal.WebUIKeywordMain.stepFailed(WebUIKeywordMain.groovy:64)
	at com.kms.katalon.core.webui.keyword.internal.WebUIKeywordMain.runKeyword(WebUIKeywordMain.groovy:26)
	at com.kms.katalon.core.webui.keyword.builtin.VerifyElementVisibleKeyword.verifyElementVisible(VerifyElementVisibleKeyword.groovy:97)
	at com.kms.katalon.core.webui.keyword.builtin.VerifyElementVisibleKeyword.execute(VerifyElementVisibleKeyword.groovy:67)
	at com.kms.katalon.core.keyword.internal.KeywordExecutor.executeKeywordForPlatform(KeywordExecutor.groovy:56)
	at com.kms.katalon.core.webui.keyword.WebUiBuiltInKeywords.verifyElementVisible(WebUiBuiltInKeywords.groovy:358)
	at com.kms.katalon.core.webui.keyword.WebUiBuiltInKeywords$verifyElementVisible$16.call(Unknown Source)
	at com.pmo.steps.AddIdeaSteps.ideaNameMandatory(AddIdeaSteps.groovy:459)
	at ✽.I want to check idea name is a mandatory field(C:/Users/HP/git/PMO-Web-Application/Include/features/Governance-Module/Add-Idea/006-Check-Mandatory-Fields.feature:14)
Caused by: com.kms.katalon.core.exception.StepFailedException: Web element with id: 'Object Repository/OOBObjects/IdeasListObjects/IdeaNameMandatoryField' located by 'By.xpath: //*[@id='TxtIdeaNameError']/span' not found
	at com.kms.katalon.core.webui.keyword.internal.WebUIKeywordMain.stepFailed(WebUIKeywordMain.groovy:64)
	at com.kms.katalon.core.webui.keyword.builtin.VerifyElementVisibleKeyword$_verifyElementVisible_closure1.doCall(VerifyElementVisibleKeyword.groovy:89)
	at com.kms.katalon.core.webui.keyword.builtin.VerifyElementVisibleKeyword$_verifyElementVisible_closure1.call(VerifyElementVisibleKeyword.groovy)
	at com.kms.katalon.core.webui.keyword.internal.WebUIKeywordMain.runKeyword(WebUIKeywordMain.groovy:20)
	at com.kms.katalon.core.webui.keyword.builtin.VerifyElementVisibleKeyword.verifyElementVisible(VerifyElementVisibleKeyword.groovy:97)
	at com.kms.katalon.core.webui.keyword.builtin.VerifyElementVisibleKeyword.execute(VerifyElementVisibleKeyword.groovy:67)
	at com.kms.katalon.core.keyword.internal.KeywordExecutor.executeKeywordForPlatform(KeywordExecutor.groovy:56)
	at com.kms.katalon.core.webui.keyword.WebUiBuiltInKeywords.verifyElementVisible(WebUiBuiltInKeywords.groovy:358)
	at com.kms.katalon.core.webui.keyword.WebUiBuiltInKeywords$verifyElementVisible$16.call(Unknown Source)
	at com.pmo.steps.AddIdeaSteps.ideaNameMandatory(AddIdeaSteps.groovy:459)
	at cucumber.runtime.Utils$1.call(Utils.java:26)
	at cucumber.runtime.Timeout.timeout(Timeout.java:16)
	at cucumber.runtime.Utils.invoke(Utils.java:20)
	at cucumber.runtime.java.JavaStepDefinition.execute(JavaStepDefinition.java:48)
	at cucumber.runtime.PickleStepDefinitionMatch.runStep(PickleStepDefinitionMatch.java:50)
	at cucumber.runner.TestStep.executeStep(TestStep.java:55)
	at cucumber.runner.TestStep.run(TestStep.java:42)
	at cucumber.runner.PickleStepTestStep.run(PickleStepTestStep.java:53)
	at cucumber.runner.TestCase.run(TestCase.java:47)
	at cucumber.runner.Runner.runPickle(Runner.java:44)
	at cucumber.runtime.Runtime.runFeature(Runtime.java:120)
	at cucumber.runtime.Runtime.run(Runtime.java:106)
	at cucumber.api.cli.Main.run(Main.java:35)
	at cucumber.api.cli.Main$run.call(Unknown Source)
	at com.kms.katalon.core.cucumber.keyword.CucumberBuiltinKeywords$_runFeatureFile_closure1.doCall(CucumberBuiltinKeywords.groovy:76)
	at com.kms.katalon.core.cucumber.keyword.CucumberBuiltinKeywords$_runFeatureFile_closure1.doCall(CucumberBuiltinKeywords.groovy)
	at com.kms.katalon.core.keyword.internal.KeywordMain.runKeyword(KeywordMain.groovy:66)
	at com.kms.katalon.core.keyword.internal.KeywordMain$runKeyword.call(Unknown Source)
	at com.kms.katalon.core.cucumber.keyword.CucumberBuiltinKeywords.runFeatureFile(CucumberBuiltinKeywords.groovy:46)
	at com.kms.katalon.core.cucumber.keyword.CucumberBuiltinKeywords$runFeatureFile$0.callStatic(Unknown Source)
	at com.kms.katalon.core.cucumber.keyword.CucumberBuiltinKeywords.runFeatureFile(CucumberBuiltinKeywords.groovy:101)
	at com.kms.katalon.core.cucumber.keyword.CucumberBuiltinKeywords$runFeatureFile.call(Unknown Source)
	at 006-Check-Mandatory-Fields.run(006-Check-Mandatory-Fields:16)
	at com.kms.katalon.core.main.ScriptEngine.run(ScriptEngine.java:194)
	at com.kms.katalon.core.main.ScriptEngine.runScriptAsRawText(ScriptEngine.java:119)
	at com.kms.katalon.core.main.TestCaseExecutor.runScript(TestCaseExecutor.java:331)
	at com.kms.katalon.core.main.TestCaseExecutor.doExecute(TestCaseExecutor.java:322)
	at com.kms.katalon.core.main.TestCaseExecutor.processExecutionPhase(TestCaseExecutor.java:301)
	at com.kms.katalon.core.main.TestCaseExecutor.accessMainPhase(TestCaseExecutor.java:293)
	at com.kms.katalon.core.main.TestCaseExecutor.execute(TestCaseExecutor.java:227)
	at com.kms.katalon.core.main.TestSuiteExecutor.accessTestCaseMainPhase(TestSuiteExecutor.java:129)
	at com.kms.katalon.core.main.TestSuiteExecutor.accessTestSuiteMainPhase(TestSuiteExecutor.java:112)
	at com.kms.katalon.core.main.TestSuiteExecutor.execute(TestSuiteExecutor.java:81)
	at com.kms.katalon.core.main.TestCaseMain.startTestSuite(TestCaseMain.java:157)
	at com.kms.katalon.core.main.TestCaseMain$startTestSuite$0.call(Unknown Source)
	at TempTestSuite1556704417080.run(TempTestSuite1556704417080.groovy:35)


2019-05-01 12:55:42 - [TEST_STEP][PASSED] - I want to open browser: I want to open browser

2019-05-01 12:55:42 - [MESSAGE][INFO] - Starting 'Chrome' driver

2019-05-01 12:55:44 - [MESSAGE][PASSED] - Browser is opened with url: ''

2019-05-01 12:55:44 - [MESSAGE][PASSED] - Delete all cookies successfully

2019-05-01 12:55:44 - [MESSAGE][PASSED] - I want to open browser

2019-05-01 12:55:44 - [TEST_STEP][PASSED] - I want to maximize window: I want to maximize window

2019-05-01 12:55:45 - [MESSAGE][PASSED] - Current window maximized

2019-05-01 12:55:45 - [MESSAGE][PASSED] - I want to maximize window

2019-05-01 12:55:45 - [TEST_STEP][PASSED] - I want to go to OOB: I want to go to OOB

2019-05-01 12:55:54 - [MESSAGE][PASSED] - Navigate to 'https://pmoadmin:P@ssw0rd@dev5.cloudapp.net/OOB2/' successfully

2019-05-01 12:55:54 - [MESSAGE][PASSED] - I want to go to OOB

2019-05-01 12:55:54 - [TEST_STEP][PASSED] - I want to verify I'm in OOB main page: I want to verify I'm in OOB main page

2019-05-01 12:55:54 - [MESSAGE][WARNING] - Timeout '0' is invalid. Using default page load timeout: '30'

2019-05-01 12:55:54 - [MESSAGE][PASSED] - Object 'Object Repository/OOBObjects/HomepageObjects/OOBSideBar' is present

2019-05-01 12:55:54 - [MESSAGE][PASSED] - I want to verify I'm in OOB main page

2019-05-01 12:55:54 - [TEST_STEP][PASSED] - I want to go to ideas list page: I want to go to ideas list page

2019-05-01 12:55:59 - [MESSAGE][PASSED] - Object: 'Object Repository/OOBObjects/HomepageObjects/IdeasList' is clicked on

2019-05-01 12:55:59 - [MESSAGE][PASSED] - I want to go to ideas list page

2019-05-01 12:55:59 - [TEST_STEP][PASSED] - I want to click on Add New button: I want to click on Add New button

2019-05-01 12:56:01 - [MESSAGE][PASSED] - Object: 'Object Repository/OOBObjects/IdeasListObjects/AddNewIdeaButton' is clicked on

2019-05-01 12:56:01 - [MESSAGE][PASSED] - I want to click on Add New button

2019-05-01 12:56:01 - [TEST_STEP][PASSED] - I want to click send idea button: I want to click send idea button

2019-05-01 12:56:06 - [MESSAGE][PASSED] - Delayed 5 second(s)

2019-05-01 12:56:06 - [MESSAGE][WARNING] - Timeout '0' is invalid. Using default page load timeout: '30'

2019-05-01 12:56:06 - [MESSAGE][PASSED] - Scroll to object 'Object Repository/OOBObjects/IdeasListObjects/CardBlock' successfully

2019-05-01 12:56:06 - [MESSAGE][PASSED] - Object: 'Object Repository/OOBObjects/IdeasListObjects/SendIdeaButton' is clicked on

2019-05-01 12:56:06 - [MESSAGE][PASSED] - I want to click send idea button

2019-05-01 12:56:06 - [TEST_STEP][FAILED] - I want to check idea name is a mandatory field: I want to check idea name is a mandatory field FAILED.
Reason:
com.kms.katalon.core.exception.StepFailedException: Unable to verify object 'Object Repository/OOBObjects/IdeasListObjects/IdeaNameMandatoryField' is visible
	at com.kms.katalon.core.webui.keyword.internal.WebUIKeywordMain.stepFailed(WebUIKeywordMain.groovy:64)
	at com.kms.katalon.core.webui.keyword.internal.WebUIKeywordMain.runKeyword(WebUIKeywordMain.groovy:26)
	at com.kms.katalon.core.webui.keyword.builtin.VerifyElementVisibleKeyword.verifyElementVisible(VerifyElementVisibleKeyword.groovy:97)
	at com.kms.katalon.core.webui.keyword.builtin.VerifyElementVisibleKeyword.execute(VerifyElementVisibleKeyword.groovy:67)
	at com.kms.katalon.core.keyword.internal.KeywordExecutor.executeKeywordForPlatform(KeywordExecutor.groovy:56)
	at com.kms.katalon.core.webui.keyword.WebUiBuiltInKeywords.verifyElementVisible(WebUiBuiltInKeywords.groovy:358)
	at com.kms.katalon.core.webui.keyword.WebUiBuiltInKeywords$verifyElementVisible$16.call(Unknown Source)
	at com.pmo.steps.AddIdeaSteps.ideaNameMandatory(AddIdeaSteps.groovy:459)
	at ✽.I want to check idea name is a mandatory field(C:/Users/HP/git/PMO-Web-Application/Include/features/Governance-Module/Add-Idea/006-Check-Mandatory-Fields.feature:14)
Caused by: com.kms.katalon.core.exception.StepFailedException: Web element with id: 'Object Repository/OOBObjects/IdeasListObjects/IdeaNameMandatoryField' located by 'By.xpath: //*[@id='TxtIdeaNameError']/span' not found
	at com.kms.katalon.core.webui.keyword.internal.WebUIKeywordMain.stepFailed(WebUIKeywordMain.groovy:64)
	at com.kms.katalon.core.webui.keyword.builtin.VerifyElementVisibleKeyword$_verifyElementVisible_closure1.doCall(VerifyElementVisibleKeyword.groovy:89)
	at com.kms.katalon.core.webui.keyword.builtin.VerifyElementVisibleKeyword$_verifyElementVisible_closure1.call(VerifyElementVisibleKeyword.groovy)
	at com.kms.katalon.core.webui.keyword.internal.WebUIKeywordMain.runKeyword(WebUIKeywordMain.groovy:20)
	at com.kms.katalon.core.webui.keyword.builtin.VerifyElementVisibleKeyword.verifyElementVisible(VerifyElementVisibleKeyword.groovy:97)
	at com.kms.katalon.core.webui.keyword.builtin.VerifyElementVisibleKeyword.execute(VerifyElementVisibleKeyword.groovy:67)
	at com.kms.katalon.core.keyword.internal.KeywordExecutor.executeKeywordForPlatform(KeywordExecutor.groovy:56)
	at com.kms.katalon.core.webui.keyword.WebUiBuiltInKeywords.verifyElementVisible(WebUiBuiltInKeywords.groovy:358)
	at com.kms.katalon.core.webui.keyword.WebUiBuiltInKeywords$verifyElementVisible$16.call(Unknown Source)
	at com.pmo.steps.AddIdeaSteps.ideaNameMandatory(AddIdeaSteps.groovy:459)
	at cucumber.runtime.Utils$1.call(Utils.java:26)
	at cucumber.runtime.Timeout.timeout(Timeout.java:16)
	at cucumber.runtime.Utils.invoke(Utils.java:20)
	at cucumber.runtime.java.JavaStepDefinition.execute(JavaStepDefinition.java:48)
	at cucumber.runtime.PickleStepDefinitionMatch.runStep(PickleStepDefinitionMatch.java:50)
	at cucumber.runner.TestStep.executeStep(TestStep.java:55)
	at cucumber.runner.TestStep.run(TestStep.java:42)
	at cucumber.runner.PickleStepTestStep.run(PickleStepTestStep.java:53)
	at cucumber.runner.TestCase.run(TestCase.java:47)
	at cucumber.runner.Runner.runPickle(Runner.java:44)
	at cucumber.runtime.Runtime.runFeature(Runtime.java:120)
	at cucumber.runtime.Runtime.run(Runtime.java:106)
	at cucumber.api.cli.Main.run(Main.java:35)
	at cucumber.api.cli.Main$run.call(Unknown Source)
	at com.kms.katalon.core.cucumber.keyword.CucumberBuiltinKeywords$_runFeatureFile_closure1.doCall(CucumberBuiltinKeywords.groovy:76)
	at com.kms.katalon.core.cucumber.keyword.CucumberBuiltinKeywords$_runFeatureFile_closure1.doCall(CucumberBuiltinKeywords.groovy)
	at com.kms.katalon.core.keyword.internal.KeywordMain.runKeyword(KeywordMain.groovy:66)
	at com.kms.katalon.core.keyword.internal.KeywordMain$runKeyword.call(Unknown Source)
	at com.kms.katalon.core.cucumber.keyword.CucumberBuiltinKeywords.runFeatureFile(CucumberBuiltinKeywords.groovy:46)
	at com.kms.katalon.core.cucumber.keyword.CucumberBuiltinKeywords$runFeatureFile$0.callStatic(Unknown Source)
	at com.kms.katalon.core.cucumber.keyword.CucumberBuiltinKeywords.runFeatureFile(CucumberBuiltinKeywords.groovy:101)
	at com.kms.katalon.core.cucumber.keyword.CucumberBuiltinKeywords$runFeatureFile.call(Unknown Source)
	at 006-Check-Mandatory-Fields.run(006-Check-Mandatory-Fields:16)
	at com.kms.katalon.core.main.ScriptEngine.run(ScriptEngine.java:194)
	at com.kms.katalon.core.main.ScriptEngine.runScriptAsRawText(ScriptEngine.java:119)
	at com.kms.katalon.core.main.TestCaseExecutor.runScript(TestCaseExecutor.java:331)
	at com.kms.katalon.core.main.TestCaseExecutor.doExecute(TestCaseExecutor.java:322)
	at com.kms.katalon.core.main.TestCaseExecutor.processExecutionPhase(TestCaseExecutor.java:301)
	at com.kms.katalon.core.main.TestCaseExecutor.accessMainPhase(TestCaseExecutor.java:293)
	at com.kms.katalon.core.main.TestCaseExecutor.execute(TestCaseExecutor.java:227)
	at com.kms.katalon.core.main.TestSuiteExecutor.accessTestCaseMainPhase(TestSuiteExecutor.java:129)
	at com.kms.katalon.core.main.TestSuiteExecutor.accessTestSuiteMainPhase(TestSuiteExecutor.java:112)
	at com.kms.katalon.core.main.TestSuiteExecutor.execute(TestSuiteExecutor.java:81)
	at com.kms.katalon.core.main.TestCaseMain.startTestSuite(TestCaseMain.java:157)
	at com.kms.katalon.core.main.TestCaseMain$startTestSuite$0.call(Unknown Source)
	at TempTestSuite1556704417080.run(TempTestSuite1556704417080.groovy:35)


2019-05-01 12:56:37 - [MESSAGE][INFO] - Unable to find the element located by 'By.xpath: //*[@id='TxtIdeaNameError']/span'. Please recheck the objects properties to make sure the desired element is located. 

2019-05-01 12:56:37 - [MESSAGE][FAILED] - Web element with id: 'Object Repository/OOBObjects/IdeasListObjects/IdeaNameMandatoryField' located by 'By.xpath: //*[@id='TxtIdeaNameError']/span' not found (Root cause: com.kms.katalon.core.exception.StepFailedException: Web element with id: 'Object Repository/OOBObjects/IdeasListObjects/IdeaNameMandatoryField' located by 'By.xpath: //*[@id='TxtIdeaNameError']/span' not found
	at com.kms.katalon.core.webui.keyword.internal.WebUIKeywordMain.stepFailed(WebUIKeywordMain.groovy:64)
	at com.kms.katalon.core.webui.keyword.builtin.VerifyElementVisibleKeyword$_verifyElementVisible_closure1.doCall(VerifyElementVisibleKeyword.groovy:89)
	at com.kms.katalon.core.webui.keyword.builtin.VerifyElementVisibleKeyword$_verifyElementVisible_closure1.call(VerifyElementVisibleKeyword.groovy)
	at com.kms.katalon.core.webui.keyword.internal.WebUIKeywordMain.runKeyword(WebUIKeywordMain.groovy:20)
	at com.kms.katalon.core.webui.keyword.builtin.VerifyElementVisibleKeyword.verifyElementVisible(VerifyElementVisibleKeyword.groovy:97)
	at com.kms.katalon.core.webui.keyword.builtin.VerifyElementVisibleKeyword.execute(VerifyElementVisibleKeyword.groovy:67)
	at com.kms.katalon.core.keyword.internal.KeywordExecutor.executeKeywordForPlatform(KeywordExecutor.groovy:56)
	at com.kms.katalon.core.webui.keyword.WebUiBuiltInKeywords.verifyElementVisible(WebUiBuiltInKeywords.groovy:358)
	at com.kms.katalon.core.webui.keyword.WebUiBuiltInKeywords$verifyElementVisible$16.call(Unknown Source)
	at com.pmo.steps.AddIdeaSteps.ideaNameMandatory(AddIdeaSteps.groovy:459)
	at cucumber.runtime.Utils$1.call(Utils.java:26)
	at cucumber.runtime.Timeout.timeout(Timeout.java:16)
	at cucumber.runtime.Utils.invoke(Utils.java:20)
	at cucumber.runtime.java.JavaStepDefinition.execute(JavaStepDefinition.java:48)
	at cucumber.runtime.PickleStepDefinitionMatch.runStep(PickleStepDefinitionMatch.java:50)
	at cucumber.runner.TestStep.executeStep(TestStep.java:55)
	at cucumber.runner.TestStep.run(TestStep.java:42)
	at cucumber.runner.PickleStepTestStep.run(PickleStepTestStep.java:53)
	at cucumber.runner.TestCase.run(TestCase.java:47)
	at cucumber.runner.Runner.runPickle(Runner.java:44)
	at cucumber.runtime.Runtime.runFeature(Runtime.java:120)
	at cucumber.runtime.Runtime.run(Runtime.java:106)
	at cucumber.api.cli.Main.run(Main.java:35)
	at cucumber.api.cli.Main$run.call(Unknown Source)
	at com.kms.katalon.core.cucumber.keyword.CucumberBuiltinKeywords$_runFeatureFile_closure1.doCall(CucumberBuiltinKeywords.groovy:76)
	at com.kms.katalon.core.cucumber.keyword.CucumberBuiltinKeywords$_runFeatureFile_closure1.doCall(CucumberBuiltinKeywords.groovy)
	at com.kms.katalon.core.keyword.internal.KeywordMain.runKeyword(KeywordMain.groovy:66)
	at com.kms.katalon.core.keyword.internal.KeywordMain$runKeyword.call(Unknown Source)
	at com.kms.katalon.core.cucumber.keyword.CucumberBuiltinKeywords.runFeatureFile(CucumberBuiltinKeywords.groovy:46)
	at com.kms.katalon.core.cucumber.keyword.CucumberBuiltinKeywords$runFeatureFile$0.callStatic(Unknown Source)
	at com.kms.katalon.core.cucumber.keyword.CucumberBuiltinKeywords.runFeatureFile(CucumberBuiltinKeywords.groovy:101)
	at com.kms.katalon.core.cucumber.keyword.CucumberBuiltinKeywords$runFeatureFile.call(Unknown Source)
	at 006-Check-Mandatory-Fields.run(006-Check-Mandatory-Fields:16)
	at com.kms.katalon.core.main.ScriptEngine.run(ScriptEngine.java:194)
	at com.kms.katalon.core.main.ScriptEngine.runScriptAsRawText(ScriptEngine.java:119)
	at com.kms.katalon.core.main.TestCaseExecutor.runScript(TestCaseExecutor.java:331)
	at com.kms.katalon.core.main.TestCaseExecutor.doExecute(TestCaseExecutor.java:322)
	at com.kms.katalon.core.main.TestCaseExecutor.processExecutionPhase(TestCaseExecutor.java:301)
	at com.kms.katalon.core.main.TestCaseExecutor.accessMainPhase(TestCaseExecutor.java:293)
	at com.kms.katalon.core.main.TestCaseExecutor.execute(TestCaseExecutor.java:227)
	at com.kms.katalon.core.main.TestSuiteExecutor.accessTestCaseMainPhase(TestSuiteExecutor.java:129)
	at com.kms.katalon.core.main.TestSuiteExecutor.accessTestSuiteMainPhase(TestSuiteExecutor.java:112)
	at com.kms.katalon.core.main.TestSuiteExecutor.execute(TestSuiteExecutor.java:81)
	at com.kms.katalon.core.main.TestCaseMain.startTestSuite(TestCaseMain.java:157)
	at com.kms.katalon.core.main.TestCaseMain$startTestSuite$0.call(Unknown Source)
	at TempTestSuite1556704417080.run(TempTestSuite1556704417080.groovy:35)
)
[[ATTACHMENT|C:\\Users\\HP\\git\\PMO-Web-Application\\Reports\\First-Test-Suite\\20190501_125337\\1556704597558.png]]

2019-05-01 12:56:38 - [MESSAGE][FAILED] - Unable to verify object 'Object Repository/OOBObjects/IdeasListObjects/IdeaNameMandatoryField' is visible (Root cause: com.kms.katalon.core.exception.StepFailedException: Unable to verify object 'Object Repository/OOBObjects/IdeasListObjects/IdeaNameMandatoryField' is visible
	at com.kms.katalon.core.webui.keyword.internal.WebUIKeywordMain.stepFailed(WebUIKeywordMain.groovy:64)
	at com.kms.katalon.core.webui.keyword.internal.WebUIKeywordMain.runKeyword(WebUIKeywordMain.groovy:26)
	at com.kms.katalon.core.webui.keyword.builtin.VerifyElementVisibleKeyword.verifyElementVisible(VerifyElementVisibleKeyword.groovy:97)
	at com.kms.katalon.core.webui.keyword.builtin.VerifyElementVisibleKeyword.execute(VerifyElementVisibleKeyword.groovy:67)
	at com.kms.katalon.core.keyword.internal.KeywordExecutor.executeKeywordForPlatform(KeywordExecutor.groovy:56)
	at com.kms.katalon.core.webui.keyword.WebUiBuiltInKeywords.verifyElementVisible(WebUiBuiltInKeywords.groovy:358)
	at com.kms.katalon.core.webui.keyword.WebUiBuiltInKeywords$verifyElementVisible$16.call(Unknown Source)
	at com.pmo.steps.AddIdeaSteps.ideaNameMandatory(AddIdeaSteps.groovy:459)
	at cucumber.runtime.Utils$1.call(Utils.java:26)
	at cucumber.runtime.Timeout.timeout(Timeout.java:16)
	at cucumber.runtime.Utils.invoke(Utils.java:20)
	at cucumber.runtime.java.JavaStepDefinition.execute(JavaStepDefinition.java:48)
	at cucumber.runtime.PickleStepDefinitionMatch.runStep(PickleStepDefinitionMatch.java:50)
	at cucumber.runner.TestStep.executeStep(TestStep.java:55)
	at cucumber.runner.TestStep.run(TestStep.java:42)
	at cucumber.runner.PickleStepTestStep.run(PickleStepTestStep.java:53)
	at cucumber.runner.TestCase.run(TestCase.java:47)
	at cucumber.runner.Runner.runPickle(Runner.java:44)
	at cucumber.runtime.Runtime.runFeature(Runtime.java:120)
	at cucumber.runtime.Runtime.run(Runtime.java:106)
	at cucumber.api.cli.Main.run(Main.java:35)
	at cucumber.api.cli.Main$run.call(Unknown Source)
	at com.kms.katalon.core.cucumber.keyword.CucumberBuiltinKeywords$_runFeatureFile_closure1.doCall(CucumberBuiltinKeywords.groovy:76)
	at com.kms.katalon.core.cucumber.keyword.CucumberBuiltinKeywords$_runFeatureFile_closure1.doCall(CucumberBuiltinKeywords.groovy)
	at com.kms.katalon.core.keyword.internal.KeywordMain.runKeyword(KeywordMain.groovy:66)
	at com.kms.katalon.core.keyword.internal.KeywordMain$runKeyword.call(Unknown Source)
	at com.kms.katalon.core.cucumber.keyword.CucumberBuiltinKeywords.runFeatureFile(CucumberBuiltinKeywords.groovy:46)
	at com.kms.katalon.core.cucumber.keyword.CucumberBuiltinKeywords$runFeatureFile$0.callStatic(Unknown Source)
	at com.kms.katalon.core.cucumber.keyword.CucumberBuiltinKeywords.runFeatureFile(CucumberBuiltinKeywords.groovy:101)
	at com.kms.katalon.core.cucumber.keyword.CucumberBuiltinKeywords$runFeatureFile.call(Unknown Source)
	at 006-Check-Mandatory-Fields.run(006-Check-Mandatory-Fields:16)
	at com.kms.katalon.core.main.ScriptEngine.run(ScriptEngine.java:194)
	at com.kms.katalon.core.main.ScriptEngine.runScriptAsRawText(ScriptEngine.java:119)
	at com.kms.katalon.core.main.TestCaseExecutor.runScript(TestCaseExecutor.java:331)
	at com.kms.katalon.core.main.TestCaseExecutor.doExecute(TestCaseExecutor.java:322)
	at com.kms.katalon.core.main.TestCaseExecutor.processExecutionPhase(TestCaseExecutor.java:301)
	at com.kms.katalon.core.main.TestCaseExecutor.accessMainPhase(TestCaseExecutor.java:293)
	at com.kms.katalon.core.main.TestCaseExecutor.execute(TestCaseExecutor.java:227)
	at com.kms.katalon.core.main.TestSuiteExecutor.accessTestCaseMainPhase(TestSuiteExecutor.java:129)
	at com.kms.katalon.core.main.TestSuiteExecutor.accessTestSuiteMainPhase(TestSuiteExecutor.java:112)
	at com.kms.katalon.core.main.TestSuiteExecutor.execute(TestSuiteExecutor.java:81)
	at com.kms.katalon.core.main.TestCaseMain.startTestSuite(TestCaseMain.java:157)
	at com.kms.katalon.core.main.TestCaseMain$startTestSuite$0.call(Unknown Source)
	at TempTestSuite1556704417080.run(TempTestSuite1556704417080.groovy:35)
Caused by: com.kms.katalon.core.exception.StepFailedException: Web element with id: 'Object Repository/OOBObjects/IdeasListObjects/IdeaNameMandatoryField' located by 'By.xpath: //*[@id='TxtIdeaNameError']/span' not found
	at com.kms.katalon.core.webui.keyword.internal.WebUIKeywordMain.stepFailed(WebUIKeywordMain.groovy:64)
	at com.kms.katalon.core.webui.keyword.builtin.VerifyElementVisibleKeyword$_verifyElementVisible_closure1.doCall(VerifyElementVisibleKeyword.groovy:89)
	at com.kms.katalon.core.webui.keyword.builtin.VerifyElementVisibleKeyword$_verifyElementVisible_closure1.call(VerifyElementVisibleKeyword.groovy)
	at com.kms.katalon.core.webui.keyword.internal.WebUIKeywordMain.runKeyword(WebUIKeywordMain.groovy:20)
	... 42 more
)
[[ATTACHMENT|C:\\Users\\HP\\git\\PMO-Web-Application\\Reports\\First-Test-Suite\\20190501_125337\\1556704597889.png]]

2019-05-01 12:56:38 - [MESSAGE][FAILED] - I want to check idea name is a mandatory field FAILED.
Reason:
com.kms.katalon.core.exception.StepFailedException: Unable to verify object 'Object Repository/OOBObjects/IdeasListObjects/IdeaNameMandatoryField' is visible
	at com.kms.katalon.core.webui.keyword.internal.WebUIKeywordMain.stepFailed(WebUIKeywordMain.groovy:64)
	at com.kms.katalon.core.webui.keyword.internal.WebUIKeywordMain.runKeyword(WebUIKeywordMain.groovy:26)
	at com.kms.katalon.core.webui.keyword.builtin.VerifyElementVisibleKeyword.verifyElementVisible(VerifyElementVisibleKeyword.groovy:97)
	at com.kms.katalon.core.webui.keyword.builtin.VerifyElementVisibleKeyword.execute(VerifyElementVisibleKeyword.groovy:67)
	at com.kms.katalon.core.keyword.internal.KeywordExecutor.executeKeywordForPlatform(KeywordExecutor.groovy:56)
	at com.kms.katalon.core.webui.keyword.WebUiBuiltInKeywords.verifyElementVisible(WebUiBuiltInKeywords.groovy:358)
	at com.kms.katalon.core.webui.keyword.WebUiBuiltInKeywords$verifyElementVisible$16.call(Unknown Source)
	at com.pmo.steps.AddIdeaSteps.ideaNameMandatory(AddIdeaSteps.groovy:459)
	at ✽.I want to check idea name is a mandatory field(C:/Users/HP/git/PMO-Web-Application/Include/features/Governance-Module/Add-Idea/006-Check-Mandatory-Fields.feature:14)
Caused by: com.kms.katalon.core.exception.StepFailedException: Web element with id: 'Object Repository/OOBObjects/IdeasListObjects/IdeaNameMandatoryField' located by 'By.xpath: //*[@id='TxtIdeaNameError']/span' not found
	at com.kms.katalon.core.webui.keyword.internal.WebUIKeywordMain.stepFailed(WebUIKeywordMain.groovy:64)
	at com.kms.katalon.core.webui.keyword.builtin.VerifyElementVisibleKeyword$_verifyElementVisible_closure1.doCall(VerifyElementVisibleKeyword.groovy:89)
	at com.kms.katalon.core.webui.keyword.builtin.VerifyElementVisibleKeyword$_verifyElementVisible_closure1.call(VerifyElementVisibleKeyword.groovy)
	at com.kms.katalon.core.webui.keyword.internal.WebUIKeywordMain.runKeyword(WebUIKeywordMain.groovy:20)
	at com.kms.katalon.core.webui.keyword.builtin.VerifyElementVisibleKeyword.verifyElementVisible(VerifyElementVisibleKeyword.groovy:97)
	at com.kms.katalon.core.webui.keyword.builtin.VerifyElementVisibleKeyword.execute(VerifyElementVisibleKeyword.groovy:67)
	at com.kms.katalon.core.keyword.internal.KeywordExecutor.executeKeywordForPlatform(KeywordExecutor.groovy:56)
	at com.kms.katalon.core.webui.keyword.WebUiBuiltInKeywords.verifyElementVisible(WebUiBuiltInKeywords.groovy:358)
	at com.kms.katalon.core.webui.keyword.WebUiBuiltInKeywords$verifyElementVisible$16.call(Unknown Source)
	at com.pmo.steps.AddIdeaSteps.ideaNameMandatory(AddIdeaSteps.groovy:459)
	at cucumber.runtime.Utils$1.call(Utils.java:26)
	at cucumber.runtime.Timeout.timeout(Timeout.java:16)
	at cucumber.runtime.Utils.invoke(Utils.java:20)
	at cucumber.runtime.java.JavaStepDefinition.execute(JavaStepDefinition.java:48)
	at cucumber.runtime.PickleStepDefinitionMatch.runStep(PickleStepDefinitionMatch.java:50)
	at cucumber.runner.TestStep.executeStep(TestStep.java:55)
	at cucumber.runner.TestStep.run(TestStep.java:42)
	at cucumber.runner.PickleStepTestStep.run(PickleStepTestStep.java:53)
	at cucumber.runner.TestCase.run(TestCase.java:47)
	at cucumber.runner.Runner.runPickle(Runner.java:44)
	at cucumber.runtime.Runtime.runFeature(Runtime.java:120)
	at cucumber.runtime.Runtime.run(Runtime.java:106)
	at cucumber.api.cli.Main.run(Main.java:35)
	at cucumber.api.cli.Main$run.call(Unknown Source)
	at com.kms.katalon.core.cucumber.keyword.CucumberBuiltinKeywords$_runFeatureFile_closure1.doCall(CucumberBuiltinKeywords.groovy:76)
	at com.kms.katalon.core.cucumber.keyword.CucumberBuiltinKeywords$_runFeatureFile_closure1.doCall(CucumberBuiltinKeywords.groovy)
	at com.kms.katalon.core.keyword.internal.KeywordMain.runKeyword(KeywordMain.groovy:66)
	at com.kms.katalon.core.keyword.internal.KeywordMain$runKeyword.call(Unknown Source)
	at com.kms.katalon.core.cucumber.keyword.CucumberBuiltinKeywords.runFeatureFile(CucumberBuiltinKeywords.groovy:46)
	at com.kms.katalon.core.cucumber.keyword.CucumberBuiltinKeywords$runFeatureFile$0.callStatic(Unknown Source)
	at com.kms.katalon.core.cucumber.keyword.CucumberBuiltinKeywords.runFeatureFile(CucumberBuiltinKeywords.groovy:101)
	at com.kms.katalon.core.cucumber.keyword.CucumberBuiltinKeywords$runFeatureFile.call(Unknown Source)
	at 006-Check-Mandatory-Fields.run(006-Check-Mandatory-Fields:16)
	at com.kms.katalon.core.main.ScriptEngine.run(ScriptEngine.java:194)
	at com.kms.katalon.core.main.ScriptEngine.runScriptAsRawText(ScriptEngine.java:119)
	at com.kms.katalon.core.main.TestCaseExecutor.runScript(TestCaseExecutor.java:331)
	at com.kms.katalon.core.main.TestCaseExecutor.doExecute(TestCaseExecutor.java:322)
	at com.kms.katalon.core.main.TestCaseExecutor.processExecutionPhase(TestCaseExecutor.java:301)
	at com.kms.katalon.core.main.TestCaseExecutor.accessMainPhase(TestCaseExecutor.java:293)
	at com.kms.katalon.core.main.TestCaseExecutor.execute(TestCaseExecutor.java:227)
	at com.kms.katalon.core.main.TestSuiteExecutor.accessTestCaseMainPhase(TestSuiteExecutor.java:129)
	at com.kms.katalon.core.main.TestSuiteExecutor.accessTestSuiteMainPhase(TestSuiteExecutor.java:112)
	at com.kms.katalon.core.main.TestSuiteExecutor.execute(TestSuiteExecutor.java:81)
	at com.kms.katalon.core.main.TestCaseMain.startTestSuite(TestCaseMain.java:157)
	at com.kms.katalon.core.main.TestCaseMain$startTestSuite$0.call(Unknown Source)
	at TempTestSuite1556704417080.run(TempTestSuite1556704417080.groovy:35)


2019-05-01 12:56:38 - [TEST_STEP][NOT_RUN] - I want to check start date is a mandatory field: I want to check start date is a mandatory field

2019-05-01 12:56:38 - [MESSAGE][NOT_RUN] - I want to check start date is a mandatory field

2019-05-01 12:56:38 - [TEST_STEP][NOT_RUN] - I want to check end date is a mandatory field: I want to check end date is a mandatory field

2019-05-01 12:56:38 - [MESSAGE][NOT_RUN] - I want to check end date is a mandatory field

2019-05-01 12:56:38 - [TEST_STEP][NOT_RUN] - I want to check idea objective is a mandatory field: I want to check idea objective is a mandatory field

2019-05-01 12:56:38 - [MESSAGE][NOT_RUN] - I want to check idea objective is a mandatory field

2019-05-01 12:56:38 - [TEST_STEP][NOT_RUN] - I want to close browser: I want to close browser

2019-05-01 12:56:38 - [MESSAGE][NOT_RUN] - I want to close browser

2019-05-01 12:56:38 - [MESSAGE][FAILED] - Feature file 'Include/features/Governance-Module/Add-Idea/006-Check-Mandatory-Fields.feature' was failed

2019-05-01 12:56:38 - [MESSAGE][FAILED] - Keyword runFeatureFile was failed (Root cause: com.kms.katalon.core.exception.StepFailedException: Feature file 'Include/features/Governance-Module/Add-Idea/006-Check-Mandatory-Fields.feature' was failed
	at com.kms.katalon.core.keyword.internal.KeywordMain.stepFailed(KeywordMain.groovy:48)
	at com.kms.katalon.core.keyword.internal.KeywordMain.stepFailed(KeywordMain.groovy)
	at com.kms.katalon.core.keyword.internal.KeywordMain.stepFailed(KeywordMain.groovy:21)
	at com.kms.katalon.core.keyword.internal.KeywordMain$stepFailed$0.call(Unknown Source)
	at com.kms.katalon.core.cucumber.keyword.CucumberBuiltinKeywords$_runFeatureFile_closure1.doCall(CucumberBuiltinKeywords.groovy:82)
	at com.kms.katalon.core.cucumber.keyword.CucumberBuiltinKeywords$_runFeatureFile_closure1.doCall(CucumberBuiltinKeywords.groovy)
	at com.kms.katalon.core.keyword.internal.KeywordMain.runKeyword(KeywordMain.groovy:66)
	at com.kms.katalon.core.keyword.internal.KeywordMain$runKeyword.call(Unknown Source)
	at com.kms.katalon.core.cucumber.keyword.CucumberBuiltinKeywords.runFeatureFile(CucumberBuiltinKeywords.groovy:46)
	at com.kms.katalon.core.cucumber.keyword.CucumberBuiltinKeywords$runFeatureFile$0.callStatic(Unknown Source)
	at com.kms.katalon.core.cucumber.keyword.CucumberBuiltinKeywords.runFeatureFile(CucumberBuiltinKeywords.groovy:101)
	at com.kms.katalon.core.cucumber.keyword.CucumberBuiltinKeywords$runFeatureFile.call(Unknown Source)
	at 006-Check-Mandatory-Fields.run(006-Check-Mandatory-Fields:16)
	at com.kms.katalon.core.main.ScriptEngine.run(ScriptEngine.java:194)
	at com.kms.katalon.core.main.ScriptEngine.runScriptAsRawText(ScriptEngine.java:119)
	at com.kms.katalon.core.main.TestCaseExecutor.runScript(TestCaseExecutor.java:331)
	at com.kms.katalon.core.main.TestCaseExecutor.doExecute(TestCaseExecutor.java:322)
	at com.kms.katalon.core.main.TestCaseExecutor.processExecutionPhase(TestCaseExecutor.java:301)
	at com.kms.katalon.core.main.TestCaseExecutor.accessMainPhase(TestCaseExecutor.java:293)
	at com.kms.katalon.core.main.TestCaseExecutor.execute(TestCaseExecutor.java:227)
	at com.kms.katalon.core.main.TestSuiteExecutor.accessTestCaseMainPhase(TestSuiteExecutor.java:129)
	at com.kms.katalon.core.main.TestSuiteExecutor.accessTestSuiteMainPhase(TestSuiteExecutor.java:112)
	at com.kms.katalon.core.main.TestSuiteExecutor.execute(TestSuiteExecutor.java:81)
	at com.kms.katalon.core.main.TestCaseMain.startTestSuite(TestCaseMain.java:157)
	at com.kms.katalon.core.main.TestCaseMain$startTestSuite$0.call(Unknown Source)
	at TempTestSuite1556704417080.run(TempTestSuite1556704417080.groovy:35)
)

2019-05-01 12:56:38 - [MESSAGE][FAILED] - runFeatureFile("Include/features/Governance-Module/Add-Idea/006-Check-Mandatory-Fields.feature") FAILED.
Reason:
com.kms.katalon.core.exception.StepFailedException: Feature file 'Include/features/Governance-Module/Add-Idea/006-Check-Mandatory-Fields.feature' was failed
	at com.kms.katalon.core.keyword.internal.KeywordMain.stepFailed(KeywordMain.groovy:48)
	at com.kms.katalon.core.keyword.internal.KeywordMain.stepFailed(KeywordMain.groovy)
	at com.kms.katalon.core.keyword.internal.KeywordMain.stepFailed(KeywordMain.groovy:21)
	at com.kms.katalon.core.keyword.internal.KeywordMain$stepFailed$0.call(Unknown Source)
	at com.kms.katalon.core.cucumber.keyword.CucumberBuiltinKeywords$_runFeatureFile_closure1.doCall(CucumberBuiltinKeywords.groovy:82)
	at com.kms.katalon.core.cucumber.keyword.CucumberBuiltinKeywords$_runFeatureFile_closure1.doCall(CucumberBuiltinKeywords.groovy)
	at com.kms.katalon.core.keyword.internal.KeywordMain.runKeyword(KeywordMain.groovy:66)
	at com.kms.katalon.core.keyword.internal.KeywordMain$runKeyword.call(Unknown Source)
	at com.kms.katalon.core.cucumber.keyword.CucumberBuiltinKeywords.runFeatureFile(CucumberBuiltinKeywords.groovy:46)
	at com.kms.katalon.core.cucumber.keyword.CucumberBuiltinKeywords$runFeatureFile$0.callStatic(Unknown Source)
	at com.kms.katalon.core.cucumber.keyword.CucumberBuiltinKeywords.runFeatureFile(CucumberBuiltinKeywords.groovy:101)
	at com.kms.katalon.core.cucumber.keyword.CucumberBuiltinKeywords$runFeatureFile.call(Unknown Source)
	at 006-Check-Mandatory-Fields.run(006-Check-Mandatory-Fields:16)
	at com.kms.katalon.core.main.ScriptEngine.run(ScriptEngine.java:194)
	at com.kms.katalon.core.main.ScriptEngine.runScriptAsRawText(ScriptEngine.java:119)
	at com.kms.katalon.core.main.TestCaseExecutor.runScript(TestCaseExecutor.java:331)
	at com.kms.katalon.core.main.TestCaseExecutor.doExecute(TestCaseExecutor.java:322)
	at com.kms.katalon.core.main.TestCaseExecutor.processExecutionPhase(TestCaseExecutor.java:301)
	at com.kms.katalon.core.main.TestCaseExecutor.accessMainPhase(TestCaseExecutor.java:293)
	at com.kms.katalon.core.main.TestCaseExecutor.execute(TestCaseExecutor.java:227)
	at com.kms.katalon.core.main.TestSuiteExecutor.accessTestCaseMainPhase(TestSuiteExecutor.java:129)
	at com.kms.katalon.core.main.TestSuiteExecutor.accessTestSuiteMainPhase(TestSuiteExecutor.java:112)
	at com.kms.katalon.core.main.TestSuiteExecutor.execute(TestSuiteExecutor.java:81)
	at com.kms.katalon.core.main.TestCaseMain.startTestSuite(TestCaseMain.java:157)
	at com.kms.katalon.core.main.TestCaseMain$startTestSuite$0.call(Unknown Source)
	at TempTestSuite1556704417080.run(TempTestSuite1556704417080.groovy:35)]]></system-out>
         <system-err><![CDATA[2019-05-01 12:55:42 - [TEST_CASE][FAILED] - Test Cases/Main-Test-Cases/006-Check-Mandatory-Fields: Test Cases/Main-Test-Cases/006-Check-Mandatory-Fields FAILED.
Reason:
com.kms.katalon.core.exception.StepFailedException: Feature file 'Include/features/Governance-Module/Add-Idea/006-Check-Mandatory-Fields.feature' was failed
	at com.kms.katalon.core.keyword.internal.KeywordMain.stepFailed(KeywordMain.groovy:48)
	at com.kms.katalon.core.keyword.internal.KeywordMain.stepFailed(KeywordMain.groovy)
	at com.kms.katalon.core.keyword.internal.KeywordMain.stepFailed(KeywordMain.groovy:21)
	at com.kms.katalon.core.keyword.internal.KeywordMain$stepFailed$0.call(Unknown Source)
	at com.kms.katalon.core.cucumber.keyword.CucumberBuiltinKeywords$_runFeatureFile_closure1.doCall(CucumberBuiltinKeywords.groovy:82)
	at com.kms.katalon.core.cucumber.keyword.CucumberBuiltinKeywords$_runFeatureFile_closure1.doCall(CucumberBuiltinKeywords.groovy)
	at com.kms.katalon.core.keyword.internal.KeywordMain.runKeyword(KeywordMain.groovy:66)
	at com.kms.katalon.core.keyword.internal.KeywordMain$runKeyword.call(Unknown Source)
	at com.kms.katalon.core.cucumber.keyword.CucumberBuiltinKeywords.runFeatureFile(CucumberBuiltinKeywords.groovy:46)
	at com.kms.katalon.core.cucumber.keyword.CucumberBuiltinKeywords$runFeatureFile$0.callStatic(Unknown Source)
	at com.kms.katalon.core.cucumber.keyword.CucumberBuiltinKeywords.runFeatureFile(CucumberBuiltinKeywords.groovy:101)
	at com.kms.katalon.core.cucumber.keyword.CucumberBuiltinKeywords$runFeatureFile.call(Unknown Source)
	at 006-Check-Mandatory-Fields.run(006-Check-Mandatory-Fields:16)
	at com.kms.katalon.core.main.ScriptEngine.run(ScriptEngine.java:194)
	at com.kms.katalon.core.main.ScriptEngine.runScriptAsRawText(ScriptEngine.java:119)
	at com.kms.katalon.core.main.TestCaseExecutor.runScript(TestCaseExecutor.java:331)
	at com.kms.katalon.core.main.TestCaseExecutor.doExecute(TestCaseExecutor.java:322)
	at com.kms.katalon.core.main.TestCaseExecutor.processExecutionPhase(TestCaseExecutor.java:301)
	at com.kms.katalon.core.main.TestCaseExecutor.accessMainPhase(TestCaseExecutor.java:293)
	at com.kms.katalon.core.main.TestCaseExecutor.execute(TestCaseExecutor.java:227)
	at com.kms.katalon.core.main.TestSuiteExecutor.accessTestCaseMainPhase(TestSuiteExecutor.java:129)
	at com.kms.katalon.core.main.TestSuiteExecutor.accessTestSuiteMainPhase(TestSuiteExecutor.java:112)
	at com.kms.katalon.core.main.TestSuiteExecutor.execute(TestSuiteExecutor.java:81)
	at com.kms.katalon.core.main.TestCaseMain.startTestSuite(TestCaseMain.java:157)
	at com.kms.katalon.core.main.TestCaseMain$startTestSuite$0.call(Unknown Source)
	at TempTestSuite1556704417080.run(TempTestSuite1556704417080.groovy:35)]]></system-err>
      </testcase>
      <testcase name="Test Cases/Main-Test-Cases/007-Check-Optional-Fields" classname="Test Cases/Main-Test-Cases/007-Check-Optional-Fields" status="FAILED">
         <failure type="FAILED" message="Test Cases/Main-Test-Cases/007-Check-Optional-Fields FAILED.
Reason:
com.kms.katalon.core.exception.StepFailedException: Keyword runFeatureFile was failed (Root cause: java.lang.IllegalArgumentException: Not a file or directory: C:\Users\HP\git\PMO-Web-Application\Include\features\Governance-Module\Add-Idea\007-Check-Optional-Fields.feature
	at cucumber.runtime.io.FileResourceIterator$FileIterator.&lt;init>(FileResourceIterator.java:63)
	at cucumber.runtime.io.FileResourceIterator.&lt;init>(FileResourceIterator.java:28)
	at cucumber.runtime.io.FileResourceIterator.createFileResourceIterator(FileResourceIterator.java:14)
	at cucumber.runtime.io.FileResourceIterable.iterator(FileResourceIterable.java:19)
	at cucumber.runtime.model.CucumberFeature.loadFromFeaturePath(CucumberFeature.java:111)
	at cucumber.runtime.model.CucumberFeature.load(CucumberFeature.java:48)
	at cucumber.runtime.model.CucumberFeature.load(CucumberFeature.java:30)
	at cucumber.runtime.RuntimeOptions.cucumberFeatures(RuntimeOptions.java:305)
	at cucumber.runtime.Runtime.run(Runtime.java:97)
	at cucumber.api.cli.Main.run(Main.java:35)
	at cucumber.api.cli.Main$run.call(Unknown Source)
	at com.kms.katalon.core.cucumber.keyword.CucumberBuiltinKeywords$_runFeatureFile_closure1.doCall(CucumberBuiltinKeywords.groovy:76)
	at com.kms.katalon.core.cucumber.keyword.CucumberBuiltinKeywords$_runFeatureFile_closure1.doCall(CucumberBuiltinKeywords.groovy)
	at com.kms.katalon.core.keyword.internal.KeywordMain.runKeyword(KeywordMain.groovy:66)
	at com.kms.katalon.core.keyword.internal.KeywordMain$runKeyword.call(Unknown Source)
	at com.kms.katalon.core.cucumber.keyword.CucumberBuiltinKeywords.runFeatureFile(CucumberBuiltinKeywords.groovy:46)
	at com.kms.katalon.core.cucumber.keyword.CucumberBuiltinKeywords$runFeatureFile$0.callStatic(Unknown Source)
	at com.kms.katalon.core.cucumber.keyword.CucumberBuiltinKeywords.runFeatureFile(CucumberBuiltinKeywords.groovy:101)
	at com.kms.katalon.core.cucumber.keyword.CucumberBuiltinKeywords$runFeatureFile.call(Unknown Source)
	at 007-Check-Optional-Fields.run(007-Check-Optional-Fields:16)
	at com.kms.katalon.core.main.ScriptEngine.run(ScriptEngine.java:194)
	at com.kms.katalon.core.main.ScriptEngine.runScriptAsRawText(ScriptEngine.java:119)
	at com.kms.katalon.core.main.TestCaseExecutor.runScript(TestCaseExecutor.java:331)
	at com.kms.katalon.core.main.TestCaseExecutor.doExecute(TestCaseExecutor.java:322)
	at com.kms.katalon.core.main.TestCaseExecutor.processExecutionPhase(TestCaseExecutor.java:301)
	at com.kms.katalon.core.main.TestCaseExecutor.accessMainPhase(TestCaseExecutor.java:293)
	at com.kms.katalon.core.main.TestCaseExecutor.execute(TestCaseExecutor.java:227)
	at com.kms.katalon.core.main.TestSuiteExecutor.accessTestCaseMainPhase(TestSuiteExecutor.java:129)
	at com.kms.katalon.core.main.TestSuiteExecutor.accessTestSuiteMainPhase(TestSuiteExecutor.java:112)
	at com.kms.katalon.core.main.TestSuiteExecutor.execute(TestSuiteExecutor.java:81)
	at com.kms.katalon.core.main.TestCaseMain.startTestSuite(TestCaseMain.java:157)
	at com.kms.katalon.core.main.TestCaseMain$startTestSuite$0.call(Unknown Source)
	at TempTestSuite1556704417080.run(TempTestSuite1556704417080.groovy:35)
)
	at com.kms.katalon.core.keyword.internal.KeywordMain.stepFailed(KeywordMain.groovy:48)
	at com.kms.katalon.core.keyword.internal.KeywordMain.stepFailed(KeywordMain.groovy)
	at com.kms.katalon.core.keyword.internal.KeywordMain.runKeyword(KeywordMain.groovy:68)
	at com.kms.katalon.core.keyword.internal.KeywordMain$runKeyword.call(Unknown Source)
	at com.kms.katalon.core.cucumber.keyword.CucumberBuiltinKeywords.runFeatureFile(CucumberBuiltinKeywords.groovy:46)
	at com.kms.katalon.core.cucumber.keyword.CucumberBuiltinKeywords$runFeatureFile$0.callStatic(Unknown Source)
	at com.kms.katalon.core.cucumber.keyword.CucumberBuiltinKeywords.runFeatureFile(CucumberBuiltinKeywords.groovy:101)
	at com.kms.katalon.core.cucumber.keyword.CucumberBuiltinKeywords$runFeatureFile.call(Unknown Source)
	at 007-Check-Optional-Fields.run(007-Check-Optional-Fields:16)
	at com.kms.katalon.core.main.ScriptEngine.run(ScriptEngine.java:194)
	at com.kms.katalon.core.main.ScriptEngine.runScriptAsRawText(ScriptEngine.java:119)
	at com.kms.katalon.core.main.TestCaseExecutor.runScript(TestCaseExecutor.java:331)
	at com.kms.katalon.core.main.TestCaseExecutor.doExecute(TestCaseExecutor.java:322)
	at com.kms.katalon.core.main.TestCaseExecutor.processExecutionPhase(TestCaseExecutor.java:301)
	at com.kms.katalon.core.main.TestCaseExecutor.accessMainPhase(TestCaseExecutor.java:293)
	at com.kms.katalon.core.main.TestCaseExecutor.execute(TestCaseExecutor.java:227)
	at com.kms.katalon.core.main.TestSuiteExecutor.accessTestCaseMainPhase(TestSuiteExecutor.java:129)
	at com.kms.katalon.core.main.TestSuiteExecutor.accessTestSuiteMainPhase(TestSuiteExecutor.java:112)
	at com.kms.katalon.core.main.TestSuiteExecutor.execute(TestSuiteExecutor.java:81)
	at com.kms.katalon.core.main.TestCaseMain.startTestSuite(TestCaseMain.java:157)
	at com.kms.katalon.core.main.TestCaseMain$startTestSuite$0.call(Unknown Source)
	at TempTestSuite1556704417080.run(TempTestSuite1556704417080.groovy:35)
Caused by: java.lang.IllegalArgumentException: Not a file or directory: C:\Users\HP\git\PMO-Web-Application\Include\features\Governance-Module\Add-Idea\007-Check-Optional-Fields.feature
	at cucumber.runtime.io.FileResourceIterator$FileIterator.&lt;init>(FileResourceIterator.java:63)
	at cucumber.runtime.io.FileResourceIterator.&lt;init>(FileResourceIterator.java:28)
	at cucumber.runtime.io.FileResourceIterator.createFileResourceIterator(FileResourceIterator.java:14)
	at cucumber.runtime.io.FileResourceIterable.iterator(FileResourceIterable.java:19)
	at cucumber.runtime.model.CucumberFeature.loadFromFeaturePath(CucumberFeature.java:111)
	at cucumber.runtime.model.CucumberFeature.load(CucumberFeature.java:48)
	at cucumber.runtime.model.CucumberFeature.load(CucumberFeature.java:30)
	at cucumber.runtime.RuntimeOptions.cucumberFeatures(RuntimeOptions.java:305)
	at cucumber.runtime.Runtime.run(Runtime.java:97)
	at cucumber.api.cli.Main.run(Main.java:35)
	at cucumber.api.cli.Main$run.call(Unknown Source)
	at com.kms.katalon.core.cucumber.keyword.CucumberBuiltinKeywords$_runFeatureFile_closure1.doCall(CucumberBuiltinKeywords.groovy:76)
	at com.kms.katalon.core.cucumber.keyword.CucumberBuiltinKeywords$_runFeatureFile_closure1.doCall(CucumberBuiltinKeywords.groovy)
	at com.kms.katalon.core.keyword.internal.KeywordMain.runKeyword(KeywordMain.groovy:66)
	... 19 more
"/>
         <system-out><![CDATA[2019-05-01 12:56:38 - [TEST_CASE][FAILED] - Test Cases/Main-Test-Cases/007-Check-Optional-Fields: Test Cases/Main-Test-Cases/007-Check-Optional-Fields FAILED.
Reason:
com.kms.katalon.core.exception.StepFailedException: Keyword runFeatureFile was failed (Root cause: java.lang.IllegalArgumentException: Not a file or directory: C:\Users\HP\git\PMO-Web-Application\Include\features\Governance-Module\Add-Idea\007-Check-Optional-Fields.feature
	at cucumber.runtime.io.FileResourceIterator$FileIterator.<init>(FileResourceIterator.java:63)
	at cucumber.runtime.io.FileResourceIterator.<init>(FileResourceIterator.java:28)
	at cucumber.runtime.io.FileResourceIterator.createFileResourceIterator(FileResourceIterator.java:14)
	at cucumber.runtime.io.FileResourceIterable.iterator(FileResourceIterable.java:19)
	at cucumber.runtime.model.CucumberFeature.loadFromFeaturePath(CucumberFeature.java:111)
	at cucumber.runtime.model.CucumberFeature.load(CucumberFeature.java:48)
	at cucumber.runtime.model.CucumberFeature.load(CucumberFeature.java:30)
	at cucumber.runtime.RuntimeOptions.cucumberFeatures(RuntimeOptions.java:305)
	at cucumber.runtime.Runtime.run(Runtime.java:97)
	at cucumber.api.cli.Main.run(Main.java:35)
	at cucumber.api.cli.Main$run.call(Unknown Source)
	at com.kms.katalon.core.cucumber.keyword.CucumberBuiltinKeywords$_runFeatureFile_closure1.doCall(CucumberBuiltinKeywords.groovy:76)
	at com.kms.katalon.core.cucumber.keyword.CucumberBuiltinKeywords$_runFeatureFile_closure1.doCall(CucumberBuiltinKeywords.groovy)
	at com.kms.katalon.core.keyword.internal.KeywordMain.runKeyword(KeywordMain.groovy:66)
	at com.kms.katalon.core.keyword.internal.KeywordMain$runKeyword.call(Unknown Source)
	at com.kms.katalon.core.cucumber.keyword.CucumberBuiltinKeywords.runFeatureFile(CucumberBuiltinKeywords.groovy:46)
	at com.kms.katalon.core.cucumber.keyword.CucumberBuiltinKeywords$runFeatureFile$0.callStatic(Unknown Source)
	at com.kms.katalon.core.cucumber.keyword.CucumberBuiltinKeywords.runFeatureFile(CucumberBuiltinKeywords.groovy:101)
	at com.kms.katalon.core.cucumber.keyword.CucumberBuiltinKeywords$runFeatureFile.call(Unknown Source)
	at 007-Check-Optional-Fields.run(007-Check-Optional-Fields:16)
	at com.kms.katalon.core.main.ScriptEngine.run(ScriptEngine.java:194)
	at com.kms.katalon.core.main.ScriptEngine.runScriptAsRawText(ScriptEngine.java:119)
	at com.kms.katalon.core.main.TestCaseExecutor.runScript(TestCaseExecutor.java:331)
	at com.kms.katalon.core.main.TestCaseExecutor.doExecute(TestCaseExecutor.java:322)
	at com.kms.katalon.core.main.TestCaseExecutor.processExecutionPhase(TestCaseExecutor.java:301)
	at com.kms.katalon.core.main.TestCaseExecutor.accessMainPhase(TestCaseExecutor.java:293)
	at com.kms.katalon.core.main.TestCaseExecutor.execute(TestCaseExecutor.java:227)
	at com.kms.katalon.core.main.TestSuiteExecutor.accessTestCaseMainPhase(TestSuiteExecutor.java:129)
	at com.kms.katalon.core.main.TestSuiteExecutor.accessTestSuiteMainPhase(TestSuiteExecutor.java:112)
	at com.kms.katalon.core.main.TestSuiteExecutor.execute(TestSuiteExecutor.java:81)
	at com.kms.katalon.core.main.TestCaseMain.startTestSuite(TestCaseMain.java:157)
	at com.kms.katalon.core.main.TestCaseMain$startTestSuite$0.call(Unknown Source)
	at TempTestSuite1556704417080.run(TempTestSuite1556704417080.groovy:35)
)
	at com.kms.katalon.core.keyword.internal.KeywordMain.stepFailed(KeywordMain.groovy:48)
	at com.kms.katalon.core.keyword.internal.KeywordMain.stepFailed(KeywordMain.groovy)
	at com.kms.katalon.core.keyword.internal.KeywordMain.runKeyword(KeywordMain.groovy:68)
	at com.kms.katalon.core.keyword.internal.KeywordMain$runKeyword.call(Unknown Source)
	at com.kms.katalon.core.cucumber.keyword.CucumberBuiltinKeywords.runFeatureFile(CucumberBuiltinKeywords.groovy:46)
	at com.kms.katalon.core.cucumber.keyword.CucumberBuiltinKeywords$runFeatureFile$0.callStatic(Unknown Source)
	at com.kms.katalon.core.cucumber.keyword.CucumberBuiltinKeywords.runFeatureFile(CucumberBuiltinKeywords.groovy:101)
	at com.kms.katalon.core.cucumber.keyword.CucumberBuiltinKeywords$runFeatureFile.call(Unknown Source)
	at 007-Check-Optional-Fields.run(007-Check-Optional-Fields:16)
	at com.kms.katalon.core.main.ScriptEngine.run(ScriptEngine.java:194)
	at com.kms.katalon.core.main.ScriptEngine.runScriptAsRawText(ScriptEngine.java:119)
	at com.kms.katalon.core.main.TestCaseExecutor.runScript(TestCaseExecutor.java:331)
	at com.kms.katalon.core.main.TestCaseExecutor.doExecute(TestCaseExecutor.java:322)
	at com.kms.katalon.core.main.TestCaseExecutor.processExecutionPhase(TestCaseExecutor.java:301)
	at com.kms.katalon.core.main.TestCaseExecutor.accessMainPhase(TestCaseExecutor.java:293)
	at com.kms.katalon.core.main.TestCaseExecutor.execute(TestCaseExecutor.java:227)
	at com.kms.katalon.core.main.TestSuiteExecutor.accessTestCaseMainPhase(TestSuiteExecutor.java:129)
	at com.kms.katalon.core.main.TestSuiteExecutor.accessTestSuiteMainPhase(TestSuiteExecutor.java:112)
	at com.kms.katalon.core.main.TestSuiteExecutor.execute(TestSuiteExecutor.java:81)
	at com.kms.katalon.core.main.TestCaseMain.startTestSuite(TestCaseMain.java:157)
	at com.kms.katalon.core.main.TestCaseMain$startTestSuite$0.call(Unknown Source)
	at TempTestSuite1556704417080.run(TempTestSuite1556704417080.groovy:35)
Caused by: java.lang.IllegalArgumentException: Not a file or directory: C:\Users\HP\git\PMO-Web-Application\Include\features\Governance-Module\Add-Idea\007-Check-Optional-Fields.feature
	at cucumber.runtime.io.FileResourceIterator$FileIterator.<init>(FileResourceIterator.java:63)
	at cucumber.runtime.io.FileResourceIterator.<init>(FileResourceIterator.java:28)
	at cucumber.runtime.io.FileResourceIterator.createFileResourceIterator(FileResourceIterator.java:14)
	at cucumber.runtime.io.FileResourceIterable.iterator(FileResourceIterable.java:19)
	at cucumber.runtime.model.CucumberFeature.loadFromFeaturePath(CucumberFeature.java:111)
	at cucumber.runtime.model.CucumberFeature.load(CucumberFeature.java:48)
	at cucumber.runtime.model.CucumberFeature.load(CucumberFeature.java:30)
	at cucumber.runtime.RuntimeOptions.cucumberFeatures(RuntimeOptions.java:305)
	at cucumber.runtime.Runtime.run(Runtime.java:97)
	at cucumber.api.cli.Main.run(Main.java:35)
	at cucumber.api.cli.Main$run.call(Unknown Source)
	at com.kms.katalon.core.cucumber.keyword.CucumberBuiltinKeywords$_runFeatureFile_closure1.doCall(CucumberBuiltinKeywords.groovy:76)
	at com.kms.katalon.core.cucumber.keyword.CucumberBuiltinKeywords$_runFeatureFile_closure1.doCall(CucumberBuiltinKeywords.groovy)
	at com.kms.katalon.core.keyword.internal.KeywordMain.runKeyword(KeywordMain.groovy:66)
	... 19 more


2019-05-01 12:56:38 - [TEST_STEP][FAILED] - runFeatureFile("Include/features/Governance-Module/Add-Idea/007-Check-Optional-Fields.feature"): runFeatureFile("Include/features/Governance-Module/Add-Idea/007-Check-Optional-Fields.feature") FAILED.
Reason:
com.kms.katalon.core.exception.StepFailedException: Keyword runFeatureFile was failed (Root cause: java.lang.IllegalArgumentException: Not a file or directory: C:\Users\HP\git\PMO-Web-Application\Include\features\Governance-Module\Add-Idea\007-Check-Optional-Fields.feature
	at cucumber.runtime.io.FileResourceIterator$FileIterator.<init>(FileResourceIterator.java:63)
	at cucumber.runtime.io.FileResourceIterator.<init>(FileResourceIterator.java:28)
	at cucumber.runtime.io.FileResourceIterator.createFileResourceIterator(FileResourceIterator.java:14)
	at cucumber.runtime.io.FileResourceIterable.iterator(FileResourceIterable.java:19)
	at cucumber.runtime.model.CucumberFeature.loadFromFeaturePath(CucumberFeature.java:111)
	at cucumber.runtime.model.CucumberFeature.load(CucumberFeature.java:48)
	at cucumber.runtime.model.CucumberFeature.load(CucumberFeature.java:30)
	at cucumber.runtime.RuntimeOptions.cucumberFeatures(RuntimeOptions.java:305)
	at cucumber.runtime.Runtime.run(Runtime.java:97)
	at cucumber.api.cli.Main.run(Main.java:35)
	at cucumber.api.cli.Main$run.call(Unknown Source)
	at com.kms.katalon.core.cucumber.keyword.CucumberBuiltinKeywords$_runFeatureFile_closure1.doCall(CucumberBuiltinKeywords.groovy:76)
	at com.kms.katalon.core.cucumber.keyword.CucumberBuiltinKeywords$_runFeatureFile_closure1.doCall(CucumberBuiltinKeywords.groovy)
	at com.kms.katalon.core.keyword.internal.KeywordMain.runKeyword(KeywordMain.groovy:66)
	at com.kms.katalon.core.keyword.internal.KeywordMain$runKeyword.call(Unknown Source)
	at com.kms.katalon.core.cucumber.keyword.CucumberBuiltinKeywords.runFeatureFile(CucumberBuiltinKeywords.groovy:46)
	at com.kms.katalon.core.cucumber.keyword.CucumberBuiltinKeywords$runFeatureFile$0.callStatic(Unknown Source)
	at com.kms.katalon.core.cucumber.keyword.CucumberBuiltinKeywords.runFeatureFile(CucumberBuiltinKeywords.groovy:101)
	at com.kms.katalon.core.cucumber.keyword.CucumberBuiltinKeywords$runFeatureFile.call(Unknown Source)
	at 007-Check-Optional-Fields.run(007-Check-Optional-Fields:16)
	at com.kms.katalon.core.main.ScriptEngine.run(ScriptEngine.java:194)
	at com.kms.katalon.core.main.ScriptEngine.runScriptAsRawText(ScriptEngine.java:119)
	at com.kms.katalon.core.main.TestCaseExecutor.runScript(TestCaseExecutor.java:331)
	at com.kms.katalon.core.main.TestCaseExecutor.doExecute(TestCaseExecutor.java:322)
	at com.kms.katalon.core.main.TestCaseExecutor.processExecutionPhase(TestCaseExecutor.java:301)
	at com.kms.katalon.core.main.TestCaseExecutor.accessMainPhase(TestCaseExecutor.java:293)
	at com.kms.katalon.core.main.TestCaseExecutor.execute(TestCaseExecutor.java:227)
	at com.kms.katalon.core.main.TestSuiteExecutor.accessTestCaseMainPhase(TestSuiteExecutor.java:129)
	at com.kms.katalon.core.main.TestSuiteExecutor.accessTestSuiteMainPhase(TestSuiteExecutor.java:112)
	at com.kms.katalon.core.main.TestSuiteExecutor.execute(TestSuiteExecutor.java:81)
	at com.kms.katalon.core.main.TestCaseMain.startTestSuite(TestCaseMain.java:157)
	at com.kms.katalon.core.main.TestCaseMain$startTestSuite$0.call(Unknown Source)
	at TempTestSuite1556704417080.run(TempTestSuite1556704417080.groovy:35)
)
	at com.kms.katalon.core.keyword.internal.KeywordMain.stepFailed(KeywordMain.groovy:48)
	at com.kms.katalon.core.keyword.internal.KeywordMain.stepFailed(KeywordMain.groovy)
	at com.kms.katalon.core.keyword.internal.KeywordMain.runKeyword(KeywordMain.groovy:68)
	at com.kms.katalon.core.keyword.internal.KeywordMain$runKeyword.call(Unknown Source)
	at com.kms.katalon.core.cucumber.keyword.CucumberBuiltinKeywords.runFeatureFile(CucumberBuiltinKeywords.groovy:46)
	at com.kms.katalon.core.cucumber.keyword.CucumberBuiltinKeywords$runFeatureFile$0.callStatic(Unknown Source)
	at com.kms.katalon.core.cucumber.keyword.CucumberBuiltinKeywords.runFeatureFile(CucumberBuiltinKeywords.groovy:101)
	at com.kms.katalon.core.cucumber.keyword.CucumberBuiltinKeywords$runFeatureFile.call(Unknown Source)
	at 007-Check-Optional-Fields.run(007-Check-Optional-Fields:16)
	at com.kms.katalon.core.main.ScriptEngine.run(ScriptEngine.java:194)
	at com.kms.katalon.core.main.ScriptEngine.runScriptAsRawText(ScriptEngine.java:119)
	at com.kms.katalon.core.main.TestCaseExecutor.runScript(TestCaseExecutor.java:331)
	at com.kms.katalon.core.main.TestCaseExecutor.doExecute(TestCaseExecutor.java:322)
	at com.kms.katalon.core.main.TestCaseExecutor.processExecutionPhase(TestCaseExecutor.java:301)
	at com.kms.katalon.core.main.TestCaseExecutor.accessMainPhase(TestCaseExecutor.java:293)
	at com.kms.katalon.core.main.TestCaseExecutor.execute(TestCaseExecutor.java:227)
	at com.kms.katalon.core.main.TestSuiteExecutor.accessTestCaseMainPhase(TestSuiteExecutor.java:129)
	at com.kms.katalon.core.main.TestSuiteExecutor.accessTestSuiteMainPhase(TestSuiteExecutor.java:112)
	at com.kms.katalon.core.main.TestSuiteExecutor.execute(TestSuiteExecutor.java:81)
	at com.kms.katalon.core.main.TestCaseMain.startTestSuite(TestCaseMain.java:157)
	at com.kms.katalon.core.main.TestCaseMain$startTestSuite$0.call(Unknown Source)
	at TempTestSuite1556704417080.run(TempTestSuite1556704417080.groovy:35)
Caused by: java.lang.IllegalArgumentException: Not a file or directory: C:\Users\HP\git\PMO-Web-Application\Include\features\Governance-Module\Add-Idea\007-Check-Optional-Fields.feature
	at cucumber.runtime.io.FileResourceIterator$FileIterator.<init>(FileResourceIterator.java:63)
	at cucumber.runtime.io.FileResourceIterator.<init>(FileResourceIterator.java:28)
	at cucumber.runtime.io.FileResourceIterator.createFileResourceIterator(FileResourceIterator.java:14)
	at cucumber.runtime.io.FileResourceIterable.iterator(FileResourceIterable.java:19)
	at cucumber.runtime.model.CucumberFeature.loadFromFeaturePath(CucumberFeature.java:111)
	at cucumber.runtime.model.CucumberFeature.load(CucumberFeature.java:48)
	at cucumber.runtime.model.CucumberFeature.load(CucumberFeature.java:30)
	at cucumber.runtime.RuntimeOptions.cucumberFeatures(RuntimeOptions.java:305)
	at cucumber.runtime.Runtime.run(Runtime.java:97)
	at cucumber.api.cli.Main.run(Main.java:35)
	at cucumber.api.cli.Main$run.call(Unknown Source)
	at com.kms.katalon.core.cucumber.keyword.CucumberBuiltinKeywords$_runFeatureFile_closure1.doCall(CucumberBuiltinKeywords.groovy:76)
	at com.kms.katalon.core.cucumber.keyword.CucumberBuiltinKeywords$_runFeatureFile_closure1.doCall(CucumberBuiltinKeywords.groovy)
	at com.kms.katalon.core.keyword.internal.KeywordMain.runKeyword(KeywordMain.groovy:66)
	... 19 more


2019-05-01 12:56:38 - [MESSAGE][INFO] - Starting run keyword runFeatureFile: 'Include/features/Governance-Module/Add-Idea/007-Check-Optional-Fields.feature' and extract report to folder: 'C:\Users\HP\git\PMO-Web-Application\Reports\First-Test-Suite\20190501_125337/cucumber_report/1556704598301'...

2019-05-01 12:56:38 - [MESSAGE][FAILED] - Keyword runFeatureFile was failed (Root cause: java.lang.IllegalArgumentException: Not a file or directory: C:\Users\HP\git\PMO-Web-Application\Include\features\Governance-Module\Add-Idea\007-Check-Optional-Fields.feature
	at cucumber.runtime.io.FileResourceIterator$FileIterator.<init>(FileResourceIterator.java:63)
	at cucumber.runtime.io.FileResourceIterator.<init>(FileResourceIterator.java:28)
	at cucumber.runtime.io.FileResourceIterator.createFileResourceIterator(FileResourceIterator.java:14)
	at cucumber.runtime.io.FileResourceIterable.iterator(FileResourceIterable.java:19)
	at cucumber.runtime.model.CucumberFeature.loadFromFeaturePath(CucumberFeature.java:111)
	at cucumber.runtime.model.CucumberFeature.load(CucumberFeature.java:48)
	at cucumber.runtime.model.CucumberFeature.load(CucumberFeature.java:30)
	at cucumber.runtime.RuntimeOptions.cucumberFeatures(RuntimeOptions.java:305)
	at cucumber.runtime.Runtime.run(Runtime.java:97)
	at cucumber.api.cli.Main.run(Main.java:35)
	at cucumber.api.cli.Main$run.call(Unknown Source)
	at com.kms.katalon.core.cucumber.keyword.CucumberBuiltinKeywords$_runFeatureFile_closure1.doCall(CucumberBuiltinKeywords.groovy:76)
	at com.kms.katalon.core.cucumber.keyword.CucumberBuiltinKeywords$_runFeatureFile_closure1.doCall(CucumberBuiltinKeywords.groovy)
	at com.kms.katalon.core.keyword.internal.KeywordMain.runKeyword(KeywordMain.groovy:66)
	at com.kms.katalon.core.keyword.internal.KeywordMain$runKeyword.call(Unknown Source)
	at com.kms.katalon.core.cucumber.keyword.CucumberBuiltinKeywords.runFeatureFile(CucumberBuiltinKeywords.groovy:46)
	at com.kms.katalon.core.cucumber.keyword.CucumberBuiltinKeywords$runFeatureFile$0.callStatic(Unknown Source)
	at com.kms.katalon.core.cucumber.keyword.CucumberBuiltinKeywords.runFeatureFile(CucumberBuiltinKeywords.groovy:101)
	at com.kms.katalon.core.cucumber.keyword.CucumberBuiltinKeywords$runFeatureFile.call(Unknown Source)
	at 007-Check-Optional-Fields.run(007-Check-Optional-Fields:16)
	at com.kms.katalon.core.main.ScriptEngine.run(ScriptEngine.java:194)
	at com.kms.katalon.core.main.ScriptEngine.runScriptAsRawText(ScriptEngine.java:119)
	at com.kms.katalon.core.main.TestCaseExecutor.runScript(TestCaseExecutor.java:331)
	at com.kms.katalon.core.main.TestCaseExecutor.doExecute(TestCaseExecutor.java:322)
	at com.kms.katalon.core.main.TestCaseExecutor.processExecutionPhase(TestCaseExecutor.java:301)
	at com.kms.katalon.core.main.TestCaseExecutor.accessMainPhase(TestCaseExecutor.java:293)
	at com.kms.katalon.core.main.TestCaseExecutor.execute(TestCaseExecutor.java:227)
	at com.kms.katalon.core.main.TestSuiteExecutor.accessTestCaseMainPhase(TestSuiteExecutor.java:129)
	at com.kms.katalon.core.main.TestSuiteExecutor.accessTestSuiteMainPhase(TestSuiteExecutor.java:112)
	at com.kms.katalon.core.main.TestSuiteExecutor.execute(TestSuiteExecutor.java:81)
	at com.kms.katalon.core.main.TestCaseMain.startTestSuite(TestCaseMain.java:157)
	at com.kms.katalon.core.main.TestCaseMain$startTestSuite$0.call(Unknown Source)
	at TempTestSuite1556704417080.run(TempTestSuite1556704417080.groovy:35)
)

2019-05-01 12:56:38 - [MESSAGE][FAILED] - runFeatureFile("Include/features/Governance-Module/Add-Idea/007-Check-Optional-Fields.feature") FAILED.
Reason:
com.kms.katalon.core.exception.StepFailedException: Keyword runFeatureFile was failed (Root cause: java.lang.IllegalArgumentException: Not a file or directory: C:\Users\HP\git\PMO-Web-Application\Include\features\Governance-Module\Add-Idea\007-Check-Optional-Fields.feature
	at cucumber.runtime.io.FileResourceIterator$FileIterator.<init>(FileResourceIterator.java:63)
	at cucumber.runtime.io.FileResourceIterator.<init>(FileResourceIterator.java:28)
	at cucumber.runtime.io.FileResourceIterator.createFileResourceIterator(FileResourceIterator.java:14)
	at cucumber.runtime.io.FileResourceIterable.iterator(FileResourceIterable.java:19)
	at cucumber.runtime.model.CucumberFeature.loadFromFeaturePath(CucumberFeature.java:111)
	at cucumber.runtime.model.CucumberFeature.load(CucumberFeature.java:48)
	at cucumber.runtime.model.CucumberFeature.load(CucumberFeature.java:30)
	at cucumber.runtime.RuntimeOptions.cucumberFeatures(RuntimeOptions.java:305)
	at cucumber.runtime.Runtime.run(Runtime.java:97)
	at cucumber.api.cli.Main.run(Main.java:35)
	at cucumber.api.cli.Main$run.call(Unknown Source)
	at com.kms.katalon.core.cucumber.keyword.CucumberBuiltinKeywords$_runFeatureFile_closure1.doCall(CucumberBuiltinKeywords.groovy:76)
	at com.kms.katalon.core.cucumber.keyword.CucumberBuiltinKeywords$_runFeatureFile_closure1.doCall(CucumberBuiltinKeywords.groovy)
	at com.kms.katalon.core.keyword.internal.KeywordMain.runKeyword(KeywordMain.groovy:66)
	at com.kms.katalon.core.keyword.internal.KeywordMain$runKeyword.call(Unknown Source)
	at com.kms.katalon.core.cucumber.keyword.CucumberBuiltinKeywords.runFeatureFile(CucumberBuiltinKeywords.groovy:46)
	at com.kms.katalon.core.cucumber.keyword.CucumberBuiltinKeywords$runFeatureFile$0.callStatic(Unknown Source)
	at com.kms.katalon.core.cucumber.keyword.CucumberBuiltinKeywords.runFeatureFile(CucumberBuiltinKeywords.groovy:101)
	at com.kms.katalon.core.cucumber.keyword.CucumberBuiltinKeywords$runFeatureFile.call(Unknown Source)
	at 007-Check-Optional-Fields.run(007-Check-Optional-Fields:16)
	at com.kms.katalon.core.main.ScriptEngine.run(ScriptEngine.java:194)
	at com.kms.katalon.core.main.ScriptEngine.runScriptAsRawText(ScriptEngine.java:119)
	at com.kms.katalon.core.main.TestCaseExecutor.runScript(TestCaseExecutor.java:331)
	at com.kms.katalon.core.main.TestCaseExecutor.doExecute(TestCaseExecutor.java:322)
	at com.kms.katalon.core.main.TestCaseExecutor.processExecutionPhase(TestCaseExecutor.java:301)
	at com.kms.katalon.core.main.TestCaseExecutor.accessMainPhase(TestCaseExecutor.java:293)
	at com.kms.katalon.core.main.TestCaseExecutor.execute(TestCaseExecutor.java:227)
	at com.kms.katalon.core.main.TestSuiteExecutor.accessTestCaseMainPhase(TestSuiteExecutor.java:129)
	at com.kms.katalon.core.main.TestSuiteExecutor.accessTestSuiteMainPhase(TestSuiteExecutor.java:112)
	at com.kms.katalon.core.main.TestSuiteExecutor.execute(TestSuiteExecutor.java:81)
	at com.kms.katalon.core.main.TestCaseMain.startTestSuite(TestCaseMain.java:157)
	at com.kms.katalon.core.main.TestCaseMain$startTestSuite$0.call(Unknown Source)
	at TempTestSuite1556704417080.run(TempTestSuite1556704417080.groovy:35)
)
	at com.kms.katalon.core.keyword.internal.KeywordMain.stepFailed(KeywordMain.groovy:48)
	at com.kms.katalon.core.keyword.internal.KeywordMain.stepFailed(KeywordMain.groovy)
	at com.kms.katalon.core.keyword.internal.KeywordMain.runKeyword(KeywordMain.groovy:68)
	at com.kms.katalon.core.keyword.internal.KeywordMain$runKeyword.call(Unknown Source)
	at com.kms.katalon.core.cucumber.keyword.CucumberBuiltinKeywords.runFeatureFile(CucumberBuiltinKeywords.groovy:46)
	at com.kms.katalon.core.cucumber.keyword.CucumberBuiltinKeywords$runFeatureFile$0.callStatic(Unknown Source)
	at com.kms.katalon.core.cucumber.keyword.CucumberBuiltinKeywords.runFeatureFile(CucumberBuiltinKeywords.groovy:101)
	at com.kms.katalon.core.cucumber.keyword.CucumberBuiltinKeywords$runFeatureFile.call(Unknown Source)
	at 007-Check-Optional-Fields.run(007-Check-Optional-Fields:16)
	at com.kms.katalon.core.main.ScriptEngine.run(ScriptEngine.java:194)
	at com.kms.katalon.core.main.ScriptEngine.runScriptAsRawText(ScriptEngine.java:119)
	at com.kms.katalon.core.main.TestCaseExecutor.runScript(TestCaseExecutor.java:331)
	at com.kms.katalon.core.main.TestCaseExecutor.doExecute(TestCaseExecutor.java:322)
	at com.kms.katalon.core.main.TestCaseExecutor.processExecutionPhase(TestCaseExecutor.java:301)
	at com.kms.katalon.core.main.TestCaseExecutor.accessMainPhase(TestCaseExecutor.java:293)
	at com.kms.katalon.core.main.TestCaseExecutor.execute(TestCaseExecutor.java:227)
	at com.kms.katalon.core.main.TestSuiteExecutor.accessTestCaseMainPhase(TestSuiteExecutor.java:129)
	at com.kms.katalon.core.main.TestSuiteExecutor.accessTestSuiteMainPhase(TestSuiteExecutor.java:112)
	at com.kms.katalon.core.main.TestSuiteExecutor.execute(TestSuiteExecutor.java:81)
	at com.kms.katalon.core.main.TestCaseMain.startTestSuite(TestCaseMain.java:157)
	at com.kms.katalon.core.main.TestCaseMain$startTestSuite$0.call(Unknown Source)
	at TempTestSuite1556704417080.run(TempTestSuite1556704417080.groovy:35)
Caused by: java.lang.IllegalArgumentException: Not a file or directory: C:\Users\HP\git\PMO-Web-Application\Include\features\Governance-Module\Add-Idea\007-Check-Optional-Fields.feature
	at cucumber.runtime.io.FileResourceIterator$FileIterator.<init>(FileResourceIterator.java:63)
	at cucumber.runtime.io.FileResourceIterator.<init>(FileResourceIterator.java:28)
	at cucumber.runtime.io.FileResourceIterator.createFileResourceIterator(FileResourceIterator.java:14)
	at cucumber.runtime.io.FileResourceIterable.iterator(FileResourceIterable.java:19)
	at cucumber.runtime.model.CucumberFeature.loadFromFeaturePath(CucumberFeature.java:111)
	at cucumber.runtime.model.CucumberFeature.load(CucumberFeature.java:48)
	at cucumber.runtime.model.CucumberFeature.load(CucumberFeature.java:30)
	at cucumber.runtime.RuntimeOptions.cucumberFeatures(RuntimeOptions.java:305)
	at cucumber.runtime.Runtime.run(Runtime.java:97)
	at cucumber.api.cli.Main.run(Main.java:35)
	at cucumber.api.cli.Main$run.call(Unknown Source)
	at com.kms.katalon.core.cucumber.keyword.CucumberBuiltinKeywords$_runFeatureFile_closure1.doCall(CucumberBuiltinKeywords.groovy:76)
	at com.kms.katalon.core.cucumber.keyword.CucumberBuiltinKeywords$_runFeatureFile_closure1.doCall(CucumberBuiltinKeywords.groovy)
	at com.kms.katalon.core.keyword.internal.KeywordMain.runKeyword(KeywordMain.groovy:66)
	... 19 more]]></system-out>
         <system-err><![CDATA[2019-05-01 12:56:38 - [TEST_CASE][FAILED] - Test Cases/Main-Test-Cases/007-Check-Optional-Fields: Test Cases/Main-Test-Cases/007-Check-Optional-Fields FAILED.
Reason:
com.kms.katalon.core.exception.StepFailedException: Keyword runFeatureFile was failed (Root cause: java.lang.IllegalArgumentException: Not a file or directory: C:\Users\HP\git\PMO-Web-Application\Include\features\Governance-Module\Add-Idea\007-Check-Optional-Fields.feature
	at cucumber.runtime.io.FileResourceIterator$FileIterator.<init>(FileResourceIterator.java:63)
	at cucumber.runtime.io.FileResourceIterator.<init>(FileResourceIterator.java:28)
	at cucumber.runtime.io.FileResourceIterator.createFileResourceIterator(FileResourceIterator.java:14)
	at cucumber.runtime.io.FileResourceIterable.iterator(FileResourceIterable.java:19)
	at cucumber.runtime.model.CucumberFeature.loadFromFeaturePath(CucumberFeature.java:111)
	at cucumber.runtime.model.CucumberFeature.load(CucumberFeature.java:48)
	at cucumber.runtime.model.CucumberFeature.load(CucumberFeature.java:30)
	at cucumber.runtime.RuntimeOptions.cucumberFeatures(RuntimeOptions.java:305)
	at cucumber.runtime.Runtime.run(Runtime.java:97)
	at cucumber.api.cli.Main.run(Main.java:35)
	at cucumber.api.cli.Main$run.call(Unknown Source)
	at com.kms.katalon.core.cucumber.keyword.CucumberBuiltinKeywords$_runFeatureFile_closure1.doCall(CucumberBuiltinKeywords.groovy:76)
	at com.kms.katalon.core.cucumber.keyword.CucumberBuiltinKeywords$_runFeatureFile_closure1.doCall(CucumberBuiltinKeywords.groovy)
	at com.kms.katalon.core.keyword.internal.KeywordMain.runKeyword(KeywordMain.groovy:66)
	at com.kms.katalon.core.keyword.internal.KeywordMain$runKeyword.call(Unknown Source)
	at com.kms.katalon.core.cucumber.keyword.CucumberBuiltinKeywords.runFeatureFile(CucumberBuiltinKeywords.groovy:46)
	at com.kms.katalon.core.cucumber.keyword.CucumberBuiltinKeywords$runFeatureFile$0.callStatic(Unknown Source)
	at com.kms.katalon.core.cucumber.keyword.CucumberBuiltinKeywords.runFeatureFile(CucumberBuiltinKeywords.groovy:101)
	at com.kms.katalon.core.cucumber.keyword.CucumberBuiltinKeywords$runFeatureFile.call(Unknown Source)
	at 007-Check-Optional-Fields.run(007-Check-Optional-Fields:16)
	at com.kms.katalon.core.main.ScriptEngine.run(ScriptEngine.java:194)
	at com.kms.katalon.core.main.ScriptEngine.runScriptAsRawText(ScriptEngine.java:119)
	at com.kms.katalon.core.main.TestCaseExecutor.runScript(TestCaseExecutor.java:331)
	at com.kms.katalon.core.main.TestCaseExecutor.doExecute(TestCaseExecutor.java:322)
	at com.kms.katalon.core.main.TestCaseExecutor.processExecutionPhase(TestCaseExecutor.java:301)
	at com.kms.katalon.core.main.TestCaseExecutor.accessMainPhase(TestCaseExecutor.java:293)
	at com.kms.katalon.core.main.TestCaseExecutor.execute(TestCaseExecutor.java:227)
	at com.kms.katalon.core.main.TestSuiteExecutor.accessTestCaseMainPhase(TestSuiteExecutor.java:129)
	at com.kms.katalon.core.main.TestSuiteExecutor.accessTestSuiteMainPhase(TestSuiteExecutor.java:112)
	at com.kms.katalon.core.main.TestSuiteExecutor.execute(TestSuiteExecutor.java:81)
	at com.kms.katalon.core.main.TestCaseMain.startTestSuite(TestCaseMain.java:157)
	at com.kms.katalon.core.main.TestCaseMain$startTestSuite$0.call(Unknown Source)
	at TempTestSuite1556704417080.run(TempTestSuite1556704417080.groovy:35)
)
	at com.kms.katalon.core.keyword.internal.KeywordMain.stepFailed(KeywordMain.groovy:48)
	at com.kms.katalon.core.keyword.internal.KeywordMain.stepFailed(KeywordMain.groovy)
	at com.kms.katalon.core.keyword.internal.KeywordMain.runKeyword(KeywordMain.groovy:68)
	at com.kms.katalon.core.keyword.internal.KeywordMain$runKeyword.call(Unknown Source)
	at com.kms.katalon.core.cucumber.keyword.CucumberBuiltinKeywords.runFeatureFile(CucumberBuiltinKeywords.groovy:46)
	at com.kms.katalon.core.cucumber.keyword.CucumberBuiltinKeywords$runFeatureFile$0.callStatic(Unknown Source)
	at com.kms.katalon.core.cucumber.keyword.CucumberBuiltinKeywords.runFeatureFile(CucumberBuiltinKeywords.groovy:101)
	at com.kms.katalon.core.cucumber.keyword.CucumberBuiltinKeywords$runFeatureFile.call(Unknown Source)
	at 007-Check-Optional-Fields.run(007-Check-Optional-Fields:16)
	at com.kms.katalon.core.main.ScriptEngine.run(ScriptEngine.java:194)
	at com.kms.katalon.core.main.ScriptEngine.runScriptAsRawText(ScriptEngine.java:119)
	at com.kms.katalon.core.main.TestCaseExecutor.runScript(TestCaseExecutor.java:331)
	at com.kms.katalon.core.main.TestCaseExecutor.doExecute(TestCaseExecutor.java:322)
	at com.kms.katalon.core.main.TestCaseExecutor.processExecutionPhase(TestCaseExecutor.java:301)
	at com.kms.katalon.core.main.TestCaseExecutor.accessMainPhase(TestCaseExecutor.java:293)
	at com.kms.katalon.core.main.TestCaseExecutor.execute(TestCaseExecutor.java:227)
	at com.kms.katalon.core.main.TestSuiteExecutor.accessTestCaseMainPhase(TestSuiteExecutor.java:129)
	at com.kms.katalon.core.main.TestSuiteExecutor.accessTestSuiteMainPhase(TestSuiteExecutor.java:112)
	at com.kms.katalon.core.main.TestSuiteExecutor.execute(TestSuiteExecutor.java:81)
	at com.kms.katalon.core.main.TestCaseMain.startTestSuite(TestCaseMain.java:157)
	at com.kms.katalon.core.main.TestCaseMain$startTestSuite$0.call(Unknown Source)
	at TempTestSuite1556704417080.run(TempTestSuite1556704417080.groovy:35)
Caused by: java.lang.IllegalArgumentException: Not a file or directory: C:\Users\HP\git\PMO-Web-Application\Include\features\Governance-Module\Add-Idea\007-Check-Optional-Fields.feature
	at cucumber.runtime.io.FileResourceIterator$FileIterator.<init>(FileResourceIterator.java:63)
	at cucumber.runtime.io.FileResourceIterator.<init>(FileResourceIterator.java:28)
	at cucumber.runtime.io.FileResourceIterator.createFileResourceIterator(FileResourceIterator.java:14)
	at cucumber.runtime.io.FileResourceIterable.iterator(FileResourceIterable.java:19)
	at cucumber.runtime.model.CucumberFeature.loadFromFeaturePath(CucumberFeature.java:111)
	at cucumber.runtime.model.CucumberFeature.load(CucumberFeature.java:48)
	at cucumber.runtime.model.CucumberFeature.load(CucumberFeature.java:30)
	at cucumber.runtime.RuntimeOptions.cucumberFeatures(RuntimeOptions.java:305)
	at cucumber.runtime.Runtime.run(Runtime.java:97)
	at cucumber.api.cli.Main.run(Main.java:35)
	at cucumber.api.cli.Main$run.call(Unknown Source)
	at com.kms.katalon.core.cucumber.keyword.CucumberBuiltinKeywords$_runFeatureFile_closure1.doCall(CucumberBuiltinKeywords.groovy:76)
	at com.kms.katalon.core.cucumber.keyword.CucumberBuiltinKeywords$_runFeatureFile_closure1.doCall(CucumberBuiltinKeywords.groovy)
	at com.kms.katalon.core.keyword.internal.KeywordMain.runKeyword(KeywordMain.groovy:66)
	... 19 more]]></system-err>
      </testcase>
      <testcase name="Test Cases/Main-Test-Cases/008-Delete-Attachment" classname="Test Cases/Main-Test-Cases/008-Delete-Attachment" status="PASSED">
         <system-out><![CDATA[2019-05-01 12:56:38 - [TEST_CASE][PASSED] - Test Cases/Main-Test-Cases/008-Delete-Attachment: Test Cases/Main-Test-Cases/008-Delete-Attachment

2019-05-01 12:56:38 - [TEST_STEP][PASSED] - runFeatureFile("Include/features/Governance-Module/Add-Idea/008-Delete-Attachment.feature"): Feature file: 'Include/features/Governance-Module/Add-Idea/008-Delete-Attachment.feature' was passed

2019-05-01 12:56:38 - [MESSAGE][INFO] - Starting run keyword runFeatureFile: 'Include/features/Governance-Module/Add-Idea/008-Delete-Attachment.feature' and extract report to folder: 'C:\Users\HP\git\PMO-Web-Application\Reports\First-Test-Suite\20190501_125337/cucumber_report/1556704598504'...

2019-05-01 12:56:38 - [TEST_CASE][PASSED] - Start Test Case : SCENARIO Delete attachment from idea form: SCENARIO Delete attachment from idea form

2019-05-01 12:56:38 - [TEST_STEP][PASSED] - I want to open browser: I want to open browser

2019-05-01 12:56:38 - [MESSAGE][WARNING] - A browser is already opened. Closing browser and opening a new one

2019-05-01 12:56:39 - [MESSAGE][INFO] - Starting 'Chrome' driver

2019-05-01 12:56:41 - [MESSAGE][PASSED] - Browser is opened with url: ''

2019-05-01 12:56:41 - [MESSAGE][PASSED] - Delete all cookies successfully

2019-05-01 12:56:41 - [MESSAGE][PASSED] - I want to open browser

2019-05-01 12:56:41 - [TEST_STEP][PASSED] - I want to maximize window: I want to maximize window

2019-05-01 12:56:42 - [MESSAGE][PASSED] - Current window maximized

2019-05-01 12:56:42 - [MESSAGE][PASSED] - I want to maximize window

2019-05-01 12:56:42 - [TEST_STEP][PASSED] - I want to go to OOB: I want to go to OOB

2019-05-01 12:56:50 - [MESSAGE][PASSED] - Navigate to 'https://pmoadmin:P@ssw0rd@dev5.cloudapp.net/OOB2/' successfully

2019-05-01 12:56:50 - [MESSAGE][PASSED] - I want to go to OOB

2019-05-01 12:56:50 - [TEST_STEP][PASSED] - I want to verify I'm in OOB main page: I want to verify I'm in OOB main page

2019-05-01 12:56:50 - [MESSAGE][WARNING] - Timeout '0' is invalid. Using default page load timeout: '30'

2019-05-01 12:56:50 - [MESSAGE][PASSED] - Object 'Object Repository/OOBObjects/HomepageObjects/OOBSideBar' is present

2019-05-01 12:56:50 - [MESSAGE][PASSED] - I want to verify I'm in OOB main page

2019-05-01 12:56:50 - [TEST_STEP][PASSED] - I want to go to ideas list page: I want to go to ideas list page

2019-05-01 12:56:55 - [MESSAGE][PASSED] - Object: 'Object Repository/OOBObjects/HomepageObjects/IdeasList' is clicked on

2019-05-01 12:56:55 - [MESSAGE][PASSED] - I want to go to ideas list page

2019-05-01 12:56:55 - [TEST_STEP][PASSED] - I want to click on Add New button: I want to click on Add New button

2019-05-01 12:56:56 - [MESSAGE][PASSED] - Object: 'Object Repository/OOBObjects/IdeasListObjects/AddNewIdeaButton' is clicked on

2019-05-01 12:56:56 - [MESSAGE][PASSED] - I want to click on Add New button

2019-05-01 12:56:56 - [TEST_STEP][PASSED] - I want to fill idea name field: I want to fill idea name field

2019-05-01 12:56:56 - [MESSAGE][PASSED] - Text 'Automation2080' is set on object 'Object Repository/OOBObjects/IdeasListObjects/Idea-Name-Field'

2019-05-01 12:56:56 - [MESSAGE][PASSED] - I want to fill idea name field

2019-05-01 12:56:56 - [TEST_STEP][PASSED] - I want to select expected start date: I want to select expected start date

2019-05-01 12:56:56 - [MESSAGE][PASSED] - Object: 'Object Repository/OOBObjects/IdeasListObjects//GREGORIAN-Start-date-Check-Box' is clicked on

2019-05-01 12:56:57 - [MESSAGE][PASSED] - Object: 'Object Repository/OOBObjects/IdeasListObjects//Excepted-Start-Date' is clicked on

2019-05-01 12:56:57 - [MESSAGE][PASSED] - All options with index in [5] are selected on object 'Object Repository/OOBObjects/IdeasListObjects/StartDateMonthDropDwon'

2019-05-01 12:56:57 - [MESSAGE][PASSED] - Object: 'Object Repository/OOBObjects/IdeasListObjects//Day26' is hovered

2019-05-01 12:56:57 - [MESSAGE][PASSED] - Object: 'Object Repository/OOBObjects/IdeasListObjects//Day26' is clicked on

2019-05-01 12:56:57 - [MESSAGE][PASSED] - I want to select expected start date

2019-05-01 12:56:57 - [TEST_STEP][PASSED] - I want to select expected end date: I want to select expected end date

2019-05-01 12:56:57 - [MESSAGE][PASSED] - Object 'Object Repository/OOBObjects/IdeasListObjects/GREGORIAN-End-Date-Check-Box' is visible

2019-05-01 12:56:57 - [MESSAGE][PASSED] - Object: 'Object Repository/OOBObjects/IdeasListObjects/GREGORIAN-End-Date-Check-Box' is clicked on

2019-05-01 12:56:59 - [MESSAGE][PASSED] - Delayed 2 second(s)

2019-05-01 12:56:59 - [MESSAGE][PASSED] - Object: 'Object Repository/OOBObjects/IdeasListObjects/Excpected-End-Date' is hovered

2019-05-01 12:56:59 - [MESSAGE][PASSED] - Object: 'Object Repository/OOBObjects/IdeasListObjects/Excpected-End-Date' is clicked on

2019-05-01 12:56:59 - [MESSAGE][PASSED] - All options with index in [6] are selected on object 'Object Repository/OOBObjects/IdeasListObjects/EndDateMonthDropdown'

2019-05-01 12:56:59 - [MESSAGE][PASSED] - Object: 'Object Repository/OOBObjects/IdeasListObjects/EndDateDay15' is hovered

2019-05-01 12:56:59 - [MESSAGE][PASSED] - Object: 'Object Repository/OOBObjects/IdeasListObjects/EndDateDay15' is clicked on

2019-05-01 12:56:59 - [MESSAGE][PASSED] - I want to select expected end date

2019-05-01 12:56:59 - [TEST_STEP][PASSED] - I want to fill idea objective field: I want to fill idea objective field

2019-05-01 12:56:59 - [MESSAGE][PASSED] - Text 'Automation' is set on object 'Object Repository/OOBObjects/IdeasListObjects/Idea-Objective-Field'

2019-05-01 12:56:59 - [MESSAGE][PASSED] - I want to fill idea objective field

2019-05-01 12:56:59 - [TEST_STEP][PASSED] - I want to fill expected budget field: I want to fill expected budget field

2019-05-01 12:56:59 - [MESSAGE][PASSED] - Text '10000' is set on object 'Object Repository/OOBObjects/IdeasListObjects/Expected-Budget-Field'

2019-05-01 12:56:59 - [MESSAGE][PASSED] - I want to fill expected budget field

2019-05-01 12:56:59 - [TEST_STEP][PASSED] - I want to fill Notes field: I want to fill Notes field

2019-05-01 12:57:00 - [MESSAGE][PASSED] - Text 'test note' is set on object 'Object Repository/OOBObjects/IdeasListObjects/Notes-Field'

2019-05-01 12:57:00 - [MESSAGE][PASSED] - I want to fill Notes field

2019-05-01 12:57:00 - [TEST_STEP][PASSED] - I want to click save idea button: I want to click save idea button

2019-05-01 12:57:00 - [MESSAGE][WARNING] - Timeout '0' is invalid. Using default page load timeout: '30'

2019-05-01 12:57:00 - [MESSAGE][PASSED] - Object 'Object Repository/OOBObjects/IdeasListObjects/SaveIdeaButton' is present

2019-05-01 12:57:00 - [MESSAGE][WARNING] - Timeout '0' is invalid. Using default page load timeout: '30'

2019-05-01 12:57:00 - [MESSAGE][PASSED] - Object 'Object Repository/OOBObjects/IdeasListObjects/SaveIdeaButton' is clickable

2019-05-01 12:57:00 - [MESSAGE][PASSED] - Object: 'Object Repository/OOBObjects/IdeasListObjects/SaveIdeaButton' is clicked on

2019-05-01 12:57:05 - [MESSAGE][PASSED] - Delayed 5 second(s)

2019-05-01 12:57:05 - [MESSAGE][PASSED] - I want to click save idea button

2019-05-01 12:57:05 - [TEST_STEP][PASSED] - I want to wait for page load: I want to wait for page load

2019-05-01 12:57:05 - [MESSAGE][PASSED] - Wait for page load successfully

2019-05-01 12:57:05 - [MESSAGE][PASSED] - I want to wait for page load

2019-05-01 12:57:05 - [TEST_STEP][PASSED] - I want to go to ideas list page: I want to go to ideas list page

2019-05-01 12:57:06 - [MESSAGE][PASSED] - Object: 'Object Repository/OOBObjects/HomepageObjects/IdeasList' is clicked on

2019-05-01 12:57:06 - [MESSAGE][PASSED] - I want to go to ideas list page

2019-05-01 12:57:06 - [TEST_STEP][PASSED] - I want to search for idea by idea name: I want to search for idea by idea name

2019-05-01 12:57:06 - [MESSAGE][PASSED] - Text 'Automation2080' is set on object 'Object Repository/OOBObjects/IdeasListObjects/SearchField'

2019-05-01 12:57:08 - [MESSAGE][PASSED] - Actual text and expected text of test object 'Object Repository/OOBObjects/IdeasListObjects/SearchResult' are matched.

2019-05-01 12:57:08 - [MESSAGE][PASSED] - I want to search for idea by idea name

2019-05-01 12:57:08 - [TEST_STEP][PASSED] - I want to click on edit idea icon: I want to click on edit idea icon

2019-05-01 12:57:09 - [MESSAGE][PASSED] - Object: 'Object Repository/OOBObjects/IdeasListObjects/EditIdea' is clicked on

2019-05-01 12:57:09 - [MESSAGE][PASSED] - I want to click on edit idea icon

2019-05-01 12:57:09 - [TEST_STEP][PASSED] - I want to add Attachment: I want to add Attachment

2019-05-01 12:57:09 - [MESSAGE][PASSED] - Object: 'Object Repository/OOBObjects/IdeasListObjects/Add-New-Document-Button' is clicked on

2019-05-01 12:57:09 - [MESSAGE][WARNING] - Timeout '0' is invalid. Using default page load timeout: '30'

2019-05-01 12:57:09 - [MESSAGE][PASSED] - Scroll to object 'Object Repository/OOBObjects/IdeasListObjects/Add-New-Document-Button' successfully

2019-05-01 12:57:09 - [MESSAGE][PASSED] - Text 'test1' is set on object 'Object Repository/OOBObjects/IdeasListObjects/AttachmentNameField'

2019-05-01 12:57:09 - [MESSAGE][PASSED] - File 'C:\Users\HP\Desktop\download.png' sent to object: 'Object Repository/OOBObjects/IdeasListObjects/Upload-File'

2019-05-01 12:57:09 - [MESSAGE][WARNING] - Timeout '0' is invalid. Using default page load timeout: '30'

2019-05-01 12:57:10 - [MESSAGE][PASSED] - Object 'Object Repository/OOBObjects/IdeasListObjects/AttachedFile' is present

2019-05-01 12:57:10 - [MESSAGE][PASSED] - Object: 'Object Repository/OOBObjects/IdeasListObjects/LoadButton' is clicked on

2019-05-01 12:57:10 - [MESSAGE][PASSED] - I want to add Attachment

2019-05-01 12:57:10 - [TEST_STEP][PASSED] - I want to refresh page: I want to refresh page

2019-05-01 12:57:11 - [MESSAGE][PASSED] - Refresh successfully

2019-05-01 12:57:11 - [MESSAGE][PASSED] - I want to refresh page

2019-05-01 12:57:11 - [TEST_STEP][PASSED] - I want to click save idea button: I want to click save idea button

2019-05-01 12:57:11 - [MESSAGE][WARNING] - Timeout '0' is invalid. Using default page load timeout: '30'

2019-05-01 12:57:11 - [MESSAGE][PASSED] - Object 'Object Repository/OOBObjects/IdeasListObjects/SaveIdeaButton' is present

2019-05-01 12:57:11 - [MESSAGE][WARNING] - Timeout '0' is invalid. Using default page load timeout: '30'

2019-05-01 12:57:11 - [MESSAGE][PASSED] - Object 'Object Repository/OOBObjects/IdeasListObjects/SaveIdeaButton' is clickable

2019-05-01 12:57:11 - [MESSAGE][PASSED] - Object: 'Object Repository/OOBObjects/IdeasListObjects/SaveIdeaButton' is clicked on

2019-05-01 12:57:16 - [MESSAGE][PASSED] - Delayed 5 second(s)

2019-05-01 12:57:16 - [MESSAGE][PASSED] - I want to click save idea button

2019-05-01 12:57:16 - [TEST_STEP][PASSED] - I want to delete attachment: I want to delete attachment

2019-05-01 12:57:16 - [MESSAGE][PASSED] - Refresh successfully

2019-05-01 12:57:16 - [MESSAGE][WARNING] - Timeout '0' is invalid. Using default page load timeout: '30'

2019-05-01 12:57:17 - [MESSAGE][PASSED] - Scroll to object 'Object Repository/OOBObjects/IdeasListObjects/Add-New-Document-Button' successfully

2019-05-01 12:57:17 - [MESSAGE][PASSED] - Object: 'Object Repository/OOBObjects/IdeasListObjects/DeleteAttachment' is hovered

2019-05-01 12:57:18 - [MESSAGE][PASSED] - Object: 'Object Repository/OOBObjects/IdeasListObjects/DeleteAttachment' is clicked on

2019-05-01 12:57:18 - [MESSAGE][PASSED] - Alert accepted

2019-05-01 12:57:18 - [MESSAGE][PASSED] - I want to delete attachment

2019-05-01 12:57:18 - [TEST_STEP][PASSED] - I want to verify document removed: I want to verify document removed

2019-05-01 12:57:18 - [MESSAGE][WARNING] - Timeout '0' is invalid. Using default page load timeout: '30'

2019-05-01 12:57:19 - [MESSAGE][PASSED] - Web element with id: 'Object Repository/OOBObjects/IdeasListObjects/UploadedDocument' located by 'By.xpath: //*[@id='tblProjectDocuments']/tbody/tr' is not present after '30' second(s)

2019-05-01 12:57:19 - [MESSAGE][PASSED] - I want to verify document removed

2019-05-01 12:57:19 - [TEST_STEP][PASSED] - I want to close browser: I want to close browser

2019-05-01 12:57:19 - [MESSAGE][PASSED] - Browser is closed

2019-05-01 12:57:19 - [MESSAGE][PASSED] - I want to close browser

2019-05-01 12:57:19 - [MESSAGE][PASSED] - Feature file: 'Include/features/Governance-Module/Add-Idea/008-Delete-Attachment.feature' was passed]]></system-out>
         <system-err><![CDATA[]]></system-err>
      </testcase>
      <testcase name="Test Cases/Main-Test-Cases/009-Verify-Uploading-Attachment-with-Duplicate-Name" classname="Test Cases/Main-Test-Cases/009-Verify-Uploading-Attachment-with-Duplicate-Name" status="PASSED">
         <system-out><![CDATA[2019-05-01 12:57:19 - [TEST_CASE][PASSED] - Test Cases/Main-Test-Cases/009-Verify-Uploading-Attachment-with-Duplicate-Name: Test Cases/Main-Test-Cases/009-Verify-Uploading-Attachment-with-Duplicate-Name

2019-05-01 12:57:19 - [TEST_STEP][PASSED] - runFeatureFile("Include/features/Governance-Module/Add-Idea/009-Verify-Uploading-Attachment-with-Duplicate-Name.feature"): Feature file: 'Include/features/Governance-Module/Add-Idea/009-Verify-Uploading-Attachment-with-Duplicate-Name.feature' was passed

2019-05-01 12:57:19 - [MESSAGE][INFO] - Starting run keyword runFeatureFile: 'Include/features/Governance-Module/Add-Idea/009-Verify-Uploading-Attachment-with-Duplicate-Name.feature' and extract report to folder: 'C:\Users\HP\git\PMO-Web-Application\Reports\First-Test-Suite\20190501_125337/cucumber_report/1556704639850'...

2019-05-01 12:57:19 - [TEST_CASE][PASSED] - Start Test Case : SCENARIO Verify that user unable to upload attachment with duplicate name: SCENARIO Verify that user unable to upload attachment with duplicate name

2019-05-01 12:57:19 - [TEST_STEP][PASSED] - I want to open browser: I want to open browser

2019-05-01 12:57:19 - [MESSAGE][INFO] - Starting 'Chrome' driver

2019-05-01 12:57:22 - [MESSAGE][PASSED] - Browser is opened with url: ''

2019-05-01 12:57:22 - [MESSAGE][PASSED] - Delete all cookies successfully

2019-05-01 12:57:22 - [MESSAGE][PASSED] - I want to open browser

2019-05-01 12:57:22 - [TEST_STEP][PASSED] - I want to maximize window: I want to maximize window

2019-05-01 12:57:23 - [MESSAGE][PASSED] - Current window maximized

2019-05-01 12:57:23 - [MESSAGE][PASSED] - I want to maximize window

2019-05-01 12:57:23 - [TEST_STEP][PASSED] - I want to go to OOB: I want to go to OOB

2019-05-01 12:57:32 - [MESSAGE][PASSED] - Navigate to 'https://pmoadmin:P@ssw0rd@dev5.cloudapp.net/OOB2/' successfully

2019-05-01 12:57:32 - [MESSAGE][PASSED] - I want to go to OOB

2019-05-01 12:57:32 - [TEST_STEP][PASSED] - I want to verify I'm in OOB main page: I want to verify I'm in OOB main page

2019-05-01 12:57:32 - [MESSAGE][WARNING] - Timeout '0' is invalid. Using default page load timeout: '30'

2019-05-01 12:57:32 - [MESSAGE][PASSED] - Object 'Object Repository/OOBObjects/HomepageObjects/OOBSideBar' is present

2019-05-01 12:57:32 - [MESSAGE][PASSED] - I want to verify I'm in OOB main page

2019-05-01 12:57:32 - [TEST_STEP][PASSED] - I want to go to ideas list page: I want to go to ideas list page

2019-05-01 12:57:36 - [MESSAGE][PASSED] - Object: 'Object Repository/OOBObjects/HomepageObjects/IdeasList' is clicked on

2019-05-01 12:57:36 - [MESSAGE][PASSED] - I want to go to ideas list page

2019-05-01 12:57:36 - [TEST_STEP][PASSED] - I want to click on Add New button: I want to click on Add New button

2019-05-01 12:57:37 - [MESSAGE][PASSED] - Object: 'Object Repository/OOBObjects/IdeasListObjects/AddNewIdeaButton' is clicked on

2019-05-01 12:57:37 - [MESSAGE][PASSED] - I want to click on Add New button

2019-05-01 12:57:37 - [TEST_STEP][PASSED] - I want to add Attachment: I want to add Attachment

2019-05-01 12:57:37 - [MESSAGE][PASSED] - Object: 'Object Repository/OOBObjects/IdeasListObjects/Add-New-Document-Button' is clicked on

2019-05-01 12:57:37 - [MESSAGE][WARNING] - Timeout '0' is invalid. Using default page load timeout: '30'

2019-05-01 12:57:37 - [MESSAGE][PASSED] - Scroll to object 'Object Repository/OOBObjects/IdeasListObjects/Add-New-Document-Button' successfully

2019-05-01 12:57:37 - [MESSAGE][PASSED] - Text 'test1' is set on object 'Object Repository/OOBObjects/IdeasListObjects/AttachmentNameField'

2019-05-01 12:57:38 - [MESSAGE][PASSED] - File 'C:\Users\HP\Desktop\download.png' sent to object: 'Object Repository/OOBObjects/IdeasListObjects/Upload-File'

2019-05-01 12:57:38 - [MESSAGE][WARNING] - Timeout '0' is invalid. Using default page load timeout: '30'

2019-05-01 12:57:38 - [MESSAGE][PASSED] - Object 'Object Repository/OOBObjects/IdeasListObjects/AttachedFile' is present

2019-05-01 12:57:38 - [MESSAGE][PASSED] - Object: 'Object Repository/OOBObjects/IdeasListObjects/LoadButton' is clicked on

2019-05-01 12:57:38 - [MESSAGE][PASSED] - I want to add Attachment

2019-05-01 12:57:38 - [TEST_STEP][PASSED] - I want to verify document uploaded: I want to verify document uploaded

2019-05-01 12:57:38 - [MESSAGE][WARNING] - Timeout '0' is invalid. Using default page load timeout: '30'

2019-05-01 12:57:39 - [MESSAGE][PASSED] - Object 'Object Repository/OOBObjects/IdeasListObjects/UploadedDocument' is present

2019-05-01 12:57:39 - [MESSAGE][PASSED] - I want to verify document uploaded

2019-05-01 12:57:39 - [TEST_STEP][PASSED] - I want to refresh page: I want to refresh page

2019-05-01 12:57:40 - [MESSAGE][PASSED] - Refresh successfully

2019-05-01 12:57:40 - [MESSAGE][PASSED] - I want to refresh page

2019-05-01 12:57:40 - [TEST_STEP][PASSED] - I want to add Attachment: I want to add Attachment

2019-05-01 12:57:40 - [MESSAGE][PASSED] - Object: 'Object Repository/OOBObjects/IdeasListObjects/Add-New-Document-Button' is clicked on

2019-05-01 12:57:40 - [MESSAGE][WARNING] - Timeout '0' is invalid. Using default page load timeout: '30'

2019-05-01 12:57:40 - [MESSAGE][PASSED] - Scroll to object 'Object Repository/OOBObjects/IdeasListObjects/Add-New-Document-Button' successfully

2019-05-01 12:57:40 - [MESSAGE][PASSED] - Text 'test1' is set on object 'Object Repository/OOBObjects/IdeasListObjects/AttachmentNameField'

2019-05-01 12:57:40 - [MESSAGE][PASSED] - File 'C:\Users\HP\Desktop\download.png' sent to object: 'Object Repository/OOBObjects/IdeasListObjects/Upload-File'

2019-05-01 12:57:40 - [MESSAGE][WARNING] - Timeout '0' is invalid. Using default page load timeout: '30'

2019-05-01 12:57:41 - [MESSAGE][PASSED] - Object 'Object Repository/OOBObjects/IdeasListObjects/AttachedFile' is present

2019-05-01 12:57:41 - [MESSAGE][PASSED] - Object: 'Object Repository/OOBObjects/IdeasListObjects/LoadButton' is clicked on

2019-05-01 12:57:41 - [MESSAGE][PASSED] - I want to add Attachment

2019-05-01 12:57:41 - [TEST_STEP][PASSED] - I want to verify Attachment with already existed name not added: I want to verify Attachment with already existed name not added

2019-05-01 12:57:41 - [MESSAGE][PASSED] - Object 'Object Repository/OOBObjects/IdeasListObjects/AttachmentNameField' is visible

2019-05-01 12:57:41 - [MESSAGE][PASSED] - I want to verify Attachment with already existed name not added

2019-05-01 12:57:41 - [MESSAGE][PASSED] - Feature file: 'Include/features/Governance-Module/Add-Idea/009-Verify-Uploading-Attachment-with-Duplicate-Name.feature' was passed]]></system-out>
         <system-err><![CDATA[]]></system-err>
      </testcase>
      <testcase name="Test Cases/Main-Test-Cases/010-Upload-Invalid-Format-Attachment" classname="Test Cases/Main-Test-Cases/010-Upload-Invalid-Format-Attachment" status="PASSED">
         <system-out><![CDATA[2019-05-01 12:57:41 - [TEST_CASE][PASSED] - Test Cases/Main-Test-Cases/010-Upload-Invalid-Format-Attachment: Test Cases/Main-Test-Cases/010-Upload-Invalid-Format-Attachment

2019-05-01 12:57:41 - [TEST_STEP][PASSED] - runFeatureFile("Include/features/Governance-Module/Add-Idea/010-Upload-Invalid-Format-Attachment.feature"): Feature file: 'Include/features/Governance-Module/Add-Idea/010-Upload-Invalid-Format-Attachment.feature' was passed

2019-05-01 12:57:41 - [MESSAGE][INFO] - Starting run keyword runFeatureFile: 'Include/features/Governance-Module/Add-Idea/010-Upload-Invalid-Format-Attachment.feature' and extract report to folder: 'C:\Users\HP\git\PMO-Web-Application\Reports\First-Test-Suite\20190501_125337/cucumber_report/1556704661633'...

2019-05-01 12:57:41 - [TEST_CASE][PASSED] - Start Test Case : SCENARIO Verify that user unable to upload invalid foemat attachment: SCENARIO Verify that user unable to upload invalid foemat attachment

2019-05-01 12:57:41 - [TEST_STEP][PASSED] - I want to open browser: I want to open browser

2019-05-01 12:57:41 - [MESSAGE][WARNING] - A browser is already opened. Closing browser and opening a new one

2019-05-01 12:57:42 - [MESSAGE][INFO] - Starting 'Chrome' driver

2019-05-01 12:57:44 - [MESSAGE][PASSED] - Browser is opened with url: ''

2019-05-01 12:57:44 - [MESSAGE][PASSED] - Delete all cookies successfully

2019-05-01 12:57:44 - [MESSAGE][PASSED] - I want to open browser

2019-05-01 12:57:44 - [TEST_STEP][PASSED] - I want to maximize window: I want to maximize window

2019-05-01 12:57:45 - [MESSAGE][PASSED] - Current window maximized

2019-05-01 12:57:45 - [MESSAGE][PASSED] - I want to maximize window

2019-05-01 12:57:45 - [TEST_STEP][PASSED] - I want to go to OOB: I want to go to OOB

2019-05-01 12:57:54 - [MESSAGE][PASSED] - Navigate to 'https://pmoadmin:P@ssw0rd@dev5.cloudapp.net/OOB2/' successfully

2019-05-01 12:57:54 - [MESSAGE][PASSED] - I want to go to OOB

2019-05-01 12:57:54 - [TEST_STEP][PASSED] - I want to verify I'm in OOB main page: I want to verify I'm in OOB main page

2019-05-01 12:57:54 - [MESSAGE][WARNING] - Timeout '0' is invalid. Using default page load timeout: '30'

2019-05-01 12:57:54 - [MESSAGE][PASSED] - Object 'Object Repository/OOBObjects/HomepageObjects/OOBSideBar' is present

2019-05-01 12:57:54 - [MESSAGE][PASSED] - I want to verify I'm in OOB main page

2019-05-01 12:57:54 - [TEST_STEP][PASSED] - I want to go to ideas list page: I want to go to ideas list page

2019-05-01 12:57:58 - [MESSAGE][PASSED] - Object: 'Object Repository/OOBObjects/HomepageObjects/IdeasList' is clicked on

2019-05-01 12:57:58 - [MESSAGE][PASSED] - I want to go to ideas list page

2019-05-01 12:57:58 - [TEST_STEP][PASSED] - I want to click on Add New button: I want to click on Add New button

2019-05-01 12:57:59 - [MESSAGE][PASSED] - Object: 'Object Repository/OOBObjects/IdeasListObjects/AddNewIdeaButton' is clicked on

2019-05-01 12:57:59 - [MESSAGE][PASSED] - I want to click on Add New button

2019-05-01 12:57:59 - [TEST_STEP][PASSED] - I want to add invalid format Attachment: I want to add invalid format Attachment

2019-05-01 12:57:59 - [MESSAGE][PASSED] - Object: 'Object Repository/OOBObjects/IdeasListObjects/Add-New-Document-Button' is clicked on

2019-05-01 12:57:59 - [MESSAGE][WARNING] - Timeout '0' is invalid. Using default page load timeout: '30'

2019-05-01 12:57:59 - [MESSAGE][PASSED] - Scroll to object 'Object Repository/OOBObjects/IdeasListObjects/Add-New-Document-Button' successfully

2019-05-01 12:57:59 - [MESSAGE][PASSED] - Text 'Test Attachment' is set on object 'Object Repository/OOBObjects/IdeasListObjects/AttachmentNameField'

2019-05-01 12:57:59 - [MESSAGE][PASSED] - File 'C:\Users\HP\Desktop\chromedriver.exe' sent to object: 'Object Repository/OOBObjects/IdeasListObjects/Upload-File'

2019-05-01 12:57:59 - [MESSAGE][PASSED] - I want to add invalid format Attachment

2019-05-01 12:57:59 - [TEST_STEP][PASSED] - I want to verify Attachment not added: I want to verify Attachment not added

2019-05-01 12:57:59 - [MESSAGE][WARNING] - Timeout '0' is invalid. Using default page load timeout: '30'

2019-05-01 12:57:59 - [MESSAGE][PASSED] - Web element with id: 'Object Repository/OOBObjects/IdeasListObjects/AttachedFile' located by 'By.xpath: //*[@id='AttachmentPath_attachement_div']/div[2]/a' is not present after '30' second(s)

2019-05-01 12:57:59 - [MESSAGE][PASSED] - I want to verify Attachment not added

2019-05-01 12:57:59 - [TEST_STEP][PASSED] - I want to close browser: I want to close browser

2019-05-01 12:58:00 - [MESSAGE][PASSED] - Browser is closed

2019-05-01 12:58:00 - [MESSAGE][PASSED] - I want to close browser

2019-05-01 12:58:00 - [MESSAGE][PASSED] - Feature file: 'Include/features/Governance-Module/Add-Idea/010-Upload-Invalid-Format-Attachment.feature' was passed]]></system-out>
         <system-err><![CDATA[]]></system-err>
      </testcase>
      <testcase name="Test Cases/Main-Test-Cases/011-Upload-Large-Size-Attachment" classname="Test Cases/Main-Test-Cases/011-Upload-Large-Size-Attachment" status="PASSED">
         <system-out><![CDATA[2019-05-01 12:58:00 - [TEST_CASE][PASSED] - Test Cases/Main-Test-Cases/011-Upload-Large-Size-Attachment: Test Cases/Main-Test-Cases/011-Upload-Large-Size-Attachment

2019-05-01 12:58:00 - [TEST_STEP][PASSED] - runFeatureFile("Include/features/Governance-Module/Add-Idea/011-Upload-Large-Size-Attachment.feature"): Feature file: 'Include/features/Governance-Module/Add-Idea/011-Upload-Large-Size-Attachment.feature' was passed

2019-05-01 12:58:00 - [MESSAGE][INFO] - Starting run keyword runFeatureFile: 'Include/features/Governance-Module/Add-Idea/011-Upload-Large-Size-Attachment.feature' and extract report to folder: 'C:\Users\HP\git\PMO-Web-Application\Reports\First-Test-Suite\20190501_125337/cucumber_report/1556704680616'...

2019-05-01 12:58:00 - [TEST_CASE][PASSED] - Start Test Case : SCENARIO Verify that user unable to upload attachment with duplicate name: SCENARIO Verify that user unable to upload attachment with duplicate name

2019-05-01 12:58:00 - [TEST_STEP][PASSED] - I want to open browser: I want to open browser

2019-05-01 12:58:00 - [MESSAGE][INFO] - Starting 'Chrome' driver

2019-05-01 12:58:02 - [MESSAGE][PASSED] - Browser is opened with url: ''

2019-05-01 12:58:02 - [MESSAGE][PASSED] - Delete all cookies successfully

2019-05-01 12:58:02 - [MESSAGE][PASSED] - I want to open browser

2019-05-01 12:58:02 - [TEST_STEP][PASSED] - I want to maximize window: I want to maximize window

2019-05-01 12:58:03 - [MESSAGE][PASSED] - Current window maximized

2019-05-01 12:58:03 - [MESSAGE][PASSED] - I want to maximize window

2019-05-01 12:58:03 - [TEST_STEP][PASSED] - I want to go to OOB: I want to go to OOB

2019-05-01 12:58:12 - [MESSAGE][PASSED] - Navigate to 'https://pmoadmin:P@ssw0rd@dev5.cloudapp.net/OOB2/' successfully

2019-05-01 12:58:12 - [MESSAGE][PASSED] - I want to go to OOB

2019-05-01 12:58:12 - [TEST_STEP][PASSED] - I want to verify I'm in OOB main page: I want to verify I'm in OOB main page

2019-05-01 12:58:12 - [MESSAGE][WARNING] - Timeout '0' is invalid. Using default page load timeout: '30'

2019-05-01 12:58:12 - [MESSAGE][PASSED] - Object 'Object Repository/OOBObjects/HomepageObjects/OOBSideBar' is present

2019-05-01 12:58:12 - [MESSAGE][PASSED] - I want to verify I'm in OOB main page

2019-05-01 12:58:12 - [TEST_STEP][PASSED] - I want to go to ideas list page: I want to go to ideas list page

2019-05-01 12:58:16 - [MESSAGE][PASSED] - Object: 'Object Repository/OOBObjects/HomepageObjects/IdeasList' is clicked on

2019-05-01 12:58:16 - [MESSAGE][PASSED] - I want to go to ideas list page

2019-05-01 12:58:16 - [TEST_STEP][PASSED] - I want to click on Add New button: I want to click on Add New button

2019-05-01 12:58:18 - [MESSAGE][PASSED] - Object: 'Object Repository/OOBObjects/IdeasListObjects/AddNewIdeaButton' is clicked on

2019-05-01 12:58:18 - [MESSAGE][PASSED] - I want to click on Add New button

2019-05-01 12:58:18 - [TEST_STEP][PASSED] - I want to add large file as Attachment: I want to add large file as Attachment

2019-05-01 12:58:18 - [MESSAGE][PASSED] - Object: 'Object Repository/OOBObjects/IdeasListObjects/Add-New-Document-Button' is clicked on

2019-05-01 12:58:18 - [MESSAGE][WARNING] - Timeout '0' is invalid. Using default page load timeout: '30'

2019-05-01 12:58:18 - [MESSAGE][PASSED] - Scroll to object 'Object Repository/OOBObjects/IdeasListObjects/Add-New-Document-Button' successfully

2019-05-01 12:58:18 - [MESSAGE][PASSED] - Text 'test1' is set on object 'Object Repository/OOBObjects/IdeasListObjects/AttachmentNameField'

2019-05-01 12:58:18 - [MESSAGE][PASSED] - File 'C:\Users\HP\Desktop\Automation book Mitsubishi.pdf' sent to object: 'Object Repository/OOBObjects/IdeasListObjects/Upload-File'

2019-05-01 12:58:18 - [MESSAGE][PASSED] - I want to add large file as Attachment

2019-05-01 12:58:18 - [TEST_STEP][PASSED] - I want to check large file error message: I want to check large file error message

2019-05-01 12:58:18 - [MESSAGE][PASSED] - Actual text and expected text of test object 'Object Repository/OOBObjects/IdeasListObjects/ErrorMessage' are matched.

2019-05-01 12:58:18 - [MESSAGE][PASSED] - I want to check large file error message

2019-05-01 12:58:18 - [TEST_STEP][PASSED] - I want to verify Attachment not added: I want to verify Attachment not added

2019-05-01 12:58:18 - [MESSAGE][WARNING] - Timeout '0' is invalid. Using default page load timeout: '30'

2019-05-01 12:58:18 - [MESSAGE][PASSED] - Web element with id: 'Object Repository/OOBObjects/IdeasListObjects/AttachedFile' located by 'By.xpath: //*[@id='AttachmentPath_attachement_div']/div[2]/a' is not present after '30' second(s)

2019-05-01 12:58:18 - [MESSAGE][PASSED] - I want to verify Attachment not added

2019-05-01 12:58:18 - [TEST_STEP][PASSED] - I want to close browser: I want to close browser

2019-05-01 12:58:19 - [MESSAGE][PASSED] - Browser is closed

2019-05-01 12:58:19 - [MESSAGE][PASSED] - I want to close browser

2019-05-01 12:58:19 - [MESSAGE][PASSED] - Feature file: 'Include/features/Governance-Module/Add-Idea/011-Upload-Large-Size-Attachment.feature' was passed]]></system-out>
         <system-err><![CDATA[]]></system-err>
      </testcase>
      <testcase name="Test Cases/Main-Test-Cases/012-Start-Date-Greater-Than-End-Date" classname="Test Cases/Main-Test-Cases/012-Start-Date-Greater-Than-End-Date" status="PASSED">
         <system-out><![CDATA[2019-05-01 12:58:19 - [TEST_CASE][PASSED] - Test Cases/Main-Test-Cases/012-Start-Date-Greater-Than-End-Date: Test Cases/Main-Test-Cases/012-Start-Date-Greater-Than-End-Date

2019-05-01 12:58:19 - [TEST_STEP][PASSED] - runFeatureFile("Include/features/Governance-Module/Add-Idea/012-Start-Date-Greater-Than-End-Date.feature"): Feature file: 'Include/features/Governance-Module/Add-Idea/012-Start-Date-Greater-Than-End-Date.feature' was passed

2019-05-01 12:58:19 - [MESSAGE][INFO] - Starting run keyword runFeatureFile: 'Include/features/Governance-Module/Add-Idea/012-Start-Date-Greater-Than-End-Date.feature' and extract report to folder: 'C:\Users\HP\git\PMO-Web-Application\Reports\First-Test-Suite\20190501_125337/cucumber_report/1556704699370'...

2019-05-01 12:58:19 - [TEST_CASE][PASSED] - Start Test Case : SCENARIO Check start date greater than end date error message: SCENARIO Check start date greater than end date error message

2019-05-01 12:58:19 - [TEST_STEP][PASSED] - I want to open browser: I want to open browser

2019-05-01 12:58:19 - [MESSAGE][INFO] - Starting 'Chrome' driver

2019-05-01 12:58:21 - [MESSAGE][PASSED] - Browser is opened with url: ''

2019-05-01 12:58:21 - [MESSAGE][PASSED] - Delete all cookies successfully

2019-05-01 12:58:21 - [MESSAGE][PASSED] - I want to open browser

2019-05-01 12:58:21 - [TEST_STEP][PASSED] - I want to maximize window: I want to maximize window

2019-05-01 12:58:22 - [MESSAGE][PASSED] - Current window maximized

2019-05-01 12:58:22 - [MESSAGE][PASSED] - I want to maximize window

2019-05-01 12:58:22 - [TEST_STEP][PASSED] - I want to go to OOB: I want to go to OOB

2019-05-01 12:58:36 - [MESSAGE][PASSED] - Navigate to 'https://pmoadmin:P@ssw0rd@dev5.cloudapp.net/OOB2/' successfully

2019-05-01 12:58:36 - [MESSAGE][PASSED] - I want to go to OOB

2019-05-01 12:58:36 - [TEST_STEP][PASSED] - I want to verify I'm in OOB main page: I want to verify I'm in OOB main page

2019-05-01 12:58:36 - [MESSAGE][WARNING] - Timeout '0' is invalid. Using default page load timeout: '30'

2019-05-01 12:58:36 - [MESSAGE][PASSED] - Object 'Object Repository/OOBObjects/HomepageObjects/OOBSideBar' is present

2019-05-01 12:58:36 - [MESSAGE][PASSED] - I want to verify I'm in OOB main page

2019-05-01 12:58:36 - [TEST_STEP][PASSED] - I want to go to ideas list page: I want to go to ideas list page

2019-05-01 12:58:44 - [MESSAGE][PASSED] - Object: 'Object Repository/OOBObjects/HomepageObjects/IdeasList' is clicked on

2019-05-01 12:58:44 - [MESSAGE][PASSED] - I want to go to ideas list page

2019-05-01 12:58:44 - [TEST_STEP][PASSED] - I want to click on Add New button: I want to click on Add New button

2019-05-01 12:58:45 - [MESSAGE][PASSED] - Object: 'Object Repository/OOBObjects/IdeasListObjects/AddNewIdeaButton' is clicked on

2019-05-01 12:58:45 - [MESSAGE][PASSED] - I want to click on Add New button

2019-05-01 12:58:45 - [TEST_STEP][PASSED] - I want to fill idea name field: I want to fill idea name field

2019-05-01 12:58:45 - [MESSAGE][PASSED] - Text 'Automation6081' is set on object 'Object Repository/OOBObjects/IdeasListObjects/Idea-Name-Field'

2019-05-01 12:58:45 - [MESSAGE][PASSED] - I want to fill idea name field

2019-05-01 12:58:45 - [TEST_STEP][PASSED] - I want to select start date greater than end date: I want to select start date greater than end date

2019-05-01 12:58:45 - [MESSAGE][PASSED] - Object: 'Object Repository/OOBObjects/IdeasListObjects/GREGORIAN-Start-date-Check-Box' is clicked on

2019-05-01 12:58:45 - [MESSAGE][PASSED] - Object: 'Object Repository/OOBObjects/IdeasListObjects/Excepted-Start-Date' is clicked on

2019-05-01 12:58:46 - [MESSAGE][PASSED] - All options with index in [7] are selected on object 'Object Repository/OOBObjects/IdeasListObjects/StartDateMonthDropDwon'

2019-05-01 12:58:46 - [MESSAGE][PASSED] - Object: 'Object Repository/OOBObjects/IdeasListObjects/Day26' is hovered

2019-05-01 12:58:46 - [MESSAGE][PASSED] - Object: 'Object Repository/OOBObjects/IdeasListObjects/Day26' is clicked on

2019-05-01 12:58:46 - [MESSAGE][PASSED] - Object 'Object Repository/OOBObjects/IdeasListObjects/GREGORIAN-End-Date-Check-Box' is visible

2019-05-01 12:58:46 - [MESSAGE][PASSED] - Object: 'Object Repository/OOBObjects/IdeasListObjects/GREGORIAN-End-Date-Check-Box' is clicked on

2019-05-01 12:58:51 - [MESSAGE][PASSED] - Delayed 5 second(s)

2019-05-01 12:58:51 - [MESSAGE][PASSED] - Object: 'Object Repository/OOBObjects/IdeasListObjects/Excpected-End-Date' is hovered

2019-05-01 12:58:51 - [MESSAGE][PASSED] - Object: 'Object Repository/OOBObjects/IdeasListObjects/Excpected-End-Date' is clicked on

2019-05-01 12:58:51 - [MESSAGE][PASSED] - All options with index in [4] are selected on object 'Object Repository/OOBObjects/IdeasListObjects/EndDateMonthDropdown'

2019-05-01 12:58:51 - [MESSAGE][PASSED] - Object: 'Object Repository/OOBObjects/IdeasListObjects/EndDateDay15' is hovered

2019-05-01 12:58:51 - [MESSAGE][PASSED] - Object: 'Object Repository/OOBObjects/IdeasListObjects/EndDateDay15' is clicked on

2019-05-01 12:58:51 - [MESSAGE][PASSED] - I want to select start date greater than end date

2019-05-01 12:58:51 - [TEST_STEP][PASSED] - I want to fill idea objective field: I want to fill idea objective field

2019-05-01 12:58:51 - [MESSAGE][PASSED] - Text 'Automation' is set on object 'Object Repository/OOBObjects/IdeasListObjects/Idea-Objective-Field'

2019-05-01 12:58:51 - [MESSAGE][PASSED] - I want to fill idea objective field

2019-05-01 12:58:51 - [TEST_STEP][PASSED] - I want to fill expected budget field: I want to fill expected budget field

2019-05-01 12:58:51 - [MESSAGE][PASSED] - Text '10000' is set on object 'Object Repository/OOBObjects/IdeasListObjects/Expected-Budget-Field'

2019-05-01 12:58:51 - [MESSAGE][PASSED] - I want to fill expected budget field

2019-05-01 12:58:51 - [TEST_STEP][PASSED] - I want to fill Notes field: I want to fill Notes field

2019-05-01 12:58:52 - [MESSAGE][PASSED] - Text 'test note' is set on object 'Object Repository/OOBObjects/IdeasListObjects/Notes-Field'

2019-05-01 12:58:52 - [MESSAGE][PASSED] - I want to fill Notes field

2019-05-01 12:58:52 - [TEST_STEP][PASSED] - I want to click send idea button: I want to click send idea button

2019-05-01 12:58:57 - [MESSAGE][PASSED] - Delayed 5 second(s)

2019-05-01 12:58:57 - [MESSAGE][WARNING] - Timeout '0' is invalid. Using default page load timeout: '30'

2019-05-01 12:58:57 - [MESSAGE][PASSED] - Scroll to object 'Object Repository/OOBObjects/IdeasListObjects/CardBlock' successfully

2019-05-01 12:58:57 - [MESSAGE][PASSED] - Object: 'Object Repository/OOBObjects/IdeasListObjects/SendIdeaButton' is clicked on

2019-05-01 12:58:57 - [MESSAGE][PASSED] - I want to click send idea button

2019-05-01 12:58:57 - [TEST_STEP][PASSED] - I want to check start date greater than end date error message: I want to check start date greater than end date error message

2019-05-01 12:58:57 - [MESSAGE][PASSED] - Actual text and expected text of test object 'Object Repository/OOBObjects/IdeasListObjects/ErrorMessage' are matched.

2019-05-01 12:58:57 - [MESSAGE][PASSED] - I want to check start date greater than end date error message

2019-05-01 12:58:57 - [TEST_STEP][PASSED] - I want to close browser: I want to close browser

2019-05-01 12:58:57 - [MESSAGE][PASSED] - Browser is closed

2019-05-01 12:58:57 - [MESSAGE][PASSED] - I want to close browser

2019-05-01 12:58:57 - [MESSAGE][PASSED] - Feature file: 'Include/features/Governance-Module/Add-Idea/012-Start-Date-Greater-Than-End-Date.feature' was passed]]></system-out>
         <system-err><![CDATA[]]></system-err>
      </testcase>
      <testcase name="Test Cases/Main-Test-Cases/013-Check-Duration-Field" classname="Test Cases/Main-Test-Cases/013-Check-Duration-Field" status="PASSED">
         <system-out><![CDATA[2019-05-01 12:58:57 - [TEST_CASE][PASSED] - Test Cases/Main-Test-Cases/013-Check-Duration-Field: Test Cases/Main-Test-Cases/013-Check-Duration-Field

2019-05-01 12:58:57 - [TEST_STEP][PASSED] - runFeatureFile("Include/features/Governance-Module/Add-Idea/013-Check-Duration-Field.feature"): Feature file: 'Include/features/Governance-Module/Add-Idea/013-Check-Duration-Field.feature' was passed

2019-05-01 12:58:57 - [MESSAGE][INFO] - Starting run keyword runFeatureFile: 'Include/features/Governance-Module/Add-Idea/013-Check-Duration-Field.feature' and extract report to folder: 'C:\Users\HP\git\PMO-Web-Application\Reports\First-Test-Suite\20190501_125337/cucumber_report/1556704737966'...

2019-05-01 12:58:58 - [TEST_CASE][PASSED] - Start Test Case : SCENARIO check that duration field filled automatically: SCENARIO check that duration field filled automatically

2019-05-01 12:58:58 - [TEST_STEP][PASSED] - I want to open browser: I want to open browser

2019-05-01 12:58:58 - [MESSAGE][INFO] - Starting 'Chrome' driver

2019-05-01 12:59:00 - [MESSAGE][PASSED] - Browser is opened with url: ''

2019-05-01 12:59:00 - [MESSAGE][PASSED] - Delete all cookies successfully

2019-05-01 12:59:00 - [MESSAGE][PASSED] - I want to open browser

2019-05-01 12:59:00 - [TEST_STEP][PASSED] - I want to maximize window: I want to maximize window

2019-05-01 12:59:01 - [MESSAGE][PASSED] - Current window maximized

2019-05-01 12:59:01 - [MESSAGE][PASSED] - I want to maximize window

2019-05-01 12:59:01 - [TEST_STEP][PASSED] - I want to go to OOB: I want to go to OOB

2019-05-01 12:59:10 - [MESSAGE][PASSED] - Navigate to 'https://pmoadmin:P@ssw0rd@dev5.cloudapp.net/OOB2/' successfully

2019-05-01 12:59:10 - [MESSAGE][PASSED] - I want to go to OOB

2019-05-01 12:59:10 - [TEST_STEP][PASSED] - I want to verify I'm in OOB main page: I want to verify I'm in OOB main page

2019-05-01 12:59:10 - [MESSAGE][WARNING] - Timeout '0' is invalid. Using default page load timeout: '30'

2019-05-01 12:59:10 - [MESSAGE][PASSED] - Object 'Object Repository/OOBObjects/HomepageObjects/OOBSideBar' is present

2019-05-01 12:59:10 - [MESSAGE][PASSED] - I want to verify I'm in OOB main page

2019-05-01 12:59:10 - [TEST_STEP][PASSED] - I want to go to ideas list page: I want to go to ideas list page

2019-05-01 12:59:14 - [MESSAGE][PASSED] - Object: 'Object Repository/OOBObjects/HomepageObjects/IdeasList' is clicked on

2019-05-01 12:59:14 - [MESSAGE][PASSED] - I want to go to ideas list page

2019-05-01 12:59:14 - [TEST_STEP][PASSED] - I want to click on Add New button: I want to click on Add New button

2019-05-01 12:59:15 - [MESSAGE][PASSED] - Object: 'Object Repository/OOBObjects/IdeasListObjects/AddNewIdeaButton' is clicked on

2019-05-01 12:59:15 - [MESSAGE][PASSED] - I want to click on Add New button

2019-05-01 12:59:15 - [TEST_STEP][PASSED] - I want to fill idea name field: I want to fill idea name field

2019-05-01 12:59:15 - [MESSAGE][PASSED] - Text 'Automation6283' is set on object 'Object Repository/OOBObjects/IdeasListObjects/Idea-Name-Field'

2019-05-01 12:59:15 - [MESSAGE][PASSED] - I want to fill idea name field

2019-05-01 12:59:15 - [TEST_STEP][PASSED] - I want to select expected start date: I want to select expected start date

2019-05-01 12:59:15 - [MESSAGE][PASSED] - Object: 'Object Repository/OOBObjects/IdeasListObjects//GREGORIAN-Start-date-Check-Box' is clicked on

2019-05-01 12:59:16 - [MESSAGE][PASSED] - Object: 'Object Repository/OOBObjects/IdeasListObjects//Excepted-Start-Date' is clicked on

2019-05-01 12:59:16 - [MESSAGE][PASSED] - All options with index in [5] are selected on object 'Object Repository/OOBObjects/IdeasListObjects/StartDateMonthDropDwon'

2019-05-01 12:59:16 - [MESSAGE][PASSED] - Object: 'Object Repository/OOBObjects/IdeasListObjects//Day26' is hovered

2019-05-01 12:59:16 - [MESSAGE][PASSED] - Object: 'Object Repository/OOBObjects/IdeasListObjects//Day26' is clicked on

2019-05-01 12:59:16 - [MESSAGE][PASSED] - I want to select expected start date

2019-05-01 12:59:16 - [TEST_STEP][PASSED] - I want to select expected end date: I want to select expected end date

2019-05-01 12:59:16 - [MESSAGE][PASSED] - Object 'Object Repository/OOBObjects/IdeasListObjects/GREGORIAN-End-Date-Check-Box' is visible

2019-05-01 12:59:16 - [MESSAGE][PASSED] - Object: 'Object Repository/OOBObjects/IdeasListObjects/GREGORIAN-End-Date-Check-Box' is clicked on

2019-05-01 12:59:18 - [MESSAGE][PASSED] - Delayed 2 second(s)

2019-05-01 12:59:18 - [MESSAGE][PASSED] - Object: 'Object Repository/OOBObjects/IdeasListObjects/Excpected-End-Date' is hovered

2019-05-01 12:59:18 - [MESSAGE][PASSED] - Object: 'Object Repository/OOBObjects/IdeasListObjects/Excpected-End-Date' is clicked on

2019-05-01 12:59:18 - [MESSAGE][PASSED] - All options with index in [6] are selected on object 'Object Repository/OOBObjects/IdeasListObjects/EndDateMonthDropdown'

2019-05-01 12:59:18 - [MESSAGE][PASSED] - Object: 'Object Repository/OOBObjects/IdeasListObjects/EndDateDay15' is hovered

2019-05-01 12:59:18 - [MESSAGE][PASSED] - Object: 'Object Repository/OOBObjects/IdeasListObjects/EndDateDay15' is clicked on

2019-05-01 12:59:18 - [MESSAGE][PASSED] - I want to select expected end date

2019-05-01 12:59:18 - [TEST_STEP][PASSED] - I want to check duration field filled automatically: I want to check duration field filled automatically

2019-05-01 12:59:18 - [MESSAGE][PASSED] - Text of object 'Object Repository/OOBObjects/IdeasListObjects/IdeaDurationField' is: ''

2019-05-01 12:59:18 - [MESSAGE][PASSED] - Actual object '' and expected object 'null' are not equal

2019-05-01 12:59:18 - [MESSAGE][PASSED] - I want to check duration field filled automatically

2019-05-01 12:59:18 - [TEST_STEP][PASSED] - I want to close browser: I want to close browser

2019-05-01 12:59:19 - [MESSAGE][PASSED] - Browser is closed

2019-05-01 12:59:19 - [MESSAGE][PASSED] - I want to close browser

2019-05-01 12:59:19 - [MESSAGE][PASSED] - Feature file: 'Include/features/Governance-Module/Add-Idea/013-Check-Duration-Field.feature' was passed]]></system-out>
         <system-err><![CDATA[]]></system-err>
      </testcase>
      <testcase name="Test Cases/Main-Test-Cases/014-Verify-Clicking-Load-With-No-Attachment" classname="Test Cases/Main-Test-Cases/014-Verify-Clicking-Load-With-No-Attachment" status="PASSED">
         <system-out><![CDATA[2019-05-01 12:59:19 - [TEST_CASE][PASSED] - Test Cases/Main-Test-Cases/014-Verify-Clicking-Load-With-No-Attachment: Test Cases/Main-Test-Cases/014-Verify-Clicking-Load-With-No-Attachment

2019-05-01 12:59:19 - [TEST_STEP][PASSED] - runFeatureFile("Include/features/Governance-Module/Add-Idea/014-Verify-Clicking-Load-With-No-Attachment.feature"): Feature file: 'Include/features/Governance-Module/Add-Idea/014-Verify-Clicking-Load-With-No-Attachment.feature' was passed

2019-05-01 12:59:19 - [MESSAGE][INFO] - Starting run keyword runFeatureFile: 'Include/features/Governance-Module/Add-Idea/014-Verify-Clicking-Load-With-No-Attachment.feature' and extract report to folder: 'C:\Users\HP\git\PMO-Web-Application\Reports\First-Test-Suite\20190501_125337/cucumber_report/1556704759550'...

2019-05-01 12:59:19 - [TEST_CASE][PASSED] - Start Test Case : SCENARIO Verify that choose file error message displays after clicking Load button without choosing attachment: SCENARIO Verify that choose file error message displays after clicking Load button without choosing attachment

2019-05-01 12:59:19 - [TEST_STEP][PASSED] - I want to open browser: I want to open browser

2019-05-01 12:59:19 - [MESSAGE][INFO] - Starting 'Chrome' driver

2019-05-01 12:59:21 - [MESSAGE][PASSED] - Browser is opened with url: ''

2019-05-01 12:59:21 - [MESSAGE][PASSED] - Delete all cookies successfully

2019-05-01 12:59:21 - [MESSAGE][PASSED] - I want to open browser

2019-05-01 12:59:21 - [TEST_STEP][PASSED] - I want to maximize window: I want to maximize window

2019-05-01 12:59:22 - [MESSAGE][PASSED] - Current window maximized

2019-05-01 12:59:22 - [MESSAGE][PASSED] - I want to maximize window

2019-05-01 12:59:22 - [TEST_STEP][PASSED] - I want to go to OOB: I want to go to OOB

2019-05-01 12:59:31 - [MESSAGE][PASSED] - Navigate to 'https://pmoadmin:P@ssw0rd@dev5.cloudapp.net/OOB2/' successfully

2019-05-01 12:59:31 - [MESSAGE][PASSED] - I want to go to OOB

2019-05-01 12:59:31 - [TEST_STEP][PASSED] - I want to verify I'm in OOB main page: I want to verify I'm in OOB main page

2019-05-01 12:59:31 - [MESSAGE][WARNING] - Timeout '0' is invalid. Using default page load timeout: '30'

2019-05-01 12:59:31 - [MESSAGE][PASSED] - Object 'Object Repository/OOBObjects/HomepageObjects/OOBSideBar' is present

2019-05-01 12:59:31 - [MESSAGE][PASSED] - I want to verify I'm in OOB main page

2019-05-01 12:59:31 - [TEST_STEP][PASSED] - I want to go to ideas list page: I want to go to ideas list page

2019-05-01 12:59:35 - [MESSAGE][PASSED] - Object: 'Object Repository/OOBObjects/HomepageObjects/IdeasList' is clicked on

2019-05-01 12:59:35 - [MESSAGE][PASSED] - I want to go to ideas list page

2019-05-01 12:59:35 - [TEST_STEP][PASSED] - I want to click on Add New button: I want to click on Add New button

2019-05-01 12:59:36 - [MESSAGE][PASSED] - Object: 'Object Repository/OOBObjects/IdeasListObjects/AddNewIdeaButton' is clicked on

2019-05-01 12:59:36 - [MESSAGE][PASSED] - I want to click on Add New button

2019-05-01 12:59:36 - [TEST_STEP][PASSED] - I want to click Add New Doc button: I want to click Add New Doc button

2019-05-01 12:59:36 - [MESSAGE][PASSED] - Object: 'Object Repository/OOBObjects/IdeasListObjects/Add-New-Document-Button' is clicked on

2019-05-01 12:59:36 - [MESSAGE][WARNING] - Timeout '0' is invalid. Using default page load timeout: '30'

2019-05-01 12:59:36 - [MESSAGE][PASSED] - Scroll to object 'Object Repository/OOBObjects/IdeasListObjects/Add-New-Document-Button' successfully

2019-05-01 12:59:36 - [MESSAGE][PASSED] - I want to click Add New Doc button

2019-05-01 12:59:36 - [TEST_STEP][PASSED] - I want to click Load button: I want to click Load button

2019-05-01 12:59:37 - [MESSAGE][PASSED] - Object: 'Object Repository/OOBObjects/IdeasListObjects/LoadButton' is clicked on

2019-05-01 12:59:37 - [MESSAGE][PASSED] - I want to click Load button

2019-05-01 12:59:37 - [TEST_STEP][PASSED] - I want to check choose file error message: I want to check choose file error message

2019-05-01 12:59:37 - [MESSAGE][PASSED] - Actual text and expected text of test object 'Object Repository/OOBObjects/IdeasListObjects/ErrorMessage' are matched.

2019-05-01 12:59:37 - [MESSAGE][PASSED] - I want to check choose file error message

2019-05-01 12:59:37 - [TEST_STEP][PASSED] - I want to verify Attachment not added: I want to verify Attachment not added

2019-05-01 12:59:37 - [MESSAGE][WARNING] - Timeout '0' is invalid. Using default page load timeout: '30'

2019-05-01 12:59:37 - [MESSAGE][PASSED] - Web element with id: 'Object Repository/OOBObjects/IdeasListObjects/AttachedFile' located by 'By.xpath: //*[@id='AttachmentPath_attachement_div']/div[2]/a' is not present after '30' second(s)

2019-05-01 12:59:37 - [MESSAGE][PASSED] - I want to verify Attachment not added

2019-05-01 12:59:37 - [TEST_STEP][PASSED] - I want to close browser: I want to close browser

2019-05-01 12:59:37 - [MESSAGE][PASSED] - Browser is closed

2019-05-01 12:59:37 - [MESSAGE][PASSED] - I want to close browser

2019-05-01 12:59:37 - [MESSAGE][PASSED] - Feature file: 'Include/features/Governance-Module/Add-Idea/014-Verify-Clicking-Load-With-No-Attachment.feature' was passed]]></system-out>
         <system-err><![CDATA[]]></system-err>
      </testcase>
      <testcase name="Test Cases/Main-Test-Cases/015-Verify-Hide-Optional-fields" classname="Test Cases/Main-Test-Cases/015-Verify-Hide-Optional-fields" status="PASSED">
         <system-out><![CDATA[2019-05-01 12:59:37 - [TEST_CASE][PASSED] - Test Cases/Main-Test-Cases/015-Verify-Hide-Optional-fields: Test Cases/Main-Test-Cases/015-Verify-Hide-Optional-fields

2019-05-01 12:59:37 - [TEST_STEP][PASSED] - runFeatureFile("Include/features/Governance-Module/Add-Idea/015-Verify-Hide-Optional-fields.feature"): Feature file: 'Include/features/Governance-Module/Add-Idea/015-Verify-Hide-Optional-fields.feature' was passed

2019-05-01 12:59:37 - [MESSAGE][INFO] - Starting run keyword runFeatureFile: 'Include/features/Governance-Module/Add-Idea/015-Verify-Hide-Optional-fields.feature' and extract report to folder: 'C:\Users\HP\git\PMO-Web-Application\Reports\First-Test-Suite\20190501_125337/cucumber_report/1556704777786'...

2019-05-01 12:59:37 - [TEST_CASE][PASSED] - Start Test Case : SCENARIO Verify Hide optional fields link: SCENARIO Verify Hide optional fields link

2019-05-01 12:59:37 - [TEST_STEP][PASSED] - I want to open browser: I want to open browser

2019-05-01 12:59:37 - [MESSAGE][INFO] - Starting 'Chrome' driver

2019-05-01 12:59:39 - [MESSAGE][PASSED] - Browser is opened with url: ''

2019-05-01 12:59:39 - [MESSAGE][PASSED] - Delete all cookies successfully

2019-05-01 12:59:39 - [MESSAGE][PASSED] - I want to open browser

2019-05-01 12:59:39 - [TEST_STEP][PASSED] - I want to maximize window: I want to maximize window

2019-05-01 12:59:41 - [MESSAGE][PASSED] - Current window maximized

2019-05-01 12:59:41 - [MESSAGE][PASSED] - I want to maximize window

2019-05-01 12:59:41 - [TEST_STEP][PASSED] - I want to go to OOB: I want to go to OOB

2019-05-01 12:59:49 - [MESSAGE][PASSED] - Navigate to 'https://pmoadmin:P@ssw0rd@dev5.cloudapp.net/OOB2/' successfully

2019-05-01 12:59:49 - [MESSAGE][PASSED] - I want to go to OOB

2019-05-01 12:59:49 - [TEST_STEP][PASSED] - I want to verify I'm in OOB main page: I want to verify I'm in OOB main page

2019-05-01 12:59:49 - [MESSAGE][WARNING] - Timeout '0' is invalid. Using default page load timeout: '30'

2019-05-01 12:59:49 - [MESSAGE][PASSED] - Object 'Object Repository/OOBObjects/HomepageObjects/OOBSideBar' is present

2019-05-01 12:59:49 - [MESSAGE][PASSED] - I want to verify I'm in OOB main page

2019-05-01 12:59:49 - [TEST_STEP][PASSED] - I want to go to ideas list page: I want to go to ideas list page

2019-05-01 12:59:54 - [MESSAGE][PASSED] - Object: 'Object Repository/OOBObjects/HomepageObjects/IdeasList' is clicked on

2019-05-01 12:59:54 - [MESSAGE][PASSED] - I want to go to ideas list page

2019-05-01 12:59:54 - [TEST_STEP][PASSED] - I want to click on Add New button: I want to click on Add New button

2019-05-01 12:59:55 - [MESSAGE][PASSED] - Object: 'Object Repository/OOBObjects/IdeasListObjects/AddNewIdeaButton' is clicked on

2019-05-01 12:59:55 - [MESSAGE][PASSED] - I want to click on Add New button

2019-05-01 12:59:55 - [TEST_STEP][PASSED] - I want to click on Hide optional fields link: I want to click on Hide optional fields link

2019-05-01 12:59:55 - [MESSAGE][PASSED] - Object: 'Object Repository/OOBObjects/IdeasListObjects/HideOptionalFields' is clicked on

2019-05-01 12:59:55 - [MESSAGE][PASSED] - I want to click on Hide optional fields link

2019-05-01 12:59:55 - [TEST_STEP][PASSED] - I want to verify optional fields disappear: I want to verify optional fields disappear

2019-05-01 12:59:55 - [MESSAGE][WARNING] - Timeout '0' is invalid. Using default page load timeout: '30'

2019-05-01 12:59:56 - [MESSAGE][PASSED] - Scroll to object 'Object Repository/OOBObjects/IdeasListObjects/Add-New-Document-Button' successfully

2019-05-01 12:59:56 - [MESSAGE][PASSED] - Object 'Object Repository/OOBObjects/IdeasListObjects/Notes-Field' is NOT visible

2019-05-01 12:59:56 - [MESSAGE][PASSED] - I want to verify optional fields disappear

2019-05-01 12:59:56 - [TEST_STEP][PASSED] - I want to close browser: I want to close browser

2019-05-01 12:59:56 - [MESSAGE][PASSED] - Browser is closed

2019-05-01 12:59:56 - [MESSAGE][PASSED] - I want to close browser

2019-05-01 12:59:56 - [MESSAGE][PASSED] - Feature file: 'Include/features/Governance-Module/Add-Idea/015-Verify-Hide-Optional-fields.feature' was passed]]></system-out>
         <system-err><![CDATA[]]></system-err>
      </testcase>
      <testcase name="Test Cases/Main-Test-Cases/016-Verify-Show-Optional-fields" classname="Test Cases/Main-Test-Cases/016-Verify-Show-Optional-fields" status="PASSED">
         <system-out><![CDATA[2019-05-01 12:59:56 - [TEST_CASE][PASSED] - Test Cases/Main-Test-Cases/016-Verify-Show-Optional-fields: Test Cases/Main-Test-Cases/016-Verify-Show-Optional-fields

2019-05-01 12:59:56 - [TEST_STEP][PASSED] - runFeatureFile("Include/features/Governance-Module/Add-Idea/016-Verify-Show-Optional-fields.feature"): Feature file: 'Include/features/Governance-Module/Add-Idea/016-Verify-Show-Optional-fields.feature' was passed

2019-05-01 12:59:56 - [MESSAGE][INFO] - Starting run keyword runFeatureFile: 'Include/features/Governance-Module/Add-Idea/016-Verify-Show-Optional-fields.feature' and extract report to folder: 'C:\Users\HP\git\PMO-Web-Application\Reports\First-Test-Suite\20190501_125337/cucumber_report/1556704796750'...

2019-05-01 12:59:56 - [TEST_CASE][PASSED] - Start Test Case : SCENARIO Verify Show optional fields link: SCENARIO Verify Show optional fields link

2019-05-01 12:59:56 - [TEST_STEP][PASSED] - I want to open browser: I want to open browser

2019-05-01 12:59:56 - [MESSAGE][INFO] - Starting 'Chrome' driver

2019-05-01 12:59:58 - [MESSAGE][PASSED] - Browser is opened with url: ''

2019-05-01 12:59:59 - [MESSAGE][PASSED] - Delete all cookies successfully

2019-05-01 12:59:59 - [MESSAGE][PASSED] - I want to open browser

2019-05-01 12:59:59 - [TEST_STEP][PASSED] - I want to maximize window: I want to maximize window

2019-05-01 13:00:00 - [MESSAGE][PASSED] - Current window maximized

2019-05-01 13:00:00 - [MESSAGE][PASSED] - I want to maximize window

2019-05-01 13:00:00 - [TEST_STEP][PASSED] - I want to go to OOB: I want to go to OOB

2019-05-01 13:00:10 - [MESSAGE][PASSED] - Navigate to 'https://pmoadmin:P@ssw0rd@dev5.cloudapp.net/OOB2/' successfully

2019-05-01 13:00:10 - [MESSAGE][PASSED] - I want to go to OOB

2019-05-01 13:00:10 - [TEST_STEP][PASSED] - I want to verify I'm in OOB main page: I want to verify I'm in OOB main page

2019-05-01 13:00:10 - [MESSAGE][WARNING] - Timeout '0' is invalid. Using default page load timeout: '30'

2019-05-01 13:00:10 - [MESSAGE][PASSED] - Object 'Object Repository/OOBObjects/HomepageObjects/OOBSideBar' is present

2019-05-01 13:00:10 - [MESSAGE][PASSED] - I want to verify I'm in OOB main page

2019-05-01 13:00:10 - [TEST_STEP][PASSED] - I want to go to ideas list page: I want to go to ideas list page

2019-05-01 13:00:14 - [MESSAGE][PASSED] - Object: 'Object Repository/OOBObjects/HomepageObjects/IdeasList' is clicked on

2019-05-01 13:00:14 - [MESSAGE][PASSED] - I want to go to ideas list page

2019-05-01 13:00:14 - [TEST_STEP][PASSED] - I want to click on Add New button: I want to click on Add New button

2019-05-01 13:00:15 - [MESSAGE][PASSED] - Object: 'Object Repository/OOBObjects/IdeasListObjects/AddNewIdeaButton' is clicked on

2019-05-01 13:00:15 - [MESSAGE][PASSED] - I want to click on Add New button

2019-05-01 13:00:15 - [TEST_STEP][PASSED] - I want to click on Hide optional fields link: I want to click on Hide optional fields link

2019-05-01 13:00:16 - [MESSAGE][PASSED] - Object: 'Object Repository/OOBObjects/IdeasListObjects/HideOptionalFields' is clicked on

2019-05-01 13:00:16 - [MESSAGE][PASSED] - I want to click on Hide optional fields link

2019-05-01 13:00:16 - [TEST_STEP][PASSED] - I want to verify optional fields disappear: I want to verify optional fields disappear

2019-05-01 13:00:16 - [MESSAGE][WARNING] - Timeout '0' is invalid. Using default page load timeout: '30'

2019-05-01 13:00:16 - [MESSAGE][PASSED] - Scroll to object 'Object Repository/OOBObjects/IdeasListObjects/Add-New-Document-Button' successfully

2019-05-01 13:00:16 - [MESSAGE][PASSED] - Object 'Object Repository/OOBObjects/IdeasListObjects/Notes-Field' is NOT visible

2019-05-01 13:00:16 - [MESSAGE][PASSED] - I want to verify optional fields disappear

2019-05-01 13:00:16 - [TEST_STEP][PASSED] - I want to click on Show optional fields link: I want to click on Show optional fields link

2019-05-01 13:00:19 - [MESSAGE][PASSED] - Delayed 3 second(s)

2019-05-01 13:00:19 - [MESSAGE][WARNING] - Timeout '0' is invalid. Using default page load timeout: '30'

2019-05-01 13:00:19 - [MESSAGE][PASSED] - Scroll to object 'Object Repository/OOBObjects/IdeasListObjects/HomePage-Breadcrumb' successfully

2019-05-01 13:00:19 - [MESSAGE][PASSED] - Object: 'Object Repository/OOBObjects/IdeasListObjects/ShowOptionalFields' is clicked on

2019-05-01 13:00:19 - [MESSAGE][PASSED] - I want to click on Show optional fields link

2019-05-01 13:00:19 - [TEST_STEP][PASSED] - I want to verify optional fields appear: I want to verify optional fields appear

2019-05-01 13:00:19 - [MESSAGE][WARNING] - Timeout '0' is invalid. Using default page load timeout: '30'

2019-05-01 13:00:19 - [MESSAGE][PASSED] - Scroll to object 'Object Repository/OOBObjects/IdeasListObjects/Add-New-Document-Button' successfully

2019-05-01 13:00:19 - [MESSAGE][PASSED] - Object 'Object Repository/OOBObjects/IdeasListObjects/Notes-Field' is visible

2019-05-01 13:00:19 - [MESSAGE][PASSED] - I want to verify optional fields appear

2019-05-01 13:00:19 - [TEST_STEP][PASSED] - I want to close browser: I want to close browser

2019-05-01 13:00:19 - [MESSAGE][PASSED] - Browser is closed

2019-05-01 13:00:19 - [MESSAGE][PASSED] - I want to close browser

2019-05-01 13:00:19 - [MESSAGE][PASSED] - Feature file: 'Include/features/Governance-Module/Add-Idea/016-Verify-Show-Optional-fields.feature' was passed]]></system-out>
         <system-err><![CDATA[]]></system-err>
      </testcase>
      <testcase name="Test Cases/Main-Test-Cases/017-Submit-Idea-and-Check-its-Sent-to-PMO" classname="Test Cases/Main-Test-Cases/017-Submit-Idea-and-Check-its-Sent-to-PMO" status="FAILED">
         <failure type="FAILED" message="Test Cases/Main-Test-Cases/017-Submit-Idea-and-Check-its-Sent-to-PMO FAILED.
Reason:
com.kms.katalon.core.exception.StepFailedException: Keyword runFeatureFile was failed (Root cause: java.lang.IllegalArgumentException: Not a file or directory: C:\Users\HP\git\PMO-Web-Application\Include\features\Governance-Module\Add-Idea\016-Submit-Idea-and-Check-its-Sent-to-PMO.feature
	at cucumber.runtime.io.FileResourceIterator$FileIterator.&lt;init>(FileResourceIterator.java:63)
	at cucumber.runtime.io.FileResourceIterator.&lt;init>(FileResourceIterator.java:28)
	at cucumber.runtime.io.FileResourceIterator.createFileResourceIterator(FileResourceIterator.java:14)
	at cucumber.runtime.io.FileResourceIterable.iterator(FileResourceIterable.java:19)
	at cucumber.runtime.model.CucumberFeature.loadFromFeaturePath(CucumberFeature.java:111)
	at cucumber.runtime.model.CucumberFeature.load(CucumberFeature.java:48)
	at cucumber.runtime.model.CucumberFeature.load(CucumberFeature.java:30)
	at cucumber.runtime.RuntimeOptions.cucumberFeatures(RuntimeOptions.java:305)
	at cucumber.runtime.Runtime.run(Runtime.java:97)
	at cucumber.api.cli.Main.run(Main.java:35)
	at cucumber.api.cli.Main$run.call(Unknown Source)
	at com.kms.katalon.core.cucumber.keyword.CucumberBuiltinKeywords$_runFeatureFile_closure1.doCall(CucumberBuiltinKeywords.groovy:76)
	at com.kms.katalon.core.cucumber.keyword.CucumberBuiltinKeywords$_runFeatureFile_closure1.doCall(CucumberBuiltinKeywords.groovy)
	at com.kms.katalon.core.keyword.internal.KeywordMain.runKeyword(KeywordMain.groovy:66)
	at com.kms.katalon.core.keyword.internal.KeywordMain$runKeyword.call(Unknown Source)
	at com.kms.katalon.core.cucumber.keyword.CucumberBuiltinKeywords.runFeatureFile(CucumberBuiltinKeywords.groovy:46)
	at com.kms.katalon.core.cucumber.keyword.CucumberBuiltinKeywords$runFeatureFile$0.callStatic(Unknown Source)
	at com.kms.katalon.core.cucumber.keyword.CucumberBuiltinKeywords.runFeatureFile(CucumberBuiltinKeywords.groovy:101)
	at com.kms.katalon.core.cucumber.keyword.CucumberBuiltinKeywords$runFeatureFile.call(Unknown Source)
	at 017-Submit-Idea-and-Check-its-Sent-to-PMO.run(017-Submit-Idea-and-Check-its-Sent-to-PMO:18)
	at com.kms.katalon.core.main.ScriptEngine.run(ScriptEngine.java:194)
	at com.kms.katalon.core.main.ScriptEngine.runScriptAsRawText(ScriptEngine.java:119)
	at com.kms.katalon.core.main.TestCaseExecutor.runScript(TestCaseExecutor.java:331)
	at com.kms.katalon.core.main.TestCaseExecutor.doExecute(TestCaseExecutor.java:322)
	at com.kms.katalon.core.main.TestCaseExecutor.processExecutionPhase(TestCaseExecutor.java:301)
	at com.kms.katalon.core.main.TestCaseExecutor.accessMainPhase(TestCaseExecutor.java:293)
	at com.kms.katalon.core.main.TestCaseExecutor.execute(TestCaseExecutor.java:227)
	at com.kms.katalon.core.main.TestSuiteExecutor.accessTestCaseMainPhase(TestSuiteExecutor.java:129)
	at com.kms.katalon.core.main.TestSuiteExecutor.accessTestSuiteMainPhase(TestSuiteExecutor.java:112)
	at com.kms.katalon.core.main.TestSuiteExecutor.execute(TestSuiteExecutor.java:81)
	at com.kms.katalon.core.main.TestCaseMain.startTestSuite(TestCaseMain.java:157)
	at com.kms.katalon.core.main.TestCaseMain$startTestSuite$0.call(Unknown Source)
	at TempTestSuite1556704417080.run(TempTestSuite1556704417080.groovy:35)
)
	at com.kms.katalon.core.keyword.internal.KeywordMain.stepFailed(KeywordMain.groovy:48)
	at com.kms.katalon.core.keyword.internal.KeywordMain.stepFailed(KeywordMain.groovy)
	at com.kms.katalon.core.keyword.internal.KeywordMain.runKeyword(KeywordMain.groovy:68)
	at com.kms.katalon.core.keyword.internal.KeywordMain$runKeyword.call(Unknown Source)
	at com.kms.katalon.core.cucumber.keyword.CucumberBuiltinKeywords.runFeatureFile(CucumberBuiltinKeywords.groovy:46)
	at com.kms.katalon.core.cucumber.keyword.CucumberBuiltinKeywords$runFeatureFile$0.callStatic(Unknown Source)
	at com.kms.katalon.core.cucumber.keyword.CucumberBuiltinKeywords.runFeatureFile(CucumberBuiltinKeywords.groovy:101)
	at com.kms.katalon.core.cucumber.keyword.CucumberBuiltinKeywords$runFeatureFile.call(Unknown Source)
	at 017-Submit-Idea-and-Check-its-Sent-to-PMO.run(017-Submit-Idea-and-Check-its-Sent-to-PMO:18)
	at com.kms.katalon.core.main.ScriptEngine.run(ScriptEngine.java:194)
	at com.kms.katalon.core.main.ScriptEngine.runScriptAsRawText(ScriptEngine.java:119)
	at com.kms.katalon.core.main.TestCaseExecutor.runScript(TestCaseExecutor.java:331)
	at com.kms.katalon.core.main.TestCaseExecutor.doExecute(TestCaseExecutor.java:322)
	at com.kms.katalon.core.main.TestCaseExecutor.processExecutionPhase(TestCaseExecutor.java:301)
	at com.kms.katalon.core.main.TestCaseExecutor.accessMainPhase(TestCaseExecutor.java:293)
	at com.kms.katalon.core.main.TestCaseExecutor.execute(TestCaseExecutor.java:227)
	at com.kms.katalon.core.main.TestSuiteExecutor.accessTestCaseMainPhase(TestSuiteExecutor.java:129)
	at com.kms.katalon.core.main.TestSuiteExecutor.accessTestSuiteMainPhase(TestSuiteExecutor.java:112)
	at com.kms.katalon.core.main.TestSuiteExecutor.execute(TestSuiteExecutor.java:81)
	at com.kms.katalon.core.main.TestCaseMain.startTestSuite(TestCaseMain.java:157)
	at com.kms.katalon.core.main.TestCaseMain$startTestSuite$0.call(Unknown Source)
	at TempTestSuite1556704417080.run(TempTestSuite1556704417080.groovy:35)
Caused by: java.lang.IllegalArgumentException: Not a file or directory: C:\Users\HP\git\PMO-Web-Application\Include\features\Governance-Module\Add-Idea\016-Submit-Idea-and-Check-its-Sent-to-PMO.feature
	at cucumber.runtime.io.FileResourceIterator$FileIterator.&lt;init>(FileResourceIterator.java:63)
	at cucumber.runtime.io.FileResourceIterator.&lt;init>(FileResourceIterator.java:28)
	at cucumber.runtime.io.FileResourceIterator.createFileResourceIterator(FileResourceIterator.java:14)
	at cucumber.runtime.io.FileResourceIterable.iterator(FileResourceIterable.java:19)
	at cucumber.runtime.model.CucumberFeature.loadFromFeaturePath(CucumberFeature.java:111)
	at cucumber.runtime.model.CucumberFeature.load(CucumberFeature.java:48)
	at cucumber.runtime.model.CucumberFeature.load(CucumberFeature.java:30)
	at cucumber.runtime.RuntimeOptions.cucumberFeatures(RuntimeOptions.java:305)
	at cucumber.runtime.Runtime.run(Runtime.java:97)
	at cucumber.api.cli.Main.run(Main.java:35)
	at cucumber.api.cli.Main$run.call(Unknown Source)
	at com.kms.katalon.core.cucumber.keyword.CucumberBuiltinKeywords$_runFeatureFile_closure1.doCall(CucumberBuiltinKeywords.groovy:76)
	at com.kms.katalon.core.cucumber.keyword.CucumberBuiltinKeywords$_runFeatureFile_closure1.doCall(CucumberBuiltinKeywords.groovy)
	at com.kms.katalon.core.keyword.internal.KeywordMain.runKeyword(KeywordMain.groovy:66)
	... 19 more
"/>
         <system-out><![CDATA[2019-05-01 13:00:19 - [TEST_CASE][FAILED] - Test Cases/Main-Test-Cases/017-Submit-Idea-and-Check-its-Sent-to-PMO: Test Cases/Main-Test-Cases/017-Submit-Idea-and-Check-its-Sent-to-PMO FAILED.
Reason:
com.kms.katalon.core.exception.StepFailedException: Keyword runFeatureFile was failed (Root cause: java.lang.IllegalArgumentException: Not a file or directory: C:\Users\HP\git\PMO-Web-Application\Include\features\Governance-Module\Add-Idea\016-Submit-Idea-and-Check-its-Sent-to-PMO.feature
	at cucumber.runtime.io.FileResourceIterator$FileIterator.<init>(FileResourceIterator.java:63)
	at cucumber.runtime.io.FileResourceIterator.<init>(FileResourceIterator.java:28)
	at cucumber.runtime.io.FileResourceIterator.createFileResourceIterator(FileResourceIterator.java:14)
	at cucumber.runtime.io.FileResourceIterable.iterator(FileResourceIterable.java:19)
	at cucumber.runtime.model.CucumberFeature.loadFromFeaturePath(CucumberFeature.java:111)
	at cucumber.runtime.model.CucumberFeature.load(CucumberFeature.java:48)
	at cucumber.runtime.model.CucumberFeature.load(CucumberFeature.java:30)
	at cucumber.runtime.RuntimeOptions.cucumberFeatures(RuntimeOptions.java:305)
	at cucumber.runtime.Runtime.run(Runtime.java:97)
	at cucumber.api.cli.Main.run(Main.java:35)
	at cucumber.api.cli.Main$run.call(Unknown Source)
	at com.kms.katalon.core.cucumber.keyword.CucumberBuiltinKeywords$_runFeatureFile_closure1.doCall(CucumberBuiltinKeywords.groovy:76)
	at com.kms.katalon.core.cucumber.keyword.CucumberBuiltinKeywords$_runFeatureFile_closure1.doCall(CucumberBuiltinKeywords.groovy)
	at com.kms.katalon.core.keyword.internal.KeywordMain.runKeyword(KeywordMain.groovy:66)
	at com.kms.katalon.core.keyword.internal.KeywordMain$runKeyword.call(Unknown Source)
	at com.kms.katalon.core.cucumber.keyword.CucumberBuiltinKeywords.runFeatureFile(CucumberBuiltinKeywords.groovy:46)
	at com.kms.katalon.core.cucumber.keyword.CucumberBuiltinKeywords$runFeatureFile$0.callStatic(Unknown Source)
	at com.kms.katalon.core.cucumber.keyword.CucumberBuiltinKeywords.runFeatureFile(CucumberBuiltinKeywords.groovy:101)
	at com.kms.katalon.core.cucumber.keyword.CucumberBuiltinKeywords$runFeatureFile.call(Unknown Source)
	at 017-Submit-Idea-and-Check-its-Sent-to-PMO.run(017-Submit-Idea-and-Check-its-Sent-to-PMO:18)
	at com.kms.katalon.core.main.ScriptEngine.run(ScriptEngine.java:194)
	at com.kms.katalon.core.main.ScriptEngine.runScriptAsRawText(ScriptEngine.java:119)
	at com.kms.katalon.core.main.TestCaseExecutor.runScript(TestCaseExecutor.java:331)
	at com.kms.katalon.core.main.TestCaseExecutor.doExecute(TestCaseExecutor.java:322)
	at com.kms.katalon.core.main.TestCaseExecutor.processExecutionPhase(TestCaseExecutor.java:301)
	at com.kms.katalon.core.main.TestCaseExecutor.accessMainPhase(TestCaseExecutor.java:293)
	at com.kms.katalon.core.main.TestCaseExecutor.execute(TestCaseExecutor.java:227)
	at com.kms.katalon.core.main.TestSuiteExecutor.accessTestCaseMainPhase(TestSuiteExecutor.java:129)
	at com.kms.katalon.core.main.TestSuiteExecutor.accessTestSuiteMainPhase(TestSuiteExecutor.java:112)
	at com.kms.katalon.core.main.TestSuiteExecutor.execute(TestSuiteExecutor.java:81)
	at com.kms.katalon.core.main.TestCaseMain.startTestSuite(TestCaseMain.java:157)
	at com.kms.katalon.core.main.TestCaseMain$startTestSuite$0.call(Unknown Source)
	at TempTestSuite1556704417080.run(TempTestSuite1556704417080.groovy:35)
)
	at com.kms.katalon.core.keyword.internal.KeywordMain.stepFailed(KeywordMain.groovy:48)
	at com.kms.katalon.core.keyword.internal.KeywordMain.stepFailed(KeywordMain.groovy)
	at com.kms.katalon.core.keyword.internal.KeywordMain.runKeyword(KeywordMain.groovy:68)
	at com.kms.katalon.core.keyword.internal.KeywordMain$runKeyword.call(Unknown Source)
	at com.kms.katalon.core.cucumber.keyword.CucumberBuiltinKeywords.runFeatureFile(CucumberBuiltinKeywords.groovy:46)
	at com.kms.katalon.core.cucumber.keyword.CucumberBuiltinKeywords$runFeatureFile$0.callStatic(Unknown Source)
	at com.kms.katalon.core.cucumber.keyword.CucumberBuiltinKeywords.runFeatureFile(CucumberBuiltinKeywords.groovy:101)
	at com.kms.katalon.core.cucumber.keyword.CucumberBuiltinKeywords$runFeatureFile.call(Unknown Source)
	at 017-Submit-Idea-and-Check-its-Sent-to-PMO.run(017-Submit-Idea-and-Check-its-Sent-to-PMO:18)
	at com.kms.katalon.core.main.ScriptEngine.run(ScriptEngine.java:194)
	at com.kms.katalon.core.main.ScriptEngine.runScriptAsRawText(ScriptEngine.java:119)
	at com.kms.katalon.core.main.TestCaseExecutor.runScript(TestCaseExecutor.java:331)
	at com.kms.katalon.core.main.TestCaseExecutor.doExecute(TestCaseExecutor.java:322)
	at com.kms.katalon.core.main.TestCaseExecutor.processExecutionPhase(TestCaseExecutor.java:301)
	at com.kms.katalon.core.main.TestCaseExecutor.accessMainPhase(TestCaseExecutor.java:293)
	at com.kms.katalon.core.main.TestCaseExecutor.execute(TestCaseExecutor.java:227)
	at com.kms.katalon.core.main.TestSuiteExecutor.accessTestCaseMainPhase(TestSuiteExecutor.java:129)
	at com.kms.katalon.core.main.TestSuiteExecutor.accessTestSuiteMainPhase(TestSuiteExecutor.java:112)
	at com.kms.katalon.core.main.TestSuiteExecutor.execute(TestSuiteExecutor.java:81)
	at com.kms.katalon.core.main.TestCaseMain.startTestSuite(TestCaseMain.java:157)
	at com.kms.katalon.core.main.TestCaseMain$startTestSuite$0.call(Unknown Source)
	at TempTestSuite1556704417080.run(TempTestSuite1556704417080.groovy:35)
Caused by: java.lang.IllegalArgumentException: Not a file or directory: C:\Users\HP\git\PMO-Web-Application\Include\features\Governance-Module\Add-Idea\016-Submit-Idea-and-Check-its-Sent-to-PMO.feature
	at cucumber.runtime.io.FileResourceIterator$FileIterator.<init>(FileResourceIterator.java:63)
	at cucumber.runtime.io.FileResourceIterator.<init>(FileResourceIterator.java:28)
	at cucumber.runtime.io.FileResourceIterator.createFileResourceIterator(FileResourceIterator.java:14)
	at cucumber.runtime.io.FileResourceIterable.iterator(FileResourceIterable.java:19)
	at cucumber.runtime.model.CucumberFeature.loadFromFeaturePath(CucumberFeature.java:111)
	at cucumber.runtime.model.CucumberFeature.load(CucumberFeature.java:48)
	at cucumber.runtime.model.CucumberFeature.load(CucumberFeature.java:30)
	at cucumber.runtime.RuntimeOptions.cucumberFeatures(RuntimeOptions.java:305)
	at cucumber.runtime.Runtime.run(Runtime.java:97)
	at cucumber.api.cli.Main.run(Main.java:35)
	at cucumber.api.cli.Main$run.call(Unknown Source)
	at com.kms.katalon.core.cucumber.keyword.CucumberBuiltinKeywords$_runFeatureFile_closure1.doCall(CucumberBuiltinKeywords.groovy:76)
	at com.kms.katalon.core.cucumber.keyword.CucumberBuiltinKeywords$_runFeatureFile_closure1.doCall(CucumberBuiltinKeywords.groovy)
	at com.kms.katalon.core.keyword.internal.KeywordMain.runKeyword(KeywordMain.groovy:66)
	... 19 more


2019-05-01 13:00:19 - [TEST_STEP][FAILED] - runFeatureFile("Include/features/Governance-Module/Add-Idea/016-Submit-Idea-and-Check-its-Sent-to-PMO.feature"): runFeatureFile("Include/features/Governance-Module/Add-Idea/016-Submit-Idea-and-Check-its-Sent-to-PMO.feature") FAILED.
Reason:
com.kms.katalon.core.exception.StepFailedException: Keyword runFeatureFile was failed (Root cause: java.lang.IllegalArgumentException: Not a file or directory: C:\Users\HP\git\PMO-Web-Application\Include\features\Governance-Module\Add-Idea\016-Submit-Idea-and-Check-its-Sent-to-PMO.feature
	at cucumber.runtime.io.FileResourceIterator$FileIterator.<init>(FileResourceIterator.java:63)
	at cucumber.runtime.io.FileResourceIterator.<init>(FileResourceIterator.java:28)
	at cucumber.runtime.io.FileResourceIterator.createFileResourceIterator(FileResourceIterator.java:14)
	at cucumber.runtime.io.FileResourceIterable.iterator(FileResourceIterable.java:19)
	at cucumber.runtime.model.CucumberFeature.loadFromFeaturePath(CucumberFeature.java:111)
	at cucumber.runtime.model.CucumberFeature.load(CucumberFeature.java:48)
	at cucumber.runtime.model.CucumberFeature.load(CucumberFeature.java:30)
	at cucumber.runtime.RuntimeOptions.cucumberFeatures(RuntimeOptions.java:305)
	at cucumber.runtime.Runtime.run(Runtime.java:97)
	at cucumber.api.cli.Main.run(Main.java:35)
	at cucumber.api.cli.Main$run.call(Unknown Source)
	at com.kms.katalon.core.cucumber.keyword.CucumberBuiltinKeywords$_runFeatureFile_closure1.doCall(CucumberBuiltinKeywords.groovy:76)
	at com.kms.katalon.core.cucumber.keyword.CucumberBuiltinKeywords$_runFeatureFile_closure1.doCall(CucumberBuiltinKeywords.groovy)
	at com.kms.katalon.core.keyword.internal.KeywordMain.runKeyword(KeywordMain.groovy:66)
	at com.kms.katalon.core.keyword.internal.KeywordMain$runKeyword.call(Unknown Source)
	at com.kms.katalon.core.cucumber.keyword.CucumberBuiltinKeywords.runFeatureFile(CucumberBuiltinKeywords.groovy:46)
	at com.kms.katalon.core.cucumber.keyword.CucumberBuiltinKeywords$runFeatureFile$0.callStatic(Unknown Source)
	at com.kms.katalon.core.cucumber.keyword.CucumberBuiltinKeywords.runFeatureFile(CucumberBuiltinKeywords.groovy:101)
	at com.kms.katalon.core.cucumber.keyword.CucumberBuiltinKeywords$runFeatureFile.call(Unknown Source)
	at 017-Submit-Idea-and-Check-its-Sent-to-PMO.run(017-Submit-Idea-and-Check-its-Sent-to-PMO:18)
	at com.kms.katalon.core.main.ScriptEngine.run(ScriptEngine.java:194)
	at com.kms.katalon.core.main.ScriptEngine.runScriptAsRawText(ScriptEngine.java:119)
	at com.kms.katalon.core.main.TestCaseExecutor.runScript(TestCaseExecutor.java:331)
	at com.kms.katalon.core.main.TestCaseExecutor.doExecute(TestCaseExecutor.java:322)
	at com.kms.katalon.core.main.TestCaseExecutor.processExecutionPhase(TestCaseExecutor.java:301)
	at com.kms.katalon.core.main.TestCaseExecutor.accessMainPhase(TestCaseExecutor.java:293)
	at com.kms.katalon.core.main.TestCaseExecutor.execute(TestCaseExecutor.java:227)
	at com.kms.katalon.core.main.TestSuiteExecutor.accessTestCaseMainPhase(TestSuiteExecutor.java:129)
	at com.kms.katalon.core.main.TestSuiteExecutor.accessTestSuiteMainPhase(TestSuiteExecutor.java:112)
	at com.kms.katalon.core.main.TestSuiteExecutor.execute(TestSuiteExecutor.java:81)
	at com.kms.katalon.core.main.TestCaseMain.startTestSuite(TestCaseMain.java:157)
	at com.kms.katalon.core.main.TestCaseMain$startTestSuite$0.call(Unknown Source)
	at TempTestSuite1556704417080.run(TempTestSuite1556704417080.groovy:35)
)
	at com.kms.katalon.core.keyword.internal.KeywordMain.stepFailed(KeywordMain.groovy:48)
	at com.kms.katalon.core.keyword.internal.KeywordMain.stepFailed(KeywordMain.groovy)
	at com.kms.katalon.core.keyword.internal.KeywordMain.runKeyword(KeywordMain.groovy:68)
	at com.kms.katalon.core.keyword.internal.KeywordMain$runKeyword.call(Unknown Source)
	at com.kms.katalon.core.cucumber.keyword.CucumberBuiltinKeywords.runFeatureFile(CucumberBuiltinKeywords.groovy:46)
	at com.kms.katalon.core.cucumber.keyword.CucumberBuiltinKeywords$runFeatureFile$0.callStatic(Unknown Source)
	at com.kms.katalon.core.cucumber.keyword.CucumberBuiltinKeywords.runFeatureFile(CucumberBuiltinKeywords.groovy:101)
	at com.kms.katalon.core.cucumber.keyword.CucumberBuiltinKeywords$runFeatureFile.call(Unknown Source)
	at 017-Submit-Idea-and-Check-its-Sent-to-PMO.run(017-Submit-Idea-and-Check-its-Sent-to-PMO:18)
	at com.kms.katalon.core.main.ScriptEngine.run(ScriptEngine.java:194)
	at com.kms.katalon.core.main.ScriptEngine.runScriptAsRawText(ScriptEngine.java:119)
	at com.kms.katalon.core.main.TestCaseExecutor.runScript(TestCaseExecutor.java:331)
	at com.kms.katalon.core.main.TestCaseExecutor.doExecute(TestCaseExecutor.java:322)
	at com.kms.katalon.core.main.TestCaseExecutor.processExecutionPhase(TestCaseExecutor.java:301)
	at com.kms.katalon.core.main.TestCaseExecutor.accessMainPhase(TestCaseExecutor.java:293)
	at com.kms.katalon.core.main.TestCaseExecutor.execute(TestCaseExecutor.java:227)
	at com.kms.katalon.core.main.TestSuiteExecutor.accessTestCaseMainPhase(TestSuiteExecutor.java:129)
	at com.kms.katalon.core.main.TestSuiteExecutor.accessTestSuiteMainPhase(TestSuiteExecutor.java:112)
	at com.kms.katalon.core.main.TestSuiteExecutor.execute(TestSuiteExecutor.java:81)
	at com.kms.katalon.core.main.TestCaseMain.startTestSuite(TestCaseMain.java:157)
	at com.kms.katalon.core.main.TestCaseMain$startTestSuite$0.call(Unknown Source)
	at TempTestSuite1556704417080.run(TempTestSuite1556704417080.groovy:35)
Caused by: java.lang.IllegalArgumentException: Not a file or directory: C:\Users\HP\git\PMO-Web-Application\Include\features\Governance-Module\Add-Idea\016-Submit-Idea-and-Check-its-Sent-to-PMO.feature
	at cucumber.runtime.io.FileResourceIterator$FileIterator.<init>(FileResourceIterator.java:63)
	at cucumber.runtime.io.FileResourceIterator.<init>(FileResourceIterator.java:28)
	at cucumber.runtime.io.FileResourceIterator.createFileResourceIterator(FileResourceIterator.java:14)
	at cucumber.runtime.io.FileResourceIterable.iterator(FileResourceIterable.java:19)
	at cucumber.runtime.model.CucumberFeature.loadFromFeaturePath(CucumberFeature.java:111)
	at cucumber.runtime.model.CucumberFeature.load(CucumberFeature.java:48)
	at cucumber.runtime.model.CucumberFeature.load(CucumberFeature.java:30)
	at cucumber.runtime.RuntimeOptions.cucumberFeatures(RuntimeOptions.java:305)
	at cucumber.runtime.Runtime.run(Runtime.java:97)
	at cucumber.api.cli.Main.run(Main.java:35)
	at cucumber.api.cli.Main$run.call(Unknown Source)
	at com.kms.katalon.core.cucumber.keyword.CucumberBuiltinKeywords$_runFeatureFile_closure1.doCall(CucumberBuiltinKeywords.groovy:76)
	at com.kms.katalon.core.cucumber.keyword.CucumberBuiltinKeywords$_runFeatureFile_closure1.doCall(CucumberBuiltinKeywords.groovy)
	at com.kms.katalon.core.keyword.internal.KeywordMain.runKeyword(KeywordMain.groovy:66)
	... 19 more


2019-05-01 13:00:19 - [MESSAGE][INFO] - Starting run keyword runFeatureFile: 'Include/features/Governance-Module/Add-Idea/016-Submit-Idea-and-Check-its-Sent-to-PMO.feature' and extract report to folder: 'C:\Users\HP\git\PMO-Web-Application\Reports\First-Test-Suite\20190501_125337/cucumber_report/1556704819937'...

2019-05-01 13:00:20 - [MESSAGE][FAILED] - Keyword runFeatureFile was failed (Root cause: java.lang.IllegalArgumentException: Not a file or directory: C:\Users\HP\git\PMO-Web-Application\Include\features\Governance-Module\Add-Idea\016-Submit-Idea-and-Check-its-Sent-to-PMO.feature
	at cucumber.runtime.io.FileResourceIterator$FileIterator.<init>(FileResourceIterator.java:63)
	at cucumber.runtime.io.FileResourceIterator.<init>(FileResourceIterator.java:28)
	at cucumber.runtime.io.FileResourceIterator.createFileResourceIterator(FileResourceIterator.java:14)
	at cucumber.runtime.io.FileResourceIterable.iterator(FileResourceIterable.java:19)
	at cucumber.runtime.model.CucumberFeature.loadFromFeaturePath(CucumberFeature.java:111)
	at cucumber.runtime.model.CucumberFeature.load(CucumberFeature.java:48)
	at cucumber.runtime.model.CucumberFeature.load(CucumberFeature.java:30)
	at cucumber.runtime.RuntimeOptions.cucumberFeatures(RuntimeOptions.java:305)
	at cucumber.runtime.Runtime.run(Runtime.java:97)
	at cucumber.api.cli.Main.run(Main.java:35)
	at cucumber.api.cli.Main$run.call(Unknown Source)
	at com.kms.katalon.core.cucumber.keyword.CucumberBuiltinKeywords$_runFeatureFile_closure1.doCall(CucumberBuiltinKeywords.groovy:76)
	at com.kms.katalon.core.cucumber.keyword.CucumberBuiltinKeywords$_runFeatureFile_closure1.doCall(CucumberBuiltinKeywords.groovy)
	at com.kms.katalon.core.keyword.internal.KeywordMain.runKeyword(KeywordMain.groovy:66)
	at com.kms.katalon.core.keyword.internal.KeywordMain$runKeyword.call(Unknown Source)
	at com.kms.katalon.core.cucumber.keyword.CucumberBuiltinKeywords.runFeatureFile(CucumberBuiltinKeywords.groovy:46)
	at com.kms.katalon.core.cucumber.keyword.CucumberBuiltinKeywords$runFeatureFile$0.callStatic(Unknown Source)
	at com.kms.katalon.core.cucumber.keyword.CucumberBuiltinKeywords.runFeatureFile(CucumberBuiltinKeywords.groovy:101)
	at com.kms.katalon.core.cucumber.keyword.CucumberBuiltinKeywords$runFeatureFile.call(Unknown Source)
	at 017-Submit-Idea-and-Check-its-Sent-to-PMO.run(017-Submit-Idea-and-Check-its-Sent-to-PMO:18)
	at com.kms.katalon.core.main.ScriptEngine.run(ScriptEngine.java:194)
	at com.kms.katalon.core.main.ScriptEngine.runScriptAsRawText(ScriptEngine.java:119)
	at com.kms.katalon.core.main.TestCaseExecutor.runScript(TestCaseExecutor.java:331)
	at com.kms.katalon.core.main.TestCaseExecutor.doExecute(TestCaseExecutor.java:322)
	at com.kms.katalon.core.main.TestCaseExecutor.processExecutionPhase(TestCaseExecutor.java:301)
	at com.kms.katalon.core.main.TestCaseExecutor.accessMainPhase(TestCaseExecutor.java:293)
	at com.kms.katalon.core.main.TestCaseExecutor.execute(TestCaseExecutor.java:227)
	at com.kms.katalon.core.main.TestSuiteExecutor.accessTestCaseMainPhase(TestSuiteExecutor.java:129)
	at com.kms.katalon.core.main.TestSuiteExecutor.accessTestSuiteMainPhase(TestSuiteExecutor.java:112)
	at com.kms.katalon.core.main.TestSuiteExecutor.execute(TestSuiteExecutor.java:81)
	at com.kms.katalon.core.main.TestCaseMain.startTestSuite(TestCaseMain.java:157)
	at com.kms.katalon.core.main.TestCaseMain$startTestSuite$0.call(Unknown Source)
	at TempTestSuite1556704417080.run(TempTestSuite1556704417080.groovy:35)
)

2019-05-01 13:00:20 - [MESSAGE][FAILED] - runFeatureFile("Include/features/Governance-Module/Add-Idea/016-Submit-Idea-and-Check-its-Sent-to-PMO.feature") FAILED.
Reason:
com.kms.katalon.core.exception.StepFailedException: Keyword runFeatureFile was failed (Root cause: java.lang.IllegalArgumentException: Not a file or directory: C:\Users\HP\git\PMO-Web-Application\Include\features\Governance-Module\Add-Idea\016-Submit-Idea-and-Check-its-Sent-to-PMO.feature
	at cucumber.runtime.io.FileResourceIterator$FileIterator.<init>(FileResourceIterator.java:63)
	at cucumber.runtime.io.FileResourceIterator.<init>(FileResourceIterator.java:28)
	at cucumber.runtime.io.FileResourceIterator.createFileResourceIterator(FileResourceIterator.java:14)
	at cucumber.runtime.io.FileResourceIterable.iterator(FileResourceIterable.java:19)
	at cucumber.runtime.model.CucumberFeature.loadFromFeaturePath(CucumberFeature.java:111)
	at cucumber.runtime.model.CucumberFeature.load(CucumberFeature.java:48)
	at cucumber.runtime.model.CucumberFeature.load(CucumberFeature.java:30)
	at cucumber.runtime.RuntimeOptions.cucumberFeatures(RuntimeOptions.java:305)
	at cucumber.runtime.Runtime.run(Runtime.java:97)
	at cucumber.api.cli.Main.run(Main.java:35)
	at cucumber.api.cli.Main$run.call(Unknown Source)
	at com.kms.katalon.core.cucumber.keyword.CucumberBuiltinKeywords$_runFeatureFile_closure1.doCall(CucumberBuiltinKeywords.groovy:76)
	at com.kms.katalon.core.cucumber.keyword.CucumberBuiltinKeywords$_runFeatureFile_closure1.doCall(CucumberBuiltinKeywords.groovy)
	at com.kms.katalon.core.keyword.internal.KeywordMain.runKeyword(KeywordMain.groovy:66)
	at com.kms.katalon.core.keyword.internal.KeywordMain$runKeyword.call(Unknown Source)
	at com.kms.katalon.core.cucumber.keyword.CucumberBuiltinKeywords.runFeatureFile(CucumberBuiltinKeywords.groovy:46)
	at com.kms.katalon.core.cucumber.keyword.CucumberBuiltinKeywords$runFeatureFile$0.callStatic(Unknown Source)
	at com.kms.katalon.core.cucumber.keyword.CucumberBuiltinKeywords.runFeatureFile(CucumberBuiltinKeywords.groovy:101)
	at com.kms.katalon.core.cucumber.keyword.CucumberBuiltinKeywords$runFeatureFile.call(Unknown Source)
	at 017-Submit-Idea-and-Check-its-Sent-to-PMO.run(017-Submit-Idea-and-Check-its-Sent-to-PMO:18)
	at com.kms.katalon.core.main.ScriptEngine.run(ScriptEngine.java:194)
	at com.kms.katalon.core.main.ScriptEngine.runScriptAsRawText(ScriptEngine.java:119)
	at com.kms.katalon.core.main.TestCaseExecutor.runScript(TestCaseExecutor.java:331)
	at com.kms.katalon.core.main.TestCaseExecutor.doExecute(TestCaseExecutor.java:322)
	at com.kms.katalon.core.main.TestCaseExecutor.processExecutionPhase(TestCaseExecutor.java:301)
	at com.kms.katalon.core.main.TestCaseExecutor.accessMainPhase(TestCaseExecutor.java:293)
	at com.kms.katalon.core.main.TestCaseExecutor.execute(TestCaseExecutor.java:227)
	at com.kms.katalon.core.main.TestSuiteExecutor.accessTestCaseMainPhase(TestSuiteExecutor.java:129)
	at com.kms.katalon.core.main.TestSuiteExecutor.accessTestSuiteMainPhase(TestSuiteExecutor.java:112)
	at com.kms.katalon.core.main.TestSuiteExecutor.execute(TestSuiteExecutor.java:81)
	at com.kms.katalon.core.main.TestCaseMain.startTestSuite(TestCaseMain.java:157)
	at com.kms.katalon.core.main.TestCaseMain$startTestSuite$0.call(Unknown Source)
	at TempTestSuite1556704417080.run(TempTestSuite1556704417080.groovy:35)
)
	at com.kms.katalon.core.keyword.internal.KeywordMain.stepFailed(KeywordMain.groovy:48)
	at com.kms.katalon.core.keyword.internal.KeywordMain.stepFailed(KeywordMain.groovy)
	at com.kms.katalon.core.keyword.internal.KeywordMain.runKeyword(KeywordMain.groovy:68)
	at com.kms.katalon.core.keyword.internal.KeywordMain$runKeyword.call(Unknown Source)
	at com.kms.katalon.core.cucumber.keyword.CucumberBuiltinKeywords.runFeatureFile(CucumberBuiltinKeywords.groovy:46)
	at com.kms.katalon.core.cucumber.keyword.CucumberBuiltinKeywords$runFeatureFile$0.callStatic(Unknown Source)
	at com.kms.katalon.core.cucumber.keyword.CucumberBuiltinKeywords.runFeatureFile(CucumberBuiltinKeywords.groovy:101)
	at com.kms.katalon.core.cucumber.keyword.CucumberBuiltinKeywords$runFeatureFile.call(Unknown Source)
	at 017-Submit-Idea-and-Check-its-Sent-to-PMO.run(017-Submit-Idea-and-Check-its-Sent-to-PMO:18)
	at com.kms.katalon.core.main.ScriptEngine.run(ScriptEngine.java:194)
	at com.kms.katalon.core.main.ScriptEngine.runScriptAsRawText(ScriptEngine.java:119)
	at com.kms.katalon.core.main.TestCaseExecutor.runScript(TestCaseExecutor.java:331)
	at com.kms.katalon.core.main.TestCaseExecutor.doExecute(TestCaseExecutor.java:322)
	at com.kms.katalon.core.main.TestCaseExecutor.processExecutionPhase(TestCaseExecutor.java:301)
	at com.kms.katalon.core.main.TestCaseExecutor.accessMainPhase(TestCaseExecutor.java:293)
	at com.kms.katalon.core.main.TestCaseExecutor.execute(TestCaseExecutor.java:227)
	at com.kms.katalon.core.main.TestSuiteExecutor.accessTestCaseMainPhase(TestSuiteExecutor.java:129)
	at com.kms.katalon.core.main.TestSuiteExecutor.accessTestSuiteMainPhase(TestSuiteExecutor.java:112)
	at com.kms.katalon.core.main.TestSuiteExecutor.execute(TestSuiteExecutor.java:81)
	at com.kms.katalon.core.main.TestCaseMain.startTestSuite(TestCaseMain.java:157)
	at com.kms.katalon.core.main.TestCaseMain$startTestSuite$0.call(Unknown Source)
	at TempTestSuite1556704417080.run(TempTestSuite1556704417080.groovy:35)
Caused by: java.lang.IllegalArgumentException: Not a file or directory: C:\Users\HP\git\PMO-Web-Application\Include\features\Governance-Module\Add-Idea\016-Submit-Idea-and-Check-its-Sent-to-PMO.feature
	at cucumber.runtime.io.FileResourceIterator$FileIterator.<init>(FileResourceIterator.java:63)
	at cucumber.runtime.io.FileResourceIterator.<init>(FileResourceIterator.java:28)
	at cucumber.runtime.io.FileResourceIterator.createFileResourceIterator(FileResourceIterator.java:14)
	at cucumber.runtime.io.FileResourceIterable.iterator(FileResourceIterable.java:19)
	at cucumber.runtime.model.CucumberFeature.loadFromFeaturePath(CucumberFeature.java:111)
	at cucumber.runtime.model.CucumberFeature.load(CucumberFeature.java:48)
	at cucumber.runtime.model.CucumberFeature.load(CucumberFeature.java:30)
	at cucumber.runtime.RuntimeOptions.cucumberFeatures(RuntimeOptions.java:305)
	at cucumber.runtime.Runtime.run(Runtime.java:97)
	at cucumber.api.cli.Main.run(Main.java:35)
	at cucumber.api.cli.Main$run.call(Unknown Source)
	at com.kms.katalon.core.cucumber.keyword.CucumberBuiltinKeywords$_runFeatureFile_closure1.doCall(CucumberBuiltinKeywords.groovy:76)
	at com.kms.katalon.core.cucumber.keyword.CucumberBuiltinKeywords$_runFeatureFile_closure1.doCall(CucumberBuiltinKeywords.groovy)
	at com.kms.katalon.core.keyword.internal.KeywordMain.runKeyword(KeywordMain.groovy:66)
	... 19 more]]></system-out>
         <system-err><![CDATA[2019-05-01 13:00:19 - [TEST_CASE][FAILED] - Test Cases/Main-Test-Cases/017-Submit-Idea-and-Check-its-Sent-to-PMO: Test Cases/Main-Test-Cases/017-Submit-Idea-and-Check-its-Sent-to-PMO FAILED.
Reason:
com.kms.katalon.core.exception.StepFailedException: Keyword runFeatureFile was failed (Root cause: java.lang.IllegalArgumentException: Not a file or directory: C:\Users\HP\git\PMO-Web-Application\Include\features\Governance-Module\Add-Idea\016-Submit-Idea-and-Check-its-Sent-to-PMO.feature
	at cucumber.runtime.io.FileResourceIterator$FileIterator.<init>(FileResourceIterator.java:63)
	at cucumber.runtime.io.FileResourceIterator.<init>(FileResourceIterator.java:28)
	at cucumber.runtime.io.FileResourceIterator.createFileResourceIterator(FileResourceIterator.java:14)
	at cucumber.runtime.io.FileResourceIterable.iterator(FileResourceIterable.java:19)
	at cucumber.runtime.model.CucumberFeature.loadFromFeaturePath(CucumberFeature.java:111)
	at cucumber.runtime.model.CucumberFeature.load(CucumberFeature.java:48)
	at cucumber.runtime.model.CucumberFeature.load(CucumberFeature.java:30)
	at cucumber.runtime.RuntimeOptions.cucumberFeatures(RuntimeOptions.java:305)
	at cucumber.runtime.Runtime.run(Runtime.java:97)
	at cucumber.api.cli.Main.run(Main.java:35)
	at cucumber.api.cli.Main$run.call(Unknown Source)
	at com.kms.katalon.core.cucumber.keyword.CucumberBuiltinKeywords$_runFeatureFile_closure1.doCall(CucumberBuiltinKeywords.groovy:76)
	at com.kms.katalon.core.cucumber.keyword.CucumberBuiltinKeywords$_runFeatureFile_closure1.doCall(CucumberBuiltinKeywords.groovy)
	at com.kms.katalon.core.keyword.internal.KeywordMain.runKeyword(KeywordMain.groovy:66)
	at com.kms.katalon.core.keyword.internal.KeywordMain$runKeyword.call(Unknown Source)
	at com.kms.katalon.core.cucumber.keyword.CucumberBuiltinKeywords.runFeatureFile(CucumberBuiltinKeywords.groovy:46)
	at com.kms.katalon.core.cucumber.keyword.CucumberBuiltinKeywords$runFeatureFile$0.callStatic(Unknown Source)
	at com.kms.katalon.core.cucumber.keyword.CucumberBuiltinKeywords.runFeatureFile(CucumberBuiltinKeywords.groovy:101)
	at com.kms.katalon.core.cucumber.keyword.CucumberBuiltinKeywords$runFeatureFile.call(Unknown Source)
	at 017-Submit-Idea-and-Check-its-Sent-to-PMO.run(017-Submit-Idea-and-Check-its-Sent-to-PMO:18)
	at com.kms.katalon.core.main.ScriptEngine.run(ScriptEngine.java:194)
	at com.kms.katalon.core.main.ScriptEngine.runScriptAsRawText(ScriptEngine.java:119)
	at com.kms.katalon.core.main.TestCaseExecutor.runScript(TestCaseExecutor.java:331)
	at com.kms.katalon.core.main.TestCaseExecutor.doExecute(TestCaseExecutor.java:322)
	at com.kms.katalon.core.main.TestCaseExecutor.processExecutionPhase(TestCaseExecutor.java:301)
	at com.kms.katalon.core.main.TestCaseExecutor.accessMainPhase(TestCaseExecutor.java:293)
	at com.kms.katalon.core.main.TestCaseExecutor.execute(TestCaseExecutor.java:227)
	at com.kms.katalon.core.main.TestSuiteExecutor.accessTestCaseMainPhase(TestSuiteExecutor.java:129)
	at com.kms.katalon.core.main.TestSuiteExecutor.accessTestSuiteMainPhase(TestSuiteExecutor.java:112)
	at com.kms.katalon.core.main.TestSuiteExecutor.execute(TestSuiteExecutor.java:81)
	at com.kms.katalon.core.main.TestCaseMain.startTestSuite(TestCaseMain.java:157)
	at com.kms.katalon.core.main.TestCaseMain$startTestSuite$0.call(Unknown Source)
	at TempTestSuite1556704417080.run(TempTestSuite1556704417080.groovy:35)
)
	at com.kms.katalon.core.keyword.internal.KeywordMain.stepFailed(KeywordMain.groovy:48)
	at com.kms.katalon.core.keyword.internal.KeywordMain.stepFailed(KeywordMain.groovy)
	at com.kms.katalon.core.keyword.internal.KeywordMain.runKeyword(KeywordMain.groovy:68)
	at com.kms.katalon.core.keyword.internal.KeywordMain$runKeyword.call(Unknown Source)
	at com.kms.katalon.core.cucumber.keyword.CucumberBuiltinKeywords.runFeatureFile(CucumberBuiltinKeywords.groovy:46)
	at com.kms.katalon.core.cucumber.keyword.CucumberBuiltinKeywords$runFeatureFile$0.callStatic(Unknown Source)
	at com.kms.katalon.core.cucumber.keyword.CucumberBuiltinKeywords.runFeatureFile(CucumberBuiltinKeywords.groovy:101)
	at com.kms.katalon.core.cucumber.keyword.CucumberBuiltinKeywords$runFeatureFile.call(Unknown Source)
	at 017-Submit-Idea-and-Check-its-Sent-to-PMO.run(017-Submit-Idea-and-Check-its-Sent-to-PMO:18)
	at com.kms.katalon.core.main.ScriptEngine.run(ScriptEngine.java:194)
	at com.kms.katalon.core.main.ScriptEngine.runScriptAsRawText(ScriptEngine.java:119)
	at com.kms.katalon.core.main.TestCaseExecutor.runScript(TestCaseExecutor.java:331)
	at com.kms.katalon.core.main.TestCaseExecutor.doExecute(TestCaseExecutor.java:322)
	at com.kms.katalon.core.main.TestCaseExecutor.processExecutionPhase(TestCaseExecutor.java:301)
	at com.kms.katalon.core.main.TestCaseExecutor.accessMainPhase(TestCaseExecutor.java:293)
	at com.kms.katalon.core.main.TestCaseExecutor.execute(TestCaseExecutor.java:227)
	at com.kms.katalon.core.main.TestSuiteExecutor.accessTestCaseMainPhase(TestSuiteExecutor.java:129)
	at com.kms.katalon.core.main.TestSuiteExecutor.accessTestSuiteMainPhase(TestSuiteExecutor.java:112)
	at com.kms.katalon.core.main.TestSuiteExecutor.execute(TestSuiteExecutor.java:81)
	at com.kms.katalon.core.main.TestCaseMain.startTestSuite(TestCaseMain.java:157)
	at com.kms.katalon.core.main.TestCaseMain$startTestSuite$0.call(Unknown Source)
	at TempTestSuite1556704417080.run(TempTestSuite1556704417080.groovy:35)
Caused by: java.lang.IllegalArgumentException: Not a file or directory: C:\Users\HP\git\PMO-Web-Application\Include\features\Governance-Module\Add-Idea\016-Submit-Idea-and-Check-its-Sent-to-PMO.feature
	at cucumber.runtime.io.FileResourceIterator$FileIterator.<init>(FileResourceIterator.java:63)
	at cucumber.runtime.io.FileResourceIterator.<init>(FileResourceIterator.java:28)
	at cucumber.runtime.io.FileResourceIterator.createFileResourceIterator(FileResourceIterator.java:14)
	at cucumber.runtime.io.FileResourceIterable.iterator(FileResourceIterable.java:19)
	at cucumber.runtime.model.CucumberFeature.loadFromFeaturePath(CucumberFeature.java:111)
	at cucumber.runtime.model.CucumberFeature.load(CucumberFeature.java:48)
	at cucumber.runtime.model.CucumberFeature.load(CucumberFeature.java:30)
	at cucumber.runtime.RuntimeOptions.cucumberFeatures(RuntimeOptions.java:305)
	at cucumber.runtime.Runtime.run(Runtime.java:97)
	at cucumber.api.cli.Main.run(Main.java:35)
	at cucumber.api.cli.Main$run.call(Unknown Source)
	at com.kms.katalon.core.cucumber.keyword.CucumberBuiltinKeywords$_runFeatureFile_closure1.doCall(CucumberBuiltinKeywords.groovy:76)
	at com.kms.katalon.core.cucumber.keyword.CucumberBuiltinKeywords$_runFeatureFile_closure1.doCall(CucumberBuiltinKeywords.groovy)
	at com.kms.katalon.core.keyword.internal.KeywordMain.runKeyword(KeywordMain.groovy:66)
	... 19 more]]></system-err>
      </testcase>
      <testcase name="Test Cases/Main-Test-Cases/018-Save-Draft-Idea-then-Send-it" classname="Test Cases/Main-Test-Cases/018-Save-Draft-Idea-then-Send-it" status="FAILED">
         <failure type="FAILED" message="Test Cases/Main-Test-Cases/018-Save-Draft-Idea-then-Send-it FAILED.
Reason:
com.kms.katalon.core.exception.StepFailedException: Feature file 'Include/features/Governance-Module/Add-Idea/018-Save-Draft-Idea-then-Send-it.feature' was failed
	at com.kms.katalon.core.keyword.internal.KeywordMain.stepFailed(KeywordMain.groovy:48)
	at com.kms.katalon.core.keyword.internal.KeywordMain.stepFailed(KeywordMain.groovy)
	at com.kms.katalon.core.keyword.internal.KeywordMain.stepFailed(KeywordMain.groovy:21)
	at com.kms.katalon.core.keyword.internal.KeywordMain$stepFailed$0.call(Unknown Source)
	at com.kms.katalon.core.cucumber.keyword.CucumberBuiltinKeywords$_runFeatureFile_closure1.doCall(CucumberBuiltinKeywords.groovy:82)
	at com.kms.katalon.core.cucumber.keyword.CucumberBuiltinKeywords$_runFeatureFile_closure1.doCall(CucumberBuiltinKeywords.groovy)
	at com.kms.katalon.core.keyword.internal.KeywordMain.runKeyword(KeywordMain.groovy:66)
	at com.kms.katalon.core.keyword.internal.KeywordMain$runKeyword.call(Unknown Source)
	at com.kms.katalon.core.cucumber.keyword.CucumberBuiltinKeywords.runFeatureFile(CucumberBuiltinKeywords.groovy:46)
	at com.kms.katalon.core.cucumber.keyword.CucumberBuiltinKeywords$runFeatureFile$0.callStatic(Unknown Source)
	at com.kms.katalon.core.cucumber.keyword.CucumberBuiltinKeywords.runFeatureFile(CucumberBuiltinKeywords.groovy:101)
	at com.kms.katalon.core.cucumber.keyword.CucumberBuiltinKeywords$runFeatureFile.call(Unknown Source)
	at 018-Save-Draft-Idea-then-Send-it.run(018-Save-Draft-Idea-then-Send-it:18)
	at com.kms.katalon.core.main.ScriptEngine.run(ScriptEngine.java:194)
	at com.kms.katalon.core.main.ScriptEngine.runScriptAsRawText(ScriptEngine.java:119)
	at com.kms.katalon.core.main.TestCaseExecutor.runScript(TestCaseExecutor.java:331)
	at com.kms.katalon.core.main.TestCaseExecutor.doExecute(TestCaseExecutor.java:322)
	at com.kms.katalon.core.main.TestCaseExecutor.processExecutionPhase(TestCaseExecutor.java:301)
	at com.kms.katalon.core.main.TestCaseExecutor.accessMainPhase(TestCaseExecutor.java:293)
	at com.kms.katalon.core.main.TestCaseExecutor.execute(TestCaseExecutor.java:227)
	at com.kms.katalon.core.main.TestSuiteExecutor.accessTestCaseMainPhase(TestSuiteExecutor.java:129)
	at com.kms.katalon.core.main.TestSuiteExecutor.accessTestSuiteMainPhase(TestSuiteExecutor.java:112)
	at com.kms.katalon.core.main.TestSuiteExecutor.execute(TestSuiteExecutor.java:81)
	at com.kms.katalon.core.main.TestCaseMain.startTestSuite(TestCaseMain.java:157)
	at com.kms.katalon.core.main.TestCaseMain$startTestSuite$0.call(Unknown Source)
	at TempTestSuite1556704417080.run(TempTestSuite1556704417080.groovy:35)
"/>
         <system-out><![CDATA[2019-05-01 13:00:20 - [TEST_CASE][FAILED] - Test Cases/Main-Test-Cases/018-Save-Draft-Idea-then-Send-it: Test Cases/Main-Test-Cases/018-Save-Draft-Idea-then-Send-it FAILED.
Reason:
com.kms.katalon.core.exception.StepFailedException: Feature file 'Include/features/Governance-Module/Add-Idea/018-Save-Draft-Idea-then-Send-it.feature' was failed
	at com.kms.katalon.core.keyword.internal.KeywordMain.stepFailed(KeywordMain.groovy:48)
	at com.kms.katalon.core.keyword.internal.KeywordMain.stepFailed(KeywordMain.groovy)
	at com.kms.katalon.core.keyword.internal.KeywordMain.stepFailed(KeywordMain.groovy:21)
	at com.kms.katalon.core.keyword.internal.KeywordMain$stepFailed$0.call(Unknown Source)
	at com.kms.katalon.core.cucumber.keyword.CucumberBuiltinKeywords$_runFeatureFile_closure1.doCall(CucumberBuiltinKeywords.groovy:82)
	at com.kms.katalon.core.cucumber.keyword.CucumberBuiltinKeywords$_runFeatureFile_closure1.doCall(CucumberBuiltinKeywords.groovy)
	at com.kms.katalon.core.keyword.internal.KeywordMain.runKeyword(KeywordMain.groovy:66)
	at com.kms.katalon.core.keyword.internal.KeywordMain$runKeyword.call(Unknown Source)
	at com.kms.katalon.core.cucumber.keyword.CucumberBuiltinKeywords.runFeatureFile(CucumberBuiltinKeywords.groovy:46)
	at com.kms.katalon.core.cucumber.keyword.CucumberBuiltinKeywords$runFeatureFile$0.callStatic(Unknown Source)
	at com.kms.katalon.core.cucumber.keyword.CucumberBuiltinKeywords.runFeatureFile(CucumberBuiltinKeywords.groovy:101)
	at com.kms.katalon.core.cucumber.keyword.CucumberBuiltinKeywords$runFeatureFile.call(Unknown Source)
	at 018-Save-Draft-Idea-then-Send-it.run(018-Save-Draft-Idea-then-Send-it:18)
	at com.kms.katalon.core.main.ScriptEngine.run(ScriptEngine.java:194)
	at com.kms.katalon.core.main.ScriptEngine.runScriptAsRawText(ScriptEngine.java:119)
	at com.kms.katalon.core.main.TestCaseExecutor.runScript(TestCaseExecutor.java:331)
	at com.kms.katalon.core.main.TestCaseExecutor.doExecute(TestCaseExecutor.java:322)
	at com.kms.katalon.core.main.TestCaseExecutor.processExecutionPhase(TestCaseExecutor.java:301)
	at com.kms.katalon.core.main.TestCaseExecutor.accessMainPhase(TestCaseExecutor.java:293)
	at com.kms.katalon.core.main.TestCaseExecutor.execute(TestCaseExecutor.java:227)
	at com.kms.katalon.core.main.TestSuiteExecutor.accessTestCaseMainPhase(TestSuiteExecutor.java:129)
	at com.kms.katalon.core.main.TestSuiteExecutor.accessTestSuiteMainPhase(TestSuiteExecutor.java:112)
	at com.kms.katalon.core.main.TestSuiteExecutor.execute(TestSuiteExecutor.java:81)
	at com.kms.katalon.core.main.TestCaseMain.startTestSuite(TestCaseMain.java:157)
	at com.kms.katalon.core.main.TestCaseMain$startTestSuite$0.call(Unknown Source)
	at TempTestSuite1556704417080.run(TempTestSuite1556704417080.groovy:35)


2019-05-01 13:00:20 - [TEST_STEP][FAILED] - runFeatureFile("Include/features/Governance-Module/Add-Idea/018-Save-Draft-Idea-then-Send-it.feature"): runFeatureFile("Include/features/Governance-Module/Add-Idea/018-Save-Draft-Idea-then-Send-it.feature") FAILED.
Reason:
com.kms.katalon.core.exception.StepFailedException: Feature file 'Include/features/Governance-Module/Add-Idea/018-Save-Draft-Idea-then-Send-it.feature' was failed
	at com.kms.katalon.core.keyword.internal.KeywordMain.stepFailed(KeywordMain.groovy:48)
	at com.kms.katalon.core.keyword.internal.KeywordMain.stepFailed(KeywordMain.groovy)
	at com.kms.katalon.core.keyword.internal.KeywordMain.stepFailed(KeywordMain.groovy:21)
	at com.kms.katalon.core.keyword.internal.KeywordMain$stepFailed$0.call(Unknown Source)
	at com.kms.katalon.core.cucumber.keyword.CucumberBuiltinKeywords$_runFeatureFile_closure1.doCall(CucumberBuiltinKeywords.groovy:82)
	at com.kms.katalon.core.cucumber.keyword.CucumberBuiltinKeywords$_runFeatureFile_closure1.doCall(CucumberBuiltinKeywords.groovy)
	at com.kms.katalon.core.keyword.internal.KeywordMain.runKeyword(KeywordMain.groovy:66)
	at com.kms.katalon.core.keyword.internal.KeywordMain$runKeyword.call(Unknown Source)
	at com.kms.katalon.core.cucumber.keyword.CucumberBuiltinKeywords.runFeatureFile(CucumberBuiltinKeywords.groovy:46)
	at com.kms.katalon.core.cucumber.keyword.CucumberBuiltinKeywords$runFeatureFile$0.callStatic(Unknown Source)
	at com.kms.katalon.core.cucumber.keyword.CucumberBuiltinKeywords.runFeatureFile(CucumberBuiltinKeywords.groovy:101)
	at com.kms.katalon.core.cucumber.keyword.CucumberBuiltinKeywords$runFeatureFile.call(Unknown Source)
	at 018-Save-Draft-Idea-then-Send-it.run(018-Save-Draft-Idea-then-Send-it:18)
	at com.kms.katalon.core.main.ScriptEngine.run(ScriptEngine.java:194)
	at com.kms.katalon.core.main.ScriptEngine.runScriptAsRawText(ScriptEngine.java:119)
	at com.kms.katalon.core.main.TestCaseExecutor.runScript(TestCaseExecutor.java:331)
	at com.kms.katalon.core.main.TestCaseExecutor.doExecute(TestCaseExecutor.java:322)
	at com.kms.katalon.core.main.TestCaseExecutor.processExecutionPhase(TestCaseExecutor.java:301)
	at com.kms.katalon.core.main.TestCaseExecutor.accessMainPhase(TestCaseExecutor.java:293)
	at com.kms.katalon.core.main.TestCaseExecutor.execute(TestCaseExecutor.java:227)
	at com.kms.katalon.core.main.TestSuiteExecutor.accessTestCaseMainPhase(TestSuiteExecutor.java:129)
	at com.kms.katalon.core.main.TestSuiteExecutor.accessTestSuiteMainPhase(TestSuiteExecutor.java:112)
	at com.kms.katalon.core.main.TestSuiteExecutor.execute(TestSuiteExecutor.java:81)
	at com.kms.katalon.core.main.TestCaseMain.startTestSuite(TestCaseMain.java:157)
	at com.kms.katalon.core.main.TestCaseMain$startTestSuite$0.call(Unknown Source)
	at TempTestSuite1556704417080.run(TempTestSuite1556704417080.groovy:35)


2019-05-01 13:00:20 - [MESSAGE][INFO] - Starting run keyword runFeatureFile: 'Include/features/Governance-Module/Add-Idea/018-Save-Draft-Idea-then-Send-it.feature' and extract report to folder: 'C:\Users\HP\git\PMO-Web-Application\Reports\First-Test-Suite\20190501_125337/cucumber_report/1556704820165'...

2019-05-01 13:00:20 - [TEST_CASE][FAILED] - Start Test Case : SCENARIO Submit draft idea and check it can be editted and deleted: SCENARIO Submit draft idea and check it can be editted and deleted FAILED.
Reason:
com.kms.katalon.core.exception.StepFailedException: Verify element text of test object 'Object Repository/OOBObjects/IdeasListObjects/SearchResult' FAILED.
	at com.kms.katalon.core.webui.keyword.internal.WebUIKeywordMain.stepFailed(WebUIKeywordMain.groovy:64)
	at com.kms.katalon.core.webui.keyword.internal.WebUIKeywordMain.runKeyword(WebUIKeywordMain.groovy:26)
	at com.kms.katalon.core.webui.keyword.builtin.VerifyElementTextKeyword.verifyElementText(VerifyElementTextKeyword.groovy:72)
	at com.kms.katalon.core.webui.keyword.builtin.VerifyElementTextKeyword.execute(VerifyElementTextKeyword.groovy:40)
	at com.kms.katalon.core.keyword.internal.KeywordExecutor.executeKeywordForPlatform(KeywordExecutor.groovy:56)
	at com.kms.katalon.core.webui.keyword.WebUiBuiltInKeywords.verifyElementText(WebUiBuiltInKeywords.groovy:3663)
	at com.kms.katalon.core.webui.keyword.WebUiBuiltInKeywords$verifyElementText$14.call(Unknown Source)
	at com.pmo.steps.AddIdeaSteps.searchOnSavedIdea(AddIdeaSteps.groovy:454)
	at ✽.I want to search for idea by idea name(C:/Users/HP/git/PMO-Web-Application/Include/features/Governance-Module/Add-Idea/018-Save-Draft-Idea-then-Send-it.feature:22)
Caused by: com.kms.katalon.core.exception.StepFailedException: Actual text 'لم يُعثر على أية سجلات' and expected text 'Automation4543' of test object 'Object Repository/OOBObjects/IdeasListObjects/SearchResult' are NOT matched.
	at com.kms.katalon.core.webui.keyword.internal.WebUIKeywordMain.stepFailed(WebUIKeywordMain.groovy:64)
	at com.kms.katalon.core.webui.keyword.builtin.VerifyElementTextKeyword$_verifyElementText_closure1.doCall(VerifyElementTextKeyword.groovy:57)
	at com.kms.katalon.core.webui.keyword.builtin.VerifyElementTextKeyword$_verifyElementText_closure1.call(VerifyElementTextKeyword.groovy)
	at com.kms.katalon.core.webui.keyword.internal.WebUIKeywordMain.runKeyword(WebUIKeywordMain.groovy:20)
	at com.kms.katalon.core.webui.keyword.builtin.VerifyElementTextKeyword.verifyElementText(VerifyElementTextKeyword.groovy:72)
	at com.kms.katalon.core.webui.keyword.builtin.VerifyElementTextKeyword.execute(VerifyElementTextKeyword.groovy:40)
	at com.kms.katalon.core.keyword.internal.KeywordExecutor.executeKeywordForPlatform(KeywordExecutor.groovy:56)
	at com.kms.katalon.core.webui.keyword.WebUiBuiltInKeywords.verifyElementText(WebUiBuiltInKeywords.groovy:3663)
	at com.kms.katalon.core.webui.keyword.WebUiBuiltInKeywords$verifyElementText$14.call(Unknown Source)
	at com.pmo.steps.AddIdeaSteps.searchOnSavedIdea(AddIdeaSteps.groovy:454)
	at cucumber.runtime.Utils$1.call(Utils.java:26)
	at cucumber.runtime.Timeout.timeout(Timeout.java:16)
	at cucumber.runtime.Utils.invoke(Utils.java:20)
	at cucumber.runtime.java.JavaStepDefinition.execute(JavaStepDefinition.java:48)
	at cucumber.runtime.PickleStepDefinitionMatch.runStep(PickleStepDefinitionMatch.java:50)
	at cucumber.runner.TestStep.executeStep(TestStep.java:55)
	at cucumber.runner.TestStep.run(TestStep.java:42)
	at cucumber.runner.PickleStepTestStep.run(PickleStepTestStep.java:53)
	at cucumber.runner.TestCase.run(TestCase.java:47)
	at cucumber.runner.Runner.runPickle(Runner.java:44)
	at cucumber.runtime.Runtime.runFeature(Runtime.java:120)
	at cucumber.runtime.Runtime.run(Runtime.java:106)
	at cucumber.api.cli.Main.run(Main.java:35)
	at cucumber.api.cli.Main$run.call(Unknown Source)
	at com.kms.katalon.core.cucumber.keyword.CucumberBuiltinKeywords$_runFeatureFile_closure1.doCall(CucumberBuiltinKeywords.groovy:76)
	at com.kms.katalon.core.cucumber.keyword.CucumberBuiltinKeywords$_runFeatureFile_closure1.doCall(CucumberBuiltinKeywords.groovy)
	at com.kms.katalon.core.keyword.internal.KeywordMain.runKeyword(KeywordMain.groovy:66)
	at com.kms.katalon.core.keyword.internal.KeywordMain$runKeyword.call(Unknown Source)
	at com.kms.katalon.core.cucumber.keyword.CucumberBuiltinKeywords.runFeatureFile(CucumberBuiltinKeywords.groovy:46)
	at com.kms.katalon.core.cucumber.keyword.CucumberBuiltinKeywords$runFeatureFile$0.callStatic(Unknown Source)
	at com.kms.katalon.core.cucumber.keyword.CucumberBuiltinKeywords.runFeatureFile(CucumberBuiltinKeywords.groovy:101)
	at com.kms.katalon.core.cucumber.keyword.CucumberBuiltinKeywords$runFeatureFile.call(Unknown Source)
	at 018-Save-Draft-Idea-then-Send-it.run(018-Save-Draft-Idea-then-Send-it:18)
	at com.kms.katalon.core.main.ScriptEngine.run(ScriptEngine.java:194)
	at com.kms.katalon.core.main.ScriptEngine.runScriptAsRawText(ScriptEngine.java:119)
	at com.kms.katalon.core.main.TestCaseExecutor.runScript(TestCaseExecutor.java:331)
	at com.kms.katalon.core.main.TestCaseExecutor.doExecute(TestCaseExecutor.java:322)
	at com.kms.katalon.core.main.TestCaseExecutor.processExecutionPhase(TestCaseExecutor.java:301)
	at com.kms.katalon.core.main.TestCaseExecutor.accessMainPhase(TestCaseExecutor.java:293)
	at com.kms.katalon.core.main.TestCaseExecutor.execute(TestCaseExecutor.java:227)
	at com.kms.katalon.core.main.TestSuiteExecutor.accessTestCaseMainPhase(TestSuiteExecutor.java:129)
	at com.kms.katalon.core.main.TestSuiteExecutor.accessTestSuiteMainPhase(TestSuiteExecutor.java:112)
	at com.kms.katalon.core.main.TestSuiteExecutor.execute(TestSuiteExecutor.java:81)
	at com.kms.katalon.core.main.TestCaseMain.startTestSuite(TestCaseMain.java:157)
	at com.kms.katalon.core.main.TestCaseMain$startTestSuite$0.call(Unknown Source)
	at TempTestSuite1556704417080.run(TempTestSuite1556704417080.groovy:35)


2019-05-01 13:00:20 - [TEST_STEP][PASSED] - I want to open browser: I want to open browser

2019-05-01 13:00:20 - [MESSAGE][INFO] - Starting 'Chrome' driver

2019-05-01 13:00:22 - [MESSAGE][PASSED] - Browser is opened with url: ''

2019-05-01 13:00:22 - [MESSAGE][PASSED] - Delete all cookies successfully

2019-05-01 13:00:22 - [MESSAGE][PASSED] - I want to open browser

2019-05-01 13:00:22 - [TEST_STEP][PASSED] - I want to maximize window: I want to maximize window

2019-05-01 13:00:23 - [MESSAGE][PASSED] - Current window maximized

2019-05-01 13:00:23 - [MESSAGE][PASSED] - I want to maximize window

2019-05-01 13:00:23 - [TEST_STEP][PASSED] - I want to go to OOB: I want to go to OOB

2019-05-01 13:00:31 - [MESSAGE][PASSED] - Navigate to 'https://pmoadmin:P@ssw0rd@dev5.cloudapp.net/OOB2/' successfully

2019-05-01 13:00:31 - [MESSAGE][PASSED] - I want to go to OOB

2019-05-01 13:00:31 - [TEST_STEP][PASSED] - I want to verify I'm in OOB main page: I want to verify I'm in OOB main page

2019-05-01 13:00:31 - [MESSAGE][WARNING] - Timeout '0' is invalid. Using default page load timeout: '30'

2019-05-01 13:00:31 - [MESSAGE][PASSED] - Object 'Object Repository/OOBObjects/HomepageObjects/OOBSideBar' is present

2019-05-01 13:00:31 - [MESSAGE][PASSED] - I want to verify I'm in OOB main page

2019-05-01 13:00:31 - [TEST_STEP][PASSED] - I want to go to ideas list page: I want to go to ideas list page

2019-05-01 13:00:36 - [MESSAGE][PASSED] - Object: 'Object Repository/OOBObjects/HomepageObjects/IdeasList' is clicked on

2019-05-01 13:00:36 - [MESSAGE][PASSED] - I want to go to ideas list page

2019-05-01 13:00:36 - [TEST_STEP][PASSED] - I want to click on Add New button: I want to click on Add New button

2019-05-01 13:00:38 - [MESSAGE][PASSED] - Object: 'Object Repository/OOBObjects/IdeasListObjects/AddNewIdeaButton' is clicked on

2019-05-01 13:00:38 - [MESSAGE][PASSED] - I want to click on Add New button

2019-05-01 13:00:38 - [TEST_STEP][PASSED] - I want to fill idea name field: I want to fill idea name field

2019-05-01 13:00:38 - [MESSAGE][PASSED] - Text 'Automation4543' is set on object 'Object Repository/OOBObjects/IdeasListObjects/Idea-Name-Field'

2019-05-01 13:00:38 - [MESSAGE][PASSED] - I want to fill idea name field

2019-05-01 13:00:38 - [TEST_STEP][PASSED] - I want to select expected start date: I want to select expected start date

2019-05-01 13:00:38 - [MESSAGE][PASSED] - Object: 'Object Repository/OOBObjects/IdeasListObjects//GREGORIAN-Start-date-Check-Box' is clicked on

2019-05-01 13:00:38 - [MESSAGE][PASSED] - Object: 'Object Repository/OOBObjects/IdeasListObjects//Excepted-Start-Date' is clicked on

2019-05-01 13:00:38 - [MESSAGE][PASSED] - All options with index in [5] are selected on object 'Object Repository/OOBObjects/IdeasListObjects/StartDateMonthDropDwon'

2019-05-01 13:00:38 - [MESSAGE][PASSED] - Object: 'Object Repository/OOBObjects/IdeasListObjects//Day26' is hovered

2019-05-01 13:00:39 - [MESSAGE][PASSED] - Object: 'Object Repository/OOBObjects/IdeasListObjects//Day26' is clicked on

2019-05-01 13:00:39 - [MESSAGE][PASSED] - I want to select expected start date

2019-05-01 13:00:39 - [TEST_STEP][PASSED] - I want to select expected end date: I want to select expected end date

2019-05-01 13:00:39 - [MESSAGE][PASSED] - Object 'Object Repository/OOBObjects/IdeasListObjects/GREGORIAN-End-Date-Check-Box' is visible

2019-05-01 13:00:39 - [MESSAGE][PASSED] - Object: 'Object Repository/OOBObjects/IdeasListObjects/GREGORIAN-End-Date-Check-Box' is clicked on

2019-05-01 13:00:41 - [MESSAGE][PASSED] - Delayed 2 second(s)

2019-05-01 13:00:41 - [MESSAGE][PASSED] - Object: 'Object Repository/OOBObjects/IdeasListObjects/Excpected-End-Date' is hovered

2019-05-01 13:00:41 - [MESSAGE][PASSED] - Object: 'Object Repository/OOBObjects/IdeasListObjects/Excpected-End-Date' is clicked on

2019-05-01 13:00:41 - [MESSAGE][PASSED] - All options with index in [6] are selected on object 'Object Repository/OOBObjects/IdeasListObjects/EndDateMonthDropdown'

2019-05-01 13:00:41 - [MESSAGE][PASSED] - Object: 'Object Repository/OOBObjects/IdeasListObjects/EndDateDay15' is hovered

2019-05-01 13:00:41 - [MESSAGE][PASSED] - Object: 'Object Repository/OOBObjects/IdeasListObjects/EndDateDay15' is clicked on

2019-05-01 13:00:41 - [MESSAGE][PASSED] - I want to select expected end date

2019-05-01 13:00:41 - [TEST_STEP][PASSED] - I want to fill idea objective field: I want to fill idea objective field

2019-05-01 13:00:41 - [MESSAGE][PASSED] - Text 'Automation' is set on object 'Object Repository/OOBObjects/IdeasListObjects/Idea-Objective-Field'

2019-05-01 13:00:41 - [MESSAGE][PASSED] - I want to fill idea objective field

2019-05-01 13:00:41 - [TEST_STEP][PASSED] - I want to fill expected budget field: I want to fill expected budget field

2019-05-01 13:00:41 - [MESSAGE][PASSED] - Text '10000' is set on object 'Object Repository/OOBObjects/IdeasListObjects/Expected-Budget-Field'

2019-05-01 13:00:41 - [MESSAGE][PASSED] - I want to fill expected budget field

2019-05-01 13:00:41 - [TEST_STEP][PASSED] - I want to fill Notes field: I want to fill Notes field

2019-05-01 13:00:41 - [MESSAGE][PASSED] - Text 'test note' is set on object 'Object Repository/OOBObjects/IdeasListObjects/Notes-Field'

2019-05-01 13:00:41 - [MESSAGE][PASSED] - I want to fill Notes field

2019-05-01 13:00:41 - [TEST_STEP][PASSED] - I want to click save idea button: I want to click save idea button

2019-05-01 13:00:41 - [MESSAGE][WARNING] - Timeout '0' is invalid. Using default page load timeout: '30'

2019-05-01 13:00:41 - [MESSAGE][PASSED] - Object 'Object Repository/OOBObjects/IdeasListObjects/SaveIdeaButton' is present

2019-05-01 13:00:41 - [MESSAGE][WARNING] - Timeout '0' is invalid. Using default page load timeout: '30'

2019-05-01 13:00:41 - [MESSAGE][PASSED] - Object 'Object Repository/OOBObjects/IdeasListObjects/SaveIdeaButton' is clickable

2019-05-01 13:00:41 - [MESSAGE][PASSED] - Object: 'Object Repository/OOBObjects/IdeasListObjects/SaveIdeaButton' is clicked on

2019-05-01 13:00:46 - [MESSAGE][PASSED] - Delayed 5 second(s)

2019-05-01 13:00:46 - [MESSAGE][PASSED] - I want to click save idea button

2019-05-01 13:00:46 - [TEST_STEP][PASSED] - I want to wait for page load: I want to wait for page load

2019-05-01 13:00:46 - [MESSAGE][PASSED] - Wait for page load successfully

2019-05-01 13:00:46 - [MESSAGE][PASSED] - I want to wait for page load

2019-05-01 13:00:46 - [TEST_STEP][PASSED] - I want to go to ideas list page: I want to go to ideas list page

2019-05-01 13:00:48 - [MESSAGE][PASSED] - Object: 'Object Repository/OOBObjects/HomepageObjects/IdeasList' is clicked on

2019-05-01 13:00:48 - [MESSAGE][PASSED] - I want to go to ideas list page

2019-05-01 13:00:48 - [TEST_STEP][FAILED] - I want to search for idea by idea name: I want to search for idea by idea name FAILED.
Reason:
com.kms.katalon.core.exception.StepFailedException: Verify element text of test object 'Object Repository/OOBObjects/IdeasListObjects/SearchResult' FAILED.
	at com.kms.katalon.core.webui.keyword.internal.WebUIKeywordMain.stepFailed(WebUIKeywordMain.groovy:64)
	at com.kms.katalon.core.webui.keyword.internal.WebUIKeywordMain.runKeyword(WebUIKeywordMain.groovy:26)
	at com.kms.katalon.core.webui.keyword.builtin.VerifyElementTextKeyword.verifyElementText(VerifyElementTextKeyword.groovy:72)
	at com.kms.katalon.core.webui.keyword.builtin.VerifyElementTextKeyword.execute(VerifyElementTextKeyword.groovy:40)
	at com.kms.katalon.core.keyword.internal.KeywordExecutor.executeKeywordForPlatform(KeywordExecutor.groovy:56)
	at com.kms.katalon.core.webui.keyword.WebUiBuiltInKeywords.verifyElementText(WebUiBuiltInKeywords.groovy:3663)
	at com.kms.katalon.core.webui.keyword.WebUiBuiltInKeywords$verifyElementText$14.call(Unknown Source)
	at com.pmo.steps.AddIdeaSteps.searchOnSavedIdea(AddIdeaSteps.groovy:454)
	at ✽.I want to search for idea by idea name(C:/Users/HP/git/PMO-Web-Application/Include/features/Governance-Module/Add-Idea/018-Save-Draft-Idea-then-Send-it.feature:22)
Caused by: com.kms.katalon.core.exception.StepFailedException: Actual text 'لم يُعثر على أية سجلات' and expected text 'Automation4543' of test object 'Object Repository/OOBObjects/IdeasListObjects/SearchResult' are NOT matched.
	at com.kms.katalon.core.webui.keyword.internal.WebUIKeywordMain.stepFailed(WebUIKeywordMain.groovy:64)
	at com.kms.katalon.core.webui.keyword.builtin.VerifyElementTextKeyword$_verifyElementText_closure1.doCall(VerifyElementTextKeyword.groovy:57)
	at com.kms.katalon.core.webui.keyword.builtin.VerifyElementTextKeyword$_verifyElementText_closure1.call(VerifyElementTextKeyword.groovy)
	at com.kms.katalon.core.webui.keyword.internal.WebUIKeywordMain.runKeyword(WebUIKeywordMain.groovy:20)
	at com.kms.katalon.core.webui.keyword.builtin.VerifyElementTextKeyword.verifyElementText(VerifyElementTextKeyword.groovy:72)
	at com.kms.katalon.core.webui.keyword.builtin.VerifyElementTextKeyword.execute(VerifyElementTextKeyword.groovy:40)
	at com.kms.katalon.core.keyword.internal.KeywordExecutor.executeKeywordForPlatform(KeywordExecutor.groovy:56)
	at com.kms.katalon.core.webui.keyword.WebUiBuiltInKeywords.verifyElementText(WebUiBuiltInKeywords.groovy:3663)
	at com.kms.katalon.core.webui.keyword.WebUiBuiltInKeywords$verifyElementText$14.call(Unknown Source)
	at com.pmo.steps.AddIdeaSteps.searchOnSavedIdea(AddIdeaSteps.groovy:454)
	at cucumber.runtime.Utils$1.call(Utils.java:26)
	at cucumber.runtime.Timeout.timeout(Timeout.java:16)
	at cucumber.runtime.Utils.invoke(Utils.java:20)
	at cucumber.runtime.java.JavaStepDefinition.execute(JavaStepDefinition.java:48)
	at cucumber.runtime.PickleStepDefinitionMatch.runStep(PickleStepDefinitionMatch.java:50)
	at cucumber.runner.TestStep.executeStep(TestStep.java:55)
	at cucumber.runner.TestStep.run(TestStep.java:42)
	at cucumber.runner.PickleStepTestStep.run(PickleStepTestStep.java:53)
	at cucumber.runner.TestCase.run(TestCase.java:47)
	at cucumber.runner.Runner.runPickle(Runner.java:44)
	at cucumber.runtime.Runtime.runFeature(Runtime.java:120)
	at cucumber.runtime.Runtime.run(Runtime.java:106)
	at cucumber.api.cli.Main.run(Main.java:35)
	at cucumber.api.cli.Main$run.call(Unknown Source)
	at com.kms.katalon.core.cucumber.keyword.CucumberBuiltinKeywords$_runFeatureFile_closure1.doCall(CucumberBuiltinKeywords.groovy:76)
	at com.kms.katalon.core.cucumber.keyword.CucumberBuiltinKeywords$_runFeatureFile_closure1.doCall(CucumberBuiltinKeywords.groovy)
	at com.kms.katalon.core.keyword.internal.KeywordMain.runKeyword(KeywordMain.groovy:66)
	at com.kms.katalon.core.keyword.internal.KeywordMain$runKeyword.call(Unknown Source)
	at com.kms.katalon.core.cucumber.keyword.CucumberBuiltinKeywords.runFeatureFile(CucumberBuiltinKeywords.groovy:46)
	at com.kms.katalon.core.cucumber.keyword.CucumberBuiltinKeywords$runFeatureFile$0.callStatic(Unknown Source)
	at com.kms.katalon.core.cucumber.keyword.CucumberBuiltinKeywords.runFeatureFile(CucumberBuiltinKeywords.groovy:101)
	at com.kms.katalon.core.cucumber.keyword.CucumberBuiltinKeywords$runFeatureFile.call(Unknown Source)
	at 018-Save-Draft-Idea-then-Send-it.run(018-Save-Draft-Idea-then-Send-it:18)
	at com.kms.katalon.core.main.ScriptEngine.run(ScriptEngine.java:194)
	at com.kms.katalon.core.main.ScriptEngine.runScriptAsRawText(ScriptEngine.java:119)
	at com.kms.katalon.core.main.TestCaseExecutor.runScript(TestCaseExecutor.java:331)
	at com.kms.katalon.core.main.TestCaseExecutor.doExecute(TestCaseExecutor.java:322)
	at com.kms.katalon.core.main.TestCaseExecutor.processExecutionPhase(TestCaseExecutor.java:301)
	at com.kms.katalon.core.main.TestCaseExecutor.accessMainPhase(TestCaseExecutor.java:293)
	at com.kms.katalon.core.main.TestCaseExecutor.execute(TestCaseExecutor.java:227)
	at com.kms.katalon.core.main.TestSuiteExecutor.accessTestCaseMainPhase(TestSuiteExecutor.java:129)
	at com.kms.katalon.core.main.TestSuiteExecutor.accessTestSuiteMainPhase(TestSuiteExecutor.java:112)
	at com.kms.katalon.core.main.TestSuiteExecutor.execute(TestSuiteExecutor.java:81)
	at com.kms.katalon.core.main.TestCaseMain.startTestSuite(TestCaseMain.java:157)
	at com.kms.katalon.core.main.TestCaseMain$startTestSuite$0.call(Unknown Source)
	at TempTestSuite1556704417080.run(TempTestSuite1556704417080.groovy:35)


2019-05-01 13:00:48 - [MESSAGE][PASSED] - Text 'Automation4543' is set on object 'Object Repository/OOBObjects/IdeasListObjects/SearchField'

2019-05-01 13:00:50 - [MESSAGE][FAILED] - Actual text 'لم يُعثر على أية سجلات' and expected text 'Automation4543' of test object 'Object Repository/OOBObjects/IdeasListObjects/SearchResult' are NOT matched. (Root cause: com.kms.katalon.core.exception.StepFailedException: Actual text 'لم يُعثر على أية سجلات' and expected text 'Automation4543' of test object 'Object Repository/OOBObjects/IdeasListObjects/SearchResult' are NOT matched.
	at com.kms.katalon.core.webui.keyword.internal.WebUIKeywordMain.stepFailed(WebUIKeywordMain.groovy:64)
	at com.kms.katalon.core.webui.keyword.builtin.VerifyElementTextKeyword$_verifyElementText_closure1.doCall(VerifyElementTextKeyword.groovy:57)
	at com.kms.katalon.core.webui.keyword.builtin.VerifyElementTextKeyword$_verifyElementText_closure1.call(VerifyElementTextKeyword.groovy)
	at com.kms.katalon.core.webui.keyword.internal.WebUIKeywordMain.runKeyword(WebUIKeywordMain.groovy:20)
	at com.kms.katalon.core.webui.keyword.builtin.VerifyElementTextKeyword.verifyElementText(VerifyElementTextKeyword.groovy:72)
	at com.kms.katalon.core.webui.keyword.builtin.VerifyElementTextKeyword.execute(VerifyElementTextKeyword.groovy:40)
	at com.kms.katalon.core.keyword.internal.KeywordExecutor.executeKeywordForPlatform(KeywordExecutor.groovy:56)
	at com.kms.katalon.core.webui.keyword.WebUiBuiltInKeywords.verifyElementText(WebUiBuiltInKeywords.groovy:3663)
	at com.kms.katalon.core.webui.keyword.WebUiBuiltInKeywords$verifyElementText$14.call(Unknown Source)
	at com.pmo.steps.AddIdeaSteps.searchOnSavedIdea(AddIdeaSteps.groovy:454)
	at cucumber.runtime.Utils$1.call(Utils.java:26)
	at cucumber.runtime.Timeout.timeout(Timeout.java:16)
	at cucumber.runtime.Utils.invoke(Utils.java:20)
	at cucumber.runtime.java.JavaStepDefinition.execute(JavaStepDefinition.java:48)
	at cucumber.runtime.PickleStepDefinitionMatch.runStep(PickleStepDefinitionMatch.java:50)
	at cucumber.runner.TestStep.executeStep(TestStep.java:55)
	at cucumber.runner.TestStep.run(TestStep.java:42)
	at cucumber.runner.PickleStepTestStep.run(PickleStepTestStep.java:53)
	at cucumber.runner.TestCase.run(TestCase.java:47)
	at cucumber.runner.Runner.runPickle(Runner.java:44)
	at cucumber.runtime.Runtime.runFeature(Runtime.java:120)
	at cucumber.runtime.Runtime.run(Runtime.java:106)
	at cucumber.api.cli.Main.run(Main.java:35)
	at cucumber.api.cli.Main$run.call(Unknown Source)
	at com.kms.katalon.core.cucumber.keyword.CucumberBuiltinKeywords$_runFeatureFile_closure1.doCall(CucumberBuiltinKeywords.groovy:76)
	at com.kms.katalon.core.cucumber.keyword.CucumberBuiltinKeywords$_runFeatureFile_closure1.doCall(CucumberBuiltinKeywords.groovy)
	at com.kms.katalon.core.keyword.internal.KeywordMain.runKeyword(KeywordMain.groovy:66)
	at com.kms.katalon.core.keyword.internal.KeywordMain$runKeyword.call(Unknown Source)
	at com.kms.katalon.core.cucumber.keyword.CucumberBuiltinKeywords.runFeatureFile(CucumberBuiltinKeywords.groovy:46)
	at com.kms.katalon.core.cucumber.keyword.CucumberBuiltinKeywords$runFeatureFile$0.callStatic(Unknown Source)
	at com.kms.katalon.core.cucumber.keyword.CucumberBuiltinKeywords.runFeatureFile(CucumberBuiltinKeywords.groovy:101)
	at com.kms.katalon.core.cucumber.keyword.CucumberBuiltinKeywords$runFeatureFile.call(Unknown Source)
	at 018-Save-Draft-Idea-then-Send-it.run(018-Save-Draft-Idea-then-Send-it:18)
	at com.kms.katalon.core.main.ScriptEngine.run(ScriptEngine.java:194)
	at com.kms.katalon.core.main.ScriptEngine.runScriptAsRawText(ScriptEngine.java:119)
	at com.kms.katalon.core.main.TestCaseExecutor.runScript(TestCaseExecutor.java:331)
	at com.kms.katalon.core.main.TestCaseExecutor.doExecute(TestCaseExecutor.java:322)
	at com.kms.katalon.core.main.TestCaseExecutor.processExecutionPhase(TestCaseExecutor.java:301)
	at com.kms.katalon.core.main.TestCaseExecutor.accessMainPhase(TestCaseExecutor.java:293)
	at com.kms.katalon.core.main.TestCaseExecutor.execute(TestCaseExecutor.java:227)
	at com.kms.katalon.core.main.TestSuiteExecutor.accessTestCaseMainPhase(TestSuiteExecutor.java:129)
	at com.kms.katalon.core.main.TestSuiteExecutor.accessTestSuiteMainPhase(TestSuiteExecutor.java:112)
	at com.kms.katalon.core.main.TestSuiteExecutor.execute(TestSuiteExecutor.java:81)
	at com.kms.katalon.core.main.TestCaseMain.startTestSuite(TestCaseMain.java:157)
	at com.kms.katalon.core.main.TestCaseMain$startTestSuite$0.call(Unknown Source)
	at TempTestSuite1556704417080.run(TempTestSuite1556704417080.groovy:35)
)
[[ATTACHMENT|C:\\Users\\HP\\git\\PMO-Web-Application\\Reports\\First-Test-Suite\\20190501_125337\\1556704849759.png]]

2019-05-01 13:00:50 - [MESSAGE][FAILED] - Verify element text of test object 'Object Repository/OOBObjects/IdeasListObjects/SearchResult' FAILED. (Root cause: com.kms.katalon.core.exception.StepFailedException: Verify element text of test object 'Object Repository/OOBObjects/IdeasListObjects/SearchResult' FAILED.
	at com.kms.katalon.core.webui.keyword.internal.WebUIKeywordMain.stepFailed(WebUIKeywordMain.groovy:64)
	at com.kms.katalon.core.webui.keyword.internal.WebUIKeywordMain.runKeyword(WebUIKeywordMain.groovy:26)
	at com.kms.katalon.core.webui.keyword.builtin.VerifyElementTextKeyword.verifyElementText(VerifyElementTextKeyword.groovy:72)
	at com.kms.katalon.core.webui.keyword.builtin.VerifyElementTextKeyword.execute(VerifyElementTextKeyword.groovy:40)
	at com.kms.katalon.core.keyword.internal.KeywordExecutor.executeKeywordForPlatform(KeywordExecutor.groovy:56)
	at com.kms.katalon.core.webui.keyword.WebUiBuiltInKeywords.verifyElementText(WebUiBuiltInKeywords.groovy:3663)
	at com.kms.katalon.core.webui.keyword.WebUiBuiltInKeywords$verifyElementText$14.call(Unknown Source)
	at com.pmo.steps.AddIdeaSteps.searchOnSavedIdea(AddIdeaSteps.groovy:454)
	at cucumber.runtime.Utils$1.call(Utils.java:26)
	at cucumber.runtime.Timeout.timeout(Timeout.java:16)
	at cucumber.runtime.Utils.invoke(Utils.java:20)
	at cucumber.runtime.java.JavaStepDefinition.execute(JavaStepDefinition.java:48)
	at cucumber.runtime.PickleStepDefinitionMatch.runStep(PickleStepDefinitionMatch.java:50)
	at cucumber.runner.TestStep.executeStep(TestStep.java:55)
	at cucumber.runner.TestStep.run(TestStep.java:42)
	at cucumber.runner.PickleStepTestStep.run(PickleStepTestStep.java:53)
	at cucumber.runner.TestCase.run(TestCase.java:47)
	at cucumber.runner.Runner.runPickle(Runner.java:44)
	at cucumber.runtime.Runtime.runFeature(Runtime.java:120)
	at cucumber.runtime.Runtime.run(Runtime.java:106)
	at cucumber.api.cli.Main.run(Main.java:35)
	at cucumber.api.cli.Main$run.call(Unknown Source)
	at com.kms.katalon.core.cucumber.keyword.CucumberBuiltinKeywords$_runFeatureFile_closure1.doCall(CucumberBuiltinKeywords.groovy:76)
	at com.kms.katalon.core.cucumber.keyword.CucumberBuiltinKeywords$_runFeatureFile_closure1.doCall(CucumberBuiltinKeywords.groovy)
	at com.kms.katalon.core.keyword.internal.KeywordMain.runKeyword(KeywordMain.groovy:66)
	at com.kms.katalon.core.keyword.internal.KeywordMain$runKeyword.call(Unknown Source)
	at com.kms.katalon.core.cucumber.keyword.CucumberBuiltinKeywords.runFeatureFile(CucumberBuiltinKeywords.groovy:46)
	at com.kms.katalon.core.cucumber.keyword.CucumberBuiltinKeywords$runFeatureFile$0.callStatic(Unknown Source)
	at com.kms.katalon.core.cucumber.keyword.CucumberBuiltinKeywords.runFeatureFile(CucumberBuiltinKeywords.groovy:101)
	at com.kms.katalon.core.cucumber.keyword.CucumberBuiltinKeywords$runFeatureFile.call(Unknown Source)
	at 018-Save-Draft-Idea-then-Send-it.run(018-Save-Draft-Idea-then-Send-it:18)
	at com.kms.katalon.core.main.ScriptEngine.run(ScriptEngine.java:194)
	at com.kms.katalon.core.main.ScriptEngine.runScriptAsRawText(ScriptEngine.java:119)
	at com.kms.katalon.core.main.TestCaseExecutor.runScript(TestCaseExecutor.java:331)
	at com.kms.katalon.core.main.TestCaseExecutor.doExecute(TestCaseExecutor.java:322)
	at com.kms.katalon.core.main.TestCaseExecutor.processExecutionPhase(TestCaseExecutor.java:301)
	at com.kms.katalon.core.main.TestCaseExecutor.accessMainPhase(TestCaseExecutor.java:293)
	at com.kms.katalon.core.main.TestCaseExecutor.execute(TestCaseExecutor.java:227)
	at com.kms.katalon.core.main.TestSuiteExecutor.accessTestCaseMainPhase(TestSuiteExecutor.java:129)
	at com.kms.katalon.core.main.TestSuiteExecutor.accessTestSuiteMainPhase(TestSuiteExecutor.java:112)
	at com.kms.katalon.core.main.TestSuiteExecutor.execute(TestSuiteExecutor.java:81)
	at com.kms.katalon.core.main.TestCaseMain.startTestSuite(TestCaseMain.java:157)
	at com.kms.katalon.core.main.TestCaseMain$startTestSuite$0.call(Unknown Source)
	at TempTestSuite1556704417080.run(TempTestSuite1556704417080.groovy:35)
Caused by: com.kms.katalon.core.exception.StepFailedException: Actual text 'لم يُعثر على أية سجلات' and expected text 'Automation4543' of test object 'Object Repository/OOBObjects/IdeasListObjects/SearchResult' are NOT matched.
	at com.kms.katalon.core.webui.keyword.internal.WebUIKeywordMain.stepFailed(WebUIKeywordMain.groovy:64)
	at com.kms.katalon.core.webui.keyword.builtin.VerifyElementTextKeyword$_verifyElementText_closure1.doCall(VerifyElementTextKeyword.groovy:57)
	at com.kms.katalon.core.webui.keyword.builtin.VerifyElementTextKeyword$_verifyElementText_closure1.call(VerifyElementTextKeyword.groovy)
	at com.kms.katalon.core.webui.keyword.internal.WebUIKeywordMain.runKeyword(WebUIKeywordMain.groovy:20)
	... 42 more
)
[[ATTACHMENT|C:\\Users\\HP\\git\\PMO-Web-Application\\Reports\\First-Test-Suite\\20190501_125337\\1556704850013.png]]

2019-05-01 13:00:50 - [MESSAGE][FAILED] - I want to search for idea by idea name FAILED.
Reason:
com.kms.katalon.core.exception.StepFailedException: Verify element text of test object 'Object Repository/OOBObjects/IdeasListObjects/SearchResult' FAILED.
	at com.kms.katalon.core.webui.keyword.internal.WebUIKeywordMain.stepFailed(WebUIKeywordMain.groovy:64)
	at com.kms.katalon.core.webui.keyword.internal.WebUIKeywordMain.runKeyword(WebUIKeywordMain.groovy:26)
	at com.kms.katalon.core.webui.keyword.builtin.VerifyElementTextKeyword.verifyElementText(VerifyElementTextKeyword.groovy:72)
	at com.kms.katalon.core.webui.keyword.builtin.VerifyElementTextKeyword.execute(VerifyElementTextKeyword.groovy:40)
	at com.kms.katalon.core.keyword.internal.KeywordExecutor.executeKeywordForPlatform(KeywordExecutor.groovy:56)
	at com.kms.katalon.core.webui.keyword.WebUiBuiltInKeywords.verifyElementText(WebUiBuiltInKeywords.groovy:3663)
	at com.kms.katalon.core.webui.keyword.WebUiBuiltInKeywords$verifyElementText$14.call(Unknown Source)
	at com.pmo.steps.AddIdeaSteps.searchOnSavedIdea(AddIdeaSteps.groovy:454)
	at ✽.I want to search for idea by idea name(C:/Users/HP/git/PMO-Web-Application/Include/features/Governance-Module/Add-Idea/018-Save-Draft-Idea-then-Send-it.feature:22)
Caused by: com.kms.katalon.core.exception.StepFailedException: Actual text 'لم يُعثر على أية سجلات' and expected text 'Automation4543' of test object 'Object Repository/OOBObjects/IdeasListObjects/SearchResult' are NOT matched.
	at com.kms.katalon.core.webui.keyword.internal.WebUIKeywordMain.stepFailed(WebUIKeywordMain.groovy:64)
	at com.kms.katalon.core.webui.keyword.builtin.VerifyElementTextKeyword$_verifyElementText_closure1.doCall(VerifyElementTextKeyword.groovy:57)
	at com.kms.katalon.core.webui.keyword.builtin.VerifyElementTextKeyword$_verifyElementText_closure1.call(VerifyElementTextKeyword.groovy)
	at com.kms.katalon.core.webui.keyword.internal.WebUIKeywordMain.runKeyword(WebUIKeywordMain.groovy:20)
	at com.kms.katalon.core.webui.keyword.builtin.VerifyElementTextKeyword.verifyElementText(VerifyElementTextKeyword.groovy:72)
	at com.kms.katalon.core.webui.keyword.builtin.VerifyElementTextKeyword.execute(VerifyElementTextKeyword.groovy:40)
	at com.kms.katalon.core.keyword.internal.KeywordExecutor.executeKeywordForPlatform(KeywordExecutor.groovy:56)
	at com.kms.katalon.core.webui.keyword.WebUiBuiltInKeywords.verifyElementText(WebUiBuiltInKeywords.groovy:3663)
	at com.kms.katalon.core.webui.keyword.WebUiBuiltInKeywords$verifyElementText$14.call(Unknown Source)
	at com.pmo.steps.AddIdeaSteps.searchOnSavedIdea(AddIdeaSteps.groovy:454)
	at cucumber.runtime.Utils$1.call(Utils.java:26)
	at cucumber.runtime.Timeout.timeout(Timeout.java:16)
	at cucumber.runtime.Utils.invoke(Utils.java:20)
	at cucumber.runtime.java.JavaStepDefinition.execute(JavaStepDefinition.java:48)
	at cucumber.runtime.PickleStepDefinitionMatch.runStep(PickleStepDefinitionMatch.java:50)
	at cucumber.runner.TestStep.executeStep(TestStep.java:55)
	at cucumber.runner.TestStep.run(TestStep.java:42)
	at cucumber.runner.PickleStepTestStep.run(PickleStepTestStep.java:53)
	at cucumber.runner.TestCase.run(TestCase.java:47)
	at cucumber.runner.Runner.runPickle(Runner.java:44)
	at cucumber.runtime.Runtime.runFeature(Runtime.java:120)
	at cucumber.runtime.Runtime.run(Runtime.java:106)
	at cucumber.api.cli.Main.run(Main.java:35)
	at cucumber.api.cli.Main$run.call(Unknown Source)
	at com.kms.katalon.core.cucumber.keyword.CucumberBuiltinKeywords$_runFeatureFile_closure1.doCall(CucumberBuiltinKeywords.groovy:76)
	at com.kms.katalon.core.cucumber.keyword.CucumberBuiltinKeywords$_runFeatureFile_closure1.doCall(CucumberBuiltinKeywords.groovy)
	at com.kms.katalon.core.keyword.internal.KeywordMain.runKeyword(KeywordMain.groovy:66)
	at com.kms.katalon.core.keyword.internal.KeywordMain$runKeyword.call(Unknown Source)
	at com.kms.katalon.core.cucumber.keyword.CucumberBuiltinKeywords.runFeatureFile(CucumberBuiltinKeywords.groovy:46)
	at com.kms.katalon.core.cucumber.keyword.CucumberBuiltinKeywords$runFeatureFile$0.callStatic(Unknown Source)
	at com.kms.katalon.core.cucumber.keyword.CucumberBuiltinKeywords.runFeatureFile(CucumberBuiltinKeywords.groovy:101)
	at com.kms.katalon.core.cucumber.keyword.CucumberBuiltinKeywords$runFeatureFile.call(Unknown Source)
	at 018-Save-Draft-Idea-then-Send-it.run(018-Save-Draft-Idea-then-Send-it:18)
	at com.kms.katalon.core.main.ScriptEngine.run(ScriptEngine.java:194)
	at com.kms.katalon.core.main.ScriptEngine.runScriptAsRawText(ScriptEngine.java:119)
	at com.kms.katalon.core.main.TestCaseExecutor.runScript(TestCaseExecutor.java:331)
	at com.kms.katalon.core.main.TestCaseExecutor.doExecute(TestCaseExecutor.java:322)
	at com.kms.katalon.core.main.TestCaseExecutor.processExecutionPhase(TestCaseExecutor.java:301)
	at com.kms.katalon.core.main.TestCaseExecutor.accessMainPhase(TestCaseExecutor.java:293)
	at com.kms.katalon.core.main.TestCaseExecutor.execute(TestCaseExecutor.java:227)
	at com.kms.katalon.core.main.TestSuiteExecutor.accessTestCaseMainPhase(TestSuiteExecutor.java:129)
	at com.kms.katalon.core.main.TestSuiteExecutor.accessTestSuiteMainPhase(TestSuiteExecutor.java:112)
	at com.kms.katalon.core.main.TestSuiteExecutor.execute(TestSuiteExecutor.java:81)
	at com.kms.katalon.core.main.TestCaseMain.startTestSuite(TestCaseMain.java:157)
	at com.kms.katalon.core.main.TestCaseMain$startTestSuite$0.call(Unknown Source)
	at TempTestSuite1556704417080.run(TempTestSuite1556704417080.groovy:35)


2019-05-01 13:00:50 - [TEST_STEP][NOT_RUN] - I want to click on edit idea icon: I want to click on edit idea icon

2019-05-01 13:00:50 - [MESSAGE][NOT_RUN] - I want to click on edit idea icon

2019-05-01 13:00:50 - [TEST_STEP][NOT_RUN] - I want to click send idea button: I want to click send idea button

2019-05-01 13:00:50 - [MESSAGE][NOT_RUN] - I want to click send idea button

2019-05-01 13:00:50 - [TEST_STEP][NOT_RUN] - I want to verify idea added successfuly: I want to verify idea added successfuly

2019-05-01 13:00:50 - [MESSAGE][NOT_RUN] - I want to verify idea added successfuly

2019-05-01 13:00:50 - [TEST_STEP][NOT_RUN] - I want to verify submitted idea cannot be deleted or edited: I want to verify submitted idea cannot be deleted or edited

2019-05-01 13:00:50 - [MESSAGE][NOT_RUN] - I want to verify submitted idea cannot be deleted or edited

2019-05-01 13:00:50 - [TEST_STEP][NOT_RUN] - I want to check submitted idea status is In Progress: I want to check submitted idea status is In Progress

2019-05-01 13:00:50 - [MESSAGE][NOT_RUN] - I want to check submitted idea status is In Progress

2019-05-01 13:00:50 - [TEST_STEP][NOT_RUN] - I want to check submitted idea sent to PMO office for approval: I want to check submitted idea sent to PMO office for approval

2019-05-01 13:00:50 - [MESSAGE][NOT_RUN] - I want to check submitted idea sent to PMO office for approval

2019-05-01 13:00:50 - [TEST_STEP][NOT_RUN] - I want to close browser: I want to close browser

2019-05-01 13:00:50 - [MESSAGE][NOT_RUN] - I want to close browser

2019-05-01 13:00:50 - [MESSAGE][FAILED] - Feature file 'Include/features/Governance-Module/Add-Idea/018-Save-Draft-Idea-then-Send-it.feature' was failed

2019-05-01 13:00:50 - [MESSAGE][FAILED] - Keyword runFeatureFile was failed (Root cause: com.kms.katalon.core.exception.StepFailedException: Feature file 'Include/features/Governance-Module/Add-Idea/018-Save-Draft-Idea-then-Send-it.feature' was failed
	at com.kms.katalon.core.keyword.internal.KeywordMain.stepFailed(KeywordMain.groovy:48)
	at com.kms.katalon.core.keyword.internal.KeywordMain.stepFailed(KeywordMain.groovy)
	at com.kms.katalon.core.keyword.internal.KeywordMain.stepFailed(KeywordMain.groovy:21)
	at com.kms.katalon.core.keyword.internal.KeywordMain$stepFailed$0.call(Unknown Source)
	at com.kms.katalon.core.cucumber.keyword.CucumberBuiltinKeywords$_runFeatureFile_closure1.doCall(CucumberBuiltinKeywords.groovy:82)
	at com.kms.katalon.core.cucumber.keyword.CucumberBuiltinKeywords$_runFeatureFile_closure1.doCall(CucumberBuiltinKeywords.groovy)
	at com.kms.katalon.core.keyword.internal.KeywordMain.runKeyword(KeywordMain.groovy:66)
	at com.kms.katalon.core.keyword.internal.KeywordMain$runKeyword.call(Unknown Source)
	at com.kms.katalon.core.cucumber.keyword.CucumberBuiltinKeywords.runFeatureFile(CucumberBuiltinKeywords.groovy:46)
	at com.kms.katalon.core.cucumber.keyword.CucumberBuiltinKeywords$runFeatureFile$0.callStatic(Unknown Source)
	at com.kms.katalon.core.cucumber.keyword.CucumberBuiltinKeywords.runFeatureFile(CucumberBuiltinKeywords.groovy:101)
	at com.kms.katalon.core.cucumber.keyword.CucumberBuiltinKeywords$runFeatureFile.call(Unknown Source)
	at 018-Save-Draft-Idea-then-Send-it.run(018-Save-Draft-Idea-then-Send-it:18)
	at com.kms.katalon.core.main.ScriptEngine.run(ScriptEngine.java:194)
	at com.kms.katalon.core.main.ScriptEngine.runScriptAsRawText(ScriptEngine.java:119)
	at com.kms.katalon.core.main.TestCaseExecutor.runScript(TestCaseExecutor.java:331)
	at com.kms.katalon.core.main.TestCaseExecutor.doExecute(TestCaseExecutor.java:322)
	at com.kms.katalon.core.main.TestCaseExecutor.processExecutionPhase(TestCaseExecutor.java:301)
	at com.kms.katalon.core.main.TestCaseExecutor.accessMainPhase(TestCaseExecutor.java:293)
	at com.kms.katalon.core.main.TestCaseExecutor.execute(TestCaseExecutor.java:227)
	at com.kms.katalon.core.main.TestSuiteExecutor.accessTestCaseMainPhase(TestSuiteExecutor.java:129)
	at com.kms.katalon.core.main.TestSuiteExecutor.accessTestSuiteMainPhase(TestSuiteExecutor.java:112)
	at com.kms.katalon.core.main.TestSuiteExecutor.execute(TestSuiteExecutor.java:81)
	at com.kms.katalon.core.main.TestCaseMain.startTestSuite(TestCaseMain.java:157)
	at com.kms.katalon.core.main.TestCaseMain$startTestSuite$0.call(Unknown Source)
	at TempTestSuite1556704417080.run(TempTestSuite1556704417080.groovy:35)
)

2019-05-01 13:00:50 - [MESSAGE][FAILED] - runFeatureFile("Include/features/Governance-Module/Add-Idea/018-Save-Draft-Idea-then-Send-it.feature") FAILED.
Reason:
com.kms.katalon.core.exception.StepFailedException: Feature file 'Include/features/Governance-Module/Add-Idea/018-Save-Draft-Idea-then-Send-it.feature' was failed
	at com.kms.katalon.core.keyword.internal.KeywordMain.stepFailed(KeywordMain.groovy:48)
	at com.kms.katalon.core.keyword.internal.KeywordMain.stepFailed(KeywordMain.groovy)
	at com.kms.katalon.core.keyword.internal.KeywordMain.stepFailed(KeywordMain.groovy:21)
	at com.kms.katalon.core.keyword.internal.KeywordMain$stepFailed$0.call(Unknown Source)
	at com.kms.katalon.core.cucumber.keyword.CucumberBuiltinKeywords$_runFeatureFile_closure1.doCall(CucumberBuiltinKeywords.groovy:82)
	at com.kms.katalon.core.cucumber.keyword.CucumberBuiltinKeywords$_runFeatureFile_closure1.doCall(CucumberBuiltinKeywords.groovy)
	at com.kms.katalon.core.keyword.internal.KeywordMain.runKeyword(KeywordMain.groovy:66)
	at com.kms.katalon.core.keyword.internal.KeywordMain$runKeyword.call(Unknown Source)
	at com.kms.katalon.core.cucumber.keyword.CucumberBuiltinKeywords.runFeatureFile(CucumberBuiltinKeywords.groovy:46)
	at com.kms.katalon.core.cucumber.keyword.CucumberBuiltinKeywords$runFeatureFile$0.callStatic(Unknown Source)
	at com.kms.katalon.core.cucumber.keyword.CucumberBuiltinKeywords.runFeatureFile(CucumberBuiltinKeywords.groovy:101)
	at com.kms.katalon.core.cucumber.keyword.CucumberBuiltinKeywords$runFeatureFile.call(Unknown Source)
	at 018-Save-Draft-Idea-then-Send-it.run(018-Save-Draft-Idea-then-Send-it:18)
	at com.kms.katalon.core.main.ScriptEngine.run(ScriptEngine.java:194)
	at com.kms.katalon.core.main.ScriptEngine.runScriptAsRawText(ScriptEngine.java:119)
	at com.kms.katalon.core.main.TestCaseExecutor.runScript(TestCaseExecutor.java:331)
	at com.kms.katalon.core.main.TestCaseExecutor.doExecute(TestCaseExecutor.java:322)
	at com.kms.katalon.core.main.TestCaseExecutor.processExecutionPhase(TestCaseExecutor.java:301)
	at com.kms.katalon.core.main.TestCaseExecutor.accessMainPhase(TestCaseExecutor.java:293)
	at com.kms.katalon.core.main.TestCaseExecutor.execute(TestCaseExecutor.java:227)
	at com.kms.katalon.core.main.TestSuiteExecutor.accessTestCaseMainPhase(TestSuiteExecutor.java:129)
	at com.kms.katalon.core.main.TestSuiteExecutor.accessTestSuiteMainPhase(TestSuiteExecutor.java:112)
	at com.kms.katalon.core.main.TestSuiteExecutor.execute(TestSuiteExecutor.java:81)
	at com.kms.katalon.core.main.TestCaseMain.startTestSuite(TestCaseMain.java:157)
	at com.kms.katalon.core.main.TestCaseMain$startTestSuite$0.call(Unknown Source)
	at TempTestSuite1556704417080.run(TempTestSuite1556704417080.groovy:35)]]></system-out>
         <system-err><![CDATA[2019-05-01 13:00:20 - [TEST_CASE][FAILED] - Test Cases/Main-Test-Cases/018-Save-Draft-Idea-then-Send-it: Test Cases/Main-Test-Cases/018-Save-Draft-Idea-then-Send-it FAILED.
Reason:
com.kms.katalon.core.exception.StepFailedException: Feature file 'Include/features/Governance-Module/Add-Idea/018-Save-Draft-Idea-then-Send-it.feature' was failed
	at com.kms.katalon.core.keyword.internal.KeywordMain.stepFailed(KeywordMain.groovy:48)
	at com.kms.katalon.core.keyword.internal.KeywordMain.stepFailed(KeywordMain.groovy)
	at com.kms.katalon.core.keyword.internal.KeywordMain.stepFailed(KeywordMain.groovy:21)
	at com.kms.katalon.core.keyword.internal.KeywordMain$stepFailed$0.call(Unknown Source)
	at com.kms.katalon.core.cucumber.keyword.CucumberBuiltinKeywords$_runFeatureFile_closure1.doCall(CucumberBuiltinKeywords.groovy:82)
	at com.kms.katalon.core.cucumber.keyword.CucumberBuiltinKeywords$_runFeatureFile_closure1.doCall(CucumberBuiltinKeywords.groovy)
	at com.kms.katalon.core.keyword.internal.KeywordMain.runKeyword(KeywordMain.groovy:66)
	at com.kms.katalon.core.keyword.internal.KeywordMain$runKeyword.call(Unknown Source)
	at com.kms.katalon.core.cucumber.keyword.CucumberBuiltinKeywords.runFeatureFile(CucumberBuiltinKeywords.groovy:46)
	at com.kms.katalon.core.cucumber.keyword.CucumberBuiltinKeywords$runFeatureFile$0.callStatic(Unknown Source)
	at com.kms.katalon.core.cucumber.keyword.CucumberBuiltinKeywords.runFeatureFile(CucumberBuiltinKeywords.groovy:101)
	at com.kms.katalon.core.cucumber.keyword.CucumberBuiltinKeywords$runFeatureFile.call(Unknown Source)
	at 018-Save-Draft-Idea-then-Send-it.run(018-Save-Draft-Idea-then-Send-it:18)
	at com.kms.katalon.core.main.ScriptEngine.run(ScriptEngine.java:194)
	at com.kms.katalon.core.main.ScriptEngine.runScriptAsRawText(ScriptEngine.java:119)
	at com.kms.katalon.core.main.TestCaseExecutor.runScript(TestCaseExecutor.java:331)
	at com.kms.katalon.core.main.TestCaseExecutor.doExecute(TestCaseExecutor.java:322)
	at com.kms.katalon.core.main.TestCaseExecutor.processExecutionPhase(TestCaseExecutor.java:301)
	at com.kms.katalon.core.main.TestCaseExecutor.accessMainPhase(TestCaseExecutor.java:293)
	at com.kms.katalon.core.main.TestCaseExecutor.execute(TestCaseExecutor.java:227)
	at com.kms.katalon.core.main.TestSuiteExecutor.accessTestCaseMainPhase(TestSuiteExecutor.java:129)
	at com.kms.katalon.core.main.TestSuiteExecutor.accessTestSuiteMainPhase(TestSuiteExecutor.java:112)
	at com.kms.katalon.core.main.TestSuiteExecutor.execute(TestSuiteExecutor.java:81)
	at com.kms.katalon.core.main.TestCaseMain.startTestSuite(TestCaseMain.java:157)
	at com.kms.katalon.core.main.TestCaseMain$startTestSuite$0.call(Unknown Source)
	at TempTestSuite1556704417080.run(TempTestSuite1556704417080.groovy:35)]]></system-err>
      </testcase>
      <testcase name="Test Cases/Main-Test-Cases/019-Delete-Draft-Idea" classname="Test Cases/Main-Test-Cases/019-Delete-Draft-Idea" status="PASSED">
         <system-out><![CDATA[2019-05-01 13:00:50 - [TEST_CASE][PASSED] - Test Cases/Main-Test-Cases/019-Delete-Draft-Idea: Test Cases/Main-Test-Cases/019-Delete-Draft-Idea

2019-05-01 13:00:50 - [TEST_STEP][PASSED] - runFeatureFile("Include/features/Governance-Module/Add-Idea/019-Delete-Draft-Idea.feature"): Feature file: 'Include/features/Governance-Module/Add-Idea/019-Delete-Draft-Idea.feature' was passed

2019-05-01 13:00:50 - [MESSAGE][INFO] - Starting run keyword runFeatureFile: 'Include/features/Governance-Module/Add-Idea/019-Delete-Draft-Idea.feature' and extract report to folder: 'C:\Users\HP\git\PMO-Web-Application\Reports\First-Test-Suite\20190501_125337/cucumber_report/1556704850381'...

2019-05-01 13:00:50 - [TEST_CASE][PASSED] - Start Test Case : SCENARIO Verify delete idea functionality: SCENARIO Verify delete idea functionality

2019-05-01 13:00:50 - [TEST_STEP][PASSED] - I want to open browser: I want to open browser

2019-05-01 13:00:50 - [MESSAGE][WARNING] - A browser is already opened. Closing browser and opening a new one

2019-05-01 13:00:51 - [MESSAGE][INFO] - Starting 'Chrome' driver

2019-05-01 13:00:53 - [MESSAGE][PASSED] - Browser is opened with url: ''

2019-05-01 13:00:53 - [MESSAGE][PASSED] - Delete all cookies successfully

2019-05-01 13:00:53 - [MESSAGE][PASSED] - I want to open browser

2019-05-01 13:00:53 - [TEST_STEP][PASSED] - I want to maximize window: I want to maximize window

2019-05-01 13:00:54 - [MESSAGE][PASSED] - Current window maximized

2019-05-01 13:00:54 - [MESSAGE][PASSED] - I want to maximize window

2019-05-01 13:00:54 - [TEST_STEP][PASSED] - I want to go to OOB: I want to go to OOB

2019-05-01 13:01:03 - [MESSAGE][PASSED] - Navigate to 'https://pmoadmin:P@ssw0rd@dev5.cloudapp.net/OOB2/' successfully

2019-05-01 13:01:03 - [MESSAGE][PASSED] - I want to go to OOB

2019-05-01 13:01:03 - [TEST_STEP][PASSED] - I want to verify I'm in OOB main page: I want to verify I'm in OOB main page

2019-05-01 13:01:03 - [MESSAGE][WARNING] - Timeout '0' is invalid. Using default page load timeout: '30'

2019-05-01 13:01:03 - [MESSAGE][PASSED] - Object 'Object Repository/OOBObjects/HomepageObjects/OOBSideBar' is present

2019-05-01 13:01:03 - [MESSAGE][PASSED] - I want to verify I'm in OOB main page

2019-05-01 13:01:03 - [TEST_STEP][PASSED] - I want to go to ideas list page: I want to go to ideas list page

2019-05-01 13:01:07 - [MESSAGE][PASSED] - Object: 'Object Repository/OOBObjects/HomepageObjects/IdeasList' is clicked on

2019-05-01 13:01:07 - [MESSAGE][PASSED] - I want to go to ideas list page

2019-05-01 13:01:07 - [TEST_STEP][PASSED] - I want to click on Add New button: I want to click on Add New button

2019-05-01 13:01:08 - [MESSAGE][PASSED] - Object: 'Object Repository/OOBObjects/IdeasListObjects/AddNewIdeaButton' is clicked on

2019-05-01 13:01:08 - [MESSAGE][PASSED] - I want to click on Add New button

2019-05-01 13:01:08 - [TEST_STEP][PASSED] - I want to fill idea name field: I want to fill idea name field

2019-05-01 13:01:08 - [MESSAGE][PASSED] - Text 'Automation1988' is set on object 'Object Repository/OOBObjects/IdeasListObjects/Idea-Name-Field'

2019-05-01 13:01:08 - [MESSAGE][PASSED] - I want to fill idea name field

2019-05-01 13:01:08 - [TEST_STEP][PASSED] - I want to select expected start date: I want to select expected start date

2019-05-01 13:01:08 - [MESSAGE][PASSED] - Object: 'Object Repository/OOBObjects/IdeasListObjects//GREGORIAN-Start-date-Check-Box' is clicked on

2019-05-01 13:01:09 - [MESSAGE][PASSED] - Object: 'Object Repository/OOBObjects/IdeasListObjects//Excepted-Start-Date' is clicked on

2019-05-01 13:01:09 - [MESSAGE][PASSED] - All options with index in [5] are selected on object 'Object Repository/OOBObjects/IdeasListObjects/StartDateMonthDropDwon'

2019-05-01 13:01:09 - [MESSAGE][PASSED] - Object: 'Object Repository/OOBObjects/IdeasListObjects//Day26' is hovered

2019-05-01 13:01:09 - [MESSAGE][PASSED] - Object: 'Object Repository/OOBObjects/IdeasListObjects//Day26' is clicked on

2019-05-01 13:01:09 - [MESSAGE][PASSED] - I want to select expected start date

2019-05-01 13:01:09 - [TEST_STEP][PASSED] - I want to select expected end date: I want to select expected end date

2019-05-01 13:01:09 - [MESSAGE][PASSED] - Object 'Object Repository/OOBObjects/IdeasListObjects/GREGORIAN-End-Date-Check-Box' is visible

2019-05-01 13:01:09 - [MESSAGE][PASSED] - Object: 'Object Repository/OOBObjects/IdeasListObjects/GREGORIAN-End-Date-Check-Box' is clicked on

2019-05-01 13:01:11 - [MESSAGE][PASSED] - Delayed 2 second(s)

2019-05-01 13:01:11 - [MESSAGE][PASSED] - Object: 'Object Repository/OOBObjects/IdeasListObjects/Excpected-End-Date' is hovered

2019-05-01 13:01:11 - [MESSAGE][PASSED] - Object: 'Object Repository/OOBObjects/IdeasListObjects/Excpected-End-Date' is clicked on

2019-05-01 13:01:11 - [MESSAGE][PASSED] - All options with index in [6] are selected on object 'Object Repository/OOBObjects/IdeasListObjects/EndDateMonthDropdown'

2019-05-01 13:01:11 - [MESSAGE][PASSED] - Object: 'Object Repository/OOBObjects/IdeasListObjects/EndDateDay15' is hovered

2019-05-01 13:01:11 - [MESSAGE][PASSED] - Object: 'Object Repository/OOBObjects/IdeasListObjects/EndDateDay15' is clicked on

2019-05-01 13:01:11 - [MESSAGE][PASSED] - I want to select expected end date

2019-05-01 13:01:11 - [TEST_STEP][PASSED] - I want to fill idea objective field: I want to fill idea objective field

2019-05-01 13:01:11 - [MESSAGE][PASSED] - Text 'Automation' is set on object 'Object Repository/OOBObjects/IdeasListObjects/Idea-Objective-Field'

2019-05-01 13:01:11 - [MESSAGE][PASSED] - I want to fill idea objective field

2019-05-01 13:01:11 - [TEST_STEP][PASSED] - I want to fill expected budget field: I want to fill expected budget field

2019-05-01 13:01:11 - [MESSAGE][PASSED] - Text '10000' is set on object 'Object Repository/OOBObjects/IdeasListObjects/Expected-Budget-Field'

2019-05-01 13:01:11 - [MESSAGE][PASSED] - I want to fill expected budget field

2019-05-01 13:01:11 - [TEST_STEP][PASSED] - I want to fill Notes field: I want to fill Notes field

2019-05-01 13:01:12 - [MESSAGE][PASSED] - Text 'test note' is set on object 'Object Repository/OOBObjects/IdeasListObjects/Notes-Field'

2019-05-01 13:01:12 - [MESSAGE][PASSED] - I want to fill Notes field

2019-05-01 13:01:12 - [TEST_STEP][PASSED] - I want to click save idea button: I want to click save idea button

2019-05-01 13:01:12 - [MESSAGE][WARNING] - Timeout '0' is invalid. Using default page load timeout: '30'

2019-05-01 13:01:12 - [MESSAGE][PASSED] - Object 'Object Repository/OOBObjects/IdeasListObjects/SaveIdeaButton' is present

2019-05-01 13:01:12 - [MESSAGE][WARNING] - Timeout '0' is invalid. Using default page load timeout: '30'

2019-05-01 13:01:12 - [MESSAGE][PASSED] - Object 'Object Repository/OOBObjects/IdeasListObjects/SaveIdeaButton' is clickable

2019-05-01 13:01:12 - [MESSAGE][PASSED] - Object: 'Object Repository/OOBObjects/IdeasListObjects/SaveIdeaButton' is clicked on

2019-05-01 13:01:17 - [MESSAGE][PASSED] - Delayed 5 second(s)

2019-05-01 13:01:17 - [MESSAGE][PASSED] - I want to click save idea button

2019-05-01 13:01:17 - [TEST_STEP][PASSED] - I want to wait for page load: I want to wait for page load

2019-05-01 13:01:17 - [MESSAGE][PASSED] - Wait for page load successfully

2019-05-01 13:01:17 - [MESSAGE][PASSED] - I want to wait for page load

2019-05-01 13:01:17 - [TEST_STEP][PASSED] - I want to go to ideas list page: I want to go to ideas list page

2019-05-01 13:01:18 - [MESSAGE][PASSED] - Object: 'Object Repository/OOBObjects/HomepageObjects/IdeasList' is clicked on

2019-05-01 13:01:18 - [MESSAGE][PASSED] - I want to go to ideas list page

2019-05-01 13:01:18 - [TEST_STEP][PASSED] - I want to search for idea by idea name: I want to search for idea by idea name

2019-05-01 13:01:18 - [MESSAGE][PASSED] - Text 'Automation1988' is set on object 'Object Repository/OOBObjects/IdeasListObjects/SearchField'

2019-05-01 13:01:20 - [MESSAGE][PASSED] - Actual text and expected text of test object 'Object Repository/OOBObjects/IdeasListObjects/SearchResult' are matched.

2019-05-01 13:01:20 - [MESSAGE][PASSED] - I want to search for idea by idea name

2019-05-01 13:01:20 - [TEST_STEP][PASSED] - I want to click on delete idea icon: I want to click on delete idea icon

2019-05-01 13:01:20 - [MESSAGE][PASSED] - Object: 'Object Repository/OOBObjects/IdeasListObjects/DeleteIdeaIcon' is clicked on

2019-05-01 13:01:20 - [MESSAGE][PASSED] - Alert accepted

2019-05-01 13:01:20 - [MESSAGE][PASSED] - I want to click on delete idea icon

2019-05-01 13:01:20 - [TEST_STEP][PASSED] - I want to check idea has been deleted: I want to check idea has been deleted

2019-05-01 13:01:21 - [MESSAGE][PASSED] - Refresh successfully

2019-05-01 13:01:21 - [MESSAGE][PASSED] - Text 'Automation1988' is set on object 'Object Repository/OOBObjects/IdeasListObjects/SearchField'

2019-05-01 13:01:23 - [MESSAGE][PASSED] - Actual text and expected text of test object 'Object Repository/OOBObjects/IdeasListObjects/SearchResult' are matched.

2019-05-01 13:01:23 - [MESSAGE][PASSED] - I want to check idea has been deleted

2019-05-01 13:01:23 - [TEST_STEP][PASSED] - I want to close browser: I want to close browser

2019-05-01 13:01:23 - [MESSAGE][PASSED] - Browser is closed

2019-05-01 13:01:23 - [MESSAGE][PASSED] - I want to close browser

2019-05-01 13:01:23 - [MESSAGE][PASSED] - Feature file: 'Include/features/Governance-Module/Add-Idea/019-Delete-Draft-Idea.feature' was passed]]></system-out>
         <system-err><![CDATA[]]></system-err>
      </testcase>
      <testcase name="Test Cases/Main-Test-Cases/020-Update-Draft-Idea" classname="Test Cases/Main-Test-Cases/020-Update-Draft-Idea" status="FAILED">
         <failure type="FAILED" message="Test Cases/Main-Test-Cases/020-Update-Draft-Idea FAILED.
Reason:
com.kms.katalon.core.exception.StepFailedException: Feature file 'Include/features/Governance-Module/Add-Idea/020-Update-Draft-Idea.feature' was failed
	at com.kms.katalon.core.keyword.internal.KeywordMain.stepFailed(KeywordMain.groovy:48)
	at com.kms.katalon.core.keyword.internal.KeywordMain.stepFailed(KeywordMain.groovy)
	at com.kms.katalon.core.keyword.internal.KeywordMain.stepFailed(KeywordMain.groovy:21)
	at com.kms.katalon.core.keyword.internal.KeywordMain$stepFailed$0.call(Unknown Source)
	at com.kms.katalon.core.cucumber.keyword.CucumberBuiltinKeywords$_runFeatureFile_closure1.doCall(CucumberBuiltinKeywords.groovy:82)
	at com.kms.katalon.core.cucumber.keyword.CucumberBuiltinKeywords$_runFeatureFile_closure1.doCall(CucumberBuiltinKeywords.groovy)
	at com.kms.katalon.core.keyword.internal.KeywordMain.runKeyword(KeywordMain.groovy:66)
	at com.kms.katalon.core.keyword.internal.KeywordMain$runKeyword.call(Unknown Source)
	at com.kms.katalon.core.cucumber.keyword.CucumberBuiltinKeywords.runFeatureFile(CucumberBuiltinKeywords.groovy:46)
	at com.kms.katalon.core.cucumber.keyword.CucumberBuiltinKeywords$runFeatureFile$0.callStatic(Unknown Source)
	at com.kms.katalon.core.cucumber.keyword.CucumberBuiltinKeywords.runFeatureFile(CucumberBuiltinKeywords.groovy:101)
	at com.kms.katalon.core.cucumber.keyword.CucumberBuiltinKeywords$runFeatureFile.call(Unknown Source)
	at 020-Update-Draft-Idea.run(020-Update-Draft-Idea:18)
	at com.kms.katalon.core.main.ScriptEngine.run(ScriptEngine.java:194)
	at com.kms.katalon.core.main.ScriptEngine.runScriptAsRawText(ScriptEngine.java:119)
	at com.kms.katalon.core.main.TestCaseExecutor.runScript(TestCaseExecutor.java:331)
	at com.kms.katalon.core.main.TestCaseExecutor.doExecute(TestCaseExecutor.java:322)
	at com.kms.katalon.core.main.TestCaseExecutor.processExecutionPhase(TestCaseExecutor.java:301)
	at com.kms.katalon.core.main.TestCaseExecutor.accessMainPhase(TestCaseExecutor.java:293)
	at com.kms.katalon.core.main.TestCaseExecutor.execute(TestCaseExecutor.java:227)
	at com.kms.katalon.core.main.TestSuiteExecutor.accessTestCaseMainPhase(TestSuiteExecutor.java:129)
	at com.kms.katalon.core.main.TestSuiteExecutor.accessTestSuiteMainPhase(TestSuiteExecutor.java:112)
	at com.kms.katalon.core.main.TestSuiteExecutor.execute(TestSuiteExecutor.java:81)
	at com.kms.katalon.core.main.TestCaseMain.startTestSuite(TestCaseMain.java:157)
	at com.kms.katalon.core.main.TestCaseMain$startTestSuite$0.call(Unknown Source)
	at TempTestSuite1556704417080.run(TempTestSuite1556704417080.groovy:35)
"/>
         <system-out><![CDATA[2019-05-01 13:01:23 - [TEST_CASE][FAILED] - Test Cases/Main-Test-Cases/020-Update-Draft-Idea: Test Cases/Main-Test-Cases/020-Update-Draft-Idea FAILED.
Reason:
com.kms.katalon.core.exception.StepFailedException: Feature file 'Include/features/Governance-Module/Add-Idea/020-Update-Draft-Idea.feature' was failed
	at com.kms.katalon.core.keyword.internal.KeywordMain.stepFailed(KeywordMain.groovy:48)
	at com.kms.katalon.core.keyword.internal.KeywordMain.stepFailed(KeywordMain.groovy)
	at com.kms.katalon.core.keyword.internal.KeywordMain.stepFailed(KeywordMain.groovy:21)
	at com.kms.katalon.core.keyword.internal.KeywordMain$stepFailed$0.call(Unknown Source)
	at com.kms.katalon.core.cucumber.keyword.CucumberBuiltinKeywords$_runFeatureFile_closure1.doCall(CucumberBuiltinKeywords.groovy:82)
	at com.kms.katalon.core.cucumber.keyword.CucumberBuiltinKeywords$_runFeatureFile_closure1.doCall(CucumberBuiltinKeywords.groovy)
	at com.kms.katalon.core.keyword.internal.KeywordMain.runKeyword(KeywordMain.groovy:66)
	at com.kms.katalon.core.keyword.internal.KeywordMain$runKeyword.call(Unknown Source)
	at com.kms.katalon.core.cucumber.keyword.CucumberBuiltinKeywords.runFeatureFile(CucumberBuiltinKeywords.groovy:46)
	at com.kms.katalon.core.cucumber.keyword.CucumberBuiltinKeywords$runFeatureFile$0.callStatic(Unknown Source)
	at com.kms.katalon.core.cucumber.keyword.CucumberBuiltinKeywords.runFeatureFile(CucumberBuiltinKeywords.groovy:101)
	at com.kms.katalon.core.cucumber.keyword.CucumberBuiltinKeywords$runFeatureFile.call(Unknown Source)
	at 020-Update-Draft-Idea.run(020-Update-Draft-Idea:18)
	at com.kms.katalon.core.main.ScriptEngine.run(ScriptEngine.java:194)
	at com.kms.katalon.core.main.ScriptEngine.runScriptAsRawText(ScriptEngine.java:119)
	at com.kms.katalon.core.main.TestCaseExecutor.runScript(TestCaseExecutor.java:331)
	at com.kms.katalon.core.main.TestCaseExecutor.doExecute(TestCaseExecutor.java:322)
	at com.kms.katalon.core.main.TestCaseExecutor.processExecutionPhase(TestCaseExecutor.java:301)
	at com.kms.katalon.core.main.TestCaseExecutor.accessMainPhase(TestCaseExecutor.java:293)
	at com.kms.katalon.core.main.TestCaseExecutor.execute(TestCaseExecutor.java:227)
	at com.kms.katalon.core.main.TestSuiteExecutor.accessTestCaseMainPhase(TestSuiteExecutor.java:129)
	at com.kms.katalon.core.main.TestSuiteExecutor.accessTestSuiteMainPhase(TestSuiteExecutor.java:112)
	at com.kms.katalon.core.main.TestSuiteExecutor.execute(TestSuiteExecutor.java:81)
	at com.kms.katalon.core.main.TestCaseMain.startTestSuite(TestCaseMain.java:157)
	at com.kms.katalon.core.main.TestCaseMain$startTestSuite$0.call(Unknown Source)
	at TempTestSuite1556704417080.run(TempTestSuite1556704417080.groovy:35)


2019-05-01 13:01:23 - [TEST_STEP][FAILED] - runFeatureFile("Include/features/Governance-Module/Add-Idea/020-Update-Draft-Idea.feature"): runFeatureFile("Include/features/Governance-Module/Add-Idea/020-Update-Draft-Idea.feature") FAILED.
Reason:
com.kms.katalon.core.exception.StepFailedException: Feature file 'Include/features/Governance-Module/Add-Idea/020-Update-Draft-Idea.feature' was failed
	at com.kms.katalon.core.keyword.internal.KeywordMain.stepFailed(KeywordMain.groovy:48)
	at com.kms.katalon.core.keyword.internal.KeywordMain.stepFailed(KeywordMain.groovy)
	at com.kms.katalon.core.keyword.internal.KeywordMain.stepFailed(KeywordMain.groovy:21)
	at com.kms.katalon.core.keyword.internal.KeywordMain$stepFailed$0.call(Unknown Source)
	at com.kms.katalon.core.cucumber.keyword.CucumberBuiltinKeywords$_runFeatureFile_closure1.doCall(CucumberBuiltinKeywords.groovy:82)
	at com.kms.katalon.core.cucumber.keyword.CucumberBuiltinKeywords$_runFeatureFile_closure1.doCall(CucumberBuiltinKeywords.groovy)
	at com.kms.katalon.core.keyword.internal.KeywordMain.runKeyword(KeywordMain.groovy:66)
	at com.kms.katalon.core.keyword.internal.KeywordMain$runKeyword.call(Unknown Source)
	at com.kms.katalon.core.cucumber.keyword.CucumberBuiltinKeywords.runFeatureFile(CucumberBuiltinKeywords.groovy:46)
	at com.kms.katalon.core.cucumber.keyword.CucumberBuiltinKeywords$runFeatureFile$0.callStatic(Unknown Source)
	at com.kms.katalon.core.cucumber.keyword.CucumberBuiltinKeywords.runFeatureFile(CucumberBuiltinKeywords.groovy:101)
	at com.kms.katalon.core.cucumber.keyword.CucumberBuiltinKeywords$runFeatureFile.call(Unknown Source)
	at 020-Update-Draft-Idea.run(020-Update-Draft-Idea:18)
	at com.kms.katalon.core.main.ScriptEngine.run(ScriptEngine.java:194)
	at com.kms.katalon.core.main.ScriptEngine.runScriptAsRawText(ScriptEngine.java:119)
	at com.kms.katalon.core.main.TestCaseExecutor.runScript(TestCaseExecutor.java:331)
	at com.kms.katalon.core.main.TestCaseExecutor.doExecute(TestCaseExecutor.java:322)
	at com.kms.katalon.core.main.TestCaseExecutor.processExecutionPhase(TestCaseExecutor.java:301)
	at com.kms.katalon.core.main.TestCaseExecutor.accessMainPhase(TestCaseExecutor.java:293)
	at com.kms.katalon.core.main.TestCaseExecutor.execute(TestCaseExecutor.java:227)
	at com.kms.katalon.core.main.TestSuiteExecutor.accessTestCaseMainPhase(TestSuiteExecutor.java:129)
	at com.kms.katalon.core.main.TestSuiteExecutor.accessTestSuiteMainPhase(TestSuiteExecutor.java:112)
	at com.kms.katalon.core.main.TestSuiteExecutor.execute(TestSuiteExecutor.java:81)
	at com.kms.katalon.core.main.TestCaseMain.startTestSuite(TestCaseMain.java:157)
	at com.kms.katalon.core.main.TestCaseMain$startTestSuite$0.call(Unknown Source)
	at TempTestSuite1556704417080.run(TempTestSuite1556704417080.groovy:35)


2019-05-01 13:01:23 - [MESSAGE][INFO] - Starting run keyword runFeatureFile: 'Include/features/Governance-Module/Add-Idea/020-Update-Draft-Idea.feature' and extract report to folder: 'C:\Users\HP\git\PMO-Web-Application\Reports\First-Test-Suite\20190501_125337/cucumber_report/1556704883876'...

2019-05-01 13:01:23 - [TEST_CASE][FAILED] - Start Test Case : SCENARIO Verify updating draft idea: SCENARIO Verify updating draft idea FAILED.
Reason:
com.kms.katalon.core.exception.StepFailedException: Verify element text of test object 'Object Repository/OOBObjects/IdeasListObjects/SearchResult' FAILED.
	at com.kms.katalon.core.webui.keyword.internal.WebUIKeywordMain.stepFailed(WebUIKeywordMain.groovy:64)
	at com.kms.katalon.core.webui.keyword.internal.WebUIKeywordMain.runKeyword(WebUIKeywordMain.groovy:26)
	at com.kms.katalon.core.webui.keyword.builtin.VerifyElementTextKeyword.verifyElementText(VerifyElementTextKeyword.groovy:72)
	at com.kms.katalon.core.webui.keyword.builtin.VerifyElementTextKeyword.execute(VerifyElementTextKeyword.groovy:40)
	at com.kms.katalon.core.keyword.internal.KeywordExecutor.executeKeywordForPlatform(KeywordExecutor.groovy:56)
	at com.kms.katalon.core.webui.keyword.WebUiBuiltInKeywords.verifyElementText(WebUiBuiltInKeywords.groovy:3663)
	at com.kms.katalon.core.webui.keyword.WebUiBuiltInKeywords$verifyElementText$14.call(Unknown Source)
	at com.pmo.steps.AddIdeaSteps.searchOnSavedIdea(AddIdeaSteps.groovy:454)
	at ✽.I want to search for idea by idea name(C:/Users/HP/git/PMO-Web-Application/Include/features/Governance-Module/Add-Idea/020-Update-Draft-Idea.feature:22)
Caused by: com.kms.katalon.core.exception.StepFailedException: Actual text 'لم يُعثر على أية سجلات' and expected text 'Automation9478' of test object 'Object Repository/OOBObjects/IdeasListObjects/SearchResult' are NOT matched.
	at com.kms.katalon.core.webui.keyword.internal.WebUIKeywordMain.stepFailed(WebUIKeywordMain.groovy:64)
	at com.kms.katalon.core.webui.keyword.builtin.VerifyElementTextKeyword$_verifyElementText_closure1.doCall(VerifyElementTextKeyword.groovy:57)
	at com.kms.katalon.core.webui.keyword.builtin.VerifyElementTextKeyword$_verifyElementText_closure1.call(VerifyElementTextKeyword.groovy)
	at com.kms.katalon.core.webui.keyword.internal.WebUIKeywordMain.runKeyword(WebUIKeywordMain.groovy:20)
	at com.kms.katalon.core.webui.keyword.builtin.VerifyElementTextKeyword.verifyElementText(VerifyElementTextKeyword.groovy:72)
	at com.kms.katalon.core.webui.keyword.builtin.VerifyElementTextKeyword.execute(VerifyElementTextKeyword.groovy:40)
	at com.kms.katalon.core.keyword.internal.KeywordExecutor.executeKeywordForPlatform(KeywordExecutor.groovy:56)
	at com.kms.katalon.core.webui.keyword.WebUiBuiltInKeywords.verifyElementText(WebUiBuiltInKeywords.groovy:3663)
	at com.kms.katalon.core.webui.keyword.WebUiBuiltInKeywords$verifyElementText$14.call(Unknown Source)
	at com.pmo.steps.AddIdeaSteps.searchOnSavedIdea(AddIdeaSteps.groovy:454)
	at cucumber.runtime.Utils$1.call(Utils.java:26)
	at cucumber.runtime.Timeout.timeout(Timeout.java:16)
	at cucumber.runtime.Utils.invoke(Utils.java:20)
	at cucumber.runtime.java.JavaStepDefinition.execute(JavaStepDefinition.java:48)
	at cucumber.runtime.PickleStepDefinitionMatch.runStep(PickleStepDefinitionMatch.java:50)
	at cucumber.runner.TestStep.executeStep(TestStep.java:55)
	at cucumber.runner.TestStep.run(TestStep.java:42)
	at cucumber.runner.PickleStepTestStep.run(PickleStepTestStep.java:53)
	at cucumber.runner.TestCase.run(TestCase.java:47)
	at cucumber.runner.Runner.runPickle(Runner.java:44)
	at cucumber.runtime.Runtime.runFeature(Runtime.java:120)
	at cucumber.runtime.Runtime.run(Runtime.java:106)
	at cucumber.api.cli.Main.run(Main.java:35)
	at cucumber.api.cli.Main$run.call(Unknown Source)
	at com.kms.katalon.core.cucumber.keyword.CucumberBuiltinKeywords$_runFeatureFile_closure1.doCall(CucumberBuiltinKeywords.groovy:76)
	at com.kms.katalon.core.cucumber.keyword.CucumberBuiltinKeywords$_runFeatureFile_closure1.doCall(CucumberBuiltinKeywords.groovy)
	at com.kms.katalon.core.keyword.internal.KeywordMain.runKeyword(KeywordMain.groovy:66)
	at com.kms.katalon.core.keyword.internal.KeywordMain$runKeyword.call(Unknown Source)
	at com.kms.katalon.core.cucumber.keyword.CucumberBuiltinKeywords.runFeatureFile(CucumberBuiltinKeywords.groovy:46)
	at com.kms.katalon.core.cucumber.keyword.CucumberBuiltinKeywords$runFeatureFile$0.callStatic(Unknown Source)
	at com.kms.katalon.core.cucumber.keyword.CucumberBuiltinKeywords.runFeatureFile(CucumberBuiltinKeywords.groovy:101)
	at com.kms.katalon.core.cucumber.keyword.CucumberBuiltinKeywords$runFeatureFile.call(Unknown Source)
	at 020-Update-Draft-Idea.run(020-Update-Draft-Idea:18)
	at com.kms.katalon.core.main.ScriptEngine.run(ScriptEngine.java:194)
	at com.kms.katalon.core.main.ScriptEngine.runScriptAsRawText(ScriptEngine.java:119)
	at com.kms.katalon.core.main.TestCaseExecutor.runScript(TestCaseExecutor.java:331)
	at com.kms.katalon.core.main.TestCaseExecutor.doExecute(TestCaseExecutor.java:322)
	at com.kms.katalon.core.main.TestCaseExecutor.processExecutionPhase(TestCaseExecutor.java:301)
	at com.kms.katalon.core.main.TestCaseExecutor.accessMainPhase(TestCaseExecutor.java:293)
	at com.kms.katalon.core.main.TestCaseExecutor.execute(TestCaseExecutor.java:227)
	at com.kms.katalon.core.main.TestSuiteExecutor.accessTestCaseMainPhase(TestSuiteExecutor.java:129)
	at com.kms.katalon.core.main.TestSuiteExecutor.accessTestSuiteMainPhase(TestSuiteExecutor.java:112)
	at com.kms.katalon.core.main.TestSuiteExecutor.execute(TestSuiteExecutor.java:81)
	at com.kms.katalon.core.main.TestCaseMain.startTestSuite(TestCaseMain.java:157)
	at com.kms.katalon.core.main.TestCaseMain$startTestSuite$0.call(Unknown Source)
	at TempTestSuite1556704417080.run(TempTestSuite1556704417080.groovy:35)


2019-05-01 13:01:23 - [TEST_STEP][PASSED] - I want to open browser: I want to open browser

2019-05-01 13:01:24 - [MESSAGE][INFO] - Starting 'Chrome' driver

2019-05-01 13:01:26 - [MESSAGE][PASSED] - Browser is opened with url: ''

2019-05-01 13:01:26 - [MESSAGE][PASSED] - Delete all cookies successfully

2019-05-01 13:01:26 - [MESSAGE][PASSED] - I want to open browser

2019-05-01 13:01:26 - [TEST_STEP][PASSED] - I want to maximize window: I want to maximize window

2019-05-01 13:01:27 - [MESSAGE][PASSED] - Current window maximized

2019-05-01 13:01:27 - [MESSAGE][PASSED] - I want to maximize window

2019-05-01 13:01:27 - [TEST_STEP][PASSED] - I want to go to OOB: I want to go to OOB

2019-05-01 13:01:36 - [MESSAGE][PASSED] - Navigate to 'https://pmoadmin:P@ssw0rd@dev5.cloudapp.net/OOB2/' successfully

2019-05-01 13:01:36 - [MESSAGE][PASSED] - I want to go to OOB

2019-05-01 13:01:36 - [TEST_STEP][PASSED] - I want to verify I'm in OOB main page: I want to verify I'm in OOB main page

2019-05-01 13:01:36 - [MESSAGE][WARNING] - Timeout '0' is invalid. Using default page load timeout: '30'

2019-05-01 13:01:36 - [MESSAGE][PASSED] - Object 'Object Repository/OOBObjects/HomepageObjects/OOBSideBar' is present

2019-05-01 13:01:36 - [MESSAGE][PASSED] - I want to verify I'm in OOB main page

2019-05-01 13:01:36 - [TEST_STEP][PASSED] - I want to go to ideas list page: I want to go to ideas list page

2019-05-01 13:01:40 - [MESSAGE][PASSED] - Object: 'Object Repository/OOBObjects/HomepageObjects/IdeasList' is clicked on

2019-05-01 13:01:40 - [MESSAGE][PASSED] - I want to go to ideas list page

2019-05-01 13:01:40 - [TEST_STEP][PASSED] - I want to click on Add New button: I want to click on Add New button

2019-05-01 13:01:41 - [MESSAGE][PASSED] - Object: 'Object Repository/OOBObjects/IdeasListObjects/AddNewIdeaButton' is clicked on

2019-05-01 13:01:41 - [MESSAGE][PASSED] - I want to click on Add New button

2019-05-01 13:01:41 - [TEST_STEP][PASSED] - I want to fill idea name field: I want to fill idea name field

2019-05-01 13:01:41 - [MESSAGE][PASSED] - Text 'Automation9478' is set on object 'Object Repository/OOBObjects/IdeasListObjects/Idea-Name-Field'

2019-05-01 13:01:41 - [MESSAGE][PASSED] - I want to fill idea name field

2019-05-01 13:01:41 - [TEST_STEP][PASSED] - I want to select expected start date: I want to select expected start date

2019-05-01 13:01:41 - [MESSAGE][PASSED] - Object: 'Object Repository/OOBObjects/IdeasListObjects//GREGORIAN-Start-date-Check-Box' is clicked on

2019-05-01 13:01:41 - [MESSAGE][PASSED] - Object: 'Object Repository/OOBObjects/IdeasListObjects//Excepted-Start-Date' is clicked on

2019-05-01 13:01:41 - [MESSAGE][PASSED] - All options with index in [5] are selected on object 'Object Repository/OOBObjects/IdeasListObjects/StartDateMonthDropDwon'

2019-05-01 13:01:41 - [MESSAGE][PASSED] - Object: 'Object Repository/OOBObjects/IdeasListObjects//Day26' is hovered

2019-05-01 13:01:42 - [MESSAGE][PASSED] - Object: 'Object Repository/OOBObjects/IdeasListObjects//Day26' is clicked on

2019-05-01 13:01:42 - [MESSAGE][PASSED] - I want to select expected start date

2019-05-01 13:01:42 - [TEST_STEP][PASSED] - I want to select expected end date: I want to select expected end date

2019-05-01 13:01:42 - [MESSAGE][PASSED] - Object 'Object Repository/OOBObjects/IdeasListObjects/GREGORIAN-End-Date-Check-Box' is visible

2019-05-01 13:01:42 - [MESSAGE][PASSED] - Object: 'Object Repository/OOBObjects/IdeasListObjects/GREGORIAN-End-Date-Check-Box' is clicked on

2019-05-01 13:01:44 - [MESSAGE][PASSED] - Delayed 2 second(s)

2019-05-01 13:01:44 - [MESSAGE][PASSED] - Object: 'Object Repository/OOBObjects/IdeasListObjects/Excpected-End-Date' is hovered

2019-05-01 13:01:44 - [MESSAGE][PASSED] - Object: 'Object Repository/OOBObjects/IdeasListObjects/Excpected-End-Date' is clicked on

2019-05-01 13:01:44 - [MESSAGE][PASSED] - All options with index in [6] are selected on object 'Object Repository/OOBObjects/IdeasListObjects/EndDateMonthDropdown'

2019-05-01 13:01:44 - [MESSAGE][PASSED] - Object: 'Object Repository/OOBObjects/IdeasListObjects/EndDateDay15' is hovered

2019-05-01 13:01:44 - [MESSAGE][PASSED] - Object: 'Object Repository/OOBObjects/IdeasListObjects/EndDateDay15' is clicked on

2019-05-01 13:01:44 - [MESSAGE][PASSED] - I want to select expected end date

2019-05-01 13:01:44 - [TEST_STEP][PASSED] - I want to fill idea objective field: I want to fill idea objective field

2019-05-01 13:01:44 - [MESSAGE][PASSED] - Text 'Automation' is set on object 'Object Repository/OOBObjects/IdeasListObjects/Idea-Objective-Field'

2019-05-01 13:01:44 - [MESSAGE][PASSED] - I want to fill idea objective field

2019-05-01 13:01:44 - [TEST_STEP][PASSED] - I want to fill expected budget field: I want to fill expected budget field

2019-05-01 13:01:44 - [MESSAGE][PASSED] - Text '10000' is set on object 'Object Repository/OOBObjects/IdeasListObjects/Expected-Budget-Field'

2019-05-01 13:01:44 - [MESSAGE][PASSED] - I want to fill expected budget field

2019-05-01 13:01:44 - [TEST_STEP][PASSED] - I want to fill Notes field: I want to fill Notes field

2019-05-01 13:01:44 - [MESSAGE][PASSED] - Text 'test note' is set on object 'Object Repository/OOBObjects/IdeasListObjects/Notes-Field'

2019-05-01 13:01:44 - [MESSAGE][PASSED] - I want to fill Notes field

2019-05-01 13:01:44 - [TEST_STEP][PASSED] - I want to click save idea button: I want to click save idea button

2019-05-01 13:01:44 - [MESSAGE][WARNING] - Timeout '0' is invalid. Using default page load timeout: '30'

2019-05-01 13:01:44 - [MESSAGE][PASSED] - Object 'Object Repository/OOBObjects/IdeasListObjects/SaveIdeaButton' is present

2019-05-01 13:01:44 - [MESSAGE][WARNING] - Timeout '0' is invalid. Using default page load timeout: '30'

2019-05-01 13:01:44 - [MESSAGE][PASSED] - Object 'Object Repository/OOBObjects/IdeasListObjects/SaveIdeaButton' is clickable

2019-05-01 13:01:44 - [MESSAGE][PASSED] - Object: 'Object Repository/OOBObjects/IdeasListObjects/SaveIdeaButton' is clicked on

2019-05-01 13:01:49 - [MESSAGE][PASSED] - Delayed 5 second(s)

2019-05-01 13:01:49 - [MESSAGE][PASSED] - I want to click save idea button

2019-05-01 13:01:49 - [TEST_STEP][PASSED] - I want to wait for page load: I want to wait for page load

2019-05-01 13:01:49 - [MESSAGE][PASSED] - Wait for page load successfully

2019-05-01 13:01:49 - [MESSAGE][PASSED] - I want to wait for page load

2019-05-01 13:01:49 - [TEST_STEP][PASSED] - I want to go to ideas list page: I want to go to ideas list page

2019-05-01 13:01:51 - [MESSAGE][PASSED] - Object: 'Object Repository/OOBObjects/HomepageObjects/IdeasList' is clicked on

2019-05-01 13:01:51 - [MESSAGE][PASSED] - I want to go to ideas list page

2019-05-01 13:01:51 - [TEST_STEP][FAILED] - I want to search for idea by idea name: I want to search for idea by idea name FAILED.
Reason:
com.kms.katalon.core.exception.StepFailedException: Verify element text of test object 'Object Repository/OOBObjects/IdeasListObjects/SearchResult' FAILED.
	at com.kms.katalon.core.webui.keyword.internal.WebUIKeywordMain.stepFailed(WebUIKeywordMain.groovy:64)
	at com.kms.katalon.core.webui.keyword.internal.WebUIKeywordMain.runKeyword(WebUIKeywordMain.groovy:26)
	at com.kms.katalon.core.webui.keyword.builtin.VerifyElementTextKeyword.verifyElementText(VerifyElementTextKeyword.groovy:72)
	at com.kms.katalon.core.webui.keyword.builtin.VerifyElementTextKeyword.execute(VerifyElementTextKeyword.groovy:40)
	at com.kms.katalon.core.keyword.internal.KeywordExecutor.executeKeywordForPlatform(KeywordExecutor.groovy:56)
	at com.kms.katalon.core.webui.keyword.WebUiBuiltInKeywords.verifyElementText(WebUiBuiltInKeywords.groovy:3663)
	at com.kms.katalon.core.webui.keyword.WebUiBuiltInKeywords$verifyElementText$14.call(Unknown Source)
	at com.pmo.steps.AddIdeaSteps.searchOnSavedIdea(AddIdeaSteps.groovy:454)
	at ✽.I want to search for idea by idea name(C:/Users/HP/git/PMO-Web-Application/Include/features/Governance-Module/Add-Idea/020-Update-Draft-Idea.feature:22)
Caused by: com.kms.katalon.core.exception.StepFailedException: Actual text 'لم يُعثر على أية سجلات' and expected text 'Automation9478' of test object 'Object Repository/OOBObjects/IdeasListObjects/SearchResult' are NOT matched.
	at com.kms.katalon.core.webui.keyword.internal.WebUIKeywordMain.stepFailed(WebUIKeywordMain.groovy:64)
	at com.kms.katalon.core.webui.keyword.builtin.VerifyElementTextKeyword$_verifyElementText_closure1.doCall(VerifyElementTextKeyword.groovy:57)
	at com.kms.katalon.core.webui.keyword.builtin.VerifyElementTextKeyword$_verifyElementText_closure1.call(VerifyElementTextKeyword.groovy)
	at com.kms.katalon.core.webui.keyword.internal.WebUIKeywordMain.runKeyword(WebUIKeywordMain.groovy:20)
	at com.kms.katalon.core.webui.keyword.builtin.VerifyElementTextKeyword.verifyElementText(VerifyElementTextKeyword.groovy:72)
	at com.kms.katalon.core.webui.keyword.builtin.VerifyElementTextKeyword.execute(VerifyElementTextKeyword.groovy:40)
	at com.kms.katalon.core.keyword.internal.KeywordExecutor.executeKeywordForPlatform(KeywordExecutor.groovy:56)
	at com.kms.katalon.core.webui.keyword.WebUiBuiltInKeywords.verifyElementText(WebUiBuiltInKeywords.groovy:3663)
	at com.kms.katalon.core.webui.keyword.WebUiBuiltInKeywords$verifyElementText$14.call(Unknown Source)
	at com.pmo.steps.AddIdeaSteps.searchOnSavedIdea(AddIdeaSteps.groovy:454)
	at cucumber.runtime.Utils$1.call(Utils.java:26)
	at cucumber.runtime.Timeout.timeout(Timeout.java:16)
	at cucumber.runtime.Utils.invoke(Utils.java:20)
	at cucumber.runtime.java.JavaStepDefinition.execute(JavaStepDefinition.java:48)
	at cucumber.runtime.PickleStepDefinitionMatch.runStep(PickleStepDefinitionMatch.java:50)
	at cucumber.runner.TestStep.executeStep(TestStep.java:55)
	at cucumber.runner.TestStep.run(TestStep.java:42)
	at cucumber.runner.PickleStepTestStep.run(PickleStepTestStep.java:53)
	at cucumber.runner.TestCase.run(TestCase.java:47)
	at cucumber.runner.Runner.runPickle(Runner.java:44)
	at cucumber.runtime.Runtime.runFeature(Runtime.java:120)
	at cucumber.runtime.Runtime.run(Runtime.java:106)
	at cucumber.api.cli.Main.run(Main.java:35)
	at cucumber.api.cli.Main$run.call(Unknown Source)
	at com.kms.katalon.core.cucumber.keyword.CucumberBuiltinKeywords$_runFeatureFile_closure1.doCall(CucumberBuiltinKeywords.groovy:76)
	at com.kms.katalon.core.cucumber.keyword.CucumberBuiltinKeywords$_runFeatureFile_closure1.doCall(CucumberBuiltinKeywords.groovy)
	at com.kms.katalon.core.keyword.internal.KeywordMain.runKeyword(KeywordMain.groovy:66)
	at com.kms.katalon.core.keyword.internal.KeywordMain$runKeyword.call(Unknown Source)
	at com.kms.katalon.core.cucumber.keyword.CucumberBuiltinKeywords.runFeatureFile(CucumberBuiltinKeywords.groovy:46)
	at com.kms.katalon.core.cucumber.keyword.CucumberBuiltinKeywords$runFeatureFile$0.callStatic(Unknown Source)
	at com.kms.katalon.core.cucumber.keyword.CucumberBuiltinKeywords.runFeatureFile(CucumberBuiltinKeywords.groovy:101)
	at com.kms.katalon.core.cucumber.keyword.CucumberBuiltinKeywords$runFeatureFile.call(Unknown Source)
	at 020-Update-Draft-Idea.run(020-Update-Draft-Idea:18)
	at com.kms.katalon.core.main.ScriptEngine.run(ScriptEngine.java:194)
	at com.kms.katalon.core.main.ScriptEngine.runScriptAsRawText(ScriptEngine.java:119)
	at com.kms.katalon.core.main.TestCaseExecutor.runScript(TestCaseExecutor.java:331)
	at com.kms.katalon.core.main.TestCaseExecutor.doExecute(TestCaseExecutor.java:322)
	at com.kms.katalon.core.main.TestCaseExecutor.processExecutionPhase(TestCaseExecutor.java:301)
	at com.kms.katalon.core.main.TestCaseExecutor.accessMainPhase(TestCaseExecutor.java:293)
	at com.kms.katalon.core.main.TestCaseExecutor.execute(TestCaseExecutor.java:227)
	at com.kms.katalon.core.main.TestSuiteExecutor.accessTestCaseMainPhase(TestSuiteExecutor.java:129)
	at com.kms.katalon.core.main.TestSuiteExecutor.accessTestSuiteMainPhase(TestSuiteExecutor.java:112)
	at com.kms.katalon.core.main.TestSuiteExecutor.execute(TestSuiteExecutor.java:81)
	at com.kms.katalon.core.main.TestCaseMain.startTestSuite(TestCaseMain.java:157)
	at com.kms.katalon.core.main.TestCaseMain$startTestSuite$0.call(Unknown Source)
	at TempTestSuite1556704417080.run(TempTestSuite1556704417080.groovy:35)


2019-05-01 13:01:51 - [MESSAGE][PASSED] - Text 'Automation9478' is set on object 'Object Repository/OOBObjects/IdeasListObjects/SearchField'

2019-05-01 13:01:52 - [MESSAGE][FAILED] - Actual text 'لم يُعثر على أية سجلات' and expected text 'Automation9478' of test object 'Object Repository/OOBObjects/IdeasListObjects/SearchResult' are NOT matched. (Root cause: com.kms.katalon.core.exception.StepFailedException: Actual text 'لم يُعثر على أية سجلات' and expected text 'Automation9478' of test object 'Object Repository/OOBObjects/IdeasListObjects/SearchResult' are NOT matched.
	at com.kms.katalon.core.webui.keyword.internal.WebUIKeywordMain.stepFailed(WebUIKeywordMain.groovy:64)
	at com.kms.katalon.core.webui.keyword.builtin.VerifyElementTextKeyword$_verifyElementText_closure1.doCall(VerifyElementTextKeyword.groovy:57)
	at com.kms.katalon.core.webui.keyword.builtin.VerifyElementTextKeyword$_verifyElementText_closure1.call(VerifyElementTextKeyword.groovy)
	at com.kms.katalon.core.webui.keyword.internal.WebUIKeywordMain.runKeyword(WebUIKeywordMain.groovy:20)
	at com.kms.katalon.core.webui.keyword.builtin.VerifyElementTextKeyword.verifyElementText(VerifyElementTextKeyword.groovy:72)
	at com.kms.katalon.core.webui.keyword.builtin.VerifyElementTextKeyword.execute(VerifyElementTextKeyword.groovy:40)
	at com.kms.katalon.core.keyword.internal.KeywordExecutor.executeKeywordForPlatform(KeywordExecutor.groovy:56)
	at com.kms.katalon.core.webui.keyword.WebUiBuiltInKeywords.verifyElementText(WebUiBuiltInKeywords.groovy:3663)
	at com.kms.katalon.core.webui.keyword.WebUiBuiltInKeywords$verifyElementText$14.call(Unknown Source)
	at com.pmo.steps.AddIdeaSteps.searchOnSavedIdea(AddIdeaSteps.groovy:454)
	at cucumber.runtime.Utils$1.call(Utils.java:26)
	at cucumber.runtime.Timeout.timeout(Timeout.java:16)
	at cucumber.runtime.Utils.invoke(Utils.java:20)
	at cucumber.runtime.java.JavaStepDefinition.execute(JavaStepDefinition.java:48)
	at cucumber.runtime.PickleStepDefinitionMatch.runStep(PickleStepDefinitionMatch.java:50)
	at cucumber.runner.TestStep.executeStep(TestStep.java:55)
	at cucumber.runner.TestStep.run(TestStep.java:42)
	at cucumber.runner.PickleStepTestStep.run(PickleStepTestStep.java:53)
	at cucumber.runner.TestCase.run(TestCase.java:47)
	at cucumber.runner.Runner.runPickle(Runner.java:44)
	at cucumber.runtime.Runtime.runFeature(Runtime.java:120)
	at cucumber.runtime.Runtime.run(Runtime.java:106)
	at cucumber.api.cli.Main.run(Main.java:35)
	at cucumber.api.cli.Main$run.call(Unknown Source)
	at com.kms.katalon.core.cucumber.keyword.CucumberBuiltinKeywords$_runFeatureFile_closure1.doCall(CucumberBuiltinKeywords.groovy:76)
	at com.kms.katalon.core.cucumber.keyword.CucumberBuiltinKeywords$_runFeatureFile_closure1.doCall(CucumberBuiltinKeywords.groovy)
	at com.kms.katalon.core.keyword.internal.KeywordMain.runKeyword(KeywordMain.groovy:66)
	at com.kms.katalon.core.keyword.internal.KeywordMain$runKeyword.call(Unknown Source)
	at com.kms.katalon.core.cucumber.keyword.CucumberBuiltinKeywords.runFeatureFile(CucumberBuiltinKeywords.groovy:46)
	at com.kms.katalon.core.cucumber.keyword.CucumberBuiltinKeywords$runFeatureFile$0.callStatic(Unknown Source)
	at com.kms.katalon.core.cucumber.keyword.CucumberBuiltinKeywords.runFeatureFile(CucumberBuiltinKeywords.groovy:101)
	at com.kms.katalon.core.cucumber.keyword.CucumberBuiltinKeywords$runFeatureFile.call(Unknown Source)
	at 020-Update-Draft-Idea.run(020-Update-Draft-Idea:18)
	at com.kms.katalon.core.main.ScriptEngine.run(ScriptEngine.java:194)
	at com.kms.katalon.core.main.ScriptEngine.runScriptAsRawText(ScriptEngine.java:119)
	at com.kms.katalon.core.main.TestCaseExecutor.runScript(TestCaseExecutor.java:331)
	at com.kms.katalon.core.main.TestCaseExecutor.doExecute(TestCaseExecutor.java:322)
	at com.kms.katalon.core.main.TestCaseExecutor.processExecutionPhase(TestCaseExecutor.java:301)
	at com.kms.katalon.core.main.TestCaseExecutor.accessMainPhase(TestCaseExecutor.java:293)
	at com.kms.katalon.core.main.TestCaseExecutor.execute(TestCaseExecutor.java:227)
	at com.kms.katalon.core.main.TestSuiteExecutor.accessTestCaseMainPhase(TestSuiteExecutor.java:129)
	at com.kms.katalon.core.main.TestSuiteExecutor.accessTestSuiteMainPhase(TestSuiteExecutor.java:112)
	at com.kms.katalon.core.main.TestSuiteExecutor.execute(TestSuiteExecutor.java:81)
	at com.kms.katalon.core.main.TestCaseMain.startTestSuite(TestCaseMain.java:157)
	at com.kms.katalon.core.main.TestCaseMain$startTestSuite$0.call(Unknown Source)
	at TempTestSuite1556704417080.run(TempTestSuite1556704417080.groovy:35)
)
[[ATTACHMENT|C:\\Users\\HP\\git\\PMO-Web-Application\\Reports\\First-Test-Suite\\20190501_125337\\1556704912731.png]]

2019-05-01 13:01:53 - [MESSAGE][FAILED] - Verify element text of test object 'Object Repository/OOBObjects/IdeasListObjects/SearchResult' FAILED. (Root cause: com.kms.katalon.core.exception.StepFailedException: Verify element text of test object 'Object Repository/OOBObjects/IdeasListObjects/SearchResult' FAILED.
	at com.kms.katalon.core.webui.keyword.internal.WebUIKeywordMain.stepFailed(WebUIKeywordMain.groovy:64)
	at com.kms.katalon.core.webui.keyword.internal.WebUIKeywordMain.runKeyword(WebUIKeywordMain.groovy:26)
	at com.kms.katalon.core.webui.keyword.builtin.VerifyElementTextKeyword.verifyElementText(VerifyElementTextKeyword.groovy:72)
	at com.kms.katalon.core.webui.keyword.builtin.VerifyElementTextKeyword.execute(VerifyElementTextKeyword.groovy:40)
	at com.kms.katalon.core.keyword.internal.KeywordExecutor.executeKeywordForPlatform(KeywordExecutor.groovy:56)
	at com.kms.katalon.core.webui.keyword.WebUiBuiltInKeywords.verifyElementText(WebUiBuiltInKeywords.groovy:3663)
	at com.kms.katalon.core.webui.keyword.WebUiBuiltInKeywords$verifyElementText$14.call(Unknown Source)
	at com.pmo.steps.AddIdeaSteps.searchOnSavedIdea(AddIdeaSteps.groovy:454)
	at cucumber.runtime.Utils$1.call(Utils.java:26)
	at cucumber.runtime.Timeout.timeout(Timeout.java:16)
	at cucumber.runtime.Utils.invoke(Utils.java:20)
	at cucumber.runtime.java.JavaStepDefinition.execute(JavaStepDefinition.java:48)
	at cucumber.runtime.PickleStepDefinitionMatch.runStep(PickleStepDefinitionMatch.java:50)
	at cucumber.runner.TestStep.executeStep(TestStep.java:55)
	at cucumber.runner.TestStep.run(TestStep.java:42)
	at cucumber.runner.PickleStepTestStep.run(PickleStepTestStep.java:53)
	at cucumber.runner.TestCase.run(TestCase.java:47)
	at cucumber.runner.Runner.runPickle(Runner.java:44)
	at cucumber.runtime.Runtime.runFeature(Runtime.java:120)
	at cucumber.runtime.Runtime.run(Runtime.java:106)
	at cucumber.api.cli.Main.run(Main.java:35)
	at cucumber.api.cli.Main$run.call(Unknown Source)
	at com.kms.katalon.core.cucumber.keyword.CucumberBuiltinKeywords$_runFeatureFile_closure1.doCall(CucumberBuiltinKeywords.groovy:76)
	at com.kms.katalon.core.cucumber.keyword.CucumberBuiltinKeywords$_runFeatureFile_closure1.doCall(CucumberBuiltinKeywords.groovy)
	at com.kms.katalon.core.keyword.internal.KeywordMain.runKeyword(KeywordMain.groovy:66)
	at com.kms.katalon.core.keyword.internal.KeywordMain$runKeyword.call(Unknown Source)
	at com.kms.katalon.core.cucumber.keyword.CucumberBuiltinKeywords.runFeatureFile(CucumberBuiltinKeywords.groovy:46)
	at com.kms.katalon.core.cucumber.keyword.CucumberBuiltinKeywords$runFeatureFile$0.callStatic(Unknown Source)
	at com.kms.katalon.core.cucumber.keyword.CucumberBuiltinKeywords.runFeatureFile(CucumberBuiltinKeywords.groovy:101)
	at com.kms.katalon.core.cucumber.keyword.CucumberBuiltinKeywords$runFeatureFile.call(Unknown Source)
	at 020-Update-Draft-Idea.run(020-Update-Draft-Idea:18)
	at com.kms.katalon.core.main.ScriptEngine.run(ScriptEngine.java:194)
	at com.kms.katalon.core.main.ScriptEngine.runScriptAsRawText(ScriptEngine.java:119)
	at com.kms.katalon.core.main.TestCaseExecutor.runScript(TestCaseExecutor.java:331)
	at com.kms.katalon.core.main.TestCaseExecutor.doExecute(TestCaseExecutor.java:322)
	at com.kms.katalon.core.main.TestCaseExecutor.processExecutionPhase(TestCaseExecutor.java:301)
	at com.kms.katalon.core.main.TestCaseExecutor.accessMainPhase(TestCaseExecutor.java:293)
	at com.kms.katalon.core.main.TestCaseExecutor.execute(TestCaseExecutor.java:227)
	at com.kms.katalon.core.main.TestSuiteExecutor.accessTestCaseMainPhase(TestSuiteExecutor.java:129)
	at com.kms.katalon.core.main.TestSuiteExecutor.accessTestSuiteMainPhase(TestSuiteExecutor.java:112)
	at com.kms.katalon.core.main.TestSuiteExecutor.execute(TestSuiteExecutor.java:81)
	at com.kms.katalon.core.main.TestCaseMain.startTestSuite(TestCaseMain.java:157)
	at com.kms.katalon.core.main.TestCaseMain$startTestSuite$0.call(Unknown Source)
	at TempTestSuite1556704417080.run(TempTestSuite1556704417080.groovy:35)
Caused by: com.kms.katalon.core.exception.StepFailedException: Actual text 'لم يُعثر على أية سجلات' and expected text 'Automation9478' of test object 'Object Repository/OOBObjects/IdeasListObjects/SearchResult' are NOT matched.
	at com.kms.katalon.core.webui.keyword.internal.WebUIKeywordMain.stepFailed(WebUIKeywordMain.groovy:64)
	at com.kms.katalon.core.webui.keyword.builtin.VerifyElementTextKeyword$_verifyElementText_closure1.doCall(VerifyElementTextKeyword.groovy:57)
	at com.kms.katalon.core.webui.keyword.builtin.VerifyElementTextKeyword$_verifyElementText_closure1.call(VerifyElementTextKeyword.groovy)
	at com.kms.katalon.core.webui.keyword.internal.WebUIKeywordMain.runKeyword(WebUIKeywordMain.groovy:20)
	... 42 more
)
[[ATTACHMENT|C:\\Users\\HP\\git\\PMO-Web-Application\\Reports\\First-Test-Suite\\20190501_125337\\1556704912986.png]]

2019-05-01 13:01:53 - [MESSAGE][FAILED] - I want to search for idea by idea name FAILED.
Reason:
com.kms.katalon.core.exception.StepFailedException: Verify element text of test object 'Object Repository/OOBObjects/IdeasListObjects/SearchResult' FAILED.
	at com.kms.katalon.core.webui.keyword.internal.WebUIKeywordMain.stepFailed(WebUIKeywordMain.groovy:64)
	at com.kms.katalon.core.webui.keyword.internal.WebUIKeywordMain.runKeyword(WebUIKeywordMain.groovy:26)
	at com.kms.katalon.core.webui.keyword.builtin.VerifyElementTextKeyword.verifyElementText(VerifyElementTextKeyword.groovy:72)
	at com.kms.katalon.core.webui.keyword.builtin.VerifyElementTextKeyword.execute(VerifyElementTextKeyword.groovy:40)
	at com.kms.katalon.core.keyword.internal.KeywordExecutor.executeKeywordForPlatform(KeywordExecutor.groovy:56)
	at com.kms.katalon.core.webui.keyword.WebUiBuiltInKeywords.verifyElementText(WebUiBuiltInKeywords.groovy:3663)
	at com.kms.katalon.core.webui.keyword.WebUiBuiltInKeywords$verifyElementText$14.call(Unknown Source)
	at com.pmo.steps.AddIdeaSteps.searchOnSavedIdea(AddIdeaSteps.groovy:454)
	at ✽.I want to search for idea by idea name(C:/Users/HP/git/PMO-Web-Application/Include/features/Governance-Module/Add-Idea/020-Update-Draft-Idea.feature:22)
Caused by: com.kms.katalon.core.exception.StepFailedException: Actual text 'لم يُعثر على أية سجلات' and expected text 'Automation9478' of test object 'Object Repository/OOBObjects/IdeasListObjects/SearchResult' are NOT matched.
	at com.kms.katalon.core.webui.keyword.internal.WebUIKeywordMain.stepFailed(WebUIKeywordMain.groovy:64)
	at com.kms.katalon.core.webui.keyword.builtin.VerifyElementTextKeyword$_verifyElementText_closure1.doCall(VerifyElementTextKeyword.groovy:57)
	at com.kms.katalon.core.webui.keyword.builtin.VerifyElementTextKeyword$_verifyElementText_closure1.call(VerifyElementTextKeyword.groovy)
	at com.kms.katalon.core.webui.keyword.internal.WebUIKeywordMain.runKeyword(WebUIKeywordMain.groovy:20)
	at com.kms.katalon.core.webui.keyword.builtin.VerifyElementTextKeyword.verifyElementText(VerifyElementTextKeyword.groovy:72)
	at com.kms.katalon.core.webui.keyword.builtin.VerifyElementTextKeyword.execute(VerifyElementTextKeyword.groovy:40)
	at com.kms.katalon.core.keyword.internal.KeywordExecutor.executeKeywordForPlatform(KeywordExecutor.groovy:56)
	at com.kms.katalon.core.webui.keyword.WebUiBuiltInKeywords.verifyElementText(WebUiBuiltInKeywords.groovy:3663)
	at com.kms.katalon.core.webui.keyword.WebUiBuiltInKeywords$verifyElementText$14.call(Unknown Source)
	at com.pmo.steps.AddIdeaSteps.searchOnSavedIdea(AddIdeaSteps.groovy:454)
	at cucumber.runtime.Utils$1.call(Utils.java:26)
	at cucumber.runtime.Timeout.timeout(Timeout.java:16)
	at cucumber.runtime.Utils.invoke(Utils.java:20)
	at cucumber.runtime.java.JavaStepDefinition.execute(JavaStepDefinition.java:48)
	at cucumber.runtime.PickleStepDefinitionMatch.runStep(PickleStepDefinitionMatch.java:50)
	at cucumber.runner.TestStep.executeStep(TestStep.java:55)
	at cucumber.runner.TestStep.run(TestStep.java:42)
	at cucumber.runner.PickleStepTestStep.run(PickleStepTestStep.java:53)
	at cucumber.runner.TestCase.run(TestCase.java:47)
	at cucumber.runner.Runner.runPickle(Runner.java:44)
	at cucumber.runtime.Runtime.runFeature(Runtime.java:120)
	at cucumber.runtime.Runtime.run(Runtime.java:106)
	at cucumber.api.cli.Main.run(Main.java:35)
	at cucumber.api.cli.Main$run.call(Unknown Source)
	at com.kms.katalon.core.cucumber.keyword.CucumberBuiltinKeywords$_runFeatureFile_closure1.doCall(CucumberBuiltinKeywords.groovy:76)
	at com.kms.katalon.core.cucumber.keyword.CucumberBuiltinKeywords$_runFeatureFile_closure1.doCall(CucumberBuiltinKeywords.groovy)
	at com.kms.katalon.core.keyword.internal.KeywordMain.runKeyword(KeywordMain.groovy:66)
	at com.kms.katalon.core.keyword.internal.KeywordMain$runKeyword.call(Unknown Source)
	at com.kms.katalon.core.cucumber.keyword.CucumberBuiltinKeywords.runFeatureFile(CucumberBuiltinKeywords.groovy:46)
	at com.kms.katalon.core.cucumber.keyword.CucumberBuiltinKeywords$runFeatureFile$0.callStatic(Unknown Source)
	at com.kms.katalon.core.cucumber.keyword.CucumberBuiltinKeywords.runFeatureFile(CucumberBuiltinKeywords.groovy:101)
	at com.kms.katalon.core.cucumber.keyword.CucumberBuiltinKeywords$runFeatureFile.call(Unknown Source)
	at 020-Update-Draft-Idea.run(020-Update-Draft-Idea:18)
	at com.kms.katalon.core.main.ScriptEngine.run(ScriptEngine.java:194)
	at com.kms.katalon.core.main.ScriptEngine.runScriptAsRawText(ScriptEngine.java:119)
	at com.kms.katalon.core.main.TestCaseExecutor.runScript(TestCaseExecutor.java:331)
	at com.kms.katalon.core.main.TestCaseExecutor.doExecute(TestCaseExecutor.java:322)
	at com.kms.katalon.core.main.TestCaseExecutor.processExecutionPhase(TestCaseExecutor.java:301)
	at com.kms.katalon.core.main.TestCaseExecutor.accessMainPhase(TestCaseExecutor.java:293)
	at com.kms.katalon.core.main.TestCaseExecutor.execute(TestCaseExecutor.java:227)
	at com.kms.katalon.core.main.TestSuiteExecutor.accessTestCaseMainPhase(TestSuiteExecutor.java:129)
	at com.kms.katalon.core.main.TestSuiteExecutor.accessTestSuiteMainPhase(TestSuiteExecutor.java:112)
	at com.kms.katalon.core.main.TestSuiteExecutor.execute(TestSuiteExecutor.java:81)
	at com.kms.katalon.core.main.TestCaseMain.startTestSuite(TestCaseMain.java:157)
	at com.kms.katalon.core.main.TestCaseMain$startTestSuite$0.call(Unknown Source)
	at TempTestSuite1556704417080.run(TempTestSuite1556704417080.groovy:35)


2019-05-01 13:01:53 - [TEST_STEP][NOT_RUN] - I want to click on edit idea icon: I want to click on edit idea icon

2019-05-01 13:01:53 - [MESSAGE][NOT_RUN] - I want to click on edit idea icon

2019-05-01 13:01:53 - [TEST_STEP][NOT_RUN] - I want to edit idea name: I want to edit idea name

2019-05-01 13:01:53 - [MESSAGE][NOT_RUN] - I want to edit idea name

2019-05-01 13:01:53 - [TEST_STEP][NOT_RUN] - I want to click save idea button: I want to click save idea button

2019-05-01 13:01:53 - [MESSAGE][NOT_RUN] - I want to click save idea button

2019-05-01 13:01:53 - [TEST_STEP][NOT_RUN] - I want to wait for page load: I want to wait for page load

2019-05-01 13:01:53 - [MESSAGE][NOT_RUN] - I want to wait for page load

2019-05-01 13:01:53 - [TEST_STEP][NOT_RUN] - I want to go to ideas list page: I want to go to ideas list page

2019-05-01 13:01:53 - [MESSAGE][NOT_RUN] - I want to go to ideas list page

2019-05-01 13:01:53 - [TEST_STEP][NOT_RUN] - I want to search on updated idea: I want to search on updated idea

2019-05-01 13:01:53 - [MESSAGE][NOT_RUN] - I want to search on updated idea

2019-05-01 13:01:53 - [TEST_STEP][NOT_RUN] - I want to close browser: I want to close browser

2019-05-01 13:01:53 - [MESSAGE][NOT_RUN] - I want to close browser

2019-05-01 13:01:53 - [MESSAGE][FAILED] - Feature file 'Include/features/Governance-Module/Add-Idea/020-Update-Draft-Idea.feature' was failed

2019-05-01 13:01:53 - [MESSAGE][FAILED] - Keyword runFeatureFile was failed (Root cause: com.kms.katalon.core.exception.StepFailedException: Feature file 'Include/features/Governance-Module/Add-Idea/020-Update-Draft-Idea.feature' was failed
	at com.kms.katalon.core.keyword.internal.KeywordMain.stepFailed(KeywordMain.groovy:48)
	at com.kms.katalon.core.keyword.internal.KeywordMain.stepFailed(KeywordMain.groovy)
	at com.kms.katalon.core.keyword.internal.KeywordMain.stepFailed(KeywordMain.groovy:21)
	at com.kms.katalon.core.keyword.internal.KeywordMain$stepFailed$0.call(Unknown Source)
	at com.kms.katalon.core.cucumber.keyword.CucumberBuiltinKeywords$_runFeatureFile_closure1.doCall(CucumberBuiltinKeywords.groovy:82)
	at com.kms.katalon.core.cucumber.keyword.CucumberBuiltinKeywords$_runFeatureFile_closure1.doCall(CucumberBuiltinKeywords.groovy)
	at com.kms.katalon.core.keyword.internal.KeywordMain.runKeyword(KeywordMain.groovy:66)
	at com.kms.katalon.core.keyword.internal.KeywordMain$runKeyword.call(Unknown Source)
	at com.kms.katalon.core.cucumber.keyword.CucumberBuiltinKeywords.runFeatureFile(CucumberBuiltinKeywords.groovy:46)
	at com.kms.katalon.core.cucumber.keyword.CucumberBuiltinKeywords$runFeatureFile$0.callStatic(Unknown Source)
	at com.kms.katalon.core.cucumber.keyword.CucumberBuiltinKeywords.runFeatureFile(CucumberBuiltinKeywords.groovy:101)
	at com.kms.katalon.core.cucumber.keyword.CucumberBuiltinKeywords$runFeatureFile.call(Unknown Source)
	at 020-Update-Draft-Idea.run(020-Update-Draft-Idea:18)
	at com.kms.katalon.core.main.ScriptEngine.run(ScriptEngine.java:194)
	at com.kms.katalon.core.main.ScriptEngine.runScriptAsRawText(ScriptEngine.java:119)
	at com.kms.katalon.core.main.TestCaseExecutor.runScript(TestCaseExecutor.java:331)
	at com.kms.katalon.core.main.TestCaseExecutor.doExecute(TestCaseExecutor.java:322)
	at com.kms.katalon.core.main.TestCaseExecutor.processExecutionPhase(TestCaseExecutor.java:301)
	at com.kms.katalon.core.main.TestCaseExecutor.accessMainPhase(TestCaseExecutor.java:293)
	at com.kms.katalon.core.main.TestCaseExecutor.execute(TestCaseExecutor.java:227)
	at com.kms.katalon.core.main.TestSuiteExecutor.accessTestCaseMainPhase(TestSuiteExecutor.java:129)
	at com.kms.katalon.core.main.TestSuiteExecutor.accessTestSuiteMainPhase(TestSuiteExecutor.java:112)
	at com.kms.katalon.core.main.TestSuiteExecutor.execute(TestSuiteExecutor.java:81)
	at com.kms.katalon.core.main.TestCaseMain.startTestSuite(TestCaseMain.java:157)
	at com.kms.katalon.core.main.TestCaseMain$startTestSuite$0.call(Unknown Source)
	at TempTestSuite1556704417080.run(TempTestSuite1556704417080.groovy:35)
)

2019-05-01 13:01:53 - [MESSAGE][FAILED] - runFeatureFile("Include/features/Governance-Module/Add-Idea/020-Update-Draft-Idea.feature") FAILED.
Reason:
com.kms.katalon.core.exception.StepFailedException: Feature file 'Include/features/Governance-Module/Add-Idea/020-Update-Draft-Idea.feature' was failed
	at com.kms.katalon.core.keyword.internal.KeywordMain.stepFailed(KeywordMain.groovy:48)
	at com.kms.katalon.core.keyword.internal.KeywordMain.stepFailed(KeywordMain.groovy)
	at com.kms.katalon.core.keyword.internal.KeywordMain.stepFailed(KeywordMain.groovy:21)
	at com.kms.katalon.core.keyword.internal.KeywordMain$stepFailed$0.call(Unknown Source)
	at com.kms.katalon.core.cucumber.keyword.CucumberBuiltinKeywords$_runFeatureFile_closure1.doCall(CucumberBuiltinKeywords.groovy:82)
	at com.kms.katalon.core.cucumber.keyword.CucumberBuiltinKeywords$_runFeatureFile_closure1.doCall(CucumberBuiltinKeywords.groovy)
	at com.kms.katalon.core.keyword.internal.KeywordMain.runKeyword(KeywordMain.groovy:66)
	at com.kms.katalon.core.keyword.internal.KeywordMain$runKeyword.call(Unknown Source)
	at com.kms.katalon.core.cucumber.keyword.CucumberBuiltinKeywords.runFeatureFile(CucumberBuiltinKeywords.groovy:46)
	at com.kms.katalon.core.cucumber.keyword.CucumberBuiltinKeywords$runFeatureFile$0.callStatic(Unknown Source)
	at com.kms.katalon.core.cucumber.keyword.CucumberBuiltinKeywords.runFeatureFile(CucumberBuiltinKeywords.groovy:101)
	at com.kms.katalon.core.cucumber.keyword.CucumberBuiltinKeywords$runFeatureFile.call(Unknown Source)
	at 020-Update-Draft-Idea.run(020-Update-Draft-Idea:18)
	at com.kms.katalon.core.main.ScriptEngine.run(ScriptEngine.java:194)
	at com.kms.katalon.core.main.ScriptEngine.runScriptAsRawText(ScriptEngine.java:119)
	at com.kms.katalon.core.main.TestCaseExecutor.runScript(TestCaseExecutor.java:331)
	at com.kms.katalon.core.main.TestCaseExecutor.doExecute(TestCaseExecutor.java:322)
	at com.kms.katalon.core.main.TestCaseExecutor.processExecutionPhase(TestCaseExecutor.java:301)
	at com.kms.katalon.core.main.TestCaseExecutor.accessMainPhase(TestCaseExecutor.java:293)
	at com.kms.katalon.core.main.TestCaseExecutor.execute(TestCaseExecutor.java:227)
	at com.kms.katalon.core.main.TestSuiteExecutor.accessTestCaseMainPhase(TestSuiteExecutor.java:129)
	at com.kms.katalon.core.main.TestSuiteExecutor.accessTestSuiteMainPhase(TestSuiteExecutor.java:112)
	at com.kms.katalon.core.main.TestSuiteExecutor.execute(TestSuiteExecutor.java:81)
	at com.kms.katalon.core.main.TestCaseMain.startTestSuite(TestCaseMain.java:157)
	at com.kms.katalon.core.main.TestCaseMain$startTestSuite$0.call(Unknown Source)
	at TempTestSuite1556704417080.run(TempTestSuite1556704417080.groovy:35)]]></system-out>
         <system-err><![CDATA[2019-05-01 13:01:23 - [TEST_CASE][FAILED] - Test Cases/Main-Test-Cases/020-Update-Draft-Idea: Test Cases/Main-Test-Cases/020-Update-Draft-Idea FAILED.
Reason:
com.kms.katalon.core.exception.StepFailedException: Feature file 'Include/features/Governance-Module/Add-Idea/020-Update-Draft-Idea.feature' was failed
	at com.kms.katalon.core.keyword.internal.KeywordMain.stepFailed(KeywordMain.groovy:48)
	at com.kms.katalon.core.keyword.internal.KeywordMain.stepFailed(KeywordMain.groovy)
	at com.kms.katalon.core.keyword.internal.KeywordMain.stepFailed(KeywordMain.groovy:21)
	at com.kms.katalon.core.keyword.internal.KeywordMain$stepFailed$0.call(Unknown Source)
	at com.kms.katalon.core.cucumber.keyword.CucumberBuiltinKeywords$_runFeatureFile_closure1.doCall(CucumberBuiltinKeywords.groovy:82)
	at com.kms.katalon.core.cucumber.keyword.CucumberBuiltinKeywords$_runFeatureFile_closure1.doCall(CucumberBuiltinKeywords.groovy)
	at com.kms.katalon.core.keyword.internal.KeywordMain.runKeyword(KeywordMain.groovy:66)
	at com.kms.katalon.core.keyword.internal.KeywordMain$runKeyword.call(Unknown Source)
	at com.kms.katalon.core.cucumber.keyword.CucumberBuiltinKeywords.runFeatureFile(CucumberBuiltinKeywords.groovy:46)
	at com.kms.katalon.core.cucumber.keyword.CucumberBuiltinKeywords$runFeatureFile$0.callStatic(Unknown Source)
	at com.kms.katalon.core.cucumber.keyword.CucumberBuiltinKeywords.runFeatureFile(CucumberBuiltinKeywords.groovy:101)
	at com.kms.katalon.core.cucumber.keyword.CucumberBuiltinKeywords$runFeatureFile.call(Unknown Source)
	at 020-Update-Draft-Idea.run(020-Update-Draft-Idea:18)
	at com.kms.katalon.core.main.ScriptEngine.run(ScriptEngine.java:194)
	at com.kms.katalon.core.main.ScriptEngine.runScriptAsRawText(ScriptEngine.java:119)
	at com.kms.katalon.core.main.TestCaseExecutor.runScript(TestCaseExecutor.java:331)
	at com.kms.katalon.core.main.TestCaseExecutor.doExecute(TestCaseExecutor.java:322)
	at com.kms.katalon.core.main.TestCaseExecutor.processExecutionPhase(TestCaseExecutor.java:301)
	at com.kms.katalon.core.main.TestCaseExecutor.accessMainPhase(TestCaseExecutor.java:293)
	at com.kms.katalon.core.main.TestCaseExecutor.execute(TestCaseExecutor.java:227)
	at com.kms.katalon.core.main.TestSuiteExecutor.accessTestCaseMainPhase(TestSuiteExecutor.java:129)
	at com.kms.katalon.core.main.TestSuiteExecutor.accessTestSuiteMainPhase(TestSuiteExecutor.java:112)
	at com.kms.katalon.core.main.TestSuiteExecutor.execute(TestSuiteExecutor.java:81)
	at com.kms.katalon.core.main.TestCaseMain.startTestSuite(TestCaseMain.java:157)
	at com.kms.katalon.core.main.TestCaseMain$startTestSuite$0.call(Unknown Source)
	at TempTestSuite1556704417080.run(TempTestSuite1556704417080.groovy:35)]]></system-err>
      </testcase>
      <testcase name="Test Cases/Main-Test-Cases/021-Verify-Ideas-List-and-Idea-Details-Pages" classname="Test Cases/Main-Test-Cases/021-Verify-Ideas-List-and-Idea-Details-Pages" status="FAILED">
         <failure type="FAILED" message="Test Cases/Main-Test-Cases/021-Verify-Ideas-List-and-Idea-Details-Pages FAILED.
Reason:
com.kms.katalon.core.exception.StepFailedException: Feature file 'Include/features/Governance-Module/Add-Idea/021-Verify-Ideas-List-and-Idea-Details-Pages.feature' was failed
	at com.kms.katalon.core.keyword.internal.KeywordMain.stepFailed(KeywordMain.groovy:48)
	at com.kms.katalon.core.keyword.internal.KeywordMain.stepFailed(KeywordMain.groovy)
	at com.kms.katalon.core.keyword.internal.KeywordMain.stepFailed(KeywordMain.groovy:21)
	at com.kms.katalon.core.keyword.internal.KeywordMain$stepFailed$0.call(Unknown Source)
	at com.kms.katalon.core.cucumber.keyword.CucumberBuiltinKeywords$_runFeatureFile_closure1.doCall(CucumberBuiltinKeywords.groovy:82)
	at com.kms.katalon.core.cucumber.keyword.CucumberBuiltinKeywords$_runFeatureFile_closure1.doCall(CucumberBuiltinKeywords.groovy)
	at com.kms.katalon.core.keyword.internal.KeywordMain.runKeyword(KeywordMain.groovy:66)
	at com.kms.katalon.core.keyword.internal.KeywordMain$runKeyword.call(Unknown Source)
	at com.kms.katalon.core.cucumber.keyword.CucumberBuiltinKeywords.runFeatureFile(CucumberBuiltinKeywords.groovy:46)
	at com.kms.katalon.core.cucumber.keyword.CucumberBuiltinKeywords$runFeatureFile$0.callStatic(Unknown Source)
	at com.kms.katalon.core.cucumber.keyword.CucumberBuiltinKeywords.runFeatureFile(CucumberBuiltinKeywords.groovy:101)
	at com.kms.katalon.core.cucumber.keyword.CucumberBuiltinKeywords$runFeatureFile.call(Unknown Source)
	at 021-Verify-Ideas-List-and-Idea-Details-Pages.run(021-Verify-Ideas-List-and-Idea-Details-Pages:18)
	at com.kms.katalon.core.main.ScriptEngine.run(ScriptEngine.java:194)
	at com.kms.katalon.core.main.ScriptEngine.runScriptAsRawText(ScriptEngine.java:119)
	at com.kms.katalon.core.main.TestCaseExecutor.runScript(TestCaseExecutor.java:331)
	at com.kms.katalon.core.main.TestCaseExecutor.doExecute(TestCaseExecutor.java:322)
	at com.kms.katalon.core.main.TestCaseExecutor.processExecutionPhase(TestCaseExecutor.java:301)
	at com.kms.katalon.core.main.TestCaseExecutor.accessMainPhase(TestCaseExecutor.java:293)
	at com.kms.katalon.core.main.TestCaseExecutor.execute(TestCaseExecutor.java:227)
	at com.kms.katalon.core.main.TestSuiteExecutor.accessTestCaseMainPhase(TestSuiteExecutor.java:129)
	at com.kms.katalon.core.main.TestSuiteExecutor.accessTestSuiteMainPhase(TestSuiteExecutor.java:112)
	at com.kms.katalon.core.main.TestSuiteExecutor.execute(TestSuiteExecutor.java:81)
	at com.kms.katalon.core.main.TestCaseMain.startTestSuite(TestCaseMain.java:157)
	at com.kms.katalon.core.main.TestCaseMain$startTestSuite$0.call(Unknown Source)
	at TempTestSuite1556704417080.run(TempTestSuite1556704417080.groovy:35)
"/>
         <system-out><![CDATA[2019-05-01 13:01:53 - [TEST_CASE][FAILED] - Test Cases/Main-Test-Cases/021-Verify-Ideas-List-and-Idea-Details-Pages: Test Cases/Main-Test-Cases/021-Verify-Ideas-List-and-Idea-Details-Pages FAILED.
Reason:
com.kms.katalon.core.exception.StepFailedException: Feature file 'Include/features/Governance-Module/Add-Idea/021-Verify-Ideas-List-and-Idea-Details-Pages.feature' was failed
	at com.kms.katalon.core.keyword.internal.KeywordMain.stepFailed(KeywordMain.groovy:48)
	at com.kms.katalon.core.keyword.internal.KeywordMain.stepFailed(KeywordMain.groovy)
	at com.kms.katalon.core.keyword.internal.KeywordMain.stepFailed(KeywordMain.groovy:21)
	at com.kms.katalon.core.keyword.internal.KeywordMain$stepFailed$0.call(Unknown Source)
	at com.kms.katalon.core.cucumber.keyword.CucumberBuiltinKeywords$_runFeatureFile_closure1.doCall(CucumberBuiltinKeywords.groovy:82)
	at com.kms.katalon.core.cucumber.keyword.CucumberBuiltinKeywords$_runFeatureFile_closure1.doCall(CucumberBuiltinKeywords.groovy)
	at com.kms.katalon.core.keyword.internal.KeywordMain.runKeyword(KeywordMain.groovy:66)
	at com.kms.katalon.core.keyword.internal.KeywordMain$runKeyword.call(Unknown Source)
	at com.kms.katalon.core.cucumber.keyword.CucumberBuiltinKeywords.runFeatureFile(CucumberBuiltinKeywords.groovy:46)
	at com.kms.katalon.core.cucumber.keyword.CucumberBuiltinKeywords$runFeatureFile$0.callStatic(Unknown Source)
	at com.kms.katalon.core.cucumber.keyword.CucumberBuiltinKeywords.runFeatureFile(CucumberBuiltinKeywords.groovy:101)
	at com.kms.katalon.core.cucumber.keyword.CucumberBuiltinKeywords$runFeatureFile.call(Unknown Source)
	at 021-Verify-Ideas-List-and-Idea-Details-Pages.run(021-Verify-Ideas-List-and-Idea-Details-Pages:18)
	at com.kms.katalon.core.main.ScriptEngine.run(ScriptEngine.java:194)
	at com.kms.katalon.core.main.ScriptEngine.runScriptAsRawText(ScriptEngine.java:119)
	at com.kms.katalon.core.main.TestCaseExecutor.runScript(TestCaseExecutor.java:331)
	at com.kms.katalon.core.main.TestCaseExecutor.doExecute(TestCaseExecutor.java:322)
	at com.kms.katalon.core.main.TestCaseExecutor.processExecutionPhase(TestCaseExecutor.java:301)
	at com.kms.katalon.core.main.TestCaseExecutor.accessMainPhase(TestCaseExecutor.java:293)
	at com.kms.katalon.core.main.TestCaseExecutor.execute(TestCaseExecutor.java:227)
	at com.kms.katalon.core.main.TestSuiteExecutor.accessTestCaseMainPhase(TestSuiteExecutor.java:129)
	at com.kms.katalon.core.main.TestSuiteExecutor.accessTestSuiteMainPhase(TestSuiteExecutor.java:112)
	at com.kms.katalon.core.main.TestSuiteExecutor.execute(TestSuiteExecutor.java:81)
	at com.kms.katalon.core.main.TestCaseMain.startTestSuite(TestCaseMain.java:157)
	at com.kms.katalon.core.main.TestCaseMain$startTestSuite$0.call(Unknown Source)
	at TempTestSuite1556704417080.run(TempTestSuite1556704417080.groovy:35)


2019-05-01 13:01:53 - [TEST_STEP][FAILED] - runFeatureFile("Include/features/Governance-Module/Add-Idea/021-Verify-Ideas-List-and-Idea-Details-Pages.feature"): runFeatureFile("Include/features/Governance-Module/Add-Idea/021-Verify-Ideas-List-and-Idea-Details-Pages.feature") FAILED.
Reason:
com.kms.katalon.core.exception.StepFailedException: Feature file 'Include/features/Governance-Module/Add-Idea/021-Verify-Ideas-List-and-Idea-Details-Pages.feature' was failed
	at com.kms.katalon.core.keyword.internal.KeywordMain.stepFailed(KeywordMain.groovy:48)
	at com.kms.katalon.core.keyword.internal.KeywordMain.stepFailed(KeywordMain.groovy)
	at com.kms.katalon.core.keyword.internal.KeywordMain.stepFailed(KeywordMain.groovy:21)
	at com.kms.katalon.core.keyword.internal.KeywordMain$stepFailed$0.call(Unknown Source)
	at com.kms.katalon.core.cucumber.keyword.CucumberBuiltinKeywords$_runFeatureFile_closure1.doCall(CucumberBuiltinKeywords.groovy:82)
	at com.kms.katalon.core.cucumber.keyword.CucumberBuiltinKeywords$_runFeatureFile_closure1.doCall(CucumberBuiltinKeywords.groovy)
	at com.kms.katalon.core.keyword.internal.KeywordMain.runKeyword(KeywordMain.groovy:66)
	at com.kms.katalon.core.keyword.internal.KeywordMain$runKeyword.call(Unknown Source)
	at com.kms.katalon.core.cucumber.keyword.CucumberBuiltinKeywords.runFeatureFile(CucumberBuiltinKeywords.groovy:46)
	at com.kms.katalon.core.cucumber.keyword.CucumberBuiltinKeywords$runFeatureFile$0.callStatic(Unknown Source)
	at com.kms.katalon.core.cucumber.keyword.CucumberBuiltinKeywords.runFeatureFile(CucumberBuiltinKeywords.groovy:101)
	at com.kms.katalon.core.cucumber.keyword.CucumberBuiltinKeywords$runFeatureFile.call(Unknown Source)
	at 021-Verify-Ideas-List-and-Idea-Details-Pages.run(021-Verify-Ideas-List-and-Idea-Details-Pages:18)
	at com.kms.katalon.core.main.ScriptEngine.run(ScriptEngine.java:194)
	at com.kms.katalon.core.main.ScriptEngine.runScriptAsRawText(ScriptEngine.java:119)
	at com.kms.katalon.core.main.TestCaseExecutor.runScript(TestCaseExecutor.java:331)
	at com.kms.katalon.core.main.TestCaseExecutor.doExecute(TestCaseExecutor.java:322)
	at com.kms.katalon.core.main.TestCaseExecutor.processExecutionPhase(TestCaseExecutor.java:301)
	at com.kms.katalon.core.main.TestCaseExecutor.accessMainPhase(TestCaseExecutor.java:293)
	at com.kms.katalon.core.main.TestCaseExecutor.execute(TestCaseExecutor.java:227)
	at com.kms.katalon.core.main.TestSuiteExecutor.accessTestCaseMainPhase(TestSuiteExecutor.java:129)
	at com.kms.katalon.core.main.TestSuiteExecutor.accessTestSuiteMainPhase(TestSuiteExecutor.java:112)
	at com.kms.katalon.core.main.TestSuiteExecutor.execute(TestSuiteExecutor.java:81)
	at com.kms.katalon.core.main.TestCaseMain.startTestSuite(TestCaseMain.java:157)
	at com.kms.katalon.core.main.TestCaseMain$startTestSuite$0.call(Unknown Source)
	at TempTestSuite1556704417080.run(TempTestSuite1556704417080.groovy:35)


2019-05-01 13:01:53 - [MESSAGE][INFO] - Starting run keyword runFeatureFile: 'Include/features/Governance-Module/Add-Idea/021-Verify-Ideas-List-and-Idea-Details-Pages.feature' and extract report to folder: 'C:\Users\HP\git\PMO-Web-Application\Reports\First-Test-Suite\20190501_125337/cucumber_report/1556704913339'...

2019-05-01 13:01:53 - [TEST_CASE][FAILED] - Start Test Case : SCENARIO Verify Ideas List page: SCENARIO Verify Ideas List page FAILED.
Reason:
com.kms.katalon.core.exception.StepFailedException: Unable to verify object 'Object Repository/OOBObjects/HomepageObjects/OOBSideBar' is present
	at com.kms.katalon.core.webui.keyword.internal.WebUIKeywordMain.stepFailed(WebUIKeywordMain.groovy:64)
	at com.kms.katalon.core.webui.keyword.internal.WebUIKeywordMain.runKeyword(WebUIKeywordMain.groovy:26)
	at com.kms.katalon.core.webui.keyword.builtin.VerifyElementPresentKeyword.verifyElementPresent(VerifyElementPresentKeyword.groovy:92)
	at com.kms.katalon.core.webui.keyword.builtin.VerifyElementPresentKeyword.execute(VerifyElementPresentKeyword.groovy:68)
	at com.kms.katalon.core.keyword.internal.KeywordExecutor.executeKeywordForPlatform(KeywordExecutor.groovy:56)
	at com.kms.katalon.core.webui.keyword.WebUiBuiltInKeywords.verifyElementPresent(WebUiBuiltInKeywords.groovy:1434)
	at com.kms.katalon.core.webui.keyword.WebUiBuiltInKeywords$verifyElementPresent$3.call(Unknown Source)
	at com.pmo.steps.MainSteps.verifyLoginToOOB(MainSteps.groovy:71)
	at ✽.I want to verify I'm in OOB main page(C:/Users/HP/git/PMO-Web-Application/Include/features/Governance-Module/Add-Idea/021-Verify-Ideas-List-and-Idea-Details-Pages.feature:10)
Caused by: com.kms.katalon.core.exception.StepFailedException: com.kms.katalon.core.webui.exception.WebElementNotFoundException: Web element with id: 'Object Repository/OOBObjects/HomepageObjects/OOBSideBar' located by 'By.xpath: (.//*[normalize-space(text()) and normalize-space(.)='النظام'])[1]/following::ul[2]' not found
	at com.kms.katalon.core.webui.keyword.internal.WebUIKeywordMain.stepFailed(WebUIKeywordMain.groovy:64)
	at com.kms.katalon.core.webui.keyword.builtin.VerifyElementPresentKeyword$_verifyElementPresent_closure1.doCall(VerifyElementPresentKeyword.groovy:85)
	at com.kms.katalon.core.webui.keyword.builtin.VerifyElementPresentKeyword$_verifyElementPresent_closure1.call(VerifyElementPresentKeyword.groovy)
	at com.kms.katalon.core.webui.keyword.internal.WebUIKeywordMain.runKeyword(WebUIKeywordMain.groovy:20)
	at com.kms.katalon.core.webui.keyword.builtin.VerifyElementPresentKeyword.verifyElementPresent(VerifyElementPresentKeyword.groovy:92)
	at com.kms.katalon.core.webui.keyword.builtin.VerifyElementPresentKeyword.execute(VerifyElementPresentKeyword.groovy:68)
	at com.kms.katalon.core.keyword.internal.KeywordExecutor.executeKeywordForPlatform(KeywordExecutor.groovy:56)
	at com.kms.katalon.core.webui.keyword.WebUiBuiltInKeywords.verifyElementPresent(WebUiBuiltInKeywords.groovy:1434)
	at com.kms.katalon.core.webui.keyword.WebUiBuiltInKeywords$verifyElementPresent$3.call(Unknown Source)
	at com.pmo.steps.MainSteps.verifyLoginToOOB(MainSteps.groovy:71)
	at cucumber.runtime.Utils$1.call(Utils.java:26)
	at cucumber.runtime.Timeout.timeout(Timeout.java:16)
	at cucumber.runtime.Utils.invoke(Utils.java:20)
	at cucumber.runtime.java.JavaStepDefinition.execute(JavaStepDefinition.java:48)
	at cucumber.runtime.PickleStepDefinitionMatch.runStep(PickleStepDefinitionMatch.java:50)
	at cucumber.runner.TestStep.executeStep(TestStep.java:55)
	at cucumber.runner.TestStep.run(TestStep.java:42)
	at cucumber.runner.PickleStepTestStep.run(PickleStepTestStep.java:53)
	at cucumber.runner.TestCase.run(TestCase.java:47)
	at cucumber.runner.Runner.runPickle(Runner.java:44)
	at cucumber.runtime.Runtime.runFeature(Runtime.java:120)
	at cucumber.runtime.Runtime.run(Runtime.java:106)
	at cucumber.api.cli.Main.run(Main.java:35)
	at cucumber.api.cli.Main$run.call(Unknown Source)
	at com.kms.katalon.core.cucumber.keyword.CucumberBuiltinKeywords$_runFeatureFile_closure1.doCall(CucumberBuiltinKeywords.groovy:76)
	at com.kms.katalon.core.cucumber.keyword.CucumberBuiltinKeywords$_runFeatureFile_closure1.doCall(CucumberBuiltinKeywords.groovy)
	at com.kms.katalon.core.keyword.internal.KeywordMain.runKeyword(KeywordMain.groovy:66)
	at com.kms.katalon.core.keyword.internal.KeywordMain$runKeyword.call(Unknown Source)
	at com.kms.katalon.core.cucumber.keyword.CucumberBuiltinKeywords.runFeatureFile(CucumberBuiltinKeywords.groovy:46)
	at com.kms.katalon.core.cucumber.keyword.CucumberBuiltinKeywords$runFeatureFile$0.callStatic(Unknown Source)
	at com.kms.katalon.core.cucumber.keyword.CucumberBuiltinKeywords.runFeatureFile(CucumberBuiltinKeywords.groovy:101)
	at com.kms.katalon.core.cucumber.keyword.CucumberBuiltinKeywords$runFeatureFile.call(Unknown Source)
	at 021-Verify-Ideas-List-and-Idea-Details-Pages.run(021-Verify-Ideas-List-and-Idea-Details-Pages:18)
	at com.kms.katalon.core.main.ScriptEngine.run(ScriptEngine.java:194)
	at com.kms.katalon.core.main.ScriptEngine.runScriptAsRawText(ScriptEngine.java:119)
	at com.kms.katalon.core.main.TestCaseExecutor.runScript(TestCaseExecutor.java:331)
	at com.kms.katalon.core.main.TestCaseExecutor.doExecute(TestCaseExecutor.java:322)
	at com.kms.katalon.core.main.TestCaseExecutor.processExecutionPhase(TestCaseExecutor.java:301)
	at com.kms.katalon.core.main.TestCaseExecutor.accessMainPhase(TestCaseExecutor.java:293)
	at com.kms.katalon.core.main.TestCaseExecutor.execute(TestCaseExecutor.java:227)
	at com.kms.katalon.core.main.TestSuiteExecutor.accessTestCaseMainPhase(TestSuiteExecutor.java:129)
	at com.kms.katalon.core.main.TestSuiteExecutor.accessTestSuiteMainPhase(TestSuiteExecutor.java:112)
	at com.kms.katalon.core.main.TestSuiteExecutor.execute(TestSuiteExecutor.java:81)
	at com.kms.katalon.core.main.TestCaseMain.startTestSuite(TestCaseMain.java:157)
	at com.kms.katalon.core.main.TestCaseMain$startTestSuite$0.call(Unknown Source)
	at TempTestSuite1556704417080.run(TempTestSuite1556704417080.groovy:35)


2019-05-01 13:01:53 - [TEST_STEP][PASSED] - I want to open browser: I want to open browser

2019-05-01 13:01:53 - [MESSAGE][WARNING] - A browser is already opened. Closing browser and opening a new one

2019-05-01 13:01:54 - [MESSAGE][INFO] - Starting 'Chrome' driver

2019-05-01 13:01:56 - [MESSAGE][PASSED] - Browser is opened with url: ''

2019-05-01 13:01:56 - [MESSAGE][PASSED] - Delete all cookies successfully

2019-05-01 13:01:56 - [MESSAGE][PASSED] - I want to open browser

2019-05-01 13:01:56 - [TEST_STEP][PASSED] - I want to maximize window: I want to maximize window

2019-05-01 13:01:57 - [MESSAGE][PASSED] - Current window maximized

2019-05-01 13:01:57 - [MESSAGE][PASSED] - I want to maximize window

2019-05-01 13:01:57 - [TEST_STEP][PASSED] - I want to go to OOB: I want to go to OOB

2019-05-01 13:01:58 - [MESSAGE][PASSED] - Navigate to 'https://pmoadmin:P@ssw0rd@dev5.cloudapp.net/OOB2/' successfully

2019-05-01 13:01:58 - [MESSAGE][PASSED] - I want to go to OOB

2019-05-01 13:01:58 - [TEST_STEP][FAILED] - I want to verify I'm in OOB main page: I want to verify I'm in OOB main page FAILED.
Reason:
com.kms.katalon.core.exception.StepFailedException: Unable to verify object 'Object Repository/OOBObjects/HomepageObjects/OOBSideBar' is present
	at com.kms.katalon.core.webui.keyword.internal.WebUIKeywordMain.stepFailed(WebUIKeywordMain.groovy:64)
	at com.kms.katalon.core.webui.keyword.internal.WebUIKeywordMain.runKeyword(WebUIKeywordMain.groovy:26)
	at com.kms.katalon.core.webui.keyword.builtin.VerifyElementPresentKeyword.verifyElementPresent(VerifyElementPresentKeyword.groovy:92)
	at com.kms.katalon.core.webui.keyword.builtin.VerifyElementPresentKeyword.execute(VerifyElementPresentKeyword.groovy:68)
	at com.kms.katalon.core.keyword.internal.KeywordExecutor.executeKeywordForPlatform(KeywordExecutor.groovy:56)
	at com.kms.katalon.core.webui.keyword.WebUiBuiltInKeywords.verifyElementPresent(WebUiBuiltInKeywords.groovy:1434)
	at com.kms.katalon.core.webui.keyword.WebUiBuiltInKeywords$verifyElementPresent$3.call(Unknown Source)
	at com.pmo.steps.MainSteps.verifyLoginToOOB(MainSteps.groovy:71)
	at ✽.I want to verify I'm in OOB main page(C:/Users/HP/git/PMO-Web-Application/Include/features/Governance-Module/Add-Idea/021-Verify-Ideas-List-and-Idea-Details-Pages.feature:10)
Caused by: com.kms.katalon.core.exception.StepFailedException: com.kms.katalon.core.webui.exception.WebElementNotFoundException: Web element with id: 'Object Repository/OOBObjects/HomepageObjects/OOBSideBar' located by 'By.xpath: (.//*[normalize-space(text()) and normalize-space(.)='النظام'])[1]/following::ul[2]' not found
	at com.kms.katalon.core.webui.keyword.internal.WebUIKeywordMain.stepFailed(WebUIKeywordMain.groovy:64)
	at com.kms.katalon.core.webui.keyword.builtin.VerifyElementPresentKeyword$_verifyElementPresent_closure1.doCall(VerifyElementPresentKeyword.groovy:85)
	at com.kms.katalon.core.webui.keyword.builtin.VerifyElementPresentKeyword$_verifyElementPresent_closure1.call(VerifyElementPresentKeyword.groovy)
	at com.kms.katalon.core.webui.keyword.internal.WebUIKeywordMain.runKeyword(WebUIKeywordMain.groovy:20)
	at com.kms.katalon.core.webui.keyword.builtin.VerifyElementPresentKeyword.verifyElementPresent(VerifyElementPresentKeyword.groovy:92)
	at com.kms.katalon.core.webui.keyword.builtin.VerifyElementPresentKeyword.execute(VerifyElementPresentKeyword.groovy:68)
	at com.kms.katalon.core.keyword.internal.KeywordExecutor.executeKeywordForPlatform(KeywordExecutor.groovy:56)
	at com.kms.katalon.core.webui.keyword.WebUiBuiltInKeywords.verifyElementPresent(WebUiBuiltInKeywords.groovy:1434)
	at com.kms.katalon.core.webui.keyword.WebUiBuiltInKeywords$verifyElementPresent$3.call(Unknown Source)
	at com.pmo.steps.MainSteps.verifyLoginToOOB(MainSteps.groovy:71)
	at cucumber.runtime.Utils$1.call(Utils.java:26)
	at cucumber.runtime.Timeout.timeout(Timeout.java:16)
	at cucumber.runtime.Utils.invoke(Utils.java:20)
	at cucumber.runtime.java.JavaStepDefinition.execute(JavaStepDefinition.java:48)
	at cucumber.runtime.PickleStepDefinitionMatch.runStep(PickleStepDefinitionMatch.java:50)
	at cucumber.runner.TestStep.executeStep(TestStep.java:55)
	at cucumber.runner.TestStep.run(TestStep.java:42)
	at cucumber.runner.PickleStepTestStep.run(PickleStepTestStep.java:53)
	at cucumber.runner.TestCase.run(TestCase.java:47)
	at cucumber.runner.Runner.runPickle(Runner.java:44)
	at cucumber.runtime.Runtime.runFeature(Runtime.java:120)
	at cucumber.runtime.Runtime.run(Runtime.java:106)
	at cucumber.api.cli.Main.run(Main.java:35)
	at cucumber.api.cli.Main$run.call(Unknown Source)
	at com.kms.katalon.core.cucumber.keyword.CucumberBuiltinKeywords$_runFeatureFile_closure1.doCall(CucumberBuiltinKeywords.groovy:76)
	at com.kms.katalon.core.cucumber.keyword.CucumberBuiltinKeywords$_runFeatureFile_closure1.doCall(CucumberBuiltinKeywords.groovy)
	at com.kms.katalon.core.keyword.internal.KeywordMain.runKeyword(KeywordMain.groovy:66)
	at com.kms.katalon.core.keyword.internal.KeywordMain$runKeyword.call(Unknown Source)
	at com.kms.katalon.core.cucumber.keyword.CucumberBuiltinKeywords.runFeatureFile(CucumberBuiltinKeywords.groovy:46)
	at com.kms.katalon.core.cucumber.keyword.CucumberBuiltinKeywords$runFeatureFile$0.callStatic(Unknown Source)
	at com.kms.katalon.core.cucumber.keyword.CucumberBuiltinKeywords.runFeatureFile(CucumberBuiltinKeywords.groovy:101)
	at com.kms.katalon.core.cucumber.keyword.CucumberBuiltinKeywords$runFeatureFile.call(Unknown Source)
	at 021-Verify-Ideas-List-and-Idea-Details-Pages.run(021-Verify-Ideas-List-and-Idea-Details-Pages:18)
	at com.kms.katalon.core.main.ScriptEngine.run(ScriptEngine.java:194)
	at com.kms.katalon.core.main.ScriptEngine.runScriptAsRawText(ScriptEngine.java:119)
	at com.kms.katalon.core.main.TestCaseExecutor.runScript(TestCaseExecutor.java:331)
	at com.kms.katalon.core.main.TestCaseExecutor.doExecute(TestCaseExecutor.java:322)
	at com.kms.katalon.core.main.TestCaseExecutor.processExecutionPhase(TestCaseExecutor.java:301)
	at com.kms.katalon.core.main.TestCaseExecutor.accessMainPhase(TestCaseExecutor.java:293)
	at com.kms.katalon.core.main.TestCaseExecutor.execute(TestCaseExecutor.java:227)
	at com.kms.katalon.core.main.TestSuiteExecutor.accessTestCaseMainPhase(TestSuiteExecutor.java:129)
	at com.kms.katalon.core.main.TestSuiteExecutor.accessTestSuiteMainPhase(TestSuiteExecutor.java:112)
	at com.kms.katalon.core.main.TestSuiteExecutor.execute(TestSuiteExecutor.java:81)
	at com.kms.katalon.core.main.TestCaseMain.startTestSuite(TestCaseMain.java:157)
	at com.kms.katalon.core.main.TestCaseMain$startTestSuite$0.call(Unknown Source)
	at TempTestSuite1556704417080.run(TempTestSuite1556704417080.groovy:35)


2019-05-01 13:01:58 - [MESSAGE][WARNING] - Timeout '0' is invalid. Using default page load timeout: '30'

2019-05-01 13:02:29 - [MESSAGE][INFO] - Unable to find the element located by 'By.xpath: (.//*[normalize-space(text()) and normalize-space(.)='النظام'])[1]/following::ul[2]'. Please recheck the objects properties to make sure the desired element is located. 

2019-05-01 13:02:29 - [MESSAGE][FAILED] - com.kms.katalon.core.webui.exception.WebElementNotFoundException: Web element with id: 'Object Repository/OOBObjects/HomepageObjects/OOBSideBar' located by 'By.xpath: (.//*[normalize-space(text()) and normalize-space(.)='النظام'])[1]/following::ul[2]' not found (Root cause: com.kms.katalon.core.exception.StepFailedException: com.kms.katalon.core.webui.exception.WebElementNotFoundException: Web element with id: 'Object Repository/OOBObjects/HomepageObjects/OOBSideBar' located by 'By.xpath: (.//*[normalize-space(text()) and normalize-space(.)='النظام'])[1]/following::ul[2]' not found
	at com.kms.katalon.core.webui.keyword.internal.WebUIKeywordMain.stepFailed(WebUIKeywordMain.groovy:64)
	at com.kms.katalon.core.webui.keyword.builtin.VerifyElementPresentKeyword$_verifyElementPresent_closure1.doCall(VerifyElementPresentKeyword.groovy:85)
	at com.kms.katalon.core.webui.keyword.builtin.VerifyElementPresentKeyword$_verifyElementPresent_closure1.call(VerifyElementPresentKeyword.groovy)
	at com.kms.katalon.core.webui.keyword.internal.WebUIKeywordMain.runKeyword(WebUIKeywordMain.groovy:20)
	at com.kms.katalon.core.webui.keyword.builtin.VerifyElementPresentKeyword.verifyElementPresent(VerifyElementPresentKeyword.groovy:92)
	at com.kms.katalon.core.webui.keyword.builtin.VerifyElementPresentKeyword.execute(VerifyElementPresentKeyword.groovy:68)
	at com.kms.katalon.core.keyword.internal.KeywordExecutor.executeKeywordForPlatform(KeywordExecutor.groovy:56)
	at com.kms.katalon.core.webui.keyword.WebUiBuiltInKeywords.verifyElementPresent(WebUiBuiltInKeywords.groovy:1434)
	at com.kms.katalon.core.webui.keyword.WebUiBuiltInKeywords$verifyElementPresent$3.call(Unknown Source)
	at com.pmo.steps.MainSteps.verifyLoginToOOB(MainSteps.groovy:71)
	at cucumber.runtime.Utils$1.call(Utils.java:26)
	at cucumber.runtime.Timeout.timeout(Timeout.java:16)
	at cucumber.runtime.Utils.invoke(Utils.java:20)
	at cucumber.runtime.java.JavaStepDefinition.execute(JavaStepDefinition.java:48)
	at cucumber.runtime.PickleStepDefinitionMatch.runStep(PickleStepDefinitionMatch.java:50)
	at cucumber.runner.TestStep.executeStep(TestStep.java:55)
	at cucumber.runner.TestStep.run(TestStep.java:42)
	at cucumber.runner.PickleStepTestStep.run(PickleStepTestStep.java:53)
	at cucumber.runner.TestCase.run(TestCase.java:47)
	at cucumber.runner.Runner.runPickle(Runner.java:44)
	at cucumber.runtime.Runtime.runFeature(Runtime.java:120)
	at cucumber.runtime.Runtime.run(Runtime.java:106)
	at cucumber.api.cli.Main.run(Main.java:35)
	at cucumber.api.cli.Main$run.call(Unknown Source)
	at com.kms.katalon.core.cucumber.keyword.CucumberBuiltinKeywords$_runFeatureFile_closure1.doCall(CucumberBuiltinKeywords.groovy:76)
	at com.kms.katalon.core.cucumber.keyword.CucumberBuiltinKeywords$_runFeatureFile_closure1.doCall(CucumberBuiltinKeywords.groovy)
	at com.kms.katalon.core.keyword.internal.KeywordMain.runKeyword(KeywordMain.groovy:66)
	at com.kms.katalon.core.keyword.internal.KeywordMain$runKeyword.call(Unknown Source)
	at com.kms.katalon.core.cucumber.keyword.CucumberBuiltinKeywords.runFeatureFile(CucumberBuiltinKeywords.groovy:46)
	at com.kms.katalon.core.cucumber.keyword.CucumberBuiltinKeywords$runFeatureFile$0.callStatic(Unknown Source)
	at com.kms.katalon.core.cucumber.keyword.CucumberBuiltinKeywords.runFeatureFile(CucumberBuiltinKeywords.groovy:101)
	at com.kms.katalon.core.cucumber.keyword.CucumberBuiltinKeywords$runFeatureFile.call(Unknown Source)
	at 021-Verify-Ideas-List-and-Idea-Details-Pages.run(021-Verify-Ideas-List-and-Idea-Details-Pages:18)
	at com.kms.katalon.core.main.ScriptEngine.run(ScriptEngine.java:194)
	at com.kms.katalon.core.main.ScriptEngine.runScriptAsRawText(ScriptEngine.java:119)
	at com.kms.katalon.core.main.TestCaseExecutor.runScript(TestCaseExecutor.java:331)
	at com.kms.katalon.core.main.TestCaseExecutor.doExecute(TestCaseExecutor.java:322)
	at com.kms.katalon.core.main.TestCaseExecutor.processExecutionPhase(TestCaseExecutor.java:301)
	at com.kms.katalon.core.main.TestCaseExecutor.accessMainPhase(TestCaseExecutor.java:293)
	at com.kms.katalon.core.main.TestCaseExecutor.execute(TestCaseExecutor.java:227)
	at com.kms.katalon.core.main.TestSuiteExecutor.accessTestCaseMainPhase(TestSuiteExecutor.java:129)
	at com.kms.katalon.core.main.TestSuiteExecutor.accessTestSuiteMainPhase(TestSuiteExecutor.java:112)
	at com.kms.katalon.core.main.TestSuiteExecutor.execute(TestSuiteExecutor.java:81)
	at com.kms.katalon.core.main.TestCaseMain.startTestSuite(TestCaseMain.java:157)
	at com.kms.katalon.core.main.TestCaseMain$startTestSuite$0.call(Unknown Source)
	at TempTestSuite1556704417080.run(TempTestSuite1556704417080.groovy:35)
)
[[ATTACHMENT|C:\\Users\\HP\\git\\PMO-Web-Application\\Reports\\First-Test-Suite\\20190501_125337\\1556704949509.png]]

2019-05-01 13:02:30 - [MESSAGE][FAILED] - Unable to verify object 'Object Repository/OOBObjects/HomepageObjects/OOBSideBar' is present (Root cause: com.kms.katalon.core.exception.StepFailedException: Unable to verify object 'Object Repository/OOBObjects/HomepageObjects/OOBSideBar' is present
	at com.kms.katalon.core.webui.keyword.internal.WebUIKeywordMain.stepFailed(WebUIKeywordMain.groovy:64)
	at com.kms.katalon.core.webui.keyword.internal.WebUIKeywordMain.runKeyword(WebUIKeywordMain.groovy:26)
	at com.kms.katalon.core.webui.keyword.builtin.VerifyElementPresentKeyword.verifyElementPresent(VerifyElementPresentKeyword.groovy:92)
	at com.kms.katalon.core.webui.keyword.builtin.VerifyElementPresentKeyword.execute(VerifyElementPresentKeyword.groovy:68)
	at com.kms.katalon.core.keyword.internal.KeywordExecutor.executeKeywordForPlatform(KeywordExecutor.groovy:56)
	at com.kms.katalon.core.webui.keyword.WebUiBuiltInKeywords.verifyElementPresent(WebUiBuiltInKeywords.groovy:1434)
	at com.kms.katalon.core.webui.keyword.WebUiBuiltInKeywords$verifyElementPresent$3.call(Unknown Source)
	at com.pmo.steps.MainSteps.verifyLoginToOOB(MainSteps.groovy:71)
	at cucumber.runtime.Utils$1.call(Utils.java:26)
	at cucumber.runtime.Timeout.timeout(Timeout.java:16)
	at cucumber.runtime.Utils.invoke(Utils.java:20)
	at cucumber.runtime.java.JavaStepDefinition.execute(JavaStepDefinition.java:48)
	at cucumber.runtime.PickleStepDefinitionMatch.runStep(PickleStepDefinitionMatch.java:50)
	at cucumber.runner.TestStep.executeStep(TestStep.java:55)
	at cucumber.runner.TestStep.run(TestStep.java:42)
	at cucumber.runner.PickleStepTestStep.run(PickleStepTestStep.java:53)
	at cucumber.runner.TestCase.run(TestCase.java:47)
	at cucumber.runner.Runner.runPickle(Runner.java:44)
	at cucumber.runtime.Runtime.runFeature(Runtime.java:120)
	at cucumber.runtime.Runtime.run(Runtime.java:106)
	at cucumber.api.cli.Main.run(Main.java:35)
	at cucumber.api.cli.Main$run.call(Unknown Source)
	at com.kms.katalon.core.cucumber.keyword.CucumberBuiltinKeywords$_runFeatureFile_closure1.doCall(CucumberBuiltinKeywords.groovy:76)
	at com.kms.katalon.core.cucumber.keyword.CucumberBuiltinKeywords$_runFeatureFile_closure1.doCall(CucumberBuiltinKeywords.groovy)
	at com.kms.katalon.core.keyword.internal.KeywordMain.runKeyword(KeywordMain.groovy:66)
	at com.kms.katalon.core.keyword.internal.KeywordMain$runKeyword.call(Unknown Source)
	at com.kms.katalon.core.cucumber.keyword.CucumberBuiltinKeywords.runFeatureFile(CucumberBuiltinKeywords.groovy:46)
	at com.kms.katalon.core.cucumber.keyword.CucumberBuiltinKeywords$runFeatureFile$0.callStatic(Unknown Source)
	at com.kms.katalon.core.cucumber.keyword.CucumberBuiltinKeywords.runFeatureFile(CucumberBuiltinKeywords.groovy:101)
	at com.kms.katalon.core.cucumber.keyword.CucumberBuiltinKeywords$runFeatureFile.call(Unknown Source)
	at 021-Verify-Ideas-List-and-Idea-Details-Pages.run(021-Verify-Ideas-List-and-Idea-Details-Pages:18)
	at com.kms.katalon.core.main.ScriptEngine.run(ScriptEngine.java:194)
	at com.kms.katalon.core.main.ScriptEngine.runScriptAsRawText(ScriptEngine.java:119)
	at com.kms.katalon.core.main.TestCaseExecutor.runScript(TestCaseExecutor.java:331)
	at com.kms.katalon.core.main.TestCaseExecutor.doExecute(TestCaseExecutor.java:322)
	at com.kms.katalon.core.main.TestCaseExecutor.processExecutionPhase(TestCaseExecutor.java:301)
	at com.kms.katalon.core.main.TestCaseExecutor.accessMainPhase(TestCaseExecutor.java:293)
	at com.kms.katalon.core.main.TestCaseExecutor.execute(TestCaseExecutor.java:227)
	at com.kms.katalon.core.main.TestSuiteExecutor.accessTestCaseMainPhase(TestSuiteExecutor.java:129)
	at com.kms.katalon.core.main.TestSuiteExecutor.accessTestSuiteMainPhase(TestSuiteExecutor.java:112)
	at com.kms.katalon.core.main.TestSuiteExecutor.execute(TestSuiteExecutor.java:81)
	at com.kms.katalon.core.main.TestCaseMain.startTestSuite(TestCaseMain.java:157)
	at com.kms.katalon.core.main.TestCaseMain$startTestSuite$0.call(Unknown Source)
	at TempTestSuite1556704417080.run(TempTestSuite1556704417080.groovy:35)
Caused by: com.kms.katalon.core.exception.StepFailedException: com.kms.katalon.core.webui.exception.WebElementNotFoundException: Web element with id: 'Object Repository/OOBObjects/HomepageObjects/OOBSideBar' located by 'By.xpath: (.//*[normalize-space(text()) and normalize-space(.)='النظام'])[1]/following::ul[2]' not found
	at com.kms.katalon.core.webui.keyword.internal.WebUIKeywordMain.stepFailed(WebUIKeywordMain.groovy:64)
	at com.kms.katalon.core.webui.keyword.builtin.VerifyElementPresentKeyword$_verifyElementPresent_closure1.doCall(VerifyElementPresentKeyword.groovy:85)
	at com.kms.katalon.core.webui.keyword.builtin.VerifyElementPresentKeyword$_verifyElementPresent_closure1.call(VerifyElementPresentKeyword.groovy)
	at com.kms.katalon.core.webui.keyword.internal.WebUIKeywordMain.runKeyword(WebUIKeywordMain.groovy:20)
	... 42 more
)
[[ATTACHMENT|C:\\Users\\HP\\git\\PMO-Web-Application\\Reports\\First-Test-Suite\\20190501_125337\\1556704949803.png]]

2019-05-01 13:02:30 - [MESSAGE][FAILED] - I want to verify I'm in OOB main page FAILED.
Reason:
com.kms.katalon.core.exception.StepFailedException: Unable to verify object 'Object Repository/OOBObjects/HomepageObjects/OOBSideBar' is present
	at com.kms.katalon.core.webui.keyword.internal.WebUIKeywordMain.stepFailed(WebUIKeywordMain.groovy:64)
	at com.kms.katalon.core.webui.keyword.internal.WebUIKeywordMain.runKeyword(WebUIKeywordMain.groovy:26)
	at com.kms.katalon.core.webui.keyword.builtin.VerifyElementPresentKeyword.verifyElementPresent(VerifyElementPresentKeyword.groovy:92)
	at com.kms.katalon.core.webui.keyword.builtin.VerifyElementPresentKeyword.execute(VerifyElementPresentKeyword.groovy:68)
	at com.kms.katalon.core.keyword.internal.KeywordExecutor.executeKeywordForPlatform(KeywordExecutor.groovy:56)
	at com.kms.katalon.core.webui.keyword.WebUiBuiltInKeywords.verifyElementPresent(WebUiBuiltInKeywords.groovy:1434)
	at com.kms.katalon.core.webui.keyword.WebUiBuiltInKeywords$verifyElementPresent$3.call(Unknown Source)
	at com.pmo.steps.MainSteps.verifyLoginToOOB(MainSteps.groovy:71)
	at ✽.I want to verify I'm in OOB main page(C:/Users/HP/git/PMO-Web-Application/Include/features/Governance-Module/Add-Idea/021-Verify-Ideas-List-and-Idea-Details-Pages.feature:10)
Caused by: com.kms.katalon.core.exception.StepFailedException: com.kms.katalon.core.webui.exception.WebElementNotFoundException: Web element with id: 'Object Repository/OOBObjects/HomepageObjects/OOBSideBar' located by 'By.xpath: (.//*[normalize-space(text()) and normalize-space(.)='النظام'])[1]/following::ul[2]' not found
	at com.kms.katalon.core.webui.keyword.internal.WebUIKeywordMain.stepFailed(WebUIKeywordMain.groovy:64)
	at com.kms.katalon.core.webui.keyword.builtin.VerifyElementPresentKeyword$_verifyElementPresent_closure1.doCall(VerifyElementPresentKeyword.groovy:85)
	at com.kms.katalon.core.webui.keyword.builtin.VerifyElementPresentKeyword$_verifyElementPresent_closure1.call(VerifyElementPresentKeyword.groovy)
	at com.kms.katalon.core.webui.keyword.internal.WebUIKeywordMain.runKeyword(WebUIKeywordMain.groovy:20)
	at com.kms.katalon.core.webui.keyword.builtin.VerifyElementPresentKeyword.verifyElementPresent(VerifyElementPresentKeyword.groovy:92)
	at com.kms.katalon.core.webui.keyword.builtin.VerifyElementPresentKeyword.execute(VerifyElementPresentKeyword.groovy:68)
	at com.kms.katalon.core.keyword.internal.KeywordExecutor.executeKeywordForPlatform(KeywordExecutor.groovy:56)
	at com.kms.katalon.core.webui.keyword.WebUiBuiltInKeywords.verifyElementPresent(WebUiBuiltInKeywords.groovy:1434)
	at com.kms.katalon.core.webui.keyword.WebUiBuiltInKeywords$verifyElementPresent$3.call(Unknown Source)
	at com.pmo.steps.MainSteps.verifyLoginToOOB(MainSteps.groovy:71)
	at cucumber.runtime.Utils$1.call(Utils.java:26)
	at cucumber.runtime.Timeout.timeout(Timeout.java:16)
	at cucumber.runtime.Utils.invoke(Utils.java:20)
	at cucumber.runtime.java.JavaStepDefinition.execute(JavaStepDefinition.java:48)
	at cucumber.runtime.PickleStepDefinitionMatch.runStep(PickleStepDefinitionMatch.java:50)
	at cucumber.runner.TestStep.executeStep(TestStep.java:55)
	at cucumber.runner.TestStep.run(TestStep.java:42)
	at cucumber.runner.PickleStepTestStep.run(PickleStepTestStep.java:53)
	at cucumber.runner.TestCase.run(TestCase.java:47)
	at cucumber.runner.Runner.runPickle(Runner.java:44)
	at cucumber.runtime.Runtime.runFeature(Runtime.java:120)
	at cucumber.runtime.Runtime.run(Runtime.java:106)
	at cucumber.api.cli.Main.run(Main.java:35)
	at cucumber.api.cli.Main$run.call(Unknown Source)
	at com.kms.katalon.core.cucumber.keyword.CucumberBuiltinKeywords$_runFeatureFile_closure1.doCall(CucumberBuiltinKeywords.groovy:76)
	at com.kms.katalon.core.cucumber.keyword.CucumberBuiltinKeywords$_runFeatureFile_closure1.doCall(CucumberBuiltinKeywords.groovy)
	at com.kms.katalon.core.keyword.internal.KeywordMain.runKeyword(KeywordMain.groovy:66)
	at com.kms.katalon.core.keyword.internal.KeywordMain$runKeyword.call(Unknown Source)
	at com.kms.katalon.core.cucumber.keyword.CucumberBuiltinKeywords.runFeatureFile(CucumberBuiltinKeywords.groovy:46)
	at com.kms.katalon.core.cucumber.keyword.CucumberBuiltinKeywords$runFeatureFile$0.callStatic(Unknown Source)
	at com.kms.katalon.core.cucumber.keyword.CucumberBuiltinKeywords.runFeatureFile(CucumberBuiltinKeywords.groovy:101)
	at com.kms.katalon.core.cucumber.keyword.CucumberBuiltinKeywords$runFeatureFile.call(Unknown Source)
	at 021-Verify-Ideas-List-and-Idea-Details-Pages.run(021-Verify-Ideas-List-and-Idea-Details-Pages:18)
	at com.kms.katalon.core.main.ScriptEngine.run(ScriptEngine.java:194)
	at com.kms.katalon.core.main.ScriptEngine.runScriptAsRawText(ScriptEngine.java:119)
	at com.kms.katalon.core.main.TestCaseExecutor.runScript(TestCaseExecutor.java:331)
	at com.kms.katalon.core.main.TestCaseExecutor.doExecute(TestCaseExecutor.java:322)
	at com.kms.katalon.core.main.TestCaseExecutor.processExecutionPhase(TestCaseExecutor.java:301)
	at com.kms.katalon.core.main.TestCaseExecutor.accessMainPhase(TestCaseExecutor.java:293)
	at com.kms.katalon.core.main.TestCaseExecutor.execute(TestCaseExecutor.java:227)
	at com.kms.katalon.core.main.TestSuiteExecutor.accessTestCaseMainPhase(TestSuiteExecutor.java:129)
	at com.kms.katalon.core.main.TestSuiteExecutor.accessTestSuiteMainPhase(TestSuiteExecutor.java:112)
	at com.kms.katalon.core.main.TestSuiteExecutor.execute(TestSuiteExecutor.java:81)
	at com.kms.katalon.core.main.TestCaseMain.startTestSuite(TestCaseMain.java:157)
	at com.kms.katalon.core.main.TestCaseMain$startTestSuite$0.call(Unknown Source)
	at TempTestSuite1556704417080.run(TempTestSuite1556704417080.groovy:35)


2019-05-01 13:02:30 - [TEST_STEP][NOT_RUN] - I want to go to ideas list page: I want to go to ideas list page

2019-05-01 13:02:30 - [MESSAGE][NOT_RUN] - I want to go to ideas list page

2019-05-01 13:02:30 - [TEST_STEP][NOT_RUN] - I want to verify Ideas List page: I want to verify Ideas List page

2019-05-01 13:02:30 - [MESSAGE][NOT_RUN] - I want to verify Ideas List page

2019-05-01 13:02:30 - [TEST_STEP][NOT_RUN] - I want to verify idea details page: I want to verify idea details page

2019-05-01 13:02:30 - [MESSAGE][NOT_RUN] - I want to verify idea details page

2019-05-01 13:02:30 - [TEST_STEP][NOT_RUN] - I want to close browser: I want to close browser

2019-05-01 13:02:30 - [MESSAGE][NOT_RUN] - I want to close browser

2019-05-01 13:02:30 - [MESSAGE][FAILED] - Feature file 'Include/features/Governance-Module/Add-Idea/021-Verify-Ideas-List-and-Idea-Details-Pages.feature' was failed

2019-05-01 13:02:30 - [MESSAGE][FAILED] - Keyword runFeatureFile was failed (Root cause: com.kms.katalon.core.exception.StepFailedException: Feature file 'Include/features/Governance-Module/Add-Idea/021-Verify-Ideas-List-and-Idea-Details-Pages.feature' was failed
	at com.kms.katalon.core.keyword.internal.KeywordMain.stepFailed(KeywordMain.groovy:48)
	at com.kms.katalon.core.keyword.internal.KeywordMain.stepFailed(KeywordMain.groovy)
	at com.kms.katalon.core.keyword.internal.KeywordMain.stepFailed(KeywordMain.groovy:21)
	at com.kms.katalon.core.keyword.internal.KeywordMain$stepFailed$0.call(Unknown Source)
	at com.kms.katalon.core.cucumber.keyword.CucumberBuiltinKeywords$_runFeatureFile_closure1.doCall(CucumberBuiltinKeywords.groovy:82)
	at com.kms.katalon.core.cucumber.keyword.CucumberBuiltinKeywords$_runFeatureFile_closure1.doCall(CucumberBuiltinKeywords.groovy)
	at com.kms.katalon.core.keyword.internal.KeywordMain.runKeyword(KeywordMain.groovy:66)
	at com.kms.katalon.core.keyword.internal.KeywordMain$runKeyword.call(Unknown Source)
	at com.kms.katalon.core.cucumber.keyword.CucumberBuiltinKeywords.runFeatureFile(CucumberBuiltinKeywords.groovy:46)
	at com.kms.katalon.core.cucumber.keyword.CucumberBuiltinKeywords$runFeatureFile$0.callStatic(Unknown Source)
	at com.kms.katalon.core.cucumber.keyword.CucumberBuiltinKeywords.runFeatureFile(CucumberBuiltinKeywords.groovy:101)
	at com.kms.katalon.core.cucumber.keyword.CucumberBuiltinKeywords$runFeatureFile.call(Unknown Source)
	at 021-Verify-Ideas-List-and-Idea-Details-Pages.run(021-Verify-Ideas-List-and-Idea-Details-Pages:18)
	at com.kms.katalon.core.main.ScriptEngine.run(ScriptEngine.java:194)
	at com.kms.katalon.core.main.ScriptEngine.runScriptAsRawText(ScriptEngine.java:119)
	at com.kms.katalon.core.main.TestCaseExecutor.runScript(TestCaseExecutor.java:331)
	at com.kms.katalon.core.main.TestCaseExecutor.doExecute(TestCaseExecutor.java:322)
	at com.kms.katalon.core.main.TestCaseExecutor.processExecutionPhase(TestCaseExecutor.java:301)
	at com.kms.katalon.core.main.TestCaseExecutor.accessMainPhase(TestCaseExecutor.java:293)
	at com.kms.katalon.core.main.TestCaseExecutor.execute(TestCaseExecutor.java:227)
	at com.kms.katalon.core.main.TestSuiteExecutor.accessTestCaseMainPhase(TestSuiteExecutor.java:129)
	at com.kms.katalon.core.main.TestSuiteExecutor.accessTestSuiteMainPhase(TestSuiteExecutor.java:112)
	at com.kms.katalon.core.main.TestSuiteExecutor.execute(TestSuiteExecutor.java:81)
	at com.kms.katalon.core.main.TestCaseMain.startTestSuite(TestCaseMain.java:157)
	at com.kms.katalon.core.main.TestCaseMain$startTestSuite$0.call(Unknown Source)
	at TempTestSuite1556704417080.run(TempTestSuite1556704417080.groovy:35)
)

2019-05-01 13:02:30 - [MESSAGE][FAILED] - runFeatureFile("Include/features/Governance-Module/Add-Idea/021-Verify-Ideas-List-and-Idea-Details-Pages.feature") FAILED.
Reason:
com.kms.katalon.core.exception.StepFailedException: Feature file 'Include/features/Governance-Module/Add-Idea/021-Verify-Ideas-List-and-Idea-Details-Pages.feature' was failed
	at com.kms.katalon.core.keyword.internal.KeywordMain.stepFailed(KeywordMain.groovy:48)
	at com.kms.katalon.core.keyword.internal.KeywordMain.stepFailed(KeywordMain.groovy)
	at com.kms.katalon.core.keyword.internal.KeywordMain.stepFailed(KeywordMain.groovy:21)
	at com.kms.katalon.core.keyword.internal.KeywordMain$stepFailed$0.call(Unknown Source)
	at com.kms.katalon.core.cucumber.keyword.CucumberBuiltinKeywords$_runFeatureFile_closure1.doCall(CucumberBuiltinKeywords.groovy:82)
	at com.kms.katalon.core.cucumber.keyword.CucumberBuiltinKeywords$_runFeatureFile_closure1.doCall(CucumberBuiltinKeywords.groovy)
	at com.kms.katalon.core.keyword.internal.KeywordMain.runKeyword(KeywordMain.groovy:66)
	at com.kms.katalon.core.keyword.internal.KeywordMain$runKeyword.call(Unknown Source)
	at com.kms.katalon.core.cucumber.keyword.CucumberBuiltinKeywords.runFeatureFile(CucumberBuiltinKeywords.groovy:46)
	at com.kms.katalon.core.cucumber.keyword.CucumberBuiltinKeywords$runFeatureFile$0.callStatic(Unknown Source)
	at com.kms.katalon.core.cucumber.keyword.CucumberBuiltinKeywords.runFeatureFile(CucumberBuiltinKeywords.groovy:101)
	at com.kms.katalon.core.cucumber.keyword.CucumberBuiltinKeywords$runFeatureFile.call(Unknown Source)
	at 021-Verify-Ideas-List-and-Idea-Details-Pages.run(021-Verify-Ideas-List-and-Idea-Details-Pages:18)
	at com.kms.katalon.core.main.ScriptEngine.run(ScriptEngine.java:194)
	at com.kms.katalon.core.main.ScriptEngine.runScriptAsRawText(ScriptEngine.java:119)
	at com.kms.katalon.core.main.TestCaseExecutor.runScript(TestCaseExecutor.java:331)
	at com.kms.katalon.core.main.TestCaseExecutor.doExecute(TestCaseExecutor.java:322)
	at com.kms.katalon.core.main.TestCaseExecutor.processExecutionPhase(TestCaseExecutor.java:301)
	at com.kms.katalon.core.main.TestCaseExecutor.accessMainPhase(TestCaseExecutor.java:293)
	at com.kms.katalon.core.main.TestCaseExecutor.execute(TestCaseExecutor.java:227)
	at com.kms.katalon.core.main.TestSuiteExecutor.accessTestCaseMainPhase(TestSuiteExecutor.java:129)
	at com.kms.katalon.core.main.TestSuiteExecutor.accessTestSuiteMainPhase(TestSuiteExecutor.java:112)
	at com.kms.katalon.core.main.TestSuiteExecutor.execute(TestSuiteExecutor.java:81)
	at com.kms.katalon.core.main.TestCaseMain.startTestSuite(TestCaseMain.java:157)
	at com.kms.katalon.core.main.TestCaseMain$startTestSuite$0.call(Unknown Source)
	at TempTestSuite1556704417080.run(TempTestSuite1556704417080.groovy:35)]]></system-out>
         <system-err><![CDATA[2019-05-01 13:01:53 - [TEST_CASE][FAILED] - Test Cases/Main-Test-Cases/021-Verify-Ideas-List-and-Idea-Details-Pages: Test Cases/Main-Test-Cases/021-Verify-Ideas-List-and-Idea-Details-Pages FAILED.
Reason:
com.kms.katalon.core.exception.StepFailedException: Feature file 'Include/features/Governance-Module/Add-Idea/021-Verify-Ideas-List-and-Idea-Details-Pages.feature' was failed
	at com.kms.katalon.core.keyword.internal.KeywordMain.stepFailed(KeywordMain.groovy:48)
	at com.kms.katalon.core.keyword.internal.KeywordMain.stepFailed(KeywordMain.groovy)
	at com.kms.katalon.core.keyword.internal.KeywordMain.stepFailed(KeywordMain.groovy:21)
	at com.kms.katalon.core.keyword.internal.KeywordMain$stepFailed$0.call(Unknown Source)
	at com.kms.katalon.core.cucumber.keyword.CucumberBuiltinKeywords$_runFeatureFile_closure1.doCall(CucumberBuiltinKeywords.groovy:82)
	at com.kms.katalon.core.cucumber.keyword.CucumberBuiltinKeywords$_runFeatureFile_closure1.doCall(CucumberBuiltinKeywords.groovy)
	at com.kms.katalon.core.keyword.internal.KeywordMain.runKeyword(KeywordMain.groovy:66)
	at com.kms.katalon.core.keyword.internal.KeywordMain$runKeyword.call(Unknown Source)
	at com.kms.katalon.core.cucumber.keyword.CucumberBuiltinKeywords.runFeatureFile(CucumberBuiltinKeywords.groovy:46)
	at com.kms.katalon.core.cucumber.keyword.CucumberBuiltinKeywords$runFeatureFile$0.callStatic(Unknown Source)
	at com.kms.katalon.core.cucumber.keyword.CucumberBuiltinKeywords.runFeatureFile(CucumberBuiltinKeywords.groovy:101)
	at com.kms.katalon.core.cucumber.keyword.CucumberBuiltinKeywords$runFeatureFile.call(Unknown Source)
	at 021-Verify-Ideas-List-and-Idea-Details-Pages.run(021-Verify-Ideas-List-and-Idea-Details-Pages:18)
	at com.kms.katalon.core.main.ScriptEngine.run(ScriptEngine.java:194)
	at com.kms.katalon.core.main.ScriptEngine.runScriptAsRawText(ScriptEngine.java:119)
	at com.kms.katalon.core.main.TestCaseExecutor.runScript(TestCaseExecutor.java:331)
	at com.kms.katalon.core.main.TestCaseExecutor.doExecute(TestCaseExecutor.java:322)
	at com.kms.katalon.core.main.TestCaseExecutor.processExecutionPhase(TestCaseExecutor.java:301)
	at com.kms.katalon.core.main.TestCaseExecutor.accessMainPhase(TestCaseExecutor.java:293)
	at com.kms.katalon.core.main.TestCaseExecutor.execute(TestCaseExecutor.java:227)
	at com.kms.katalon.core.main.TestSuiteExecutor.accessTestCaseMainPhase(TestSuiteExecutor.java:129)
	at com.kms.katalon.core.main.TestSuiteExecutor.accessTestSuiteMainPhase(TestSuiteExecutor.java:112)
	at com.kms.katalon.core.main.TestSuiteExecutor.execute(TestSuiteExecutor.java:81)
	at com.kms.katalon.core.main.TestCaseMain.startTestSuite(TestCaseMain.java:157)
	at com.kms.katalon.core.main.TestCaseMain$startTestSuite$0.call(Unknown Source)
	at TempTestSuite1556704417080.run(TempTestSuite1556704417080.groovy:35)]]></system-err>
      </testcase>
      <testcase name="Test Cases/Main-Test-Cases/022-Search-for-Idea-in-idea-center" classname="Test Cases/Main-Test-Cases/022-Search-for-Idea-in-idea-center" status="FAILED">
         <failure type="FAILED" message="Test Cases/Main-Test-Cases/022-Search-for-Idea-in-idea-center FAILED.
Reason:
com.kms.katalon.core.exception.StepFailedException: Feature file 'Include/features/Governance-Module/Add-Idea/022-Search-for-Idea-in-idea-center.feature' was failed
	at com.kms.katalon.core.keyword.internal.KeywordMain.stepFailed(KeywordMain.groovy:48)
	at com.kms.katalon.core.keyword.internal.KeywordMain.stepFailed(KeywordMain.groovy)
	at com.kms.katalon.core.keyword.internal.KeywordMain.stepFailed(KeywordMain.groovy:21)
	at com.kms.katalon.core.keyword.internal.KeywordMain$stepFailed$0.call(Unknown Source)
	at com.kms.katalon.core.cucumber.keyword.CucumberBuiltinKeywords$_runFeatureFile_closure1.doCall(CucumberBuiltinKeywords.groovy:82)
	at com.kms.katalon.core.cucumber.keyword.CucumberBuiltinKeywords$_runFeatureFile_closure1.doCall(CucumberBuiltinKeywords.groovy)
	at com.kms.katalon.core.keyword.internal.KeywordMain.runKeyword(KeywordMain.groovy:66)
	at com.kms.katalon.core.keyword.internal.KeywordMain$runKeyword.call(Unknown Source)
	at com.kms.katalon.core.cucumber.keyword.CucumberBuiltinKeywords.runFeatureFile(CucumberBuiltinKeywords.groovy:46)
	at com.kms.katalon.core.cucumber.keyword.CucumberBuiltinKeywords$runFeatureFile$0.callStatic(Unknown Source)
	at com.kms.katalon.core.cucumber.keyword.CucumberBuiltinKeywords.runFeatureFile(CucumberBuiltinKeywords.groovy:101)
	at com.kms.katalon.core.cucumber.keyword.CucumberBuiltinKeywords$runFeatureFile.call(Unknown Source)
	at 022-Search-for-Idea-in-idea-center.run(022-Search-for-Idea-in-idea-center:18)
	at com.kms.katalon.core.main.ScriptEngine.run(ScriptEngine.java:194)
	at com.kms.katalon.core.main.ScriptEngine.runScriptAsRawText(ScriptEngine.java:119)
	at com.kms.katalon.core.main.TestCaseExecutor.runScript(TestCaseExecutor.java:331)
	at com.kms.katalon.core.main.TestCaseExecutor.doExecute(TestCaseExecutor.java:322)
	at com.kms.katalon.core.main.TestCaseExecutor.processExecutionPhase(TestCaseExecutor.java:301)
	at com.kms.katalon.core.main.TestCaseExecutor.accessMainPhase(TestCaseExecutor.java:293)
	at com.kms.katalon.core.main.TestCaseExecutor.execute(TestCaseExecutor.java:227)
	at com.kms.katalon.core.main.TestSuiteExecutor.accessTestCaseMainPhase(TestSuiteExecutor.java:129)
	at com.kms.katalon.core.main.TestSuiteExecutor.accessTestSuiteMainPhase(TestSuiteExecutor.java:112)
	at com.kms.katalon.core.main.TestSuiteExecutor.execute(TestSuiteExecutor.java:81)
	at com.kms.katalon.core.main.TestCaseMain.startTestSuite(TestCaseMain.java:157)
	at com.kms.katalon.core.main.TestCaseMain$startTestSuite$0.call(Unknown Source)
	at TempTestSuite1556704417080.run(TempTestSuite1556704417080.groovy:35)
"/>
         <system-out><![CDATA[2019-05-01 13:02:30 - [TEST_CASE][FAILED] - Test Cases/Main-Test-Cases/022-Search-for-Idea-in-idea-center: Test Cases/Main-Test-Cases/022-Search-for-Idea-in-idea-center FAILED.
Reason:
com.kms.katalon.core.exception.StepFailedException: Feature file 'Include/features/Governance-Module/Add-Idea/022-Search-for-Idea-in-idea-center.feature' was failed
	at com.kms.katalon.core.keyword.internal.KeywordMain.stepFailed(KeywordMain.groovy:48)
	at com.kms.katalon.core.keyword.internal.KeywordMain.stepFailed(KeywordMain.groovy)
	at com.kms.katalon.core.keyword.internal.KeywordMain.stepFailed(KeywordMain.groovy:21)
	at com.kms.katalon.core.keyword.internal.KeywordMain$stepFailed$0.call(Unknown Source)
	at com.kms.katalon.core.cucumber.keyword.CucumberBuiltinKeywords$_runFeatureFile_closure1.doCall(CucumberBuiltinKeywords.groovy:82)
	at com.kms.katalon.core.cucumber.keyword.CucumberBuiltinKeywords$_runFeatureFile_closure1.doCall(CucumberBuiltinKeywords.groovy)
	at com.kms.katalon.core.keyword.internal.KeywordMain.runKeyword(KeywordMain.groovy:66)
	at com.kms.katalon.core.keyword.internal.KeywordMain$runKeyword.call(Unknown Source)
	at com.kms.katalon.core.cucumber.keyword.CucumberBuiltinKeywords.runFeatureFile(CucumberBuiltinKeywords.groovy:46)
	at com.kms.katalon.core.cucumber.keyword.CucumberBuiltinKeywords$runFeatureFile$0.callStatic(Unknown Source)
	at com.kms.katalon.core.cucumber.keyword.CucumberBuiltinKeywords.runFeatureFile(CucumberBuiltinKeywords.groovy:101)
	at com.kms.katalon.core.cucumber.keyword.CucumberBuiltinKeywords$runFeatureFile.call(Unknown Source)
	at 022-Search-for-Idea-in-idea-center.run(022-Search-for-Idea-in-idea-center:18)
	at com.kms.katalon.core.main.ScriptEngine.run(ScriptEngine.java:194)
	at com.kms.katalon.core.main.ScriptEngine.runScriptAsRawText(ScriptEngine.java:119)
	at com.kms.katalon.core.main.TestCaseExecutor.runScript(TestCaseExecutor.java:331)
	at com.kms.katalon.core.main.TestCaseExecutor.doExecute(TestCaseExecutor.java:322)
	at com.kms.katalon.core.main.TestCaseExecutor.processExecutionPhase(TestCaseExecutor.java:301)
	at com.kms.katalon.core.main.TestCaseExecutor.accessMainPhase(TestCaseExecutor.java:293)
	at com.kms.katalon.core.main.TestCaseExecutor.execute(TestCaseExecutor.java:227)
	at com.kms.katalon.core.main.TestSuiteExecutor.accessTestCaseMainPhase(TestSuiteExecutor.java:129)
	at com.kms.katalon.core.main.TestSuiteExecutor.accessTestSuiteMainPhase(TestSuiteExecutor.java:112)
	at com.kms.katalon.core.main.TestSuiteExecutor.execute(TestSuiteExecutor.java:81)
	at com.kms.katalon.core.main.TestCaseMain.startTestSuite(TestCaseMain.java:157)
	at com.kms.katalon.core.main.TestCaseMain$startTestSuite$0.call(Unknown Source)
	at TempTestSuite1556704417080.run(TempTestSuite1556704417080.groovy:35)


2019-05-01 13:02:30 - [TEST_STEP][FAILED] - runFeatureFile("Include/features/Governance-Module/Add-Idea/022-Search-for-Idea-in-idea-center.feature"): runFeatureFile("Include/features/Governance-Module/Add-Idea/022-Search-for-Idea-in-idea-center.feature") FAILED.
Reason:
com.kms.katalon.core.exception.StepFailedException: Feature file 'Include/features/Governance-Module/Add-Idea/022-Search-for-Idea-in-idea-center.feature' was failed
	at com.kms.katalon.core.keyword.internal.KeywordMain.stepFailed(KeywordMain.groovy:48)
	at com.kms.katalon.core.keyword.internal.KeywordMain.stepFailed(KeywordMain.groovy)
	at com.kms.katalon.core.keyword.internal.KeywordMain.stepFailed(KeywordMain.groovy:21)
	at com.kms.katalon.core.keyword.internal.KeywordMain$stepFailed$0.call(Unknown Source)
	at com.kms.katalon.core.cucumber.keyword.CucumberBuiltinKeywords$_runFeatureFile_closure1.doCall(CucumberBuiltinKeywords.groovy:82)
	at com.kms.katalon.core.cucumber.keyword.CucumberBuiltinKeywords$_runFeatureFile_closure1.doCall(CucumberBuiltinKeywords.groovy)
	at com.kms.katalon.core.keyword.internal.KeywordMain.runKeyword(KeywordMain.groovy:66)
	at com.kms.katalon.core.keyword.internal.KeywordMain$runKeyword.call(Unknown Source)
	at com.kms.katalon.core.cucumber.keyword.CucumberBuiltinKeywords.runFeatureFile(CucumberBuiltinKeywords.groovy:46)
	at com.kms.katalon.core.cucumber.keyword.CucumberBuiltinKeywords$runFeatureFile$0.callStatic(Unknown Source)
	at com.kms.katalon.core.cucumber.keyword.CucumberBuiltinKeywords.runFeatureFile(CucumberBuiltinKeywords.groovy:101)
	at com.kms.katalon.core.cucumber.keyword.CucumberBuiltinKeywords$runFeatureFile.call(Unknown Source)
	at 022-Search-for-Idea-in-idea-center.run(022-Search-for-Idea-in-idea-center:18)
	at com.kms.katalon.core.main.ScriptEngine.run(ScriptEngine.java:194)
	at com.kms.katalon.core.main.ScriptEngine.runScriptAsRawText(ScriptEngine.java:119)
	at com.kms.katalon.core.main.TestCaseExecutor.runScript(TestCaseExecutor.java:331)
	at com.kms.katalon.core.main.TestCaseExecutor.doExecute(TestCaseExecutor.java:322)
	at com.kms.katalon.core.main.TestCaseExecutor.processExecutionPhase(TestCaseExecutor.java:301)
	at com.kms.katalon.core.main.TestCaseExecutor.accessMainPhase(TestCaseExecutor.java:293)
	at com.kms.katalon.core.main.TestCaseExecutor.execute(TestCaseExecutor.java:227)
	at com.kms.katalon.core.main.TestSuiteExecutor.accessTestCaseMainPhase(TestSuiteExecutor.java:129)
	at com.kms.katalon.core.main.TestSuiteExecutor.accessTestSuiteMainPhase(TestSuiteExecutor.java:112)
	at com.kms.katalon.core.main.TestSuiteExecutor.execute(TestSuiteExecutor.java:81)
	at com.kms.katalon.core.main.TestCaseMain.startTestSuite(TestCaseMain.java:157)
	at com.kms.katalon.core.main.TestCaseMain$startTestSuite$0.call(Unknown Source)
	at TempTestSuite1556704417080.run(TempTestSuite1556704417080.groovy:35)


2019-05-01 13:02:30 - [MESSAGE][INFO] - Starting run keyword runFeatureFile: 'Include/features/Governance-Module/Add-Idea/022-Search-for-Idea-in-idea-center.feature' and extract report to folder: 'C:\Users\HP\git\PMO-Web-Application\Reports\First-Test-Suite\20190501_125337/cucumber_report/1556704950171'...

2019-05-01 13:02:30 - [TEST_CASE][FAILED] - Start Test Case : SCENARIO Search for Idea in idea center: SCENARIO Search for Idea in idea center FAILED.
Reason:
com.kms.katalon.core.exception.StepFailedException: Unable to verify object 'Object Repository/OOBObjects/HomepageObjects/OOBSideBar' is present
	at com.kms.katalon.core.webui.keyword.internal.WebUIKeywordMain.stepFailed(WebUIKeywordMain.groovy:64)
	at com.kms.katalon.core.webui.keyword.internal.WebUIKeywordMain.runKeyword(WebUIKeywordMain.groovy:26)
	at com.kms.katalon.core.webui.keyword.builtin.VerifyElementPresentKeyword.verifyElementPresent(VerifyElementPresentKeyword.groovy:92)
	at com.kms.katalon.core.webui.keyword.builtin.VerifyElementPresentKeyword.execute(VerifyElementPresentKeyword.groovy:68)
	at com.kms.katalon.core.keyword.internal.KeywordExecutor.executeKeywordForPlatform(KeywordExecutor.groovy:56)
	at com.kms.katalon.core.webui.keyword.WebUiBuiltInKeywords.verifyElementPresent(WebUiBuiltInKeywords.groovy:1434)
	at com.kms.katalon.core.webui.keyword.WebUiBuiltInKeywords$verifyElementPresent$3.call(Unknown Source)
	at com.pmo.steps.MainSteps.verifyLoginToOOB(MainSteps.groovy:71)
	at ✽.I want to verify I'm in OOB main page(C:/Users/HP/git/PMO-Web-Application/Include/features/Governance-Module/Add-Idea/022-Search-for-Idea-in-idea-center.feature:10)
Caused by: com.kms.katalon.core.exception.StepFailedException: com.kms.katalon.core.webui.exception.WebElementNotFoundException: Web element with id: 'Object Repository/OOBObjects/HomepageObjects/OOBSideBar' located by 'By.xpath: (.//*[normalize-space(text()) and normalize-space(.)='النظام'])[1]/following::ul[2]' not found
	at com.kms.katalon.core.webui.keyword.internal.WebUIKeywordMain.stepFailed(WebUIKeywordMain.groovy:64)
	at com.kms.katalon.core.webui.keyword.builtin.VerifyElementPresentKeyword$_verifyElementPresent_closure1.doCall(VerifyElementPresentKeyword.groovy:85)
	at com.kms.katalon.core.webui.keyword.builtin.VerifyElementPresentKeyword$_verifyElementPresent_closure1.call(VerifyElementPresentKeyword.groovy)
	at com.kms.katalon.core.webui.keyword.internal.WebUIKeywordMain.runKeyword(WebUIKeywordMain.groovy:20)
	at com.kms.katalon.core.webui.keyword.builtin.VerifyElementPresentKeyword.verifyElementPresent(VerifyElementPresentKeyword.groovy:92)
	at com.kms.katalon.core.webui.keyword.builtin.VerifyElementPresentKeyword.execute(VerifyElementPresentKeyword.groovy:68)
	at com.kms.katalon.core.keyword.internal.KeywordExecutor.executeKeywordForPlatform(KeywordExecutor.groovy:56)
	at com.kms.katalon.core.webui.keyword.WebUiBuiltInKeywords.verifyElementPresent(WebUiBuiltInKeywords.groovy:1434)
	at com.kms.katalon.core.webui.keyword.WebUiBuiltInKeywords$verifyElementPresent$3.call(Unknown Source)
	at com.pmo.steps.MainSteps.verifyLoginToOOB(MainSteps.groovy:71)
	at cucumber.runtime.Utils$1.call(Utils.java:26)
	at cucumber.runtime.Timeout.timeout(Timeout.java:16)
	at cucumber.runtime.Utils.invoke(Utils.java:20)
	at cucumber.runtime.java.JavaStepDefinition.execute(JavaStepDefinition.java:48)
	at cucumber.runtime.PickleStepDefinitionMatch.runStep(PickleStepDefinitionMatch.java:50)
	at cucumber.runner.TestStep.executeStep(TestStep.java:55)
	at cucumber.runner.TestStep.run(TestStep.java:42)
	at cucumber.runner.PickleStepTestStep.run(PickleStepTestStep.java:53)
	at cucumber.runner.TestCase.run(TestCase.java:47)
	at cucumber.runner.Runner.runPickle(Runner.java:44)
	at cucumber.runtime.Runtime.runFeature(Runtime.java:120)
	at cucumber.runtime.Runtime.run(Runtime.java:106)
	at cucumber.api.cli.Main.run(Main.java:35)
	at cucumber.api.cli.Main$run.call(Unknown Source)
	at com.kms.katalon.core.cucumber.keyword.CucumberBuiltinKeywords$_runFeatureFile_closure1.doCall(CucumberBuiltinKeywords.groovy:76)
	at com.kms.katalon.core.cucumber.keyword.CucumberBuiltinKeywords$_runFeatureFile_closure1.doCall(CucumberBuiltinKeywords.groovy)
	at com.kms.katalon.core.keyword.internal.KeywordMain.runKeyword(KeywordMain.groovy:66)
	at com.kms.katalon.core.keyword.internal.KeywordMain$runKeyword.call(Unknown Source)
	at com.kms.katalon.core.cucumber.keyword.CucumberBuiltinKeywords.runFeatureFile(CucumberBuiltinKeywords.groovy:46)
	at com.kms.katalon.core.cucumber.keyword.CucumberBuiltinKeywords$runFeatureFile$0.callStatic(Unknown Source)
	at com.kms.katalon.core.cucumber.keyword.CucumberBuiltinKeywords.runFeatureFile(CucumberBuiltinKeywords.groovy:101)
	at com.kms.katalon.core.cucumber.keyword.CucumberBuiltinKeywords$runFeatureFile.call(Unknown Source)
	at 022-Search-for-Idea-in-idea-center.run(022-Search-for-Idea-in-idea-center:18)
	at com.kms.katalon.core.main.ScriptEngine.run(ScriptEngine.java:194)
	at com.kms.katalon.core.main.ScriptEngine.runScriptAsRawText(ScriptEngine.java:119)
	at com.kms.katalon.core.main.TestCaseExecutor.runScript(TestCaseExecutor.java:331)
	at com.kms.katalon.core.main.TestCaseExecutor.doExecute(TestCaseExecutor.java:322)
	at com.kms.katalon.core.main.TestCaseExecutor.processExecutionPhase(TestCaseExecutor.java:301)
	at com.kms.katalon.core.main.TestCaseExecutor.accessMainPhase(TestCaseExecutor.java:293)
	at com.kms.katalon.core.main.TestCaseExecutor.execute(TestCaseExecutor.java:227)
	at com.kms.katalon.core.main.TestSuiteExecutor.accessTestCaseMainPhase(TestSuiteExecutor.java:129)
	at com.kms.katalon.core.main.TestSuiteExecutor.accessTestSuiteMainPhase(TestSuiteExecutor.java:112)
	at com.kms.katalon.core.main.TestSuiteExecutor.execute(TestSuiteExecutor.java:81)
	at com.kms.katalon.core.main.TestCaseMain.startTestSuite(TestCaseMain.java:157)
	at com.kms.katalon.core.main.TestCaseMain$startTestSuite$0.call(Unknown Source)
	at TempTestSuite1556704417080.run(TempTestSuite1556704417080.groovy:35)


2019-05-01 13:02:30 - [TEST_STEP][PASSED] - I want to open browser: I want to open browser

2019-05-01 13:02:30 - [MESSAGE][WARNING] - A browser is already opened. Closing browser and opening a new one

2019-05-01 13:02:30 - [MESSAGE][INFO] - Starting 'Chrome' driver

2019-05-01 13:02:32 - [MESSAGE][PASSED] - Browser is opened with url: ''

2019-05-01 13:02:32 - [MESSAGE][PASSED] - Delete all cookies successfully

2019-05-01 13:02:32 - [MESSAGE][PASSED] - I want to open browser

2019-05-01 13:02:32 - [TEST_STEP][PASSED] - I want to maximize window: I want to maximize window

2019-05-01 13:02:34 - [MESSAGE][PASSED] - Current window maximized

2019-05-01 13:02:34 - [MESSAGE][PASSED] - I want to maximize window

2019-05-01 13:02:34 - [TEST_STEP][PASSED] - I want to go to OOB: I want to go to OOB

2019-05-01 13:02:35 - [MESSAGE][PASSED] - Navigate to 'https://pmoadmin:P@ssw0rd@dev5.cloudapp.net/OOB2/' successfully

2019-05-01 13:02:35 - [MESSAGE][PASSED] - I want to go to OOB

2019-05-01 13:02:35 - [TEST_STEP][FAILED] - I want to verify I'm in OOB main page: I want to verify I'm in OOB main page FAILED.
Reason:
com.kms.katalon.core.exception.StepFailedException: Unable to verify object 'Object Repository/OOBObjects/HomepageObjects/OOBSideBar' is present
	at com.kms.katalon.core.webui.keyword.internal.WebUIKeywordMain.stepFailed(WebUIKeywordMain.groovy:64)
	at com.kms.katalon.core.webui.keyword.internal.WebUIKeywordMain.runKeyword(WebUIKeywordMain.groovy:26)
	at com.kms.katalon.core.webui.keyword.builtin.VerifyElementPresentKeyword.verifyElementPresent(VerifyElementPresentKeyword.groovy:92)
	at com.kms.katalon.core.webui.keyword.builtin.VerifyElementPresentKeyword.execute(VerifyElementPresentKeyword.groovy:68)
	at com.kms.katalon.core.keyword.internal.KeywordExecutor.executeKeywordForPlatform(KeywordExecutor.groovy:56)
	at com.kms.katalon.core.webui.keyword.WebUiBuiltInKeywords.verifyElementPresent(WebUiBuiltInKeywords.groovy:1434)
	at com.kms.katalon.core.webui.keyword.WebUiBuiltInKeywords$verifyElementPresent$3.call(Unknown Source)
	at com.pmo.steps.MainSteps.verifyLoginToOOB(MainSteps.groovy:71)
	at ✽.I want to verify I'm in OOB main page(C:/Users/HP/git/PMO-Web-Application/Include/features/Governance-Module/Add-Idea/022-Search-for-Idea-in-idea-center.feature:10)
Caused by: com.kms.katalon.core.exception.StepFailedException: com.kms.katalon.core.webui.exception.WebElementNotFoundException: Web element with id: 'Object Repository/OOBObjects/HomepageObjects/OOBSideBar' located by 'By.xpath: (.//*[normalize-space(text()) and normalize-space(.)='النظام'])[1]/following::ul[2]' not found
	at com.kms.katalon.core.webui.keyword.internal.WebUIKeywordMain.stepFailed(WebUIKeywordMain.groovy:64)
	at com.kms.katalon.core.webui.keyword.builtin.VerifyElementPresentKeyword$_verifyElementPresent_closure1.doCall(VerifyElementPresentKeyword.groovy:85)
	at com.kms.katalon.core.webui.keyword.builtin.VerifyElementPresentKeyword$_verifyElementPresent_closure1.call(VerifyElementPresentKeyword.groovy)
	at com.kms.katalon.core.webui.keyword.internal.WebUIKeywordMain.runKeyword(WebUIKeywordMain.groovy:20)
	at com.kms.katalon.core.webui.keyword.builtin.VerifyElementPresentKeyword.verifyElementPresent(VerifyElementPresentKeyword.groovy:92)
	at com.kms.katalon.core.webui.keyword.builtin.VerifyElementPresentKeyword.execute(VerifyElementPresentKeyword.groovy:68)
	at com.kms.katalon.core.keyword.internal.KeywordExecutor.executeKeywordForPlatform(KeywordExecutor.groovy:56)
	at com.kms.katalon.core.webui.keyword.WebUiBuiltInKeywords.verifyElementPresent(WebUiBuiltInKeywords.groovy:1434)
	at com.kms.katalon.core.webui.keyword.WebUiBuiltInKeywords$verifyElementPresent$3.call(Unknown Source)
	at com.pmo.steps.MainSteps.verifyLoginToOOB(MainSteps.groovy:71)
	at cucumber.runtime.Utils$1.call(Utils.java:26)
	at cucumber.runtime.Timeout.timeout(Timeout.java:16)
	at cucumber.runtime.Utils.invoke(Utils.java:20)
	at cucumber.runtime.java.JavaStepDefinition.execute(JavaStepDefinition.java:48)
	at cucumber.runtime.PickleStepDefinitionMatch.runStep(PickleStepDefinitionMatch.java:50)
	at cucumber.runner.TestStep.executeStep(TestStep.java:55)
	at cucumber.runner.TestStep.run(TestStep.java:42)
	at cucumber.runner.PickleStepTestStep.run(PickleStepTestStep.java:53)
	at cucumber.runner.TestCase.run(TestCase.java:47)
	at cucumber.runner.Runner.runPickle(Runner.java:44)
	at cucumber.runtime.Runtime.runFeature(Runtime.java:120)
	at cucumber.runtime.Runtime.run(Runtime.java:106)
	at cucumber.api.cli.Main.run(Main.java:35)
	at cucumber.api.cli.Main$run.call(Unknown Source)
	at com.kms.katalon.core.cucumber.keyword.CucumberBuiltinKeywords$_runFeatureFile_closure1.doCall(CucumberBuiltinKeywords.groovy:76)
	at com.kms.katalon.core.cucumber.keyword.CucumberBuiltinKeywords$_runFeatureFile_closure1.doCall(CucumberBuiltinKeywords.groovy)
	at com.kms.katalon.core.keyword.internal.KeywordMain.runKeyword(KeywordMain.groovy:66)
	at com.kms.katalon.core.keyword.internal.KeywordMain$runKeyword.call(Unknown Source)
	at com.kms.katalon.core.cucumber.keyword.CucumberBuiltinKeywords.runFeatureFile(CucumberBuiltinKeywords.groovy:46)
	at com.kms.katalon.core.cucumber.keyword.CucumberBuiltinKeywords$runFeatureFile$0.callStatic(Unknown Source)
	at com.kms.katalon.core.cucumber.keyword.CucumberBuiltinKeywords.runFeatureFile(CucumberBuiltinKeywords.groovy:101)
	at com.kms.katalon.core.cucumber.keyword.CucumberBuiltinKeywords$runFeatureFile.call(Unknown Source)
	at 022-Search-for-Idea-in-idea-center.run(022-Search-for-Idea-in-idea-center:18)
	at com.kms.katalon.core.main.ScriptEngine.run(ScriptEngine.java:194)
	at com.kms.katalon.core.main.ScriptEngine.runScriptAsRawText(ScriptEngine.java:119)
	at com.kms.katalon.core.main.TestCaseExecutor.runScript(TestCaseExecutor.java:331)
	at com.kms.katalon.core.main.TestCaseExecutor.doExecute(TestCaseExecutor.java:322)
	at com.kms.katalon.core.main.TestCaseExecutor.processExecutionPhase(TestCaseExecutor.java:301)
	at com.kms.katalon.core.main.TestCaseExecutor.accessMainPhase(TestCaseExecutor.java:293)
	at com.kms.katalon.core.main.TestCaseExecutor.execute(TestCaseExecutor.java:227)
	at com.kms.katalon.core.main.TestSuiteExecutor.accessTestCaseMainPhase(TestSuiteExecutor.java:129)
	at com.kms.katalon.core.main.TestSuiteExecutor.accessTestSuiteMainPhase(TestSuiteExecutor.java:112)
	at com.kms.katalon.core.main.TestSuiteExecutor.execute(TestSuiteExecutor.java:81)
	at com.kms.katalon.core.main.TestCaseMain.startTestSuite(TestCaseMain.java:157)
	at com.kms.katalon.core.main.TestCaseMain$startTestSuite$0.call(Unknown Source)
	at TempTestSuite1556704417080.run(TempTestSuite1556704417080.groovy:35)


2019-05-01 13:02:35 - [MESSAGE][WARNING] - Timeout '0' is invalid. Using default page load timeout: '30'

2019-05-01 13:03:06 - [MESSAGE][INFO] - Unable to find the element located by 'By.xpath: (.//*[normalize-space(text()) and normalize-space(.)='النظام'])[1]/following::ul[2]'. Please recheck the objects properties to make sure the desired element is located. 

2019-05-01 13:03:06 - [MESSAGE][FAILED] - com.kms.katalon.core.webui.exception.WebElementNotFoundException: Web element with id: 'Object Repository/OOBObjects/HomepageObjects/OOBSideBar' located by 'By.xpath: (.//*[normalize-space(text()) and normalize-space(.)='النظام'])[1]/following::ul[2]' not found (Root cause: com.kms.katalon.core.exception.StepFailedException: com.kms.katalon.core.webui.exception.WebElementNotFoundException: Web element with id: 'Object Repository/OOBObjects/HomepageObjects/OOBSideBar' located by 'By.xpath: (.//*[normalize-space(text()) and normalize-space(.)='النظام'])[1]/following::ul[2]' not found
	at com.kms.katalon.core.webui.keyword.internal.WebUIKeywordMain.stepFailed(WebUIKeywordMain.groovy:64)
	at com.kms.katalon.core.webui.keyword.builtin.VerifyElementPresentKeyword$_verifyElementPresent_closure1.doCall(VerifyElementPresentKeyword.groovy:85)
	at com.kms.katalon.core.webui.keyword.builtin.VerifyElementPresentKeyword$_verifyElementPresent_closure1.call(VerifyElementPresentKeyword.groovy)
	at com.kms.katalon.core.webui.keyword.internal.WebUIKeywordMain.runKeyword(WebUIKeywordMain.groovy:20)
	at com.kms.katalon.core.webui.keyword.builtin.VerifyElementPresentKeyword.verifyElementPresent(VerifyElementPresentKeyword.groovy:92)
	at com.kms.katalon.core.webui.keyword.builtin.VerifyElementPresentKeyword.execute(VerifyElementPresentKeyword.groovy:68)
	at com.kms.katalon.core.keyword.internal.KeywordExecutor.executeKeywordForPlatform(KeywordExecutor.groovy:56)
	at com.kms.katalon.core.webui.keyword.WebUiBuiltInKeywords.verifyElementPresent(WebUiBuiltInKeywords.groovy:1434)
	at com.kms.katalon.core.webui.keyword.WebUiBuiltInKeywords$verifyElementPresent$3.call(Unknown Source)
	at com.pmo.steps.MainSteps.verifyLoginToOOB(MainSteps.groovy:71)
	at cucumber.runtime.Utils$1.call(Utils.java:26)
	at cucumber.runtime.Timeout.timeout(Timeout.java:16)
	at cucumber.runtime.Utils.invoke(Utils.java:20)
	at cucumber.runtime.java.JavaStepDefinition.execute(JavaStepDefinition.java:48)
	at cucumber.runtime.PickleStepDefinitionMatch.runStep(PickleStepDefinitionMatch.java:50)
	at cucumber.runner.TestStep.executeStep(TestStep.java:55)
	at cucumber.runner.TestStep.run(TestStep.java:42)
	at cucumber.runner.PickleStepTestStep.run(PickleStepTestStep.java:53)
	at cucumber.runner.TestCase.run(TestCase.java:47)
	at cucumber.runner.Runner.runPickle(Runner.java:44)
	at cucumber.runtime.Runtime.runFeature(Runtime.java:120)
	at cucumber.runtime.Runtime.run(Runtime.java:106)
	at cucumber.api.cli.Main.run(Main.java:35)
	at cucumber.api.cli.Main$run.call(Unknown Source)
	at com.kms.katalon.core.cucumber.keyword.CucumberBuiltinKeywords$_runFeatureFile_closure1.doCall(CucumberBuiltinKeywords.groovy:76)
	at com.kms.katalon.core.cucumber.keyword.CucumberBuiltinKeywords$_runFeatureFile_closure1.doCall(CucumberBuiltinKeywords.groovy)
	at com.kms.katalon.core.keyword.internal.KeywordMain.runKeyword(KeywordMain.groovy:66)
	at com.kms.katalon.core.keyword.internal.KeywordMain$runKeyword.call(Unknown Source)
	at com.kms.katalon.core.cucumber.keyword.CucumberBuiltinKeywords.runFeatureFile(CucumberBuiltinKeywords.groovy:46)
	at com.kms.katalon.core.cucumber.keyword.CucumberBuiltinKeywords$runFeatureFile$0.callStatic(Unknown Source)
	at com.kms.katalon.core.cucumber.keyword.CucumberBuiltinKeywords.runFeatureFile(CucumberBuiltinKeywords.groovy:101)
	at com.kms.katalon.core.cucumber.keyword.CucumberBuiltinKeywords$runFeatureFile.call(Unknown Source)
	at 022-Search-for-Idea-in-idea-center.run(022-Search-for-Idea-in-idea-center:18)
	at com.kms.katalon.core.main.ScriptEngine.run(ScriptEngine.java:194)
	at com.kms.katalon.core.main.ScriptEngine.runScriptAsRawText(ScriptEngine.java:119)
	at com.kms.katalon.core.main.TestCaseExecutor.runScript(TestCaseExecutor.java:331)
	at com.kms.katalon.core.main.TestCaseExecutor.doExecute(TestCaseExecutor.java:322)
	at com.kms.katalon.core.main.TestCaseExecutor.processExecutionPhase(TestCaseExecutor.java:301)
	at com.kms.katalon.core.main.TestCaseExecutor.accessMainPhase(TestCaseExecutor.java:293)
	at com.kms.katalon.core.main.TestCaseExecutor.execute(TestCaseExecutor.java:227)
	at com.kms.katalon.core.main.TestSuiteExecutor.accessTestCaseMainPhase(TestSuiteExecutor.java:129)
	at com.kms.katalon.core.main.TestSuiteExecutor.accessTestSuiteMainPhase(TestSuiteExecutor.java:112)
	at com.kms.katalon.core.main.TestSuiteExecutor.execute(TestSuiteExecutor.java:81)
	at com.kms.katalon.core.main.TestCaseMain.startTestSuite(TestCaseMain.java:157)
	at com.kms.katalon.core.main.TestCaseMain$startTestSuite$0.call(Unknown Source)
	at TempTestSuite1556704417080.run(TempTestSuite1556704417080.groovy:35)
)
[[ATTACHMENT|C:\\Users\\HP\\git\\PMO-Web-Application\\Reports\\First-Test-Suite\\20190501_125337\\1556704986616.png]]

2019-05-01 13:03:07 - [MESSAGE][FAILED] - Unable to verify object 'Object Repository/OOBObjects/HomepageObjects/OOBSideBar' is present (Root cause: com.kms.katalon.core.exception.StepFailedException: Unable to verify object 'Object Repository/OOBObjects/HomepageObjects/OOBSideBar' is present
	at com.kms.katalon.core.webui.keyword.internal.WebUIKeywordMain.stepFailed(WebUIKeywordMain.groovy:64)
	at com.kms.katalon.core.webui.keyword.internal.WebUIKeywordMain.runKeyword(WebUIKeywordMain.groovy:26)
	at com.kms.katalon.core.webui.keyword.builtin.VerifyElementPresentKeyword.verifyElementPresent(VerifyElementPresentKeyword.groovy:92)
	at com.kms.katalon.core.webui.keyword.builtin.VerifyElementPresentKeyword.execute(VerifyElementPresentKeyword.groovy:68)
	at com.kms.katalon.core.keyword.internal.KeywordExecutor.executeKeywordForPlatform(KeywordExecutor.groovy:56)
	at com.kms.katalon.core.webui.keyword.WebUiBuiltInKeywords.verifyElementPresent(WebUiBuiltInKeywords.groovy:1434)
	at com.kms.katalon.core.webui.keyword.WebUiBuiltInKeywords$verifyElementPresent$3.call(Unknown Source)
	at com.pmo.steps.MainSteps.verifyLoginToOOB(MainSteps.groovy:71)
	at cucumber.runtime.Utils$1.call(Utils.java:26)
	at cucumber.runtime.Timeout.timeout(Timeout.java:16)
	at cucumber.runtime.Utils.invoke(Utils.java:20)
	at cucumber.runtime.java.JavaStepDefinition.execute(JavaStepDefinition.java:48)
	at cucumber.runtime.PickleStepDefinitionMatch.runStep(PickleStepDefinitionMatch.java:50)
	at cucumber.runner.TestStep.executeStep(TestStep.java:55)
	at cucumber.runner.TestStep.run(TestStep.java:42)
	at cucumber.runner.PickleStepTestStep.run(PickleStepTestStep.java:53)
	at cucumber.runner.TestCase.run(TestCase.java:47)
	at cucumber.runner.Runner.runPickle(Runner.java:44)
	at cucumber.runtime.Runtime.runFeature(Runtime.java:120)
	at cucumber.runtime.Runtime.run(Runtime.java:106)
	at cucumber.api.cli.Main.run(Main.java:35)
	at cucumber.api.cli.Main$run.call(Unknown Source)
	at com.kms.katalon.core.cucumber.keyword.CucumberBuiltinKeywords$_runFeatureFile_closure1.doCall(CucumberBuiltinKeywords.groovy:76)
	at com.kms.katalon.core.cucumber.keyword.CucumberBuiltinKeywords$_runFeatureFile_closure1.doCall(CucumberBuiltinKeywords.groovy)
	at com.kms.katalon.core.keyword.internal.KeywordMain.runKeyword(KeywordMain.groovy:66)
	at com.kms.katalon.core.keyword.internal.KeywordMain$runKeyword.call(Unknown Source)
	at com.kms.katalon.core.cucumber.keyword.CucumberBuiltinKeywords.runFeatureFile(CucumberBuiltinKeywords.groovy:46)
	at com.kms.katalon.core.cucumber.keyword.CucumberBuiltinKeywords$runFeatureFile$0.callStatic(Unknown Source)
	at com.kms.katalon.core.cucumber.keyword.CucumberBuiltinKeywords.runFeatureFile(CucumberBuiltinKeywords.groovy:101)
	at com.kms.katalon.core.cucumber.keyword.CucumberBuiltinKeywords$runFeatureFile.call(Unknown Source)
	at 022-Search-for-Idea-in-idea-center.run(022-Search-for-Idea-in-idea-center:18)
	at com.kms.katalon.core.main.ScriptEngine.run(ScriptEngine.java:194)
	at com.kms.katalon.core.main.ScriptEngine.runScriptAsRawText(ScriptEngine.java:119)
	at com.kms.katalon.core.main.TestCaseExecutor.runScript(TestCaseExecutor.java:331)
	at com.kms.katalon.core.main.TestCaseExecutor.doExecute(TestCaseExecutor.java:322)
	at com.kms.katalon.core.main.TestCaseExecutor.processExecutionPhase(TestCaseExecutor.java:301)
	at com.kms.katalon.core.main.TestCaseExecutor.accessMainPhase(TestCaseExecutor.java:293)
	at com.kms.katalon.core.main.TestCaseExecutor.execute(TestCaseExecutor.java:227)
	at com.kms.katalon.core.main.TestSuiteExecutor.accessTestCaseMainPhase(TestSuiteExecutor.java:129)
	at com.kms.katalon.core.main.TestSuiteExecutor.accessTestSuiteMainPhase(TestSuiteExecutor.java:112)
	at com.kms.katalon.core.main.TestSuiteExecutor.execute(TestSuiteExecutor.java:81)
	at com.kms.katalon.core.main.TestCaseMain.startTestSuite(TestCaseMain.java:157)
	at com.kms.katalon.core.main.TestCaseMain$startTestSuite$0.call(Unknown Source)
	at TempTestSuite1556704417080.run(TempTestSuite1556704417080.groovy:35)
Caused by: com.kms.katalon.core.exception.StepFailedException: com.kms.katalon.core.webui.exception.WebElementNotFoundException: Web element with id: 'Object Repository/OOBObjects/HomepageObjects/OOBSideBar' located by 'By.xpath: (.//*[normalize-space(text()) and normalize-space(.)='النظام'])[1]/following::ul[2]' not found
	at com.kms.katalon.core.webui.keyword.internal.WebUIKeywordMain.stepFailed(WebUIKeywordMain.groovy:64)
	at com.kms.katalon.core.webui.keyword.builtin.VerifyElementPresentKeyword$_verifyElementPresent_closure1.doCall(VerifyElementPresentKeyword.groovy:85)
	at com.kms.katalon.core.webui.keyword.builtin.VerifyElementPresentKeyword$_verifyElementPresent_closure1.call(VerifyElementPresentKeyword.groovy)
	at com.kms.katalon.core.webui.keyword.internal.WebUIKeywordMain.runKeyword(WebUIKeywordMain.groovy:20)
	... 42 more
)
[[ATTACHMENT|C:\\Users\\HP\\git\\PMO-Web-Application\\Reports\\First-Test-Suite\\20190501_125337\\1556704986890.png]]

2019-05-01 13:03:07 - [MESSAGE][FAILED] - I want to verify I'm in OOB main page FAILED.
Reason:
com.kms.katalon.core.exception.StepFailedException: Unable to verify object 'Object Repository/OOBObjects/HomepageObjects/OOBSideBar' is present
	at com.kms.katalon.core.webui.keyword.internal.WebUIKeywordMain.stepFailed(WebUIKeywordMain.groovy:64)
	at com.kms.katalon.core.webui.keyword.internal.WebUIKeywordMain.runKeyword(WebUIKeywordMain.groovy:26)
	at com.kms.katalon.core.webui.keyword.builtin.VerifyElementPresentKeyword.verifyElementPresent(VerifyElementPresentKeyword.groovy:92)
	at com.kms.katalon.core.webui.keyword.builtin.VerifyElementPresentKeyword.execute(VerifyElementPresentKeyword.groovy:68)
	at com.kms.katalon.core.keyword.internal.KeywordExecutor.executeKeywordForPlatform(KeywordExecutor.groovy:56)
	at com.kms.katalon.core.webui.keyword.WebUiBuiltInKeywords.verifyElementPresent(WebUiBuiltInKeywords.groovy:1434)
	at com.kms.katalon.core.webui.keyword.WebUiBuiltInKeywords$verifyElementPresent$3.call(Unknown Source)
	at com.pmo.steps.MainSteps.verifyLoginToOOB(MainSteps.groovy:71)
	at ✽.I want to verify I'm in OOB main page(C:/Users/HP/git/PMO-Web-Application/Include/features/Governance-Module/Add-Idea/022-Search-for-Idea-in-idea-center.feature:10)
Caused by: com.kms.katalon.core.exception.StepFailedException: com.kms.katalon.core.webui.exception.WebElementNotFoundException: Web element with id: 'Object Repository/OOBObjects/HomepageObjects/OOBSideBar' located by 'By.xpath: (.//*[normalize-space(text()) and normalize-space(.)='النظام'])[1]/following::ul[2]' not found
	at com.kms.katalon.core.webui.keyword.internal.WebUIKeywordMain.stepFailed(WebUIKeywordMain.groovy:64)
	at com.kms.katalon.core.webui.keyword.builtin.VerifyElementPresentKeyword$_verifyElementPresent_closure1.doCall(VerifyElementPresentKeyword.groovy:85)
	at com.kms.katalon.core.webui.keyword.builtin.VerifyElementPresentKeyword$_verifyElementPresent_closure1.call(VerifyElementPresentKeyword.groovy)
	at com.kms.katalon.core.webui.keyword.internal.WebUIKeywordMain.runKeyword(WebUIKeywordMain.groovy:20)
	at com.kms.katalon.core.webui.keyword.builtin.VerifyElementPresentKeyword.verifyElementPresent(VerifyElementPresentKeyword.groovy:92)
	at com.kms.katalon.core.webui.keyword.builtin.VerifyElementPresentKeyword.execute(VerifyElementPresentKeyword.groovy:68)
	at com.kms.katalon.core.keyword.internal.KeywordExecutor.executeKeywordForPlatform(KeywordExecutor.groovy:56)
	at com.kms.katalon.core.webui.keyword.WebUiBuiltInKeywords.verifyElementPresent(WebUiBuiltInKeywords.groovy:1434)
	at com.kms.katalon.core.webui.keyword.WebUiBuiltInKeywords$verifyElementPresent$3.call(Unknown Source)
	at com.pmo.steps.MainSteps.verifyLoginToOOB(MainSteps.groovy:71)
	at cucumber.runtime.Utils$1.call(Utils.java:26)
	at cucumber.runtime.Timeout.timeout(Timeout.java:16)
	at cucumber.runtime.Utils.invoke(Utils.java:20)
	at cucumber.runtime.java.JavaStepDefinition.execute(JavaStepDefinition.java:48)
	at cucumber.runtime.PickleStepDefinitionMatch.runStep(PickleStepDefinitionMatch.java:50)
	at cucumber.runner.TestStep.executeStep(TestStep.java:55)
	at cucumber.runner.TestStep.run(TestStep.java:42)
	at cucumber.runner.PickleStepTestStep.run(PickleStepTestStep.java:53)
	at cucumber.runner.TestCase.run(TestCase.java:47)
	at cucumber.runner.Runner.runPickle(Runner.java:44)
	at cucumber.runtime.Runtime.runFeature(Runtime.java:120)
	at cucumber.runtime.Runtime.run(Runtime.java:106)
	at cucumber.api.cli.Main.run(Main.java:35)
	at cucumber.api.cli.Main$run.call(Unknown Source)
	at com.kms.katalon.core.cucumber.keyword.CucumberBuiltinKeywords$_runFeatureFile_closure1.doCall(CucumberBuiltinKeywords.groovy:76)
	at com.kms.katalon.core.cucumber.keyword.CucumberBuiltinKeywords$_runFeatureFile_closure1.doCall(CucumberBuiltinKeywords.groovy)
	at com.kms.katalon.core.keyword.internal.KeywordMain.runKeyword(KeywordMain.groovy:66)
	at com.kms.katalon.core.keyword.internal.KeywordMain$runKeyword.call(Unknown Source)
	at com.kms.katalon.core.cucumber.keyword.CucumberBuiltinKeywords.runFeatureFile(CucumberBuiltinKeywords.groovy:46)
	at com.kms.katalon.core.cucumber.keyword.CucumberBuiltinKeywords$runFeatureFile$0.callStatic(Unknown Source)
	at com.kms.katalon.core.cucumber.keyword.CucumberBuiltinKeywords.runFeatureFile(CucumberBuiltinKeywords.groovy:101)
	at com.kms.katalon.core.cucumber.keyword.CucumberBuiltinKeywords$runFeatureFile.call(Unknown Source)
	at 022-Search-for-Idea-in-idea-center.run(022-Search-for-Idea-in-idea-center:18)
	at com.kms.katalon.core.main.ScriptEngine.run(ScriptEngine.java:194)
	at com.kms.katalon.core.main.ScriptEngine.runScriptAsRawText(ScriptEngine.java:119)
	at com.kms.katalon.core.main.TestCaseExecutor.runScript(TestCaseExecutor.java:331)
	at com.kms.katalon.core.main.TestCaseExecutor.doExecute(TestCaseExecutor.java:322)
	at com.kms.katalon.core.main.TestCaseExecutor.processExecutionPhase(TestCaseExecutor.java:301)
	at com.kms.katalon.core.main.TestCaseExecutor.accessMainPhase(TestCaseExecutor.java:293)
	at com.kms.katalon.core.main.TestCaseExecutor.execute(TestCaseExecutor.java:227)
	at com.kms.katalon.core.main.TestSuiteExecutor.accessTestCaseMainPhase(TestSuiteExecutor.java:129)
	at com.kms.katalon.core.main.TestSuiteExecutor.accessTestSuiteMainPhase(TestSuiteExecutor.java:112)
	at com.kms.katalon.core.main.TestSuiteExecutor.execute(TestSuiteExecutor.java:81)
	at com.kms.katalon.core.main.TestCaseMain.startTestSuite(TestCaseMain.java:157)
	at com.kms.katalon.core.main.TestCaseMain$startTestSuite$0.call(Unknown Source)
	at TempTestSuite1556704417080.run(TempTestSuite1556704417080.groovy:35)


2019-05-01 13:03:07 - [TEST_STEP][NOT_RUN] - I want to go to ideas list page: I want to go to ideas list page

2019-05-01 13:03:07 - [MESSAGE][NOT_RUN] - I want to go to ideas list page

2019-05-01 13:03:07 - [TEST_STEP][NOT_RUN] - I want to click on Add New button: I want to click on Add New button

2019-05-01 13:03:07 - [MESSAGE][NOT_RUN] - I want to click on Add New button

2019-05-01 13:03:07 - [TEST_STEP][NOT_RUN] - I want to fill idea name field: I want to fill idea name field

2019-05-01 13:03:07 - [MESSAGE][NOT_RUN] - I want to fill idea name field

2019-05-01 13:03:07 - [TEST_STEP][NOT_RUN] - I want to select expected start date: I want to select expected start date

2019-05-01 13:03:07 - [MESSAGE][NOT_RUN] - I want to select expected start date

2019-05-01 13:03:07 - [TEST_STEP][NOT_RUN] - I want to select expected end date: I want to select expected end date

2019-05-01 13:03:07 - [MESSAGE][NOT_RUN] - I want to select expected end date

2019-05-01 13:03:07 - [TEST_STEP][NOT_RUN] - I want to fill idea objective field: I want to fill idea objective field

2019-05-01 13:03:07 - [MESSAGE][NOT_RUN] - I want to fill idea objective field

2019-05-01 13:03:07 - [TEST_STEP][NOT_RUN] - I want to fill expected budget field: I want to fill expected budget field

2019-05-01 13:03:07 - [MESSAGE][NOT_RUN] - I want to fill expected budget field

2019-05-01 13:03:07 - [TEST_STEP][NOT_RUN] - I want to fill Notes field: I want to fill Notes field

2019-05-01 13:03:07 - [MESSAGE][NOT_RUN] - I want to fill Notes field

2019-05-01 13:03:07 - [TEST_STEP][NOT_RUN] - I want to click send idea button: I want to click send idea button

2019-05-01 13:03:07 - [MESSAGE][NOT_RUN] - I want to click send idea button

2019-05-01 13:03:07 - [TEST_STEP][NOT_RUN] - I want to search for idea by idea name: I want to search for idea by idea name

2019-05-01 13:03:07 - [MESSAGE][NOT_RUN] - I want to search for idea by idea name

2019-05-01 13:03:07 - [TEST_STEP][NOT_RUN] - I want to close browser: I want to close browser

2019-05-01 13:03:07 - [MESSAGE][NOT_RUN] - I want to close browser

2019-05-01 13:03:07 - [MESSAGE][FAILED] - Feature file 'Include/features/Governance-Module/Add-Idea/022-Search-for-Idea-in-idea-center.feature' was failed

2019-05-01 13:03:07 - [MESSAGE][FAILED] - Keyword runFeatureFile was failed (Root cause: com.kms.katalon.core.exception.StepFailedException: Feature file 'Include/features/Governance-Module/Add-Idea/022-Search-for-Idea-in-idea-center.feature' was failed
	at com.kms.katalon.core.keyword.internal.KeywordMain.stepFailed(KeywordMain.groovy:48)
	at com.kms.katalon.core.keyword.internal.KeywordMain.stepFailed(KeywordMain.groovy)
	at com.kms.katalon.core.keyword.internal.KeywordMain.stepFailed(KeywordMain.groovy:21)
	at com.kms.katalon.core.keyword.internal.KeywordMain$stepFailed$0.call(Unknown Source)
	at com.kms.katalon.core.cucumber.keyword.CucumberBuiltinKeywords$_runFeatureFile_closure1.doCall(CucumberBuiltinKeywords.groovy:82)
	at com.kms.katalon.core.cucumber.keyword.CucumberBuiltinKeywords$_runFeatureFile_closure1.doCall(CucumberBuiltinKeywords.groovy)
	at com.kms.katalon.core.keyword.internal.KeywordMain.runKeyword(KeywordMain.groovy:66)
	at com.kms.katalon.core.keyword.internal.KeywordMain$runKeyword.call(Unknown Source)
	at com.kms.katalon.core.cucumber.keyword.CucumberBuiltinKeywords.runFeatureFile(CucumberBuiltinKeywords.groovy:46)
	at com.kms.katalon.core.cucumber.keyword.CucumberBuiltinKeywords$runFeatureFile$0.callStatic(Unknown Source)
	at com.kms.katalon.core.cucumber.keyword.CucumberBuiltinKeywords.runFeatureFile(CucumberBuiltinKeywords.groovy:101)
	at com.kms.katalon.core.cucumber.keyword.CucumberBuiltinKeywords$runFeatureFile.call(Unknown Source)
	at 022-Search-for-Idea-in-idea-center.run(022-Search-for-Idea-in-idea-center:18)
	at com.kms.katalon.core.main.ScriptEngine.run(ScriptEngine.java:194)
	at com.kms.katalon.core.main.ScriptEngine.runScriptAsRawText(ScriptEngine.java:119)
	at com.kms.katalon.core.main.TestCaseExecutor.runScript(TestCaseExecutor.java:331)
	at com.kms.katalon.core.main.TestCaseExecutor.doExecute(TestCaseExecutor.java:322)
	at com.kms.katalon.core.main.TestCaseExecutor.processExecutionPhase(TestCaseExecutor.java:301)
	at com.kms.katalon.core.main.TestCaseExecutor.accessMainPhase(TestCaseExecutor.java:293)
	at com.kms.katalon.core.main.TestCaseExecutor.execute(TestCaseExecutor.java:227)
	at com.kms.katalon.core.main.TestSuiteExecutor.accessTestCaseMainPhase(TestSuiteExecutor.java:129)
	at com.kms.katalon.core.main.TestSuiteExecutor.accessTestSuiteMainPhase(TestSuiteExecutor.java:112)
	at com.kms.katalon.core.main.TestSuiteExecutor.execute(TestSuiteExecutor.java:81)
	at com.kms.katalon.core.main.TestCaseMain.startTestSuite(TestCaseMain.java:157)
	at com.kms.katalon.core.main.TestCaseMain$startTestSuite$0.call(Unknown Source)
	at TempTestSuite1556704417080.run(TempTestSuite1556704417080.groovy:35)
)

2019-05-01 13:03:07 - [MESSAGE][FAILED] - runFeatureFile("Include/features/Governance-Module/Add-Idea/022-Search-for-Idea-in-idea-center.feature") FAILED.
Reason:
com.kms.katalon.core.exception.StepFailedException: Feature file 'Include/features/Governance-Module/Add-Idea/022-Search-for-Idea-in-idea-center.feature' was failed
	at com.kms.katalon.core.keyword.internal.KeywordMain.stepFailed(KeywordMain.groovy:48)
	at com.kms.katalon.core.keyword.internal.KeywordMain.stepFailed(KeywordMain.groovy)
	at com.kms.katalon.core.keyword.internal.KeywordMain.stepFailed(KeywordMain.groovy:21)
	at com.kms.katalon.core.keyword.internal.KeywordMain$stepFailed$0.call(Unknown Source)
	at com.kms.katalon.core.cucumber.keyword.CucumberBuiltinKeywords$_runFeatureFile_closure1.doCall(CucumberBuiltinKeywords.groovy:82)
	at com.kms.katalon.core.cucumber.keyword.CucumberBuiltinKeywords$_runFeatureFile_closure1.doCall(CucumberBuiltinKeywords.groovy)
	at com.kms.katalon.core.keyword.internal.KeywordMain.runKeyword(KeywordMain.groovy:66)
	at com.kms.katalon.core.keyword.internal.KeywordMain$runKeyword.call(Unknown Source)
	at com.kms.katalon.core.cucumber.keyword.CucumberBuiltinKeywords.runFeatureFile(CucumberBuiltinKeywords.groovy:46)
	at com.kms.katalon.core.cucumber.keyword.CucumberBuiltinKeywords$runFeatureFile$0.callStatic(Unknown Source)
	at com.kms.katalon.core.cucumber.keyword.CucumberBuiltinKeywords.runFeatureFile(CucumberBuiltinKeywords.groovy:101)
	at com.kms.katalon.core.cucumber.keyword.CucumberBuiltinKeywords$runFeatureFile.call(Unknown Source)
	at 022-Search-for-Idea-in-idea-center.run(022-Search-for-Idea-in-idea-center:18)
	at com.kms.katalon.core.main.ScriptEngine.run(ScriptEngine.java:194)
	at com.kms.katalon.core.main.ScriptEngine.runScriptAsRawText(ScriptEngine.java:119)
	at com.kms.katalon.core.main.TestCaseExecutor.runScript(TestCaseExecutor.java:331)
	at com.kms.katalon.core.main.TestCaseExecutor.doExecute(TestCaseExecutor.java:322)
	at com.kms.katalon.core.main.TestCaseExecutor.processExecutionPhase(TestCaseExecutor.java:301)
	at com.kms.katalon.core.main.TestCaseExecutor.accessMainPhase(TestCaseExecutor.java:293)
	at com.kms.katalon.core.main.TestCaseExecutor.execute(TestCaseExecutor.java:227)
	at com.kms.katalon.core.main.TestSuiteExecutor.accessTestCaseMainPhase(TestSuiteExecutor.java:129)
	at com.kms.katalon.core.main.TestSuiteExecutor.accessTestSuiteMainPhase(TestSuiteExecutor.java:112)
	at com.kms.katalon.core.main.TestSuiteExecutor.execute(TestSuiteExecutor.java:81)
	at com.kms.katalon.core.main.TestCaseMain.startTestSuite(TestCaseMain.java:157)
	at com.kms.katalon.core.main.TestCaseMain$startTestSuite$0.call(Unknown Source)
	at TempTestSuite1556704417080.run(TempTestSuite1556704417080.groovy:35)]]></system-out>
         <system-err><![CDATA[2019-05-01 13:02:30 - [TEST_CASE][FAILED] - Test Cases/Main-Test-Cases/022-Search-for-Idea-in-idea-center: Test Cases/Main-Test-Cases/022-Search-for-Idea-in-idea-center FAILED.
Reason:
com.kms.katalon.core.exception.StepFailedException: Feature file 'Include/features/Governance-Module/Add-Idea/022-Search-for-Idea-in-idea-center.feature' was failed
	at com.kms.katalon.core.keyword.internal.KeywordMain.stepFailed(KeywordMain.groovy:48)
	at com.kms.katalon.core.keyword.internal.KeywordMain.stepFailed(KeywordMain.groovy)
	at com.kms.katalon.core.keyword.internal.KeywordMain.stepFailed(KeywordMain.groovy:21)
	at com.kms.katalon.core.keyword.internal.KeywordMain$stepFailed$0.call(Unknown Source)
	at com.kms.katalon.core.cucumber.keyword.CucumberBuiltinKeywords$_runFeatureFile_closure1.doCall(CucumberBuiltinKeywords.groovy:82)
	at com.kms.katalon.core.cucumber.keyword.CucumberBuiltinKeywords$_runFeatureFile_closure1.doCall(CucumberBuiltinKeywords.groovy)
	at com.kms.katalon.core.keyword.internal.KeywordMain.runKeyword(KeywordMain.groovy:66)
	at com.kms.katalon.core.keyword.internal.KeywordMain$runKeyword.call(Unknown Source)
	at com.kms.katalon.core.cucumber.keyword.CucumberBuiltinKeywords.runFeatureFile(CucumberBuiltinKeywords.groovy:46)
	at com.kms.katalon.core.cucumber.keyword.CucumberBuiltinKeywords$runFeatureFile$0.callStatic(Unknown Source)
	at com.kms.katalon.core.cucumber.keyword.CucumberBuiltinKeywords.runFeatureFile(CucumberBuiltinKeywords.groovy:101)
	at com.kms.katalon.core.cucumber.keyword.CucumberBuiltinKeywords$runFeatureFile.call(Unknown Source)
	at 022-Search-for-Idea-in-idea-center.run(022-Search-for-Idea-in-idea-center:18)
	at com.kms.katalon.core.main.ScriptEngine.run(ScriptEngine.java:194)
	at com.kms.katalon.core.main.ScriptEngine.runScriptAsRawText(ScriptEngine.java:119)
	at com.kms.katalon.core.main.TestCaseExecutor.runScript(TestCaseExecutor.java:331)
	at com.kms.katalon.core.main.TestCaseExecutor.doExecute(TestCaseExecutor.java:322)
	at com.kms.katalon.core.main.TestCaseExecutor.processExecutionPhase(TestCaseExecutor.java:301)
	at com.kms.katalon.core.main.TestCaseExecutor.accessMainPhase(TestCaseExecutor.java:293)
	at com.kms.katalon.core.main.TestCaseExecutor.execute(TestCaseExecutor.java:227)
	at com.kms.katalon.core.main.TestSuiteExecutor.accessTestCaseMainPhase(TestSuiteExecutor.java:129)
	at com.kms.katalon.core.main.TestSuiteExecutor.accessTestSuiteMainPhase(TestSuiteExecutor.java:112)
	at com.kms.katalon.core.main.TestSuiteExecutor.execute(TestSuiteExecutor.java:81)
	at com.kms.katalon.core.main.TestCaseMain.startTestSuite(TestCaseMain.java:157)
	at com.kms.katalon.core.main.TestCaseMain$startTestSuite$0.call(Unknown Source)
	at TempTestSuite1556704417080.run(TempTestSuite1556704417080.groovy:35)]]></system-err>
      </testcase>
      <testcase name="Test Cases/Main-Test-Cases/023-Verify-Approved-Ideas-List-page" classname="Test Cases/Main-Test-Cases/023-Verify-Approved-Ideas-List-page" status="PASSED">
         <system-out><![CDATA[2019-05-01 13:03:07 - [TEST_CASE][PASSED] - Test Cases/Main-Test-Cases/023-Verify-Approved-Ideas-List-page: Test Cases/Main-Test-Cases/023-Verify-Approved-Ideas-List-page

2019-05-01 13:03:07 - [TEST_STEP][PASSED] - runFeatureFile("Include/features/Governance-Module/Add-Idea/023-Verify-Approved-Ideas-List-page.feature"): Feature file: 'Include/features/Governance-Module/Add-Idea/023-Verify-Approved-Ideas-List-page.feature' was passed

2019-05-01 13:03:07 - [MESSAGE][INFO] - Starting run keyword runFeatureFile: 'Include/features/Governance-Module/Add-Idea/023-Verify-Approved-Ideas-List-page.feature' and extract report to folder: 'C:\Users\HP\git\PMO-Web-Application\Reports\First-Test-Suite\20190501_125337/cucumber_report/1556704987261'...

2019-05-01 13:03:07 - [TEST_CASE][PASSED] - Start Test Case : SCENARIO Search for approved idea by name: SCENARIO Search for approved idea by name

2019-05-01 13:03:07 - [TEST_STEP][PASSED] - I want to open browser: I want to open browser

2019-05-01 13:03:07 - [MESSAGE][WARNING] - A browser is already opened. Closing browser and opening a new one

2019-05-01 13:03:07 - [MESSAGE][INFO] - Starting 'Chrome' driver

2019-05-01 13:03:10 - [MESSAGE][PASSED] - Browser is opened with url: ''

2019-05-01 13:03:10 - [MESSAGE][PASSED] - Delete all cookies successfully

2019-05-01 13:03:10 - [MESSAGE][PASSED] - I want to open browser

2019-05-01 13:03:10 - [TEST_STEP][PASSED] - I want to maximize window: I want to maximize window

2019-05-01 13:03:11 - [MESSAGE][PASSED] - Current window maximized

2019-05-01 13:03:11 - [MESSAGE][PASSED] - I want to maximize window

2019-05-01 13:03:11 - [TEST_STEP][PASSED] - I want to go to OOB: I want to go to OOB

2019-05-01 13:03:20 - [MESSAGE][PASSED] - Navigate to 'https://pmoadmin:P@ssw0rd@dev5.cloudapp.net/OOB2/' successfully

2019-05-01 13:03:20 - [MESSAGE][PASSED] - I want to go to OOB

2019-05-01 13:03:20 - [TEST_STEP][PASSED] - I want to verify I'm in OOB main page: I want to verify I'm in OOB main page

2019-05-01 13:03:20 - [MESSAGE][WARNING] - Timeout '0' is invalid. Using default page load timeout: '30'

2019-05-01 13:03:20 - [MESSAGE][PASSED] - Object 'Object Repository/OOBObjects/HomepageObjects/OOBSideBar' is present

2019-05-01 13:03:20 - [MESSAGE][PASSED] - I want to verify I'm in OOB main page

2019-05-01 13:03:20 - [TEST_STEP][PASSED] - I want to go to approved ideas list page: I want to go to approved ideas list page

2019-05-01 13:03:30 - [MESSAGE][PASSED] - Object: 'Object Repository/OOBObjects/HomepageObjects/ApprovedIdeasList' is clicked on

2019-05-01 13:03:30 - [MESSAGE][PASSED] - I want to go to approved ideas list page

2019-05-01 13:03:30 - [TEST_STEP][PASSED] - I want to verify Approved Ideas List page: I want to verify Approved Ideas List page

2019-05-01 13:03:30 - [MESSAGE][WARNING] - Timeout '0' is invalid. Using default page load timeout: '30'

2019-05-01 13:03:30 - [MESSAGE][PASSED] - Object 'Object Repository/OOBObjects/ApprovedIdeasListObjects/ApprovedIdeasListTitle' is present

2019-05-01 13:03:30 - [MESSAGE][WARNING] - Timeout '0' is invalid. Using default page load timeout: '30'

2019-05-01 13:03:30 - [MESSAGE][PASSED] - Object 'Object Repository/OOBObjects/ApprovedIdeasListObjects/IdeaNameColumnInApprovedIdeasList' is present

2019-05-01 13:03:30 - [MESSAGE][WARNING] - Timeout '0' is invalid. Using default page load timeout: '30'

2019-05-01 13:03:31 - [MESSAGE][PASSED] - Object 'Object Repository/OOBObjects/ApprovedIdeasListObjects/ExpectedBudgetColumnInApprovedIdeasList' is present

2019-05-01 13:03:31 - [MESSAGE][WARNING] - Timeout '0' is invalid. Using default page load timeout: '30'

2019-05-01 13:03:31 - [MESSAGE][PASSED] - Object 'Object Repository/OOBObjects/ApprovedIdeasListObjects/StatusColumnInApprovedIdeasList' is present

2019-05-01 13:03:31 - [MESSAGE][WARNING] - Timeout '0' is invalid. Using default page load timeout: '30'

2019-05-01 13:03:31 - [MESSAGE][PASSED] - Object 'Object Repository/OOBObjects/ApprovedIdeasListObjects/PriorityColumnInApprovedIdeasList' is present

2019-05-01 13:03:31 - [MESSAGE][WARNING] - Timeout '0' is invalid. Using default page load timeout: '30'

2019-05-01 13:03:31 - [MESSAGE][PASSED] - Object 'Object Repository/OOBObjects/ApprovedIdeasListObjects/ActionsColumnInApprovedIdeasList' is present

2019-05-01 13:03:31 - [MESSAGE][WARNING] - Timeout '0' is invalid. Using default page load timeout: '30'

2019-05-01 13:03:31 - [MESSAGE][PASSED] - Object 'Object Repository/OOBObjects/ApprovedIdeasListObjects/SearchSectionInApprovedIdeasList' is present

2019-05-01 13:03:31 - [MESSAGE][WARNING] - Timeout '0' is invalid. Using default page load timeout: '30'

2019-05-01 13:03:31 - [MESSAGE][PASSED] - Object 'Object Repository/OOBObjects/ApprovedIdeasListObjects/ExcuteButton' is present

2019-05-01 13:03:31 - [MESSAGE][PASSED] - Object 'Object Repository/OOBObjects/ApprovedIdeasListObjects/IdeaNameLinkInApprovedIdeasList' is clickable

2019-05-01 13:03:31 - [MESSAGE][PASSED] - I want to verify Approved Ideas List page

2019-05-01 13:03:31 - [TEST_STEP][PASSED] - I want to close browser: I want to close browser

2019-05-01 13:03:31 - [MESSAGE][PASSED] - Browser is closed

2019-05-01 13:03:31 - [MESSAGE][PASSED] - I want to close browser

2019-05-01 13:03:31 - [MESSAGE][PASSED] - Feature file: 'Include/features/Governance-Module/Add-Idea/023-Verify-Approved-Ideas-List-page.feature' was passed]]></system-out>
         <system-err><![CDATA[]]></system-err>
      </testcase>
      <testcase name="Test Cases/Main-Test-Cases/024-Search-for-Approved-Idea" classname="Test Cases/Main-Test-Cases/024-Search-for-Approved-Idea" status="PASSED">
         <system-out><![CDATA[2019-05-01 13:03:31 - [TEST_CASE][PASSED] - Test Cases/Main-Test-Cases/024-Search-for-Approved-Idea: Test Cases/Main-Test-Cases/024-Search-for-Approved-Idea

2019-05-01 13:03:31 - [TEST_STEP][PASSED] - runFeatureFile("Include/features/Governance-Module/Add-Idea/024-Search-for-Approved-Idea.feature"): Feature file: 'Include/features/Governance-Module/Add-Idea/024-Search-for-Approved-Idea.feature' was passed

2019-05-01 13:03:31 - [MESSAGE][INFO] - Starting run keyword runFeatureFile: 'Include/features/Governance-Module/Add-Idea/024-Search-for-Approved-Idea.feature' and extract report to folder: 'C:\Users\HP\git\PMO-Web-Application\Reports\First-Test-Suite\20190501_125337/cucumber_report/1556705011816'...

2019-05-01 13:03:31 - [TEST_CASE][PASSED] - Start Test Case : SCENARIO Search for approved idea by name: SCENARIO Search for approved idea by name

2019-05-01 13:03:31 - [TEST_STEP][PASSED] - I want to open browser: I want to open browser

2019-05-01 13:03:31 - [MESSAGE][INFO] - Starting 'Chrome' driver

2019-05-01 13:03:34 - [MESSAGE][PASSED] - Browser is opened with url: ''

2019-05-01 13:03:34 - [MESSAGE][PASSED] - Delete all cookies successfully

2019-05-01 13:03:34 - [MESSAGE][PASSED] - I want to open browser

2019-05-01 13:03:34 - [TEST_STEP][PASSED] - I want to maximize window: I want to maximize window

2019-05-01 13:03:35 - [MESSAGE][PASSED] - Current window maximized

2019-05-01 13:03:35 - [MESSAGE][PASSED] - I want to maximize window

2019-05-01 13:03:35 - [TEST_STEP][PASSED] - I want to go to OOB: I want to go to OOB

2019-05-01 13:03:43 - [MESSAGE][PASSED] - Navigate to 'https://pmoadmin:P@ssw0rd@dev5.cloudapp.net/OOB2/' successfully

2019-05-01 13:03:43 - [MESSAGE][PASSED] - I want to go to OOB

2019-05-01 13:03:43 - [TEST_STEP][PASSED] - I want to verify I'm in OOB main page: I want to verify I'm in OOB main page

2019-05-01 13:03:43 - [MESSAGE][WARNING] - Timeout '0' is invalid. Using default page load timeout: '30'

2019-05-01 13:03:43 - [MESSAGE][PASSED] - Object 'Object Repository/OOBObjects/HomepageObjects/OOBSideBar' is present

2019-05-01 13:03:43 - [MESSAGE][PASSED] - I want to verify I'm in OOB main page

2019-05-01 13:03:43 - [TEST_STEP][PASSED] - I want to go to ideas list page: I want to go to ideas list page

2019-05-01 13:03:47 - [MESSAGE][PASSED] - Object: 'Object Repository/OOBObjects/HomepageObjects/IdeasList' is clicked on

2019-05-01 13:03:47 - [MESSAGE][PASSED] - I want to go to ideas list page

2019-05-01 13:03:47 - [TEST_STEP][PASSED] - I want to click on Add New button: I want to click on Add New button

2019-05-01 13:03:49 - [MESSAGE][PASSED] - Object: 'Object Repository/OOBObjects/IdeasListObjects/AddNewIdeaButton' is clicked on

2019-05-01 13:03:49 - [MESSAGE][PASSED] - I want to click on Add New button

2019-05-01 13:03:49 - [TEST_STEP][PASSED] - I want to fill idea name field: I want to fill idea name field

2019-05-01 13:03:49 - [MESSAGE][PASSED] - Text 'Automation4908' is set on object 'Object Repository/OOBObjects/IdeasListObjects/Idea-Name-Field'

2019-05-01 13:03:49 - [MESSAGE][PASSED] - I want to fill idea name field

2019-05-01 13:03:49 - [TEST_STEP][PASSED] - I want to select expected start date: I want to select expected start date

2019-05-01 13:03:49 - [MESSAGE][PASSED] - Object: 'Object Repository/OOBObjects/IdeasListObjects//GREGORIAN-Start-date-Check-Box' is clicked on

2019-05-01 13:03:49 - [MESSAGE][PASSED] - Object: 'Object Repository/OOBObjects/IdeasListObjects//Excepted-Start-Date' is clicked on

2019-05-01 13:03:49 - [MESSAGE][PASSED] - All options with index in [5] are selected on object 'Object Repository/OOBObjects/IdeasListObjects/StartDateMonthDropDwon'

2019-05-01 13:03:49 - [MESSAGE][PASSED] - Object: 'Object Repository/OOBObjects/IdeasListObjects//Day26' is hovered

2019-05-01 13:03:49 - [MESSAGE][PASSED] - Object: 'Object Repository/OOBObjects/IdeasListObjects//Day26' is clicked on

2019-05-01 13:03:49 - [MESSAGE][PASSED] - I want to select expected start date

2019-05-01 13:03:49 - [TEST_STEP][PASSED] - I want to select expected end date: I want to select expected end date

2019-05-01 13:03:49 - [MESSAGE][PASSED] - Object 'Object Repository/OOBObjects/IdeasListObjects/GREGORIAN-End-Date-Check-Box' is visible

2019-05-01 13:03:49 - [MESSAGE][PASSED] - Object: 'Object Repository/OOBObjects/IdeasListObjects/GREGORIAN-End-Date-Check-Box' is clicked on

2019-05-01 13:03:51 - [MESSAGE][PASSED] - Delayed 2 second(s)

2019-05-01 13:03:51 - [MESSAGE][PASSED] - Object: 'Object Repository/OOBObjects/IdeasListObjects/Excpected-End-Date' is hovered

2019-05-01 13:03:51 - [MESSAGE][PASSED] - Object: 'Object Repository/OOBObjects/IdeasListObjects/Excpected-End-Date' is clicked on

2019-05-01 13:03:52 - [MESSAGE][PASSED] - All options with index in [6] are selected on object 'Object Repository/OOBObjects/IdeasListObjects/EndDateMonthDropdown'

2019-05-01 13:03:52 - [MESSAGE][PASSED] - Object: 'Object Repository/OOBObjects/IdeasListObjects/EndDateDay15' is hovered

2019-05-01 13:03:52 - [MESSAGE][PASSED] - Object: 'Object Repository/OOBObjects/IdeasListObjects/EndDateDay15' is clicked on

2019-05-01 13:03:52 - [MESSAGE][PASSED] - I want to select expected end date

2019-05-01 13:03:52 - [TEST_STEP][PASSED] - I want to fill idea objective field: I want to fill idea objective field

2019-05-01 13:03:52 - [MESSAGE][PASSED] - Text 'Automation' is set on object 'Object Repository/OOBObjects/IdeasListObjects/Idea-Objective-Field'

2019-05-01 13:03:52 - [MESSAGE][PASSED] - I want to fill idea objective field

2019-05-01 13:03:52 - [TEST_STEP][PASSED] - I want to fill expected budget field: I want to fill expected budget field

2019-05-01 13:03:52 - [MESSAGE][PASSED] - Text '10000' is set on object 'Object Repository/OOBObjects/IdeasListObjects/Expected-Budget-Field'

2019-05-01 13:03:52 - [MESSAGE][PASSED] - I want to fill expected budget field

2019-05-01 13:03:52 - [TEST_STEP][PASSED] - I want to fill Notes field: I want to fill Notes field

2019-05-01 13:03:52 - [MESSAGE][PASSED] - Text 'test note' is set on object 'Object Repository/OOBObjects/IdeasListObjects/Notes-Field'

2019-05-01 13:03:52 - [MESSAGE][PASSED] - I want to fill Notes field

2019-05-01 13:03:52 - [TEST_STEP][PASSED] - I want to click send idea button: I want to click send idea button

2019-05-01 13:03:57 - [MESSAGE][PASSED] - Delayed 5 second(s)

2019-05-01 13:03:57 - [MESSAGE][WARNING] - Timeout '0' is invalid. Using default page load timeout: '30'

2019-05-01 13:03:57 - [MESSAGE][PASSED] - Scroll to object 'Object Repository/OOBObjects/IdeasListObjects/CardBlock' successfully

2019-05-01 13:03:57 - [MESSAGE][PASSED] - Object: 'Object Repository/OOBObjects/IdeasListObjects/SendIdeaButton' is clicked on

2019-05-01 13:03:57 - [MESSAGE][PASSED] - I want to click send idea button

2019-05-01 13:03:57 - [TEST_STEP][PASSED] - I want to verify idea added successfuly: I want to verify idea added successfuly

2019-05-01 13:03:57 - [MESSAGE][WARNING] - Timeout '0' is invalid. Using default page load timeout: '30'

2019-05-01 13:03:57 - [MESSAGE][PASSED] - Wait for page load successfully

2019-05-01 13:03:59 - [MESSAGE][PASSED] - Text 'Automation4908' is set on object 'Object Repository/OOBObjects/IdeasListObjects/SearchField'

2019-05-01 13:04:00 - [MESSAGE][PASSED] - Actual text and expected text of test object 'Object Repository/OOBObjects/IdeasListObjects/SearchResult' are matched.

2019-05-01 13:04:00 - [MESSAGE][PASSED] - I want to verify idea added successfuly

2019-05-01 13:04:00 - [TEST_STEP][PASSED] - I want to approve idea: I want to approve idea

2019-05-01 13:04:07 - [MESSAGE][PASSED] - Object: 'Object Repository/OOBObjects/HomepageObjects/InboxIcon' is clicked on

2019-05-01 13:04:07 - [MESSAGE][PASSED] - Object: 'Object Repository/OOBObjects/InboxPageObjects/BeforeInitiatePhase' is clicked on

2019-05-01 13:04:09 - [MESSAGE][PASSED] - Object: 'Object Repository/OOBObjects/InboxPageObjects/FirstIdea' is clicked on

2019-05-01 13:04:09 - [MESSAGE][PASSED] - Object: 'Object Repository/OOBObjects/InboxPageObjects/ApproveIdeaButton' is clicked on

2019-05-01 13:04:16 - [MESSAGE][PASSED] - Object: 'Object Repository/OOBObjects/InboxPageObjects/BeforeInitiatePhase' is clicked on

2019-05-01 13:04:18 - [MESSAGE][PASSED] - Object: 'Object Repository/OOBObjects/InboxPageObjects/FirstIdea' is clicked on

2019-05-01 13:04:18 - [MESSAGE][WARNING] - Timeout '0' is invalid. Using default page load timeout: '30'

2019-05-01 13:04:18 - [MESSAGE][PASSED] - Scroll to object 'Object Repository/OOBObjects/InboxPageObjects/AddNewAttachmentButtonApproveIdea' successfully

2019-05-01 13:04:18 - [MESSAGE][PASSED] - Object: 'Object Repository/OOBObjects/InboxPageObjects/AddNewAttachmentButtonApproveIdea' is clicked on

2019-05-01 13:04:18 - [MESSAGE][PASSED] - File 'C:\Users\HP\Desktop\SK.png' sent to object: 'Object Repository/OOBObjects/InboxPageObjects/UploadFileApproveIdea'

2019-05-01 13:04:18 - [MESSAGE][WARNING] - Timeout '0' is invalid. Using default page load timeout: '30'

2019-05-01 13:04:19 - [MESSAGE][PASSED] - Object 'Object Repository/OOBObjects/InboxPageObjects/AttachedFileApprovedIdea' is present

2019-05-01 13:04:19 - [MESSAGE][PASSED] - Object: 'Object Repository/OOBObjects/InboxPageObjects/LoadButtonApproveIdea' is clicked on

2019-05-01 13:04:20 - [MESSAGE][PASSED] - Object 'Object Repository/OOBObjects/InboxPageObjects/SendAproveIdeaSecondPhase' is clickable

2019-05-01 13:04:20 - [MESSAGE][PASSED] - Object: 'Object Repository/OOBObjects/InboxPageObjects/SendAproveIdeaSecondPhase' is hovered

2019-05-01 13:04:25 - [MESSAGE][PASSED] - Delayed 5 second(s)

2019-05-01 13:04:25 - [MESSAGE][PASSED] - Object: 'Object Repository/OOBObjects/InboxPageObjects/SendAproveIdeaSecondPhase' is clicked on

2019-05-01 13:04:34 - [MESSAGE][PASSED] - Object: 'Object Repository/OOBObjects/InboxPageObjects/BeforeInitiatePhase' is clicked on

2019-05-01 13:04:35 - [MESSAGE][PASSED] - Object: 'Object Repository/OOBObjects/InboxPageObjects/FirstIdea' is clicked on

2019-05-01 13:04:36 - [MESSAGE][PASSED] - Object: 'Object Repository/OOBObjects/InboxPageObjects/StrategicObjectiveCheckBox' is clicked on

2019-05-01 13:04:36 - [MESSAGE][PASSED] - All options with index in [1] are selected on object 'Object Repository/OOBObjects/InboxPageObjects/ddlInitiativesDropdwon'

2019-05-01 13:04:36 - [MESSAGE][PASSED] - Object: 'Object Repository/OOBObjects/InboxPageObjects/SendApproveIdeaThirdPhase' is clicked on

2019-05-01 13:04:46 - [MESSAGE][PASSED] - Object: 'Object Repository/OOBObjects/InboxPageObjects/BeforeInitiatePhase' is clicked on

2019-05-01 13:04:48 - [MESSAGE][PASSED] - Object: 'Object Repository/OOBObjects/InboxPageObjects/FirstIdea' is clicked on

2019-05-01 13:04:48 - [MESSAGE][PASSED] - All options with index in [1] are selected on object 'Object Repository/OOBObjects/InboxPageObjects/WalletDropdownApproveIdea'

2019-05-01 13:04:48 - [MESSAGE][PASSED] - All options with index in [1] are selected on object 'Object Repository/OOBObjects/InboxPageObjects/ProgramDropdownApproveIdea'

2019-05-01 13:04:48 - [MESSAGE][PASSED] - All options with index in [1] are selected on object 'Object Repository/OOBObjects/InboxPageObjects/OwnerDropdownApproveIdea'

2019-05-01 13:04:48 - [MESSAGE][PASSED] - Object: 'Object Repository/OOBObjects/InboxPageObjects/SendApproveIdeaFourthPhase' is clicked on

2019-05-01 13:04:56 - [MESSAGE][PASSED] - Object: 'Object Repository/OOBObjects/InboxPageObjects/BeforeInitiatePhase' is clicked on

2019-05-01 13:04:57 - [MESSAGE][PASSED] - Object: 'Object Repository/OOBObjects/InboxPageObjects/FirstIdea' is clicked on

2019-05-01 13:04:57 - [MESSAGE][PASSED] - Object: 'Object Repository/OOBObjects/InboxPageObjects/ApproveButtonFivthPhase' is clicked on

2019-05-01 13:05:06 - [MESSAGE][PASSED] - Object: 'Object Repository/OOBObjects/InboxPageObjects/BeforeInitiatePhase' is clicked on

2019-05-01 13:05:07 - [MESSAGE][PASSED] - Object: 'Object Repository/OOBObjects/InboxPageObjects/FirstIdea' is clicked on

2019-05-01 13:05:07 - [MESSAGE][PASSED] - Object: 'Object Repository/OOBObjects/InboxPageObjects/GeorgianCheckBoxApproveIdea' is clicked on

2019-05-01 13:05:08 - [MESSAGE][PASSED] - Object: 'Object Repository/OOBObjects/InboxPageObjects/ExceptedExecutionDateApproveIdea' is clicked on

2019-05-01 13:05:08 - [MESSAGE][PASSED] - All options with index in [3] are selected on object 'Object Repository/OOBObjects/InboxPageObjects/MonthsDropdownApproveIdea'

2019-05-01 13:05:08 - [MESSAGE][PASSED] - Object: 'Object Repository/OOBObjects/InboxPageObjects/Day30ApproveIdeaExcutionDate' is hovered

2019-05-01 13:05:08 - [MESSAGE][PASSED] - Object: 'Object Repository/OOBObjects/InboxPageObjects/Day30ApproveIdeaExcutionDate' is clicked on

2019-05-01 13:05:08 - [MESSAGE][PASSED] - All options with index in [1] are selected on object 'Object Repository/OOBObjects/InboxPageObjects/PriorityDropdownApproveIdea'

2019-05-01 13:05:08 - [MESSAGE][PASSED] - Object: 'Object Repository/OOBObjects/InboxPageObjects/SubmitButtonApproveIdae' is clicked on

2019-05-01 13:05:08 - [MESSAGE][PASSED] - I want to approve idea

2019-05-01 13:05:08 - [TEST_STEP][PASSED] - I want to go to OOB: I want to go to OOB

2019-05-01 13:05:16 - [MESSAGE][PASSED] - Navigate to 'https://pmoadmin:P@ssw0rd@dev5.cloudapp.net/OOB2/' successfully

2019-05-01 13:05:16 - [MESSAGE][PASSED] - I want to go to OOB

2019-05-01 13:05:16 - [TEST_STEP][PASSED] - I want to go to approved ideas list page: I want to go to approved ideas list page

2019-05-01 13:05:22 - [MESSAGE][PASSED] - Object: 'Object Repository/OOBObjects/HomepageObjects/ApprovedIdeasList' is clicked on

2019-05-01 13:05:22 - [MESSAGE][PASSED] - I want to go to approved ideas list page

2019-05-01 13:05:22 - [TEST_STEP][PASSED] - I want to search for approved idea by name: I want to search for approved idea by name

2019-05-01 13:05:22 - [MESSAGE][PASSED] - Text 'Automation4908' is set on object 'Object Repository/OOBObjects/ApprovedIdeasListObjects/ApprovedIdeasSearchField'

2019-05-01 13:05:22 - [MESSAGE][PASSED] - Actual text and expected text of test object 'Object Repository/OOBObjects/ApprovedIdeasListObjects/IdeaNameLinkInApprovedIdeasList' are matched.

2019-05-01 13:05:22 - [MESSAGE][PASSED] - I want to search for approved idea by name

2019-05-01 13:05:22 - [TEST_STEP][PASSED] - I want to close browser: I want to close browser

2019-05-01 13:05:23 - [MESSAGE][PASSED] - Browser is closed

2019-05-01 13:05:23 - [MESSAGE][PASSED] - I want to close browser

2019-05-01 13:05:23 - [MESSAGE][PASSED] - Feature file: 'Include/features/Governance-Module/Add-Idea/024-Search-for-Approved-Idea.feature' was passed]]></system-out>
         <system-err><![CDATA[]]></system-err>
      </testcase>
      <testcase name="Test Cases/Main-Test-Cases/025-Verify-Approved-Idea-Details-Page" classname="Test Cases/Main-Test-Cases/025-Verify-Approved-Idea-Details-Page" status="PASSED">
         <system-out><![CDATA[2019-05-01 13:05:23 - [TEST_CASE][PASSED] - Test Cases/Main-Test-Cases/025-Verify-Approved-Idea-Details-Page: Test Cases/Main-Test-Cases/025-Verify-Approved-Idea-Details-Page

2019-05-01 13:05:23 - [TEST_STEP][PASSED] - runFeatureFile("Include/features/Governance-Module/Add-Idea/025-Verify-Approved-Idea-Details-Page.feature"): Feature file: 'Include/features/Governance-Module/Add-Idea/025-Verify-Approved-Idea-Details-Page.feature' was passed

2019-05-01 13:05:23 - [MESSAGE][INFO] - Starting run keyword runFeatureFile: 'Include/features/Governance-Module/Add-Idea/025-Verify-Approved-Idea-Details-Page.feature' and extract report to folder: 'C:\Users\HP\git\PMO-Web-Application\Reports\First-Test-Suite\20190501_125337/cucumber_report/1556705123572'...

2019-05-01 13:05:23 - [TEST_CASE][PASSED] - Start Test Case : SCENARIO Verify approved idea details page: SCENARIO Verify approved idea details page

2019-05-01 13:05:23 - [TEST_STEP][PASSED] - I want to open browser: I want to open browser

2019-05-01 13:05:23 - [MESSAGE][INFO] - Starting 'Chrome' driver

2019-05-01 13:05:25 - [MESSAGE][PASSED] - Browser is opened with url: ''

2019-05-01 13:05:25 - [MESSAGE][PASSED] - Delete all cookies successfully

2019-05-01 13:05:25 - [MESSAGE][PASSED] - I want to open browser

2019-05-01 13:05:25 - [TEST_STEP][PASSED] - I want to maximize window: I want to maximize window

2019-05-01 13:05:26 - [MESSAGE][PASSED] - Current window maximized

2019-05-01 13:05:26 - [MESSAGE][PASSED] - I want to maximize window

2019-05-01 13:05:26 - [TEST_STEP][PASSED] - I want to go to OOB: I want to go to OOB

2019-05-01 13:05:36 - [MESSAGE][PASSED] - Navigate to 'https://pmoadmin:P@ssw0rd@dev5.cloudapp.net/OOB2/' successfully

2019-05-01 13:05:36 - [MESSAGE][PASSED] - I want to go to OOB

2019-05-01 13:05:36 - [TEST_STEP][PASSED] - I want to verify I'm in OOB main page: I want to verify I'm in OOB main page

2019-05-01 13:05:36 - [MESSAGE][WARNING] - Timeout '0' is invalid. Using default page load timeout: '30'

2019-05-01 13:05:37 - [MESSAGE][PASSED] - Object 'Object Repository/OOBObjects/HomepageObjects/OOBSideBar' is present

2019-05-01 13:05:37 - [MESSAGE][PASSED] - I want to verify I'm in OOB main page

2019-05-01 13:05:37 - [TEST_STEP][PASSED] - I want to go to ideas list page: I want to go to ideas list page

2019-05-01 13:05:41 - [MESSAGE][PASSED] - Object: 'Object Repository/OOBObjects/HomepageObjects/IdeasList' is clicked on

2019-05-01 13:05:41 - [MESSAGE][PASSED] - I want to go to ideas list page

2019-05-01 13:05:41 - [TEST_STEP][PASSED] - I want to click on Add New button: I want to click on Add New button

2019-05-01 13:05:43 - [MESSAGE][PASSED] - Object: 'Object Repository/OOBObjects/IdeasListObjects/AddNewIdeaButton' is clicked on

2019-05-01 13:05:43 - [MESSAGE][PASSED] - I want to click on Add New button

2019-05-01 13:05:43 - [TEST_STEP][PASSED] - I want to fill idea name field: I want to fill idea name field

2019-05-01 13:05:43 - [MESSAGE][PASSED] - Text 'Automation7080' is set on object 'Object Repository/OOBObjects/IdeasListObjects/Idea-Name-Field'

2019-05-01 13:05:43 - [MESSAGE][PASSED] - I want to fill idea name field

2019-05-01 13:05:43 - [TEST_STEP][PASSED] - I want to select expected start date: I want to select expected start date

2019-05-01 13:05:43 - [MESSAGE][PASSED] - Object: 'Object Repository/OOBObjects/IdeasListObjects//GREGORIAN-Start-date-Check-Box' is clicked on

2019-05-01 13:05:43 - [MESSAGE][PASSED] - Object: 'Object Repository/OOBObjects/IdeasListObjects//Excepted-Start-Date' is clicked on

2019-05-01 13:05:43 - [MESSAGE][PASSED] - All options with index in [5] are selected on object 'Object Repository/OOBObjects/IdeasListObjects/StartDateMonthDropDwon'

2019-05-01 13:05:43 - [MESSAGE][PASSED] - Object: 'Object Repository/OOBObjects/IdeasListObjects//Day26' is hovered

2019-05-01 13:05:43 - [MESSAGE][PASSED] - Object: 'Object Repository/OOBObjects/IdeasListObjects//Day26' is clicked on

2019-05-01 13:05:43 - [MESSAGE][PASSED] - I want to select expected start date

2019-05-01 13:05:43 - [TEST_STEP][PASSED] - I want to select expected end date: I want to select expected end date

2019-05-01 13:05:43 - [MESSAGE][PASSED] - Object 'Object Repository/OOBObjects/IdeasListObjects/GREGORIAN-End-Date-Check-Box' is visible

2019-05-01 13:05:43 - [MESSAGE][PASSED] - Object: 'Object Repository/OOBObjects/IdeasListObjects/GREGORIAN-End-Date-Check-Box' is clicked on

2019-05-01 13:05:45 - [MESSAGE][PASSED] - Delayed 2 second(s)

2019-05-01 13:05:45 - [MESSAGE][PASSED] - Object: 'Object Repository/OOBObjects/IdeasListObjects/Excpected-End-Date' is hovered

2019-05-01 13:05:45 - [MESSAGE][PASSED] - Object: 'Object Repository/OOBObjects/IdeasListObjects/Excpected-End-Date' is clicked on

2019-05-01 13:05:45 - [MESSAGE][PASSED] - All options with index in [6] are selected on object 'Object Repository/OOBObjects/IdeasListObjects/EndDateMonthDropdown'

2019-05-01 13:05:46 - [MESSAGE][PASSED] - Object: 'Object Repository/OOBObjects/IdeasListObjects/EndDateDay15' is hovered

2019-05-01 13:05:46 - [MESSAGE][PASSED] - Object: 'Object Repository/OOBObjects/IdeasListObjects/EndDateDay15' is clicked on

2019-05-01 13:05:46 - [MESSAGE][PASSED] - I want to select expected end date

2019-05-01 13:05:46 - [TEST_STEP][PASSED] - I want to fill idea objective field: I want to fill idea objective field

2019-05-01 13:05:46 - [MESSAGE][PASSED] - Text 'Automation' is set on object 'Object Repository/OOBObjects/IdeasListObjects/Idea-Objective-Field'

2019-05-01 13:05:46 - [MESSAGE][PASSED] - I want to fill idea objective field

2019-05-01 13:05:46 - [TEST_STEP][PASSED] - I want to fill expected budget field: I want to fill expected budget field

2019-05-01 13:05:46 - [MESSAGE][PASSED] - Text '10000' is set on object 'Object Repository/OOBObjects/IdeasListObjects/Expected-Budget-Field'

2019-05-01 13:05:46 - [MESSAGE][PASSED] - I want to fill expected budget field

2019-05-01 13:05:46 - [TEST_STEP][PASSED] - I want to fill Notes field: I want to fill Notes field

2019-05-01 13:05:46 - [MESSAGE][PASSED] - Text 'test note' is set on object 'Object Repository/OOBObjects/IdeasListObjects/Notes-Field'

2019-05-01 13:05:46 - [MESSAGE][PASSED] - I want to fill Notes field

2019-05-01 13:05:46 - [TEST_STEP][PASSED] - I want to click send idea button: I want to click send idea button

2019-05-01 13:05:51 - [MESSAGE][PASSED] - Delayed 5 second(s)

2019-05-01 13:05:51 - [MESSAGE][WARNING] - Timeout '0' is invalid. Using default page load timeout: '30'

2019-05-01 13:05:51 - [MESSAGE][PASSED] - Scroll to object 'Object Repository/OOBObjects/IdeasListObjects/CardBlock' successfully

2019-05-01 13:05:51 - [MESSAGE][PASSED] - Object: 'Object Repository/OOBObjects/IdeasListObjects/SendIdeaButton' is clicked on

2019-05-01 13:05:51 - [MESSAGE][PASSED] - I want to click send idea button

2019-05-01 13:05:51 - [TEST_STEP][PASSED] - I want to verify idea added successfuly: I want to verify idea added successfuly

2019-05-01 13:05:51 - [MESSAGE][WARNING] - Timeout '0' is invalid. Using default page load timeout: '30'

2019-05-01 13:05:51 - [MESSAGE][PASSED] - Wait for page load successfully

2019-05-01 13:05:53 - [MESSAGE][PASSED] - Text 'Automation7080' is set on object 'Object Repository/OOBObjects/IdeasListObjects/SearchField'

2019-05-01 13:05:54 - [MESSAGE][PASSED] - Actual text and expected text of test object 'Object Repository/OOBObjects/IdeasListObjects/SearchResult' are matched.

2019-05-01 13:05:54 - [MESSAGE][PASSED] - I want to verify idea added successfuly

2019-05-01 13:05:54 - [TEST_STEP][PASSED] - I want to approve idea: I want to approve idea

2019-05-01 13:06:05 - [MESSAGE][PASSED] - Object: 'Object Repository/OOBObjects/HomepageObjects/InboxIcon' is clicked on

2019-05-01 13:06:05 - [MESSAGE][PASSED] - Object: 'Object Repository/OOBObjects/InboxPageObjects/BeforeInitiatePhase' is clicked on

2019-05-01 13:06:06 - [MESSAGE][PASSED] - Object: 'Object Repository/OOBObjects/InboxPageObjects/FirstIdea' is clicked on

2019-05-01 13:06:06 - [MESSAGE][PASSED] - Object: 'Object Repository/OOBObjects/InboxPageObjects/ApproveIdeaButton' is clicked on

2019-05-01 13:06:14 - [MESSAGE][PASSED] - Object: 'Object Repository/OOBObjects/InboxPageObjects/BeforeInitiatePhase' is clicked on

2019-05-01 13:06:16 - [MESSAGE][PASSED] - Object: 'Object Repository/OOBObjects/InboxPageObjects/FirstIdea' is clicked on

2019-05-01 13:06:16 - [MESSAGE][WARNING] - Timeout '0' is invalid. Using default page load timeout: '30'

2019-05-01 13:06:16 - [MESSAGE][PASSED] - Scroll to object 'Object Repository/OOBObjects/InboxPageObjects/AddNewAttachmentButtonApproveIdea' successfully

2019-05-01 13:06:16 - [MESSAGE][PASSED] - Object: 'Object Repository/OOBObjects/InboxPageObjects/AddNewAttachmentButtonApproveIdea' is clicked on

2019-05-01 13:06:16 - [MESSAGE][PASSED] - File 'C:\Users\HP\Desktop\SK.png' sent to object: 'Object Repository/OOBObjects/InboxPageObjects/UploadFileApproveIdea'

2019-05-01 13:06:16 - [MESSAGE][WARNING] - Timeout '0' is invalid. Using default page load timeout: '30'

2019-05-01 13:06:17 - [MESSAGE][PASSED] - Object 'Object Repository/OOBObjects/InboxPageObjects/AttachedFileApprovedIdea' is present

2019-05-01 13:06:17 - [MESSAGE][PASSED] - Object: 'Object Repository/OOBObjects/InboxPageObjects/LoadButtonApproveIdea' is clicked on

2019-05-01 13:06:17 - [MESSAGE][PASSED] - Object 'Object Repository/OOBObjects/InboxPageObjects/SendAproveIdeaSecondPhase' is clickable

2019-05-01 13:06:17 - [MESSAGE][PASSED] - Object: 'Object Repository/OOBObjects/InboxPageObjects/SendAproveIdeaSecondPhase' is hovered

2019-05-01 13:06:22 - [MESSAGE][PASSED] - Delayed 5 second(s)

2019-05-01 13:06:22 - [MESSAGE][PASSED] - Object: 'Object Repository/OOBObjects/InboxPageObjects/SendAproveIdeaSecondPhase' is clicked on

2019-05-01 13:06:30 - [MESSAGE][PASSED] - Object: 'Object Repository/OOBObjects/InboxPageObjects/BeforeInitiatePhase' is clicked on

2019-05-01 13:06:32 - [MESSAGE][PASSED] - Object: 'Object Repository/OOBObjects/InboxPageObjects/FirstIdea' is clicked on

2019-05-01 13:06:32 - [MESSAGE][PASSED] - Object: 'Object Repository/OOBObjects/InboxPageObjects/StrategicObjectiveCheckBox' is clicked on

2019-05-01 13:06:32 - [MESSAGE][PASSED] - All options with index in [1] are selected on object 'Object Repository/OOBObjects/InboxPageObjects/ddlInitiativesDropdwon'

2019-05-01 13:06:32 - [MESSAGE][PASSED] - Object: 'Object Repository/OOBObjects/InboxPageObjects/SendApproveIdeaThirdPhase' is clicked on

2019-05-01 13:06:41 - [MESSAGE][PASSED] - Object: 'Object Repository/OOBObjects/InboxPageObjects/BeforeInitiatePhase' is clicked on

2019-05-01 13:06:42 - [MESSAGE][PASSED] - Object: 'Object Repository/OOBObjects/InboxPageObjects/FirstIdea' is clicked on

2019-05-01 13:06:43 - [MESSAGE][PASSED] - All options with index in [1] are selected on object 'Object Repository/OOBObjects/InboxPageObjects/WalletDropdownApproveIdea'

2019-05-01 13:06:43 - [MESSAGE][PASSED] - All options with index in [1] are selected on object 'Object Repository/OOBObjects/InboxPageObjects/ProgramDropdownApproveIdea'

2019-05-01 13:06:43 - [MESSAGE][PASSED] - All options with index in [1] are selected on object 'Object Repository/OOBObjects/InboxPageObjects/OwnerDropdownApproveIdea'

2019-05-01 13:06:43 - [MESSAGE][PASSED] - Object: 'Object Repository/OOBObjects/InboxPageObjects/SendApproveIdeaFourthPhase' is clicked on

2019-05-01 13:06:51 - [MESSAGE][PASSED] - Object: 'Object Repository/OOBObjects/InboxPageObjects/BeforeInitiatePhase' is clicked on

2019-05-01 13:06:53 - [MESSAGE][PASSED] - Object: 'Object Repository/OOBObjects/InboxPageObjects/FirstIdea' is clicked on

2019-05-01 13:06:53 - [MESSAGE][PASSED] - Object: 'Object Repository/OOBObjects/InboxPageObjects/ApproveButtonFivthPhase' is clicked on

2019-05-01 13:07:00 - [MESSAGE][PASSED] - Object: 'Object Repository/OOBObjects/InboxPageObjects/BeforeInitiatePhase' is clicked on

2019-05-01 13:07:02 - [MESSAGE][PASSED] - Object: 'Object Repository/OOBObjects/InboxPageObjects/FirstIdea' is clicked on

2019-05-01 13:07:02 - [MESSAGE][PASSED] - Object: 'Object Repository/OOBObjects/InboxPageObjects/GeorgianCheckBoxApproveIdea' is clicked on

2019-05-01 13:07:02 - [MESSAGE][PASSED] - Object: 'Object Repository/OOBObjects/InboxPageObjects/ExceptedExecutionDateApproveIdea' is clicked on

2019-05-01 13:07:02 - [MESSAGE][PASSED] - All options with index in [3] are selected on object 'Object Repository/OOBObjects/InboxPageObjects/MonthsDropdownApproveIdea'

2019-05-01 13:07:02 - [MESSAGE][PASSED] - Object: 'Object Repository/OOBObjects/InboxPageObjects/Day30ApproveIdeaExcutionDate' is hovered

2019-05-01 13:07:02 - [MESSAGE][PASSED] - Object: 'Object Repository/OOBObjects/InboxPageObjects/Day30ApproveIdeaExcutionDate' is clicked on

2019-05-01 13:07:02 - [MESSAGE][PASSED] - All options with index in [1] are selected on object 'Object Repository/OOBObjects/InboxPageObjects/PriorityDropdownApproveIdea'

2019-05-01 13:07:03 - [MESSAGE][PASSED] - Object: 'Object Repository/OOBObjects/InboxPageObjects/SubmitButtonApproveIdae' is clicked on

2019-05-01 13:07:03 - [MESSAGE][PASSED] - I want to approve idea

2019-05-01 13:07:03 - [TEST_STEP][PASSED] - I want to go to OOB: I want to go to OOB

2019-05-01 13:07:10 - [MESSAGE][PASSED] - Navigate to 'https://pmoadmin:P@ssw0rd@dev5.cloudapp.net/OOB2/' successfully

2019-05-01 13:07:10 - [MESSAGE][PASSED] - I want to go to OOB

2019-05-01 13:07:10 - [TEST_STEP][PASSED] - I want to go to approved ideas list page: I want to go to approved ideas list page

2019-05-01 13:07:16 - [MESSAGE][PASSED] - Object: 'Object Repository/OOBObjects/HomepageObjects/ApprovedIdeasList' is clicked on

2019-05-01 13:07:16 - [MESSAGE][PASSED] - I want to go to approved ideas list page

2019-05-01 13:07:16 - [TEST_STEP][PASSED] - I want to search for approved idea by name: I want to search for approved idea by name

2019-05-01 13:07:16 - [MESSAGE][PASSED] - Text 'Automation7080' is set on object 'Object Repository/OOBObjects/ApprovedIdeasListObjects/ApprovedIdeasSearchField'

2019-05-01 13:07:16 - [MESSAGE][PASSED] - Actual text and expected text of test object 'Object Repository/OOBObjects/ApprovedIdeasListObjects/IdeaNameLinkInApprovedIdeasList' are matched.

2019-05-01 13:07:16 - [MESSAGE][PASSED] - I want to search for approved idea by name

2019-05-01 13:07:16 - [TEST_STEP][PASSED] - I want to go to approved idea details page: I want to go to approved idea details page

2019-05-01 13:07:18 - [MESSAGE][PASSED] - Object: 'Object Repository/OOBObjects/ApprovedIdeasListObjects/FirstApprovedIdeaName' is clicked on

2019-05-01 13:07:18 - [MESSAGE][PASSED] - I want to go to approved idea details page

2019-05-01 13:07:18 - [TEST_STEP][PASSED] - I want to verify approved idea details page: I want to verify approved idea details page

2019-05-01 13:07:18 - [MESSAGE][WARNING] - Timeout '0' is invalid. Using default page load timeout: '30'

2019-05-01 13:07:18 - [MESSAGE][PASSED] - Object 'Object Repository/OOBObjects/ApprovedIdeasListObjects/ApprovedIdeaInformation' is present

2019-05-01 13:07:18 - [MESSAGE][PASSED] - I want to verify approved idea details page

2019-05-01 13:07:18 - [TEST_STEP][PASSED] - I want to close browser: I want to close browser

2019-05-01 13:07:19 - [MESSAGE][PASSED] - Browser is closed

2019-05-01 13:07:19 - [MESSAGE][PASSED] - I want to close browser

2019-05-01 13:07:19 - [MESSAGE][PASSED] - Feature file: 'Include/features/Governance-Module/Add-Idea/025-Verify-Approved-Idea-Details-Page.feature' was passed]]></system-out>
         <system-err><![CDATA[]]></system-err>
      </testcase>
      <testcase name="Test Cases/Main-Test-Cases/026-Verify-Execute-Idea-form" classname="Test Cases/Main-Test-Cases/026-Verify-Execute-Idea-form" status="FAILED">
         <failure type="FAILED" message="Test Cases/Main-Test-Cases/026-Verify-Execute-Idea-form FAILED.
Reason:
com.kms.katalon.core.exception.StepFailedException: Feature file 'Include/features/Governance-Module/Add-Idea/026-Verify-Execute-Idea-form.feature' was failed
	at com.kms.katalon.core.keyword.internal.KeywordMain.stepFailed(KeywordMain.groovy:48)
	at com.kms.katalon.core.keyword.internal.KeywordMain.stepFailed(KeywordMain.groovy)
	at com.kms.katalon.core.keyword.internal.KeywordMain.stepFailed(KeywordMain.groovy:21)
	at com.kms.katalon.core.keyword.internal.KeywordMain$stepFailed$0.call(Unknown Source)
	at com.kms.katalon.core.cucumber.keyword.CucumberBuiltinKeywords$_runFeatureFile_closure1.doCall(CucumberBuiltinKeywords.groovy:82)
	at com.kms.katalon.core.cucumber.keyword.CucumberBuiltinKeywords$_runFeatureFile_closure1.doCall(CucumberBuiltinKeywords.groovy)
	at com.kms.katalon.core.keyword.internal.KeywordMain.runKeyword(KeywordMain.groovy:66)
	at com.kms.katalon.core.keyword.internal.KeywordMain$runKeyword.call(Unknown Source)
	at com.kms.katalon.core.cucumber.keyword.CucumberBuiltinKeywords.runFeatureFile(CucumberBuiltinKeywords.groovy:46)
	at com.kms.katalon.core.cucumber.keyword.CucumberBuiltinKeywords$runFeatureFile$0.callStatic(Unknown Source)
	at com.kms.katalon.core.cucumber.keyword.CucumberBuiltinKeywords.runFeatureFile(CucumberBuiltinKeywords.groovy:101)
	at com.kms.katalon.core.cucumber.keyword.CucumberBuiltinKeywords$runFeatureFile.call(Unknown Source)
	at 026-Verify-Execute-Idea-form.run(026-Verify-Execute-Idea-form:18)
	at com.kms.katalon.core.main.ScriptEngine.run(ScriptEngine.java:194)
	at com.kms.katalon.core.main.ScriptEngine.runScriptAsRawText(ScriptEngine.java:119)
	at com.kms.katalon.core.main.TestCaseExecutor.runScript(TestCaseExecutor.java:331)
	at com.kms.katalon.core.main.TestCaseExecutor.doExecute(TestCaseExecutor.java:322)
	at com.kms.katalon.core.main.TestCaseExecutor.processExecutionPhase(TestCaseExecutor.java:301)
	at com.kms.katalon.core.main.TestCaseExecutor.accessMainPhase(TestCaseExecutor.java:293)
	at com.kms.katalon.core.main.TestCaseExecutor.execute(TestCaseExecutor.java:227)
	at com.kms.katalon.core.main.TestSuiteExecutor.accessTestCaseMainPhase(TestSuiteExecutor.java:129)
	at com.kms.katalon.core.main.TestSuiteExecutor.accessTestSuiteMainPhase(TestSuiteExecutor.java:112)
	at com.kms.katalon.core.main.TestSuiteExecutor.execute(TestSuiteExecutor.java:81)
	at com.kms.katalon.core.main.TestCaseMain.startTestSuite(TestCaseMain.java:157)
	at com.kms.katalon.core.main.TestCaseMain$startTestSuite$0.call(Unknown Source)
	at TempTestSuite1556704417080.run(TempTestSuite1556704417080.groovy:35)
"/>
         <system-out><![CDATA[2019-05-01 13:07:19 - [TEST_CASE][FAILED] - Test Cases/Main-Test-Cases/026-Verify-Execute-Idea-form: Test Cases/Main-Test-Cases/026-Verify-Execute-Idea-form FAILED.
Reason:
com.kms.katalon.core.exception.StepFailedException: Feature file 'Include/features/Governance-Module/Add-Idea/026-Verify-Execute-Idea-form.feature' was failed
	at com.kms.katalon.core.keyword.internal.KeywordMain.stepFailed(KeywordMain.groovy:48)
	at com.kms.katalon.core.keyword.internal.KeywordMain.stepFailed(KeywordMain.groovy)
	at com.kms.katalon.core.keyword.internal.KeywordMain.stepFailed(KeywordMain.groovy:21)
	at com.kms.katalon.core.keyword.internal.KeywordMain$stepFailed$0.call(Unknown Source)
	at com.kms.katalon.core.cucumber.keyword.CucumberBuiltinKeywords$_runFeatureFile_closure1.doCall(CucumberBuiltinKeywords.groovy:82)
	at com.kms.katalon.core.cucumber.keyword.CucumberBuiltinKeywords$_runFeatureFile_closure1.doCall(CucumberBuiltinKeywords.groovy)
	at com.kms.katalon.core.keyword.internal.KeywordMain.runKeyword(KeywordMain.groovy:66)
	at com.kms.katalon.core.keyword.internal.KeywordMain$runKeyword.call(Unknown Source)
	at com.kms.katalon.core.cucumber.keyword.CucumberBuiltinKeywords.runFeatureFile(CucumberBuiltinKeywords.groovy:46)
	at com.kms.katalon.core.cucumber.keyword.CucumberBuiltinKeywords$runFeatureFile$0.callStatic(Unknown Source)
	at com.kms.katalon.core.cucumber.keyword.CucumberBuiltinKeywords.runFeatureFile(CucumberBuiltinKeywords.groovy:101)
	at com.kms.katalon.core.cucumber.keyword.CucumberBuiltinKeywords$runFeatureFile.call(Unknown Source)
	at 026-Verify-Execute-Idea-form.run(026-Verify-Execute-Idea-form:18)
	at com.kms.katalon.core.main.ScriptEngine.run(ScriptEngine.java:194)
	at com.kms.katalon.core.main.ScriptEngine.runScriptAsRawText(ScriptEngine.java:119)
	at com.kms.katalon.core.main.TestCaseExecutor.runScript(TestCaseExecutor.java:331)
	at com.kms.katalon.core.main.TestCaseExecutor.doExecute(TestCaseExecutor.java:322)
	at com.kms.katalon.core.main.TestCaseExecutor.processExecutionPhase(TestCaseExecutor.java:301)
	at com.kms.katalon.core.main.TestCaseExecutor.accessMainPhase(TestCaseExecutor.java:293)
	at com.kms.katalon.core.main.TestCaseExecutor.execute(TestCaseExecutor.java:227)
	at com.kms.katalon.core.main.TestSuiteExecutor.accessTestCaseMainPhase(TestSuiteExecutor.java:129)
	at com.kms.katalon.core.main.TestSuiteExecutor.accessTestSuiteMainPhase(TestSuiteExecutor.java:112)
	at com.kms.katalon.core.main.TestSuiteExecutor.execute(TestSuiteExecutor.java:81)
	at com.kms.katalon.core.main.TestCaseMain.startTestSuite(TestCaseMain.java:157)
	at com.kms.katalon.core.main.TestCaseMain$startTestSuite$0.call(Unknown Source)
	at TempTestSuite1556704417080.run(TempTestSuite1556704417080.groovy:35)


2019-05-01 13:07:19 - [TEST_STEP][FAILED] - runFeatureFile("Include/features/Governance-Module/Add-Idea/026-Verify-Execute-Idea-form.feature"): runFeatureFile("Include/features/Governance-Module/Add-Idea/026-Verify-Execute-Idea-form.feature") FAILED.
Reason:
com.kms.katalon.core.exception.StepFailedException: Feature file 'Include/features/Governance-Module/Add-Idea/026-Verify-Execute-Idea-form.feature' was failed
	at com.kms.katalon.core.keyword.internal.KeywordMain.stepFailed(KeywordMain.groovy:48)
	at com.kms.katalon.core.keyword.internal.KeywordMain.stepFailed(KeywordMain.groovy)
	at com.kms.katalon.core.keyword.internal.KeywordMain.stepFailed(KeywordMain.groovy:21)
	at com.kms.katalon.core.keyword.internal.KeywordMain$stepFailed$0.call(Unknown Source)
	at com.kms.katalon.core.cucumber.keyword.CucumberBuiltinKeywords$_runFeatureFile_closure1.doCall(CucumberBuiltinKeywords.groovy:82)
	at com.kms.katalon.core.cucumber.keyword.CucumberBuiltinKeywords$_runFeatureFile_closure1.doCall(CucumberBuiltinKeywords.groovy)
	at com.kms.katalon.core.keyword.internal.KeywordMain.runKeyword(KeywordMain.groovy:66)
	at com.kms.katalon.core.keyword.internal.KeywordMain$runKeyword.call(Unknown Source)
	at com.kms.katalon.core.cucumber.keyword.CucumberBuiltinKeywords.runFeatureFile(CucumberBuiltinKeywords.groovy:46)
	at com.kms.katalon.core.cucumber.keyword.CucumberBuiltinKeywords$runFeatureFile$0.callStatic(Unknown Source)
	at com.kms.katalon.core.cucumber.keyword.CucumberBuiltinKeywords.runFeatureFile(CucumberBuiltinKeywords.groovy:101)
	at com.kms.katalon.core.cucumber.keyword.CucumberBuiltinKeywords$runFeatureFile.call(Unknown Source)
	at 026-Verify-Execute-Idea-form.run(026-Verify-Execute-Idea-form:18)
	at com.kms.katalon.core.main.ScriptEngine.run(ScriptEngine.java:194)
	at com.kms.katalon.core.main.ScriptEngine.runScriptAsRawText(ScriptEngine.java:119)
	at com.kms.katalon.core.main.TestCaseExecutor.runScript(TestCaseExecutor.java:331)
	at com.kms.katalon.core.main.TestCaseExecutor.doExecute(TestCaseExecutor.java:322)
	at com.kms.katalon.core.main.TestCaseExecutor.processExecutionPhase(TestCaseExecutor.java:301)
	at com.kms.katalon.core.main.TestCaseExecutor.accessMainPhase(TestCaseExecutor.java:293)
	at com.kms.katalon.core.main.TestCaseExecutor.execute(TestCaseExecutor.java:227)
	at com.kms.katalon.core.main.TestSuiteExecutor.accessTestCaseMainPhase(TestSuiteExecutor.java:129)
	at com.kms.katalon.core.main.TestSuiteExecutor.accessTestSuiteMainPhase(TestSuiteExecutor.java:112)
	at com.kms.katalon.core.main.TestSuiteExecutor.execute(TestSuiteExecutor.java:81)
	at com.kms.katalon.core.main.TestCaseMain.startTestSuite(TestCaseMain.java:157)
	at com.kms.katalon.core.main.TestCaseMain$startTestSuite$0.call(Unknown Source)
	at TempTestSuite1556704417080.run(TempTestSuite1556704417080.groovy:35)


2019-05-01 13:07:19 - [MESSAGE][INFO] - Starting run keyword runFeatureFile: 'Include/features/Governance-Module/Add-Idea/026-Verify-Execute-Idea-form.feature' and extract report to folder: 'C:\Users\HP\git\PMO-Web-Application\Reports\First-Test-Suite\20190501_125337/cucumber_report/1556705239307'...

2019-05-01 13:07:19 - [TEST_CASE][FAILED] - Start Test Case : SCENARIO Verify execute idea form: SCENARIO Verify execute idea form FAILED.
Reason:
com.kms.katalon.core.exception.StepFailedException: Unable to set text 'Automation2327' of object 'Object Repository/OOBObjects/IdeasListObjects/SearchField'
	at com.kms.katalon.core.webui.keyword.internal.WebUIKeywordMain.stepFailed(WebUIKeywordMain.groovy:64)
	at com.kms.katalon.core.webui.keyword.internal.WebUIKeywordMain.runKeyword(WebUIKeywordMain.groovy:26)
	at com.kms.katalon.core.webui.keyword.builtin.SetTextKeyword.setText(SetTextKeyword.groovy:65)
	at com.kms.katalon.core.webui.keyword.builtin.SetTextKeyword.execute(SetTextKeyword.groovy:37)
	at com.kms.katalon.core.keyword.internal.KeywordExecutor.executeKeywordForPlatform(KeywordExecutor.groovy:56)
	at com.kms.katalon.core.webui.keyword.WebUiBuiltInKeywords.setText(WebUiBuiltInKeywords.groovy:950)
	at com.kms.katalon.core.webui.keyword.WebUiBuiltInKeywords$setText$6.call(Unknown Source)
	at com.pmo.steps.AddIdeaSteps.verifyIdeaAdded(AddIdeaSteps.groovy:344)
	at ✽.I want to verify idea added successfuly(C:/Users/HP/git/PMO-Web-Application/Include/features/Governance-Module/Add-Idea/026-Verify-Execute-Idea-form.feature:20)
Caused by: com.kms.katalon.core.webui.exception.WebElementNotFoundException: Web element with id: 'Object Repository/OOBObjects/IdeasListObjects/SearchField' located by 'By.xpath: //input[@type='search']' not found
	at com.kms.katalon.core.webui.common.WebUiCommonHelper.findWebElement(WebUiCommonHelper.java:1053)
	at com.kms.katalon.core.webui.keyword.internal.WebUIAbstractKeyword.findWebElement(WebUIAbstractKeyword.groovy:27)
	at com.kms.katalon.core.webui.keyword.internal.WebUIAbstractKeyword.findWebElement(WebUIAbstractKeyword.groovy:26)
	at com.kms.katalon.core.webui.keyword.builtin.SetTextKeyword$_setText_closure1.doCall(SetTextKeyword.groovy:51)
	at com.kms.katalon.core.webui.keyword.builtin.SetTextKeyword$_setText_closure1.call(SetTextKeyword.groovy)
	at com.kms.katalon.core.webui.keyword.internal.WebUIKeywordMain.runKeyword(WebUIKeywordMain.groovy:20)
	at com.kms.katalon.core.webui.keyword.builtin.SetTextKeyword.setText(SetTextKeyword.groovy:65)
	at com.kms.katalon.core.webui.keyword.builtin.SetTextKeyword.execute(SetTextKeyword.groovy:37)
	at com.kms.katalon.core.keyword.internal.KeywordExecutor.executeKeywordForPlatform(KeywordExecutor.groovy:56)
	at com.kms.katalon.core.webui.keyword.WebUiBuiltInKeywords.setText(WebUiBuiltInKeywords.groovy:950)
	at com.kms.katalon.core.webui.keyword.WebUiBuiltInKeywords$setText$6.call(Unknown Source)
	at com.pmo.steps.AddIdeaSteps.verifyIdeaAdded(AddIdeaSteps.groovy:344)
	at cucumber.runtime.Utils$1.call(Utils.java:26)
	at cucumber.runtime.Timeout.timeout(Timeout.java:16)
	at cucumber.runtime.Utils.invoke(Utils.java:20)
	at cucumber.runtime.java.JavaStepDefinition.execute(JavaStepDefinition.java:48)
	at cucumber.runtime.PickleStepDefinitionMatch.runStep(PickleStepDefinitionMatch.java:50)
	at cucumber.runner.TestStep.executeStep(TestStep.java:55)
	at cucumber.runner.TestStep.run(TestStep.java:42)
	at cucumber.runner.PickleStepTestStep.run(PickleStepTestStep.java:53)
	at cucumber.runner.TestCase.run(TestCase.java:47)
	at cucumber.runner.Runner.runPickle(Runner.java:44)
	at cucumber.runtime.Runtime.runFeature(Runtime.java:120)
	at cucumber.runtime.Runtime.run(Runtime.java:106)
	at cucumber.api.cli.Main.run(Main.java:35)
	at cucumber.api.cli.Main$run.call(Unknown Source)
	at com.kms.katalon.core.cucumber.keyword.CucumberBuiltinKeywords$_runFeatureFile_closure1.doCall(CucumberBuiltinKeywords.groovy:76)
	at com.kms.katalon.core.cucumber.keyword.CucumberBuiltinKeywords$_runFeatureFile_closure1.doCall(CucumberBuiltinKeywords.groovy)
	at com.kms.katalon.core.keyword.internal.KeywordMain.runKeyword(KeywordMain.groovy:66)
	at com.kms.katalon.core.keyword.internal.KeywordMain$runKeyword.call(Unknown Source)
	at com.kms.katalon.core.cucumber.keyword.CucumberBuiltinKeywords.runFeatureFile(CucumberBuiltinKeywords.groovy:46)
	at com.kms.katalon.core.cucumber.keyword.CucumberBuiltinKeywords$runFeatureFile$0.callStatic(Unknown Source)
	at com.kms.katalon.core.cucumber.keyword.CucumberBuiltinKeywords.runFeatureFile(CucumberBuiltinKeywords.groovy:101)
	at com.kms.katalon.core.cucumber.keyword.CucumberBuiltinKeywords$runFeatureFile.call(Unknown Source)
	at Script1556018380493.run(Script1556018380493.groovy:18)
	at com.kms.katalon.core.main.ScriptEngine.run(ScriptEngine.java:194)
	at com.kms.katalon.core.main.ScriptEngine.runScriptAsRawText(ScriptEngine.java:119)
	at com.kms.katalon.core.main.TestCaseExecutor.runScript(TestCaseExecutor.java:331)
	at com.kms.katalon.core.main.TestCaseExecutor.doExecute(TestCaseExecutor.java:322)
	at com.kms.katalon.core.main.TestCaseExecutor.processExecutionPhase(TestCaseExecutor.java:301)
	at com.kms.katalon.core.main.TestCaseExecutor.accessMainPhase(TestCaseExecutor.java:293)
	at com.kms.katalon.core.main.TestCaseExecutor.execute(TestCaseExecutor.java:227)
	at com.kms.katalon.core.main.TestSuiteExecutor.accessTestCaseMainPhase(TestSuiteExecutor.java:129)
	at com.kms.katalon.core.main.TestSuiteExecutor.accessTestSuiteMainPhase(TestSuiteExecutor.java:112)
	at com.kms.katalon.core.main.TestSuiteExecutor.execute(TestSuiteExecutor.java:81)
	at com.kms.katalon.core.main.TestCaseMain.startTestSuite(TestCaseMain.java:157)
	at com.kms.katalon.core.main.TestCaseMain$startTestSuite$0.call(Unknown Source)
	at TempTestSuite1556704417080.run(TempTestSuite1556704417080.groovy:35)


2019-05-01 13:07:19 - [TEST_STEP][PASSED] - I want to open browser: I want to open browser

2019-05-01 13:07:19 - [MESSAGE][INFO] - Starting 'Chrome' driver

2019-05-01 13:07:21 - [MESSAGE][PASSED] - Browser is opened with url: ''

2019-05-01 13:07:21 - [MESSAGE][PASSED] - Delete all cookies successfully

2019-05-01 13:07:21 - [MESSAGE][PASSED] - I want to open browser

2019-05-01 13:07:21 - [TEST_STEP][PASSED] - I want to maximize window: I want to maximize window

2019-05-01 13:07:22 - [MESSAGE][PASSED] - Current window maximized

2019-05-01 13:07:22 - [MESSAGE][PASSED] - I want to maximize window

2019-05-01 13:07:22 - [TEST_STEP][PASSED] - I want to go to OOB: I want to go to OOB

2019-05-01 13:07:32 - [MESSAGE][PASSED] - Navigate to 'https://pmoadmin:P@ssw0rd@dev5.cloudapp.net/OOB2/' successfully

2019-05-01 13:07:32 - [MESSAGE][PASSED] - I want to go to OOB

2019-05-01 13:07:32 - [TEST_STEP][PASSED] - I want to verify I'm in OOB main page: I want to verify I'm in OOB main page

2019-05-01 13:07:32 - [MESSAGE][WARNING] - Timeout '0' is invalid. Using default page load timeout: '30'

2019-05-01 13:07:32 - [MESSAGE][PASSED] - Object 'Object Repository/OOBObjects/HomepageObjects/OOBSideBar' is present

2019-05-01 13:07:32 - [MESSAGE][PASSED] - I want to verify I'm in OOB main page

2019-05-01 13:07:32 - [TEST_STEP][PASSED] - I want to go to ideas list page: I want to go to ideas list page

2019-05-01 13:07:37 - [MESSAGE][PASSED] - Object: 'Object Repository/OOBObjects/HomepageObjects/IdeasList' is clicked on

2019-05-01 13:07:37 - [MESSAGE][PASSED] - I want to go to ideas list page

2019-05-01 13:07:37 - [TEST_STEP][PASSED] - I want to click on Add New button: I want to click on Add New button

2019-05-01 13:07:39 - [MESSAGE][PASSED] - Object: 'Object Repository/OOBObjects/IdeasListObjects/AddNewIdeaButton' is clicked on

2019-05-01 13:07:39 - [MESSAGE][PASSED] - I want to click on Add New button

2019-05-01 13:07:39 - [TEST_STEP][PASSED] - I want to fill idea name field: I want to fill idea name field

2019-05-01 13:07:39 - [MESSAGE][PASSED] - Text 'Automation2327' is set on object 'Object Repository/OOBObjects/IdeasListObjects/Idea-Name-Field'

2019-05-01 13:07:39 - [MESSAGE][PASSED] - I want to fill idea name field

2019-05-01 13:07:39 - [TEST_STEP][PASSED] - I want to select expected start date: I want to select expected start date

2019-05-01 13:07:39 - [MESSAGE][PASSED] - Object: 'Object Repository/OOBObjects/IdeasListObjects//GREGORIAN-Start-date-Check-Box' is clicked on

2019-05-01 13:07:39 - [MESSAGE][PASSED] - Object: 'Object Repository/OOBObjects/IdeasListObjects//Excepted-Start-Date' is clicked on

2019-05-01 13:07:39 - [MESSAGE][PASSED] - All options with index in [5] are selected on object 'Object Repository/OOBObjects/IdeasListObjects/StartDateMonthDropDwon'

2019-05-01 13:07:39 - [MESSAGE][PASSED] - Object: 'Object Repository/OOBObjects/IdeasListObjects//Day26' is hovered

2019-05-01 13:07:40 - [MESSAGE][PASSED] - Object: 'Object Repository/OOBObjects/IdeasListObjects//Day26' is clicked on

2019-05-01 13:07:40 - [MESSAGE][PASSED] - I want to select expected start date

2019-05-01 13:07:40 - [TEST_STEP][PASSED] - I want to select expected end date: I want to select expected end date

2019-05-01 13:07:40 - [MESSAGE][PASSED] - Object 'Object Repository/OOBObjects/IdeasListObjects/GREGORIAN-End-Date-Check-Box' is visible

2019-05-01 13:07:40 - [MESSAGE][PASSED] - Object: 'Object Repository/OOBObjects/IdeasListObjects/GREGORIAN-End-Date-Check-Box' is clicked on

2019-05-01 13:07:42 - [MESSAGE][PASSED] - Delayed 2 second(s)

2019-05-01 13:07:42 - [MESSAGE][PASSED] - Object: 'Object Repository/OOBObjects/IdeasListObjects/Excpected-End-Date' is hovered

2019-05-01 13:07:42 - [MESSAGE][PASSED] - Object: 'Object Repository/OOBObjects/IdeasListObjects/Excpected-End-Date' is clicked on

2019-05-01 13:07:42 - [MESSAGE][PASSED] - All options with index in [6] are selected on object 'Object Repository/OOBObjects/IdeasListObjects/EndDateMonthDropdown'

2019-05-01 13:07:42 - [MESSAGE][PASSED] - Object: 'Object Repository/OOBObjects/IdeasListObjects/EndDateDay15' is hovered

2019-05-01 13:07:42 - [MESSAGE][PASSED] - Object: 'Object Repository/OOBObjects/IdeasListObjects/EndDateDay15' is clicked on

2019-05-01 13:07:42 - [MESSAGE][PASSED] - I want to select expected end date

2019-05-01 13:07:42 - [TEST_STEP][PASSED] - I want to fill idea objective field: I want to fill idea objective field

2019-05-01 13:07:42 - [MESSAGE][PASSED] - Text 'Automation' is set on object 'Object Repository/OOBObjects/IdeasListObjects/Idea-Objective-Field'

2019-05-01 13:07:42 - [MESSAGE][PASSED] - I want to fill idea objective field

2019-05-01 13:07:42 - [TEST_STEP][PASSED] - I want to fill expected budget field: I want to fill expected budget field

2019-05-01 13:07:42 - [MESSAGE][PASSED] - Text '10000' is set on object 'Object Repository/OOBObjects/IdeasListObjects/Expected-Budget-Field'

2019-05-01 13:07:42 - [MESSAGE][PASSED] - I want to fill expected budget field

2019-05-01 13:07:42 - [TEST_STEP][PASSED] - I want to fill Notes field: I want to fill Notes field

2019-05-01 13:07:42 - [MESSAGE][PASSED] - Text 'test note' is set on object 'Object Repository/OOBObjects/IdeasListObjects/Notes-Field'

2019-05-01 13:07:42 - [MESSAGE][PASSED] - I want to fill Notes field

2019-05-01 13:07:42 - [TEST_STEP][PASSED] - I want to click send idea button: I want to click send idea button

2019-05-01 13:07:47 - [MESSAGE][PASSED] - Delayed 5 second(s)

2019-05-01 13:07:47 - [MESSAGE][WARNING] - Timeout '0' is invalid. Using default page load timeout: '30'

2019-05-01 13:07:47 - [MESSAGE][PASSED] - Scroll to object 'Object Repository/OOBObjects/IdeasListObjects/CardBlock' successfully

2019-05-01 13:07:47 - [MESSAGE][PASSED] - Object: 'Object Repository/OOBObjects/IdeasListObjects/SendIdeaButton' is clicked on

2019-05-01 13:07:47 - [MESSAGE][PASSED] - I want to click send idea button

2019-05-01 13:07:47 - [TEST_STEP][FAILED] - I want to verify idea added successfuly: I want to verify idea added successfuly FAILED.
Reason:
com.kms.katalon.core.exception.StepFailedException: Unable to set text 'Automation2327' of object 'Object Repository/OOBObjects/IdeasListObjects/SearchField'
	at com.kms.katalon.core.webui.keyword.internal.WebUIKeywordMain.stepFailed(WebUIKeywordMain.groovy:64)
	at com.kms.katalon.core.webui.keyword.internal.WebUIKeywordMain.runKeyword(WebUIKeywordMain.groovy:26)
	at com.kms.katalon.core.webui.keyword.builtin.SetTextKeyword.setText(SetTextKeyword.groovy:65)
	at com.kms.katalon.core.webui.keyword.builtin.SetTextKeyword.execute(SetTextKeyword.groovy:37)
	at com.kms.katalon.core.keyword.internal.KeywordExecutor.executeKeywordForPlatform(KeywordExecutor.groovy:56)
	at com.kms.katalon.core.webui.keyword.WebUiBuiltInKeywords.setText(WebUiBuiltInKeywords.groovy:950)
	at com.kms.katalon.core.webui.keyword.WebUiBuiltInKeywords$setText$6.call(Unknown Source)
	at com.pmo.steps.AddIdeaSteps.verifyIdeaAdded(AddIdeaSteps.groovy:344)
	at ✽.I want to verify idea added successfuly(C:/Users/HP/git/PMO-Web-Application/Include/features/Governance-Module/Add-Idea/026-Verify-Execute-Idea-form.feature:20)
Caused by: com.kms.katalon.core.webui.exception.WebElementNotFoundException: Web element with id: 'Object Repository/OOBObjects/IdeasListObjects/SearchField' located by 'By.xpath: //input[@type='search']' not found
	at com.kms.katalon.core.webui.common.WebUiCommonHelper.findWebElement(WebUiCommonHelper.java:1053)
	at com.kms.katalon.core.webui.keyword.internal.WebUIAbstractKeyword.findWebElement(WebUIAbstractKeyword.groovy:27)
	at com.kms.katalon.core.webui.keyword.internal.WebUIAbstractKeyword.findWebElement(WebUIAbstractKeyword.groovy:26)
	at com.kms.katalon.core.webui.keyword.builtin.SetTextKeyword$_setText_closure1.doCall(SetTextKeyword.groovy:51)
	at com.kms.katalon.core.webui.keyword.builtin.SetTextKeyword$_setText_closure1.call(SetTextKeyword.groovy)
	at com.kms.katalon.core.webui.keyword.internal.WebUIKeywordMain.runKeyword(WebUIKeywordMain.groovy:20)
	at com.kms.katalon.core.webui.keyword.builtin.SetTextKeyword.setText(SetTextKeyword.groovy:65)
	at com.kms.katalon.core.webui.keyword.builtin.SetTextKeyword.execute(SetTextKeyword.groovy:37)
	at com.kms.katalon.core.keyword.internal.KeywordExecutor.executeKeywordForPlatform(KeywordExecutor.groovy:56)
	at com.kms.katalon.core.webui.keyword.WebUiBuiltInKeywords.setText(WebUiBuiltInKeywords.groovy:950)
	at com.kms.katalon.core.webui.keyword.WebUiBuiltInKeywords$setText$6.call(Unknown Source)
	at com.pmo.steps.AddIdeaSteps.verifyIdeaAdded(AddIdeaSteps.groovy:344)
	at cucumber.runtime.Utils$1.call(Utils.java:26)
	at cucumber.runtime.Timeout.timeout(Timeout.java:16)
	at cucumber.runtime.Utils.invoke(Utils.java:20)
	at cucumber.runtime.java.JavaStepDefinition.execute(JavaStepDefinition.java:48)
	at cucumber.runtime.PickleStepDefinitionMatch.runStep(PickleStepDefinitionMatch.java:50)
	at cucumber.runner.TestStep.executeStep(TestStep.java:55)
	at cucumber.runner.TestStep.run(TestStep.java:42)
	at cucumber.runner.PickleStepTestStep.run(PickleStepTestStep.java:53)
	at cucumber.runner.TestCase.run(TestCase.java:47)
	at cucumber.runner.Runner.runPickle(Runner.java:44)
	at cucumber.runtime.Runtime.runFeature(Runtime.java:120)
	at cucumber.runtime.Runtime.run(Runtime.java:106)
	at cucumber.api.cli.Main.run(Main.java:35)
	at cucumber.api.cli.Main$run.call(Unknown Source)
	at com.kms.katalon.core.cucumber.keyword.CucumberBuiltinKeywords$_runFeatureFile_closure1.doCall(CucumberBuiltinKeywords.groovy:76)
	at com.kms.katalon.core.cucumber.keyword.CucumberBuiltinKeywords$_runFeatureFile_closure1.doCall(CucumberBuiltinKeywords.groovy)
	at com.kms.katalon.core.keyword.internal.KeywordMain.runKeyword(KeywordMain.groovy:66)
	at com.kms.katalon.core.keyword.internal.KeywordMain$runKeyword.call(Unknown Source)
	at com.kms.katalon.core.cucumber.keyword.CucumberBuiltinKeywords.runFeatureFile(CucumberBuiltinKeywords.groovy:46)
	at com.kms.katalon.core.cucumber.keyword.CucumberBuiltinKeywords$runFeatureFile$0.callStatic(Unknown Source)
	at com.kms.katalon.core.cucumber.keyword.CucumberBuiltinKeywords.runFeatureFile(CucumberBuiltinKeywords.groovy:101)
	at com.kms.katalon.core.cucumber.keyword.CucumberBuiltinKeywords$runFeatureFile.call(Unknown Source)
	at Script1556018380493.run(Script1556018380493.groovy:18)
	at com.kms.katalon.core.main.ScriptEngine.run(ScriptEngine.java:194)
	at com.kms.katalon.core.main.ScriptEngine.runScriptAsRawText(ScriptEngine.java:119)
	at com.kms.katalon.core.main.TestCaseExecutor.runScript(TestCaseExecutor.java:331)
	at com.kms.katalon.core.main.TestCaseExecutor.doExecute(TestCaseExecutor.java:322)
	at com.kms.katalon.core.main.TestCaseExecutor.processExecutionPhase(TestCaseExecutor.java:301)
	at com.kms.katalon.core.main.TestCaseExecutor.accessMainPhase(TestCaseExecutor.java:293)
	at com.kms.katalon.core.main.TestCaseExecutor.execute(TestCaseExecutor.java:227)
	at com.kms.katalon.core.main.TestSuiteExecutor.accessTestCaseMainPhase(TestSuiteExecutor.java:129)
	at com.kms.katalon.core.main.TestSuiteExecutor.accessTestSuiteMainPhase(TestSuiteExecutor.java:112)
	at com.kms.katalon.core.main.TestSuiteExecutor.execute(TestSuiteExecutor.java:81)
	at com.kms.katalon.core.main.TestCaseMain.startTestSuite(TestCaseMain.java:157)
	at com.kms.katalon.core.main.TestCaseMain$startTestSuite$0.call(Unknown Source)
	at TempTestSuite1556704417080.run(TempTestSuite1556704417080.groovy:35)


2019-05-01 13:07:47 - [MESSAGE][WARNING] - Timeout '0' is invalid. Using default page load timeout: '30'

2019-05-01 13:07:47 - [MESSAGE][PASSED] - Wait for page load successfully

2019-05-01 13:08:18 - [MESSAGE][INFO] - Unable to find the element located by 'By.xpath: //input[@type='search']'. Please recheck the objects properties to make sure the desired element is located. 

2019-05-01 13:08:19 - [MESSAGE][FAILED] - Unable to set text 'Automation2327' of object 'Object Repository/OOBObjects/IdeasListObjects/SearchField' (Root cause: com.kms.katalon.core.exception.StepFailedException: Unable to set text 'Automation2327' of object 'Object Repository/OOBObjects/IdeasListObjects/SearchField'
	at com.kms.katalon.core.webui.keyword.internal.WebUIKeywordMain.stepFailed(WebUIKeywordMain.groovy:64)
	at com.kms.katalon.core.webui.keyword.internal.WebUIKeywordMain.runKeyword(WebUIKeywordMain.groovy:26)
	at com.kms.katalon.core.webui.keyword.builtin.SetTextKeyword.setText(SetTextKeyword.groovy:65)
	at com.kms.katalon.core.webui.keyword.builtin.SetTextKeyword.execute(SetTextKeyword.groovy:37)
	at com.kms.katalon.core.keyword.internal.KeywordExecutor.executeKeywordForPlatform(KeywordExecutor.groovy:56)
	at com.kms.katalon.core.webui.keyword.WebUiBuiltInKeywords.setText(WebUiBuiltInKeywords.groovy:950)
	at com.kms.katalon.core.webui.keyword.WebUiBuiltInKeywords$setText$6.call(Unknown Source)
	at com.pmo.steps.AddIdeaSteps.verifyIdeaAdded(AddIdeaSteps.groovy:344)
	at cucumber.runtime.Utils$1.call(Utils.java:26)
	at cucumber.runtime.Timeout.timeout(Timeout.java:16)
	at cucumber.runtime.Utils.invoke(Utils.java:20)
	at cucumber.runtime.java.JavaStepDefinition.execute(JavaStepDefinition.java:48)
	at cucumber.runtime.PickleStepDefinitionMatch.runStep(PickleStepDefinitionMatch.java:50)
	at cucumber.runner.TestStep.executeStep(TestStep.java:55)
	at cucumber.runner.TestStep.run(TestStep.java:42)
	at cucumber.runner.PickleStepTestStep.run(PickleStepTestStep.java:53)
	at cucumber.runner.TestCase.run(TestCase.java:47)
	at cucumber.runner.Runner.runPickle(Runner.java:44)
	at cucumber.runtime.Runtime.runFeature(Runtime.java:120)
	at cucumber.runtime.Runtime.run(Runtime.java:106)
	at cucumber.api.cli.Main.run(Main.java:35)
	at cucumber.api.cli.Main$run.call(Unknown Source)
	at com.kms.katalon.core.cucumber.keyword.CucumberBuiltinKeywords$_runFeatureFile_closure1.doCall(CucumberBuiltinKeywords.groovy:76)
	at com.kms.katalon.core.cucumber.keyword.CucumberBuiltinKeywords$_runFeatureFile_closure1.doCall(CucumberBuiltinKeywords.groovy)
	at com.kms.katalon.core.keyword.internal.KeywordMain.runKeyword(KeywordMain.groovy:66)
	at com.kms.katalon.core.keyword.internal.KeywordMain$runKeyword.call(Unknown Source)
	at com.kms.katalon.core.cucumber.keyword.CucumberBuiltinKeywords.runFeatureFile(CucumberBuiltinKeywords.groovy:46)
	at com.kms.katalon.core.cucumber.keyword.CucumberBuiltinKeywords$runFeatureFile$0.callStatic(Unknown Source)
	at com.kms.katalon.core.cucumber.keyword.CucumberBuiltinKeywords.runFeatureFile(CucumberBuiltinKeywords.groovy:101)
	at com.kms.katalon.core.cucumber.keyword.CucumberBuiltinKeywords$runFeatureFile.call(Unknown Source)
	at 026-Verify-Execute-Idea-form.run(026-Verify-Execute-Idea-form:18)
	at com.kms.katalon.core.main.ScriptEngine.run(ScriptEngine.java:194)
	at com.kms.katalon.core.main.ScriptEngine.runScriptAsRawText(ScriptEngine.java:119)
	at com.kms.katalon.core.main.TestCaseExecutor.runScript(TestCaseExecutor.java:331)
	at com.kms.katalon.core.main.TestCaseExecutor.doExecute(TestCaseExecutor.java:322)
	at com.kms.katalon.core.main.TestCaseExecutor.processExecutionPhase(TestCaseExecutor.java:301)
	at com.kms.katalon.core.main.TestCaseExecutor.accessMainPhase(TestCaseExecutor.java:293)
	at com.kms.katalon.core.main.TestCaseExecutor.execute(TestCaseExecutor.java:227)
	at com.kms.katalon.core.main.TestSuiteExecutor.accessTestCaseMainPhase(TestSuiteExecutor.java:129)
	at com.kms.katalon.core.main.TestSuiteExecutor.accessTestSuiteMainPhase(TestSuiteExecutor.java:112)
	at com.kms.katalon.core.main.TestSuiteExecutor.execute(TestSuiteExecutor.java:81)
	at com.kms.katalon.core.main.TestCaseMain.startTestSuite(TestCaseMain.java:157)
	at com.kms.katalon.core.main.TestCaseMain$startTestSuite$0.call(Unknown Source)
	at TempTestSuite1556704417080.run(TempTestSuite1556704417080.groovy:35)
Caused by: com.kms.katalon.core.webui.exception.WebElementNotFoundException: Web element with id: 'Object Repository/OOBObjects/IdeasListObjects/SearchField' located by 'By.xpath: //input[@type='search']' not found
	at com.kms.katalon.core.webui.common.WebUiCommonHelper.findWebElement(WebUiCommonHelper.java:1053)
	at com.kms.katalon.core.webui.keyword.internal.WebUIAbstractKeyword.findWebElement(WebUIAbstractKeyword.groovy:27)
	at com.kms.katalon.core.webui.keyword.internal.WebUIAbstractKeyword.findWebElement(WebUIAbstractKeyword.groovy:26)
	at com.kms.katalon.core.webui.keyword.builtin.SetTextKeyword$_setText_closure1.doCall(SetTextKeyword.groovy:51)
	at com.kms.katalon.core.webui.keyword.builtin.SetTextKeyword$_setText_closure1.call(SetTextKeyword.groovy)
	at com.kms.katalon.core.webui.keyword.internal.WebUIKeywordMain.runKeyword(WebUIKeywordMain.groovy:20)
	at com.kms.katalon.core.webui.keyword.builtin.SetTextKeyword.setText(SetTextKeyword.groovy:65)
	at com.kms.katalon.core.webui.keyword.builtin.SetTextKeyword.execute(SetTextKeyword.groovy:37)
	at com.kms.katalon.core.keyword.internal.KeywordExecutor.executeKeywordForPlatform(KeywordExecutor.groovy:56)
	at com.kms.katalon.core.webui.keyword.WebUiBuiltInKeywords.setText(WebUiBuiltInKeywords.groovy:950)
	at com.kms.katalon.core.webui.keyword.WebUiBuiltInKeywords$setText$6.call(Unknown Source)
	at com.pmo.steps.AddIdeaSteps.verifyIdeaAdded(AddIdeaSteps.groovy:344)
	at cucumber.runtime.Utils$1.call(Utils.java:26)
	at cucumber.runtime.Timeout.timeout(Timeout.java:16)
	at cucumber.runtime.Utils.invoke(Utils.java:20)
	at cucumber.runtime.java.JavaStepDefinition.execute(JavaStepDefinition.java:48)
	at cucumber.runtime.PickleStepDefinitionMatch.runStep(PickleStepDefinitionMatch.java:50)
	at cucumber.runner.TestStep.executeStep(TestStep.java:55)
	at cucumber.runner.TestStep.run(TestStep.java:42)
	at cucumber.runner.PickleStepTestStep.run(PickleStepTestStep.java:53)
	at cucumber.runner.TestCase.run(TestCase.java:47)
	at cucumber.runner.Runner.runPickle(Runner.java:44)
	at cucumber.runtime.Runtime.runFeature(Runtime.java:120)
	at cucumber.runtime.Runtime.run(Runtime.java:106)
	at cucumber.api.cli.Main.run(Main.java:35)
	at cucumber.api.cli.Main$run.call(Unknown Source)
	at com.kms.katalon.core.cucumber.keyword.CucumberBuiltinKeywords$_runFeatureFile_closure1.doCall(CucumberBuiltinKeywords.groovy:76)
	at com.kms.katalon.core.cucumber.keyword.CucumberBuiltinKeywords$_runFeatureFile_closure1.doCall(CucumberBuiltinKeywords.groovy)
	at com.kms.katalon.core.keyword.internal.KeywordMain.runKeyword(KeywordMain.groovy:66)
	at com.kms.katalon.core.keyword.internal.KeywordMain$runKeyword.call(Unknown Source)
	at com.kms.katalon.core.cucumber.keyword.CucumberBuiltinKeywords.runFeatureFile(CucumberBuiltinKeywords.groovy:46)
	at com.kms.katalon.core.cucumber.keyword.CucumberBuiltinKeywords$runFeatureFile$0.callStatic(Unknown Source)
	at com.kms.katalon.core.cucumber.keyword.CucumberBuiltinKeywords.runFeatureFile(CucumberBuiltinKeywords.groovy:101)
	at com.kms.katalon.core.cucumber.keyword.CucumberBuiltinKeywords$runFeatureFile.call(Unknown Source)
	at Script1556018380493.run(Script1556018380493.groovy:18)
	... 13 more
)
[[ATTACHMENT|C:\\Users\\HP\\git\\PMO-Web-Application\\Reports\\First-Test-Suite\\20190501_125337\\1556705298967.png]]

2019-05-01 13:08:19 - [MESSAGE][FAILED] - I want to verify idea added successfuly FAILED.
Reason:
com.kms.katalon.core.exception.StepFailedException: Unable to set text 'Automation2327' of object 'Object Repository/OOBObjects/IdeasListObjects/SearchField'
	at com.kms.katalon.core.webui.keyword.internal.WebUIKeywordMain.stepFailed(WebUIKeywordMain.groovy:64)
	at com.kms.katalon.core.webui.keyword.internal.WebUIKeywordMain.runKeyword(WebUIKeywordMain.groovy:26)
	at com.kms.katalon.core.webui.keyword.builtin.SetTextKeyword.setText(SetTextKeyword.groovy:65)
	at com.kms.katalon.core.webui.keyword.builtin.SetTextKeyword.execute(SetTextKeyword.groovy:37)
	at com.kms.katalon.core.keyword.internal.KeywordExecutor.executeKeywordForPlatform(KeywordExecutor.groovy:56)
	at com.kms.katalon.core.webui.keyword.WebUiBuiltInKeywords.setText(WebUiBuiltInKeywords.groovy:950)
	at com.kms.katalon.core.webui.keyword.WebUiBuiltInKeywords$setText$6.call(Unknown Source)
	at com.pmo.steps.AddIdeaSteps.verifyIdeaAdded(AddIdeaSteps.groovy:344)
	at ✽.I want to verify idea added successfuly(C:/Users/HP/git/PMO-Web-Application/Include/features/Governance-Module/Add-Idea/026-Verify-Execute-Idea-form.feature:20)
Caused by: com.kms.katalon.core.webui.exception.WebElementNotFoundException: Web element with id: 'Object Repository/OOBObjects/IdeasListObjects/SearchField' located by 'By.xpath: //input[@type='search']' not found
	at com.kms.katalon.core.webui.common.WebUiCommonHelper.findWebElement(WebUiCommonHelper.java:1053)
	at com.kms.katalon.core.webui.keyword.internal.WebUIAbstractKeyword.findWebElement(WebUIAbstractKeyword.groovy:27)
	at com.kms.katalon.core.webui.keyword.internal.WebUIAbstractKeyword.findWebElement(WebUIAbstractKeyword.groovy:26)
	at com.kms.katalon.core.webui.keyword.builtin.SetTextKeyword$_setText_closure1.doCall(SetTextKeyword.groovy:51)
	at com.kms.katalon.core.webui.keyword.builtin.SetTextKeyword$_setText_closure1.call(SetTextKeyword.groovy)
	at com.kms.katalon.core.webui.keyword.internal.WebUIKeywordMain.runKeyword(WebUIKeywordMain.groovy:20)
	at com.kms.katalon.core.webui.keyword.builtin.SetTextKeyword.setText(SetTextKeyword.groovy:65)
	at com.kms.katalon.core.webui.keyword.builtin.SetTextKeyword.execute(SetTextKeyword.groovy:37)
	at com.kms.katalon.core.keyword.internal.KeywordExecutor.executeKeywordForPlatform(KeywordExecutor.groovy:56)
	at com.kms.katalon.core.webui.keyword.WebUiBuiltInKeywords.setText(WebUiBuiltInKeywords.groovy:950)
	at com.kms.katalon.core.webui.keyword.WebUiBuiltInKeywords$setText$6.call(Unknown Source)
	at com.pmo.steps.AddIdeaSteps.verifyIdeaAdded(AddIdeaSteps.groovy:344)
	at cucumber.runtime.Utils$1.call(Utils.java:26)
	at cucumber.runtime.Timeout.timeout(Timeout.java:16)
	at cucumber.runtime.Utils.invoke(Utils.java:20)
	at cucumber.runtime.java.JavaStepDefinition.execute(JavaStepDefinition.java:48)
	at cucumber.runtime.PickleStepDefinitionMatch.runStep(PickleStepDefinitionMatch.java:50)
	at cucumber.runner.TestStep.executeStep(TestStep.java:55)
	at cucumber.runner.TestStep.run(TestStep.java:42)
	at cucumber.runner.PickleStepTestStep.run(PickleStepTestStep.java:53)
	at cucumber.runner.TestCase.run(TestCase.java:47)
	at cucumber.runner.Runner.runPickle(Runner.java:44)
	at cucumber.runtime.Runtime.runFeature(Runtime.java:120)
	at cucumber.runtime.Runtime.run(Runtime.java:106)
	at cucumber.api.cli.Main.run(Main.java:35)
	at cucumber.api.cli.Main$run.call(Unknown Source)
	at com.kms.katalon.core.cucumber.keyword.CucumberBuiltinKeywords$_runFeatureFile_closure1.doCall(CucumberBuiltinKeywords.groovy:76)
	at com.kms.katalon.core.cucumber.keyword.CucumberBuiltinKeywords$_runFeatureFile_closure1.doCall(CucumberBuiltinKeywords.groovy)
	at com.kms.katalon.core.keyword.internal.KeywordMain.runKeyword(KeywordMain.groovy:66)
	at com.kms.katalon.core.keyword.internal.KeywordMain$runKeyword.call(Unknown Source)
	at com.kms.katalon.core.cucumber.keyword.CucumberBuiltinKeywords.runFeatureFile(CucumberBuiltinKeywords.groovy:46)
	at com.kms.katalon.core.cucumber.keyword.CucumberBuiltinKeywords$runFeatureFile$0.callStatic(Unknown Source)
	at com.kms.katalon.core.cucumber.keyword.CucumberBuiltinKeywords.runFeatureFile(CucumberBuiltinKeywords.groovy:101)
	at com.kms.katalon.core.cucumber.keyword.CucumberBuiltinKeywords$runFeatureFile.call(Unknown Source)
	at Script1556018380493.run(Script1556018380493.groovy:18)
	at com.kms.katalon.core.main.ScriptEngine.run(ScriptEngine.java:194)
	at com.kms.katalon.core.main.ScriptEngine.runScriptAsRawText(ScriptEngine.java:119)
	at com.kms.katalon.core.main.TestCaseExecutor.runScript(TestCaseExecutor.java:331)
	at com.kms.katalon.core.main.TestCaseExecutor.doExecute(TestCaseExecutor.java:322)
	at com.kms.katalon.core.main.TestCaseExecutor.processExecutionPhase(TestCaseExecutor.java:301)
	at com.kms.katalon.core.main.TestCaseExecutor.accessMainPhase(TestCaseExecutor.java:293)
	at com.kms.katalon.core.main.TestCaseExecutor.execute(TestCaseExecutor.java:227)
	at com.kms.katalon.core.main.TestSuiteExecutor.accessTestCaseMainPhase(TestSuiteExecutor.java:129)
	at com.kms.katalon.core.main.TestSuiteExecutor.accessTestSuiteMainPhase(TestSuiteExecutor.java:112)
	at com.kms.katalon.core.main.TestSuiteExecutor.execute(TestSuiteExecutor.java:81)
	at com.kms.katalon.core.main.TestCaseMain.startTestSuite(TestCaseMain.java:157)
	at com.kms.katalon.core.main.TestCaseMain$startTestSuite$0.call(Unknown Source)
	at TempTestSuite1556704417080.run(TempTestSuite1556704417080.groovy:35)


2019-05-01 13:08:19 - [TEST_STEP][NOT_RUN] - I want to approve idea: I want to approve idea

2019-05-01 13:08:19 - [MESSAGE][NOT_RUN] - I want to approve idea

2019-05-01 13:08:19 - [TEST_STEP][NOT_RUN] - I want to go to OOB: I want to go to OOB

2019-05-01 13:08:19 - [MESSAGE][NOT_RUN] - I want to go to OOB

2019-05-01 13:08:19 - [TEST_STEP][NOT_RUN] - I want to go to approved ideas list page: I want to go to approved ideas list page

2019-05-01 13:08:19 - [MESSAGE][NOT_RUN] - I want to go to approved ideas list page

2019-05-01 13:08:19 - [TEST_STEP][NOT_RUN] - I want to search for approved idea by name: I want to search for approved idea by name

2019-05-01 13:08:19 - [MESSAGE][NOT_RUN] - I want to search for approved idea by name

2019-05-01 13:08:19 - [TEST_STEP][NOT_RUN] - I want to click Excute button: I want to click Excute button

2019-05-01 13:08:19 - [MESSAGE][NOT_RUN] - I want to click Excute button

2019-05-01 13:08:19 - [TEST_STEP][NOT_RUN] - I want to verify im in add new project page: I want to verify im in add new project page

2019-05-01 13:08:19 - [MESSAGE][NOT_RUN] - I want to verify im in add new project page

2019-05-01 13:08:19 - [TEST_STEP][NOT_RUN] - I want to check already filled fields: I want to check already filled fields

2019-05-01 13:08:19 - [MESSAGE][NOT_RUN] - I want to check already filled fields

2019-05-01 13:08:19 - [TEST_STEP][NOT_RUN] - I want to close browser: I want to close browser

2019-05-01 13:08:19 - [MESSAGE][NOT_RUN] - I want to close browser

2019-05-01 13:08:19 - [MESSAGE][FAILED] - Feature file 'Include/features/Governance-Module/Add-Idea/026-Verify-Execute-Idea-form.feature' was failed

2019-05-01 13:08:19 - [MESSAGE][FAILED] - Keyword runFeatureFile was failed (Root cause: com.kms.katalon.core.exception.StepFailedException: Feature file 'Include/features/Governance-Module/Add-Idea/026-Verify-Execute-Idea-form.feature' was failed
	at com.kms.katalon.core.keyword.internal.KeywordMain.stepFailed(KeywordMain.groovy:48)
	at com.kms.katalon.core.keyword.internal.KeywordMain.stepFailed(KeywordMain.groovy)
	at com.kms.katalon.core.keyword.internal.KeywordMain.stepFailed(KeywordMain.groovy:21)
	at com.kms.katalon.core.keyword.internal.KeywordMain$stepFailed$0.call(Unknown Source)
	at com.kms.katalon.core.cucumber.keyword.CucumberBuiltinKeywords$_runFeatureFile_closure1.doCall(CucumberBuiltinKeywords.groovy:82)
	at com.kms.katalon.core.cucumber.keyword.CucumberBuiltinKeywords$_runFeatureFile_closure1.doCall(CucumberBuiltinKeywords.groovy)
	at com.kms.katalon.core.keyword.internal.KeywordMain.runKeyword(KeywordMain.groovy:66)
	at com.kms.katalon.core.keyword.internal.KeywordMain$runKeyword.call(Unknown Source)
	at com.kms.katalon.core.cucumber.keyword.CucumberBuiltinKeywords.runFeatureFile(CucumberBuiltinKeywords.groovy:46)
	at com.kms.katalon.core.cucumber.keyword.CucumberBuiltinKeywords$runFeatureFile$0.callStatic(Unknown Source)
	at com.kms.katalon.core.cucumber.keyword.CucumberBuiltinKeywords.runFeatureFile(CucumberBuiltinKeywords.groovy:101)
	at com.kms.katalon.core.cucumber.keyword.CucumberBuiltinKeywords$runFeatureFile.call(Unknown Source)
	at 026-Verify-Execute-Idea-form.run(026-Verify-Execute-Idea-form:18)
	at com.kms.katalon.core.main.ScriptEngine.run(ScriptEngine.java:194)
	at com.kms.katalon.core.main.ScriptEngine.runScriptAsRawText(ScriptEngine.java:119)
	at com.kms.katalon.core.main.TestCaseExecutor.runScript(TestCaseExecutor.java:331)
	at com.kms.katalon.core.main.TestCaseExecutor.doExecute(TestCaseExecutor.java:322)
	at com.kms.katalon.core.main.TestCaseExecutor.processExecutionPhase(TestCaseExecutor.java:301)
	at com.kms.katalon.core.main.TestCaseExecutor.accessMainPhase(TestCaseExecutor.java:293)
	at com.kms.katalon.core.main.TestCaseExecutor.execute(TestCaseExecutor.java:227)
	at com.kms.katalon.core.main.TestSuiteExecutor.accessTestCaseMainPhase(TestSuiteExecutor.java:129)
	at com.kms.katalon.core.main.TestSuiteExecutor.accessTestSuiteMainPhase(TestSuiteExecutor.java:112)
	at com.kms.katalon.core.main.TestSuiteExecutor.execute(TestSuiteExecutor.java:81)
	at com.kms.katalon.core.main.TestCaseMain.startTestSuite(TestCaseMain.java:157)
	at com.kms.katalon.core.main.TestCaseMain$startTestSuite$0.call(Unknown Source)
	at TempTestSuite1556704417080.run(TempTestSuite1556704417080.groovy:35)
)

2019-05-01 13:08:19 - [MESSAGE][FAILED] - runFeatureFile("Include/features/Governance-Module/Add-Idea/026-Verify-Execute-Idea-form.feature") FAILED.
Reason:
com.kms.katalon.core.exception.StepFailedException: Feature file 'Include/features/Governance-Module/Add-Idea/026-Verify-Execute-Idea-form.feature' was failed
	at com.kms.katalon.core.keyword.internal.KeywordMain.stepFailed(KeywordMain.groovy:48)
	at com.kms.katalon.core.keyword.internal.KeywordMain.stepFailed(KeywordMain.groovy)
	at com.kms.katalon.core.keyword.internal.KeywordMain.stepFailed(KeywordMain.groovy:21)
	at com.kms.katalon.core.keyword.internal.KeywordMain$stepFailed$0.call(Unknown Source)
	at com.kms.katalon.core.cucumber.keyword.CucumberBuiltinKeywords$_runFeatureFile_closure1.doCall(CucumberBuiltinKeywords.groovy:82)
	at com.kms.katalon.core.cucumber.keyword.CucumberBuiltinKeywords$_runFeatureFile_closure1.doCall(CucumberBuiltinKeywords.groovy)
	at com.kms.katalon.core.keyword.internal.KeywordMain.runKeyword(KeywordMain.groovy:66)
	at com.kms.katalon.core.keyword.internal.KeywordMain$runKeyword.call(Unknown Source)
	at com.kms.katalon.core.cucumber.keyword.CucumberBuiltinKeywords.runFeatureFile(CucumberBuiltinKeywords.groovy:46)
	at com.kms.katalon.core.cucumber.keyword.CucumberBuiltinKeywords$runFeatureFile$0.callStatic(Unknown Source)
	at com.kms.katalon.core.cucumber.keyword.CucumberBuiltinKeywords.runFeatureFile(CucumberBuiltinKeywords.groovy:101)
	at com.kms.katalon.core.cucumber.keyword.CucumberBuiltinKeywords$runFeatureFile.call(Unknown Source)
	at 026-Verify-Execute-Idea-form.run(026-Verify-Execute-Idea-form:18)
	at com.kms.katalon.core.main.ScriptEngine.run(ScriptEngine.java:194)
	at com.kms.katalon.core.main.ScriptEngine.runScriptAsRawText(ScriptEngine.java:119)
	at com.kms.katalon.core.main.TestCaseExecutor.runScript(TestCaseExecutor.java:331)
	at com.kms.katalon.core.main.TestCaseExecutor.doExecute(TestCaseExecutor.java:322)
	at com.kms.katalon.core.main.TestCaseExecutor.processExecutionPhase(TestCaseExecutor.java:301)
	at com.kms.katalon.core.main.TestCaseExecutor.accessMainPhase(TestCaseExecutor.java:293)
	at com.kms.katalon.core.main.TestCaseExecutor.execute(TestCaseExecutor.java:227)
	at com.kms.katalon.core.main.TestSuiteExecutor.accessTestCaseMainPhase(TestSuiteExecutor.java:129)
	at com.kms.katalon.core.main.TestSuiteExecutor.accessTestSuiteMainPhase(TestSuiteExecutor.java:112)
	at com.kms.katalon.core.main.TestSuiteExecutor.execute(TestSuiteExecutor.java:81)
	at com.kms.katalon.core.main.TestCaseMain.startTestSuite(TestCaseMain.java:157)
	at com.kms.katalon.core.main.TestCaseMain$startTestSuite$0.call(Unknown Source)
	at TempTestSuite1556704417080.run(TempTestSuite1556704417080.groovy:35)]]></system-out>
         <system-err><![CDATA[2019-05-01 13:07:19 - [TEST_CASE][FAILED] - Test Cases/Main-Test-Cases/026-Verify-Execute-Idea-form: Test Cases/Main-Test-Cases/026-Verify-Execute-Idea-form FAILED.
Reason:
com.kms.katalon.core.exception.StepFailedException: Feature file 'Include/features/Governance-Module/Add-Idea/026-Verify-Execute-Idea-form.feature' was failed
	at com.kms.katalon.core.keyword.internal.KeywordMain.stepFailed(KeywordMain.groovy:48)
	at com.kms.katalon.core.keyword.internal.KeywordMain.stepFailed(KeywordMain.groovy)
	at com.kms.katalon.core.keyword.internal.KeywordMain.stepFailed(KeywordMain.groovy:21)
	at com.kms.katalon.core.keyword.internal.KeywordMain$stepFailed$0.call(Unknown Source)
	at com.kms.katalon.core.cucumber.keyword.CucumberBuiltinKeywords$_runFeatureFile_closure1.doCall(CucumberBuiltinKeywords.groovy:82)
	at com.kms.katalon.core.cucumber.keyword.CucumberBuiltinKeywords$_runFeatureFile_closure1.doCall(CucumberBuiltinKeywords.groovy)
	at com.kms.katalon.core.keyword.internal.KeywordMain.runKeyword(KeywordMain.groovy:66)
	at com.kms.katalon.core.keyword.internal.KeywordMain$runKeyword.call(Unknown Source)
	at com.kms.katalon.core.cucumber.keyword.CucumberBuiltinKeywords.runFeatureFile(CucumberBuiltinKeywords.groovy:46)
	at com.kms.katalon.core.cucumber.keyword.CucumberBuiltinKeywords$runFeatureFile$0.callStatic(Unknown Source)
	at com.kms.katalon.core.cucumber.keyword.CucumberBuiltinKeywords.runFeatureFile(CucumberBuiltinKeywords.groovy:101)
	at com.kms.katalon.core.cucumber.keyword.CucumberBuiltinKeywords$runFeatureFile.call(Unknown Source)
	at 026-Verify-Execute-Idea-form.run(026-Verify-Execute-Idea-form:18)
	at com.kms.katalon.core.main.ScriptEngine.run(ScriptEngine.java:194)
	at com.kms.katalon.core.main.ScriptEngine.runScriptAsRawText(ScriptEngine.java:119)
	at com.kms.katalon.core.main.TestCaseExecutor.runScript(TestCaseExecutor.java:331)
	at com.kms.katalon.core.main.TestCaseExecutor.doExecute(TestCaseExecutor.java:322)
	at com.kms.katalon.core.main.TestCaseExecutor.processExecutionPhase(TestCaseExecutor.java:301)
	at com.kms.katalon.core.main.TestCaseExecutor.accessMainPhase(TestCaseExecutor.java:293)
	at com.kms.katalon.core.main.TestCaseExecutor.execute(TestCaseExecutor.java:227)
	at com.kms.katalon.core.main.TestSuiteExecutor.accessTestCaseMainPhase(TestSuiteExecutor.java:129)
	at com.kms.katalon.core.main.TestSuiteExecutor.accessTestSuiteMainPhase(TestSuiteExecutor.java:112)
	at com.kms.katalon.core.main.TestSuiteExecutor.execute(TestSuiteExecutor.java:81)
	at com.kms.katalon.core.main.TestCaseMain.startTestSuite(TestCaseMain.java:157)
	at com.kms.katalon.core.main.TestCaseMain$startTestSuite$0.call(Unknown Source)
	at TempTestSuite1556704417080.run(TempTestSuite1556704417080.groovy:35)]]></system-err>
      </testcase>
      <testcase name="Test Cases/Main-Test-Cases/026-Verify-Execute-Idea-form" classname="Test Cases/Main-Test-Cases/026-Verify-Execute-Idea-form" status="FAILED">
         <failure type="FAILED" message="Test Cases/Main-Test-Cases/026-Verify-Execute-Idea-form FAILED.
Reason:
com.kms.katalon.core.exception.StepFailedException: Feature file 'Include/features/Governance-Module/Add-Idea/026-Verify-Execute-Idea-form.feature' was failed
	at com.kms.katalon.core.keyword.internal.KeywordMain.stepFailed(KeywordMain.groovy:48)
	at com.kms.katalon.core.keyword.internal.KeywordMain.stepFailed(KeywordMain.groovy)
	at com.kms.katalon.core.keyword.internal.KeywordMain.stepFailed(KeywordMain.groovy:21)
	at com.kms.katalon.core.keyword.internal.KeywordMain$stepFailed$0.call(Unknown Source)
	at com.kms.katalon.core.cucumber.keyword.CucumberBuiltinKeywords$_runFeatureFile_closure1.doCall(CucumberBuiltinKeywords.groovy:82)
	at com.kms.katalon.core.cucumber.keyword.CucumberBuiltinKeywords$_runFeatureFile_closure1.doCall(CucumberBuiltinKeywords.groovy)
	at com.kms.katalon.core.keyword.internal.KeywordMain.runKeyword(KeywordMain.groovy:66)
	at com.kms.katalon.core.keyword.internal.KeywordMain$runKeyword.call(Unknown Source)
	at com.kms.katalon.core.cucumber.keyword.CucumberBuiltinKeywords.runFeatureFile(CucumberBuiltinKeywords.groovy:46)
	at com.kms.katalon.core.cucumber.keyword.CucumberBuiltinKeywords$runFeatureFile$0.callStatic(Unknown Source)
	at com.kms.katalon.core.cucumber.keyword.CucumberBuiltinKeywords.runFeatureFile(CucumberBuiltinKeywords.groovy:101)
	at com.kms.katalon.core.cucumber.keyword.CucumberBuiltinKeywords$runFeatureFile.call(Unknown Source)
	at 026-Verify-Execute-Idea-form.run(026-Verify-Execute-Idea-form:18)
	at com.kms.katalon.core.main.ScriptEngine.run(ScriptEngine.java:194)
	at com.kms.katalon.core.main.ScriptEngine.runScriptAsRawText(ScriptEngine.java:119)
	at com.kms.katalon.core.main.TestCaseExecutor.runScript(TestCaseExecutor.java:331)
	at com.kms.katalon.core.main.TestCaseExecutor.doExecute(TestCaseExecutor.java:322)
	at com.kms.katalon.core.main.TestCaseExecutor.processExecutionPhase(TestCaseExecutor.java:301)
	at com.kms.katalon.core.main.TestCaseExecutor.accessMainPhase(TestCaseExecutor.java:293)
	at com.kms.katalon.core.main.TestCaseExecutor.execute(TestCaseExecutor.java:227)
	at com.kms.katalon.core.main.TestSuiteExecutor.accessTestCaseMainPhase(TestSuiteExecutor.java:129)
	at com.kms.katalon.core.main.TestSuiteExecutor.accessTestSuiteMainPhase(TestSuiteExecutor.java:112)
	at com.kms.katalon.core.main.TestSuiteExecutor.execute(TestSuiteExecutor.java:81)
	at com.kms.katalon.core.main.TestCaseMain.startTestSuite(TestCaseMain.java:157)
	at com.kms.katalon.core.main.TestCaseMain$startTestSuite$0.call(Unknown Source)
	at TempTestSuite1556704417080.run(TempTestSuite1556704417080.groovy:35)
"/>
         <system-out><![CDATA[2019-05-01 13:08:19 - [TEST_CASE][FAILED] - Test Cases/Main-Test-Cases/026-Verify-Execute-Idea-form: Test Cases/Main-Test-Cases/026-Verify-Execute-Idea-form FAILED.
Reason:
com.kms.katalon.core.exception.StepFailedException: Feature file 'Include/features/Governance-Module/Add-Idea/026-Verify-Execute-Idea-form.feature' was failed
	at com.kms.katalon.core.keyword.internal.KeywordMain.stepFailed(KeywordMain.groovy:48)
	at com.kms.katalon.core.keyword.internal.KeywordMain.stepFailed(KeywordMain.groovy)
	at com.kms.katalon.core.keyword.internal.KeywordMain.stepFailed(KeywordMain.groovy:21)
	at com.kms.katalon.core.keyword.internal.KeywordMain$stepFailed$0.call(Unknown Source)
	at com.kms.katalon.core.cucumber.keyword.CucumberBuiltinKeywords$_runFeatureFile_closure1.doCall(CucumberBuiltinKeywords.groovy:82)
	at com.kms.katalon.core.cucumber.keyword.CucumberBuiltinKeywords$_runFeatureFile_closure1.doCall(CucumberBuiltinKeywords.groovy)
	at com.kms.katalon.core.keyword.internal.KeywordMain.runKeyword(KeywordMain.groovy:66)
	at com.kms.katalon.core.keyword.internal.KeywordMain$runKeyword.call(Unknown Source)
	at com.kms.katalon.core.cucumber.keyword.CucumberBuiltinKeywords.runFeatureFile(CucumberBuiltinKeywords.groovy:46)
	at com.kms.katalon.core.cucumber.keyword.CucumberBuiltinKeywords$runFeatureFile$0.callStatic(Unknown Source)
	at com.kms.katalon.core.cucumber.keyword.CucumberBuiltinKeywords.runFeatureFile(CucumberBuiltinKeywords.groovy:101)
	at com.kms.katalon.core.cucumber.keyword.CucumberBuiltinKeywords$runFeatureFile.call(Unknown Source)
	at 026-Verify-Execute-Idea-form.run(026-Verify-Execute-Idea-form:18)
	at com.kms.katalon.core.main.ScriptEngine.run(ScriptEngine.java:194)
	at com.kms.katalon.core.main.ScriptEngine.runScriptAsRawText(ScriptEngine.java:119)
	at com.kms.katalon.core.main.TestCaseExecutor.runScript(TestCaseExecutor.java:331)
	at com.kms.katalon.core.main.TestCaseExecutor.doExecute(TestCaseExecutor.java:322)
	at com.kms.katalon.core.main.TestCaseExecutor.processExecutionPhase(TestCaseExecutor.java:301)
	at com.kms.katalon.core.main.TestCaseExecutor.accessMainPhase(TestCaseExecutor.java:293)
	at com.kms.katalon.core.main.TestCaseExecutor.execute(TestCaseExecutor.java:227)
	at com.kms.katalon.core.main.TestSuiteExecutor.accessTestCaseMainPhase(TestSuiteExecutor.java:129)
	at com.kms.katalon.core.main.TestSuiteExecutor.accessTestSuiteMainPhase(TestSuiteExecutor.java:112)
	at com.kms.katalon.core.main.TestSuiteExecutor.execute(TestSuiteExecutor.java:81)
	at com.kms.katalon.core.main.TestCaseMain.startTestSuite(TestCaseMain.java:157)
	at com.kms.katalon.core.main.TestCaseMain$startTestSuite$0.call(Unknown Source)
	at TempTestSuite1556704417080.run(TempTestSuite1556704417080.groovy:35)


2019-05-01 13:08:19 - [TEST_STEP][FAILED] - runFeatureFile("Include/features/Governance-Module/Add-Idea/026-Verify-Execute-Idea-form.feature"): runFeatureFile("Include/features/Governance-Module/Add-Idea/026-Verify-Execute-Idea-form.feature") FAILED.
Reason:
com.kms.katalon.core.exception.StepFailedException: Feature file 'Include/features/Governance-Module/Add-Idea/026-Verify-Execute-Idea-form.feature' was failed
	at com.kms.katalon.core.keyword.internal.KeywordMain.stepFailed(KeywordMain.groovy:48)
	at com.kms.katalon.core.keyword.internal.KeywordMain.stepFailed(KeywordMain.groovy)
	at com.kms.katalon.core.keyword.internal.KeywordMain.stepFailed(KeywordMain.groovy:21)
	at com.kms.katalon.core.keyword.internal.KeywordMain$stepFailed$0.call(Unknown Source)
	at com.kms.katalon.core.cucumber.keyword.CucumberBuiltinKeywords$_runFeatureFile_closure1.doCall(CucumberBuiltinKeywords.groovy:82)
	at com.kms.katalon.core.cucumber.keyword.CucumberBuiltinKeywords$_runFeatureFile_closure1.doCall(CucumberBuiltinKeywords.groovy)
	at com.kms.katalon.core.keyword.internal.KeywordMain.runKeyword(KeywordMain.groovy:66)
	at com.kms.katalon.core.keyword.internal.KeywordMain$runKeyword.call(Unknown Source)
	at com.kms.katalon.core.cucumber.keyword.CucumberBuiltinKeywords.runFeatureFile(CucumberBuiltinKeywords.groovy:46)
	at com.kms.katalon.core.cucumber.keyword.CucumberBuiltinKeywords$runFeatureFile$0.callStatic(Unknown Source)
	at com.kms.katalon.core.cucumber.keyword.CucumberBuiltinKeywords.runFeatureFile(CucumberBuiltinKeywords.groovy:101)
	at com.kms.katalon.core.cucumber.keyword.CucumberBuiltinKeywords$runFeatureFile.call(Unknown Source)
	at 026-Verify-Execute-Idea-form.run(026-Verify-Execute-Idea-form:18)
	at com.kms.katalon.core.main.ScriptEngine.run(ScriptEngine.java:194)
	at com.kms.katalon.core.main.ScriptEngine.runScriptAsRawText(ScriptEngine.java:119)
	at com.kms.katalon.core.main.TestCaseExecutor.runScript(TestCaseExecutor.java:331)
	at com.kms.katalon.core.main.TestCaseExecutor.doExecute(TestCaseExecutor.java:322)
	at com.kms.katalon.core.main.TestCaseExecutor.processExecutionPhase(TestCaseExecutor.java:301)
	at com.kms.katalon.core.main.TestCaseExecutor.accessMainPhase(TestCaseExecutor.java:293)
	at com.kms.katalon.core.main.TestCaseExecutor.execute(TestCaseExecutor.java:227)
	at com.kms.katalon.core.main.TestSuiteExecutor.accessTestCaseMainPhase(TestSuiteExecutor.java:129)
	at com.kms.katalon.core.main.TestSuiteExecutor.accessTestSuiteMainPhase(TestSuiteExecutor.java:112)
	at com.kms.katalon.core.main.TestSuiteExecutor.execute(TestSuiteExecutor.java:81)
	at com.kms.katalon.core.main.TestCaseMain.startTestSuite(TestCaseMain.java:157)
	at com.kms.katalon.core.main.TestCaseMain$startTestSuite$0.call(Unknown Source)
	at TempTestSuite1556704417080.run(TempTestSuite1556704417080.groovy:35)


2019-05-01 13:08:19 - [MESSAGE][INFO] - Starting run keyword runFeatureFile: 'Include/features/Governance-Module/Add-Idea/026-Verify-Execute-Idea-form.feature' and extract report to folder: 'C:\Users\HP\git\PMO-Web-Application\Reports\First-Test-Suite\20190501_125337/cucumber_report/1556705299272'...

2019-05-01 13:08:19 - [TEST_CASE][FAILED] - Start Test Case : SCENARIO Verify execute idea form: SCENARIO Verify execute idea form FAILED.
Reason:
com.kms.katalon.core.exception.StepFailedException: Unable to set text 'Automation3069' of object 'Object Repository/OOBObjects/IdeasListObjects/SearchField'
	at com.kms.katalon.core.webui.keyword.internal.WebUIKeywordMain.stepFailed(WebUIKeywordMain.groovy:64)
	at com.kms.katalon.core.webui.keyword.internal.WebUIKeywordMain.runKeyword(WebUIKeywordMain.groovy:26)
	at com.kms.katalon.core.webui.keyword.builtin.SetTextKeyword.setText(SetTextKeyword.groovy:65)
	at com.kms.katalon.core.webui.keyword.builtin.SetTextKeyword.execute(SetTextKeyword.groovy:37)
	at com.kms.katalon.core.keyword.internal.KeywordExecutor.executeKeywordForPlatform(KeywordExecutor.groovy:56)
	at com.kms.katalon.core.webui.keyword.WebUiBuiltInKeywords.setText(WebUiBuiltInKeywords.groovy:950)
	at com.kms.katalon.core.webui.keyword.WebUiBuiltInKeywords$setText$6.call(Unknown Source)
	at com.pmo.steps.AddIdeaSteps.verifyIdeaAdded(AddIdeaSteps.groovy:344)
	at ✽.I want to verify idea added successfuly(C:/Users/HP/git/PMO-Web-Application/Include/features/Governance-Module/Add-Idea/026-Verify-Execute-Idea-form.feature:20)
Caused by: com.kms.katalon.core.webui.exception.WebElementNotFoundException: Web element with id: 'Object Repository/OOBObjects/IdeasListObjects/SearchField' located by 'By.xpath: //input[@type='search']' not found
	at com.kms.katalon.core.webui.common.WebUiCommonHelper.findWebElement(WebUiCommonHelper.java:1053)
	at com.kms.katalon.core.webui.keyword.internal.WebUIAbstractKeyword.findWebElement(WebUIAbstractKeyword.groovy:27)
	at com.kms.katalon.core.webui.keyword.internal.WebUIAbstractKeyword.findWebElement(WebUIAbstractKeyword.groovy:26)
	at com.kms.katalon.core.webui.keyword.builtin.SetTextKeyword$_setText_closure1.doCall(SetTextKeyword.groovy:51)
	at com.kms.katalon.core.webui.keyword.builtin.SetTextKeyword$_setText_closure1.call(SetTextKeyword.groovy)
	at com.kms.katalon.core.webui.keyword.internal.WebUIKeywordMain.runKeyword(WebUIKeywordMain.groovy:20)
	at com.kms.katalon.core.webui.keyword.builtin.SetTextKeyword.setText(SetTextKeyword.groovy:65)
	at com.kms.katalon.core.webui.keyword.builtin.SetTextKeyword.execute(SetTextKeyword.groovy:37)
	at com.kms.katalon.core.keyword.internal.KeywordExecutor.executeKeywordForPlatform(KeywordExecutor.groovy:56)
	at com.kms.katalon.core.webui.keyword.WebUiBuiltInKeywords.setText(WebUiBuiltInKeywords.groovy:950)
	at com.kms.katalon.core.webui.keyword.WebUiBuiltInKeywords$setText$6.call(Unknown Source)
	at com.pmo.steps.AddIdeaSteps.verifyIdeaAdded(AddIdeaSteps.groovy:344)
	at cucumber.runtime.Utils$1.call(Utils.java:26)
	at cucumber.runtime.Timeout.timeout(Timeout.java:16)
	at cucumber.runtime.Utils.invoke(Utils.java:20)
	at cucumber.runtime.java.JavaStepDefinition.execute(JavaStepDefinition.java:48)
	at cucumber.runtime.PickleStepDefinitionMatch.runStep(PickleStepDefinitionMatch.java:50)
	at cucumber.runner.TestStep.executeStep(TestStep.java:55)
	at cucumber.runner.TestStep.run(TestStep.java:42)
	at cucumber.runner.PickleStepTestStep.run(PickleStepTestStep.java:53)
	at cucumber.runner.TestCase.run(TestCase.java:47)
	at cucumber.runner.Runner.runPickle(Runner.java:44)
	at cucumber.runtime.Runtime.runFeature(Runtime.java:120)
	at cucumber.runtime.Runtime.run(Runtime.java:106)
	at cucumber.api.cli.Main.run(Main.java:35)
	at cucumber.api.cli.Main$run.call(Unknown Source)
	at com.kms.katalon.core.cucumber.keyword.CucumberBuiltinKeywords$_runFeatureFile_closure1.doCall(CucumberBuiltinKeywords.groovy:76)
	at com.kms.katalon.core.cucumber.keyword.CucumberBuiltinKeywords$_runFeatureFile_closure1.doCall(CucumberBuiltinKeywords.groovy)
	at com.kms.katalon.core.keyword.internal.KeywordMain.runKeyword(KeywordMain.groovy:66)
	at com.kms.katalon.core.keyword.internal.KeywordMain$runKeyword.call(Unknown Source)
	at com.kms.katalon.core.cucumber.keyword.CucumberBuiltinKeywords.runFeatureFile(CucumberBuiltinKeywords.groovy:46)
	at com.kms.katalon.core.cucumber.keyword.CucumberBuiltinKeywords$runFeatureFile$0.callStatic(Unknown Source)
	at com.kms.katalon.core.cucumber.keyword.CucumberBuiltinKeywords.runFeatureFile(CucumberBuiltinKeywords.groovy:101)
	at com.kms.katalon.core.cucumber.keyword.CucumberBuiltinKeywords$runFeatureFile.call(Unknown Source)
	at Script1556018380493.run(Script1556018380493.groovy:18)
	at com.kms.katalon.core.main.ScriptEngine.run(ScriptEngine.java:194)
	at com.kms.katalon.core.main.ScriptEngine.runScriptAsRawText(ScriptEngine.java:119)
	at com.kms.katalon.core.main.TestCaseExecutor.runScript(TestCaseExecutor.java:331)
	at com.kms.katalon.core.main.TestCaseExecutor.doExecute(TestCaseExecutor.java:322)
	at com.kms.katalon.core.main.TestCaseExecutor.processExecutionPhase(TestCaseExecutor.java:301)
	at com.kms.katalon.core.main.TestCaseExecutor.accessMainPhase(TestCaseExecutor.java:293)
	at com.kms.katalon.core.main.TestCaseExecutor.execute(TestCaseExecutor.java:227)
	at com.kms.katalon.core.main.TestSuiteExecutor.accessTestCaseMainPhase(TestSuiteExecutor.java:129)
	at com.kms.katalon.core.main.TestSuiteExecutor.accessTestSuiteMainPhase(TestSuiteExecutor.java:112)
	at com.kms.katalon.core.main.TestSuiteExecutor.execute(TestSuiteExecutor.java:81)
	at com.kms.katalon.core.main.TestCaseMain.startTestSuite(TestCaseMain.java:157)
	at com.kms.katalon.core.main.TestCaseMain$startTestSuite$0.call(Unknown Source)
	at TempTestSuite1556704417080.run(TempTestSuite1556704417080.groovy:35)


2019-05-01 13:08:19 - [TEST_STEP][PASSED] - I want to open browser: I want to open browser

2019-05-01 13:08:19 - [MESSAGE][WARNING] - A browser is already opened. Closing browser and opening a new one

2019-05-01 13:08:19 - [MESSAGE][INFO] - Starting 'Chrome' driver

2019-05-01 13:08:22 - [MESSAGE][PASSED] - Browser is opened with url: ''

2019-05-01 13:08:22 - [MESSAGE][PASSED] - Delete all cookies successfully

2019-05-01 13:08:22 - [MESSAGE][PASSED] - I want to open browser

2019-05-01 13:08:22 - [TEST_STEP][PASSED] - I want to maximize window: I want to maximize window

2019-05-01 13:08:23 - [MESSAGE][PASSED] - Current window maximized

2019-05-01 13:08:23 - [MESSAGE][PASSED] - I want to maximize window

2019-05-01 13:08:23 - [TEST_STEP][PASSED] - I want to go to OOB: I want to go to OOB

2019-05-01 13:08:32 - [MESSAGE][PASSED] - Navigate to 'https://pmoadmin:P@ssw0rd@dev5.cloudapp.net/OOB2/' successfully

2019-05-01 13:08:32 - [MESSAGE][PASSED] - I want to go to OOB

2019-05-01 13:08:32 - [TEST_STEP][PASSED] - I want to verify I'm in OOB main page: I want to verify I'm in OOB main page

2019-05-01 13:08:32 - [MESSAGE][WARNING] - Timeout '0' is invalid. Using default page load timeout: '30'

2019-05-01 13:08:32 - [MESSAGE][PASSED] - Object 'Object Repository/OOBObjects/HomepageObjects/OOBSideBar' is present

2019-05-01 13:08:32 - [MESSAGE][PASSED] - I want to verify I'm in OOB main page

2019-05-01 13:08:32 - [TEST_STEP][PASSED] - I want to go to ideas list page: I want to go to ideas list page

2019-05-01 13:08:37 - [MESSAGE][PASSED] - Object: 'Object Repository/OOBObjects/HomepageObjects/IdeasList' is clicked on

2019-05-01 13:08:37 - [MESSAGE][PASSED] - I want to go to ideas list page

2019-05-01 13:08:37 - [TEST_STEP][PASSED] - I want to click on Add New button: I want to click on Add New button

2019-05-01 13:08:39 - [MESSAGE][PASSED] - Object: 'Object Repository/OOBObjects/IdeasListObjects/AddNewIdeaButton' is clicked on

2019-05-01 13:08:39 - [MESSAGE][PASSED] - I want to click on Add New button

2019-05-01 13:08:39 - [TEST_STEP][PASSED] - I want to fill idea name field: I want to fill idea name field

2019-05-01 13:08:39 - [MESSAGE][PASSED] - Text 'Automation3069' is set on object 'Object Repository/OOBObjects/IdeasListObjects/Idea-Name-Field'

2019-05-01 13:08:39 - [MESSAGE][PASSED] - I want to fill idea name field

2019-05-01 13:08:39 - [TEST_STEP][PASSED] - I want to select expected start date: I want to select expected start date

2019-05-01 13:08:39 - [MESSAGE][PASSED] - Object: 'Object Repository/OOBObjects/IdeasListObjects//GREGORIAN-Start-date-Check-Box' is clicked on

2019-05-01 13:08:39 - [MESSAGE][PASSED] - Object: 'Object Repository/OOBObjects/IdeasListObjects//Excepted-Start-Date' is clicked on

2019-05-01 13:08:39 - [MESSAGE][PASSED] - All options with index in [5] are selected on object 'Object Repository/OOBObjects/IdeasListObjects/StartDateMonthDropDwon'

2019-05-01 13:08:39 - [MESSAGE][PASSED] - Object: 'Object Repository/OOBObjects/IdeasListObjects//Day26' is hovered

2019-05-01 13:08:39 - [MESSAGE][PASSED] - Object: 'Object Repository/OOBObjects/IdeasListObjects//Day26' is clicked on

2019-05-01 13:08:39 - [MESSAGE][PASSED] - I want to select expected start date

2019-05-01 13:08:39 - [TEST_STEP][PASSED] - I want to select expected end date: I want to select expected end date

2019-05-01 13:08:39 - [MESSAGE][PASSED] - Object 'Object Repository/OOBObjects/IdeasListObjects/GREGORIAN-End-Date-Check-Box' is visible

2019-05-01 13:08:39 - [MESSAGE][PASSED] - Object: 'Object Repository/OOBObjects/IdeasListObjects/GREGORIAN-End-Date-Check-Box' is clicked on

2019-05-01 13:08:41 - [MESSAGE][PASSED] - Delayed 2 second(s)

2019-05-01 13:08:41 - [MESSAGE][PASSED] - Object: 'Object Repository/OOBObjects/IdeasListObjects/Excpected-End-Date' is hovered

2019-05-01 13:08:41 - [MESSAGE][PASSED] - Object: 'Object Repository/OOBObjects/IdeasListObjects/Excpected-End-Date' is clicked on

2019-05-01 13:08:42 - [MESSAGE][PASSED] - All options with index in [6] are selected on object 'Object Repository/OOBObjects/IdeasListObjects/EndDateMonthDropdown'

2019-05-01 13:08:42 - [MESSAGE][PASSED] - Object: 'Object Repository/OOBObjects/IdeasListObjects/EndDateDay15' is hovered

2019-05-01 13:08:42 - [MESSAGE][PASSED] - Object: 'Object Repository/OOBObjects/IdeasListObjects/EndDateDay15' is clicked on

2019-05-01 13:08:42 - [MESSAGE][PASSED] - I want to select expected end date

2019-05-01 13:08:42 - [TEST_STEP][PASSED] - I want to fill idea objective field: I want to fill idea objective field

2019-05-01 13:08:42 - [MESSAGE][PASSED] - Text 'Automation' is set on object 'Object Repository/OOBObjects/IdeasListObjects/Idea-Objective-Field'

2019-05-01 13:08:42 - [MESSAGE][PASSED] - I want to fill idea objective field

2019-05-01 13:08:42 - [TEST_STEP][PASSED] - I want to fill expected budget field: I want to fill expected budget field

2019-05-01 13:08:42 - [MESSAGE][PASSED] - Text '10000' is set on object 'Object Repository/OOBObjects/IdeasListObjects/Expected-Budget-Field'

2019-05-01 13:08:42 - [MESSAGE][PASSED] - I want to fill expected budget field

2019-05-01 13:08:42 - [TEST_STEP][PASSED] - I want to fill Notes field: I want to fill Notes field

2019-05-01 13:08:42 - [MESSAGE][PASSED] - Text 'test note' is set on object 'Object Repository/OOBObjects/IdeasListObjects/Notes-Field'

2019-05-01 13:08:42 - [MESSAGE][PASSED] - I want to fill Notes field

2019-05-01 13:08:42 - [TEST_STEP][PASSED] - I want to click send idea button: I want to click send idea button

2019-05-01 13:08:47 - [MESSAGE][PASSED] - Delayed 5 second(s)

2019-05-01 13:08:47 - [MESSAGE][WARNING] - Timeout '0' is invalid. Using default page load timeout: '30'

2019-05-01 13:08:47 - [MESSAGE][PASSED] - Scroll to object 'Object Repository/OOBObjects/IdeasListObjects/CardBlock' successfully

2019-05-01 13:08:47 - [MESSAGE][PASSED] - Object: 'Object Repository/OOBObjects/IdeasListObjects/SendIdeaButton' is clicked on

2019-05-01 13:08:47 - [MESSAGE][PASSED] - I want to click send idea button

2019-05-01 13:08:47 - [TEST_STEP][FAILED] - I want to verify idea added successfuly: I want to verify idea added successfuly FAILED.
Reason:
com.kms.katalon.core.exception.StepFailedException: Unable to set text 'Automation3069' of object 'Object Repository/OOBObjects/IdeasListObjects/SearchField'
	at com.kms.katalon.core.webui.keyword.internal.WebUIKeywordMain.stepFailed(WebUIKeywordMain.groovy:64)
	at com.kms.katalon.core.webui.keyword.internal.WebUIKeywordMain.runKeyword(WebUIKeywordMain.groovy:26)
	at com.kms.katalon.core.webui.keyword.builtin.SetTextKeyword.setText(SetTextKeyword.groovy:65)
	at com.kms.katalon.core.webui.keyword.builtin.SetTextKeyword.execute(SetTextKeyword.groovy:37)
	at com.kms.katalon.core.keyword.internal.KeywordExecutor.executeKeywordForPlatform(KeywordExecutor.groovy:56)
	at com.kms.katalon.core.webui.keyword.WebUiBuiltInKeywords.setText(WebUiBuiltInKeywords.groovy:950)
	at com.kms.katalon.core.webui.keyword.WebUiBuiltInKeywords$setText$6.call(Unknown Source)
	at com.pmo.steps.AddIdeaSteps.verifyIdeaAdded(AddIdeaSteps.groovy:344)
	at ✽.I want to verify idea added successfuly(C:/Users/HP/git/PMO-Web-Application/Include/features/Governance-Module/Add-Idea/026-Verify-Execute-Idea-form.feature:20)
Caused by: com.kms.katalon.core.webui.exception.WebElementNotFoundException: Web element with id: 'Object Repository/OOBObjects/IdeasListObjects/SearchField' located by 'By.xpath: //input[@type='search']' not found
	at com.kms.katalon.core.webui.common.WebUiCommonHelper.findWebElement(WebUiCommonHelper.java:1053)
	at com.kms.katalon.core.webui.keyword.internal.WebUIAbstractKeyword.findWebElement(WebUIAbstractKeyword.groovy:27)
	at com.kms.katalon.core.webui.keyword.internal.WebUIAbstractKeyword.findWebElement(WebUIAbstractKeyword.groovy:26)
	at com.kms.katalon.core.webui.keyword.builtin.SetTextKeyword$_setText_closure1.doCall(SetTextKeyword.groovy:51)
	at com.kms.katalon.core.webui.keyword.builtin.SetTextKeyword$_setText_closure1.call(SetTextKeyword.groovy)
	at com.kms.katalon.core.webui.keyword.internal.WebUIKeywordMain.runKeyword(WebUIKeywordMain.groovy:20)
	at com.kms.katalon.core.webui.keyword.builtin.SetTextKeyword.setText(SetTextKeyword.groovy:65)
	at com.kms.katalon.core.webui.keyword.builtin.SetTextKeyword.execute(SetTextKeyword.groovy:37)
	at com.kms.katalon.core.keyword.internal.KeywordExecutor.executeKeywordForPlatform(KeywordExecutor.groovy:56)
	at com.kms.katalon.core.webui.keyword.WebUiBuiltInKeywords.setText(WebUiBuiltInKeywords.groovy:950)
	at com.kms.katalon.core.webui.keyword.WebUiBuiltInKeywords$setText$6.call(Unknown Source)
	at com.pmo.steps.AddIdeaSteps.verifyIdeaAdded(AddIdeaSteps.groovy:344)
	at cucumber.runtime.Utils$1.call(Utils.java:26)
	at cucumber.runtime.Timeout.timeout(Timeout.java:16)
	at cucumber.runtime.Utils.invoke(Utils.java:20)
	at cucumber.runtime.java.JavaStepDefinition.execute(JavaStepDefinition.java:48)
	at cucumber.runtime.PickleStepDefinitionMatch.runStep(PickleStepDefinitionMatch.java:50)
	at cucumber.runner.TestStep.executeStep(TestStep.java:55)
	at cucumber.runner.TestStep.run(TestStep.java:42)
	at cucumber.runner.PickleStepTestStep.run(PickleStepTestStep.java:53)
	at cucumber.runner.TestCase.run(TestCase.java:47)
	at cucumber.runner.Runner.runPickle(Runner.java:44)
	at cucumber.runtime.Runtime.runFeature(Runtime.java:120)
	at cucumber.runtime.Runtime.run(Runtime.java:106)
	at cucumber.api.cli.Main.run(Main.java:35)
	at cucumber.api.cli.Main$run.call(Unknown Source)
	at com.kms.katalon.core.cucumber.keyword.CucumberBuiltinKeywords$_runFeatureFile_closure1.doCall(CucumberBuiltinKeywords.groovy:76)
	at com.kms.katalon.core.cucumber.keyword.CucumberBuiltinKeywords$_runFeatureFile_closure1.doCall(CucumberBuiltinKeywords.groovy)
	at com.kms.katalon.core.keyword.internal.KeywordMain.runKeyword(KeywordMain.groovy:66)
	at com.kms.katalon.core.keyword.internal.KeywordMain$runKeyword.call(Unknown Source)
	at com.kms.katalon.core.cucumber.keyword.CucumberBuiltinKeywords.runFeatureFile(CucumberBuiltinKeywords.groovy:46)
	at com.kms.katalon.core.cucumber.keyword.CucumberBuiltinKeywords$runFeatureFile$0.callStatic(Unknown Source)
	at com.kms.katalon.core.cucumber.keyword.CucumberBuiltinKeywords.runFeatureFile(CucumberBuiltinKeywords.groovy:101)
	at com.kms.katalon.core.cucumber.keyword.CucumberBuiltinKeywords$runFeatureFile.call(Unknown Source)
	at Script1556018380493.run(Script1556018380493.groovy:18)
	at com.kms.katalon.core.main.ScriptEngine.run(ScriptEngine.java:194)
	at com.kms.katalon.core.main.ScriptEngine.runScriptAsRawText(ScriptEngine.java:119)
	at com.kms.katalon.core.main.TestCaseExecutor.runScript(TestCaseExecutor.java:331)
	at com.kms.katalon.core.main.TestCaseExecutor.doExecute(TestCaseExecutor.java:322)
	at com.kms.katalon.core.main.TestCaseExecutor.processExecutionPhase(TestCaseExecutor.java:301)
	at com.kms.katalon.core.main.TestCaseExecutor.accessMainPhase(TestCaseExecutor.java:293)
	at com.kms.katalon.core.main.TestCaseExecutor.execute(TestCaseExecutor.java:227)
	at com.kms.katalon.core.main.TestSuiteExecutor.accessTestCaseMainPhase(TestSuiteExecutor.java:129)
	at com.kms.katalon.core.main.TestSuiteExecutor.accessTestSuiteMainPhase(TestSuiteExecutor.java:112)
	at com.kms.katalon.core.main.TestSuiteExecutor.execute(TestSuiteExecutor.java:81)
	at com.kms.katalon.core.main.TestCaseMain.startTestSuite(TestCaseMain.java:157)
	at com.kms.katalon.core.main.TestCaseMain$startTestSuite$0.call(Unknown Source)
	at TempTestSuite1556704417080.run(TempTestSuite1556704417080.groovy:35)


2019-05-01 13:08:47 - [MESSAGE][WARNING] - Timeout '0' is invalid. Using default page load timeout: '30'

2019-05-01 13:08:47 - [MESSAGE][PASSED] - Wait for page load successfully

2019-05-01 13:09:18 - [MESSAGE][INFO] - Unable to find the element located by 'By.xpath: //input[@type='search']'. Please recheck the objects properties to make sure the desired element is located. 

2019-05-01 13:09:18 - [MESSAGE][FAILED] - Unable to set text 'Automation3069' of object 'Object Repository/OOBObjects/IdeasListObjects/SearchField' (Root cause: com.kms.katalon.core.exception.StepFailedException: Unable to set text 'Automation3069' of object 'Object Repository/OOBObjects/IdeasListObjects/SearchField'
	at com.kms.katalon.core.webui.keyword.internal.WebUIKeywordMain.stepFailed(WebUIKeywordMain.groovy:64)
	at com.kms.katalon.core.webui.keyword.internal.WebUIKeywordMain.runKeyword(WebUIKeywordMain.groovy:26)
	at com.kms.katalon.core.webui.keyword.builtin.SetTextKeyword.setText(SetTextKeyword.groovy:65)
	at com.kms.katalon.core.webui.keyword.builtin.SetTextKeyword.execute(SetTextKeyword.groovy:37)
	at com.kms.katalon.core.keyword.internal.KeywordExecutor.executeKeywordForPlatform(KeywordExecutor.groovy:56)
	at com.kms.katalon.core.webui.keyword.WebUiBuiltInKeywords.setText(WebUiBuiltInKeywords.groovy:950)
	at com.kms.katalon.core.webui.keyword.WebUiBuiltInKeywords$setText$6.call(Unknown Source)
	at com.pmo.steps.AddIdeaSteps.verifyIdeaAdded(AddIdeaSteps.groovy:344)
	at cucumber.runtime.Utils$1.call(Utils.java:26)
	at cucumber.runtime.Timeout.timeout(Timeout.java:16)
	at cucumber.runtime.Utils.invoke(Utils.java:20)
	at cucumber.runtime.java.JavaStepDefinition.execute(JavaStepDefinition.java:48)
	at cucumber.runtime.PickleStepDefinitionMatch.runStep(PickleStepDefinitionMatch.java:50)
	at cucumber.runner.TestStep.executeStep(TestStep.java:55)
	at cucumber.runner.TestStep.run(TestStep.java:42)
	at cucumber.runner.PickleStepTestStep.run(PickleStepTestStep.java:53)
	at cucumber.runner.TestCase.run(TestCase.java:47)
	at cucumber.runner.Runner.runPickle(Runner.java:44)
	at cucumber.runtime.Runtime.runFeature(Runtime.java:120)
	at cucumber.runtime.Runtime.run(Runtime.java:106)
	at cucumber.api.cli.Main.run(Main.java:35)
	at cucumber.api.cli.Main$run.call(Unknown Source)
	at com.kms.katalon.core.cucumber.keyword.CucumberBuiltinKeywords$_runFeatureFile_closure1.doCall(CucumberBuiltinKeywords.groovy:76)
	at com.kms.katalon.core.cucumber.keyword.CucumberBuiltinKeywords$_runFeatureFile_closure1.doCall(CucumberBuiltinKeywords.groovy)
	at com.kms.katalon.core.keyword.internal.KeywordMain.runKeyword(KeywordMain.groovy:66)
	at com.kms.katalon.core.keyword.internal.KeywordMain$runKeyword.call(Unknown Source)
	at com.kms.katalon.core.cucumber.keyword.CucumberBuiltinKeywords.runFeatureFile(CucumberBuiltinKeywords.groovy:46)
	at com.kms.katalon.core.cucumber.keyword.CucumberBuiltinKeywords$runFeatureFile$0.callStatic(Unknown Source)
	at com.kms.katalon.core.cucumber.keyword.CucumberBuiltinKeywords.runFeatureFile(CucumberBuiltinKeywords.groovy:101)
	at com.kms.katalon.core.cucumber.keyword.CucumberBuiltinKeywords$runFeatureFile.call(Unknown Source)
	at 026-Verify-Execute-Idea-form.run(026-Verify-Execute-Idea-form:18)
	at com.kms.katalon.core.main.ScriptEngine.run(ScriptEngine.java:194)
	at com.kms.katalon.core.main.ScriptEngine.runScriptAsRawText(ScriptEngine.java:119)
	at com.kms.katalon.core.main.TestCaseExecutor.runScript(TestCaseExecutor.java:331)
	at com.kms.katalon.core.main.TestCaseExecutor.doExecute(TestCaseExecutor.java:322)
	at com.kms.katalon.core.main.TestCaseExecutor.processExecutionPhase(TestCaseExecutor.java:301)
	at com.kms.katalon.core.main.TestCaseExecutor.accessMainPhase(TestCaseExecutor.java:293)
	at com.kms.katalon.core.main.TestCaseExecutor.execute(TestCaseExecutor.java:227)
	at com.kms.katalon.core.main.TestSuiteExecutor.accessTestCaseMainPhase(TestSuiteExecutor.java:129)
	at com.kms.katalon.core.main.TestSuiteExecutor.accessTestSuiteMainPhase(TestSuiteExecutor.java:112)
	at com.kms.katalon.core.main.TestSuiteExecutor.execute(TestSuiteExecutor.java:81)
	at com.kms.katalon.core.main.TestCaseMain.startTestSuite(TestCaseMain.java:157)
	at com.kms.katalon.core.main.TestCaseMain$startTestSuite$0.call(Unknown Source)
	at TempTestSuite1556704417080.run(TempTestSuite1556704417080.groovy:35)
Caused by: com.kms.katalon.core.webui.exception.WebElementNotFoundException: Web element with id: 'Object Repository/OOBObjects/IdeasListObjects/SearchField' located by 'By.xpath: //input[@type='search']' not found
	at com.kms.katalon.core.webui.common.WebUiCommonHelper.findWebElement(WebUiCommonHelper.java:1053)
	at com.kms.katalon.core.webui.keyword.internal.WebUIAbstractKeyword.findWebElement(WebUIAbstractKeyword.groovy:27)
	at com.kms.katalon.core.webui.keyword.internal.WebUIAbstractKeyword.findWebElement(WebUIAbstractKeyword.groovy:26)
	at com.kms.katalon.core.webui.keyword.builtin.SetTextKeyword$_setText_closure1.doCall(SetTextKeyword.groovy:51)
	at com.kms.katalon.core.webui.keyword.builtin.SetTextKeyword$_setText_closure1.call(SetTextKeyword.groovy)
	at com.kms.katalon.core.webui.keyword.internal.WebUIKeywordMain.runKeyword(WebUIKeywordMain.groovy:20)
	at com.kms.katalon.core.webui.keyword.builtin.SetTextKeyword.setText(SetTextKeyword.groovy:65)
	at com.kms.katalon.core.webui.keyword.builtin.SetTextKeyword.execute(SetTextKeyword.groovy:37)
	at com.kms.katalon.core.keyword.internal.KeywordExecutor.executeKeywordForPlatform(KeywordExecutor.groovy:56)
	at com.kms.katalon.core.webui.keyword.WebUiBuiltInKeywords.setText(WebUiBuiltInKeywords.groovy:950)
	at com.kms.katalon.core.webui.keyword.WebUiBuiltInKeywords$setText$6.call(Unknown Source)
	at com.pmo.steps.AddIdeaSteps.verifyIdeaAdded(AddIdeaSteps.groovy:344)
	at cucumber.runtime.Utils$1.call(Utils.java:26)
	at cucumber.runtime.Timeout.timeout(Timeout.java:16)
	at cucumber.runtime.Utils.invoke(Utils.java:20)
	at cucumber.runtime.java.JavaStepDefinition.execute(JavaStepDefinition.java:48)
	at cucumber.runtime.PickleStepDefinitionMatch.runStep(PickleStepDefinitionMatch.java:50)
	at cucumber.runner.TestStep.executeStep(TestStep.java:55)
	at cucumber.runner.TestStep.run(TestStep.java:42)
	at cucumber.runner.PickleStepTestStep.run(PickleStepTestStep.java:53)
	at cucumber.runner.TestCase.run(TestCase.java:47)
	at cucumber.runner.Runner.runPickle(Runner.java:44)
	at cucumber.runtime.Runtime.runFeature(Runtime.java:120)
	at cucumber.runtime.Runtime.run(Runtime.java:106)
	at cucumber.api.cli.Main.run(Main.java:35)
	at cucumber.api.cli.Main$run.call(Unknown Source)
	at com.kms.katalon.core.cucumber.keyword.CucumberBuiltinKeywords$_runFeatureFile_closure1.doCall(CucumberBuiltinKeywords.groovy:76)
	at com.kms.katalon.core.cucumber.keyword.CucumberBuiltinKeywords$_runFeatureFile_closure1.doCall(CucumberBuiltinKeywords.groovy)
	at com.kms.katalon.core.keyword.internal.KeywordMain.runKeyword(KeywordMain.groovy:66)
	at com.kms.katalon.core.keyword.internal.KeywordMain$runKeyword.call(Unknown Source)
	at com.kms.katalon.core.cucumber.keyword.CucumberBuiltinKeywords.runFeatureFile(CucumberBuiltinKeywords.groovy:46)
	at com.kms.katalon.core.cucumber.keyword.CucumberBuiltinKeywords$runFeatureFile$0.callStatic(Unknown Source)
	at com.kms.katalon.core.cucumber.keyword.CucumberBuiltinKeywords.runFeatureFile(CucumberBuiltinKeywords.groovy:101)
	at com.kms.katalon.core.cucumber.keyword.CucumberBuiltinKeywords$runFeatureFile.call(Unknown Source)
	at Script1556018380493.run(Script1556018380493.groovy:18)
	... 13 more
)
[[ATTACHMENT|C:\\Users\\HP\\git\\PMO-Web-Application\\Reports\\First-Test-Suite\\20190501_125337\\1556705358664.png]]

2019-05-01 13:09:18 - [MESSAGE][FAILED] - I want to verify idea added successfuly FAILED.
Reason:
com.kms.katalon.core.exception.StepFailedException: Unable to set text 'Automation3069' of object 'Object Repository/OOBObjects/IdeasListObjects/SearchField'
	at com.kms.katalon.core.webui.keyword.internal.WebUIKeywordMain.stepFailed(WebUIKeywordMain.groovy:64)
	at com.kms.katalon.core.webui.keyword.internal.WebUIKeywordMain.runKeyword(WebUIKeywordMain.groovy:26)
	at com.kms.katalon.core.webui.keyword.builtin.SetTextKeyword.setText(SetTextKeyword.groovy:65)
	at com.kms.katalon.core.webui.keyword.builtin.SetTextKeyword.execute(SetTextKeyword.groovy:37)
	at com.kms.katalon.core.keyword.internal.KeywordExecutor.executeKeywordForPlatform(KeywordExecutor.groovy:56)
	at com.kms.katalon.core.webui.keyword.WebUiBuiltInKeywords.setText(WebUiBuiltInKeywords.groovy:950)
	at com.kms.katalon.core.webui.keyword.WebUiBuiltInKeywords$setText$6.call(Unknown Source)
	at com.pmo.steps.AddIdeaSteps.verifyIdeaAdded(AddIdeaSteps.groovy:344)
	at ✽.I want to verify idea added successfuly(C:/Users/HP/git/PMO-Web-Application/Include/features/Governance-Module/Add-Idea/026-Verify-Execute-Idea-form.feature:20)
Caused by: com.kms.katalon.core.webui.exception.WebElementNotFoundException: Web element with id: 'Object Repository/OOBObjects/IdeasListObjects/SearchField' located by 'By.xpath: //input[@type='search']' not found
	at com.kms.katalon.core.webui.common.WebUiCommonHelper.findWebElement(WebUiCommonHelper.java:1053)
	at com.kms.katalon.core.webui.keyword.internal.WebUIAbstractKeyword.findWebElement(WebUIAbstractKeyword.groovy:27)
	at com.kms.katalon.core.webui.keyword.internal.WebUIAbstractKeyword.findWebElement(WebUIAbstractKeyword.groovy:26)
	at com.kms.katalon.core.webui.keyword.builtin.SetTextKeyword$_setText_closure1.doCall(SetTextKeyword.groovy:51)
	at com.kms.katalon.core.webui.keyword.builtin.SetTextKeyword$_setText_closure1.call(SetTextKeyword.groovy)
	at com.kms.katalon.core.webui.keyword.internal.WebUIKeywordMain.runKeyword(WebUIKeywordMain.groovy:20)
	at com.kms.katalon.core.webui.keyword.builtin.SetTextKeyword.setText(SetTextKeyword.groovy:65)
	at com.kms.katalon.core.webui.keyword.builtin.SetTextKeyword.execute(SetTextKeyword.groovy:37)
	at com.kms.katalon.core.keyword.internal.KeywordExecutor.executeKeywordForPlatform(KeywordExecutor.groovy:56)
	at com.kms.katalon.core.webui.keyword.WebUiBuiltInKeywords.setText(WebUiBuiltInKeywords.groovy:950)
	at com.kms.katalon.core.webui.keyword.WebUiBuiltInKeywords$setText$6.call(Unknown Source)
	at com.pmo.steps.AddIdeaSteps.verifyIdeaAdded(AddIdeaSteps.groovy:344)
	at cucumber.runtime.Utils$1.call(Utils.java:26)
	at cucumber.runtime.Timeout.timeout(Timeout.java:16)
	at cucumber.runtime.Utils.invoke(Utils.java:20)
	at cucumber.runtime.java.JavaStepDefinition.execute(JavaStepDefinition.java:48)
	at cucumber.runtime.PickleStepDefinitionMatch.runStep(PickleStepDefinitionMatch.java:50)
	at cucumber.runner.TestStep.executeStep(TestStep.java:55)
	at cucumber.runner.TestStep.run(TestStep.java:42)
	at cucumber.runner.PickleStepTestStep.run(PickleStepTestStep.java:53)
	at cucumber.runner.TestCase.run(TestCase.java:47)
	at cucumber.runner.Runner.runPickle(Runner.java:44)
	at cucumber.runtime.Runtime.runFeature(Runtime.java:120)
	at cucumber.runtime.Runtime.run(Runtime.java:106)
	at cucumber.api.cli.Main.run(Main.java:35)
	at cucumber.api.cli.Main$run.call(Unknown Source)
	at com.kms.katalon.core.cucumber.keyword.CucumberBuiltinKeywords$_runFeatureFile_closure1.doCall(CucumberBuiltinKeywords.groovy:76)
	at com.kms.katalon.core.cucumber.keyword.CucumberBuiltinKeywords$_runFeatureFile_closure1.doCall(CucumberBuiltinKeywords.groovy)
	at com.kms.katalon.core.keyword.internal.KeywordMain.runKeyword(KeywordMain.groovy:66)
	at com.kms.katalon.core.keyword.internal.KeywordMain$runKeyword.call(Unknown Source)
	at com.kms.katalon.core.cucumber.keyword.CucumberBuiltinKeywords.runFeatureFile(CucumberBuiltinKeywords.groovy:46)
	at com.kms.katalon.core.cucumber.keyword.CucumberBuiltinKeywords$runFeatureFile$0.callStatic(Unknown Source)
	at com.kms.katalon.core.cucumber.keyword.CucumberBuiltinKeywords.runFeatureFile(CucumberBuiltinKeywords.groovy:101)
	at com.kms.katalon.core.cucumber.keyword.CucumberBuiltinKeywords$runFeatureFile.call(Unknown Source)
	at Script1556018380493.run(Script1556018380493.groovy:18)
	at com.kms.katalon.core.main.ScriptEngine.run(ScriptEngine.java:194)
	at com.kms.katalon.core.main.ScriptEngine.runScriptAsRawText(ScriptEngine.java:119)
	at com.kms.katalon.core.main.TestCaseExecutor.runScript(TestCaseExecutor.java:331)
	at com.kms.katalon.core.main.TestCaseExecutor.doExecute(TestCaseExecutor.java:322)
	at com.kms.katalon.core.main.TestCaseExecutor.processExecutionPhase(TestCaseExecutor.java:301)
	at com.kms.katalon.core.main.TestCaseExecutor.accessMainPhase(TestCaseExecutor.java:293)
	at com.kms.katalon.core.main.TestCaseExecutor.execute(TestCaseExecutor.java:227)
	at com.kms.katalon.core.main.TestSuiteExecutor.accessTestCaseMainPhase(TestSuiteExecutor.java:129)
	at com.kms.katalon.core.main.TestSuiteExecutor.accessTestSuiteMainPhase(TestSuiteExecutor.java:112)
	at com.kms.katalon.core.main.TestSuiteExecutor.execute(TestSuiteExecutor.java:81)
	at com.kms.katalon.core.main.TestCaseMain.startTestSuite(TestCaseMain.java:157)
	at com.kms.katalon.core.main.TestCaseMain$startTestSuite$0.call(Unknown Source)
	at TempTestSuite1556704417080.run(TempTestSuite1556704417080.groovy:35)


2019-05-01 13:09:18 - [TEST_STEP][NOT_RUN] - I want to approve idea: I want to approve idea

2019-05-01 13:09:18 - [MESSAGE][NOT_RUN] - I want to approve idea

2019-05-01 13:09:18 - [TEST_STEP][NOT_RUN] - I want to go to OOB: I want to go to OOB

2019-05-01 13:09:18 - [MESSAGE][NOT_RUN] - I want to go to OOB

2019-05-01 13:09:18 - [TEST_STEP][NOT_RUN] - I want to go to approved ideas list page: I want to go to approved ideas list page

2019-05-01 13:09:18 - [MESSAGE][NOT_RUN] - I want to go to approved ideas list page

2019-05-01 13:09:18 - [TEST_STEP][NOT_RUN] - I want to search for approved idea by name: I want to search for approved idea by name

2019-05-01 13:09:18 - [MESSAGE][NOT_RUN] - I want to search for approved idea by name

2019-05-01 13:09:18 - [TEST_STEP][NOT_RUN] - I want to click Excute button: I want to click Excute button

2019-05-01 13:09:18 - [MESSAGE][NOT_RUN] - I want to click Excute button

2019-05-01 13:09:18 - [TEST_STEP][NOT_RUN] - I want to verify im in add new project page: I want to verify im in add new project page

2019-05-01 13:09:18 - [MESSAGE][NOT_RUN] - I want to verify im in add new project page

2019-05-01 13:09:18 - [TEST_STEP][NOT_RUN] - I want to check already filled fields: I want to check already filled fields

2019-05-01 13:09:18 - [MESSAGE][NOT_RUN] - I want to check already filled fields

2019-05-01 13:09:18 - [TEST_STEP][NOT_RUN] - I want to close browser: I want to close browser

2019-05-01 13:09:18 - [MESSAGE][NOT_RUN] - I want to close browser

2019-05-01 13:09:18 - [MESSAGE][FAILED] - Feature file 'Include/features/Governance-Module/Add-Idea/026-Verify-Execute-Idea-form.feature' was failed

2019-05-01 13:09:18 - [MESSAGE][FAILED] - Keyword runFeatureFile was failed (Root cause: com.kms.katalon.core.exception.StepFailedException: Feature file 'Include/features/Governance-Module/Add-Idea/026-Verify-Execute-Idea-form.feature' was failed
	at com.kms.katalon.core.keyword.internal.KeywordMain.stepFailed(KeywordMain.groovy:48)
	at com.kms.katalon.core.keyword.internal.KeywordMain.stepFailed(KeywordMain.groovy)
	at com.kms.katalon.core.keyword.internal.KeywordMain.stepFailed(KeywordMain.groovy:21)
	at com.kms.katalon.core.keyword.internal.KeywordMain$stepFailed$0.call(Unknown Source)
	at com.kms.katalon.core.cucumber.keyword.CucumberBuiltinKeywords$_runFeatureFile_closure1.doCall(CucumberBuiltinKeywords.groovy:82)
	at com.kms.katalon.core.cucumber.keyword.CucumberBuiltinKeywords$_runFeatureFile_closure1.doCall(CucumberBuiltinKeywords.groovy)
	at com.kms.katalon.core.keyword.internal.KeywordMain.runKeyword(KeywordMain.groovy:66)
	at com.kms.katalon.core.keyword.internal.KeywordMain$runKeyword.call(Unknown Source)
	at com.kms.katalon.core.cucumber.keyword.CucumberBuiltinKeywords.runFeatureFile(CucumberBuiltinKeywords.groovy:46)
	at com.kms.katalon.core.cucumber.keyword.CucumberBuiltinKeywords$runFeatureFile$0.callStatic(Unknown Source)
	at com.kms.katalon.core.cucumber.keyword.CucumberBuiltinKeywords.runFeatureFile(CucumberBuiltinKeywords.groovy:101)
	at com.kms.katalon.core.cucumber.keyword.CucumberBuiltinKeywords$runFeatureFile.call(Unknown Source)
	at 026-Verify-Execute-Idea-form.run(026-Verify-Execute-Idea-form:18)
	at com.kms.katalon.core.main.ScriptEngine.run(ScriptEngine.java:194)
	at com.kms.katalon.core.main.ScriptEngine.runScriptAsRawText(ScriptEngine.java:119)
	at com.kms.katalon.core.main.TestCaseExecutor.runScript(TestCaseExecutor.java:331)
	at com.kms.katalon.core.main.TestCaseExecutor.doExecute(TestCaseExecutor.java:322)
	at com.kms.katalon.core.main.TestCaseExecutor.processExecutionPhase(TestCaseExecutor.java:301)
	at com.kms.katalon.core.main.TestCaseExecutor.accessMainPhase(TestCaseExecutor.java:293)
	at com.kms.katalon.core.main.TestCaseExecutor.execute(TestCaseExecutor.java:227)
	at com.kms.katalon.core.main.TestSuiteExecutor.accessTestCaseMainPhase(TestSuiteExecutor.java:129)
	at com.kms.katalon.core.main.TestSuiteExecutor.accessTestSuiteMainPhase(TestSuiteExecutor.java:112)
	at com.kms.katalon.core.main.TestSuiteExecutor.execute(TestSuiteExecutor.java:81)
	at com.kms.katalon.core.main.TestCaseMain.startTestSuite(TestCaseMain.java:157)
	at com.kms.katalon.core.main.TestCaseMain$startTestSuite$0.call(Unknown Source)
	at TempTestSuite1556704417080.run(TempTestSuite1556704417080.groovy:35)
)

2019-05-01 13:09:18 - [MESSAGE][FAILED] - runFeatureFile("Include/features/Governance-Module/Add-Idea/026-Verify-Execute-Idea-form.feature") FAILED.
Reason:
com.kms.katalon.core.exception.StepFailedException: Feature file 'Include/features/Governance-Module/Add-Idea/026-Verify-Execute-Idea-form.feature' was failed
	at com.kms.katalon.core.keyword.internal.KeywordMain.stepFailed(KeywordMain.groovy:48)
	at com.kms.katalon.core.keyword.internal.KeywordMain.stepFailed(KeywordMain.groovy)
	at com.kms.katalon.core.keyword.internal.KeywordMain.stepFailed(KeywordMain.groovy:21)
	at com.kms.katalon.core.keyword.internal.KeywordMain$stepFailed$0.call(Unknown Source)
	at com.kms.katalon.core.cucumber.keyword.CucumberBuiltinKeywords$_runFeatureFile_closure1.doCall(CucumberBuiltinKeywords.groovy:82)
	at com.kms.katalon.core.cucumber.keyword.CucumberBuiltinKeywords$_runFeatureFile_closure1.doCall(CucumberBuiltinKeywords.groovy)
	at com.kms.katalon.core.keyword.internal.KeywordMain.runKeyword(KeywordMain.groovy:66)
	at com.kms.katalon.core.keyword.internal.KeywordMain$runKeyword.call(Unknown Source)
	at com.kms.katalon.core.cucumber.keyword.CucumberBuiltinKeywords.runFeatureFile(CucumberBuiltinKeywords.groovy:46)
	at com.kms.katalon.core.cucumber.keyword.CucumberBuiltinKeywords$runFeatureFile$0.callStatic(Unknown Source)
	at com.kms.katalon.core.cucumber.keyword.CucumberBuiltinKeywords.runFeatureFile(CucumberBuiltinKeywords.groovy:101)
	at com.kms.katalon.core.cucumber.keyword.CucumberBuiltinKeywords$runFeatureFile.call(Unknown Source)
	at 026-Verify-Execute-Idea-form.run(026-Verify-Execute-Idea-form:18)
	at com.kms.katalon.core.main.ScriptEngine.run(ScriptEngine.java:194)
	at com.kms.katalon.core.main.ScriptEngine.runScriptAsRawText(ScriptEngine.java:119)
	at com.kms.katalon.core.main.TestCaseExecutor.runScript(TestCaseExecutor.java:331)
	at com.kms.katalon.core.main.TestCaseExecutor.doExecute(TestCaseExecutor.java:322)
	at com.kms.katalon.core.main.TestCaseExecutor.processExecutionPhase(TestCaseExecutor.java:301)
	at com.kms.katalon.core.main.TestCaseExecutor.accessMainPhase(TestCaseExecutor.java:293)
	at com.kms.katalon.core.main.TestCaseExecutor.execute(TestCaseExecutor.java:227)
	at com.kms.katalon.core.main.TestSuiteExecutor.accessTestCaseMainPhase(TestSuiteExecutor.java:129)
	at com.kms.katalon.core.main.TestSuiteExecutor.accessTestSuiteMainPhase(TestSuiteExecutor.java:112)
	at com.kms.katalon.core.main.TestSuiteExecutor.execute(TestSuiteExecutor.java:81)
	at com.kms.katalon.core.main.TestCaseMain.startTestSuite(TestCaseMain.java:157)
	at com.kms.katalon.core.main.TestCaseMain$startTestSuite$0.call(Unknown Source)
	at TempTestSuite1556704417080.run(TempTestSuite1556704417080.groovy:35)]]></system-out>
         <system-err><![CDATA[2019-05-01 13:08:19 - [TEST_CASE][FAILED] - Test Cases/Main-Test-Cases/026-Verify-Execute-Idea-form: Test Cases/Main-Test-Cases/026-Verify-Execute-Idea-form FAILED.
Reason:
com.kms.katalon.core.exception.StepFailedException: Feature file 'Include/features/Governance-Module/Add-Idea/026-Verify-Execute-Idea-form.feature' was failed
	at com.kms.katalon.core.keyword.internal.KeywordMain.stepFailed(KeywordMain.groovy:48)
	at com.kms.katalon.core.keyword.internal.KeywordMain.stepFailed(KeywordMain.groovy)
	at com.kms.katalon.core.keyword.internal.KeywordMain.stepFailed(KeywordMain.groovy:21)
	at com.kms.katalon.core.keyword.internal.KeywordMain$stepFailed$0.call(Unknown Source)
	at com.kms.katalon.core.cucumber.keyword.CucumberBuiltinKeywords$_runFeatureFile_closure1.doCall(CucumberBuiltinKeywords.groovy:82)
	at com.kms.katalon.core.cucumber.keyword.CucumberBuiltinKeywords$_runFeatureFile_closure1.doCall(CucumberBuiltinKeywords.groovy)
	at com.kms.katalon.core.keyword.internal.KeywordMain.runKeyword(KeywordMain.groovy:66)
	at com.kms.katalon.core.keyword.internal.KeywordMain$runKeyword.call(Unknown Source)
	at com.kms.katalon.core.cucumber.keyword.CucumberBuiltinKeywords.runFeatureFile(CucumberBuiltinKeywords.groovy:46)
	at com.kms.katalon.core.cucumber.keyword.CucumberBuiltinKeywords$runFeatureFile$0.callStatic(Unknown Source)
	at com.kms.katalon.core.cucumber.keyword.CucumberBuiltinKeywords.runFeatureFile(CucumberBuiltinKeywords.groovy:101)
	at com.kms.katalon.core.cucumber.keyword.CucumberBuiltinKeywords$runFeatureFile.call(Unknown Source)
	at 026-Verify-Execute-Idea-form.run(026-Verify-Execute-Idea-form:18)
	at com.kms.katalon.core.main.ScriptEngine.run(ScriptEngine.java:194)
	at com.kms.katalon.core.main.ScriptEngine.runScriptAsRawText(ScriptEngine.java:119)
	at com.kms.katalon.core.main.TestCaseExecutor.runScript(TestCaseExecutor.java:331)
	at com.kms.katalon.core.main.TestCaseExecutor.doExecute(TestCaseExecutor.java:322)
	at com.kms.katalon.core.main.TestCaseExecutor.processExecutionPhase(TestCaseExecutor.java:301)
	at com.kms.katalon.core.main.TestCaseExecutor.accessMainPhase(TestCaseExecutor.java:293)
	at com.kms.katalon.core.main.TestCaseExecutor.execute(TestCaseExecutor.java:227)
	at com.kms.katalon.core.main.TestSuiteExecutor.accessTestCaseMainPhase(TestSuiteExecutor.java:129)
	at com.kms.katalon.core.main.TestSuiteExecutor.accessTestSuiteMainPhase(TestSuiteExecutor.java:112)
	at com.kms.katalon.core.main.TestSuiteExecutor.execute(TestSuiteExecutor.java:81)
	at com.kms.katalon.core.main.TestCaseMain.startTestSuite(TestCaseMain.java:157)
	at com.kms.katalon.core.main.TestCaseMain$startTestSuite$0.call(Unknown Source)
	at TempTestSuite1556704417080.run(TempTestSuite1556704417080.groovy:35)]]></system-err>
      </testcase>
      <testcase name="Test Cases/Main-Test-Cases/028-Cancel-Execution-Idea" classname="Test Cases/Main-Test-Cases/028-Cancel-Execution-Idea" status="PASSED">
         <system-out><![CDATA[2019-05-01 13:09:18 - [TEST_CASE][PASSED] - Test Cases/Main-Test-Cases/028-Cancel-Execution-Idea: Test Cases/Main-Test-Cases/028-Cancel-Execution-Idea

2019-05-01 13:09:19 - [TEST_STEP][PASSED] - runFeatureFile("Include/features/Governance-Module/Add-Idea/028-Cancel-Execution-Idea.feature"): Feature file: 'Include/features/Governance-Module/Add-Idea/028-Cancel-Execution-Idea.feature' was passed

2019-05-01 13:09:19 - [MESSAGE][INFO] - Starting run keyword runFeatureFile: 'Include/features/Governance-Module/Add-Idea/028-Cancel-Execution-Idea.feature' and extract report to folder: 'C:\Users\HP\git\PMO-Web-Application\Reports\First-Test-Suite\20190501_125337/cucumber_report/1556705359061'...

2019-05-01 13:09:19 - [TEST_CASE][PASSED] - Start Test Case : SCENARIO Verify Cancel execution idea: SCENARIO Verify Cancel execution idea

2019-05-01 13:09:19 - [TEST_STEP][PASSED] - I want to open browser: I want to open browser

2019-05-01 13:09:19 - [MESSAGE][WARNING] - A browser is already opened. Closing browser and opening a new one

2019-05-01 13:09:19 - [MESSAGE][INFO] - Starting 'Chrome' driver

2019-05-01 13:09:21 - [MESSAGE][PASSED] - Browser is opened with url: ''

2019-05-01 13:09:21 - [MESSAGE][PASSED] - Delete all cookies successfully

2019-05-01 13:09:21 - [MESSAGE][PASSED] - I want to open browser

2019-05-01 13:09:21 - [TEST_STEP][PASSED] - I want to maximize window: I want to maximize window

2019-05-01 13:09:23 - [MESSAGE][PASSED] - Current window maximized

2019-05-01 13:09:23 - [MESSAGE][PASSED] - I want to maximize window

2019-05-01 13:09:23 - [TEST_STEP][PASSED] - I want to go to OOB: I want to go to OOB

2019-05-01 13:09:34 - [MESSAGE][PASSED] - Navigate to 'https://pmoadmin:P@ssw0rd@dev5.cloudapp.net/OOB2/' successfully

2019-05-01 13:09:34 - [MESSAGE][PASSED] - I want to go to OOB

2019-05-01 13:09:34 - [TEST_STEP][PASSED] - I want to verify I'm in OOB main page: I want to verify I'm in OOB main page

2019-05-01 13:09:34 - [MESSAGE][WARNING] - Timeout '0' is invalid. Using default page load timeout: '30'

2019-05-01 13:09:34 - [MESSAGE][PASSED] - Object 'Object Repository/OOBObjects/HomepageObjects/OOBSideBar' is present

2019-05-01 13:09:34 - [MESSAGE][PASSED] - I want to verify I'm in OOB main page

2019-05-01 13:09:34 - [TEST_STEP][PASSED] - I want to go to ideas list page: I want to go to ideas list page

2019-05-01 13:09:39 - [MESSAGE][PASSED] - Object: 'Object Repository/OOBObjects/HomepageObjects/IdeasList' is clicked on

2019-05-01 13:09:39 - [MESSAGE][PASSED] - I want to go to ideas list page

2019-05-01 13:09:39 - [TEST_STEP][PASSED] - I want to click on Add New button: I want to click on Add New button

2019-05-01 13:09:40 - [MESSAGE][PASSED] - Object: 'Object Repository/OOBObjects/IdeasListObjects/AddNewIdeaButton' is clicked on

2019-05-01 13:09:40 - [MESSAGE][PASSED] - I want to click on Add New button

2019-05-01 13:09:40 - [TEST_STEP][PASSED] - I want to fill idea name field: I want to fill idea name field

2019-05-01 13:09:40 - [MESSAGE][PASSED] - Text 'Automation7429' is set on object 'Object Repository/OOBObjects/IdeasListObjects/Idea-Name-Field'

2019-05-01 13:09:40 - [MESSAGE][PASSED] - I want to fill idea name field

2019-05-01 13:09:40 - [TEST_STEP][PASSED] - I want to select expected start date: I want to select expected start date

2019-05-01 13:09:40 - [MESSAGE][PASSED] - Object: 'Object Repository/OOBObjects/IdeasListObjects//GREGORIAN-Start-date-Check-Box' is clicked on

2019-05-01 13:09:40 - [MESSAGE][PASSED] - Object: 'Object Repository/OOBObjects/IdeasListObjects//Excepted-Start-Date' is clicked on

2019-05-01 13:09:41 - [MESSAGE][PASSED] - All options with index in [5] are selected on object 'Object Repository/OOBObjects/IdeasListObjects/StartDateMonthDropDwon'

2019-05-01 13:09:41 - [MESSAGE][PASSED] - Object: 'Object Repository/OOBObjects/IdeasListObjects//Day26' is hovered

2019-05-01 13:09:41 - [MESSAGE][PASSED] - Object: 'Object Repository/OOBObjects/IdeasListObjects//Day26' is clicked on

2019-05-01 13:09:41 - [MESSAGE][PASSED] - I want to select expected start date

2019-05-01 13:09:41 - [TEST_STEP][PASSED] - I want to select expected end date: I want to select expected end date

2019-05-01 13:09:41 - [MESSAGE][PASSED] - Object 'Object Repository/OOBObjects/IdeasListObjects/GREGORIAN-End-Date-Check-Box' is visible

2019-05-01 13:09:41 - [MESSAGE][PASSED] - Object: 'Object Repository/OOBObjects/IdeasListObjects/GREGORIAN-End-Date-Check-Box' is clicked on

2019-05-01 13:09:43 - [MESSAGE][PASSED] - Delayed 2 second(s)

2019-05-01 13:09:43 - [MESSAGE][PASSED] - Object: 'Object Repository/OOBObjects/IdeasListObjects/Excpected-End-Date' is hovered

2019-05-01 13:09:43 - [MESSAGE][PASSED] - Object: 'Object Repository/OOBObjects/IdeasListObjects/Excpected-End-Date' is clicked on

2019-05-01 13:09:43 - [MESSAGE][PASSED] - All options with index in [6] are selected on object 'Object Repository/OOBObjects/IdeasListObjects/EndDateMonthDropdown'

2019-05-01 13:09:43 - [MESSAGE][PASSED] - Object: 'Object Repository/OOBObjects/IdeasListObjects/EndDateDay15' is hovered

2019-05-01 13:09:43 - [MESSAGE][PASSED] - Object: 'Object Repository/OOBObjects/IdeasListObjects/EndDateDay15' is clicked on

2019-05-01 13:09:43 - [MESSAGE][PASSED] - I want to select expected end date

2019-05-01 13:09:43 - [TEST_STEP][PASSED] - I want to fill idea objective field: I want to fill idea objective field

2019-05-01 13:09:43 - [MESSAGE][PASSED] - Text 'Automation' is set on object 'Object Repository/OOBObjects/IdeasListObjects/Idea-Objective-Field'

2019-05-01 13:09:43 - [MESSAGE][PASSED] - I want to fill idea objective field

2019-05-01 13:09:43 - [TEST_STEP][PASSED] - I want to fill expected budget field: I want to fill expected budget field

2019-05-01 13:09:43 - [MESSAGE][PASSED] - Text '10000' is set on object 'Object Repository/OOBObjects/IdeasListObjects/Expected-Budget-Field'

2019-05-01 13:09:43 - [MESSAGE][PASSED] - I want to fill expected budget field

2019-05-01 13:09:43 - [TEST_STEP][PASSED] - I want to fill Notes field: I want to fill Notes field

2019-05-01 13:09:43 - [MESSAGE][PASSED] - Text 'test note' is set on object 'Object Repository/OOBObjects/IdeasListObjects/Notes-Field'

2019-05-01 13:09:43 - [MESSAGE][PASSED] - I want to fill Notes field

2019-05-01 13:09:43 - [TEST_STEP][PASSED] - I want to click send idea button: I want to click send idea button

2019-05-01 13:09:48 - [MESSAGE][PASSED] - Delayed 5 second(s)

2019-05-01 13:09:48 - [MESSAGE][WARNING] - Timeout '0' is invalid. Using default page load timeout: '30'

2019-05-01 13:09:48 - [MESSAGE][PASSED] - Scroll to object 'Object Repository/OOBObjects/IdeasListObjects/CardBlock' successfully

2019-05-01 13:09:49 - [MESSAGE][PASSED] - Object: 'Object Repository/OOBObjects/IdeasListObjects/SendIdeaButton' is clicked on

2019-05-01 13:09:49 - [MESSAGE][PASSED] - I want to click send idea button

2019-05-01 13:09:49 - [TEST_STEP][PASSED] - I want to verify idea added successfuly: I want to verify idea added successfuly

2019-05-01 13:09:49 - [MESSAGE][WARNING] - Timeout '0' is invalid. Using default page load timeout: '30'

2019-05-01 13:09:49 - [MESSAGE][PASSED] - Wait for page load successfully

2019-05-01 13:09:50 - [MESSAGE][PASSED] - Text 'Automation7429' is set on object 'Object Repository/OOBObjects/IdeasListObjects/SearchField'

2019-05-01 13:09:51 - [MESSAGE][PASSED] - Actual text and expected text of test object 'Object Repository/OOBObjects/IdeasListObjects/SearchResult' are matched.

2019-05-01 13:09:51 - [MESSAGE][PASSED] - I want to verify idea added successfuly

2019-05-01 13:09:51 - [TEST_STEP][PASSED] - I want to approve idea: I want to approve idea

2019-05-01 13:10:00 - [MESSAGE][PASSED] - Object: 'Object Repository/OOBObjects/HomepageObjects/InboxIcon' is clicked on

2019-05-01 13:10:00 - [MESSAGE][PASSED] - Object: 'Object Repository/OOBObjects/InboxPageObjects/BeforeInitiatePhase' is clicked on

2019-05-01 13:10:02 - [MESSAGE][PASSED] - Object: 'Object Repository/OOBObjects/InboxPageObjects/FirstIdea' is clicked on

2019-05-01 13:10:02 - [MESSAGE][PASSED] - Object: 'Object Repository/OOBObjects/InboxPageObjects/ApproveIdeaButton' is clicked on

2019-05-01 13:10:09 - [MESSAGE][PASSED] - Object: 'Object Repository/OOBObjects/InboxPageObjects/BeforeInitiatePhase' is clicked on

2019-05-01 13:10:11 - [MESSAGE][PASSED] - Object: 'Object Repository/OOBObjects/InboxPageObjects/FirstIdea' is clicked on

2019-05-01 13:10:11 - [MESSAGE][WARNING] - Timeout '0' is invalid. Using default page load timeout: '30'

2019-05-01 13:10:11 - [MESSAGE][PASSED] - Scroll to object 'Object Repository/OOBObjects/InboxPageObjects/AddNewAttachmentButtonApproveIdea' successfully

2019-05-01 13:10:11 - [MESSAGE][PASSED] - Object: 'Object Repository/OOBObjects/InboxPageObjects/AddNewAttachmentButtonApproveIdea' is clicked on

2019-05-01 13:10:11 - [MESSAGE][PASSED] - File 'C:\Users\HP\Desktop\SK.png' sent to object: 'Object Repository/OOBObjects/InboxPageObjects/UploadFileApproveIdea'

2019-05-01 13:10:11 - [MESSAGE][WARNING] - Timeout '0' is invalid. Using default page load timeout: '30'

2019-05-01 13:10:12 - [MESSAGE][PASSED] - Object 'Object Repository/OOBObjects/InboxPageObjects/AttachedFileApprovedIdea' is present

2019-05-01 13:10:12 - [MESSAGE][PASSED] - Object: 'Object Repository/OOBObjects/InboxPageObjects/LoadButtonApproveIdea' is clicked on

2019-05-01 13:10:12 - [MESSAGE][PASSED] - Object 'Object Repository/OOBObjects/InboxPageObjects/SendAproveIdeaSecondPhase' is clickable

2019-05-01 13:10:12 - [MESSAGE][PASSED] - Object: 'Object Repository/OOBObjects/InboxPageObjects/SendAproveIdeaSecondPhase' is hovered

2019-05-01 13:10:17 - [MESSAGE][PASSED] - Delayed 5 second(s)

2019-05-01 13:10:17 - [MESSAGE][PASSED] - Object: 'Object Repository/OOBObjects/InboxPageObjects/SendAproveIdeaSecondPhase' is clicked on

2019-05-01 13:10:34 - [MESSAGE][PASSED] - Object: 'Object Repository/OOBObjects/InboxPageObjects/BeforeInitiatePhase' is clicked on

2019-05-01 13:10:35 - [MESSAGE][PASSED] - Object: 'Object Repository/OOBObjects/InboxPageObjects/FirstIdea' is clicked on

2019-05-01 13:10:36 - [MESSAGE][PASSED] - Object: 'Object Repository/OOBObjects/InboxPageObjects/StrategicObjectiveCheckBox' is clicked on

2019-05-01 13:10:36 - [MESSAGE][PASSED] - All options with index in [1] are selected on object 'Object Repository/OOBObjects/InboxPageObjects/ddlInitiativesDropdwon'

2019-05-01 13:10:36 - [MESSAGE][PASSED] - Object: 'Object Repository/OOBObjects/InboxPageObjects/SendApproveIdeaThirdPhase' is clicked on

2019-05-01 13:10:44 - [MESSAGE][PASSED] - Object: 'Object Repository/OOBObjects/InboxPageObjects/BeforeInitiatePhase' is clicked on

2019-05-01 13:10:46 - [MESSAGE][PASSED] - Object: 'Object Repository/OOBObjects/InboxPageObjects/FirstIdea' is clicked on

2019-05-01 13:10:46 - [MESSAGE][PASSED] - All options with index in [1] are selected on object 'Object Repository/OOBObjects/InboxPageObjects/WalletDropdownApproveIdea'

2019-05-01 13:10:46 - [MESSAGE][PASSED] - All options with index in [1] are selected on object 'Object Repository/OOBObjects/InboxPageObjects/ProgramDropdownApproveIdea'

2019-05-01 13:10:46 - [MESSAGE][PASSED] - All options with index in [1] are selected on object 'Object Repository/OOBObjects/InboxPageObjects/OwnerDropdownApproveIdea'

2019-05-01 13:10:46 - [MESSAGE][PASSED] - Object: 'Object Repository/OOBObjects/InboxPageObjects/SendApproveIdeaFourthPhase' is clicked on

2019-05-01 13:10:55 - [MESSAGE][PASSED] - Object: 'Object Repository/OOBObjects/InboxPageObjects/BeforeInitiatePhase' is clicked on

2019-05-01 13:10:56 - [MESSAGE][PASSED] - Object: 'Object Repository/OOBObjects/InboxPageObjects/FirstIdea' is clicked on

2019-05-01 13:10:56 - [MESSAGE][PASSED] - Object: 'Object Repository/OOBObjects/InboxPageObjects/ApproveButtonFivthPhase' is clicked on

2019-05-01 13:11:05 - [MESSAGE][PASSED] - Object: 'Object Repository/OOBObjects/InboxPageObjects/BeforeInitiatePhase' is clicked on

2019-05-01 13:11:07 - [MESSAGE][PASSED] - Object: 'Object Repository/OOBObjects/InboxPageObjects/FirstIdea' is clicked on

2019-05-01 13:11:07 - [MESSAGE][PASSED] - Object: 'Object Repository/OOBObjects/InboxPageObjects/GeorgianCheckBoxApproveIdea' is clicked on

2019-05-01 13:11:07 - [MESSAGE][PASSED] - Object: 'Object Repository/OOBObjects/InboxPageObjects/ExceptedExecutionDateApproveIdea' is clicked on

2019-05-01 13:11:07 - [MESSAGE][PASSED] - All options with index in [3] are selected on object 'Object Repository/OOBObjects/InboxPageObjects/MonthsDropdownApproveIdea'

2019-05-01 13:11:07 - [MESSAGE][PASSED] - Object: 'Object Repository/OOBObjects/InboxPageObjects/Day30ApproveIdeaExcutionDate' is hovered

2019-05-01 13:11:07 - [MESSAGE][PASSED] - Object: 'Object Repository/OOBObjects/InboxPageObjects/Day30ApproveIdeaExcutionDate' is clicked on

2019-05-01 13:11:08 - [MESSAGE][PASSED] - All options with index in [1] are selected on object 'Object Repository/OOBObjects/InboxPageObjects/PriorityDropdownApproveIdea'

2019-05-01 13:11:08 - [MESSAGE][PASSED] - Object: 'Object Repository/OOBObjects/InboxPageObjects/SubmitButtonApproveIdae' is clicked on

2019-05-01 13:11:08 - [MESSAGE][PASSED] - I want to approve idea

2019-05-01 13:11:08 - [TEST_STEP][PASSED] - I want to go to OOB: I want to go to OOB

2019-05-01 13:11:15 - [MESSAGE][PASSED] - Navigate to 'https://pmoadmin:P@ssw0rd@dev5.cloudapp.net/OOB2/' successfully

2019-05-01 13:11:15 - [MESSAGE][PASSED] - I want to go to OOB

2019-05-01 13:11:15 - [TEST_STEP][PASSED] - I want to go to approved ideas list page: I want to go to approved ideas list page

2019-05-01 13:11:21 - [MESSAGE][PASSED] - Object: 'Object Repository/OOBObjects/HomepageObjects/ApprovedIdeasList' is clicked on

2019-05-01 13:11:21 - [MESSAGE][PASSED] - I want to go to approved ideas list page

2019-05-01 13:11:21 - [TEST_STEP][PASSED] - I want to search for approved idea by name: I want to search for approved idea by name

2019-05-01 13:11:22 - [MESSAGE][PASSED] - Text 'Automation7429' is set on object 'Object Repository/OOBObjects/ApprovedIdeasListObjects/ApprovedIdeasSearchField'

2019-05-01 13:11:22 - [MESSAGE][PASSED] - Actual text and expected text of test object 'Object Repository/OOBObjects/ApprovedIdeasListObjects/IdeaNameLinkInApprovedIdeasList' are matched.

2019-05-01 13:11:22 - [MESSAGE][PASSED] - I want to search for approved idea by name

2019-05-01 13:11:22 - [TEST_STEP][PASSED] - I want to click Excute button: I want to click Excute button

2019-05-01 13:11:23 - [MESSAGE][PASSED] - Object: 'Object Repository/OOBObjects/ApprovedIdeasListObjects/ExcuteButton' is clicked on

2019-05-01 13:11:23 - [MESSAGE][PASSED] - I want to click Excute button

2019-05-01 13:11:23 - [TEST_STEP][PASSED] - I want to verify im in add new project page: I want to verify im in add new project page

2019-05-01 13:11:23 - [MESSAGE][WARNING] - Timeout '0' is invalid. Using default page load timeout: '30'

2019-05-01 13:11:23 - [MESSAGE][PASSED] - Object 'Object Repository/OOBObjects/ApprovedIdeasListObjects/AddNewProjectLabel' is present

2019-05-01 13:11:23 - [MESSAGE][PASSED] - I want to verify im in add new project page

2019-05-01 13:11:23 - [TEST_STEP][PASSED] - I want to select project type: I want to select project type

2019-05-01 13:11:24 - [MESSAGE][PASSED] - All options with index in [1] are selected on object 'Object Repository/OOBObjects/ProjectsListObjects/ProjectTypeDropDwon'

2019-05-01 13:11:24 - [MESSAGE][PASSED] - I want to select project type

2019-05-01 13:11:24 - [TEST_STEP][PASSED] - I want to fill project manager field: I want to fill project manager field

2019-05-01 13:11:24 - [MESSAGE][WARNING] - Timeout '0' is invalid. Using default page load timeout: '30'

2019-05-01 13:11:24 - [MESSAGE][PASSED] - Scroll to object 'Object Repository/OOBObjects/ProjectsListObjects/Duration' successfully

2019-05-01 13:11:24 - [MESSAGE][PASSED] - Text 'النظام' is set on object 'Object Repository/OOBObjects/ProjectsListObjects/ProjectMangerField'

2019-05-01 13:11:24 - [MESSAGE][PASSED] - I want to fill project manager field

2019-05-01 13:11:24 - [TEST_STEP][PASSED] - I want to tap enter key on manager field: I want to tap enter key on manager field

2019-05-01 13:11:24 - [MESSAGE][PASSED] - Keys 'ENTER + ' sent to object: 'Object Repository/OOBObjects/ProjectsListObjects/ProjectMangerField'

2019-05-01 13:11:24 - [MESSAGE][PASSED] - I want to tap enter key on manager field

2019-05-01 13:11:24 - [TEST_STEP][PASSED] - I want to fill project owner field: I want to fill project owner field

2019-05-01 13:11:24 - [MESSAGE][PASSED] - Text 'محمد فيصل عبدالله' is set on object 'Object Repository/OOBObjects/ProjectsListObjects/ProjectOwnerField'

2019-05-01 13:11:24 - [MESSAGE][PASSED] - I want to fill project owner field

2019-05-01 13:11:24 - [TEST_STEP][PASSED] - I want to tap enter key on owner field: I want to tap enter key on owner field

2019-05-01 13:11:24 - [MESSAGE][PASSED] - Keys 'ENTER + ' sent to object: 'Object Repository/OOBObjects/ProjectsListObjects/ProjectOwnerField'

2019-05-01 13:11:24 - [MESSAGE][PASSED] - I want to tap enter key on owner field

2019-05-01 13:11:24 - [TEST_STEP][PASSED] - I want to fill project sponser field: I want to fill project sponser field

2019-05-01 13:11:24 - [MESSAGE][PASSED] - Text 'هديل خالد علي' is set on object 'Object Repository/OOBObjects/ProjectsListObjects/ProjectSponsorField'

2019-05-01 13:11:24 - [MESSAGE][PASSED] - I want to fill project sponser field

2019-05-01 13:11:24 - [TEST_STEP][PASSED] - I want to tap enter key on sponser field: I want to tap enter key on sponser field

2019-05-01 13:11:24 - [MESSAGE][PASSED] - Keys 'ENTER + ' sent to object: 'Object Repository/OOBObjects/ProjectsListObjects/ProjectSponsorField'

2019-05-01 13:11:24 - [MESSAGE][PASSED] - I want to tap enter key on sponser field

2019-05-01 13:11:24 - [TEST_STEP][PASSED] - I want to fill project description field: I want to fill project description field

2019-05-01 13:11:24 - [MESSAGE][PASSED] - Text 'test description' is set on object 'Object Repository/OOBObjects/ProjectsListObjects/ProjectDescriptionField'

2019-05-01 13:11:24 - [MESSAGE][PASSED] - I want to fill project description field

2019-05-01 13:11:24 - [TEST_STEP][PASSED] - I want to fill project notes field: I want to fill project notes field

2019-05-01 13:11:24 - [MESSAGE][PASSED] - Text 'test notes' is set on object 'Object Repository/OOBObjects/ProjectsListObjects/ProjectNotesField'

2019-05-01 13:11:24 - [MESSAGE][PASSED] - I want to fill project notes field

2019-05-01 13:11:24 - [TEST_STEP][PASSED] - I want to wait: I want to wait

2019-05-01 13:11:27 - [MESSAGE][PASSED] - Delayed 3 second(s)

2019-05-01 13:11:27 - [MESSAGE][PASSED] - I want to wait

2019-05-01 13:11:27 - [TEST_STEP][PASSED] - I want to click on cancel creating new project button: I want to click on cancel creating new project button

2019-05-01 13:11:32 - [MESSAGE][PASSED] - Delayed 5 second(s)

2019-05-01 13:11:39 - [MESSAGE][PASSED] - Object: 'Object Repository/OOBObjects/ProjectsListObjects/CancelAddingNewProject' is clicked on

2019-05-01 13:11:39 - [MESSAGE][PASSED] - I want to click on cancel creating new project button

2019-05-01 13:11:39 - [TEST_STEP][PASSED] - I want to verify Approved Ideas List page: I want to verify Approved Ideas List page

2019-05-01 13:11:39 - [MESSAGE][WARNING] - Timeout '0' is invalid. Using default page load timeout: '30'

2019-05-01 13:11:39 - [MESSAGE][PASSED] - Object 'Object Repository/OOBObjects/ApprovedIdeasListObjects/ApprovedIdeasListTitle' is present

2019-05-01 13:11:39 - [MESSAGE][WARNING] - Timeout '0' is invalid. Using default page load timeout: '30'

2019-05-01 13:11:39 - [MESSAGE][PASSED] - Object 'Object Repository/OOBObjects/ApprovedIdeasListObjects/IdeaNameColumnInApprovedIdeasList' is present

2019-05-01 13:11:39 - [MESSAGE][WARNING] - Timeout '0' is invalid. Using default page load timeout: '30'

2019-05-01 13:11:39 - [MESSAGE][PASSED] - Object 'Object Repository/OOBObjects/ApprovedIdeasListObjects/ExpectedBudgetColumnInApprovedIdeasList' is present

2019-05-01 13:11:39 - [MESSAGE][WARNING] - Timeout '0' is invalid. Using default page load timeout: '30'

2019-05-01 13:11:39 - [MESSAGE][PASSED] - Object 'Object Repository/OOBObjects/ApprovedIdeasListObjects/StatusColumnInApprovedIdeasList' is present

2019-05-01 13:11:39 - [MESSAGE][WARNING] - Timeout '0' is invalid. Using default page load timeout: '30'

2019-05-01 13:11:39 - [MESSAGE][PASSED] - Object 'Object Repository/OOBObjects/ApprovedIdeasListObjects/PriorityColumnInApprovedIdeasList' is present

2019-05-01 13:11:39 - [MESSAGE][WARNING] - Timeout '0' is invalid. Using default page load timeout: '30'

2019-05-01 13:11:39 - [MESSAGE][PASSED] - Object 'Object Repository/OOBObjects/ApprovedIdeasListObjects/ActionsColumnInApprovedIdeasList' is present

2019-05-01 13:11:39 - [MESSAGE][WARNING] - Timeout '0' is invalid. Using default page load timeout: '30'

2019-05-01 13:11:39 - [MESSAGE][PASSED] - Object 'Object Repository/OOBObjects/ApprovedIdeasListObjects/SearchSectionInApprovedIdeasList' is present

2019-05-01 13:11:39 - [MESSAGE][WARNING] - Timeout '0' is invalid. Using default page load timeout: '30'

2019-05-01 13:11:39 - [MESSAGE][PASSED] - Object 'Object Repository/OOBObjects/ApprovedIdeasListObjects/ExcuteButton' is present

2019-05-01 13:11:39 - [MESSAGE][PASSED] - Object 'Object Repository/OOBObjects/ApprovedIdeasListObjects/IdeaNameLinkInApprovedIdeasList' is clickable

2019-05-01 13:11:39 - [MESSAGE][PASSED] - I want to verify Approved Ideas List page

2019-05-01 13:11:39 - [TEST_STEP][PASSED] - I want to close browser: I want to close browser

2019-05-01 13:11:40 - [MESSAGE][PASSED] - Browser is closed

2019-05-01 13:11:40 - [MESSAGE][PASSED] - I want to close browser

2019-05-01 13:11:40 - [MESSAGE][PASSED] - Feature file: 'Include/features/Governance-Module/Add-Idea/028-Cancel-Execution-Idea.feature' was passed]]></system-out>
         <system-err><![CDATA[]]></system-err>
      </testcase>
      <testcase name="Test Cases/Main-Test-Cases/029-Verify-Related-Project-Link" classname="Test Cases/Main-Test-Cases/029-Verify-Related-Project-Link" status="FAILED">
         <failure type="FAILED" message="Test Cases/Main-Test-Cases/029-Verify-Related-Project-Link FAILED.
Reason:
com.kms.katalon.core.exception.StepFailedException: Feature file 'Include/features/Governance-Module/Add-Idea/029-Verify-Related-Project-Link.feature' was failed
	at com.kms.katalon.core.keyword.internal.KeywordMain.stepFailed(KeywordMain.groovy:48)
	at com.kms.katalon.core.keyword.internal.KeywordMain.stepFailed(KeywordMain.groovy)
	at com.kms.katalon.core.keyword.internal.KeywordMain.stepFailed(KeywordMain.groovy:21)
	at com.kms.katalon.core.keyword.internal.KeywordMain$stepFailed$0.call(Unknown Source)
	at com.kms.katalon.core.cucumber.keyword.CucumberBuiltinKeywords$_runFeatureFile_closure1.doCall(CucumberBuiltinKeywords.groovy:82)
	at com.kms.katalon.core.cucumber.keyword.CucumberBuiltinKeywords$_runFeatureFile_closure1.doCall(CucumberBuiltinKeywords.groovy)
	at com.kms.katalon.core.keyword.internal.KeywordMain.runKeyword(KeywordMain.groovy:66)
	at com.kms.katalon.core.keyword.internal.KeywordMain$runKeyword.call(Unknown Source)
	at com.kms.katalon.core.cucumber.keyword.CucumberBuiltinKeywords.runFeatureFile(CucumberBuiltinKeywords.groovy:46)
	at com.kms.katalon.core.cucumber.keyword.CucumberBuiltinKeywords$runFeatureFile$0.callStatic(Unknown Source)
	at com.kms.katalon.core.cucumber.keyword.CucumberBuiltinKeywords.runFeatureFile(CucumberBuiltinKeywords.groovy:101)
	at com.kms.katalon.core.cucumber.keyword.CucumberBuiltinKeywords$runFeatureFile.call(Unknown Source)
	at 029-Verify-Related-Project-Link.run(029-Verify-Related-Project-Link:18)
	at com.kms.katalon.core.main.ScriptEngine.run(ScriptEngine.java:194)
	at com.kms.katalon.core.main.ScriptEngine.runScriptAsRawText(ScriptEngine.java:119)
	at com.kms.katalon.core.main.TestCaseExecutor.runScript(TestCaseExecutor.java:331)
	at com.kms.katalon.core.main.TestCaseExecutor.doExecute(TestCaseExecutor.java:322)
	at com.kms.katalon.core.main.TestCaseExecutor.processExecutionPhase(TestCaseExecutor.java:301)
	at com.kms.katalon.core.main.TestCaseExecutor.accessMainPhase(TestCaseExecutor.java:293)
	at com.kms.katalon.core.main.TestCaseExecutor.execute(TestCaseExecutor.java:227)
	at com.kms.katalon.core.main.TestSuiteExecutor.accessTestCaseMainPhase(TestSuiteExecutor.java:129)
	at com.kms.katalon.core.main.TestSuiteExecutor.accessTestSuiteMainPhase(TestSuiteExecutor.java:112)
	at com.kms.katalon.core.main.TestSuiteExecutor.execute(TestSuiteExecutor.java:81)
	at com.kms.katalon.core.main.TestCaseMain.startTestSuite(TestCaseMain.java:157)
	at com.kms.katalon.core.main.TestCaseMain$startTestSuite$0.call(Unknown Source)
	at TempTestSuite1556704417080.run(TempTestSuite1556704417080.groovy:35)
"/>
         <system-out><![CDATA[2019-05-01 13:11:40 - [TEST_CASE][FAILED] - Test Cases/Main-Test-Cases/029-Verify-Related-Project-Link: Test Cases/Main-Test-Cases/029-Verify-Related-Project-Link FAILED.
Reason:
com.kms.katalon.core.exception.StepFailedException: Feature file 'Include/features/Governance-Module/Add-Idea/029-Verify-Related-Project-Link.feature' was failed
	at com.kms.katalon.core.keyword.internal.KeywordMain.stepFailed(KeywordMain.groovy:48)
	at com.kms.katalon.core.keyword.internal.KeywordMain.stepFailed(KeywordMain.groovy)
	at com.kms.katalon.core.keyword.internal.KeywordMain.stepFailed(KeywordMain.groovy:21)
	at com.kms.katalon.core.keyword.internal.KeywordMain$stepFailed$0.call(Unknown Source)
	at com.kms.katalon.core.cucumber.keyword.CucumberBuiltinKeywords$_runFeatureFile_closure1.doCall(CucumberBuiltinKeywords.groovy:82)
	at com.kms.katalon.core.cucumber.keyword.CucumberBuiltinKeywords$_runFeatureFile_closure1.doCall(CucumberBuiltinKeywords.groovy)
	at com.kms.katalon.core.keyword.internal.KeywordMain.runKeyword(KeywordMain.groovy:66)
	at com.kms.katalon.core.keyword.internal.KeywordMain$runKeyword.call(Unknown Source)
	at com.kms.katalon.core.cucumber.keyword.CucumberBuiltinKeywords.runFeatureFile(CucumberBuiltinKeywords.groovy:46)
	at com.kms.katalon.core.cucumber.keyword.CucumberBuiltinKeywords$runFeatureFile$0.callStatic(Unknown Source)
	at com.kms.katalon.core.cucumber.keyword.CucumberBuiltinKeywords.runFeatureFile(CucumberBuiltinKeywords.groovy:101)
	at com.kms.katalon.core.cucumber.keyword.CucumberBuiltinKeywords$runFeatureFile.call(Unknown Source)
	at 029-Verify-Related-Project-Link.run(029-Verify-Related-Project-Link:18)
	at com.kms.katalon.core.main.ScriptEngine.run(ScriptEngine.java:194)
	at com.kms.katalon.core.main.ScriptEngine.runScriptAsRawText(ScriptEngine.java:119)
	at com.kms.katalon.core.main.TestCaseExecutor.runScript(TestCaseExecutor.java:331)
	at com.kms.katalon.core.main.TestCaseExecutor.doExecute(TestCaseExecutor.java:322)
	at com.kms.katalon.core.main.TestCaseExecutor.processExecutionPhase(TestCaseExecutor.java:301)
	at com.kms.katalon.core.main.TestCaseExecutor.accessMainPhase(TestCaseExecutor.java:293)
	at com.kms.katalon.core.main.TestCaseExecutor.execute(TestCaseExecutor.java:227)
	at com.kms.katalon.core.main.TestSuiteExecutor.accessTestCaseMainPhase(TestSuiteExecutor.java:129)
	at com.kms.katalon.core.main.TestSuiteExecutor.accessTestSuiteMainPhase(TestSuiteExecutor.java:112)
	at com.kms.katalon.core.main.TestSuiteExecutor.execute(TestSuiteExecutor.java:81)
	at com.kms.katalon.core.main.TestCaseMain.startTestSuite(TestCaseMain.java:157)
	at com.kms.katalon.core.main.TestCaseMain$startTestSuite$0.call(Unknown Source)
	at TempTestSuite1556704417080.run(TempTestSuite1556704417080.groovy:35)


2019-05-01 13:11:40 - [TEST_STEP][FAILED] - runFeatureFile("Include/features/Governance-Module/Add-Idea/029-Verify-Related-Project-Link.feature"): runFeatureFile("Include/features/Governance-Module/Add-Idea/029-Verify-Related-Project-Link.feature") FAILED.
Reason:
com.kms.katalon.core.exception.StepFailedException: Feature file 'Include/features/Governance-Module/Add-Idea/029-Verify-Related-Project-Link.feature' was failed
	at com.kms.katalon.core.keyword.internal.KeywordMain.stepFailed(KeywordMain.groovy:48)
	at com.kms.katalon.core.keyword.internal.KeywordMain.stepFailed(KeywordMain.groovy)
	at com.kms.katalon.core.keyword.internal.KeywordMain.stepFailed(KeywordMain.groovy:21)
	at com.kms.katalon.core.keyword.internal.KeywordMain$stepFailed$0.call(Unknown Source)
	at com.kms.katalon.core.cucumber.keyword.CucumberBuiltinKeywords$_runFeatureFile_closure1.doCall(CucumberBuiltinKeywords.groovy:82)
	at com.kms.katalon.core.cucumber.keyword.CucumberBuiltinKeywords$_runFeatureFile_closure1.doCall(CucumberBuiltinKeywords.groovy)
	at com.kms.katalon.core.keyword.internal.KeywordMain.runKeyword(KeywordMain.groovy:66)
	at com.kms.katalon.core.keyword.internal.KeywordMain$runKeyword.call(Unknown Source)
	at com.kms.katalon.core.cucumber.keyword.CucumberBuiltinKeywords.runFeatureFile(CucumberBuiltinKeywords.groovy:46)
	at com.kms.katalon.core.cucumber.keyword.CucumberBuiltinKeywords$runFeatureFile$0.callStatic(Unknown Source)
	at com.kms.katalon.core.cucumber.keyword.CucumberBuiltinKeywords.runFeatureFile(CucumberBuiltinKeywords.groovy:101)
	at com.kms.katalon.core.cucumber.keyword.CucumberBuiltinKeywords$runFeatureFile.call(Unknown Source)
	at 029-Verify-Related-Project-Link.run(029-Verify-Related-Project-Link:18)
	at com.kms.katalon.core.main.ScriptEngine.run(ScriptEngine.java:194)
	at com.kms.katalon.core.main.ScriptEngine.runScriptAsRawText(ScriptEngine.java:119)
	at com.kms.katalon.core.main.TestCaseExecutor.runScript(TestCaseExecutor.java:331)
	at com.kms.katalon.core.main.TestCaseExecutor.doExecute(TestCaseExecutor.java:322)
	at com.kms.katalon.core.main.TestCaseExecutor.processExecutionPhase(TestCaseExecutor.java:301)
	at com.kms.katalon.core.main.TestCaseExecutor.accessMainPhase(TestCaseExecutor.java:293)
	at com.kms.katalon.core.main.TestCaseExecutor.execute(TestCaseExecutor.java:227)
	at com.kms.katalon.core.main.TestSuiteExecutor.accessTestCaseMainPhase(TestSuiteExecutor.java:129)
	at com.kms.katalon.core.main.TestSuiteExecutor.accessTestSuiteMainPhase(TestSuiteExecutor.java:112)
	at com.kms.katalon.core.main.TestSuiteExecutor.execute(TestSuiteExecutor.java:81)
	at com.kms.katalon.core.main.TestCaseMain.startTestSuite(TestCaseMain.java:157)
	at com.kms.katalon.core.main.TestCaseMain$startTestSuite$0.call(Unknown Source)
	at TempTestSuite1556704417080.run(TempTestSuite1556704417080.groovy:35)


2019-05-01 13:11:40 - [MESSAGE][INFO] - Starting run keyword runFeatureFile: 'Include/features/Governance-Module/Add-Idea/029-Verify-Related-Project-Link.feature' and extract report to folder: 'C:\Users\HP\git\PMO-Web-Application\Reports\First-Test-Suite\20190501_125337/cucumber_report/1556705500661'...

2019-05-01 13:11:40 - [TEST_CASE][FAILED] - Start Test Case : SCENARIO Verify related project link for executed idea: SCENARIO Verify related project link for executed idea FAILED.
Reason:
com.kms.katalon.core.exception.StepFailedException: Verify element text of test object 'Object Repository/OOBObjects/ApprovedIdeasListObjects/IdeaNameLinkInApprovedIdeasList' FAILED.
	at com.kms.katalon.core.webui.keyword.internal.WebUIKeywordMain.stepFailed(WebUIKeywordMain.groovy:64)
	at com.kms.katalon.core.webui.keyword.internal.WebUIKeywordMain.runKeyword(WebUIKeywordMain.groovy:26)
	at com.kms.katalon.core.webui.keyword.builtin.VerifyElementTextKeyword.verifyElementText(VerifyElementTextKeyword.groovy:72)
	at com.kms.katalon.core.webui.keyword.builtin.VerifyElementTextKeyword.execute(VerifyElementTextKeyword.groovy:40)
	at com.kms.katalon.core.keyword.internal.KeywordExecutor.executeKeywordForPlatform(KeywordExecutor.groovy:56)
	at com.kms.katalon.core.webui.keyword.WebUiBuiltInKeywords.verifyElementText(WebUiBuiltInKeywords.groovy:3663)
	at com.kms.katalon.core.webui.keyword.WebUiBuiltInKeywords$verifyElementText$14.call(Unknown Source)
	at com.pmo.steps.AddIdeaSteps.searchForApprovedIdeaByName(AddIdeaSteps.groovy:128)
	at ✽.I want to search for approved idea by name(C:/Users/HP/git/PMO-Web-Application/Include/features/Governance-Module/Add-Idea/029-Verify-Related-Project-Link.feature:24)
Caused by: com.kms.katalon.core.exception.StepFailedException: com.kms.katalon.core.webui.exception.WebElementNotFoundException: Web element with id: 'Object Repository/OOBObjects/ApprovedIdeasListObjects/IdeaNameLinkInApprovedIdeasList' located by 'By.xpath: //table[@id='ideasTable']/tbody/tr/td/a' not found
	at com.kms.katalon.core.webui.keyword.internal.WebUIKeywordMain.stepFailed(WebUIKeywordMain.groovy:64)
	at com.kms.katalon.core.webui.keyword.builtin.VerifyElementTextKeyword$_verifyElementText_closure1.doCall(VerifyElementTextKeyword.groovy:64)
	at com.kms.katalon.core.webui.keyword.builtin.VerifyElementTextKeyword$_verifyElementText_closure1.call(VerifyElementTextKeyword.groovy)
	at com.kms.katalon.core.webui.keyword.internal.WebUIKeywordMain.runKeyword(WebUIKeywordMain.groovy:20)
	at com.kms.katalon.core.webui.keyword.builtin.VerifyElementTextKeyword.verifyElementText(VerifyElementTextKeyword.groovy:72)
	at com.kms.katalon.core.webui.keyword.builtin.VerifyElementTextKeyword.execute(VerifyElementTextKeyword.groovy:40)
	at com.kms.katalon.core.keyword.internal.KeywordExecutor.executeKeywordForPlatform(KeywordExecutor.groovy:56)
	at com.kms.katalon.core.webui.keyword.WebUiBuiltInKeywords.verifyElementText(WebUiBuiltInKeywords.groovy:3663)
	at com.kms.katalon.core.webui.keyword.WebUiBuiltInKeywords$verifyElementText$14.call(Unknown Source)
	at com.pmo.steps.AddIdeaSteps.searchForApprovedIdeaByName(AddIdeaSteps.groovy:128)
	at cucumber.runtime.Utils$1.call(Utils.java:26)
	at cucumber.runtime.Timeout.timeout(Timeout.java:16)
	at cucumber.runtime.Utils.invoke(Utils.java:20)
	at cucumber.runtime.java.JavaStepDefinition.execute(JavaStepDefinition.java:48)
	at cucumber.runtime.PickleStepDefinitionMatch.runStep(PickleStepDefinitionMatch.java:50)
	at cucumber.runner.TestStep.executeStep(TestStep.java:55)
	at cucumber.runner.TestStep.run(TestStep.java:42)
	at cucumber.runner.PickleStepTestStep.run(PickleStepTestStep.java:53)
	at cucumber.runner.TestCase.run(TestCase.java:47)
	at cucumber.runner.Runner.runPickle(Runner.java:44)
	at cucumber.runtime.Runtime.runFeature(Runtime.java:120)
	at cucumber.runtime.Runtime.run(Runtime.java:106)
	at cucumber.api.cli.Main.run(Main.java:35)
	at cucumber.api.cli.Main$run.call(Unknown Source)
	at com.kms.katalon.core.cucumber.keyword.CucumberBuiltinKeywords$_runFeatureFile_closure1.doCall(CucumberBuiltinKeywords.groovy:76)
	at com.kms.katalon.core.cucumber.keyword.CucumberBuiltinKeywords$_runFeatureFile_closure1.doCall(CucumberBuiltinKeywords.groovy)
	at com.kms.katalon.core.keyword.internal.KeywordMain.runKeyword(KeywordMain.groovy:66)
	at com.kms.katalon.core.keyword.internal.KeywordMain$runKeyword.call(Unknown Source)
	at com.kms.katalon.core.cucumber.keyword.CucumberBuiltinKeywords.runFeatureFile(CucumberBuiltinKeywords.groovy:46)
	at com.kms.katalon.core.cucumber.keyword.CucumberBuiltinKeywords$runFeatureFile$0.callStatic(Unknown Source)
	at com.kms.katalon.core.cucumber.keyword.CucumberBuiltinKeywords.runFeatureFile(CucumberBuiltinKeywords.groovy:101)
	at com.kms.katalon.core.cucumber.keyword.CucumberBuiltinKeywords$runFeatureFile.call(Unknown Source)
	at 029-Verify-Related-Project-Link.run(029-Verify-Related-Project-Link:18)
	at com.kms.katalon.core.main.ScriptEngine.run(ScriptEngine.java:194)
	at com.kms.katalon.core.main.ScriptEngine.runScriptAsRawText(ScriptEngine.java:119)
	at com.kms.katalon.core.main.TestCaseExecutor.runScript(TestCaseExecutor.java:331)
	at com.kms.katalon.core.main.TestCaseExecutor.doExecute(TestCaseExecutor.java:322)
	at com.kms.katalon.core.main.TestCaseExecutor.processExecutionPhase(TestCaseExecutor.java:301)
	at com.kms.katalon.core.main.TestCaseExecutor.accessMainPhase(TestCaseExecutor.java:293)
	at com.kms.katalon.core.main.TestCaseExecutor.execute(TestCaseExecutor.java:227)
	at com.kms.katalon.core.main.TestSuiteExecutor.accessTestCaseMainPhase(TestSuiteExecutor.java:129)
	at com.kms.katalon.core.main.TestSuiteExecutor.accessTestSuiteMainPhase(TestSuiteExecutor.java:112)
	at com.kms.katalon.core.main.TestSuiteExecutor.execute(TestSuiteExecutor.java:81)
	at com.kms.katalon.core.main.TestCaseMain.startTestSuite(TestCaseMain.java:157)
	at com.kms.katalon.core.main.TestCaseMain$startTestSuite$0.call(Unknown Source)
	at TempTestSuite1556704417080.run(TempTestSuite1556704417080.groovy:35)


2019-05-01 13:11:40 - [TEST_STEP][PASSED] - I want to open browser: I want to open browser

2019-05-01 13:11:40 - [MESSAGE][INFO] - Starting 'Chrome' driver

2019-05-01 13:11:42 - [MESSAGE][PASSED] - Browser is opened with url: ''

2019-05-01 13:11:42 - [MESSAGE][PASSED] - Delete all cookies successfully

2019-05-01 13:11:42 - [MESSAGE][PASSED] - I want to open browser

2019-05-01 13:11:42 - [TEST_STEP][PASSED] - I want to maximize window: I want to maximize window

2019-05-01 13:11:44 - [MESSAGE][PASSED] - Current window maximized

2019-05-01 13:11:44 - [MESSAGE][PASSED] - I want to maximize window

2019-05-01 13:11:44 - [TEST_STEP][PASSED] - I want to go to OOB: I want to go to OOB

2019-05-01 13:11:52 - [MESSAGE][PASSED] - Navigate to 'https://pmoadmin:P@ssw0rd@dev5.cloudapp.net/OOB2/' successfully

2019-05-01 13:11:52 - [MESSAGE][PASSED] - I want to go to OOB

2019-05-01 13:11:52 - [TEST_STEP][PASSED] - I want to verify I'm in OOB main page: I want to verify I'm in OOB main page

2019-05-01 13:11:52 - [MESSAGE][WARNING] - Timeout '0' is invalid. Using default page load timeout: '30'

2019-05-01 13:11:52 - [MESSAGE][PASSED] - Object 'Object Repository/OOBObjects/HomepageObjects/OOBSideBar' is present

2019-05-01 13:11:52 - [MESSAGE][PASSED] - I want to verify I'm in OOB main page

2019-05-01 13:11:52 - [TEST_STEP][PASSED] - I want to go to ideas list page: I want to go to ideas list page

2019-05-01 13:11:58 - [MESSAGE][PASSED] - Object: 'Object Repository/OOBObjects/HomepageObjects/IdeasList' is clicked on

2019-05-01 13:11:58 - [MESSAGE][PASSED] - I want to go to ideas list page

2019-05-01 13:11:58 - [TEST_STEP][PASSED] - I want to click on Add New button: I want to click on Add New button

2019-05-01 13:12:00 - [MESSAGE][PASSED] - Object: 'Object Repository/OOBObjects/IdeasListObjects/AddNewIdeaButton' is clicked on

2019-05-01 13:12:00 - [MESSAGE][PASSED] - I want to click on Add New button

2019-05-01 13:12:00 - [TEST_STEP][PASSED] - I want to fill idea name field: I want to fill idea name field

2019-05-01 13:12:00 - [MESSAGE][PASSED] - Text 'Automation8968' is set on object 'Object Repository/OOBObjects/IdeasListObjects/Idea-Name-Field'

2019-05-01 13:12:00 - [MESSAGE][PASSED] - I want to fill idea name field

2019-05-01 13:12:00 - [TEST_STEP][PASSED] - I want to select expected start date: I want to select expected start date

2019-05-01 13:12:00 - [MESSAGE][PASSED] - Object: 'Object Repository/OOBObjects/IdeasListObjects//GREGORIAN-Start-date-Check-Box' is clicked on

2019-05-01 13:12:00 - [MESSAGE][PASSED] - Object: 'Object Repository/OOBObjects/IdeasListObjects//Excepted-Start-Date' is clicked on

2019-05-01 13:12:00 - [MESSAGE][PASSED] - All options with index in [5] are selected on object 'Object Repository/OOBObjects/IdeasListObjects/StartDateMonthDropDwon'

2019-05-01 13:12:00 - [MESSAGE][PASSED] - Object: 'Object Repository/OOBObjects/IdeasListObjects//Day26' is hovered

2019-05-01 13:12:00 - [MESSAGE][PASSED] - Object: 'Object Repository/OOBObjects/IdeasListObjects//Day26' is clicked on

2019-05-01 13:12:00 - [MESSAGE][PASSED] - I want to select expected start date

2019-05-01 13:12:00 - [TEST_STEP][PASSED] - I want to select expected end date: I want to select expected end date

2019-05-01 13:12:00 - [MESSAGE][PASSED] - Object 'Object Repository/OOBObjects/IdeasListObjects/GREGORIAN-End-Date-Check-Box' is visible

2019-05-01 13:12:00 - [MESSAGE][PASSED] - Object: 'Object Repository/OOBObjects/IdeasListObjects/GREGORIAN-End-Date-Check-Box' is clicked on

2019-05-01 13:12:02 - [MESSAGE][PASSED] - Delayed 2 second(s)

2019-05-01 13:12:02 - [MESSAGE][PASSED] - Object: 'Object Repository/OOBObjects/IdeasListObjects/Excpected-End-Date' is hovered

2019-05-01 13:12:03 - [MESSAGE][PASSED] - Object: 'Object Repository/OOBObjects/IdeasListObjects/Excpected-End-Date' is clicked on

2019-05-01 13:12:03 - [MESSAGE][PASSED] - All options with index in [6] are selected on object 'Object Repository/OOBObjects/IdeasListObjects/EndDateMonthDropdown'

2019-05-01 13:12:03 - [MESSAGE][PASSED] - Object: 'Object Repository/OOBObjects/IdeasListObjects/EndDateDay15' is hovered

2019-05-01 13:12:03 - [MESSAGE][PASSED] - Object: 'Object Repository/OOBObjects/IdeasListObjects/EndDateDay15' is clicked on

2019-05-01 13:12:03 - [MESSAGE][PASSED] - I want to select expected end date

2019-05-01 13:12:03 - [TEST_STEP][PASSED] - I want to fill idea objective field: I want to fill idea objective field

2019-05-01 13:12:03 - [MESSAGE][PASSED] - Text 'Automation' is set on object 'Object Repository/OOBObjects/IdeasListObjects/Idea-Objective-Field'

2019-05-01 13:12:03 - [MESSAGE][PASSED] - I want to fill idea objective field

2019-05-01 13:12:03 - [TEST_STEP][PASSED] - I want to fill expected budget field: I want to fill expected budget field

2019-05-01 13:12:03 - [MESSAGE][PASSED] - Text '10000' is set on object 'Object Repository/OOBObjects/IdeasListObjects/Expected-Budget-Field'

2019-05-01 13:12:03 - [MESSAGE][PASSED] - I want to fill expected budget field

2019-05-01 13:12:03 - [TEST_STEP][PASSED] - I want to fill Notes field: I want to fill Notes field

2019-05-01 13:12:03 - [MESSAGE][PASSED] - Text 'test note' is set on object 'Object Repository/OOBObjects/IdeasListObjects/Notes-Field'

2019-05-01 13:12:03 - [MESSAGE][PASSED] - I want to fill Notes field

2019-05-01 13:12:03 - [TEST_STEP][PASSED] - I want to click send idea button: I want to click send idea button

2019-05-01 13:12:08 - [MESSAGE][PASSED] - Delayed 5 second(s)

2019-05-01 13:12:08 - [MESSAGE][WARNING] - Timeout '0' is invalid. Using default page load timeout: '30'

2019-05-01 13:12:08 - [MESSAGE][PASSED] - Scroll to object 'Object Repository/OOBObjects/IdeasListObjects/CardBlock' successfully

2019-05-01 13:12:08 - [MESSAGE][PASSED] - Object: 'Object Repository/OOBObjects/IdeasListObjects/SendIdeaButton' is clicked on

2019-05-01 13:12:08 - [MESSAGE][PASSED] - I want to click send idea button

2019-05-01 13:12:08 - [TEST_STEP][PASSED] - I want to verify idea added successfuly: I want to verify idea added successfuly

2019-05-01 13:12:08 - [MESSAGE][WARNING] - Timeout '0' is invalid. Using default page load timeout: '30'

2019-05-01 13:12:08 - [MESSAGE][PASSED] - Wait for page load successfully

2019-05-01 13:12:10 - [MESSAGE][PASSED] - Text 'Automation8968' is set on object 'Object Repository/OOBObjects/IdeasListObjects/SearchField'

2019-05-01 13:12:12 - [MESSAGE][PASSED] - Actual text and expected text of test object 'Object Repository/OOBObjects/IdeasListObjects/SearchResult' are matched.

2019-05-01 13:12:12 - [MESSAGE][PASSED] - I want to verify idea added successfuly

2019-05-01 13:12:12 - [TEST_STEP][PASSED] - I want to approve idea: I want to approve idea

2019-05-01 13:12:19 - [MESSAGE][PASSED] - Object: 'Object Repository/OOBObjects/HomepageObjects/InboxIcon' is clicked on

2019-05-01 13:12:19 - [MESSAGE][PASSED] - Object: 'Object Repository/OOBObjects/InboxPageObjects/BeforeInitiatePhase' is clicked on

2019-05-01 13:12:20 - [MESSAGE][PASSED] - Object: 'Object Repository/OOBObjects/InboxPageObjects/FirstIdea' is clicked on

2019-05-01 13:12:20 - [MESSAGE][PASSED] - Object: 'Object Repository/OOBObjects/InboxPageObjects/ApproveIdeaButton' is clicked on

2019-05-01 13:12:28 - [MESSAGE][PASSED] - Object: 'Object Repository/OOBObjects/InboxPageObjects/BeforeInitiatePhase' is clicked on

2019-05-01 13:12:30 - [MESSAGE][PASSED] - Object: 'Object Repository/OOBObjects/InboxPageObjects/FirstIdea' is clicked on

2019-05-01 13:12:30 - [MESSAGE][WARNING] - Timeout '0' is invalid. Using default page load timeout: '30'

2019-05-01 13:12:30 - [MESSAGE][PASSED] - Scroll to object 'Object Repository/OOBObjects/InboxPageObjects/AddNewAttachmentButtonApproveIdea' successfully

2019-05-01 13:12:30 - [MESSAGE][PASSED] - Object: 'Object Repository/OOBObjects/InboxPageObjects/AddNewAttachmentButtonApproveIdea' is clicked on

2019-05-01 13:12:30 - [MESSAGE][PASSED] - File 'C:\Users\HP\Desktop\SK.png' sent to object: 'Object Repository/OOBObjects/InboxPageObjects/UploadFileApproveIdea'

2019-05-01 13:12:30 - [MESSAGE][WARNING] - Timeout '0' is invalid. Using default page load timeout: '30'

2019-05-01 13:12:31 - [MESSAGE][PASSED] - Object 'Object Repository/OOBObjects/InboxPageObjects/AttachedFileApprovedIdea' is present

2019-05-01 13:12:31 - [MESSAGE][PASSED] - Object: 'Object Repository/OOBObjects/InboxPageObjects/LoadButtonApproveIdea' is clicked on

2019-05-01 13:12:31 - [MESSAGE][PASSED] - Object 'Object Repository/OOBObjects/InboxPageObjects/SendAproveIdeaSecondPhase' is clickable

2019-05-01 13:12:31 - [MESSAGE][PASSED] - Object: 'Object Repository/OOBObjects/InboxPageObjects/SendAproveIdeaSecondPhase' is hovered

2019-05-01 13:12:36 - [MESSAGE][PASSED] - Delayed 5 second(s)

2019-05-01 13:12:36 - [MESSAGE][PASSED] - Object: 'Object Repository/OOBObjects/InboxPageObjects/SendAproveIdeaSecondPhase' is clicked on

2019-05-01 13:12:44 - [MESSAGE][PASSED] - Object: 'Object Repository/OOBObjects/InboxPageObjects/BeforeInitiatePhase' is clicked on

2019-05-01 13:12:45 - [MESSAGE][PASSED] - Object: 'Object Repository/OOBObjects/InboxPageObjects/FirstIdea' is clicked on

2019-05-01 13:12:45 - [MESSAGE][PASSED] - Object: 'Object Repository/OOBObjects/InboxPageObjects/StrategicObjectiveCheckBox' is clicked on

2019-05-01 13:12:45 - [MESSAGE][PASSED] - All options with index in [1] are selected on object 'Object Repository/OOBObjects/InboxPageObjects/ddlInitiativesDropdwon'

2019-05-01 13:12:45 - [MESSAGE][PASSED] - Object: 'Object Repository/OOBObjects/InboxPageObjects/SendApproveIdeaThirdPhase' is clicked on

2019-05-01 13:12:54 - [MESSAGE][PASSED] - Object: 'Object Repository/OOBObjects/InboxPageObjects/BeforeInitiatePhase' is clicked on

2019-05-01 13:12:55 - [MESSAGE][PASSED] - Object: 'Object Repository/OOBObjects/InboxPageObjects/FirstIdea' is clicked on

2019-05-01 13:12:55 - [MESSAGE][PASSED] - All options with index in [1] are selected on object 'Object Repository/OOBObjects/InboxPageObjects/WalletDropdownApproveIdea'

2019-05-01 13:12:55 - [MESSAGE][PASSED] - All options with index in [1] are selected on object 'Object Repository/OOBObjects/InboxPageObjects/ProgramDropdownApproveIdea'

2019-05-01 13:12:55 - [MESSAGE][PASSED] - All options with index in [1] are selected on object 'Object Repository/OOBObjects/InboxPageObjects/OwnerDropdownApproveIdea'

2019-05-01 13:12:56 - [MESSAGE][PASSED] - Object: 'Object Repository/OOBObjects/InboxPageObjects/SendApproveIdeaFourthPhase' is clicked on

2019-05-01 13:13:04 - [MESSAGE][PASSED] - Object: 'Object Repository/OOBObjects/InboxPageObjects/BeforeInitiatePhase' is clicked on

2019-05-01 13:13:06 - [MESSAGE][PASSED] - Object: 'Object Repository/OOBObjects/InboxPageObjects/FirstIdea' is clicked on

2019-05-01 13:13:06 - [MESSAGE][PASSED] - Object: 'Object Repository/OOBObjects/InboxPageObjects/ApproveButtonFivthPhase' is clicked on

2019-05-01 13:13:14 - [MESSAGE][PASSED] - Object: 'Object Repository/OOBObjects/InboxPageObjects/BeforeInitiatePhase' is clicked on

2019-05-01 13:13:15 - [MESSAGE][PASSED] - Object: 'Object Repository/OOBObjects/InboxPageObjects/FirstIdea' is clicked on

2019-05-01 13:13:15 - [MESSAGE][PASSED] - Object: 'Object Repository/OOBObjects/InboxPageObjects/GeorgianCheckBoxApproveIdea' is clicked on

2019-05-01 13:13:15 - [MESSAGE][PASSED] - Object: 'Object Repository/OOBObjects/InboxPageObjects/ExceptedExecutionDateApproveIdea' is clicked on

2019-05-01 13:13:15 - [MESSAGE][PASSED] - All options with index in [3] are selected on object 'Object Repository/OOBObjects/InboxPageObjects/MonthsDropdownApproveIdea'

2019-05-01 13:13:15 - [MESSAGE][PASSED] - Object: 'Object Repository/OOBObjects/InboxPageObjects/Day30ApproveIdeaExcutionDate' is hovered

2019-05-01 13:13:15 - [MESSAGE][PASSED] - Object: 'Object Repository/OOBObjects/InboxPageObjects/Day30ApproveIdeaExcutionDate' is clicked on

2019-05-01 13:13:15 - [MESSAGE][PASSED] - All options with index in [1] are selected on object 'Object Repository/OOBObjects/InboxPageObjects/PriorityDropdownApproveIdea'

2019-05-01 13:13:16 - [MESSAGE][PASSED] - Object: 'Object Repository/OOBObjects/InboxPageObjects/SubmitButtonApproveIdae' is clicked on

2019-05-01 13:13:16 - [MESSAGE][PASSED] - I want to approve idea

2019-05-01 13:13:16 - [TEST_STEP][PASSED] - I want to go to OOB: I want to go to OOB

2019-05-01 13:13:17 - [MESSAGE][PASSED] - Navigate to 'https://pmoadmin:P@ssw0rd@dev5.cloudapp.net/OOB2/' successfully

2019-05-01 13:13:17 - [MESSAGE][PASSED] - I want to go to OOB

2019-05-01 13:13:17 - [TEST_STEP][PASSED] - I want to go to approved ideas list page: I want to go to approved ideas list page

2019-05-01 13:13:23 - [MESSAGE][PASSED] - Object: 'Object Repository/OOBObjects/HomepageObjects/ApprovedIdeasList' is clicked on

2019-05-01 13:13:23 - [MESSAGE][PASSED] - I want to go to approved ideas list page

2019-05-01 13:13:23 - [TEST_STEP][FAILED] - I want to search for approved idea by name: I want to search for approved idea by name FAILED.
Reason:
com.kms.katalon.core.exception.StepFailedException: Verify element text of test object 'Object Repository/OOBObjects/ApprovedIdeasListObjects/IdeaNameLinkInApprovedIdeasList' FAILED.
	at com.kms.katalon.core.webui.keyword.internal.WebUIKeywordMain.stepFailed(WebUIKeywordMain.groovy:64)
	at com.kms.katalon.core.webui.keyword.internal.WebUIKeywordMain.runKeyword(WebUIKeywordMain.groovy:26)
	at com.kms.katalon.core.webui.keyword.builtin.VerifyElementTextKeyword.verifyElementText(VerifyElementTextKeyword.groovy:72)
	at com.kms.katalon.core.webui.keyword.builtin.VerifyElementTextKeyword.execute(VerifyElementTextKeyword.groovy:40)
	at com.kms.katalon.core.keyword.internal.KeywordExecutor.executeKeywordForPlatform(KeywordExecutor.groovy:56)
	at com.kms.katalon.core.webui.keyword.WebUiBuiltInKeywords.verifyElementText(WebUiBuiltInKeywords.groovy:3663)
	at com.kms.katalon.core.webui.keyword.WebUiBuiltInKeywords$verifyElementText$14.call(Unknown Source)
	at com.pmo.steps.AddIdeaSteps.searchForApprovedIdeaByName(AddIdeaSteps.groovy:128)
	at ✽.I want to search for approved idea by name(C:/Users/HP/git/PMO-Web-Application/Include/features/Governance-Module/Add-Idea/029-Verify-Related-Project-Link.feature:24)
Caused by: com.kms.katalon.core.exception.StepFailedException: com.kms.katalon.core.webui.exception.WebElementNotFoundException: Web element with id: 'Object Repository/OOBObjects/ApprovedIdeasListObjects/IdeaNameLinkInApprovedIdeasList' located by 'By.xpath: //table[@id='ideasTable']/tbody/tr/td/a' not found
	at com.kms.katalon.core.webui.keyword.internal.WebUIKeywordMain.stepFailed(WebUIKeywordMain.groovy:64)
	at com.kms.katalon.core.webui.keyword.builtin.VerifyElementTextKeyword$_verifyElementText_closure1.doCall(VerifyElementTextKeyword.groovy:64)
	at com.kms.katalon.core.webui.keyword.builtin.VerifyElementTextKeyword$_verifyElementText_closure1.call(VerifyElementTextKeyword.groovy)
	at com.kms.katalon.core.webui.keyword.internal.WebUIKeywordMain.runKeyword(WebUIKeywordMain.groovy:20)
	at com.kms.katalon.core.webui.keyword.builtin.VerifyElementTextKeyword.verifyElementText(VerifyElementTextKeyword.groovy:72)
	at com.kms.katalon.core.webui.keyword.builtin.VerifyElementTextKeyword.execute(VerifyElementTextKeyword.groovy:40)
	at com.kms.katalon.core.keyword.internal.KeywordExecutor.executeKeywordForPlatform(KeywordExecutor.groovy:56)
	at com.kms.katalon.core.webui.keyword.WebUiBuiltInKeywords.verifyElementText(WebUiBuiltInKeywords.groovy:3663)
	at com.kms.katalon.core.webui.keyword.WebUiBuiltInKeywords$verifyElementText$14.call(Unknown Source)
	at com.pmo.steps.AddIdeaSteps.searchForApprovedIdeaByName(AddIdeaSteps.groovy:128)
	at cucumber.runtime.Utils$1.call(Utils.java:26)
	at cucumber.runtime.Timeout.timeout(Timeout.java:16)
	at cucumber.runtime.Utils.invoke(Utils.java:20)
	at cucumber.runtime.java.JavaStepDefinition.execute(JavaStepDefinition.java:48)
	at cucumber.runtime.PickleStepDefinitionMatch.runStep(PickleStepDefinitionMatch.java:50)
	at cucumber.runner.TestStep.executeStep(TestStep.java:55)
	at cucumber.runner.TestStep.run(TestStep.java:42)
	at cucumber.runner.PickleStepTestStep.run(PickleStepTestStep.java:53)
	at cucumber.runner.TestCase.run(TestCase.java:47)
	at cucumber.runner.Runner.runPickle(Runner.java:44)
	at cucumber.runtime.Runtime.runFeature(Runtime.java:120)
	at cucumber.runtime.Runtime.run(Runtime.java:106)
	at cucumber.api.cli.Main.run(Main.java:35)
	at cucumber.api.cli.Main$run.call(Unknown Source)
	at com.kms.katalon.core.cucumber.keyword.CucumberBuiltinKeywords$_runFeatureFile_closure1.doCall(CucumberBuiltinKeywords.groovy:76)
	at com.kms.katalon.core.cucumber.keyword.CucumberBuiltinKeywords$_runFeatureFile_closure1.doCall(CucumberBuiltinKeywords.groovy)
	at com.kms.katalon.core.keyword.internal.KeywordMain.runKeyword(KeywordMain.groovy:66)
	at com.kms.katalon.core.keyword.internal.KeywordMain$runKeyword.call(Unknown Source)
	at com.kms.katalon.core.cucumber.keyword.CucumberBuiltinKeywords.runFeatureFile(CucumberBuiltinKeywords.groovy:46)
	at com.kms.katalon.core.cucumber.keyword.CucumberBuiltinKeywords$runFeatureFile$0.callStatic(Unknown Source)
	at com.kms.katalon.core.cucumber.keyword.CucumberBuiltinKeywords.runFeatureFile(CucumberBuiltinKeywords.groovy:101)
	at com.kms.katalon.core.cucumber.keyword.CucumberBuiltinKeywords$runFeatureFile.call(Unknown Source)
	at 029-Verify-Related-Project-Link.run(029-Verify-Related-Project-Link:18)
	at com.kms.katalon.core.main.ScriptEngine.run(ScriptEngine.java:194)
	at com.kms.katalon.core.main.ScriptEngine.runScriptAsRawText(ScriptEngine.java:119)
	at com.kms.katalon.core.main.TestCaseExecutor.runScript(TestCaseExecutor.java:331)
	at com.kms.katalon.core.main.TestCaseExecutor.doExecute(TestCaseExecutor.java:322)
	at com.kms.katalon.core.main.TestCaseExecutor.processExecutionPhase(TestCaseExecutor.java:301)
	at com.kms.katalon.core.main.TestCaseExecutor.accessMainPhase(TestCaseExecutor.java:293)
	at com.kms.katalon.core.main.TestCaseExecutor.execute(TestCaseExecutor.java:227)
	at com.kms.katalon.core.main.TestSuiteExecutor.accessTestCaseMainPhase(TestSuiteExecutor.java:129)
	at com.kms.katalon.core.main.TestSuiteExecutor.accessTestSuiteMainPhase(TestSuiteExecutor.java:112)
	at com.kms.katalon.core.main.TestSuiteExecutor.execute(TestSuiteExecutor.java:81)
	at com.kms.katalon.core.main.TestCaseMain.startTestSuite(TestCaseMain.java:157)
	at com.kms.katalon.core.main.TestCaseMain$startTestSuite$0.call(Unknown Source)
	at TempTestSuite1556704417080.run(TempTestSuite1556704417080.groovy:35)


2019-05-01 13:13:23 - [MESSAGE][PASSED] - Text 'Automation8968' is set on object 'Object Repository/OOBObjects/ApprovedIdeasListObjects/ApprovedIdeasSearchField'

2019-05-01 13:13:55 - [MESSAGE][INFO] - Unable to find the element located by 'By.xpath: //table[@id='ideasTable']/tbody/tr/td/a'. Please recheck the objects properties to make sure the desired element is located. 

2019-05-01 13:13:55 - [MESSAGE][FAILED] - com.kms.katalon.core.webui.exception.WebElementNotFoundException: Web element with id: 'Object Repository/OOBObjects/ApprovedIdeasListObjects/IdeaNameLinkInApprovedIdeasList' located by 'By.xpath: //table[@id='ideasTable']/tbody/tr/td/a' not found (Root cause: com.kms.katalon.core.exception.StepFailedException: com.kms.katalon.core.webui.exception.WebElementNotFoundException: Web element with id: 'Object Repository/OOBObjects/ApprovedIdeasListObjects/IdeaNameLinkInApprovedIdeasList' located by 'By.xpath: //table[@id='ideasTable']/tbody/tr/td/a' not found
	at com.kms.katalon.core.webui.keyword.internal.WebUIKeywordMain.stepFailed(WebUIKeywordMain.groovy:64)
	at com.kms.katalon.core.webui.keyword.builtin.VerifyElementTextKeyword$_verifyElementText_closure1.doCall(VerifyElementTextKeyword.groovy:64)
	at com.kms.katalon.core.webui.keyword.builtin.VerifyElementTextKeyword$_verifyElementText_closure1.call(VerifyElementTextKeyword.groovy)
	at com.kms.katalon.core.webui.keyword.internal.WebUIKeywordMain.runKeyword(WebUIKeywordMain.groovy:20)
	at com.kms.katalon.core.webui.keyword.builtin.VerifyElementTextKeyword.verifyElementText(VerifyElementTextKeyword.groovy:72)
	at com.kms.katalon.core.webui.keyword.builtin.VerifyElementTextKeyword.execute(VerifyElementTextKeyword.groovy:40)
	at com.kms.katalon.core.keyword.internal.KeywordExecutor.executeKeywordForPlatform(KeywordExecutor.groovy:56)
	at com.kms.katalon.core.webui.keyword.WebUiBuiltInKeywords.verifyElementText(WebUiBuiltInKeywords.groovy:3663)
	at com.kms.katalon.core.webui.keyword.WebUiBuiltInKeywords$verifyElementText$14.call(Unknown Source)
	at com.pmo.steps.AddIdeaSteps.searchForApprovedIdeaByName(AddIdeaSteps.groovy:128)
	at cucumber.runtime.Utils$1.call(Utils.java:26)
	at cucumber.runtime.Timeout.timeout(Timeout.java:16)
	at cucumber.runtime.Utils.invoke(Utils.java:20)
	at cucumber.runtime.java.JavaStepDefinition.execute(JavaStepDefinition.java:48)
	at cucumber.runtime.PickleStepDefinitionMatch.runStep(PickleStepDefinitionMatch.java:50)
	at cucumber.runner.TestStep.executeStep(TestStep.java:55)
	at cucumber.runner.TestStep.run(TestStep.java:42)
	at cucumber.runner.PickleStepTestStep.run(PickleStepTestStep.java:53)
	at cucumber.runner.TestCase.run(TestCase.java:47)
	at cucumber.runner.Runner.runPickle(Runner.java:44)
	at cucumber.runtime.Runtime.runFeature(Runtime.java:120)
	at cucumber.runtime.Runtime.run(Runtime.java:106)
	at cucumber.api.cli.Main.run(Main.java:35)
	at cucumber.api.cli.Main$run.call(Unknown Source)
	at com.kms.katalon.core.cucumber.keyword.CucumberBuiltinKeywords$_runFeatureFile_closure1.doCall(CucumberBuiltinKeywords.groovy:76)
	at com.kms.katalon.core.cucumber.keyword.CucumberBuiltinKeywords$_runFeatureFile_closure1.doCall(CucumberBuiltinKeywords.groovy)
	at com.kms.katalon.core.keyword.internal.KeywordMain.runKeyword(KeywordMain.groovy:66)
	at com.kms.katalon.core.keyword.internal.KeywordMain$runKeyword.call(Unknown Source)
	at com.kms.katalon.core.cucumber.keyword.CucumberBuiltinKeywords.runFeatureFile(CucumberBuiltinKeywords.groovy:46)
	at com.kms.katalon.core.cucumber.keyword.CucumberBuiltinKeywords$runFeatureFile$0.callStatic(Unknown Source)
	at com.kms.katalon.core.cucumber.keyword.CucumberBuiltinKeywords.runFeatureFile(CucumberBuiltinKeywords.groovy:101)
	at com.kms.katalon.core.cucumber.keyword.CucumberBuiltinKeywords$runFeatureFile.call(Unknown Source)
	at 029-Verify-Related-Project-Link.run(029-Verify-Related-Project-Link:18)
	at com.kms.katalon.core.main.ScriptEngine.run(ScriptEngine.java:194)
	at com.kms.katalon.core.main.ScriptEngine.runScriptAsRawText(ScriptEngine.java:119)
	at com.kms.katalon.core.main.TestCaseExecutor.runScript(TestCaseExecutor.java:331)
	at com.kms.katalon.core.main.TestCaseExecutor.doExecute(TestCaseExecutor.java:322)
	at com.kms.katalon.core.main.TestCaseExecutor.processExecutionPhase(TestCaseExecutor.java:301)
	at com.kms.katalon.core.main.TestCaseExecutor.accessMainPhase(TestCaseExecutor.java:293)
	at com.kms.katalon.core.main.TestCaseExecutor.execute(TestCaseExecutor.java:227)
	at com.kms.katalon.core.main.TestSuiteExecutor.accessTestCaseMainPhase(TestSuiteExecutor.java:129)
	at com.kms.katalon.core.main.TestSuiteExecutor.accessTestSuiteMainPhase(TestSuiteExecutor.java:112)
	at com.kms.katalon.core.main.TestSuiteExecutor.execute(TestSuiteExecutor.java:81)
	at com.kms.katalon.core.main.TestCaseMain.startTestSuite(TestCaseMain.java:157)
	at com.kms.katalon.core.main.TestCaseMain$startTestSuite$0.call(Unknown Source)
	at TempTestSuite1556704417080.run(TempTestSuite1556704417080.groovy:35)
)
[[ATTACHMENT|C:\\Users\\HP\\git\\PMO-Web-Application\\Reports\\First-Test-Suite\\20190501_125337\\1556705635230.png]]

2019-05-01 13:13:55 - [MESSAGE][FAILED] - Verify element text of test object 'Object Repository/OOBObjects/ApprovedIdeasListObjects/IdeaNameLinkInApprovedIdeasList' FAILED. (Root cause: com.kms.katalon.core.exception.StepFailedException: Verify element text of test object 'Object Repository/OOBObjects/ApprovedIdeasListObjects/IdeaNameLinkInApprovedIdeasList' FAILED.
	at com.kms.katalon.core.webui.keyword.internal.WebUIKeywordMain.stepFailed(WebUIKeywordMain.groovy:64)
	at com.kms.katalon.core.webui.keyword.internal.WebUIKeywordMain.runKeyword(WebUIKeywordMain.groovy:26)
	at com.kms.katalon.core.webui.keyword.builtin.VerifyElementTextKeyword.verifyElementText(VerifyElementTextKeyword.groovy:72)
	at com.kms.katalon.core.webui.keyword.builtin.VerifyElementTextKeyword.execute(VerifyElementTextKeyword.groovy:40)
	at com.kms.katalon.core.keyword.internal.KeywordExecutor.executeKeywordForPlatform(KeywordExecutor.groovy:56)
	at com.kms.katalon.core.webui.keyword.WebUiBuiltInKeywords.verifyElementText(WebUiBuiltInKeywords.groovy:3663)
	at com.kms.katalon.core.webui.keyword.WebUiBuiltInKeywords$verifyElementText$14.call(Unknown Source)
	at com.pmo.steps.AddIdeaSteps.searchForApprovedIdeaByName(AddIdeaSteps.groovy:128)
	at cucumber.runtime.Utils$1.call(Utils.java:26)
	at cucumber.runtime.Timeout.timeout(Timeout.java:16)
	at cucumber.runtime.Utils.invoke(Utils.java:20)
	at cucumber.runtime.java.JavaStepDefinition.execute(JavaStepDefinition.java:48)
	at cucumber.runtime.PickleStepDefinitionMatch.runStep(PickleStepDefinitionMatch.java:50)
	at cucumber.runner.TestStep.executeStep(TestStep.java:55)
	at cucumber.runner.TestStep.run(TestStep.java:42)
	at cucumber.runner.PickleStepTestStep.run(PickleStepTestStep.java:53)
	at cucumber.runner.TestCase.run(TestCase.java:47)
	at cucumber.runner.Runner.runPickle(Runner.java:44)
	at cucumber.runtime.Runtime.runFeature(Runtime.java:120)
	at cucumber.runtime.Runtime.run(Runtime.java:106)
	at cucumber.api.cli.Main.run(Main.java:35)
	at cucumber.api.cli.Main$run.call(Unknown Source)
	at com.kms.katalon.core.cucumber.keyword.CucumberBuiltinKeywords$_runFeatureFile_closure1.doCall(CucumberBuiltinKeywords.groovy:76)
	at com.kms.katalon.core.cucumber.keyword.CucumberBuiltinKeywords$_runFeatureFile_closure1.doCall(CucumberBuiltinKeywords.groovy)
	at com.kms.katalon.core.keyword.internal.KeywordMain.runKeyword(KeywordMain.groovy:66)
	at com.kms.katalon.core.keyword.internal.KeywordMain$runKeyword.call(Unknown Source)
	at com.kms.katalon.core.cucumber.keyword.CucumberBuiltinKeywords.runFeatureFile(CucumberBuiltinKeywords.groovy:46)
	at com.kms.katalon.core.cucumber.keyword.CucumberBuiltinKeywords$runFeatureFile$0.callStatic(Unknown Source)
	at com.kms.katalon.core.cucumber.keyword.CucumberBuiltinKeywords.runFeatureFile(CucumberBuiltinKeywords.groovy:101)
	at com.kms.katalon.core.cucumber.keyword.CucumberBuiltinKeywords$runFeatureFile.call(Unknown Source)
	at 029-Verify-Related-Project-Link.run(029-Verify-Related-Project-Link:18)
	at com.kms.katalon.core.main.ScriptEngine.run(ScriptEngine.java:194)
	at com.kms.katalon.core.main.ScriptEngine.runScriptAsRawText(ScriptEngine.java:119)
	at com.kms.katalon.core.main.TestCaseExecutor.runScript(TestCaseExecutor.java:331)
	at com.kms.katalon.core.main.TestCaseExecutor.doExecute(TestCaseExecutor.java:322)
	at com.kms.katalon.core.main.TestCaseExecutor.processExecutionPhase(TestCaseExecutor.java:301)
	at com.kms.katalon.core.main.TestCaseExecutor.accessMainPhase(TestCaseExecutor.java:293)
	at com.kms.katalon.core.main.TestCaseExecutor.execute(TestCaseExecutor.java:227)
	at com.kms.katalon.core.main.TestSuiteExecutor.accessTestCaseMainPhase(TestSuiteExecutor.java:129)
	at com.kms.katalon.core.main.TestSuiteExecutor.accessTestSuiteMainPhase(TestSuiteExecutor.java:112)
	at com.kms.katalon.core.main.TestSuiteExecutor.execute(TestSuiteExecutor.java:81)
	at com.kms.katalon.core.main.TestCaseMain.startTestSuite(TestCaseMain.java:157)
	at com.kms.katalon.core.main.TestCaseMain$startTestSuite$0.call(Unknown Source)
	at TempTestSuite1556704417080.run(TempTestSuite1556704417080.groovy:35)
Caused by: com.kms.katalon.core.exception.StepFailedException: com.kms.katalon.core.webui.exception.WebElementNotFoundException: Web element with id: 'Object Repository/OOBObjects/ApprovedIdeasListObjects/IdeaNameLinkInApprovedIdeasList' located by 'By.xpath: //table[@id='ideasTable']/tbody/tr/td/a' not found
	at com.kms.katalon.core.webui.keyword.internal.WebUIKeywordMain.stepFailed(WebUIKeywordMain.groovy:64)
	at com.kms.katalon.core.webui.keyword.builtin.VerifyElementTextKeyword$_verifyElementText_closure1.doCall(VerifyElementTextKeyword.groovy:64)
	at com.kms.katalon.core.webui.keyword.builtin.VerifyElementTextKeyword$_verifyElementText_closure1.call(VerifyElementTextKeyword.groovy)
	at com.kms.katalon.core.webui.keyword.internal.WebUIKeywordMain.runKeyword(WebUIKeywordMain.groovy:20)
	... 42 more
)
[[ATTACHMENT|C:\\Users\\HP\\git\\PMO-Web-Application\\Reports\\First-Test-Suite\\20190501_125337\\1556705635539.png]]

2019-05-01 13:13:55 - [MESSAGE][FAILED] - I want to search for approved idea by name FAILED.
Reason:
com.kms.katalon.core.exception.StepFailedException: Verify element text of test object 'Object Repository/OOBObjects/ApprovedIdeasListObjects/IdeaNameLinkInApprovedIdeasList' FAILED.
	at com.kms.katalon.core.webui.keyword.internal.WebUIKeywordMain.stepFailed(WebUIKeywordMain.groovy:64)
	at com.kms.katalon.core.webui.keyword.internal.WebUIKeywordMain.runKeyword(WebUIKeywordMain.groovy:26)
	at com.kms.katalon.core.webui.keyword.builtin.VerifyElementTextKeyword.verifyElementText(VerifyElementTextKeyword.groovy:72)
	at com.kms.katalon.core.webui.keyword.builtin.VerifyElementTextKeyword.execute(VerifyElementTextKeyword.groovy:40)
	at com.kms.katalon.core.keyword.internal.KeywordExecutor.executeKeywordForPlatform(KeywordExecutor.groovy:56)
	at com.kms.katalon.core.webui.keyword.WebUiBuiltInKeywords.verifyElementText(WebUiBuiltInKeywords.groovy:3663)
	at com.kms.katalon.core.webui.keyword.WebUiBuiltInKeywords$verifyElementText$14.call(Unknown Source)
	at com.pmo.steps.AddIdeaSteps.searchForApprovedIdeaByName(AddIdeaSteps.groovy:128)
	at ✽.I want to search for approved idea by name(C:/Users/HP/git/PMO-Web-Application/Include/features/Governance-Module/Add-Idea/029-Verify-Related-Project-Link.feature:24)
Caused by: com.kms.katalon.core.exception.StepFailedException: com.kms.katalon.core.webui.exception.WebElementNotFoundException: Web element with id: 'Object Repository/OOBObjects/ApprovedIdeasListObjects/IdeaNameLinkInApprovedIdeasList' located by 'By.xpath: //table[@id='ideasTable']/tbody/tr/td/a' not found
	at com.kms.katalon.core.webui.keyword.internal.WebUIKeywordMain.stepFailed(WebUIKeywordMain.groovy:64)
	at com.kms.katalon.core.webui.keyword.builtin.VerifyElementTextKeyword$_verifyElementText_closure1.doCall(VerifyElementTextKeyword.groovy:64)
	at com.kms.katalon.core.webui.keyword.builtin.VerifyElementTextKeyword$_verifyElementText_closure1.call(VerifyElementTextKeyword.groovy)
	at com.kms.katalon.core.webui.keyword.internal.WebUIKeywordMain.runKeyword(WebUIKeywordMain.groovy:20)
	at com.kms.katalon.core.webui.keyword.builtin.VerifyElementTextKeyword.verifyElementText(VerifyElementTextKeyword.groovy:72)
	at com.kms.katalon.core.webui.keyword.builtin.VerifyElementTextKeyword.execute(VerifyElementTextKeyword.groovy:40)
	at com.kms.katalon.core.keyword.internal.KeywordExecutor.executeKeywordForPlatform(KeywordExecutor.groovy:56)
	at com.kms.katalon.core.webui.keyword.WebUiBuiltInKeywords.verifyElementText(WebUiBuiltInKeywords.groovy:3663)
	at com.kms.katalon.core.webui.keyword.WebUiBuiltInKeywords$verifyElementText$14.call(Unknown Source)
	at com.pmo.steps.AddIdeaSteps.searchForApprovedIdeaByName(AddIdeaSteps.groovy:128)
	at cucumber.runtime.Utils$1.call(Utils.java:26)
	at cucumber.runtime.Timeout.timeout(Timeout.java:16)
	at cucumber.runtime.Utils.invoke(Utils.java:20)
	at cucumber.runtime.java.JavaStepDefinition.execute(JavaStepDefinition.java:48)
	at cucumber.runtime.PickleStepDefinitionMatch.runStep(PickleStepDefinitionMatch.java:50)
	at cucumber.runner.TestStep.executeStep(TestStep.java:55)
	at cucumber.runner.TestStep.run(TestStep.java:42)
	at cucumber.runner.PickleStepTestStep.run(PickleStepTestStep.java:53)
	at cucumber.runner.TestCase.run(TestCase.java:47)
	at cucumber.runner.Runner.runPickle(Runner.java:44)
	at cucumber.runtime.Runtime.runFeature(Runtime.java:120)
	at cucumber.runtime.Runtime.run(Runtime.java:106)
	at cucumber.api.cli.Main.run(Main.java:35)
	at cucumber.api.cli.Main$run.call(Unknown Source)
	at com.kms.katalon.core.cucumber.keyword.CucumberBuiltinKeywords$_runFeatureFile_closure1.doCall(CucumberBuiltinKeywords.groovy:76)
	at com.kms.katalon.core.cucumber.keyword.CucumberBuiltinKeywords$_runFeatureFile_closure1.doCall(CucumberBuiltinKeywords.groovy)
	at com.kms.katalon.core.keyword.internal.KeywordMain.runKeyword(KeywordMain.groovy:66)
	at com.kms.katalon.core.keyword.internal.KeywordMain$runKeyword.call(Unknown Source)
	at com.kms.katalon.core.cucumber.keyword.CucumberBuiltinKeywords.runFeatureFile(CucumberBuiltinKeywords.groovy:46)
	at com.kms.katalon.core.cucumber.keyword.CucumberBuiltinKeywords$runFeatureFile$0.callStatic(Unknown Source)
	at com.kms.katalon.core.cucumber.keyword.CucumberBuiltinKeywords.runFeatureFile(CucumberBuiltinKeywords.groovy:101)
	at com.kms.katalon.core.cucumber.keyword.CucumberBuiltinKeywords$runFeatureFile.call(Unknown Source)
	at 029-Verify-Related-Project-Link.run(029-Verify-Related-Project-Link:18)
	at com.kms.katalon.core.main.ScriptEngine.run(ScriptEngine.java:194)
	at com.kms.katalon.core.main.ScriptEngine.runScriptAsRawText(ScriptEngine.java:119)
	at com.kms.katalon.core.main.TestCaseExecutor.runScript(TestCaseExecutor.java:331)
	at com.kms.katalon.core.main.TestCaseExecutor.doExecute(TestCaseExecutor.java:322)
	at com.kms.katalon.core.main.TestCaseExecutor.processExecutionPhase(TestCaseExecutor.java:301)
	at com.kms.katalon.core.main.TestCaseExecutor.accessMainPhase(TestCaseExecutor.java:293)
	at com.kms.katalon.core.main.TestCaseExecutor.execute(TestCaseExecutor.java:227)
	at com.kms.katalon.core.main.TestSuiteExecutor.accessTestCaseMainPhase(TestSuiteExecutor.java:129)
	at com.kms.katalon.core.main.TestSuiteExecutor.accessTestSuiteMainPhase(TestSuiteExecutor.java:112)
	at com.kms.katalon.core.main.TestSuiteExecutor.execute(TestSuiteExecutor.java:81)
	at com.kms.katalon.core.main.TestCaseMain.startTestSuite(TestCaseMain.java:157)
	at com.kms.katalon.core.main.TestCaseMain$startTestSuite$0.call(Unknown Source)
	at TempTestSuite1556704417080.run(TempTestSuite1556704417080.groovy:35)


2019-05-01 13:13:55 - [TEST_STEP][NOT_RUN] - I want to click Excute button: I want to click Excute button

2019-05-01 13:13:55 - [MESSAGE][NOT_RUN] - I want to click Excute button

2019-05-01 13:13:55 - [TEST_STEP][NOT_RUN] - I want to verify im in add new project page: I want to verify im in add new project page

2019-05-01 13:13:55 - [MESSAGE][NOT_RUN] - I want to verify im in add new project page

2019-05-01 13:13:55 - [TEST_STEP][NOT_RUN] - I want to select project type: I want to select project type

2019-05-01 13:13:55 - [MESSAGE][NOT_RUN] - I want to select project type

2019-05-01 13:13:55 - [TEST_STEP][NOT_RUN] - I want to fill project manager field: I want to fill project manager field

2019-05-01 13:13:55 - [MESSAGE][NOT_RUN] - I want to fill project manager field

2019-05-01 13:13:55 - [TEST_STEP][NOT_RUN] - I want to tap enter key on manager field: I want to tap enter key on manager field

2019-05-01 13:13:55 - [MESSAGE][NOT_RUN] - I want to tap enter key on manager field

2019-05-01 13:13:55 - [TEST_STEP][NOT_RUN] - I want to fill project owner field: I want to fill project owner field

2019-05-01 13:13:55 - [MESSAGE][NOT_RUN] - I want to fill project owner field

2019-05-01 13:13:55 - [TEST_STEP][NOT_RUN] - I want to tap enter key on owner field: I want to tap enter key on owner field

2019-05-01 13:13:55 - [MESSAGE][NOT_RUN] - I want to tap enter key on owner field

2019-05-01 13:13:55 - [TEST_STEP][NOT_RUN] - I want to fill project sponser field: I want to fill project sponser field

2019-05-01 13:13:55 - [MESSAGE][NOT_RUN] - I want to fill project sponser field

2019-05-01 13:13:55 - [TEST_STEP][NOT_RUN] - I want to tap enter key on sponser field: I want to tap enter key on sponser field

2019-05-01 13:13:55 - [MESSAGE][NOT_RUN] - I want to tap enter key on sponser field

2019-05-01 13:13:55 - [TEST_STEP][NOT_RUN] - I want to fill project description field: I want to fill project description field

2019-05-01 13:13:55 - [MESSAGE][NOT_RUN] - I want to fill project description field

2019-05-01 13:13:55 - [TEST_STEP][NOT_RUN] - I want to fill project notes field: I want to fill project notes field

2019-05-01 13:13:55 - [MESSAGE][NOT_RUN] - I want to fill project notes field

2019-05-01 13:13:55 - [TEST_STEP][NOT_RUN] - I want to wait: I want to wait

2019-05-01 13:13:55 - [MESSAGE][NOT_RUN] - I want to wait

2019-05-01 13:13:55 - [TEST_STEP][NOT_RUN] - I want to click on send project button: I want to click on send project button

2019-05-01 13:13:55 - [MESSAGE][NOT_RUN] - I want to click on send project button

2019-05-01 13:13:55 - [TEST_STEP][NOT_RUN] - I want to wait for page load: I want to wait for page load

2019-05-01 13:13:55 - [MESSAGE][NOT_RUN] - I want to wait for page load

2019-05-01 13:13:55 - [TEST_STEP][NOT_RUN] - I want to check im in projects list page: I want to check im in projects list page

2019-05-01 13:13:55 - [MESSAGE][NOT_RUN] - I want to check im in projects list page

2019-05-01 13:13:55 - [TEST_STEP][NOT_RUN] - I want to search for project by name: I want to search for project by name

2019-05-01 13:13:55 - [MESSAGE][NOT_RUN] - I want to search for project by name

2019-05-01 13:13:55 - [TEST_STEP][NOT_RUN] - I want to go to approved ideas list page: I want to go to approved ideas list page

2019-05-01 13:13:55 - [MESSAGE][NOT_RUN] - I want to go to approved ideas list page

2019-05-01 13:13:55 - [TEST_STEP][NOT_RUN] - I want to search for approved idea by name: I want to search for approved idea by name

2019-05-01 13:13:55 - [MESSAGE][NOT_RUN] - I want to search for approved idea by name

2019-05-01 13:13:55 - [TEST_STEP][NOT_RUN] - I want to click on related project link: I want to click on related project link

2019-05-01 13:13:55 - [MESSAGE][NOT_RUN] - I want to click on related project link

2019-05-01 13:13:55 - [TEST_STEP][NOT_RUN] - I want to verify Project Charter page: I want to verify Project Charter page

2019-05-01 13:13:55 - [MESSAGE][NOT_RUN] - I want to verify Project Charter page

2019-05-01 13:13:55 - [TEST_STEP][NOT_RUN] - I want to close browser: I want to close browser

2019-05-01 13:13:55 - [MESSAGE][NOT_RUN] - I want to close browser

2019-05-01 13:13:55 - [MESSAGE][FAILED] - Feature file 'Include/features/Governance-Module/Add-Idea/029-Verify-Related-Project-Link.feature' was failed

2019-05-01 13:13:55 - [MESSAGE][FAILED] - Keyword runFeatureFile was failed (Root cause: com.kms.katalon.core.exception.StepFailedException: Feature file 'Include/features/Governance-Module/Add-Idea/029-Verify-Related-Project-Link.feature' was failed
	at com.kms.katalon.core.keyword.internal.KeywordMain.stepFailed(KeywordMain.groovy:48)
	at com.kms.katalon.core.keyword.internal.KeywordMain.stepFailed(KeywordMain.groovy)
	at com.kms.katalon.core.keyword.internal.KeywordMain.stepFailed(KeywordMain.groovy:21)
	at com.kms.katalon.core.keyword.internal.KeywordMain$stepFailed$0.call(Unknown Source)
	at com.kms.katalon.core.cucumber.keyword.CucumberBuiltinKeywords$_runFeatureFile_closure1.doCall(CucumberBuiltinKeywords.groovy:82)
	at com.kms.katalon.core.cucumber.keyword.CucumberBuiltinKeywords$_runFeatureFile_closure1.doCall(CucumberBuiltinKeywords.groovy)
	at com.kms.katalon.core.keyword.internal.KeywordMain.runKeyword(KeywordMain.groovy:66)
	at com.kms.katalon.core.keyword.internal.KeywordMain$runKeyword.call(Unknown Source)
	at com.kms.katalon.core.cucumber.keyword.CucumberBuiltinKeywords.runFeatureFile(CucumberBuiltinKeywords.groovy:46)
	at com.kms.katalon.core.cucumber.keyword.CucumberBuiltinKeywords$runFeatureFile$0.callStatic(Unknown Source)
	at com.kms.katalon.core.cucumber.keyword.CucumberBuiltinKeywords.runFeatureFile(CucumberBuiltinKeywords.groovy:101)
	at com.kms.katalon.core.cucumber.keyword.CucumberBuiltinKeywords$runFeatureFile.call(Unknown Source)
	at 029-Verify-Related-Project-Link.run(029-Verify-Related-Project-Link:18)
	at com.kms.katalon.core.main.ScriptEngine.run(ScriptEngine.java:194)
	at com.kms.katalon.core.main.ScriptEngine.runScriptAsRawText(ScriptEngine.java:119)
	at com.kms.katalon.core.main.TestCaseExecutor.runScript(TestCaseExecutor.java:331)
	at com.kms.katalon.core.main.TestCaseExecutor.doExecute(TestCaseExecutor.java:322)
	at com.kms.katalon.core.main.TestCaseExecutor.processExecutionPhase(TestCaseExecutor.java:301)
	at com.kms.katalon.core.main.TestCaseExecutor.accessMainPhase(TestCaseExecutor.java:293)
	at com.kms.katalon.core.main.TestCaseExecutor.execute(TestCaseExecutor.java:227)
	at com.kms.katalon.core.main.TestSuiteExecutor.accessTestCaseMainPhase(TestSuiteExecutor.java:129)
	at com.kms.katalon.core.main.TestSuiteExecutor.accessTestSuiteMainPhase(TestSuiteExecutor.java:112)
	at com.kms.katalon.core.main.TestSuiteExecutor.execute(TestSuiteExecutor.java:81)
	at com.kms.katalon.core.main.TestCaseMain.startTestSuite(TestCaseMain.java:157)
	at com.kms.katalon.core.main.TestCaseMain$startTestSuite$0.call(Unknown Source)
	at TempTestSuite1556704417080.run(TempTestSuite1556704417080.groovy:35)
)

2019-05-01 13:13:55 - [MESSAGE][FAILED] - runFeatureFile("Include/features/Governance-Module/Add-Idea/029-Verify-Related-Project-Link.feature") FAILED.
Reason:
com.kms.katalon.core.exception.StepFailedException: Feature file 'Include/features/Governance-Module/Add-Idea/029-Verify-Related-Project-Link.feature' was failed
	at com.kms.katalon.core.keyword.internal.KeywordMain.stepFailed(KeywordMain.groovy:48)
	at com.kms.katalon.core.keyword.internal.KeywordMain.stepFailed(KeywordMain.groovy)
	at com.kms.katalon.core.keyword.internal.KeywordMain.stepFailed(KeywordMain.groovy:21)
	at com.kms.katalon.core.keyword.internal.KeywordMain$stepFailed$0.call(Unknown Source)
	at com.kms.katalon.core.cucumber.keyword.CucumberBuiltinKeywords$_runFeatureFile_closure1.doCall(CucumberBuiltinKeywords.groovy:82)
	at com.kms.katalon.core.cucumber.keyword.CucumberBuiltinKeywords$_runFeatureFile_closure1.doCall(CucumberBuiltinKeywords.groovy)
	at com.kms.katalon.core.keyword.internal.KeywordMain.runKeyword(KeywordMain.groovy:66)
	at com.kms.katalon.core.keyword.internal.KeywordMain$runKeyword.call(Unknown Source)
	at com.kms.katalon.core.cucumber.keyword.CucumberBuiltinKeywords.runFeatureFile(CucumberBuiltinKeywords.groovy:46)
	at com.kms.katalon.core.cucumber.keyword.CucumberBuiltinKeywords$runFeatureFile$0.callStatic(Unknown Source)
	at com.kms.katalon.core.cucumber.keyword.CucumberBuiltinKeywords.runFeatureFile(CucumberBuiltinKeywords.groovy:101)
	at com.kms.katalon.core.cucumber.keyword.CucumberBuiltinKeywords$runFeatureFile.call(Unknown Source)
	at 029-Verify-Related-Project-Link.run(029-Verify-Related-Project-Link:18)
	at com.kms.katalon.core.main.ScriptEngine.run(ScriptEngine.java:194)
	at com.kms.katalon.core.main.ScriptEngine.runScriptAsRawText(ScriptEngine.java:119)
	at com.kms.katalon.core.main.TestCaseExecutor.runScript(TestCaseExecutor.java:331)
	at com.kms.katalon.core.main.TestCaseExecutor.doExecute(TestCaseExecutor.java:322)
	at com.kms.katalon.core.main.TestCaseExecutor.processExecutionPhase(TestCaseExecutor.java:301)
	at com.kms.katalon.core.main.TestCaseExecutor.accessMainPhase(TestCaseExecutor.java:293)
	at com.kms.katalon.core.main.TestCaseExecutor.execute(TestCaseExecutor.java:227)
	at com.kms.katalon.core.main.TestSuiteExecutor.accessTestCaseMainPhase(TestSuiteExecutor.java:129)
	at com.kms.katalon.core.main.TestSuiteExecutor.accessTestSuiteMainPhase(TestSuiteExecutor.java:112)
	at com.kms.katalon.core.main.TestSuiteExecutor.execute(TestSuiteExecutor.java:81)
	at com.kms.katalon.core.main.TestCaseMain.startTestSuite(TestCaseMain.java:157)
	at com.kms.katalon.core.main.TestCaseMain$startTestSuite$0.call(Unknown Source)
	at TempTestSuite1556704417080.run(TempTestSuite1556704417080.groovy:35)]]></system-out>
         <system-err><![CDATA[2019-05-01 13:11:40 - [TEST_CASE][FAILED] - Test Cases/Main-Test-Cases/029-Verify-Related-Project-Link: Test Cases/Main-Test-Cases/029-Verify-Related-Project-Link FAILED.
Reason:
com.kms.katalon.core.exception.StepFailedException: Feature file 'Include/features/Governance-Module/Add-Idea/029-Verify-Related-Project-Link.feature' was failed
	at com.kms.katalon.core.keyword.internal.KeywordMain.stepFailed(KeywordMain.groovy:48)
	at com.kms.katalon.core.keyword.internal.KeywordMain.stepFailed(KeywordMain.groovy)
	at com.kms.katalon.core.keyword.internal.KeywordMain.stepFailed(KeywordMain.groovy:21)
	at com.kms.katalon.core.keyword.internal.KeywordMain$stepFailed$0.call(Unknown Source)
	at com.kms.katalon.core.cucumber.keyword.CucumberBuiltinKeywords$_runFeatureFile_closure1.doCall(CucumberBuiltinKeywords.groovy:82)
	at com.kms.katalon.core.cucumber.keyword.CucumberBuiltinKeywords$_runFeatureFile_closure1.doCall(CucumberBuiltinKeywords.groovy)
	at com.kms.katalon.core.keyword.internal.KeywordMain.runKeyword(KeywordMain.groovy:66)
	at com.kms.katalon.core.keyword.internal.KeywordMain$runKeyword.call(Unknown Source)
	at com.kms.katalon.core.cucumber.keyword.CucumberBuiltinKeywords.runFeatureFile(CucumberBuiltinKeywords.groovy:46)
	at com.kms.katalon.core.cucumber.keyword.CucumberBuiltinKeywords$runFeatureFile$0.callStatic(Unknown Source)
	at com.kms.katalon.core.cucumber.keyword.CucumberBuiltinKeywords.runFeatureFile(CucumberBuiltinKeywords.groovy:101)
	at com.kms.katalon.core.cucumber.keyword.CucumberBuiltinKeywords$runFeatureFile.call(Unknown Source)
	at 029-Verify-Related-Project-Link.run(029-Verify-Related-Project-Link:18)
	at com.kms.katalon.core.main.ScriptEngine.run(ScriptEngine.java:194)
	at com.kms.katalon.core.main.ScriptEngine.runScriptAsRawText(ScriptEngine.java:119)
	at com.kms.katalon.core.main.TestCaseExecutor.runScript(TestCaseExecutor.java:331)
	at com.kms.katalon.core.main.TestCaseExecutor.doExecute(TestCaseExecutor.java:322)
	at com.kms.katalon.core.main.TestCaseExecutor.processExecutionPhase(TestCaseExecutor.java:301)
	at com.kms.katalon.core.main.TestCaseExecutor.accessMainPhase(TestCaseExecutor.java:293)
	at com.kms.katalon.core.main.TestCaseExecutor.execute(TestCaseExecutor.java:227)
	at com.kms.katalon.core.main.TestSuiteExecutor.accessTestCaseMainPhase(TestSuiteExecutor.java:129)
	at com.kms.katalon.core.main.TestSuiteExecutor.accessTestSuiteMainPhase(TestSuiteExecutor.java:112)
	at com.kms.katalon.core.main.TestSuiteExecutor.execute(TestSuiteExecutor.java:81)
	at com.kms.katalon.core.main.TestCaseMain.startTestSuite(TestCaseMain.java:157)
	at com.kms.katalon.core.main.TestCaseMain$startTestSuite$0.call(Unknown Source)
	at TempTestSuite1556704417080.run(TempTestSuite1556704417080.groovy:35)]]></system-err>
      </testcase>
      <testcase name="Test Cases/Main-Test-Cases/030-View-Project-List" classname="Test Cases/Main-Test-Cases/030-View-Project-List" status="PASSED">
         <system-out><![CDATA[2019-05-01 13:13:55 - [TEST_CASE][PASSED] - Test Cases/Main-Test-Cases/030-View-Project-List: Test Cases/Main-Test-Cases/030-View-Project-List

2019-05-01 13:13:55 - [TEST_STEP][PASSED] - runFeatureFile("Include/features/Governance-Module/Add-Idea/030-View-Project-List.feature"): Feature file: 'Include/features/Governance-Module/Add-Idea/030-View-Project-List.feature' was passed

2019-05-01 13:13:55 - [MESSAGE][INFO] - Starting run keyword runFeatureFile: 'Include/features/Governance-Module/Add-Idea/030-View-Project-List.feature' and extract report to folder: 'C:\Users\HP\git\PMO-Web-Application\Reports\First-Test-Suite\20190501_125337/cucumber_report/1556705635895'...

2019-05-01 13:13:56 - [TEST_CASE][PASSED] - Start Test Case : SCENARIO View Project List: SCENARIO View Project List

2019-05-01 13:13:56 - [TEST_STEP][PASSED] - I want to open browser: I want to open browser

2019-05-01 13:13:56 - [MESSAGE][WARNING] - A browser is already opened. Closing browser and opening a new one

2019-05-01 13:13:56 - [MESSAGE][INFO] - Starting 'Chrome' driver

2019-05-01 13:13:58 - [MESSAGE][PASSED] - Browser is opened with url: ''

2019-05-01 13:13:58 - [MESSAGE][PASSED] - Delete all cookies successfully

2019-05-01 13:13:58 - [MESSAGE][PASSED] - I want to open browser

2019-05-01 13:13:58 - [TEST_STEP][PASSED] - I want to maximize window: I want to maximize window

2019-05-01 13:13:59 - [MESSAGE][PASSED] - Current window maximized

2019-05-01 13:13:59 - [MESSAGE][PASSED] - I want to maximize window

2019-05-01 13:13:59 - [TEST_STEP][PASSED] - I want to go to OOB: I want to go to OOB

2019-05-01 13:14:08 - [MESSAGE][PASSED] - Navigate to 'https://pmoadmin:P@ssw0rd@dev5.cloudapp.net/OOB2/' successfully

2019-05-01 13:14:08 - [MESSAGE][PASSED] - I want to go to OOB

2019-05-01 13:14:08 - [TEST_STEP][PASSED] - I want to verify I'm in OOB main page: I want to verify I'm in OOB main page

2019-05-01 13:14:08 - [MESSAGE][WARNING] - Timeout '0' is invalid. Using default page load timeout: '30'

2019-05-01 13:14:08 - [MESSAGE][PASSED] - Object 'Object Repository/OOBObjects/HomepageObjects/OOBSideBar' is present

2019-05-01 13:14:08 - [MESSAGE][PASSED] - I want to verify I'm in OOB main page

2019-05-01 13:14:08 - [TEST_STEP][PASSED] - I want to go to projects list: I want to go to projects list

2019-05-01 13:14:15 - [MESSAGE][PASSED] - Object: 'Object Repository/OOBObjects/HomepageObjects/ProjectsList' is clicked on

2019-05-01 13:14:15 - [MESSAGE][PASSED] - I want to go to projects list

2019-05-01 13:14:15 - [TEST_STEP][PASSED] - I want to verify project list page: I want to verify project list page

2019-05-01 13:14:15 - [MESSAGE][WARNING] - Timeout '0' is invalid. Using default page load timeout: '30'

2019-05-01 13:14:15 - [MESSAGE][PASSED] - Object 'Object Repository/OOBObjects/ProjectsListObjects/ProjectsListTitle' is present

2019-05-01 13:14:15 - [MESSAGE][WARNING] - Timeout '0' is invalid. Using default page load timeout: '30'

2019-05-01 13:14:15 - [MESSAGE][PASSED] - Object 'Object Repository/OOBObjects/ProjectsListObjects/ProjectCodeColumn' is present

2019-05-01 13:14:15 - [MESSAGE][WARNING] - Timeout '0' is invalid. Using default page load timeout: '30'

2019-05-01 13:14:15 - [MESSAGE][PASSED] - Object 'Object Repository/OOBObjects/ProjectsListObjects/ProjectNameColumn' is present

2019-05-01 13:14:15 - [MESSAGE][WARNING] - Timeout '0' is invalid. Using default page load timeout: '30'

2019-05-01 13:14:15 - [MESSAGE][PASSED] - Object 'Object Repository/OOBObjects/ProjectsListObjects/ProjectStatusColumn' is present

2019-05-01 13:14:15 - [MESSAGE][WARNING] - Timeout '0' is invalid. Using default page load timeout: '30'

2019-05-01 13:14:15 - [MESSAGE][PASSED] - Object 'Object Repository/OOBObjects/ProjectsListObjects/ProjectStageColumn' is present

2019-05-01 13:14:15 - [MESSAGE][WARNING] - Timeout '0' is invalid. Using default page load timeout: '30'

2019-05-01 13:14:15 - [MESSAGE][PASSED] - Object 'Object Repository/OOBObjects/ProjectsListObjects/ActionsColumn' is present

2019-05-01 13:14:15 - [MESSAGE][PASSED] - I want to verify project list page

2019-05-01 13:14:15 - [MESSAGE][PASSED] - Feature file: 'Include/features/Governance-Module/Add-Idea/030-View-Project-List.feature' was passed]]></system-out>
         <system-err><![CDATA[]]></system-err>
      </testcase>
      <testcase name="Test Cases/Main-Test-Cases/031-Verify-Project-Creation-Form" classname="Test Cases/Main-Test-Cases/031-Verify-Project-Creation-Form" status="PASSED">
         <system-out><![CDATA[2019-05-01 13:14:15 - [TEST_CASE][PASSED] - Test Cases/Main-Test-Cases/031-Verify-Project-Creation-Form: Test Cases/Main-Test-Cases/031-Verify-Project-Creation-Form

2019-05-01 13:14:15 - [TEST_STEP][PASSED] - runFeatureFile("Include/features/Governance-Module/Add-Idea/031-Verify-Project-Creation-Form.feature"): Feature file: 'Include/features/Governance-Module/Add-Idea/031-Verify-Project-Creation-Form.feature' was passed

2019-05-01 13:14:15 - [MESSAGE][INFO] - Starting run keyword runFeatureFile: 'Include/features/Governance-Module/Add-Idea/031-Verify-Project-Creation-Form.feature' and extract report to folder: 'C:\Users\HP\git\PMO-Web-Application\Reports\First-Test-Suite\20190501_125337/cucumber_report/1556705655816'...

2019-05-01 13:14:15 - [TEST_CASE][PASSED] - Start Test Case : SCENARIO View Project List: SCENARIO View Project List

2019-05-01 13:14:15 - [TEST_STEP][PASSED] - I want to open browser: I want to open browser

2019-05-01 13:14:15 - [MESSAGE][WARNING] - A browser is already opened. Closing browser and opening a new one

2019-05-01 13:14:16 - [MESSAGE][INFO] - Starting 'Chrome' driver

2019-05-01 13:14:18 - [MESSAGE][PASSED] - Browser is opened with url: ''

2019-05-01 13:14:18 - [MESSAGE][PASSED] - Delete all cookies successfully

2019-05-01 13:14:18 - [MESSAGE][PASSED] - I want to open browser

2019-05-01 13:14:18 - [TEST_STEP][PASSED] - I want to maximize window: I want to maximize window

2019-05-01 13:14:19 - [MESSAGE][PASSED] - Current window maximized

2019-05-01 13:14:19 - [MESSAGE][PASSED] - I want to maximize window

2019-05-01 13:14:19 - [TEST_STEP][PASSED] - I want to go to OOB: I want to go to OOB

2019-05-01 13:14:27 - [MESSAGE][PASSED] - Navigate to 'https://pmoadmin:P@ssw0rd@dev5.cloudapp.net/OOB2/' successfully

2019-05-01 13:14:27 - [MESSAGE][PASSED] - I want to go to OOB

2019-05-01 13:14:27 - [TEST_STEP][PASSED] - I want to verify I'm in OOB main page: I want to verify I'm in OOB main page

2019-05-01 13:14:27 - [MESSAGE][WARNING] - Timeout '0' is invalid. Using default page load timeout: '30'

2019-05-01 13:14:27 - [MESSAGE][PASSED] - Object 'Object Repository/OOBObjects/HomepageObjects/OOBSideBar' is present

2019-05-01 13:14:27 - [MESSAGE][PASSED] - I want to verify I'm in OOB main page

2019-05-01 13:14:27 - [TEST_STEP][PASSED] - I want to go to projects list: I want to go to projects list

2019-05-01 13:14:34 - [MESSAGE][PASSED] - Object: 'Object Repository/OOBObjects/HomepageObjects/ProjectsList' is clicked on

2019-05-01 13:14:34 - [MESSAGE][PASSED] - I want to go to projects list

2019-05-01 13:14:34 - [TEST_STEP][PASSED] - I want to verify project list page: I want to verify project list page

2019-05-01 13:14:34 - [MESSAGE][WARNING] - Timeout '0' is invalid. Using default page load timeout: '30'

2019-05-01 13:14:34 - [MESSAGE][PASSED] - Object 'Object Repository/OOBObjects/ProjectsListObjects/ProjectsListTitle' is present

2019-05-01 13:14:34 - [MESSAGE][WARNING] - Timeout '0' is invalid. Using default page load timeout: '30'

2019-05-01 13:14:34 - [MESSAGE][PASSED] - Object 'Object Repository/OOBObjects/ProjectsListObjects/ProjectCodeColumn' is present

2019-05-01 13:14:34 - [MESSAGE][WARNING] - Timeout '0' is invalid. Using default page load timeout: '30'

2019-05-01 13:14:34 - [MESSAGE][PASSED] - Object 'Object Repository/OOBObjects/ProjectsListObjects/ProjectNameColumn' is present

2019-05-01 13:14:34 - [MESSAGE][WARNING] - Timeout '0' is invalid. Using default page load timeout: '30'

2019-05-01 13:14:34 - [MESSAGE][PASSED] - Object 'Object Repository/OOBObjects/ProjectsListObjects/ProjectStatusColumn' is present

2019-05-01 13:14:34 - [MESSAGE][WARNING] - Timeout '0' is invalid. Using default page load timeout: '30'

2019-05-01 13:14:34 - [MESSAGE][PASSED] - Object 'Object Repository/OOBObjects/ProjectsListObjects/ProjectStageColumn' is present

2019-05-01 13:14:34 - [MESSAGE][WARNING] - Timeout '0' is invalid. Using default page load timeout: '30'

2019-05-01 13:14:34 - [MESSAGE][PASSED] - Object 'Object Repository/OOBObjects/ProjectsListObjects/ActionsColumn' is present

2019-05-01 13:14:34 - [MESSAGE][PASSED] - I want to verify project list page

2019-05-01 13:14:34 - [TEST_STEP][PASSED] - I want to click Add new project button: I want to click Add new project button

2019-05-01 13:14:37 - [MESSAGE][PASSED] - Object: 'Object Repository/OOBObjects/ProjectsListObjects/AddNewProject' is clicked on

2019-05-01 13:14:37 - [MESSAGE][PASSED] - I want to click Add new project button

2019-05-01 13:14:37 - [TEST_STEP][PASSED] - I want to verify add new project form: I want to verify add new project form

2019-05-01 13:14:37 - [MESSAGE][WARNING] - Timeout '0' is invalid. Using default page load timeout: '30'

2019-05-01 13:14:37 - [MESSAGE][PASSED] - Object 'Object Repository/OOBObjects/ProjectsListObjects/ProjectTypeField' is present

2019-05-01 13:14:37 - [MESSAGE][PASSED] - Object: 'Object Repository/OOBObjects/ProjectsListObjects/ProjectTypeField' is clicked on

2019-05-01 13:14:37 - [MESSAGE][WARNING] - Timeout '0' is invalid. Using default page load timeout: '30'

2019-05-01 13:14:37 - [MESSAGE][PASSED] - Object 'Object Repository/OOBObjects/ProjectsListObjects/ProjectTypeDropDwon' is present

2019-05-01 13:14:37 - [MESSAGE][PASSED] - I want to verify add new project form

2019-05-01 13:14:37 - [MESSAGE][PASSED] - Feature file: 'Include/features/Governance-Module/Add-Idea/031-Verify-Project-Creation-Form.feature' was passed]]></system-out>
         <system-err><![CDATA[]]></system-err>
      </testcase>
      <system-out><![CDATA[2019-05-01 12:53:38 - [TEST_SUITE][FAILED] - First-Test-Suite: Test Cases/Main-Test-Cases/006-Check-Mandatory-Fields FAILED.
Reason:
com.kms.katalon.core.exception.StepFailedException: Feature file 'Include/features/Governance-Module/Add-Idea/006-Check-Mandatory-Fields.feature' was failed
	at com.kms.katalon.core.keyword.internal.KeywordMain.stepFailed(KeywordMain.groovy:48)
	at com.kms.katalon.core.keyword.internal.KeywordMain.stepFailed(KeywordMain.groovy)
	at com.kms.katalon.core.keyword.internal.KeywordMain.stepFailed(KeywordMain.groovy:21)
	at com.kms.katalon.core.keyword.internal.KeywordMain$stepFailed$0.call(Unknown Source)
	at com.kms.katalon.core.cucumber.keyword.CucumberBuiltinKeywords$_runFeatureFile_closure1.doCall(CucumberBuiltinKeywords.groovy:82)
	at com.kms.katalon.core.cucumber.keyword.CucumberBuiltinKeywords$_runFeatureFile_closure1.doCall(CucumberBuiltinKeywords.groovy)
	at com.kms.katalon.core.keyword.internal.KeywordMain.runKeyword(KeywordMain.groovy:66)
	at com.kms.katalon.core.keyword.internal.KeywordMain$runKeyword.call(Unknown Source)
	at com.kms.katalon.core.cucumber.keyword.CucumberBuiltinKeywords.runFeatureFile(CucumberBuiltinKeywords.groovy:46)
	at com.kms.katalon.core.cucumber.keyword.CucumberBuiltinKeywords$runFeatureFile$0.callStatic(Unknown Source)
	at com.kms.katalon.core.cucumber.keyword.CucumberBuiltinKeywords.runFeatureFile(CucumberBuiltinKeywords.groovy:101)
	at com.kms.katalon.core.cucumber.keyword.CucumberBuiltinKeywords$runFeatureFile.call(Unknown Source)
	at 006-Check-Mandatory-Fields.run(006-Check-Mandatory-Fields:16)
	at com.kms.katalon.core.main.ScriptEngine.run(ScriptEngine.java:194)
	at com.kms.katalon.core.main.ScriptEngine.runScriptAsRawText(ScriptEngine.java:119)
	at com.kms.katalon.core.main.TestCaseExecutor.runScript(TestCaseExecutor.java:331)
	at com.kms.katalon.core.main.TestCaseExecutor.doExecute(TestCaseExecutor.java:322)
	at com.kms.katalon.core.main.TestCaseExecutor.processExecutionPhase(TestCaseExecutor.java:301)
	at com.kms.katalon.core.main.TestCaseExecutor.accessMainPhase(TestCaseExecutor.java:293)
	at com.kms.katalon.core.main.TestCaseExecutor.execute(TestCaseExecutor.java:227)
	at com.kms.katalon.core.main.TestSuiteExecutor.accessTestCaseMainPhase(TestSuiteExecutor.java:129)
	at com.kms.katalon.core.main.TestSuiteExecutor.accessTestSuiteMainPhase(TestSuiteExecutor.java:112)
	at com.kms.katalon.core.main.TestSuiteExecutor.execute(TestSuiteExecutor.java:81)
	at com.kms.katalon.core.main.TestCaseMain.startTestSuite(TestCaseMain.java:157)
	at com.kms.katalon.core.main.TestCaseMain$startTestSuite$0.call(Unknown Source)
	at TempTestSuite1556704417080.run(TempTestSuite1556704417080.groovy:35)]]></system-out>
      <system-err><![CDATA[2019-05-01 12:53:38 - [TEST_SUITE][FAILED] - First-Test-Suite: Test Cases/Main-Test-Cases/006-Check-Mandatory-Fields FAILED.
Reason:
com.kms.katalon.core.exception.StepFailedException: Feature file 'Include/features/Governance-Module/Add-Idea/006-Check-Mandatory-Fields.feature' was failed
	at com.kms.katalon.core.keyword.internal.KeywordMain.stepFailed(KeywordMain.groovy:48)
	at com.kms.katalon.core.keyword.internal.KeywordMain.stepFailed(KeywordMain.groovy)
	at com.kms.katalon.core.keyword.internal.KeywordMain.stepFailed(KeywordMain.groovy:21)
	at com.kms.katalon.core.keyword.internal.KeywordMain$stepFailed$0.call(Unknown Source)
	at com.kms.katalon.core.cucumber.keyword.CucumberBuiltinKeywords$_runFeatureFile_closure1.doCall(CucumberBuiltinKeywords.groovy:82)
	at com.kms.katalon.core.cucumber.keyword.CucumberBuiltinKeywords$_runFeatureFile_closure1.doCall(CucumberBuiltinKeywords.groovy)
	at com.kms.katalon.core.keyword.internal.KeywordMain.runKeyword(KeywordMain.groovy:66)
	at com.kms.katalon.core.keyword.internal.KeywordMain$runKeyword.call(Unknown Source)
	at com.kms.katalon.core.cucumber.keyword.CucumberBuiltinKeywords.runFeatureFile(CucumberBuiltinKeywords.groovy:46)
	at com.kms.katalon.core.cucumber.keyword.CucumberBuiltinKeywords$runFeatureFile$0.callStatic(Unknown Source)
	at com.kms.katalon.core.cucumber.keyword.CucumberBuiltinKeywords.runFeatureFile(CucumberBuiltinKeywords.groovy:101)
	at com.kms.katalon.core.cucumber.keyword.CucumberBuiltinKeywords$runFeatureFile.call(Unknown Source)
	at 006-Check-Mandatory-Fields.run(006-Check-Mandatory-Fields:16)
	at com.kms.katalon.core.main.ScriptEngine.run(ScriptEngine.java:194)
	at com.kms.katalon.core.main.ScriptEngine.runScriptAsRawText(ScriptEngine.java:119)
	at com.kms.katalon.core.main.TestCaseExecutor.runScript(TestCaseExecutor.java:331)
	at com.kms.katalon.core.main.TestCaseExecutor.doExecute(TestCaseExecutor.java:322)
	at com.kms.katalon.core.main.TestCaseExecutor.processExecutionPhase(TestCaseExecutor.java:301)
	at com.kms.katalon.core.main.TestCaseExecutor.accessMainPhase(TestCaseExecutor.java:293)
	at com.kms.katalon.core.main.TestCaseExecutor.execute(TestCaseExecutor.java:227)
	at com.kms.katalon.core.main.TestSuiteExecutor.accessTestCaseMainPhase(TestSuiteExecutor.java:129)
	at com.kms.katalon.core.main.TestSuiteExecutor.accessTestSuiteMainPhase(TestSuiteExecutor.java:112)
	at com.kms.katalon.core.main.TestSuiteExecutor.execute(TestSuiteExecutor.java:81)
	at com.kms.katalon.core.main.TestCaseMain.startTestSuite(TestCaseMain.java:157)
	at com.kms.katalon.core.main.TestCaseMain$startTestSuite$0.call(Unknown Source)
	at TempTestSuite1556704417080.run(TempTestSuite1556704417080.groovy:35)]]></system-err>
   </testsuite>
</testsuites>
