<?xml version="1.0" encoding="UTF-8"?>
<testsuites name="First-Test-Suite" time="495" tests="4" failures="6" errors="0">
   <testsuite name="First-Test-Suite" tests="4" failures="6" errors="0" time="495" timestamp="2019-05-01 13:14:40" hostname="HP - 10.152.104.67" id="Test Suites/First-Test-Suite">
      <properties>
         <property name="deviceName" value=""/>
         <property name="devicePlatform" value=""/>
         <property name="logFolder" value="C:\\Users\\HP\\git\\PMO-Web-Application\\Reports\\First-Test-Suite\\20190501_131438"/>
         <property name="logFiles" value="C:\\Users\\HP\\git\\PMO-Web-Application\\Reports\\First-Test-Suite\\20190501_131438\\execution0.log"/>
         <property name="attachments" value="C:\\Users\\HP\\git\\PMO-Web-Application\\Reports\\First-Test-Suite\\20190501_131438\\1556705735211.png, C:\\Users\\HP\\git\\PMO-Web-Application\\Reports\\First-Test-Suite\\20190501_131438\\1556705735551.png, C:\\Users\\HP\\git\\PMO-Web-Application\\Reports\\First-Test-Suite\\20190501_131438\\1556705811481.png, C:\\Users\\HP\\git\\PMO-Web-Application\\Reports\\First-Test-Suite\\20190501_131438\\1556705811787.png, C:\\Users\\HP\\git\\PMO-Web-Application\\Reports\\First-Test-Suite\\20190501_131438\\1556705999007.png, C:\\Users\\HP\\git\\PMO-Web-Application\\Reports\\First-Test-Suite\\20190501_131438\\1556705999322.png, C:\\Users\\HP\\git\\PMO-Web-Application\\Reports\\First-Test-Suite\\20190501_131438\\1556706175156.png"/>
         <property name="hostName" value="HP - 10.152.104.67"/>
         <property name="os" value="Windows 10 64bit"/>
         <property name="katalonVersion" value="6.0.6.4"/>
         <property name="browser" value="Chrome 73.0.3683.103"/>
         <property name="hostAddress" value="10.152.104.67"/>
         <property name="sessionId" value="aa7229b17ac6a00206c257c7d27e4331"/>
         <property name="seleniumVersion" value="3.7.1"/>
         <property name="proxyInformation" value="ProxyInformation{proxyOption=NO_PROXY, proxyServerType=HTTP, password=, proxyServerAddress=, proxyServerPort=0}"/>
         <property name="platform" value="Windows 10"/>
      </properties>
      <testcase name="Test Cases/Main-Test-Cases/006-Check-Mandatory-Fields" classname="Test Cases/Main-Test-Cases/006-Check-Mandatory-Fields" status="FAILED">
         <failure type="FAILED" message="Test Cases/Main-Test-Cases/006-Check-Mandatory-Fields FAILED.
Reason:
com.kms.katalon.core.exception.StepFailedException: Feature file 'Include/features/Governance-Module/Add-Idea/006-Check-Mandatory-Fields.feature' was failed
	at com.kms.katalon.core.keyword.internal.KeywordMain.stepFailed(KeywordMain.groovy:48)
	at com.kms.katalon.core.keyword.internal.KeywordMain.stepFailed(KeywordMain.groovy)
	at com.kms.katalon.core.keyword.internal.KeywordMain.stepFailed(KeywordMain.groovy:21)
	at com.kms.katalon.core.keyword.internal.KeywordMain$stepFailed$0.call(Unknown Source)
	at com.kms.katalon.core.cucumber.keyword.CucumberBuiltinKeywords$_runFeatureFile_closure1.doCall(CucumberBuiltinKeywords.groovy:82)
	at com.kms.katalon.core.cucumber.keyword.CucumberBuiltinKeywords$_runFeatureFile_closure1.doCall(CucumberBuiltinKeywords.groovy)
	at com.kms.katalon.core.keyword.internal.KeywordMain.runKeyword(KeywordMain.groovy:66)
	at com.kms.katalon.core.keyword.internal.KeywordMain$runKeyword.call(Unknown Source)
	at com.kms.katalon.core.cucumber.keyword.CucumberBuiltinKeywords.runFeatureFile(CucumberBuiltinKeywords.groovy:46)
	at com.kms.katalon.core.cucumber.keyword.CucumberBuiltinKeywords$runFeatureFile$0.callStatic(Unknown Source)
	at com.kms.katalon.core.cucumber.keyword.CucumberBuiltinKeywords.runFeatureFile(CucumberBuiltinKeywords.groovy:101)
	at com.kms.katalon.core.cucumber.keyword.CucumberBuiltinKeywords$runFeatureFile.call(Unknown Source)
	at 006-Check-Mandatory-Fields.run(006-Check-Mandatory-Fields:16)
	at com.kms.katalon.core.main.ScriptEngine.run(ScriptEngine.java:194)
	at com.kms.katalon.core.main.ScriptEngine.runScriptAsRawText(ScriptEngine.java:119)
	at com.kms.katalon.core.main.TestCaseExecutor.runScript(TestCaseExecutor.java:331)
	at com.kms.katalon.core.main.TestCaseExecutor.doExecute(TestCaseExecutor.java:322)
	at com.kms.katalon.core.main.TestCaseExecutor.processExecutionPhase(TestCaseExecutor.java:301)
	at com.kms.katalon.core.main.TestCaseExecutor.accessMainPhase(TestCaseExecutor.java:293)
	at com.kms.katalon.core.main.TestCaseExecutor.execute(TestCaseExecutor.java:227)
	at com.kms.katalon.core.main.TestSuiteExecutor.accessTestCaseMainPhase(TestSuiteExecutor.java:129)
	at com.kms.katalon.core.main.TestSuiteExecutor.accessTestSuiteMainPhase(TestSuiteExecutor.java:112)
	at com.kms.katalon.core.main.TestSuiteExecutor.execute(TestSuiteExecutor.java:81)
	at com.kms.katalon.core.main.TestCaseMain.startTestSuite(TestCaseMain.java:157)
	at com.kms.katalon.core.main.TestCaseMain$startTestSuite$0.call(Unknown Source)
	at TempTestSuite1556705678812.run(TempTestSuite1556705678812.groovy:35)
"/>
         <system-out><![CDATA[2019-05-01 13:14:40 - [TEST_CASE][FAILED] - Test Cases/Main-Test-Cases/006-Check-Mandatory-Fields: Test Cases/Main-Test-Cases/006-Check-Mandatory-Fields FAILED.
Reason:
com.kms.katalon.core.exception.StepFailedException: Feature file 'Include/features/Governance-Module/Add-Idea/006-Check-Mandatory-Fields.feature' was failed
	at com.kms.katalon.core.keyword.internal.KeywordMain.stepFailed(KeywordMain.groovy:48)
	at com.kms.katalon.core.keyword.internal.KeywordMain.stepFailed(KeywordMain.groovy)
	at com.kms.katalon.core.keyword.internal.KeywordMain.stepFailed(KeywordMain.groovy:21)
	at com.kms.katalon.core.keyword.internal.KeywordMain$stepFailed$0.call(Unknown Source)
	at com.kms.katalon.core.cucumber.keyword.CucumberBuiltinKeywords$_runFeatureFile_closure1.doCall(CucumberBuiltinKeywords.groovy:82)
	at com.kms.katalon.core.cucumber.keyword.CucumberBuiltinKeywords$_runFeatureFile_closure1.doCall(CucumberBuiltinKeywords.groovy)
	at com.kms.katalon.core.keyword.internal.KeywordMain.runKeyword(KeywordMain.groovy:66)
	at com.kms.katalon.core.keyword.internal.KeywordMain$runKeyword.call(Unknown Source)
	at com.kms.katalon.core.cucumber.keyword.CucumberBuiltinKeywords.runFeatureFile(CucumberBuiltinKeywords.groovy:46)
	at com.kms.katalon.core.cucumber.keyword.CucumberBuiltinKeywords$runFeatureFile$0.callStatic(Unknown Source)
	at com.kms.katalon.core.cucumber.keyword.CucumberBuiltinKeywords.runFeatureFile(CucumberBuiltinKeywords.groovy:101)
	at com.kms.katalon.core.cucumber.keyword.CucumberBuiltinKeywords$runFeatureFile.call(Unknown Source)
	at 006-Check-Mandatory-Fields.run(006-Check-Mandatory-Fields:16)
	at com.kms.katalon.core.main.ScriptEngine.run(ScriptEngine.java:194)
	at com.kms.katalon.core.main.ScriptEngine.runScriptAsRawText(ScriptEngine.java:119)
	at com.kms.katalon.core.main.TestCaseExecutor.runScript(TestCaseExecutor.java:331)
	at com.kms.katalon.core.main.TestCaseExecutor.doExecute(TestCaseExecutor.java:322)
	at com.kms.katalon.core.main.TestCaseExecutor.processExecutionPhase(TestCaseExecutor.java:301)
	at com.kms.katalon.core.main.TestCaseExecutor.accessMainPhase(TestCaseExecutor.java:293)
	at com.kms.katalon.core.main.TestCaseExecutor.execute(TestCaseExecutor.java:227)
	at com.kms.katalon.core.main.TestSuiteExecutor.accessTestCaseMainPhase(TestSuiteExecutor.java:129)
	at com.kms.katalon.core.main.TestSuiteExecutor.accessTestSuiteMainPhase(TestSuiteExecutor.java:112)
	at com.kms.katalon.core.main.TestSuiteExecutor.execute(TestSuiteExecutor.java:81)
	at com.kms.katalon.core.main.TestCaseMain.startTestSuite(TestCaseMain.java:157)
	at com.kms.katalon.core.main.TestCaseMain$startTestSuite$0.call(Unknown Source)
	at TempTestSuite1556705678812.run(TempTestSuite1556705678812.groovy:35)


2019-05-01 13:14:40 - [TEST_STEP][FAILED] - runFeatureFile("Include/features/Governance-Module/Add-Idea/006-Check-Mandatory-Fields.feature"): runFeatureFile("Include/features/Governance-Module/Add-Idea/006-Check-Mandatory-Fields.feature") FAILED.
Reason:
com.kms.katalon.core.exception.StepFailedException: Feature file 'Include/features/Governance-Module/Add-Idea/006-Check-Mandatory-Fields.feature' was failed
	at com.kms.katalon.core.keyword.internal.KeywordMain.stepFailed(KeywordMain.groovy:48)
	at com.kms.katalon.core.keyword.internal.KeywordMain.stepFailed(KeywordMain.groovy)
	at com.kms.katalon.core.keyword.internal.KeywordMain.stepFailed(KeywordMain.groovy:21)
	at com.kms.katalon.core.keyword.internal.KeywordMain$stepFailed$0.call(Unknown Source)
	at com.kms.katalon.core.cucumber.keyword.CucumberBuiltinKeywords$_runFeatureFile_closure1.doCall(CucumberBuiltinKeywords.groovy:82)
	at com.kms.katalon.core.cucumber.keyword.CucumberBuiltinKeywords$_runFeatureFile_closure1.doCall(CucumberBuiltinKeywords.groovy)
	at com.kms.katalon.core.keyword.internal.KeywordMain.runKeyword(KeywordMain.groovy:66)
	at com.kms.katalon.core.keyword.internal.KeywordMain$runKeyword.call(Unknown Source)
	at com.kms.katalon.core.cucumber.keyword.CucumberBuiltinKeywords.runFeatureFile(CucumberBuiltinKeywords.groovy:46)
	at com.kms.katalon.core.cucumber.keyword.CucumberBuiltinKeywords$runFeatureFile$0.callStatic(Unknown Source)
	at com.kms.katalon.core.cucumber.keyword.CucumberBuiltinKeywords.runFeatureFile(CucumberBuiltinKeywords.groovy:101)
	at com.kms.katalon.core.cucumber.keyword.CucumberBuiltinKeywords$runFeatureFile.call(Unknown Source)
	at 006-Check-Mandatory-Fields.run(006-Check-Mandatory-Fields:16)
	at com.kms.katalon.core.main.ScriptEngine.run(ScriptEngine.java:194)
	at com.kms.katalon.core.main.ScriptEngine.runScriptAsRawText(ScriptEngine.java:119)
	at com.kms.katalon.core.main.TestCaseExecutor.runScript(TestCaseExecutor.java:331)
	at com.kms.katalon.core.main.TestCaseExecutor.doExecute(TestCaseExecutor.java:322)
	at com.kms.katalon.core.main.TestCaseExecutor.processExecutionPhase(TestCaseExecutor.java:301)
	at com.kms.katalon.core.main.TestCaseExecutor.accessMainPhase(TestCaseExecutor.java:293)
	at com.kms.katalon.core.main.TestCaseExecutor.execute(TestCaseExecutor.java:227)
	at com.kms.katalon.core.main.TestSuiteExecutor.accessTestCaseMainPhase(TestSuiteExecutor.java:129)
	at com.kms.katalon.core.main.TestSuiteExecutor.accessTestSuiteMainPhase(TestSuiteExecutor.java:112)
	at com.kms.katalon.core.main.TestSuiteExecutor.execute(TestSuiteExecutor.java:81)
	at com.kms.katalon.core.main.TestCaseMain.startTestSuite(TestCaseMain.java:157)
	at com.kms.katalon.core.main.TestCaseMain$startTestSuite$0.call(Unknown Source)
	at TempTestSuite1556705678812.run(TempTestSuite1556705678812.groovy:35)


2019-05-01 13:14:40 - [MESSAGE][INFO] - Starting run keyword runFeatureFile: 'Include/features/Governance-Module/Add-Idea/006-Check-Mandatory-Fields.feature' and extract report to folder: 'C:\Users\HP\git\PMO-Web-Application\Reports\First-Test-Suite\20190501_131438/cucumber_report/1556705680635'...

2019-05-01 13:14:41 - [TEST_CASE][FAILED] - Start Test Case : SCENARIO check create idea form mandatory fields: SCENARIO check create idea form mandatory fields FAILED.
Reason:
com.kms.katalon.core.exception.StepFailedException: Unable to verify object 'Object Repository/OOBObjects/IdeasListObjects/IdeaNameMandatoryField' is visible
	at com.kms.katalon.core.webui.keyword.internal.WebUIKeywordMain.stepFailed(WebUIKeywordMain.groovy:64)
	at com.kms.katalon.core.webui.keyword.internal.WebUIKeywordMain.runKeyword(WebUIKeywordMain.groovy:26)
	at com.kms.katalon.core.webui.keyword.builtin.VerifyElementVisibleKeyword.verifyElementVisible(VerifyElementVisibleKeyword.groovy:97)
	at com.kms.katalon.core.webui.keyword.builtin.VerifyElementVisibleKeyword.execute(VerifyElementVisibleKeyword.groovy:67)
	at com.kms.katalon.core.keyword.internal.KeywordExecutor.executeKeywordForPlatform(KeywordExecutor.groovy:56)
	at com.kms.katalon.core.webui.keyword.WebUiBuiltInKeywords.verifyElementVisible(WebUiBuiltInKeywords.groovy:358)
	at com.kms.katalon.core.webui.keyword.WebUiBuiltInKeywords$verifyElementVisible$6.call(Unknown Source)
	at com.pmo.steps.AddIdeaSteps.ideaNameMandatory(AddIdeaSteps.groovy:459)
	at ✽.I want to check idea name is a mandatory field(C:/Users/HP/git/PMO-Web-Application/Include/features/Governance-Module/Add-Idea/006-Check-Mandatory-Fields.feature:14)
Caused by: com.kms.katalon.core.exception.StepFailedException: Web element with id: 'Object Repository/OOBObjects/IdeasListObjects/IdeaNameMandatoryField' located by 'By.xpath: //*[@id='TxtIdeaNameError']/span' not found
	at com.kms.katalon.core.webui.keyword.internal.WebUIKeywordMain.stepFailed(WebUIKeywordMain.groovy:64)
	at com.kms.katalon.core.webui.keyword.builtin.VerifyElementVisibleKeyword$_verifyElementVisible_closure1.doCall(VerifyElementVisibleKeyword.groovy:89)
	at com.kms.katalon.core.webui.keyword.builtin.VerifyElementVisibleKeyword$_verifyElementVisible_closure1.call(VerifyElementVisibleKeyword.groovy)
	at com.kms.katalon.core.webui.keyword.internal.WebUIKeywordMain.runKeyword(WebUIKeywordMain.groovy:20)
	at com.kms.katalon.core.webui.keyword.builtin.VerifyElementVisibleKeyword.verifyElementVisible(VerifyElementVisibleKeyword.groovy:97)
	at com.kms.katalon.core.webui.keyword.builtin.VerifyElementVisibleKeyword.execute(VerifyElementVisibleKeyword.groovy:67)
	at com.kms.katalon.core.keyword.internal.KeywordExecutor.executeKeywordForPlatform(KeywordExecutor.groovy:56)
	at com.kms.katalon.core.webui.keyword.WebUiBuiltInKeywords.verifyElementVisible(WebUiBuiltInKeywords.groovy:358)
	at com.kms.katalon.core.webui.keyword.WebUiBuiltInKeywords$verifyElementVisible$6.call(Unknown Source)
	at com.pmo.steps.AddIdeaSteps.ideaNameMandatory(AddIdeaSteps.groovy:459)
	at cucumber.runtime.Utils$1.call(Utils.java:26)
	at cucumber.runtime.Timeout.timeout(Timeout.java:16)
	at cucumber.runtime.Utils.invoke(Utils.java:20)
	at cucumber.runtime.java.JavaStepDefinition.execute(JavaStepDefinition.java:48)
	at cucumber.runtime.PickleStepDefinitionMatch.runStep(PickleStepDefinitionMatch.java:50)
	at cucumber.runner.TestStep.executeStep(TestStep.java:55)
	at cucumber.runner.TestStep.run(TestStep.java:42)
	at cucumber.runner.PickleStepTestStep.run(PickleStepTestStep.java:53)
	at cucumber.runner.TestCase.run(TestCase.java:47)
	at cucumber.runner.Runner.runPickle(Runner.java:44)
	at cucumber.runtime.Runtime.runFeature(Runtime.java:120)
	at cucumber.runtime.Runtime.run(Runtime.java:106)
	at cucumber.api.cli.Main.run(Main.java:35)
	at cucumber.api.cli.Main$run.call(Unknown Source)
	at com.kms.katalon.core.cucumber.keyword.CucumberBuiltinKeywords$_runFeatureFile_closure1.doCall(CucumberBuiltinKeywords.groovy:76)
	at com.kms.katalon.core.cucumber.keyword.CucumberBuiltinKeywords$_runFeatureFile_closure1.doCall(CucumberBuiltinKeywords.groovy)
	at com.kms.katalon.core.keyword.internal.KeywordMain.runKeyword(KeywordMain.groovy:66)
	at com.kms.katalon.core.keyword.internal.KeywordMain$runKeyword.call(Unknown Source)
	at com.kms.katalon.core.cucumber.keyword.CucumberBuiltinKeywords.runFeatureFile(CucumberBuiltinKeywords.groovy:46)
	at com.kms.katalon.core.cucumber.keyword.CucumberBuiltinKeywords$runFeatureFile$0.callStatic(Unknown Source)
	at com.kms.katalon.core.cucumber.keyword.CucumberBuiltinKeywords.runFeatureFile(CucumberBuiltinKeywords.groovy:101)
	at com.kms.katalon.core.cucumber.keyword.CucumberBuiltinKeywords$runFeatureFile.call(Unknown Source)
	at 006-Check-Mandatory-Fields.run(006-Check-Mandatory-Fields:16)
	at com.kms.katalon.core.main.ScriptEngine.run(ScriptEngine.java:194)
	at com.kms.katalon.core.main.ScriptEngine.runScriptAsRawText(ScriptEngine.java:119)
	at com.kms.katalon.core.main.TestCaseExecutor.runScript(TestCaseExecutor.java:331)
	at com.kms.katalon.core.main.TestCaseExecutor.doExecute(TestCaseExecutor.java:322)
	at com.kms.katalon.core.main.TestCaseExecutor.processExecutionPhase(TestCaseExecutor.java:301)
	at com.kms.katalon.core.main.TestCaseExecutor.accessMainPhase(TestCaseExecutor.java:293)
	at com.kms.katalon.core.main.TestCaseExecutor.execute(TestCaseExecutor.java:227)
	at com.kms.katalon.core.main.TestSuiteExecutor.accessTestCaseMainPhase(TestSuiteExecutor.java:129)
	at com.kms.katalon.core.main.TestSuiteExecutor.accessTestSuiteMainPhase(TestSuiteExecutor.java:112)
	at com.kms.katalon.core.main.TestSuiteExecutor.execute(TestSuiteExecutor.java:81)
	at com.kms.katalon.core.main.TestCaseMain.startTestSuite(TestCaseMain.java:157)
	at com.kms.katalon.core.main.TestCaseMain$startTestSuite$0.call(Unknown Source)
	at TempTestSuite1556705678812.run(TempTestSuite1556705678812.groovy:35)


2019-05-01 13:14:41 - [TEST_STEP][PASSED] - I want to open browser: I want to open browser

2019-05-01 13:14:41 - [MESSAGE][INFO] - Starting 'Chrome' driver

2019-05-01 13:14:41 - [MESSAGE][INFO] - Action delay is set to 0 seconds

2019-05-01 13:14:43 - [MESSAGE][PASSED] - Browser is opened with url: ''

2019-05-01 13:14:44 - [MESSAGE][PASSED] - Delete all cookies successfully

2019-05-01 13:14:44 - [MESSAGE][PASSED] - I want to open browser

2019-05-01 13:14:44 - [TEST_STEP][PASSED] - I want to maximize window: I want to maximize window

2019-05-01 13:14:45 - [MESSAGE][PASSED] - Current window maximized

2019-05-01 13:14:45 - [MESSAGE][PASSED] - I want to maximize window

2019-05-01 13:14:45 - [TEST_STEP][PASSED] - I want to go to OOB: I want to go to OOB

2019-05-01 13:14:53 - [MESSAGE][PASSED] - Navigate to 'https://pmoadmin:P@ssw0rd@dev5.cloudapp.net/OOB2/' successfully

2019-05-01 13:14:53 - [MESSAGE][PASSED] - I want to go to OOB

2019-05-01 13:14:53 - [TEST_STEP][PASSED] - I want to verify I'm in OOB main page: I want to verify I'm in OOB main page

2019-05-01 13:14:53 - [MESSAGE][WARNING] - Timeout '0' is invalid. Using default page load timeout: '30'

2019-05-01 13:14:53 - [MESSAGE][PASSED] - Object 'Object Repository/OOBObjects/HomepageObjects/OOBSideBar' is present

2019-05-01 13:14:53 - [MESSAGE][PASSED] - I want to verify I'm in OOB main page

2019-05-01 13:14:53 - [TEST_STEP][PASSED] - I want to go to ideas list page: I want to go to ideas list page

2019-05-01 13:14:57 - [MESSAGE][PASSED] - Object: 'Object Repository/OOBObjects/HomepageObjects/IdeasList' is clicked on

2019-05-01 13:14:57 - [MESSAGE][PASSED] - I want to go to ideas list page

2019-05-01 13:14:57 - [TEST_STEP][PASSED] - I want to click on Add New button: I want to click on Add New button

2019-05-01 13:14:58 - [MESSAGE][PASSED] - Object: 'Object Repository/OOBObjects/IdeasListObjects/AddNewIdeaButton' is clicked on

2019-05-01 13:14:58 - [MESSAGE][PASSED] - I want to click on Add New button

2019-05-01 13:14:58 - [TEST_STEP][PASSED] - I want to click send idea button: I want to click send idea button

2019-05-01 13:15:03 - [MESSAGE][PASSED] - Delayed 5 second(s)

2019-05-01 13:15:03 - [MESSAGE][WARNING] - Timeout '0' is invalid. Using default page load timeout: '30'

2019-05-01 13:15:03 - [MESSAGE][PASSED] - Scroll to object 'Object Repository/OOBObjects/IdeasListObjects/CardBlock' successfully

2019-05-01 13:15:04 - [MESSAGE][PASSED] - Object: 'Object Repository/OOBObjects/IdeasListObjects/SendIdeaButton' is clicked on

2019-05-01 13:15:04 - [MESSAGE][PASSED] - I want to click send idea button

2019-05-01 13:15:04 - [TEST_STEP][FAILED] - I want to check idea name is a mandatory field: I want to check idea name is a mandatory field FAILED.
Reason:
com.kms.katalon.core.exception.StepFailedException: Unable to verify object 'Object Repository/OOBObjects/IdeasListObjects/IdeaNameMandatoryField' is visible
	at com.kms.katalon.core.webui.keyword.internal.WebUIKeywordMain.stepFailed(WebUIKeywordMain.groovy:64)
	at com.kms.katalon.core.webui.keyword.internal.WebUIKeywordMain.runKeyword(WebUIKeywordMain.groovy:26)
	at com.kms.katalon.core.webui.keyword.builtin.VerifyElementVisibleKeyword.verifyElementVisible(VerifyElementVisibleKeyword.groovy:97)
	at com.kms.katalon.core.webui.keyword.builtin.VerifyElementVisibleKeyword.execute(VerifyElementVisibleKeyword.groovy:67)
	at com.kms.katalon.core.keyword.internal.KeywordExecutor.executeKeywordForPlatform(KeywordExecutor.groovy:56)
	at com.kms.katalon.core.webui.keyword.WebUiBuiltInKeywords.verifyElementVisible(WebUiBuiltInKeywords.groovy:358)
	at com.kms.katalon.core.webui.keyword.WebUiBuiltInKeywords$verifyElementVisible$6.call(Unknown Source)
	at com.pmo.steps.AddIdeaSteps.ideaNameMandatory(AddIdeaSteps.groovy:459)
	at ✽.I want to check idea name is a mandatory field(C:/Users/HP/git/PMO-Web-Application/Include/features/Governance-Module/Add-Idea/006-Check-Mandatory-Fields.feature:14)
Caused by: com.kms.katalon.core.exception.StepFailedException: Web element with id: 'Object Repository/OOBObjects/IdeasListObjects/IdeaNameMandatoryField' located by 'By.xpath: //*[@id='TxtIdeaNameError']/span' not found
	at com.kms.katalon.core.webui.keyword.internal.WebUIKeywordMain.stepFailed(WebUIKeywordMain.groovy:64)
	at com.kms.katalon.core.webui.keyword.builtin.VerifyElementVisibleKeyword$_verifyElementVisible_closure1.doCall(VerifyElementVisibleKeyword.groovy:89)
	at com.kms.katalon.core.webui.keyword.builtin.VerifyElementVisibleKeyword$_verifyElementVisible_closure1.call(VerifyElementVisibleKeyword.groovy)
	at com.kms.katalon.core.webui.keyword.internal.WebUIKeywordMain.runKeyword(WebUIKeywordMain.groovy:20)
	at com.kms.katalon.core.webui.keyword.builtin.VerifyElementVisibleKeyword.verifyElementVisible(VerifyElementVisibleKeyword.groovy:97)
	at com.kms.katalon.core.webui.keyword.builtin.VerifyElementVisibleKeyword.execute(VerifyElementVisibleKeyword.groovy:67)
	at com.kms.katalon.core.keyword.internal.KeywordExecutor.executeKeywordForPlatform(KeywordExecutor.groovy:56)
	at com.kms.katalon.core.webui.keyword.WebUiBuiltInKeywords.verifyElementVisible(WebUiBuiltInKeywords.groovy:358)
	at com.kms.katalon.core.webui.keyword.WebUiBuiltInKeywords$verifyElementVisible$6.call(Unknown Source)
	at com.pmo.steps.AddIdeaSteps.ideaNameMandatory(AddIdeaSteps.groovy:459)
	at cucumber.runtime.Utils$1.call(Utils.java:26)
	at cucumber.runtime.Timeout.timeout(Timeout.java:16)
	at cucumber.runtime.Utils.invoke(Utils.java:20)
	at cucumber.runtime.java.JavaStepDefinition.execute(JavaStepDefinition.java:48)
	at cucumber.runtime.PickleStepDefinitionMatch.runStep(PickleStepDefinitionMatch.java:50)
	at cucumber.runner.TestStep.executeStep(TestStep.java:55)
	at cucumber.runner.TestStep.run(TestStep.java:42)
	at cucumber.runner.PickleStepTestStep.run(PickleStepTestStep.java:53)
	at cucumber.runner.TestCase.run(TestCase.java:47)
	at cucumber.runner.Runner.runPickle(Runner.java:44)
	at cucumber.runtime.Runtime.runFeature(Runtime.java:120)
	at cucumber.runtime.Runtime.run(Runtime.java:106)
	at cucumber.api.cli.Main.run(Main.java:35)
	at cucumber.api.cli.Main$run.call(Unknown Source)
	at com.kms.katalon.core.cucumber.keyword.CucumberBuiltinKeywords$_runFeatureFile_closure1.doCall(CucumberBuiltinKeywords.groovy:76)
	at com.kms.katalon.core.cucumber.keyword.CucumberBuiltinKeywords$_runFeatureFile_closure1.doCall(CucumberBuiltinKeywords.groovy)
	at com.kms.katalon.core.keyword.internal.KeywordMain.runKeyword(KeywordMain.groovy:66)
	at com.kms.katalon.core.keyword.internal.KeywordMain$runKeyword.call(Unknown Source)
	at com.kms.katalon.core.cucumber.keyword.CucumberBuiltinKeywords.runFeatureFile(CucumberBuiltinKeywords.groovy:46)
	at com.kms.katalon.core.cucumber.keyword.CucumberBuiltinKeywords$runFeatureFile$0.callStatic(Unknown Source)
	at com.kms.katalon.core.cucumber.keyword.CucumberBuiltinKeywords.runFeatureFile(CucumberBuiltinKeywords.groovy:101)
	at com.kms.katalon.core.cucumber.keyword.CucumberBuiltinKeywords$runFeatureFile.call(Unknown Source)
	at 006-Check-Mandatory-Fields.run(006-Check-Mandatory-Fields:16)
	at com.kms.katalon.core.main.ScriptEngine.run(ScriptEngine.java:194)
	at com.kms.katalon.core.main.ScriptEngine.runScriptAsRawText(ScriptEngine.java:119)
	at com.kms.katalon.core.main.TestCaseExecutor.runScript(TestCaseExecutor.java:331)
	at com.kms.katalon.core.main.TestCaseExecutor.doExecute(TestCaseExecutor.java:322)
	at com.kms.katalon.core.main.TestCaseExecutor.processExecutionPhase(TestCaseExecutor.java:301)
	at com.kms.katalon.core.main.TestCaseExecutor.accessMainPhase(TestCaseExecutor.java:293)
	at com.kms.katalon.core.main.TestCaseExecutor.execute(TestCaseExecutor.java:227)
	at com.kms.katalon.core.main.TestSuiteExecutor.accessTestCaseMainPhase(TestSuiteExecutor.java:129)
	at com.kms.katalon.core.main.TestSuiteExecutor.accessTestSuiteMainPhase(TestSuiteExecutor.java:112)
	at com.kms.katalon.core.main.TestSuiteExecutor.execute(TestSuiteExecutor.java:81)
	at com.kms.katalon.core.main.TestCaseMain.startTestSuite(TestCaseMain.java:157)
	at com.kms.katalon.core.main.TestCaseMain$startTestSuite$0.call(Unknown Source)
	at TempTestSuite1556705678812.run(TempTestSuite1556705678812.groovy:35)


2019-05-01 13:15:35 - [MESSAGE][INFO] - Unable to find the element located by 'By.xpath: //*[@id='TxtIdeaNameError']/span'. Please recheck the objects properties to make sure the desired element is located. 

2019-05-01 13:15:35 - [MESSAGE][FAILED] - Web element with id: 'Object Repository/OOBObjects/IdeasListObjects/IdeaNameMandatoryField' located by 'By.xpath: //*[@id='TxtIdeaNameError']/span' not found (Root cause: com.kms.katalon.core.exception.StepFailedException: Web element with id: 'Object Repository/OOBObjects/IdeasListObjects/IdeaNameMandatoryField' located by 'By.xpath: //*[@id='TxtIdeaNameError']/span' not found
	at com.kms.katalon.core.webui.keyword.internal.WebUIKeywordMain.stepFailed(WebUIKeywordMain.groovy:64)
	at com.kms.katalon.core.webui.keyword.builtin.VerifyElementVisibleKeyword$_verifyElementVisible_closure1.doCall(VerifyElementVisibleKeyword.groovy:89)
	at com.kms.katalon.core.webui.keyword.builtin.VerifyElementVisibleKeyword$_verifyElementVisible_closure1.call(VerifyElementVisibleKeyword.groovy)
	at com.kms.katalon.core.webui.keyword.internal.WebUIKeywordMain.runKeyword(WebUIKeywordMain.groovy:20)
	at com.kms.katalon.core.webui.keyword.builtin.VerifyElementVisibleKeyword.verifyElementVisible(VerifyElementVisibleKeyword.groovy:97)
	at com.kms.katalon.core.webui.keyword.builtin.VerifyElementVisibleKeyword.execute(VerifyElementVisibleKeyword.groovy:67)
	at com.kms.katalon.core.keyword.internal.KeywordExecutor.executeKeywordForPlatform(KeywordExecutor.groovy:56)
	at com.kms.katalon.core.webui.keyword.WebUiBuiltInKeywords.verifyElementVisible(WebUiBuiltInKeywords.groovy:358)
	at com.kms.katalon.core.webui.keyword.WebUiBuiltInKeywords$verifyElementVisible$6.call(Unknown Source)
	at com.pmo.steps.AddIdeaSteps.ideaNameMandatory(AddIdeaSteps.groovy:459)
	at cucumber.runtime.Utils$1.call(Utils.java:26)
	at cucumber.runtime.Timeout.timeout(Timeout.java:16)
	at cucumber.runtime.Utils.invoke(Utils.java:20)
	at cucumber.runtime.java.JavaStepDefinition.execute(JavaStepDefinition.java:48)
	at cucumber.runtime.PickleStepDefinitionMatch.runStep(PickleStepDefinitionMatch.java:50)
	at cucumber.runner.TestStep.executeStep(TestStep.java:55)
	at cucumber.runner.TestStep.run(TestStep.java:42)
	at cucumber.runner.PickleStepTestStep.run(PickleStepTestStep.java:53)
	at cucumber.runner.TestCase.run(TestCase.java:47)
	at cucumber.runner.Runner.runPickle(Runner.java:44)
	at cucumber.runtime.Runtime.runFeature(Runtime.java:120)
	at cucumber.runtime.Runtime.run(Runtime.java:106)
	at cucumber.api.cli.Main.run(Main.java:35)
	at cucumber.api.cli.Main$run.call(Unknown Source)
	at com.kms.katalon.core.cucumber.keyword.CucumberBuiltinKeywords$_runFeatureFile_closure1.doCall(CucumberBuiltinKeywords.groovy:76)
	at com.kms.katalon.core.cucumber.keyword.CucumberBuiltinKeywords$_runFeatureFile_closure1.doCall(CucumberBuiltinKeywords.groovy)
	at com.kms.katalon.core.keyword.internal.KeywordMain.runKeyword(KeywordMain.groovy:66)
	at com.kms.katalon.core.keyword.internal.KeywordMain$runKeyword.call(Unknown Source)
	at com.kms.katalon.core.cucumber.keyword.CucumberBuiltinKeywords.runFeatureFile(CucumberBuiltinKeywords.groovy:46)
	at com.kms.katalon.core.cucumber.keyword.CucumberBuiltinKeywords$runFeatureFile$0.callStatic(Unknown Source)
	at com.kms.katalon.core.cucumber.keyword.CucumberBuiltinKeywords.runFeatureFile(CucumberBuiltinKeywords.groovy:101)
	at com.kms.katalon.core.cucumber.keyword.CucumberBuiltinKeywords$runFeatureFile.call(Unknown Source)
	at 006-Check-Mandatory-Fields.run(006-Check-Mandatory-Fields:16)
	at com.kms.katalon.core.main.ScriptEngine.run(ScriptEngine.java:194)
	at com.kms.katalon.core.main.ScriptEngine.runScriptAsRawText(ScriptEngine.java:119)
	at com.kms.katalon.core.main.TestCaseExecutor.runScript(TestCaseExecutor.java:331)
	at com.kms.katalon.core.main.TestCaseExecutor.doExecute(TestCaseExecutor.java:322)
	at com.kms.katalon.core.main.TestCaseExecutor.processExecutionPhase(TestCaseExecutor.java:301)
	at com.kms.katalon.core.main.TestCaseExecutor.accessMainPhase(TestCaseExecutor.java:293)
	at com.kms.katalon.core.main.TestCaseExecutor.execute(TestCaseExecutor.java:227)
	at com.kms.katalon.core.main.TestSuiteExecutor.accessTestCaseMainPhase(TestSuiteExecutor.java:129)
	at com.kms.katalon.core.main.TestSuiteExecutor.accessTestSuiteMainPhase(TestSuiteExecutor.java:112)
	at com.kms.katalon.core.main.TestSuiteExecutor.execute(TestSuiteExecutor.java:81)
	at com.kms.katalon.core.main.TestCaseMain.startTestSuite(TestCaseMain.java:157)
	at com.kms.katalon.core.main.TestCaseMain$startTestSuite$0.call(Unknown Source)
	at TempTestSuite1556705678812.run(TempTestSuite1556705678812.groovy:35)
)
[[ATTACHMENT|C:\\Users\\HP\\git\\PMO-Web-Application\\Reports\\First-Test-Suite\\20190501_131438\\1556705735211.png]]

2019-05-01 13:15:35 - [MESSAGE][FAILED] - Unable to verify object 'Object Repository/OOBObjects/IdeasListObjects/IdeaNameMandatoryField' is visible (Root cause: com.kms.katalon.core.exception.StepFailedException: Unable to verify object 'Object Repository/OOBObjects/IdeasListObjects/IdeaNameMandatoryField' is visible
	at com.kms.katalon.core.webui.keyword.internal.WebUIKeywordMain.stepFailed(WebUIKeywordMain.groovy:64)
	at com.kms.katalon.core.webui.keyword.internal.WebUIKeywordMain.runKeyword(WebUIKeywordMain.groovy:26)
	at com.kms.katalon.core.webui.keyword.builtin.VerifyElementVisibleKeyword.verifyElementVisible(VerifyElementVisibleKeyword.groovy:97)
	at com.kms.katalon.core.webui.keyword.builtin.VerifyElementVisibleKeyword.execute(VerifyElementVisibleKeyword.groovy:67)
	at com.kms.katalon.core.keyword.internal.KeywordExecutor.executeKeywordForPlatform(KeywordExecutor.groovy:56)
	at com.kms.katalon.core.webui.keyword.WebUiBuiltInKeywords.verifyElementVisible(WebUiBuiltInKeywords.groovy:358)
	at com.kms.katalon.core.webui.keyword.WebUiBuiltInKeywords$verifyElementVisible$6.call(Unknown Source)
	at com.pmo.steps.AddIdeaSteps.ideaNameMandatory(AddIdeaSteps.groovy:459)
	at cucumber.runtime.Utils$1.call(Utils.java:26)
	at cucumber.runtime.Timeout.timeout(Timeout.java:16)
	at cucumber.runtime.Utils.invoke(Utils.java:20)
	at cucumber.runtime.java.JavaStepDefinition.execute(JavaStepDefinition.java:48)
	at cucumber.runtime.PickleStepDefinitionMatch.runStep(PickleStepDefinitionMatch.java:50)
	at cucumber.runner.TestStep.executeStep(TestStep.java:55)
	at cucumber.runner.TestStep.run(TestStep.java:42)
	at cucumber.runner.PickleStepTestStep.run(PickleStepTestStep.java:53)
	at cucumber.runner.TestCase.run(TestCase.java:47)
	at cucumber.runner.Runner.runPickle(Runner.java:44)
	at cucumber.runtime.Runtime.runFeature(Runtime.java:120)
	at cucumber.runtime.Runtime.run(Runtime.java:106)
	at cucumber.api.cli.Main.run(Main.java:35)
	at cucumber.api.cli.Main$run.call(Unknown Source)
	at com.kms.katalon.core.cucumber.keyword.CucumberBuiltinKeywords$_runFeatureFile_closure1.doCall(CucumberBuiltinKeywords.groovy:76)
	at com.kms.katalon.core.cucumber.keyword.CucumberBuiltinKeywords$_runFeatureFile_closure1.doCall(CucumberBuiltinKeywords.groovy)
	at com.kms.katalon.core.keyword.internal.KeywordMain.runKeyword(KeywordMain.groovy:66)
	at com.kms.katalon.core.keyword.internal.KeywordMain$runKeyword.call(Unknown Source)
	at com.kms.katalon.core.cucumber.keyword.CucumberBuiltinKeywords.runFeatureFile(CucumberBuiltinKeywords.groovy:46)
	at com.kms.katalon.core.cucumber.keyword.CucumberBuiltinKeywords$runFeatureFile$0.callStatic(Unknown Source)
	at com.kms.katalon.core.cucumber.keyword.CucumberBuiltinKeywords.runFeatureFile(CucumberBuiltinKeywords.groovy:101)
	at com.kms.katalon.core.cucumber.keyword.CucumberBuiltinKeywords$runFeatureFile.call(Unknown Source)
	at 006-Check-Mandatory-Fields.run(006-Check-Mandatory-Fields:16)
	at com.kms.katalon.core.main.ScriptEngine.run(ScriptEngine.java:194)
	at com.kms.katalon.core.main.ScriptEngine.runScriptAsRawText(ScriptEngine.java:119)
	at com.kms.katalon.core.main.TestCaseExecutor.runScript(TestCaseExecutor.java:331)
	at com.kms.katalon.core.main.TestCaseExecutor.doExecute(TestCaseExecutor.java:322)
	at com.kms.katalon.core.main.TestCaseExecutor.processExecutionPhase(TestCaseExecutor.java:301)
	at com.kms.katalon.core.main.TestCaseExecutor.accessMainPhase(TestCaseExecutor.java:293)
	at com.kms.katalon.core.main.TestCaseExecutor.execute(TestCaseExecutor.java:227)
	at com.kms.katalon.core.main.TestSuiteExecutor.accessTestCaseMainPhase(TestSuiteExecutor.java:129)
	at com.kms.katalon.core.main.TestSuiteExecutor.accessTestSuiteMainPhase(TestSuiteExecutor.java:112)
	at com.kms.katalon.core.main.TestSuiteExecutor.execute(TestSuiteExecutor.java:81)
	at com.kms.katalon.core.main.TestCaseMain.startTestSuite(TestCaseMain.java:157)
	at com.kms.katalon.core.main.TestCaseMain$startTestSuite$0.call(Unknown Source)
	at TempTestSuite1556705678812.run(TempTestSuite1556705678812.groovy:35)
Caused by: com.kms.katalon.core.exception.StepFailedException: Web element with id: 'Object Repository/OOBObjects/IdeasListObjects/IdeaNameMandatoryField' located by 'By.xpath: //*[@id='TxtIdeaNameError']/span' not found
	at com.kms.katalon.core.webui.keyword.internal.WebUIKeywordMain.stepFailed(WebUIKeywordMain.groovy:64)
	at com.kms.katalon.core.webui.keyword.builtin.VerifyElementVisibleKeyword$_verifyElementVisible_closure1.doCall(VerifyElementVisibleKeyword.groovy:89)
	at com.kms.katalon.core.webui.keyword.builtin.VerifyElementVisibleKeyword$_verifyElementVisible_closure1.call(VerifyElementVisibleKeyword.groovy)
	at com.kms.katalon.core.webui.keyword.internal.WebUIKeywordMain.runKeyword(WebUIKeywordMain.groovy:20)
	... 42 more
)
[[ATTACHMENT|C:\\Users\\HP\\git\\PMO-Web-Application\\Reports\\First-Test-Suite\\20190501_131438\\1556705735551.png]]

2019-05-01 13:15:35 - [MESSAGE][FAILED] - I want to check idea name is a mandatory field FAILED.
Reason:
com.kms.katalon.core.exception.StepFailedException: Unable to verify object 'Object Repository/OOBObjects/IdeasListObjects/IdeaNameMandatoryField' is visible
	at com.kms.katalon.core.webui.keyword.internal.WebUIKeywordMain.stepFailed(WebUIKeywordMain.groovy:64)
	at com.kms.katalon.core.webui.keyword.internal.WebUIKeywordMain.runKeyword(WebUIKeywordMain.groovy:26)
	at com.kms.katalon.core.webui.keyword.builtin.VerifyElementVisibleKeyword.verifyElementVisible(VerifyElementVisibleKeyword.groovy:97)
	at com.kms.katalon.core.webui.keyword.builtin.VerifyElementVisibleKeyword.execute(VerifyElementVisibleKeyword.groovy:67)
	at com.kms.katalon.core.keyword.internal.KeywordExecutor.executeKeywordForPlatform(KeywordExecutor.groovy:56)
	at com.kms.katalon.core.webui.keyword.WebUiBuiltInKeywords.verifyElementVisible(WebUiBuiltInKeywords.groovy:358)
	at com.kms.katalon.core.webui.keyword.WebUiBuiltInKeywords$verifyElementVisible$6.call(Unknown Source)
	at com.pmo.steps.AddIdeaSteps.ideaNameMandatory(AddIdeaSteps.groovy:459)
	at ✽.I want to check idea name is a mandatory field(C:/Users/HP/git/PMO-Web-Application/Include/features/Governance-Module/Add-Idea/006-Check-Mandatory-Fields.feature:14)
Caused by: com.kms.katalon.core.exception.StepFailedException: Web element with id: 'Object Repository/OOBObjects/IdeasListObjects/IdeaNameMandatoryField' located by 'By.xpath: //*[@id='TxtIdeaNameError']/span' not found
	at com.kms.katalon.core.webui.keyword.internal.WebUIKeywordMain.stepFailed(WebUIKeywordMain.groovy:64)
	at com.kms.katalon.core.webui.keyword.builtin.VerifyElementVisibleKeyword$_verifyElementVisible_closure1.doCall(VerifyElementVisibleKeyword.groovy:89)
	at com.kms.katalon.core.webui.keyword.builtin.VerifyElementVisibleKeyword$_verifyElementVisible_closure1.call(VerifyElementVisibleKeyword.groovy)
	at com.kms.katalon.core.webui.keyword.internal.WebUIKeywordMain.runKeyword(WebUIKeywordMain.groovy:20)
	at com.kms.katalon.core.webui.keyword.builtin.VerifyElementVisibleKeyword.verifyElementVisible(VerifyElementVisibleKeyword.groovy:97)
	at com.kms.katalon.core.webui.keyword.builtin.VerifyElementVisibleKeyword.execute(VerifyElementVisibleKeyword.groovy:67)
	at com.kms.katalon.core.keyword.internal.KeywordExecutor.executeKeywordForPlatform(KeywordExecutor.groovy:56)
	at com.kms.katalon.core.webui.keyword.WebUiBuiltInKeywords.verifyElementVisible(WebUiBuiltInKeywords.groovy:358)
	at com.kms.katalon.core.webui.keyword.WebUiBuiltInKeywords$verifyElementVisible$6.call(Unknown Source)
	at com.pmo.steps.AddIdeaSteps.ideaNameMandatory(AddIdeaSteps.groovy:459)
	at cucumber.runtime.Utils$1.call(Utils.java:26)
	at cucumber.runtime.Timeout.timeout(Timeout.java:16)
	at cucumber.runtime.Utils.invoke(Utils.java:20)
	at cucumber.runtime.java.JavaStepDefinition.execute(JavaStepDefinition.java:48)
	at cucumber.runtime.PickleStepDefinitionMatch.runStep(PickleStepDefinitionMatch.java:50)
	at cucumber.runner.TestStep.executeStep(TestStep.java:55)
	at cucumber.runner.TestStep.run(TestStep.java:42)
	at cucumber.runner.PickleStepTestStep.run(PickleStepTestStep.java:53)
	at cucumber.runner.TestCase.run(TestCase.java:47)
	at cucumber.runner.Runner.runPickle(Runner.java:44)
	at cucumber.runtime.Runtime.runFeature(Runtime.java:120)
	at cucumber.runtime.Runtime.run(Runtime.java:106)
	at cucumber.api.cli.Main.run(Main.java:35)
	at cucumber.api.cli.Main$run.call(Unknown Source)
	at com.kms.katalon.core.cucumber.keyword.CucumberBuiltinKeywords$_runFeatureFile_closure1.doCall(CucumberBuiltinKeywords.groovy:76)
	at com.kms.katalon.core.cucumber.keyword.CucumberBuiltinKeywords$_runFeatureFile_closure1.doCall(CucumberBuiltinKeywords.groovy)
	at com.kms.katalon.core.keyword.internal.KeywordMain.runKeyword(KeywordMain.groovy:66)
	at com.kms.katalon.core.keyword.internal.KeywordMain$runKeyword.call(Unknown Source)
	at com.kms.katalon.core.cucumber.keyword.CucumberBuiltinKeywords.runFeatureFile(CucumberBuiltinKeywords.groovy:46)
	at com.kms.katalon.core.cucumber.keyword.CucumberBuiltinKeywords$runFeatureFile$0.callStatic(Unknown Source)
	at com.kms.katalon.core.cucumber.keyword.CucumberBuiltinKeywords.runFeatureFile(CucumberBuiltinKeywords.groovy:101)
	at com.kms.katalon.core.cucumber.keyword.CucumberBuiltinKeywords$runFeatureFile.call(Unknown Source)
	at 006-Check-Mandatory-Fields.run(006-Check-Mandatory-Fields:16)
	at com.kms.katalon.core.main.ScriptEngine.run(ScriptEngine.java:194)
	at com.kms.katalon.core.main.ScriptEngine.runScriptAsRawText(ScriptEngine.java:119)
	at com.kms.katalon.core.main.TestCaseExecutor.runScript(TestCaseExecutor.java:331)
	at com.kms.katalon.core.main.TestCaseExecutor.doExecute(TestCaseExecutor.java:322)
	at com.kms.katalon.core.main.TestCaseExecutor.processExecutionPhase(TestCaseExecutor.java:301)
	at com.kms.katalon.core.main.TestCaseExecutor.accessMainPhase(TestCaseExecutor.java:293)
	at com.kms.katalon.core.main.TestCaseExecutor.execute(TestCaseExecutor.java:227)
	at com.kms.katalon.core.main.TestSuiteExecutor.accessTestCaseMainPhase(TestSuiteExecutor.java:129)
	at com.kms.katalon.core.main.TestSuiteExecutor.accessTestSuiteMainPhase(TestSuiteExecutor.java:112)
	at com.kms.katalon.core.main.TestSuiteExecutor.execute(TestSuiteExecutor.java:81)
	at com.kms.katalon.core.main.TestCaseMain.startTestSuite(TestCaseMain.java:157)
	at com.kms.katalon.core.main.TestCaseMain$startTestSuite$0.call(Unknown Source)
	at TempTestSuite1556705678812.run(TempTestSuite1556705678812.groovy:35)


2019-05-01 13:15:35 - [TEST_STEP][NOT_RUN] - I want to check start date is a mandatory field: I want to check start date is a mandatory field

2019-05-01 13:15:35 - [MESSAGE][NOT_RUN] - I want to check start date is a mandatory field

2019-05-01 13:15:35 - [TEST_STEP][NOT_RUN] - I want to check end date is a mandatory field: I want to check end date is a mandatory field

2019-05-01 13:15:35 - [MESSAGE][NOT_RUN] - I want to check end date is a mandatory field

2019-05-01 13:15:35 - [TEST_STEP][NOT_RUN] - I want to check idea objective is a mandatory field: I want to check idea objective is a mandatory field

2019-05-01 13:15:35 - [MESSAGE][NOT_RUN] - I want to check idea objective is a mandatory field

2019-05-01 13:15:35 - [TEST_STEP][NOT_RUN] - I want to close browser: I want to close browser

2019-05-01 13:15:35 - [MESSAGE][NOT_RUN] - I want to close browser

2019-05-01 13:15:35 - [MESSAGE][FAILED] - Feature file 'Include/features/Governance-Module/Add-Idea/006-Check-Mandatory-Fields.feature' was failed

2019-05-01 13:15:35 - [MESSAGE][FAILED] - Keyword runFeatureFile was failed (Root cause: com.kms.katalon.core.exception.StepFailedException: Feature file 'Include/features/Governance-Module/Add-Idea/006-Check-Mandatory-Fields.feature' was failed
	at com.kms.katalon.core.keyword.internal.KeywordMain.stepFailed(KeywordMain.groovy:48)
	at com.kms.katalon.core.keyword.internal.KeywordMain.stepFailed(KeywordMain.groovy)
	at com.kms.katalon.core.keyword.internal.KeywordMain.stepFailed(KeywordMain.groovy:21)
	at com.kms.katalon.core.keyword.internal.KeywordMain$stepFailed$0.call(Unknown Source)
	at com.kms.katalon.core.cucumber.keyword.CucumberBuiltinKeywords$_runFeatureFile_closure1.doCall(CucumberBuiltinKeywords.groovy:82)
	at com.kms.katalon.core.cucumber.keyword.CucumberBuiltinKeywords$_runFeatureFile_closure1.doCall(CucumberBuiltinKeywords.groovy)
	at com.kms.katalon.core.keyword.internal.KeywordMain.runKeyword(KeywordMain.groovy:66)
	at com.kms.katalon.core.keyword.internal.KeywordMain$runKeyword.call(Unknown Source)
	at com.kms.katalon.core.cucumber.keyword.CucumberBuiltinKeywords.runFeatureFile(CucumberBuiltinKeywords.groovy:46)
	at com.kms.katalon.core.cucumber.keyword.CucumberBuiltinKeywords$runFeatureFile$0.callStatic(Unknown Source)
	at com.kms.katalon.core.cucumber.keyword.CucumberBuiltinKeywords.runFeatureFile(CucumberBuiltinKeywords.groovy:101)
	at com.kms.katalon.core.cucumber.keyword.CucumberBuiltinKeywords$runFeatureFile.call(Unknown Source)
	at 006-Check-Mandatory-Fields.run(006-Check-Mandatory-Fields:16)
	at com.kms.katalon.core.main.ScriptEngine.run(ScriptEngine.java:194)
	at com.kms.katalon.core.main.ScriptEngine.runScriptAsRawText(ScriptEngine.java:119)
	at com.kms.katalon.core.main.TestCaseExecutor.runScript(TestCaseExecutor.java:331)
	at com.kms.katalon.core.main.TestCaseExecutor.doExecute(TestCaseExecutor.java:322)
	at com.kms.katalon.core.main.TestCaseExecutor.processExecutionPhase(TestCaseExecutor.java:301)
	at com.kms.katalon.core.main.TestCaseExecutor.accessMainPhase(TestCaseExecutor.java:293)
	at com.kms.katalon.core.main.TestCaseExecutor.execute(TestCaseExecutor.java:227)
	at com.kms.katalon.core.main.TestSuiteExecutor.accessTestCaseMainPhase(TestSuiteExecutor.java:129)
	at com.kms.katalon.core.main.TestSuiteExecutor.accessTestSuiteMainPhase(TestSuiteExecutor.java:112)
	at com.kms.katalon.core.main.TestSuiteExecutor.execute(TestSuiteExecutor.java:81)
	at com.kms.katalon.core.main.TestCaseMain.startTestSuite(TestCaseMain.java:157)
	at com.kms.katalon.core.main.TestCaseMain$startTestSuite$0.call(Unknown Source)
	at TempTestSuite1556705678812.run(TempTestSuite1556705678812.groovy:35)
)

2019-05-01 13:15:35 - [MESSAGE][FAILED] - runFeatureFile("Include/features/Governance-Module/Add-Idea/006-Check-Mandatory-Fields.feature") FAILED.
Reason:
com.kms.katalon.core.exception.StepFailedException: Feature file 'Include/features/Governance-Module/Add-Idea/006-Check-Mandatory-Fields.feature' was failed
	at com.kms.katalon.core.keyword.internal.KeywordMain.stepFailed(KeywordMain.groovy:48)
	at com.kms.katalon.core.keyword.internal.KeywordMain.stepFailed(KeywordMain.groovy)
	at com.kms.katalon.core.keyword.internal.KeywordMain.stepFailed(KeywordMain.groovy:21)
	at com.kms.katalon.core.keyword.internal.KeywordMain$stepFailed$0.call(Unknown Source)
	at com.kms.katalon.core.cucumber.keyword.CucumberBuiltinKeywords$_runFeatureFile_closure1.doCall(CucumberBuiltinKeywords.groovy:82)
	at com.kms.katalon.core.cucumber.keyword.CucumberBuiltinKeywords$_runFeatureFile_closure1.doCall(CucumberBuiltinKeywords.groovy)
	at com.kms.katalon.core.keyword.internal.KeywordMain.runKeyword(KeywordMain.groovy:66)
	at com.kms.katalon.core.keyword.internal.KeywordMain$runKeyword.call(Unknown Source)
	at com.kms.katalon.core.cucumber.keyword.CucumberBuiltinKeywords.runFeatureFile(CucumberBuiltinKeywords.groovy:46)
	at com.kms.katalon.core.cucumber.keyword.CucumberBuiltinKeywords$runFeatureFile$0.callStatic(Unknown Source)
	at com.kms.katalon.core.cucumber.keyword.CucumberBuiltinKeywords.runFeatureFile(CucumberBuiltinKeywords.groovy:101)
	at com.kms.katalon.core.cucumber.keyword.CucumberBuiltinKeywords$runFeatureFile.call(Unknown Source)
	at 006-Check-Mandatory-Fields.run(006-Check-Mandatory-Fields:16)
	at com.kms.katalon.core.main.ScriptEngine.run(ScriptEngine.java:194)
	at com.kms.katalon.core.main.ScriptEngine.runScriptAsRawText(ScriptEngine.java:119)
	at com.kms.katalon.core.main.TestCaseExecutor.runScript(TestCaseExecutor.java:331)
	at com.kms.katalon.core.main.TestCaseExecutor.doExecute(TestCaseExecutor.java:322)
	at com.kms.katalon.core.main.TestCaseExecutor.processExecutionPhase(TestCaseExecutor.java:301)
	at com.kms.katalon.core.main.TestCaseExecutor.accessMainPhase(TestCaseExecutor.java:293)
	at com.kms.katalon.core.main.TestCaseExecutor.execute(TestCaseExecutor.java:227)
	at com.kms.katalon.core.main.TestSuiteExecutor.accessTestCaseMainPhase(TestSuiteExecutor.java:129)
	at com.kms.katalon.core.main.TestSuiteExecutor.accessTestSuiteMainPhase(TestSuiteExecutor.java:112)
	at com.kms.katalon.core.main.TestSuiteExecutor.execute(TestSuiteExecutor.java:81)
	at com.kms.katalon.core.main.TestCaseMain.startTestSuite(TestCaseMain.java:157)
	at com.kms.katalon.core.main.TestCaseMain$startTestSuite$0.call(Unknown Source)
	at TempTestSuite1556705678812.run(TempTestSuite1556705678812.groovy:35)]]></system-out>
         <system-err><![CDATA[2019-05-01 13:14:40 - [TEST_CASE][FAILED] - Test Cases/Main-Test-Cases/006-Check-Mandatory-Fields: Test Cases/Main-Test-Cases/006-Check-Mandatory-Fields FAILED.
Reason:
com.kms.katalon.core.exception.StepFailedException: Feature file 'Include/features/Governance-Module/Add-Idea/006-Check-Mandatory-Fields.feature' was failed
	at com.kms.katalon.core.keyword.internal.KeywordMain.stepFailed(KeywordMain.groovy:48)
	at com.kms.katalon.core.keyword.internal.KeywordMain.stepFailed(KeywordMain.groovy)
	at com.kms.katalon.core.keyword.internal.KeywordMain.stepFailed(KeywordMain.groovy:21)
	at com.kms.katalon.core.keyword.internal.KeywordMain$stepFailed$0.call(Unknown Source)
	at com.kms.katalon.core.cucumber.keyword.CucumberBuiltinKeywords$_runFeatureFile_closure1.doCall(CucumberBuiltinKeywords.groovy:82)
	at com.kms.katalon.core.cucumber.keyword.CucumberBuiltinKeywords$_runFeatureFile_closure1.doCall(CucumberBuiltinKeywords.groovy)
	at com.kms.katalon.core.keyword.internal.KeywordMain.runKeyword(KeywordMain.groovy:66)
	at com.kms.katalon.core.keyword.internal.KeywordMain$runKeyword.call(Unknown Source)
	at com.kms.katalon.core.cucumber.keyword.CucumberBuiltinKeywords.runFeatureFile(CucumberBuiltinKeywords.groovy:46)
	at com.kms.katalon.core.cucumber.keyword.CucumberBuiltinKeywords$runFeatureFile$0.callStatic(Unknown Source)
	at com.kms.katalon.core.cucumber.keyword.CucumberBuiltinKeywords.runFeatureFile(CucumberBuiltinKeywords.groovy:101)
	at com.kms.katalon.core.cucumber.keyword.CucumberBuiltinKeywords$runFeatureFile.call(Unknown Source)
	at 006-Check-Mandatory-Fields.run(006-Check-Mandatory-Fields:16)
	at com.kms.katalon.core.main.ScriptEngine.run(ScriptEngine.java:194)
	at com.kms.katalon.core.main.ScriptEngine.runScriptAsRawText(ScriptEngine.java:119)
	at com.kms.katalon.core.main.TestCaseExecutor.runScript(TestCaseExecutor.java:331)
	at com.kms.katalon.core.main.TestCaseExecutor.doExecute(TestCaseExecutor.java:322)
	at com.kms.katalon.core.main.TestCaseExecutor.processExecutionPhase(TestCaseExecutor.java:301)
	at com.kms.katalon.core.main.TestCaseExecutor.accessMainPhase(TestCaseExecutor.java:293)
	at com.kms.katalon.core.main.TestCaseExecutor.execute(TestCaseExecutor.java:227)
	at com.kms.katalon.core.main.TestSuiteExecutor.accessTestCaseMainPhase(TestSuiteExecutor.java:129)
	at com.kms.katalon.core.main.TestSuiteExecutor.accessTestSuiteMainPhase(TestSuiteExecutor.java:112)
	at com.kms.katalon.core.main.TestSuiteExecutor.execute(TestSuiteExecutor.java:81)
	at com.kms.katalon.core.main.TestCaseMain.startTestSuite(TestCaseMain.java:157)
	at com.kms.katalon.core.main.TestCaseMain$startTestSuite$0.call(Unknown Source)
	at TempTestSuite1556705678812.run(TempTestSuite1556705678812.groovy:35)]]></system-err>
      </testcase>
      <testcase name="Test Cases/Main-Test-Cases/007-Check-Optional-Fields" classname="Test Cases/Main-Test-Cases/007-Check-Optional-Fields" status="FAILED">
         <failure type="FAILED" message="Test Cases/Main-Test-Cases/007-Check-Optional-Fields FAILED.
Reason:
com.kms.katalon.core.exception.StepFailedException: Keyword runFeatureFile was failed (Root cause: java.lang.IllegalArgumentException: Not a file or directory: C:\Users\HP\git\PMO-Web-Application\Include\features\Governance-Module\Add-Idea\007-Check-Optional-Fields.feature
	at cucumber.runtime.io.FileResourceIterator$FileIterator.&lt;init>(FileResourceIterator.java:63)
	at cucumber.runtime.io.FileResourceIterator.&lt;init>(FileResourceIterator.java:28)
	at cucumber.runtime.io.FileResourceIterator.createFileResourceIterator(FileResourceIterator.java:14)
	at cucumber.runtime.io.FileResourceIterable.iterator(FileResourceIterable.java:19)
	at cucumber.runtime.model.CucumberFeature.loadFromFeaturePath(CucumberFeature.java:111)
	at cucumber.runtime.model.CucumberFeature.load(CucumberFeature.java:48)
	at cucumber.runtime.model.CucumberFeature.load(CucumberFeature.java:30)
	at cucumber.runtime.RuntimeOptions.cucumberFeatures(RuntimeOptions.java:305)
	at cucumber.runtime.Runtime.run(Runtime.java:97)
	at cucumber.api.cli.Main.run(Main.java:35)
	at cucumber.api.cli.Main$run.call(Unknown Source)
	at com.kms.katalon.core.cucumber.keyword.CucumberBuiltinKeywords$_runFeatureFile_closure1.doCall(CucumberBuiltinKeywords.groovy:76)
	at com.kms.katalon.core.cucumber.keyword.CucumberBuiltinKeywords$_runFeatureFile_closure1.doCall(CucumberBuiltinKeywords.groovy)
	at com.kms.katalon.core.keyword.internal.KeywordMain.runKeyword(KeywordMain.groovy:66)
	at com.kms.katalon.core.keyword.internal.KeywordMain$runKeyword.call(Unknown Source)
	at com.kms.katalon.core.cucumber.keyword.CucumberBuiltinKeywords.runFeatureFile(CucumberBuiltinKeywords.groovy:46)
	at com.kms.katalon.core.cucumber.keyword.CucumberBuiltinKeywords$runFeatureFile$0.callStatic(Unknown Source)
	at com.kms.katalon.core.cucumber.keyword.CucumberBuiltinKeywords.runFeatureFile(CucumberBuiltinKeywords.groovy:101)
	at com.kms.katalon.core.cucumber.keyword.CucumberBuiltinKeywords$runFeatureFile.call(Unknown Source)
	at 007-Check-Optional-Fields.run(007-Check-Optional-Fields:16)
	at com.kms.katalon.core.main.ScriptEngine.run(ScriptEngine.java:194)
	at com.kms.katalon.core.main.ScriptEngine.runScriptAsRawText(ScriptEngine.java:119)
	at com.kms.katalon.core.main.TestCaseExecutor.runScript(TestCaseExecutor.java:331)
	at com.kms.katalon.core.main.TestCaseExecutor.doExecute(TestCaseExecutor.java:322)
	at com.kms.katalon.core.main.TestCaseExecutor.processExecutionPhase(TestCaseExecutor.java:301)
	at com.kms.katalon.core.main.TestCaseExecutor.accessMainPhase(TestCaseExecutor.java:293)
	at com.kms.katalon.core.main.TestCaseExecutor.execute(TestCaseExecutor.java:227)
	at com.kms.katalon.core.main.TestSuiteExecutor.accessTestCaseMainPhase(TestSuiteExecutor.java:129)
	at com.kms.katalon.core.main.TestSuiteExecutor.accessTestSuiteMainPhase(TestSuiteExecutor.java:112)
	at com.kms.katalon.core.main.TestSuiteExecutor.execute(TestSuiteExecutor.java:81)
	at com.kms.katalon.core.main.TestCaseMain.startTestSuite(TestCaseMain.java:157)
	at com.kms.katalon.core.main.TestCaseMain$startTestSuite$0.call(Unknown Source)
	at TempTestSuite1556705678812.run(TempTestSuite1556705678812.groovy:35)
)
	at com.kms.katalon.core.keyword.internal.KeywordMain.stepFailed(KeywordMain.groovy:48)
	at com.kms.katalon.core.keyword.internal.KeywordMain.stepFailed(KeywordMain.groovy)
	at com.kms.katalon.core.keyword.internal.KeywordMain.runKeyword(KeywordMain.groovy:68)
	at com.kms.katalon.core.keyword.internal.KeywordMain$runKeyword.call(Unknown Source)
	at com.kms.katalon.core.cucumber.keyword.CucumberBuiltinKeywords.runFeatureFile(CucumberBuiltinKeywords.groovy:46)
	at com.kms.katalon.core.cucumber.keyword.CucumberBuiltinKeywords$runFeatureFile$0.callStatic(Unknown Source)
	at com.kms.katalon.core.cucumber.keyword.CucumberBuiltinKeywords.runFeatureFile(CucumberBuiltinKeywords.groovy:101)
	at com.kms.katalon.core.cucumber.keyword.CucumberBuiltinKeywords$runFeatureFile.call(Unknown Source)
	at 007-Check-Optional-Fields.run(007-Check-Optional-Fields:16)
	at com.kms.katalon.core.main.ScriptEngine.run(ScriptEngine.java:194)
	at com.kms.katalon.core.main.ScriptEngine.runScriptAsRawText(ScriptEngine.java:119)
	at com.kms.katalon.core.main.TestCaseExecutor.runScript(TestCaseExecutor.java:331)
	at com.kms.katalon.core.main.TestCaseExecutor.doExecute(TestCaseExecutor.java:322)
	at com.kms.katalon.core.main.TestCaseExecutor.processExecutionPhase(TestCaseExecutor.java:301)
	at com.kms.katalon.core.main.TestCaseExecutor.accessMainPhase(TestCaseExecutor.java:293)
	at com.kms.katalon.core.main.TestCaseExecutor.execute(TestCaseExecutor.java:227)
	at com.kms.katalon.core.main.TestSuiteExecutor.accessTestCaseMainPhase(TestSuiteExecutor.java:129)
	at com.kms.katalon.core.main.TestSuiteExecutor.accessTestSuiteMainPhase(TestSuiteExecutor.java:112)
	at com.kms.katalon.core.main.TestSuiteExecutor.execute(TestSuiteExecutor.java:81)
	at com.kms.katalon.core.main.TestCaseMain.startTestSuite(TestCaseMain.java:157)
	at com.kms.katalon.core.main.TestCaseMain$startTestSuite$0.call(Unknown Source)
	at TempTestSuite1556705678812.run(TempTestSuite1556705678812.groovy:35)
Caused by: java.lang.IllegalArgumentException: Not a file or directory: C:\Users\HP\git\PMO-Web-Application\Include\features\Governance-Module\Add-Idea\007-Check-Optional-Fields.feature
	at cucumber.runtime.io.FileResourceIterator$FileIterator.&lt;init>(FileResourceIterator.java:63)
	at cucumber.runtime.io.FileResourceIterator.&lt;init>(FileResourceIterator.java:28)
	at cucumber.runtime.io.FileResourceIterator.createFileResourceIterator(FileResourceIterator.java:14)
	at cucumber.runtime.io.FileResourceIterable.iterator(FileResourceIterable.java:19)
	at cucumber.runtime.model.CucumberFeature.loadFromFeaturePath(CucumberFeature.java:111)
	at cucumber.runtime.model.CucumberFeature.load(CucumberFeature.java:48)
	at cucumber.runtime.model.CucumberFeature.load(CucumberFeature.java:30)
	at cucumber.runtime.RuntimeOptions.cucumberFeatures(RuntimeOptions.java:305)
	at cucumber.runtime.Runtime.run(Runtime.java:97)
	at cucumber.api.cli.Main.run(Main.java:35)
	at cucumber.api.cli.Main$run.call(Unknown Source)
	at com.kms.katalon.core.cucumber.keyword.CucumberBuiltinKeywords$_runFeatureFile_closure1.doCall(CucumberBuiltinKeywords.groovy:76)
	at com.kms.katalon.core.cucumber.keyword.CucumberBuiltinKeywords$_runFeatureFile_closure1.doCall(CucumberBuiltinKeywords.groovy)
	at com.kms.katalon.core.keyword.internal.KeywordMain.runKeyword(KeywordMain.groovy:66)
	... 19 more
"/>
         <system-out><![CDATA[2019-05-01 13:15:35 - [TEST_CASE][FAILED] - Test Cases/Main-Test-Cases/007-Check-Optional-Fields: Test Cases/Main-Test-Cases/007-Check-Optional-Fields FAILED.
Reason:
com.kms.katalon.core.exception.StepFailedException: Keyword runFeatureFile was failed (Root cause: java.lang.IllegalArgumentException: Not a file or directory: C:\Users\HP\git\PMO-Web-Application\Include\features\Governance-Module\Add-Idea\007-Check-Optional-Fields.feature
	at cucumber.runtime.io.FileResourceIterator$FileIterator.<init>(FileResourceIterator.java:63)
	at cucumber.runtime.io.FileResourceIterator.<init>(FileResourceIterator.java:28)
	at cucumber.runtime.io.FileResourceIterator.createFileResourceIterator(FileResourceIterator.java:14)
	at cucumber.runtime.io.FileResourceIterable.iterator(FileResourceIterable.java:19)
	at cucumber.runtime.model.CucumberFeature.loadFromFeaturePath(CucumberFeature.java:111)
	at cucumber.runtime.model.CucumberFeature.load(CucumberFeature.java:48)
	at cucumber.runtime.model.CucumberFeature.load(CucumberFeature.java:30)
	at cucumber.runtime.RuntimeOptions.cucumberFeatures(RuntimeOptions.java:305)
	at cucumber.runtime.Runtime.run(Runtime.java:97)
	at cucumber.api.cli.Main.run(Main.java:35)
	at cucumber.api.cli.Main$run.call(Unknown Source)
	at com.kms.katalon.core.cucumber.keyword.CucumberBuiltinKeywords$_runFeatureFile_closure1.doCall(CucumberBuiltinKeywords.groovy:76)
	at com.kms.katalon.core.cucumber.keyword.CucumberBuiltinKeywords$_runFeatureFile_closure1.doCall(CucumberBuiltinKeywords.groovy)
	at com.kms.katalon.core.keyword.internal.KeywordMain.runKeyword(KeywordMain.groovy:66)
	at com.kms.katalon.core.keyword.internal.KeywordMain$runKeyword.call(Unknown Source)
	at com.kms.katalon.core.cucumber.keyword.CucumberBuiltinKeywords.runFeatureFile(CucumberBuiltinKeywords.groovy:46)
	at com.kms.katalon.core.cucumber.keyword.CucumberBuiltinKeywords$runFeatureFile$0.callStatic(Unknown Source)
	at com.kms.katalon.core.cucumber.keyword.CucumberBuiltinKeywords.runFeatureFile(CucumberBuiltinKeywords.groovy:101)
	at com.kms.katalon.core.cucumber.keyword.CucumberBuiltinKeywords$runFeatureFile.call(Unknown Source)
	at 007-Check-Optional-Fields.run(007-Check-Optional-Fields:16)
	at com.kms.katalon.core.main.ScriptEngine.run(ScriptEngine.java:194)
	at com.kms.katalon.core.main.ScriptEngine.runScriptAsRawText(ScriptEngine.java:119)
	at com.kms.katalon.core.main.TestCaseExecutor.runScript(TestCaseExecutor.java:331)
	at com.kms.katalon.core.main.TestCaseExecutor.doExecute(TestCaseExecutor.java:322)
	at com.kms.katalon.core.main.TestCaseExecutor.processExecutionPhase(TestCaseExecutor.java:301)
	at com.kms.katalon.core.main.TestCaseExecutor.accessMainPhase(TestCaseExecutor.java:293)
	at com.kms.katalon.core.main.TestCaseExecutor.execute(TestCaseExecutor.java:227)
	at com.kms.katalon.core.main.TestSuiteExecutor.accessTestCaseMainPhase(TestSuiteExecutor.java:129)
	at com.kms.katalon.core.main.TestSuiteExecutor.accessTestSuiteMainPhase(TestSuiteExecutor.java:112)
	at com.kms.katalon.core.main.TestSuiteExecutor.execute(TestSuiteExecutor.java:81)
	at com.kms.katalon.core.main.TestCaseMain.startTestSuite(TestCaseMain.java:157)
	at com.kms.katalon.core.main.TestCaseMain$startTestSuite$0.call(Unknown Source)
	at TempTestSuite1556705678812.run(TempTestSuite1556705678812.groovy:35)
)
	at com.kms.katalon.core.keyword.internal.KeywordMain.stepFailed(KeywordMain.groovy:48)
	at com.kms.katalon.core.keyword.internal.KeywordMain.stepFailed(KeywordMain.groovy)
	at com.kms.katalon.core.keyword.internal.KeywordMain.runKeyword(KeywordMain.groovy:68)
	at com.kms.katalon.core.keyword.internal.KeywordMain$runKeyword.call(Unknown Source)
	at com.kms.katalon.core.cucumber.keyword.CucumberBuiltinKeywords.runFeatureFile(CucumberBuiltinKeywords.groovy:46)
	at com.kms.katalon.core.cucumber.keyword.CucumberBuiltinKeywords$runFeatureFile$0.callStatic(Unknown Source)
	at com.kms.katalon.core.cucumber.keyword.CucumberBuiltinKeywords.runFeatureFile(CucumberBuiltinKeywords.groovy:101)
	at com.kms.katalon.core.cucumber.keyword.CucumberBuiltinKeywords$runFeatureFile.call(Unknown Source)
	at 007-Check-Optional-Fields.run(007-Check-Optional-Fields:16)
	at com.kms.katalon.core.main.ScriptEngine.run(ScriptEngine.java:194)
	at com.kms.katalon.core.main.ScriptEngine.runScriptAsRawText(ScriptEngine.java:119)
	at com.kms.katalon.core.main.TestCaseExecutor.runScript(TestCaseExecutor.java:331)
	at com.kms.katalon.core.main.TestCaseExecutor.doExecute(TestCaseExecutor.java:322)
	at com.kms.katalon.core.main.TestCaseExecutor.processExecutionPhase(TestCaseExecutor.java:301)
	at com.kms.katalon.core.main.TestCaseExecutor.accessMainPhase(TestCaseExecutor.java:293)
	at com.kms.katalon.core.main.TestCaseExecutor.execute(TestCaseExecutor.java:227)
	at com.kms.katalon.core.main.TestSuiteExecutor.accessTestCaseMainPhase(TestSuiteExecutor.java:129)
	at com.kms.katalon.core.main.TestSuiteExecutor.accessTestSuiteMainPhase(TestSuiteExecutor.java:112)
	at com.kms.katalon.core.main.TestSuiteExecutor.execute(TestSuiteExecutor.java:81)
	at com.kms.katalon.core.main.TestCaseMain.startTestSuite(TestCaseMain.java:157)
	at com.kms.katalon.core.main.TestCaseMain$startTestSuite$0.call(Unknown Source)
	at TempTestSuite1556705678812.run(TempTestSuite1556705678812.groovy:35)
Caused by: java.lang.IllegalArgumentException: Not a file or directory: C:\Users\HP\git\PMO-Web-Application\Include\features\Governance-Module\Add-Idea\007-Check-Optional-Fields.feature
	at cucumber.runtime.io.FileResourceIterator$FileIterator.<init>(FileResourceIterator.java:63)
	at cucumber.runtime.io.FileResourceIterator.<init>(FileResourceIterator.java:28)
	at cucumber.runtime.io.FileResourceIterator.createFileResourceIterator(FileResourceIterator.java:14)
	at cucumber.runtime.io.FileResourceIterable.iterator(FileResourceIterable.java:19)
	at cucumber.runtime.model.CucumberFeature.loadFromFeaturePath(CucumberFeature.java:111)
	at cucumber.runtime.model.CucumberFeature.load(CucumberFeature.java:48)
	at cucumber.runtime.model.CucumberFeature.load(CucumberFeature.java:30)
	at cucumber.runtime.RuntimeOptions.cucumberFeatures(RuntimeOptions.java:305)
	at cucumber.runtime.Runtime.run(Runtime.java:97)
	at cucumber.api.cli.Main.run(Main.java:35)
	at cucumber.api.cli.Main$run.call(Unknown Source)
	at com.kms.katalon.core.cucumber.keyword.CucumberBuiltinKeywords$_runFeatureFile_closure1.doCall(CucumberBuiltinKeywords.groovy:76)
	at com.kms.katalon.core.cucumber.keyword.CucumberBuiltinKeywords$_runFeatureFile_closure1.doCall(CucumberBuiltinKeywords.groovy)
	at com.kms.katalon.core.keyword.internal.KeywordMain.runKeyword(KeywordMain.groovy:66)
	... 19 more


2019-05-01 13:15:35 - [TEST_STEP][FAILED] - runFeatureFile("Include/features/Governance-Module/Add-Idea/007-Check-Optional-Fields.feature"): runFeatureFile("Include/features/Governance-Module/Add-Idea/007-Check-Optional-Fields.feature") FAILED.
Reason:
com.kms.katalon.core.exception.StepFailedException: Keyword runFeatureFile was failed (Root cause: java.lang.IllegalArgumentException: Not a file or directory: C:\Users\HP\git\PMO-Web-Application\Include\features\Governance-Module\Add-Idea\007-Check-Optional-Fields.feature
	at cucumber.runtime.io.FileResourceIterator$FileIterator.<init>(FileResourceIterator.java:63)
	at cucumber.runtime.io.FileResourceIterator.<init>(FileResourceIterator.java:28)
	at cucumber.runtime.io.FileResourceIterator.createFileResourceIterator(FileResourceIterator.java:14)
	at cucumber.runtime.io.FileResourceIterable.iterator(FileResourceIterable.java:19)
	at cucumber.runtime.model.CucumberFeature.loadFromFeaturePath(CucumberFeature.java:111)
	at cucumber.runtime.model.CucumberFeature.load(CucumberFeature.java:48)
	at cucumber.runtime.model.CucumberFeature.load(CucumberFeature.java:30)
	at cucumber.runtime.RuntimeOptions.cucumberFeatures(RuntimeOptions.java:305)
	at cucumber.runtime.Runtime.run(Runtime.java:97)
	at cucumber.api.cli.Main.run(Main.java:35)
	at cucumber.api.cli.Main$run.call(Unknown Source)
	at com.kms.katalon.core.cucumber.keyword.CucumberBuiltinKeywords$_runFeatureFile_closure1.doCall(CucumberBuiltinKeywords.groovy:76)
	at com.kms.katalon.core.cucumber.keyword.CucumberBuiltinKeywords$_runFeatureFile_closure1.doCall(CucumberBuiltinKeywords.groovy)
	at com.kms.katalon.core.keyword.internal.KeywordMain.runKeyword(KeywordMain.groovy:66)
	at com.kms.katalon.core.keyword.internal.KeywordMain$runKeyword.call(Unknown Source)
	at com.kms.katalon.core.cucumber.keyword.CucumberBuiltinKeywords.runFeatureFile(CucumberBuiltinKeywords.groovy:46)
	at com.kms.katalon.core.cucumber.keyword.CucumberBuiltinKeywords$runFeatureFile$0.callStatic(Unknown Source)
	at com.kms.katalon.core.cucumber.keyword.CucumberBuiltinKeywords.runFeatureFile(CucumberBuiltinKeywords.groovy:101)
	at com.kms.katalon.core.cucumber.keyword.CucumberBuiltinKeywords$runFeatureFile.call(Unknown Source)
	at 007-Check-Optional-Fields.run(007-Check-Optional-Fields:16)
	at com.kms.katalon.core.main.ScriptEngine.run(ScriptEngine.java:194)
	at com.kms.katalon.core.main.ScriptEngine.runScriptAsRawText(ScriptEngine.java:119)
	at com.kms.katalon.core.main.TestCaseExecutor.runScript(TestCaseExecutor.java:331)
	at com.kms.katalon.core.main.TestCaseExecutor.doExecute(TestCaseExecutor.java:322)
	at com.kms.katalon.core.main.TestCaseExecutor.processExecutionPhase(TestCaseExecutor.java:301)
	at com.kms.katalon.core.main.TestCaseExecutor.accessMainPhase(TestCaseExecutor.java:293)
	at com.kms.katalon.core.main.TestCaseExecutor.execute(TestCaseExecutor.java:227)
	at com.kms.katalon.core.main.TestSuiteExecutor.accessTestCaseMainPhase(TestSuiteExecutor.java:129)
	at com.kms.katalon.core.main.TestSuiteExecutor.accessTestSuiteMainPhase(TestSuiteExecutor.java:112)
	at com.kms.katalon.core.main.TestSuiteExecutor.execute(TestSuiteExecutor.java:81)
	at com.kms.katalon.core.main.TestCaseMain.startTestSuite(TestCaseMain.java:157)
	at com.kms.katalon.core.main.TestCaseMain$startTestSuite$0.call(Unknown Source)
	at TempTestSuite1556705678812.run(TempTestSuite1556705678812.groovy:35)
)
	at com.kms.katalon.core.keyword.internal.KeywordMain.stepFailed(KeywordMain.groovy:48)
	at com.kms.katalon.core.keyword.internal.KeywordMain.stepFailed(KeywordMain.groovy)
	at com.kms.katalon.core.keyword.internal.KeywordMain.runKeyword(KeywordMain.groovy:68)
	at com.kms.katalon.core.keyword.internal.KeywordMain$runKeyword.call(Unknown Source)
	at com.kms.katalon.core.cucumber.keyword.CucumberBuiltinKeywords.runFeatureFile(CucumberBuiltinKeywords.groovy:46)
	at com.kms.katalon.core.cucumber.keyword.CucumberBuiltinKeywords$runFeatureFile$0.callStatic(Unknown Source)
	at com.kms.katalon.core.cucumber.keyword.CucumberBuiltinKeywords.runFeatureFile(CucumberBuiltinKeywords.groovy:101)
	at com.kms.katalon.core.cucumber.keyword.CucumberBuiltinKeywords$runFeatureFile.call(Unknown Source)
	at 007-Check-Optional-Fields.run(007-Check-Optional-Fields:16)
	at com.kms.katalon.core.main.ScriptEngine.run(ScriptEngine.java:194)
	at com.kms.katalon.core.main.ScriptEngine.runScriptAsRawText(ScriptEngine.java:119)
	at com.kms.katalon.core.main.TestCaseExecutor.runScript(TestCaseExecutor.java:331)
	at com.kms.katalon.core.main.TestCaseExecutor.doExecute(TestCaseExecutor.java:322)
	at com.kms.katalon.core.main.TestCaseExecutor.processExecutionPhase(TestCaseExecutor.java:301)
	at com.kms.katalon.core.main.TestCaseExecutor.accessMainPhase(TestCaseExecutor.java:293)
	at com.kms.katalon.core.main.TestCaseExecutor.execute(TestCaseExecutor.java:227)
	at com.kms.katalon.core.main.TestSuiteExecutor.accessTestCaseMainPhase(TestSuiteExecutor.java:129)
	at com.kms.katalon.core.main.TestSuiteExecutor.accessTestSuiteMainPhase(TestSuiteExecutor.java:112)
	at com.kms.katalon.core.main.TestSuiteExecutor.execute(TestSuiteExecutor.java:81)
	at com.kms.katalon.core.main.TestCaseMain.startTestSuite(TestCaseMain.java:157)
	at com.kms.katalon.core.main.TestCaseMain$startTestSuite$0.call(Unknown Source)
	at TempTestSuite1556705678812.run(TempTestSuite1556705678812.groovy:35)
Caused by: java.lang.IllegalArgumentException: Not a file or directory: C:\Users\HP\git\PMO-Web-Application\Include\features\Governance-Module\Add-Idea\007-Check-Optional-Fields.feature
	at cucumber.runtime.io.FileResourceIterator$FileIterator.<init>(FileResourceIterator.java:63)
	at cucumber.runtime.io.FileResourceIterator.<init>(FileResourceIterator.java:28)
	at cucumber.runtime.io.FileResourceIterator.createFileResourceIterator(FileResourceIterator.java:14)
	at cucumber.runtime.io.FileResourceIterable.iterator(FileResourceIterable.java:19)
	at cucumber.runtime.model.CucumberFeature.loadFromFeaturePath(CucumberFeature.java:111)
	at cucumber.runtime.model.CucumberFeature.load(CucumberFeature.java:48)
	at cucumber.runtime.model.CucumberFeature.load(CucumberFeature.java:30)
	at cucumber.runtime.RuntimeOptions.cucumberFeatures(RuntimeOptions.java:305)
	at cucumber.runtime.Runtime.run(Runtime.java:97)
	at cucumber.api.cli.Main.run(Main.java:35)
	at cucumber.api.cli.Main$run.call(Unknown Source)
	at com.kms.katalon.core.cucumber.keyword.CucumberBuiltinKeywords$_runFeatureFile_closure1.doCall(CucumberBuiltinKeywords.groovy:76)
	at com.kms.katalon.core.cucumber.keyword.CucumberBuiltinKeywords$_runFeatureFile_closure1.doCall(CucumberBuiltinKeywords.groovy)
	at com.kms.katalon.core.keyword.internal.KeywordMain.runKeyword(KeywordMain.groovy:66)
	... 19 more


2019-05-01 13:15:35 - [MESSAGE][INFO] - Starting run keyword runFeatureFile: 'Include/features/Governance-Module/Add-Idea/007-Check-Optional-Fields.feature' and extract report to folder: 'C:\Users\HP\git\PMO-Web-Application\Reports\First-Test-Suite\20190501_131438/cucumber_report/1556705735969'...

2019-05-01 13:15:36 - [MESSAGE][FAILED] - Keyword runFeatureFile was failed (Root cause: java.lang.IllegalArgumentException: Not a file or directory: C:\Users\HP\git\PMO-Web-Application\Include\features\Governance-Module\Add-Idea\007-Check-Optional-Fields.feature
	at cucumber.runtime.io.FileResourceIterator$FileIterator.<init>(FileResourceIterator.java:63)
	at cucumber.runtime.io.FileResourceIterator.<init>(FileResourceIterator.java:28)
	at cucumber.runtime.io.FileResourceIterator.createFileResourceIterator(FileResourceIterator.java:14)
	at cucumber.runtime.io.FileResourceIterable.iterator(FileResourceIterable.java:19)
	at cucumber.runtime.model.CucumberFeature.loadFromFeaturePath(CucumberFeature.java:111)
	at cucumber.runtime.model.CucumberFeature.load(CucumberFeature.java:48)
	at cucumber.runtime.model.CucumberFeature.load(CucumberFeature.java:30)
	at cucumber.runtime.RuntimeOptions.cucumberFeatures(RuntimeOptions.java:305)
	at cucumber.runtime.Runtime.run(Runtime.java:97)
	at cucumber.api.cli.Main.run(Main.java:35)
	at cucumber.api.cli.Main$run.call(Unknown Source)
	at com.kms.katalon.core.cucumber.keyword.CucumberBuiltinKeywords$_runFeatureFile_closure1.doCall(CucumberBuiltinKeywords.groovy:76)
	at com.kms.katalon.core.cucumber.keyword.CucumberBuiltinKeywords$_runFeatureFile_closure1.doCall(CucumberBuiltinKeywords.groovy)
	at com.kms.katalon.core.keyword.internal.KeywordMain.runKeyword(KeywordMain.groovy:66)
	at com.kms.katalon.core.keyword.internal.KeywordMain$runKeyword.call(Unknown Source)
	at com.kms.katalon.core.cucumber.keyword.CucumberBuiltinKeywords.runFeatureFile(CucumberBuiltinKeywords.groovy:46)
	at com.kms.katalon.core.cucumber.keyword.CucumberBuiltinKeywords$runFeatureFile$0.callStatic(Unknown Source)
	at com.kms.katalon.core.cucumber.keyword.CucumberBuiltinKeywords.runFeatureFile(CucumberBuiltinKeywords.groovy:101)
	at com.kms.katalon.core.cucumber.keyword.CucumberBuiltinKeywords$runFeatureFile.call(Unknown Source)
	at 007-Check-Optional-Fields.run(007-Check-Optional-Fields:16)
	at com.kms.katalon.core.main.ScriptEngine.run(ScriptEngine.java:194)
	at com.kms.katalon.core.main.ScriptEngine.runScriptAsRawText(ScriptEngine.java:119)
	at com.kms.katalon.core.main.TestCaseExecutor.runScript(TestCaseExecutor.java:331)
	at com.kms.katalon.core.main.TestCaseExecutor.doExecute(TestCaseExecutor.java:322)
	at com.kms.katalon.core.main.TestCaseExecutor.processExecutionPhase(TestCaseExecutor.java:301)
	at com.kms.katalon.core.main.TestCaseExecutor.accessMainPhase(TestCaseExecutor.java:293)
	at com.kms.katalon.core.main.TestCaseExecutor.execute(TestCaseExecutor.java:227)
	at com.kms.katalon.core.main.TestSuiteExecutor.accessTestCaseMainPhase(TestSuiteExecutor.java:129)
	at com.kms.katalon.core.main.TestSuiteExecutor.accessTestSuiteMainPhase(TestSuiteExecutor.java:112)
	at com.kms.katalon.core.main.TestSuiteExecutor.execute(TestSuiteExecutor.java:81)
	at com.kms.katalon.core.main.TestCaseMain.startTestSuite(TestCaseMain.java:157)
	at com.kms.katalon.core.main.TestCaseMain$startTestSuite$0.call(Unknown Source)
	at TempTestSuite1556705678812.run(TempTestSuite1556705678812.groovy:35)
)

2019-05-01 13:15:36 - [MESSAGE][FAILED] - runFeatureFile("Include/features/Governance-Module/Add-Idea/007-Check-Optional-Fields.feature") FAILED.
Reason:
com.kms.katalon.core.exception.StepFailedException: Keyword runFeatureFile was failed (Root cause: java.lang.IllegalArgumentException: Not a file or directory: C:\Users\HP\git\PMO-Web-Application\Include\features\Governance-Module\Add-Idea\007-Check-Optional-Fields.feature
	at cucumber.runtime.io.FileResourceIterator$FileIterator.<init>(FileResourceIterator.java:63)
	at cucumber.runtime.io.FileResourceIterator.<init>(FileResourceIterator.java:28)
	at cucumber.runtime.io.FileResourceIterator.createFileResourceIterator(FileResourceIterator.java:14)
	at cucumber.runtime.io.FileResourceIterable.iterator(FileResourceIterable.java:19)
	at cucumber.runtime.model.CucumberFeature.loadFromFeaturePath(CucumberFeature.java:111)
	at cucumber.runtime.model.CucumberFeature.load(CucumberFeature.java:48)
	at cucumber.runtime.model.CucumberFeature.load(CucumberFeature.java:30)
	at cucumber.runtime.RuntimeOptions.cucumberFeatures(RuntimeOptions.java:305)
	at cucumber.runtime.Runtime.run(Runtime.java:97)
	at cucumber.api.cli.Main.run(Main.java:35)
	at cucumber.api.cli.Main$run.call(Unknown Source)
	at com.kms.katalon.core.cucumber.keyword.CucumberBuiltinKeywords$_runFeatureFile_closure1.doCall(CucumberBuiltinKeywords.groovy:76)
	at com.kms.katalon.core.cucumber.keyword.CucumberBuiltinKeywords$_runFeatureFile_closure1.doCall(CucumberBuiltinKeywords.groovy)
	at com.kms.katalon.core.keyword.internal.KeywordMain.runKeyword(KeywordMain.groovy:66)
	at com.kms.katalon.core.keyword.internal.KeywordMain$runKeyword.call(Unknown Source)
	at com.kms.katalon.core.cucumber.keyword.CucumberBuiltinKeywords.runFeatureFile(CucumberBuiltinKeywords.groovy:46)
	at com.kms.katalon.core.cucumber.keyword.CucumberBuiltinKeywords$runFeatureFile$0.callStatic(Unknown Source)
	at com.kms.katalon.core.cucumber.keyword.CucumberBuiltinKeywords.runFeatureFile(CucumberBuiltinKeywords.groovy:101)
	at com.kms.katalon.core.cucumber.keyword.CucumberBuiltinKeywords$runFeatureFile.call(Unknown Source)
	at 007-Check-Optional-Fields.run(007-Check-Optional-Fields:16)
	at com.kms.katalon.core.main.ScriptEngine.run(ScriptEngine.java:194)
	at com.kms.katalon.core.main.ScriptEngine.runScriptAsRawText(ScriptEngine.java:119)
	at com.kms.katalon.core.main.TestCaseExecutor.runScript(TestCaseExecutor.java:331)
	at com.kms.katalon.core.main.TestCaseExecutor.doExecute(TestCaseExecutor.java:322)
	at com.kms.katalon.core.main.TestCaseExecutor.processExecutionPhase(TestCaseExecutor.java:301)
	at com.kms.katalon.core.main.TestCaseExecutor.accessMainPhase(TestCaseExecutor.java:293)
	at com.kms.katalon.core.main.TestCaseExecutor.execute(TestCaseExecutor.java:227)
	at com.kms.katalon.core.main.TestSuiteExecutor.accessTestCaseMainPhase(TestSuiteExecutor.java:129)
	at com.kms.katalon.core.main.TestSuiteExecutor.accessTestSuiteMainPhase(TestSuiteExecutor.java:112)
	at com.kms.katalon.core.main.TestSuiteExecutor.execute(TestSuiteExecutor.java:81)
	at com.kms.katalon.core.main.TestCaseMain.startTestSuite(TestCaseMain.java:157)
	at com.kms.katalon.core.main.TestCaseMain$startTestSuite$0.call(Unknown Source)
	at TempTestSuite1556705678812.run(TempTestSuite1556705678812.groovy:35)
)
	at com.kms.katalon.core.keyword.internal.KeywordMain.stepFailed(KeywordMain.groovy:48)
	at com.kms.katalon.core.keyword.internal.KeywordMain.stepFailed(KeywordMain.groovy)
	at com.kms.katalon.core.keyword.internal.KeywordMain.runKeyword(KeywordMain.groovy:68)
	at com.kms.katalon.core.keyword.internal.KeywordMain$runKeyword.call(Unknown Source)
	at com.kms.katalon.core.cucumber.keyword.CucumberBuiltinKeywords.runFeatureFile(CucumberBuiltinKeywords.groovy:46)
	at com.kms.katalon.core.cucumber.keyword.CucumberBuiltinKeywords$runFeatureFile$0.callStatic(Unknown Source)
	at com.kms.katalon.core.cucumber.keyword.CucumberBuiltinKeywords.runFeatureFile(CucumberBuiltinKeywords.groovy:101)
	at com.kms.katalon.core.cucumber.keyword.CucumberBuiltinKeywords$runFeatureFile.call(Unknown Source)
	at 007-Check-Optional-Fields.run(007-Check-Optional-Fields:16)
	at com.kms.katalon.core.main.ScriptEngine.run(ScriptEngine.java:194)
	at com.kms.katalon.core.main.ScriptEngine.runScriptAsRawText(ScriptEngine.java:119)
	at com.kms.katalon.core.main.TestCaseExecutor.runScript(TestCaseExecutor.java:331)
	at com.kms.katalon.core.main.TestCaseExecutor.doExecute(TestCaseExecutor.java:322)
	at com.kms.katalon.core.main.TestCaseExecutor.processExecutionPhase(TestCaseExecutor.java:301)
	at com.kms.katalon.core.main.TestCaseExecutor.accessMainPhase(TestCaseExecutor.java:293)
	at com.kms.katalon.core.main.TestCaseExecutor.execute(TestCaseExecutor.java:227)
	at com.kms.katalon.core.main.TestSuiteExecutor.accessTestCaseMainPhase(TestSuiteExecutor.java:129)
	at com.kms.katalon.core.main.TestSuiteExecutor.accessTestSuiteMainPhase(TestSuiteExecutor.java:112)
	at com.kms.katalon.core.main.TestSuiteExecutor.execute(TestSuiteExecutor.java:81)
	at com.kms.katalon.core.main.TestCaseMain.startTestSuite(TestCaseMain.java:157)
	at com.kms.katalon.core.main.TestCaseMain$startTestSuite$0.call(Unknown Source)
	at TempTestSuite1556705678812.run(TempTestSuite1556705678812.groovy:35)
Caused by: java.lang.IllegalArgumentException: Not a file or directory: C:\Users\HP\git\PMO-Web-Application\Include\features\Governance-Module\Add-Idea\007-Check-Optional-Fields.feature
	at cucumber.runtime.io.FileResourceIterator$FileIterator.<init>(FileResourceIterator.java:63)
	at cucumber.runtime.io.FileResourceIterator.<init>(FileResourceIterator.java:28)
	at cucumber.runtime.io.FileResourceIterator.createFileResourceIterator(FileResourceIterator.java:14)
	at cucumber.runtime.io.FileResourceIterable.iterator(FileResourceIterable.java:19)
	at cucumber.runtime.model.CucumberFeature.loadFromFeaturePath(CucumberFeature.java:111)
	at cucumber.runtime.model.CucumberFeature.load(CucumberFeature.java:48)
	at cucumber.runtime.model.CucumberFeature.load(CucumberFeature.java:30)
	at cucumber.runtime.RuntimeOptions.cucumberFeatures(RuntimeOptions.java:305)
	at cucumber.runtime.Runtime.run(Runtime.java:97)
	at cucumber.api.cli.Main.run(Main.java:35)
	at cucumber.api.cli.Main$run.call(Unknown Source)
	at com.kms.katalon.core.cucumber.keyword.CucumberBuiltinKeywords$_runFeatureFile_closure1.doCall(CucumberBuiltinKeywords.groovy:76)
	at com.kms.katalon.core.cucumber.keyword.CucumberBuiltinKeywords$_runFeatureFile_closure1.doCall(CucumberBuiltinKeywords.groovy)
	at com.kms.katalon.core.keyword.internal.KeywordMain.runKeyword(KeywordMain.groovy:66)
	... 19 more]]></system-out>
         <system-err><![CDATA[2019-05-01 13:15:35 - [TEST_CASE][FAILED] - Test Cases/Main-Test-Cases/007-Check-Optional-Fields: Test Cases/Main-Test-Cases/007-Check-Optional-Fields FAILED.
Reason:
com.kms.katalon.core.exception.StepFailedException: Keyword runFeatureFile was failed (Root cause: java.lang.IllegalArgumentException: Not a file or directory: C:\Users\HP\git\PMO-Web-Application\Include\features\Governance-Module\Add-Idea\007-Check-Optional-Fields.feature
	at cucumber.runtime.io.FileResourceIterator$FileIterator.<init>(FileResourceIterator.java:63)
	at cucumber.runtime.io.FileResourceIterator.<init>(FileResourceIterator.java:28)
	at cucumber.runtime.io.FileResourceIterator.createFileResourceIterator(FileResourceIterator.java:14)
	at cucumber.runtime.io.FileResourceIterable.iterator(FileResourceIterable.java:19)
	at cucumber.runtime.model.CucumberFeature.loadFromFeaturePath(CucumberFeature.java:111)
	at cucumber.runtime.model.CucumberFeature.load(CucumberFeature.java:48)
	at cucumber.runtime.model.CucumberFeature.load(CucumberFeature.java:30)
	at cucumber.runtime.RuntimeOptions.cucumberFeatures(RuntimeOptions.java:305)
	at cucumber.runtime.Runtime.run(Runtime.java:97)
	at cucumber.api.cli.Main.run(Main.java:35)
	at cucumber.api.cli.Main$run.call(Unknown Source)
	at com.kms.katalon.core.cucumber.keyword.CucumberBuiltinKeywords$_runFeatureFile_closure1.doCall(CucumberBuiltinKeywords.groovy:76)
	at com.kms.katalon.core.cucumber.keyword.CucumberBuiltinKeywords$_runFeatureFile_closure1.doCall(CucumberBuiltinKeywords.groovy)
	at com.kms.katalon.core.keyword.internal.KeywordMain.runKeyword(KeywordMain.groovy:66)
	at com.kms.katalon.core.keyword.internal.KeywordMain$runKeyword.call(Unknown Source)
	at com.kms.katalon.core.cucumber.keyword.CucumberBuiltinKeywords.runFeatureFile(CucumberBuiltinKeywords.groovy:46)
	at com.kms.katalon.core.cucumber.keyword.CucumberBuiltinKeywords$runFeatureFile$0.callStatic(Unknown Source)
	at com.kms.katalon.core.cucumber.keyword.CucumberBuiltinKeywords.runFeatureFile(CucumberBuiltinKeywords.groovy:101)
	at com.kms.katalon.core.cucumber.keyword.CucumberBuiltinKeywords$runFeatureFile.call(Unknown Source)
	at 007-Check-Optional-Fields.run(007-Check-Optional-Fields:16)
	at com.kms.katalon.core.main.ScriptEngine.run(ScriptEngine.java:194)
	at com.kms.katalon.core.main.ScriptEngine.runScriptAsRawText(ScriptEngine.java:119)
	at com.kms.katalon.core.main.TestCaseExecutor.runScript(TestCaseExecutor.java:331)
	at com.kms.katalon.core.main.TestCaseExecutor.doExecute(TestCaseExecutor.java:322)
	at com.kms.katalon.core.main.TestCaseExecutor.processExecutionPhase(TestCaseExecutor.java:301)
	at com.kms.katalon.core.main.TestCaseExecutor.accessMainPhase(TestCaseExecutor.java:293)
	at com.kms.katalon.core.main.TestCaseExecutor.execute(TestCaseExecutor.java:227)
	at com.kms.katalon.core.main.TestSuiteExecutor.accessTestCaseMainPhase(TestSuiteExecutor.java:129)
	at com.kms.katalon.core.main.TestSuiteExecutor.accessTestSuiteMainPhase(TestSuiteExecutor.java:112)
	at com.kms.katalon.core.main.TestSuiteExecutor.execute(TestSuiteExecutor.java:81)
	at com.kms.katalon.core.main.TestCaseMain.startTestSuite(TestCaseMain.java:157)
	at com.kms.katalon.core.main.TestCaseMain$startTestSuite$0.call(Unknown Source)
	at TempTestSuite1556705678812.run(TempTestSuite1556705678812.groovy:35)
)
	at com.kms.katalon.core.keyword.internal.KeywordMain.stepFailed(KeywordMain.groovy:48)
	at com.kms.katalon.core.keyword.internal.KeywordMain.stepFailed(KeywordMain.groovy)
	at com.kms.katalon.core.keyword.internal.KeywordMain.runKeyword(KeywordMain.groovy:68)
	at com.kms.katalon.core.keyword.internal.KeywordMain$runKeyword.call(Unknown Source)
	at com.kms.katalon.core.cucumber.keyword.CucumberBuiltinKeywords.runFeatureFile(CucumberBuiltinKeywords.groovy:46)
	at com.kms.katalon.core.cucumber.keyword.CucumberBuiltinKeywords$runFeatureFile$0.callStatic(Unknown Source)
	at com.kms.katalon.core.cucumber.keyword.CucumberBuiltinKeywords.runFeatureFile(CucumberBuiltinKeywords.groovy:101)
	at com.kms.katalon.core.cucumber.keyword.CucumberBuiltinKeywords$runFeatureFile.call(Unknown Source)
	at 007-Check-Optional-Fields.run(007-Check-Optional-Fields:16)
	at com.kms.katalon.core.main.ScriptEngine.run(ScriptEngine.java:194)
	at com.kms.katalon.core.main.ScriptEngine.runScriptAsRawText(ScriptEngine.java:119)
	at com.kms.katalon.core.main.TestCaseExecutor.runScript(TestCaseExecutor.java:331)
	at com.kms.katalon.core.main.TestCaseExecutor.doExecute(TestCaseExecutor.java:322)
	at com.kms.katalon.core.main.TestCaseExecutor.processExecutionPhase(TestCaseExecutor.java:301)
	at com.kms.katalon.core.main.TestCaseExecutor.accessMainPhase(TestCaseExecutor.java:293)
	at com.kms.katalon.core.main.TestCaseExecutor.execute(TestCaseExecutor.java:227)
	at com.kms.katalon.core.main.TestSuiteExecutor.accessTestCaseMainPhase(TestSuiteExecutor.java:129)
	at com.kms.katalon.core.main.TestSuiteExecutor.accessTestSuiteMainPhase(TestSuiteExecutor.java:112)
	at com.kms.katalon.core.main.TestSuiteExecutor.execute(TestSuiteExecutor.java:81)
	at com.kms.katalon.core.main.TestCaseMain.startTestSuite(TestCaseMain.java:157)
	at com.kms.katalon.core.main.TestCaseMain$startTestSuite$0.call(Unknown Source)
	at TempTestSuite1556705678812.run(TempTestSuite1556705678812.groovy:35)
Caused by: java.lang.IllegalArgumentException: Not a file or directory: C:\Users\HP\git\PMO-Web-Application\Include\features\Governance-Module\Add-Idea\007-Check-Optional-Fields.feature
	at cucumber.runtime.io.FileResourceIterator$FileIterator.<init>(FileResourceIterator.java:63)
	at cucumber.runtime.io.FileResourceIterator.<init>(FileResourceIterator.java:28)
	at cucumber.runtime.io.FileResourceIterator.createFileResourceIterator(FileResourceIterator.java:14)
	at cucumber.runtime.io.FileResourceIterable.iterator(FileResourceIterable.java:19)
	at cucumber.runtime.model.CucumberFeature.loadFromFeaturePath(CucumberFeature.java:111)
	at cucumber.runtime.model.CucumberFeature.load(CucumberFeature.java:48)
	at cucumber.runtime.model.CucumberFeature.load(CucumberFeature.java:30)
	at cucumber.runtime.RuntimeOptions.cucumberFeatures(RuntimeOptions.java:305)
	at cucumber.runtime.Runtime.run(Runtime.java:97)
	at cucumber.api.cli.Main.run(Main.java:35)
	at cucumber.api.cli.Main$run.call(Unknown Source)
	at com.kms.katalon.core.cucumber.keyword.CucumberBuiltinKeywords$_runFeatureFile_closure1.doCall(CucumberBuiltinKeywords.groovy:76)
	at com.kms.katalon.core.cucumber.keyword.CucumberBuiltinKeywords$_runFeatureFile_closure1.doCall(CucumberBuiltinKeywords.groovy)
	at com.kms.katalon.core.keyword.internal.KeywordMain.runKeyword(KeywordMain.groovy:66)
	... 19 more]]></system-err>
      </testcase>
      <testcase name="Test Cases/Main-Test-Cases/017-Submit-Idea-and-Check-its-Sent-to-PMO" classname="Test Cases/Main-Test-Cases/017-Submit-Idea-and-Check-its-Sent-to-PMO" status="FAILED">
         <failure type="FAILED" message="Test Cases/Main-Test-Cases/017-Submit-Idea-and-Check-its-Sent-to-PMO FAILED.
Reason:
com.kms.katalon.core.exception.StepFailedException: Keyword runFeatureFile was failed (Root cause: java.lang.IllegalArgumentException: Not a file or directory: C:\Users\HP\git\PMO-Web-Application\Include\features\Governance-Module\Add-Idea\016-Submit-Idea-and-Check-its-Sent-to-PMO.feature
	at cucumber.runtime.io.FileResourceIterator$FileIterator.&lt;init>(FileResourceIterator.java:63)
	at cucumber.runtime.io.FileResourceIterator.&lt;init>(FileResourceIterator.java:28)
	at cucumber.runtime.io.FileResourceIterator.createFileResourceIterator(FileResourceIterator.java:14)
	at cucumber.runtime.io.FileResourceIterable.iterator(FileResourceIterable.java:19)
	at cucumber.runtime.model.CucumberFeature.loadFromFeaturePath(CucumberFeature.java:111)
	at cucumber.runtime.model.CucumberFeature.load(CucumberFeature.java:48)
	at cucumber.runtime.model.CucumberFeature.load(CucumberFeature.java:30)
	at cucumber.runtime.RuntimeOptions.cucumberFeatures(RuntimeOptions.java:305)
	at cucumber.runtime.Runtime.run(Runtime.java:97)
	at cucumber.api.cli.Main.run(Main.java:35)
	at cucumber.api.cli.Main$run.call(Unknown Source)
	at com.kms.katalon.core.cucumber.keyword.CucumberBuiltinKeywords$_runFeatureFile_closure1.doCall(CucumberBuiltinKeywords.groovy:76)
	at com.kms.katalon.core.cucumber.keyword.CucumberBuiltinKeywords$_runFeatureFile_closure1.doCall(CucumberBuiltinKeywords.groovy)
	at com.kms.katalon.core.keyword.internal.KeywordMain.runKeyword(KeywordMain.groovy:66)
	at com.kms.katalon.core.keyword.internal.KeywordMain$runKeyword.call(Unknown Source)
	at com.kms.katalon.core.cucumber.keyword.CucumberBuiltinKeywords.runFeatureFile(CucumberBuiltinKeywords.groovy:46)
	at com.kms.katalon.core.cucumber.keyword.CucumberBuiltinKeywords$runFeatureFile$0.callStatic(Unknown Source)
	at com.kms.katalon.core.cucumber.keyword.CucumberBuiltinKeywords.runFeatureFile(CucumberBuiltinKeywords.groovy:101)
	at com.kms.katalon.core.cucumber.keyword.CucumberBuiltinKeywords$runFeatureFile.call(Unknown Source)
	at 017-Submit-Idea-and-Check-its-Sent-to-PMO.run(017-Submit-Idea-and-Check-its-Sent-to-PMO:18)
	at com.kms.katalon.core.main.ScriptEngine.run(ScriptEngine.java:194)
	at com.kms.katalon.core.main.ScriptEngine.runScriptAsRawText(ScriptEngine.java:119)
	at com.kms.katalon.core.main.TestCaseExecutor.runScript(TestCaseExecutor.java:331)
	at com.kms.katalon.core.main.TestCaseExecutor.doExecute(TestCaseExecutor.java:322)
	at com.kms.katalon.core.main.TestCaseExecutor.processExecutionPhase(TestCaseExecutor.java:301)
	at com.kms.katalon.core.main.TestCaseExecutor.accessMainPhase(TestCaseExecutor.java:293)
	at com.kms.katalon.core.main.TestCaseExecutor.execute(TestCaseExecutor.java:227)
	at com.kms.katalon.core.main.TestSuiteExecutor.accessTestCaseMainPhase(TestSuiteExecutor.java:129)
	at com.kms.katalon.core.main.TestSuiteExecutor.accessTestSuiteMainPhase(TestSuiteExecutor.java:112)
	at com.kms.katalon.core.main.TestSuiteExecutor.execute(TestSuiteExecutor.java:81)
	at com.kms.katalon.core.main.TestCaseMain.startTestSuite(TestCaseMain.java:157)
	at com.kms.katalon.core.main.TestCaseMain$startTestSuite$0.call(Unknown Source)
	at TempTestSuite1556705678812.run(TempTestSuite1556705678812.groovy:35)
)
	at com.kms.katalon.core.keyword.internal.KeywordMain.stepFailed(KeywordMain.groovy:48)
	at com.kms.katalon.core.keyword.internal.KeywordMain.stepFailed(KeywordMain.groovy)
	at com.kms.katalon.core.keyword.internal.KeywordMain.runKeyword(KeywordMain.groovy:68)
	at com.kms.katalon.core.keyword.internal.KeywordMain$runKeyword.call(Unknown Source)
	at com.kms.katalon.core.cucumber.keyword.CucumberBuiltinKeywords.runFeatureFile(CucumberBuiltinKeywords.groovy:46)
	at com.kms.katalon.core.cucumber.keyword.CucumberBuiltinKeywords$runFeatureFile$0.callStatic(Unknown Source)
	at com.kms.katalon.core.cucumber.keyword.CucumberBuiltinKeywords.runFeatureFile(CucumberBuiltinKeywords.groovy:101)
	at com.kms.katalon.core.cucumber.keyword.CucumberBuiltinKeywords$runFeatureFile.call(Unknown Source)
	at 017-Submit-Idea-and-Check-its-Sent-to-PMO.run(017-Submit-Idea-and-Check-its-Sent-to-PMO:18)
	at com.kms.katalon.core.main.ScriptEngine.run(ScriptEngine.java:194)
	at com.kms.katalon.core.main.ScriptEngine.runScriptAsRawText(ScriptEngine.java:119)
	at com.kms.katalon.core.main.TestCaseExecutor.runScript(TestCaseExecutor.java:331)
	at com.kms.katalon.core.main.TestCaseExecutor.doExecute(TestCaseExecutor.java:322)
	at com.kms.katalon.core.main.TestCaseExecutor.processExecutionPhase(TestCaseExecutor.java:301)
	at com.kms.katalon.core.main.TestCaseExecutor.accessMainPhase(TestCaseExecutor.java:293)
	at com.kms.katalon.core.main.TestCaseExecutor.execute(TestCaseExecutor.java:227)
	at com.kms.katalon.core.main.TestSuiteExecutor.accessTestCaseMainPhase(TestSuiteExecutor.java:129)
	at com.kms.katalon.core.main.TestSuiteExecutor.accessTestSuiteMainPhase(TestSuiteExecutor.java:112)
	at com.kms.katalon.core.main.TestSuiteExecutor.execute(TestSuiteExecutor.java:81)
	at com.kms.katalon.core.main.TestCaseMain.startTestSuite(TestCaseMain.java:157)
	at com.kms.katalon.core.main.TestCaseMain$startTestSuite$0.call(Unknown Source)
	at TempTestSuite1556705678812.run(TempTestSuite1556705678812.groovy:35)
Caused by: java.lang.IllegalArgumentException: Not a file or directory: C:\Users\HP\git\PMO-Web-Application\Include\features\Governance-Module\Add-Idea\016-Submit-Idea-and-Check-its-Sent-to-PMO.feature
	at cucumber.runtime.io.FileResourceIterator$FileIterator.&lt;init>(FileResourceIterator.java:63)
	at cucumber.runtime.io.FileResourceIterator.&lt;init>(FileResourceIterator.java:28)
	at cucumber.runtime.io.FileResourceIterator.createFileResourceIterator(FileResourceIterator.java:14)
	at cucumber.runtime.io.FileResourceIterable.iterator(FileResourceIterable.java:19)
	at cucumber.runtime.model.CucumberFeature.loadFromFeaturePath(CucumberFeature.java:111)
	at cucumber.runtime.model.CucumberFeature.load(CucumberFeature.java:48)
	at cucumber.runtime.model.CucumberFeature.load(CucumberFeature.java:30)
	at cucumber.runtime.RuntimeOptions.cucumberFeatures(RuntimeOptions.java:305)
	at cucumber.runtime.Runtime.run(Runtime.java:97)
	at cucumber.api.cli.Main.run(Main.java:35)
	at cucumber.api.cli.Main$run.call(Unknown Source)
	at com.kms.katalon.core.cucumber.keyword.CucumberBuiltinKeywords$_runFeatureFile_closure1.doCall(CucumberBuiltinKeywords.groovy:76)
	at com.kms.katalon.core.cucumber.keyword.CucumberBuiltinKeywords$_runFeatureFile_closure1.doCall(CucumberBuiltinKeywords.groovy)
	at com.kms.katalon.core.keyword.internal.KeywordMain.runKeyword(KeywordMain.groovy:66)
	... 19 more
"/>
         <system-out><![CDATA[2019-05-01 13:15:36 - [TEST_CASE][FAILED] - Test Cases/Main-Test-Cases/017-Submit-Idea-and-Check-its-Sent-to-PMO: Test Cases/Main-Test-Cases/017-Submit-Idea-and-Check-its-Sent-to-PMO FAILED.
Reason:
com.kms.katalon.core.exception.StepFailedException: Keyword runFeatureFile was failed (Root cause: java.lang.IllegalArgumentException: Not a file or directory: C:\Users\HP\git\PMO-Web-Application\Include\features\Governance-Module\Add-Idea\016-Submit-Idea-and-Check-its-Sent-to-PMO.feature
	at cucumber.runtime.io.FileResourceIterator$FileIterator.<init>(FileResourceIterator.java:63)
	at cucumber.runtime.io.FileResourceIterator.<init>(FileResourceIterator.java:28)
	at cucumber.runtime.io.FileResourceIterator.createFileResourceIterator(FileResourceIterator.java:14)
	at cucumber.runtime.io.FileResourceIterable.iterator(FileResourceIterable.java:19)
	at cucumber.runtime.model.CucumberFeature.loadFromFeaturePath(CucumberFeature.java:111)
	at cucumber.runtime.model.CucumberFeature.load(CucumberFeature.java:48)
	at cucumber.runtime.model.CucumberFeature.load(CucumberFeature.java:30)
	at cucumber.runtime.RuntimeOptions.cucumberFeatures(RuntimeOptions.java:305)
	at cucumber.runtime.Runtime.run(Runtime.java:97)
	at cucumber.api.cli.Main.run(Main.java:35)
	at cucumber.api.cli.Main$run.call(Unknown Source)
	at com.kms.katalon.core.cucumber.keyword.CucumberBuiltinKeywords$_runFeatureFile_closure1.doCall(CucumberBuiltinKeywords.groovy:76)
	at com.kms.katalon.core.cucumber.keyword.CucumberBuiltinKeywords$_runFeatureFile_closure1.doCall(CucumberBuiltinKeywords.groovy)
	at com.kms.katalon.core.keyword.internal.KeywordMain.runKeyword(KeywordMain.groovy:66)
	at com.kms.katalon.core.keyword.internal.KeywordMain$runKeyword.call(Unknown Source)
	at com.kms.katalon.core.cucumber.keyword.CucumberBuiltinKeywords.runFeatureFile(CucumberBuiltinKeywords.groovy:46)
	at com.kms.katalon.core.cucumber.keyword.CucumberBuiltinKeywords$runFeatureFile$0.callStatic(Unknown Source)
	at com.kms.katalon.core.cucumber.keyword.CucumberBuiltinKeywords.runFeatureFile(CucumberBuiltinKeywords.groovy:101)
	at com.kms.katalon.core.cucumber.keyword.CucumberBuiltinKeywords$runFeatureFile.call(Unknown Source)
	at 017-Submit-Idea-and-Check-its-Sent-to-PMO.run(017-Submit-Idea-and-Check-its-Sent-to-PMO:18)
	at com.kms.katalon.core.main.ScriptEngine.run(ScriptEngine.java:194)
	at com.kms.katalon.core.main.ScriptEngine.runScriptAsRawText(ScriptEngine.java:119)
	at com.kms.katalon.core.main.TestCaseExecutor.runScript(TestCaseExecutor.java:331)
	at com.kms.katalon.core.main.TestCaseExecutor.doExecute(TestCaseExecutor.java:322)
	at com.kms.katalon.core.main.TestCaseExecutor.processExecutionPhase(TestCaseExecutor.java:301)
	at com.kms.katalon.core.main.TestCaseExecutor.accessMainPhase(TestCaseExecutor.java:293)
	at com.kms.katalon.core.main.TestCaseExecutor.execute(TestCaseExecutor.java:227)
	at com.kms.katalon.core.main.TestSuiteExecutor.accessTestCaseMainPhase(TestSuiteExecutor.java:129)
	at com.kms.katalon.core.main.TestSuiteExecutor.accessTestSuiteMainPhase(TestSuiteExecutor.java:112)
	at com.kms.katalon.core.main.TestSuiteExecutor.execute(TestSuiteExecutor.java:81)
	at com.kms.katalon.core.main.TestCaseMain.startTestSuite(TestCaseMain.java:157)
	at com.kms.katalon.core.main.TestCaseMain$startTestSuite$0.call(Unknown Source)
	at TempTestSuite1556705678812.run(TempTestSuite1556705678812.groovy:35)
)
	at com.kms.katalon.core.keyword.internal.KeywordMain.stepFailed(KeywordMain.groovy:48)
	at com.kms.katalon.core.keyword.internal.KeywordMain.stepFailed(KeywordMain.groovy)
	at com.kms.katalon.core.keyword.internal.KeywordMain.runKeyword(KeywordMain.groovy:68)
	at com.kms.katalon.core.keyword.internal.KeywordMain$runKeyword.call(Unknown Source)
	at com.kms.katalon.core.cucumber.keyword.CucumberBuiltinKeywords.runFeatureFile(CucumberBuiltinKeywords.groovy:46)
	at com.kms.katalon.core.cucumber.keyword.CucumberBuiltinKeywords$runFeatureFile$0.callStatic(Unknown Source)
	at com.kms.katalon.core.cucumber.keyword.CucumberBuiltinKeywords.runFeatureFile(CucumberBuiltinKeywords.groovy:101)
	at com.kms.katalon.core.cucumber.keyword.CucumberBuiltinKeywords$runFeatureFile.call(Unknown Source)
	at 017-Submit-Idea-and-Check-its-Sent-to-PMO.run(017-Submit-Idea-and-Check-its-Sent-to-PMO:18)
	at com.kms.katalon.core.main.ScriptEngine.run(ScriptEngine.java:194)
	at com.kms.katalon.core.main.ScriptEngine.runScriptAsRawText(ScriptEngine.java:119)
	at com.kms.katalon.core.main.TestCaseExecutor.runScript(TestCaseExecutor.java:331)
	at com.kms.katalon.core.main.TestCaseExecutor.doExecute(TestCaseExecutor.java:322)
	at com.kms.katalon.core.main.TestCaseExecutor.processExecutionPhase(TestCaseExecutor.java:301)
	at com.kms.katalon.core.main.TestCaseExecutor.accessMainPhase(TestCaseExecutor.java:293)
	at com.kms.katalon.core.main.TestCaseExecutor.execute(TestCaseExecutor.java:227)
	at com.kms.katalon.core.main.TestSuiteExecutor.accessTestCaseMainPhase(TestSuiteExecutor.java:129)
	at com.kms.katalon.core.main.TestSuiteExecutor.accessTestSuiteMainPhase(TestSuiteExecutor.java:112)
	at com.kms.katalon.core.main.TestSuiteExecutor.execute(TestSuiteExecutor.java:81)
	at com.kms.katalon.core.main.TestCaseMain.startTestSuite(TestCaseMain.java:157)
	at com.kms.katalon.core.main.TestCaseMain$startTestSuite$0.call(Unknown Source)
	at TempTestSuite1556705678812.run(TempTestSuite1556705678812.groovy:35)
Caused by: java.lang.IllegalArgumentException: Not a file or directory: C:\Users\HP\git\PMO-Web-Application\Include\features\Governance-Module\Add-Idea\016-Submit-Idea-and-Check-its-Sent-to-PMO.feature
	at cucumber.runtime.io.FileResourceIterator$FileIterator.<init>(FileResourceIterator.java:63)
	at cucumber.runtime.io.FileResourceIterator.<init>(FileResourceIterator.java:28)
	at cucumber.runtime.io.FileResourceIterator.createFileResourceIterator(FileResourceIterator.java:14)
	at cucumber.runtime.io.FileResourceIterable.iterator(FileResourceIterable.java:19)
	at cucumber.runtime.model.CucumberFeature.loadFromFeaturePath(CucumberFeature.java:111)
	at cucumber.runtime.model.CucumberFeature.load(CucumberFeature.java:48)
	at cucumber.runtime.model.CucumberFeature.load(CucumberFeature.java:30)
	at cucumber.runtime.RuntimeOptions.cucumberFeatures(RuntimeOptions.java:305)
	at cucumber.runtime.Runtime.run(Runtime.java:97)
	at cucumber.api.cli.Main.run(Main.java:35)
	at cucumber.api.cli.Main$run.call(Unknown Source)
	at com.kms.katalon.core.cucumber.keyword.CucumberBuiltinKeywords$_runFeatureFile_closure1.doCall(CucumberBuiltinKeywords.groovy:76)
	at com.kms.katalon.core.cucumber.keyword.CucumberBuiltinKeywords$_runFeatureFile_closure1.doCall(CucumberBuiltinKeywords.groovy)
	at com.kms.katalon.core.keyword.internal.KeywordMain.runKeyword(KeywordMain.groovy:66)
	... 19 more


2019-05-01 13:15:36 - [TEST_STEP][FAILED] - runFeatureFile("Include/features/Governance-Module/Add-Idea/016-Submit-Idea-and-Check-its-Sent-to-PMO.feature"): runFeatureFile("Include/features/Governance-Module/Add-Idea/016-Submit-Idea-and-Check-its-Sent-to-PMO.feature") FAILED.
Reason:
com.kms.katalon.core.exception.StepFailedException: Keyword runFeatureFile was failed (Root cause: java.lang.IllegalArgumentException: Not a file or directory: C:\Users\HP\git\PMO-Web-Application\Include\features\Governance-Module\Add-Idea\016-Submit-Idea-and-Check-its-Sent-to-PMO.feature
	at cucumber.runtime.io.FileResourceIterator$FileIterator.<init>(FileResourceIterator.java:63)
	at cucumber.runtime.io.FileResourceIterator.<init>(FileResourceIterator.java:28)
	at cucumber.runtime.io.FileResourceIterator.createFileResourceIterator(FileResourceIterator.java:14)
	at cucumber.runtime.io.FileResourceIterable.iterator(FileResourceIterable.java:19)
	at cucumber.runtime.model.CucumberFeature.loadFromFeaturePath(CucumberFeature.java:111)
	at cucumber.runtime.model.CucumberFeature.load(CucumberFeature.java:48)
	at cucumber.runtime.model.CucumberFeature.load(CucumberFeature.java:30)
	at cucumber.runtime.RuntimeOptions.cucumberFeatures(RuntimeOptions.java:305)
	at cucumber.runtime.Runtime.run(Runtime.java:97)
	at cucumber.api.cli.Main.run(Main.java:35)
	at cucumber.api.cli.Main$run.call(Unknown Source)
	at com.kms.katalon.core.cucumber.keyword.CucumberBuiltinKeywords$_runFeatureFile_closure1.doCall(CucumberBuiltinKeywords.groovy:76)
	at com.kms.katalon.core.cucumber.keyword.CucumberBuiltinKeywords$_runFeatureFile_closure1.doCall(CucumberBuiltinKeywords.groovy)
	at com.kms.katalon.core.keyword.internal.KeywordMain.runKeyword(KeywordMain.groovy:66)
	at com.kms.katalon.core.keyword.internal.KeywordMain$runKeyword.call(Unknown Source)
	at com.kms.katalon.core.cucumber.keyword.CucumberBuiltinKeywords.runFeatureFile(CucumberBuiltinKeywords.groovy:46)
	at com.kms.katalon.core.cucumber.keyword.CucumberBuiltinKeywords$runFeatureFile$0.callStatic(Unknown Source)
	at com.kms.katalon.core.cucumber.keyword.CucumberBuiltinKeywords.runFeatureFile(CucumberBuiltinKeywords.groovy:101)
	at com.kms.katalon.core.cucumber.keyword.CucumberBuiltinKeywords$runFeatureFile.call(Unknown Source)
	at 017-Submit-Idea-and-Check-its-Sent-to-PMO.run(017-Submit-Idea-and-Check-its-Sent-to-PMO:18)
	at com.kms.katalon.core.main.ScriptEngine.run(ScriptEngine.java:194)
	at com.kms.katalon.core.main.ScriptEngine.runScriptAsRawText(ScriptEngine.java:119)
	at com.kms.katalon.core.main.TestCaseExecutor.runScript(TestCaseExecutor.java:331)
	at com.kms.katalon.core.main.TestCaseExecutor.doExecute(TestCaseExecutor.java:322)
	at com.kms.katalon.core.main.TestCaseExecutor.processExecutionPhase(TestCaseExecutor.java:301)
	at com.kms.katalon.core.main.TestCaseExecutor.accessMainPhase(TestCaseExecutor.java:293)
	at com.kms.katalon.core.main.TestCaseExecutor.execute(TestCaseExecutor.java:227)
	at com.kms.katalon.core.main.TestSuiteExecutor.accessTestCaseMainPhase(TestSuiteExecutor.java:129)
	at com.kms.katalon.core.main.TestSuiteExecutor.accessTestSuiteMainPhase(TestSuiteExecutor.java:112)
	at com.kms.katalon.core.main.TestSuiteExecutor.execute(TestSuiteExecutor.java:81)
	at com.kms.katalon.core.main.TestCaseMain.startTestSuite(TestCaseMain.java:157)
	at com.kms.katalon.core.main.TestCaseMain$startTestSuite$0.call(Unknown Source)
	at TempTestSuite1556705678812.run(TempTestSuite1556705678812.groovy:35)
)
	at com.kms.katalon.core.keyword.internal.KeywordMain.stepFailed(KeywordMain.groovy:48)
	at com.kms.katalon.core.keyword.internal.KeywordMain.stepFailed(KeywordMain.groovy)
	at com.kms.katalon.core.keyword.internal.KeywordMain.runKeyword(KeywordMain.groovy:68)
	at com.kms.katalon.core.keyword.internal.KeywordMain$runKeyword.call(Unknown Source)
	at com.kms.katalon.core.cucumber.keyword.CucumberBuiltinKeywords.runFeatureFile(CucumberBuiltinKeywords.groovy:46)
	at com.kms.katalon.core.cucumber.keyword.CucumberBuiltinKeywords$runFeatureFile$0.callStatic(Unknown Source)
	at com.kms.katalon.core.cucumber.keyword.CucumberBuiltinKeywords.runFeatureFile(CucumberBuiltinKeywords.groovy:101)
	at com.kms.katalon.core.cucumber.keyword.CucumberBuiltinKeywords$runFeatureFile.call(Unknown Source)
	at 017-Submit-Idea-and-Check-its-Sent-to-PMO.run(017-Submit-Idea-and-Check-its-Sent-to-PMO:18)
	at com.kms.katalon.core.main.ScriptEngine.run(ScriptEngine.java:194)
	at com.kms.katalon.core.main.ScriptEngine.runScriptAsRawText(ScriptEngine.java:119)
	at com.kms.katalon.core.main.TestCaseExecutor.runScript(TestCaseExecutor.java:331)
	at com.kms.katalon.core.main.TestCaseExecutor.doExecute(TestCaseExecutor.java:322)
	at com.kms.katalon.core.main.TestCaseExecutor.processExecutionPhase(TestCaseExecutor.java:301)
	at com.kms.katalon.core.main.TestCaseExecutor.accessMainPhase(TestCaseExecutor.java:293)
	at com.kms.katalon.core.main.TestCaseExecutor.execute(TestCaseExecutor.java:227)
	at com.kms.katalon.core.main.TestSuiteExecutor.accessTestCaseMainPhase(TestSuiteExecutor.java:129)
	at com.kms.katalon.core.main.TestSuiteExecutor.accessTestSuiteMainPhase(TestSuiteExecutor.java:112)
	at com.kms.katalon.core.main.TestSuiteExecutor.execute(TestSuiteExecutor.java:81)
	at com.kms.katalon.core.main.TestCaseMain.startTestSuite(TestCaseMain.java:157)
	at com.kms.katalon.core.main.TestCaseMain$startTestSuite$0.call(Unknown Source)
	at TempTestSuite1556705678812.run(TempTestSuite1556705678812.groovy:35)
Caused by: java.lang.IllegalArgumentException: Not a file or directory: C:\Users\HP\git\PMO-Web-Application\Include\features\Governance-Module\Add-Idea\016-Submit-Idea-and-Check-its-Sent-to-PMO.feature
	at cucumber.runtime.io.FileResourceIterator$FileIterator.<init>(FileResourceIterator.java:63)
	at cucumber.runtime.io.FileResourceIterator.<init>(FileResourceIterator.java:28)
	at cucumber.runtime.io.FileResourceIterator.createFileResourceIterator(FileResourceIterator.java:14)
	at cucumber.runtime.io.FileResourceIterable.iterator(FileResourceIterable.java:19)
	at cucumber.runtime.model.CucumberFeature.loadFromFeaturePath(CucumberFeature.java:111)
	at cucumber.runtime.model.CucumberFeature.load(CucumberFeature.java:48)
	at cucumber.runtime.model.CucumberFeature.load(CucumberFeature.java:30)
	at cucumber.runtime.RuntimeOptions.cucumberFeatures(RuntimeOptions.java:305)
	at cucumber.runtime.Runtime.run(Runtime.java:97)
	at cucumber.api.cli.Main.run(Main.java:35)
	at cucumber.api.cli.Main$run.call(Unknown Source)
	at com.kms.katalon.core.cucumber.keyword.CucumberBuiltinKeywords$_runFeatureFile_closure1.doCall(CucumberBuiltinKeywords.groovy:76)
	at com.kms.katalon.core.cucumber.keyword.CucumberBuiltinKeywords$_runFeatureFile_closure1.doCall(CucumberBuiltinKeywords.groovy)
	at com.kms.katalon.core.keyword.internal.KeywordMain.runKeyword(KeywordMain.groovy:66)
	... 19 more


2019-05-01 13:15:36 - [MESSAGE][INFO] - Starting run keyword runFeatureFile: 'Include/features/Governance-Module/Add-Idea/016-Submit-Idea-and-Check-its-Sent-to-PMO.feature' and extract report to folder: 'C:\Users\HP\git\PMO-Web-Application\Reports\First-Test-Suite\20190501_131438/cucumber_report/1556705736203'...

2019-05-01 13:15:36 - [MESSAGE][FAILED] - Keyword runFeatureFile was failed (Root cause: java.lang.IllegalArgumentException: Not a file or directory: C:\Users\HP\git\PMO-Web-Application\Include\features\Governance-Module\Add-Idea\016-Submit-Idea-and-Check-its-Sent-to-PMO.feature
	at cucumber.runtime.io.FileResourceIterator$FileIterator.<init>(FileResourceIterator.java:63)
	at cucumber.runtime.io.FileResourceIterator.<init>(FileResourceIterator.java:28)
	at cucumber.runtime.io.FileResourceIterator.createFileResourceIterator(FileResourceIterator.java:14)
	at cucumber.runtime.io.FileResourceIterable.iterator(FileResourceIterable.java:19)
	at cucumber.runtime.model.CucumberFeature.loadFromFeaturePath(CucumberFeature.java:111)
	at cucumber.runtime.model.CucumberFeature.load(CucumberFeature.java:48)
	at cucumber.runtime.model.CucumberFeature.load(CucumberFeature.java:30)
	at cucumber.runtime.RuntimeOptions.cucumberFeatures(RuntimeOptions.java:305)
	at cucumber.runtime.Runtime.run(Runtime.java:97)
	at cucumber.api.cli.Main.run(Main.java:35)
	at cucumber.api.cli.Main$run.call(Unknown Source)
	at com.kms.katalon.core.cucumber.keyword.CucumberBuiltinKeywords$_runFeatureFile_closure1.doCall(CucumberBuiltinKeywords.groovy:76)
	at com.kms.katalon.core.cucumber.keyword.CucumberBuiltinKeywords$_runFeatureFile_closure1.doCall(CucumberBuiltinKeywords.groovy)
	at com.kms.katalon.core.keyword.internal.KeywordMain.runKeyword(KeywordMain.groovy:66)
	at com.kms.katalon.core.keyword.internal.KeywordMain$runKeyword.call(Unknown Source)
	at com.kms.katalon.core.cucumber.keyword.CucumberBuiltinKeywords.runFeatureFile(CucumberBuiltinKeywords.groovy:46)
	at com.kms.katalon.core.cucumber.keyword.CucumberBuiltinKeywords$runFeatureFile$0.callStatic(Unknown Source)
	at com.kms.katalon.core.cucumber.keyword.CucumberBuiltinKeywords.runFeatureFile(CucumberBuiltinKeywords.groovy:101)
	at com.kms.katalon.core.cucumber.keyword.CucumberBuiltinKeywords$runFeatureFile.call(Unknown Source)
	at 017-Submit-Idea-and-Check-its-Sent-to-PMO.run(017-Submit-Idea-and-Check-its-Sent-to-PMO:18)
	at com.kms.katalon.core.main.ScriptEngine.run(ScriptEngine.java:194)
	at com.kms.katalon.core.main.ScriptEngine.runScriptAsRawText(ScriptEngine.java:119)
	at com.kms.katalon.core.main.TestCaseExecutor.runScript(TestCaseExecutor.java:331)
	at com.kms.katalon.core.main.TestCaseExecutor.doExecute(TestCaseExecutor.java:322)
	at com.kms.katalon.core.main.TestCaseExecutor.processExecutionPhase(TestCaseExecutor.java:301)
	at com.kms.katalon.core.main.TestCaseExecutor.accessMainPhase(TestCaseExecutor.java:293)
	at com.kms.katalon.core.main.TestCaseExecutor.execute(TestCaseExecutor.java:227)
	at com.kms.katalon.core.main.TestSuiteExecutor.accessTestCaseMainPhase(TestSuiteExecutor.java:129)
	at com.kms.katalon.core.main.TestSuiteExecutor.accessTestSuiteMainPhase(TestSuiteExecutor.java:112)
	at com.kms.katalon.core.main.TestSuiteExecutor.execute(TestSuiteExecutor.java:81)
	at com.kms.katalon.core.main.TestCaseMain.startTestSuite(TestCaseMain.java:157)
	at com.kms.katalon.core.main.TestCaseMain$startTestSuite$0.call(Unknown Source)
	at TempTestSuite1556705678812.run(TempTestSuite1556705678812.groovy:35)
)

2019-05-01 13:15:36 - [MESSAGE][FAILED] - runFeatureFile("Include/features/Governance-Module/Add-Idea/016-Submit-Idea-and-Check-its-Sent-to-PMO.feature") FAILED.
Reason:
com.kms.katalon.core.exception.StepFailedException: Keyword runFeatureFile was failed (Root cause: java.lang.IllegalArgumentException: Not a file or directory: C:\Users\HP\git\PMO-Web-Application\Include\features\Governance-Module\Add-Idea\016-Submit-Idea-and-Check-its-Sent-to-PMO.feature
	at cucumber.runtime.io.FileResourceIterator$FileIterator.<init>(FileResourceIterator.java:63)
	at cucumber.runtime.io.FileResourceIterator.<init>(FileResourceIterator.java:28)
	at cucumber.runtime.io.FileResourceIterator.createFileResourceIterator(FileResourceIterator.java:14)
	at cucumber.runtime.io.FileResourceIterable.iterator(FileResourceIterable.java:19)
	at cucumber.runtime.model.CucumberFeature.loadFromFeaturePath(CucumberFeature.java:111)
	at cucumber.runtime.model.CucumberFeature.load(CucumberFeature.java:48)
	at cucumber.runtime.model.CucumberFeature.load(CucumberFeature.java:30)
	at cucumber.runtime.RuntimeOptions.cucumberFeatures(RuntimeOptions.java:305)
	at cucumber.runtime.Runtime.run(Runtime.java:97)
	at cucumber.api.cli.Main.run(Main.java:35)
	at cucumber.api.cli.Main$run.call(Unknown Source)
	at com.kms.katalon.core.cucumber.keyword.CucumberBuiltinKeywords$_runFeatureFile_closure1.doCall(CucumberBuiltinKeywords.groovy:76)
	at com.kms.katalon.core.cucumber.keyword.CucumberBuiltinKeywords$_runFeatureFile_closure1.doCall(CucumberBuiltinKeywords.groovy)
	at com.kms.katalon.core.keyword.internal.KeywordMain.runKeyword(KeywordMain.groovy:66)
	at com.kms.katalon.core.keyword.internal.KeywordMain$runKeyword.call(Unknown Source)
	at com.kms.katalon.core.cucumber.keyword.CucumberBuiltinKeywords.runFeatureFile(CucumberBuiltinKeywords.groovy:46)
	at com.kms.katalon.core.cucumber.keyword.CucumberBuiltinKeywords$runFeatureFile$0.callStatic(Unknown Source)
	at com.kms.katalon.core.cucumber.keyword.CucumberBuiltinKeywords.runFeatureFile(CucumberBuiltinKeywords.groovy:101)
	at com.kms.katalon.core.cucumber.keyword.CucumberBuiltinKeywords$runFeatureFile.call(Unknown Source)
	at 017-Submit-Idea-and-Check-its-Sent-to-PMO.run(017-Submit-Idea-and-Check-its-Sent-to-PMO:18)
	at com.kms.katalon.core.main.ScriptEngine.run(ScriptEngine.java:194)
	at com.kms.katalon.core.main.ScriptEngine.runScriptAsRawText(ScriptEngine.java:119)
	at com.kms.katalon.core.main.TestCaseExecutor.runScript(TestCaseExecutor.java:331)
	at com.kms.katalon.core.main.TestCaseExecutor.doExecute(TestCaseExecutor.java:322)
	at com.kms.katalon.core.main.TestCaseExecutor.processExecutionPhase(TestCaseExecutor.java:301)
	at com.kms.katalon.core.main.TestCaseExecutor.accessMainPhase(TestCaseExecutor.java:293)
	at com.kms.katalon.core.main.TestCaseExecutor.execute(TestCaseExecutor.java:227)
	at com.kms.katalon.core.main.TestSuiteExecutor.accessTestCaseMainPhase(TestSuiteExecutor.java:129)
	at com.kms.katalon.core.main.TestSuiteExecutor.accessTestSuiteMainPhase(TestSuiteExecutor.java:112)
	at com.kms.katalon.core.main.TestSuiteExecutor.execute(TestSuiteExecutor.java:81)
	at com.kms.katalon.core.main.TestCaseMain.startTestSuite(TestCaseMain.java:157)
	at com.kms.katalon.core.main.TestCaseMain$startTestSuite$0.call(Unknown Source)
	at TempTestSuite1556705678812.run(TempTestSuite1556705678812.groovy:35)
)
	at com.kms.katalon.core.keyword.internal.KeywordMain.stepFailed(KeywordMain.groovy:48)
	at com.kms.katalon.core.keyword.internal.KeywordMain.stepFailed(KeywordMain.groovy)
	at com.kms.katalon.core.keyword.internal.KeywordMain.runKeyword(KeywordMain.groovy:68)
	at com.kms.katalon.core.keyword.internal.KeywordMain$runKeyword.call(Unknown Source)
	at com.kms.katalon.core.cucumber.keyword.CucumberBuiltinKeywords.runFeatureFile(CucumberBuiltinKeywords.groovy:46)
	at com.kms.katalon.core.cucumber.keyword.CucumberBuiltinKeywords$runFeatureFile$0.callStatic(Unknown Source)
	at com.kms.katalon.core.cucumber.keyword.CucumberBuiltinKeywords.runFeatureFile(CucumberBuiltinKeywords.groovy:101)
	at com.kms.katalon.core.cucumber.keyword.CucumberBuiltinKeywords$runFeatureFile.call(Unknown Source)
	at 017-Submit-Idea-and-Check-its-Sent-to-PMO.run(017-Submit-Idea-and-Check-its-Sent-to-PMO:18)
	at com.kms.katalon.core.main.ScriptEngine.run(ScriptEngine.java:194)
	at com.kms.katalon.core.main.ScriptEngine.runScriptAsRawText(ScriptEngine.java:119)
	at com.kms.katalon.core.main.TestCaseExecutor.runScript(TestCaseExecutor.java:331)
	at com.kms.katalon.core.main.TestCaseExecutor.doExecute(TestCaseExecutor.java:322)
	at com.kms.katalon.core.main.TestCaseExecutor.processExecutionPhase(TestCaseExecutor.java:301)
	at com.kms.katalon.core.main.TestCaseExecutor.accessMainPhase(TestCaseExecutor.java:293)
	at com.kms.katalon.core.main.TestCaseExecutor.execute(TestCaseExecutor.java:227)
	at com.kms.katalon.core.main.TestSuiteExecutor.accessTestCaseMainPhase(TestSuiteExecutor.java:129)
	at com.kms.katalon.core.main.TestSuiteExecutor.accessTestSuiteMainPhase(TestSuiteExecutor.java:112)
	at com.kms.katalon.core.main.TestSuiteExecutor.execute(TestSuiteExecutor.java:81)
	at com.kms.katalon.core.main.TestCaseMain.startTestSuite(TestCaseMain.java:157)
	at com.kms.katalon.core.main.TestCaseMain$startTestSuite$0.call(Unknown Source)
	at TempTestSuite1556705678812.run(TempTestSuite1556705678812.groovy:35)
Caused by: java.lang.IllegalArgumentException: Not a file or directory: C:\Users\HP\git\PMO-Web-Application\Include\features\Governance-Module\Add-Idea\016-Submit-Idea-and-Check-its-Sent-to-PMO.feature
	at cucumber.runtime.io.FileResourceIterator$FileIterator.<init>(FileResourceIterator.java:63)
	at cucumber.runtime.io.FileResourceIterator.<init>(FileResourceIterator.java:28)
	at cucumber.runtime.io.FileResourceIterator.createFileResourceIterator(FileResourceIterator.java:14)
	at cucumber.runtime.io.FileResourceIterable.iterator(FileResourceIterable.java:19)
	at cucumber.runtime.model.CucumberFeature.loadFromFeaturePath(CucumberFeature.java:111)
	at cucumber.runtime.model.CucumberFeature.load(CucumberFeature.java:48)
	at cucumber.runtime.model.CucumberFeature.load(CucumberFeature.java:30)
	at cucumber.runtime.RuntimeOptions.cucumberFeatures(RuntimeOptions.java:305)
	at cucumber.runtime.Runtime.run(Runtime.java:97)
	at cucumber.api.cli.Main.run(Main.java:35)
	at cucumber.api.cli.Main$run.call(Unknown Source)
	at com.kms.katalon.core.cucumber.keyword.CucumberBuiltinKeywords$_runFeatureFile_closure1.doCall(CucumberBuiltinKeywords.groovy:76)
	at com.kms.katalon.core.cucumber.keyword.CucumberBuiltinKeywords$_runFeatureFile_closure1.doCall(CucumberBuiltinKeywords.groovy)
	at com.kms.katalon.core.keyword.internal.KeywordMain.runKeyword(KeywordMain.groovy:66)
	... 19 more]]></system-out>
         <system-err><![CDATA[2019-05-01 13:15:36 - [TEST_CASE][FAILED] - Test Cases/Main-Test-Cases/017-Submit-Idea-and-Check-its-Sent-to-PMO: Test Cases/Main-Test-Cases/017-Submit-Idea-and-Check-its-Sent-to-PMO FAILED.
Reason:
com.kms.katalon.core.exception.StepFailedException: Keyword runFeatureFile was failed (Root cause: java.lang.IllegalArgumentException: Not a file or directory: C:\Users\HP\git\PMO-Web-Application\Include\features\Governance-Module\Add-Idea\016-Submit-Idea-and-Check-its-Sent-to-PMO.feature
	at cucumber.runtime.io.FileResourceIterator$FileIterator.<init>(FileResourceIterator.java:63)
	at cucumber.runtime.io.FileResourceIterator.<init>(FileResourceIterator.java:28)
	at cucumber.runtime.io.FileResourceIterator.createFileResourceIterator(FileResourceIterator.java:14)
	at cucumber.runtime.io.FileResourceIterable.iterator(FileResourceIterable.java:19)
	at cucumber.runtime.model.CucumberFeature.loadFromFeaturePath(CucumberFeature.java:111)
	at cucumber.runtime.model.CucumberFeature.load(CucumberFeature.java:48)
	at cucumber.runtime.model.CucumberFeature.load(CucumberFeature.java:30)
	at cucumber.runtime.RuntimeOptions.cucumberFeatures(RuntimeOptions.java:305)
	at cucumber.runtime.Runtime.run(Runtime.java:97)
	at cucumber.api.cli.Main.run(Main.java:35)
	at cucumber.api.cli.Main$run.call(Unknown Source)
	at com.kms.katalon.core.cucumber.keyword.CucumberBuiltinKeywords$_runFeatureFile_closure1.doCall(CucumberBuiltinKeywords.groovy:76)
	at com.kms.katalon.core.cucumber.keyword.CucumberBuiltinKeywords$_runFeatureFile_closure1.doCall(CucumberBuiltinKeywords.groovy)
	at com.kms.katalon.core.keyword.internal.KeywordMain.runKeyword(KeywordMain.groovy:66)
	at com.kms.katalon.core.keyword.internal.KeywordMain$runKeyword.call(Unknown Source)
	at com.kms.katalon.core.cucumber.keyword.CucumberBuiltinKeywords.runFeatureFile(CucumberBuiltinKeywords.groovy:46)
	at com.kms.katalon.core.cucumber.keyword.CucumberBuiltinKeywords$runFeatureFile$0.callStatic(Unknown Source)
	at com.kms.katalon.core.cucumber.keyword.CucumberBuiltinKeywords.runFeatureFile(CucumberBuiltinKeywords.groovy:101)
	at com.kms.katalon.core.cucumber.keyword.CucumberBuiltinKeywords$runFeatureFile.call(Unknown Source)
	at 017-Submit-Idea-and-Check-its-Sent-to-PMO.run(017-Submit-Idea-and-Check-its-Sent-to-PMO:18)
	at com.kms.katalon.core.main.ScriptEngine.run(ScriptEngine.java:194)
	at com.kms.katalon.core.main.ScriptEngine.runScriptAsRawText(ScriptEngine.java:119)
	at com.kms.katalon.core.main.TestCaseExecutor.runScript(TestCaseExecutor.java:331)
	at com.kms.katalon.core.main.TestCaseExecutor.doExecute(TestCaseExecutor.java:322)
	at com.kms.katalon.core.main.TestCaseExecutor.processExecutionPhase(TestCaseExecutor.java:301)
	at com.kms.katalon.core.main.TestCaseExecutor.accessMainPhase(TestCaseExecutor.java:293)
	at com.kms.katalon.core.main.TestCaseExecutor.execute(TestCaseExecutor.java:227)
	at com.kms.katalon.core.main.TestSuiteExecutor.accessTestCaseMainPhase(TestSuiteExecutor.java:129)
	at com.kms.katalon.core.main.TestSuiteExecutor.accessTestSuiteMainPhase(TestSuiteExecutor.java:112)
	at com.kms.katalon.core.main.TestSuiteExecutor.execute(TestSuiteExecutor.java:81)
	at com.kms.katalon.core.main.TestCaseMain.startTestSuite(TestCaseMain.java:157)
	at com.kms.katalon.core.main.TestCaseMain$startTestSuite$0.call(Unknown Source)
	at TempTestSuite1556705678812.run(TempTestSuite1556705678812.groovy:35)
)
	at com.kms.katalon.core.keyword.internal.KeywordMain.stepFailed(KeywordMain.groovy:48)
	at com.kms.katalon.core.keyword.internal.KeywordMain.stepFailed(KeywordMain.groovy)
	at com.kms.katalon.core.keyword.internal.KeywordMain.runKeyword(KeywordMain.groovy:68)
	at com.kms.katalon.core.keyword.internal.KeywordMain$runKeyword.call(Unknown Source)
	at com.kms.katalon.core.cucumber.keyword.CucumberBuiltinKeywords.runFeatureFile(CucumberBuiltinKeywords.groovy:46)
	at com.kms.katalon.core.cucumber.keyword.CucumberBuiltinKeywords$runFeatureFile$0.callStatic(Unknown Source)
	at com.kms.katalon.core.cucumber.keyword.CucumberBuiltinKeywords.runFeatureFile(CucumberBuiltinKeywords.groovy:101)
	at com.kms.katalon.core.cucumber.keyword.CucumberBuiltinKeywords$runFeatureFile.call(Unknown Source)
	at 017-Submit-Idea-and-Check-its-Sent-to-PMO.run(017-Submit-Idea-and-Check-its-Sent-to-PMO:18)
	at com.kms.katalon.core.main.ScriptEngine.run(ScriptEngine.java:194)
	at com.kms.katalon.core.main.ScriptEngine.runScriptAsRawText(ScriptEngine.java:119)
	at com.kms.katalon.core.main.TestCaseExecutor.runScript(TestCaseExecutor.java:331)
	at com.kms.katalon.core.main.TestCaseExecutor.doExecute(TestCaseExecutor.java:322)
	at com.kms.katalon.core.main.TestCaseExecutor.processExecutionPhase(TestCaseExecutor.java:301)
	at com.kms.katalon.core.main.TestCaseExecutor.accessMainPhase(TestCaseExecutor.java:293)
	at com.kms.katalon.core.main.TestCaseExecutor.execute(TestCaseExecutor.java:227)
	at com.kms.katalon.core.main.TestSuiteExecutor.accessTestCaseMainPhase(TestSuiteExecutor.java:129)
	at com.kms.katalon.core.main.TestSuiteExecutor.accessTestSuiteMainPhase(TestSuiteExecutor.java:112)
	at com.kms.katalon.core.main.TestSuiteExecutor.execute(TestSuiteExecutor.java:81)
	at com.kms.katalon.core.main.TestCaseMain.startTestSuite(TestCaseMain.java:157)
	at com.kms.katalon.core.main.TestCaseMain$startTestSuite$0.call(Unknown Source)
	at TempTestSuite1556705678812.run(TempTestSuite1556705678812.groovy:35)
Caused by: java.lang.IllegalArgumentException: Not a file or directory: C:\Users\HP\git\PMO-Web-Application\Include\features\Governance-Module\Add-Idea\016-Submit-Idea-and-Check-its-Sent-to-PMO.feature
	at cucumber.runtime.io.FileResourceIterator$FileIterator.<init>(FileResourceIterator.java:63)
	at cucumber.runtime.io.FileResourceIterator.<init>(FileResourceIterator.java:28)
	at cucumber.runtime.io.FileResourceIterator.createFileResourceIterator(FileResourceIterator.java:14)
	at cucumber.runtime.io.FileResourceIterable.iterator(FileResourceIterable.java:19)
	at cucumber.runtime.model.CucumberFeature.loadFromFeaturePath(CucumberFeature.java:111)
	at cucumber.runtime.model.CucumberFeature.load(CucumberFeature.java:48)
	at cucumber.runtime.model.CucumberFeature.load(CucumberFeature.java:30)
	at cucumber.runtime.RuntimeOptions.cucumberFeatures(RuntimeOptions.java:305)
	at cucumber.runtime.Runtime.run(Runtime.java:97)
	at cucumber.api.cli.Main.run(Main.java:35)
	at cucumber.api.cli.Main$run.call(Unknown Source)
	at com.kms.katalon.core.cucumber.keyword.CucumberBuiltinKeywords$_runFeatureFile_closure1.doCall(CucumberBuiltinKeywords.groovy:76)
	at com.kms.katalon.core.cucumber.keyword.CucumberBuiltinKeywords$_runFeatureFile_closure1.doCall(CucumberBuiltinKeywords.groovy)
	at com.kms.katalon.core.keyword.internal.KeywordMain.runKeyword(KeywordMain.groovy:66)
	... 19 more]]></system-err>
      </testcase>
      <testcase name="Test Cases/Main-Test-Cases/018-Save-Draft-Idea-then-Send-it" classname="Test Cases/Main-Test-Cases/018-Save-Draft-Idea-then-Send-it" status="PASSED">
         <system-out><![CDATA[2019-05-01 13:15:36 - [TEST_CASE][PASSED] - Test Cases/Main-Test-Cases/018-Save-Draft-Idea-then-Send-it: Test Cases/Main-Test-Cases/018-Save-Draft-Idea-then-Send-it

2019-05-01 13:15:36 - [TEST_STEP][PASSED] - runFeatureFile("Include/features/Governance-Module/Add-Idea/018-Save-Draft-Idea-then-Send-it.feature"): Feature file: 'Include/features/Governance-Module/Add-Idea/018-Save-Draft-Idea-then-Send-it.feature' was passed

2019-05-01 13:15:36 - [MESSAGE][INFO] - Starting run keyword runFeatureFile: 'Include/features/Governance-Module/Add-Idea/018-Save-Draft-Idea-then-Send-it.feature' and extract report to folder: 'C:\Users\HP\git\PMO-Web-Application\Reports\First-Test-Suite\20190501_131438/cucumber_report/1556705736418'...

2019-05-01 13:15:36 - [TEST_CASE][PASSED] - Start Test Case : SCENARIO Submit draft idea and check it can be editted and deleted: SCENARIO Submit draft idea and check it can be editted and deleted

2019-05-01 13:15:36 - [TEST_STEP][PASSED] - I want to open browser: I want to open browser

2019-05-01 13:15:36 - [MESSAGE][WARNING] - A browser is already opened. Closing browser and opening a new one

2019-05-01 13:15:37 - [MESSAGE][INFO] - Starting 'Chrome' driver

2019-05-01 13:15:39 - [MESSAGE][PASSED] - Browser is opened with url: ''

2019-05-01 13:15:39 - [MESSAGE][PASSED] - Delete all cookies successfully

2019-05-01 13:15:39 - [MESSAGE][PASSED] - I want to open browser

2019-05-01 13:15:39 - [TEST_STEP][PASSED] - I want to maximize window: I want to maximize window

2019-05-01 13:15:40 - [MESSAGE][PASSED] - Current window maximized

2019-05-01 13:15:40 - [MESSAGE][PASSED] - I want to maximize window

2019-05-01 13:15:40 - [TEST_STEP][PASSED] - I want to go to OOB: I want to go to OOB

2019-05-01 13:15:48 - [MESSAGE][PASSED] - Navigate to 'https://pmoadmin:P@ssw0rd@dev5.cloudapp.net/OOB2/' successfully

2019-05-01 13:15:48 - [MESSAGE][PASSED] - I want to go to OOB

2019-05-01 13:15:48 - [TEST_STEP][PASSED] - I want to verify I'm in OOB main page: I want to verify I'm in OOB main page

2019-05-01 13:15:48 - [MESSAGE][WARNING] - Timeout '0' is invalid. Using default page load timeout: '30'

2019-05-01 13:15:48 - [MESSAGE][PASSED] - Object 'Object Repository/OOBObjects/HomepageObjects/OOBSideBar' is present

2019-05-01 13:15:48 - [MESSAGE][PASSED] - I want to verify I'm in OOB main page

2019-05-01 13:15:48 - [TEST_STEP][PASSED] - I want to go to ideas list page: I want to go to ideas list page

2019-05-01 13:15:52 - [MESSAGE][PASSED] - Object: 'Object Repository/OOBObjects/HomepageObjects/IdeasList' is clicked on

2019-05-01 13:15:52 - [MESSAGE][PASSED] - I want to go to ideas list page

2019-05-01 13:15:52 - [TEST_STEP][PASSED] - I want to click on Add New button: I want to click on Add New button

2019-05-01 13:15:53 - [MESSAGE][PASSED] - Object: 'Object Repository/OOBObjects/IdeasListObjects/AddNewIdeaButton' is clicked on

2019-05-01 13:15:53 - [MESSAGE][PASSED] - I want to click on Add New button

2019-05-01 13:15:53 - [TEST_STEP][PASSED] - I want to fill idea name field: I want to fill idea name field

2019-05-01 13:15:53 - [MESSAGE][PASSED] - Text 'Automation6782' is set on object 'Object Repository/OOBObjects/IdeasListObjects/Idea-Name-Field'

2019-05-01 13:15:53 - [MESSAGE][PASSED] - I want to fill idea name field

2019-05-01 13:15:53 - [TEST_STEP][PASSED] - I want to select expected start date: I want to select expected start date

2019-05-01 13:15:53 - [MESSAGE][PASSED] - Object: 'Object Repository/OOBObjects/IdeasListObjects//GREGORIAN-Start-date-Check-Box' is clicked on

2019-05-01 13:15:54 - [MESSAGE][PASSED] - Object: 'Object Repository/OOBObjects/IdeasListObjects//Excepted-Start-Date' is clicked on

2019-05-01 13:15:54 - [MESSAGE][PASSED] - All options with index in [5] are selected on object 'Object Repository/OOBObjects/IdeasListObjects/StartDateMonthDropDwon'

2019-05-01 13:15:54 - [MESSAGE][PASSED] - Object: 'Object Repository/OOBObjects/IdeasListObjects//Day26' is hovered

2019-05-01 13:15:54 - [MESSAGE][PASSED] - Object: 'Object Repository/OOBObjects/IdeasListObjects//Day26' is clicked on

2019-05-01 13:15:54 - [MESSAGE][PASSED] - I want to select expected start date

2019-05-01 13:15:54 - [TEST_STEP][PASSED] - I want to select expected end date: I want to select expected end date

2019-05-01 13:15:54 - [MESSAGE][PASSED] - Object 'Object Repository/OOBObjects/IdeasListObjects/GREGORIAN-End-Date-Check-Box' is visible

2019-05-01 13:15:54 - [MESSAGE][PASSED] - Object: 'Object Repository/OOBObjects/IdeasListObjects/GREGORIAN-End-Date-Check-Box' is clicked on

2019-05-01 13:15:56 - [MESSAGE][PASSED] - Delayed 2 second(s)

2019-05-01 13:15:56 - [MESSAGE][PASSED] - Object: 'Object Repository/OOBObjects/IdeasListObjects/Excpected-End-Date' is hovered

2019-05-01 13:15:56 - [MESSAGE][PASSED] - Object: 'Object Repository/OOBObjects/IdeasListObjects/Excpected-End-Date' is clicked on

2019-05-01 13:15:56 - [MESSAGE][PASSED] - All options with index in [6] are selected on object 'Object Repository/OOBObjects/IdeasListObjects/EndDateMonthDropdown'

2019-05-01 13:15:56 - [MESSAGE][PASSED] - Object: 'Object Repository/OOBObjects/IdeasListObjects/EndDateDay15' is hovered

2019-05-01 13:15:56 - [MESSAGE][PASSED] - Object: 'Object Repository/OOBObjects/IdeasListObjects/EndDateDay15' is clicked on

2019-05-01 13:15:56 - [MESSAGE][PASSED] - I want to select expected end date

2019-05-01 13:15:56 - [TEST_STEP][PASSED] - I want to fill idea objective field: I want to fill idea objective field

2019-05-01 13:15:56 - [MESSAGE][PASSED] - Text 'Automation' is set on object 'Object Repository/OOBObjects/IdeasListObjects/Idea-Objective-Field'

2019-05-01 13:15:56 - [MESSAGE][PASSED] - I want to fill idea objective field

2019-05-01 13:15:56 - [TEST_STEP][PASSED] - I want to fill expected budget field: I want to fill expected budget field

2019-05-01 13:15:57 - [MESSAGE][PASSED] - Text '10000' is set on object 'Object Repository/OOBObjects/IdeasListObjects/Expected-Budget-Field'

2019-05-01 13:15:57 - [MESSAGE][PASSED] - I want to fill expected budget field

2019-05-01 13:15:57 - [TEST_STEP][PASSED] - I want to fill Notes field: I want to fill Notes field

2019-05-01 13:15:57 - [MESSAGE][PASSED] - Text 'test note' is set on object 'Object Repository/OOBObjects/IdeasListObjects/Notes-Field'

2019-05-01 13:15:57 - [MESSAGE][PASSED] - I want to fill Notes field

2019-05-01 13:15:57 - [TEST_STEP][PASSED] - I want to click save idea button: I want to click save idea button

2019-05-01 13:15:57 - [MESSAGE][WARNING] - Timeout '0' is invalid. Using default page load timeout: '30'

2019-05-01 13:15:57 - [MESSAGE][PASSED] - Object 'Object Repository/OOBObjects/IdeasListObjects/SaveIdeaButton' is present

2019-05-01 13:15:57 - [MESSAGE][WARNING] - Timeout '0' is invalid. Using default page load timeout: '30'

2019-05-01 13:15:57 - [MESSAGE][PASSED] - Object 'Object Repository/OOBObjects/IdeasListObjects/SaveIdeaButton' is clickable

2019-05-01 13:15:57 - [MESSAGE][PASSED] - Object: 'Object Repository/OOBObjects/IdeasListObjects/SaveIdeaButton' is clicked on

2019-05-01 13:16:02 - [MESSAGE][PASSED] - Delayed 5 second(s)

2019-05-01 13:16:02 - [MESSAGE][PASSED] - I want to click save idea button

2019-05-01 13:16:02 - [TEST_STEP][PASSED] - I want to wait for page load: I want to wait for page load

2019-05-01 13:16:02 - [MESSAGE][PASSED] - Wait for page load successfully

2019-05-01 13:16:02 - [MESSAGE][PASSED] - I want to wait for page load

2019-05-01 13:16:02 - [TEST_STEP][PASSED] - I want to go to ideas list page: I want to go to ideas list page

2019-05-01 13:16:03 - [MESSAGE][PASSED] - Object: 'Object Repository/OOBObjects/HomepageObjects/IdeasList' is clicked on

2019-05-01 13:16:03 - [MESSAGE][PASSED] - I want to go to ideas list page

2019-05-01 13:16:03 - [TEST_STEP][PASSED] - I want to search for idea by idea name: I want to search for idea by idea name

2019-05-01 13:16:03 - [MESSAGE][PASSED] - Text 'Automation6782' is set on object 'Object Repository/OOBObjects/IdeasListObjects/SearchField'

2019-05-01 13:16:05 - [MESSAGE][PASSED] - Actual text and expected text of test object 'Object Repository/OOBObjects/IdeasListObjects/SearchResult' are matched.

2019-05-01 13:16:05 - [MESSAGE][PASSED] - I want to search for idea by idea name

2019-05-01 13:16:05 - [TEST_STEP][PASSED] - I want to click on edit idea icon: I want to click on edit idea icon

2019-05-01 13:16:06 - [MESSAGE][PASSED] - Object: 'Object Repository/OOBObjects/IdeasListObjects/EditIdea' is clicked on

2019-05-01 13:16:06 - [MESSAGE][PASSED] - I want to click on edit idea icon

2019-05-01 13:16:06 - [TEST_STEP][PASSED] - I want to click send idea button: I want to click send idea button

2019-05-01 13:16:11 - [MESSAGE][PASSED] - Delayed 5 second(s)

2019-05-01 13:16:11 - [MESSAGE][WARNING] - Timeout '0' is invalid. Using default page load timeout: '30'

2019-05-01 13:16:11 - [MESSAGE][PASSED] - Scroll to object 'Object Repository/OOBObjects/IdeasListObjects/CardBlock' successfully

2019-05-01 13:16:11 - [MESSAGE][PASSED] - Object: 'Object Repository/OOBObjects/IdeasListObjects/SendIdeaButton' is clicked on

2019-05-01 13:16:11 - [MESSAGE][PASSED] - I want to click send idea button

2019-05-01 13:16:11 - [TEST_STEP][PASSED] - I want to verify idea added successfuly: I want to verify idea added successfuly

2019-05-01 13:16:11 - [MESSAGE][WARNING] - Timeout '0' is invalid. Using default page load timeout: '30'

2019-05-01 13:16:11 - [MESSAGE][PASSED] - Wait for page load successfully

2019-05-01 13:16:13 - [MESSAGE][PASSED] - Text 'Automation6782' is set on object 'Object Repository/OOBObjects/IdeasListObjects/SearchField'

2019-05-01 13:16:14 - [MESSAGE][PASSED] - Actual text and expected text of test object 'Object Repository/OOBObjects/IdeasListObjects/SearchResult' are matched.

2019-05-01 13:16:14 - [MESSAGE][PASSED] - I want to verify idea added successfuly

2019-05-01 13:16:14 - [TEST_STEP][PASSED] - I want to verify submitted idea cannot be deleted or edited: I want to verify submitted idea cannot be deleted or edited

2019-05-01 13:16:14 - [MESSAGE][WARNING] - Timeout '0' is invalid. Using default page load timeout: '30'

2019-05-01 13:16:14 - [MESSAGE][PASSED] - Web element with id: 'Object Repository/OOBObjects/IdeasListObjects/DeleteIdeaIcon' located by 'By.xpath: //*[@id='btnDelete']
' is not present after '30' second(s)

2019-05-01 13:16:14 - [MESSAGE][WARNING] - Timeout '0' is invalid. Using default page load timeout: '30'

2019-05-01 13:16:14 - [MESSAGE][PASSED] - Web element with id: 'Object Repository/OOBObjects/IdeasListObjects/EditIdea' located by 'By.xpath: //table[@id='ideasTable']/tbody/tr/td[4]/a/i' is not present after '30' second(s)

2019-05-01 13:16:14 - [MESSAGE][PASSED] - I want to verify submitted idea cannot be deleted or edited

2019-05-01 13:16:14 - [TEST_STEP][PASSED] - I want to check submitted idea status is In Progress: I want to check submitted idea status is In Progress

2019-05-01 13:16:14 - [MESSAGE][PASSED] - Actual text and expected text of test object 'Object Repository/OOBObjects/IdeasListObjects/IdeaStatus' are matched.

2019-05-01 13:16:14 - [MESSAGE][PASSED] - I want to check submitted idea status is In Progress

2019-05-01 13:16:14 - [TEST_STEP][PASSED] - I want to check submitted idea sent to PMO office for approval: I want to check submitted idea sent to PMO office for approval

2019-05-01 13:16:21 - [MESSAGE][PASSED] - Object: 'Object Repository/OOBObjects/HomepageObjects/InboxIcon' is clicked on

2019-05-01 13:16:21 - [MESSAGE][PASSED] - Object: 'Object Repository/OOBObjects/InboxPageObjects/BeforeInitiatePhase' is clicked on

2019-05-01 13:16:21 - [MESSAGE][PASSED] - Actual text and expected text of test object 'Object Repository/OOBObjects/InboxPageObjects/IdeaPhase' are matched.

2019-05-01 13:16:21 - [MESSAGE][PASSED] - I want to check submitted idea sent to PMO office for approval

2019-05-01 13:16:21 - [TEST_STEP][PASSED] - I want to close browser: I want to close browser

2019-05-01 13:16:22 - [MESSAGE][PASSED] - Browser is closed

2019-05-01 13:16:22 - [MESSAGE][PASSED] - I want to close browser

2019-05-01 13:16:22 - [MESSAGE][PASSED] - Feature file: 'Include/features/Governance-Module/Add-Idea/018-Save-Draft-Idea-then-Send-it.feature' was passed]]></system-out>
         <system-err><![CDATA[]]></system-err>
      </testcase>
      <testcase name="Test Cases/Main-Test-Cases/020-Update-Draft-Idea" classname="Test Cases/Main-Test-Cases/020-Update-Draft-Idea" status="FAILED">
         <failure type="FAILED" message="Test Cases/Main-Test-Cases/020-Update-Draft-Idea FAILED.
Reason:
com.kms.katalon.core.exception.StepFailedException: Feature file 'Include/features/Governance-Module/Add-Idea/020-Update-Draft-Idea.feature' was failed
	at com.kms.katalon.core.keyword.internal.KeywordMain.stepFailed(KeywordMain.groovy:48)
	at com.kms.katalon.core.keyword.internal.KeywordMain.stepFailed(KeywordMain.groovy)
	at com.kms.katalon.core.keyword.internal.KeywordMain.stepFailed(KeywordMain.groovy:21)
	at com.kms.katalon.core.keyword.internal.KeywordMain$stepFailed$0.call(Unknown Source)
	at com.kms.katalon.core.cucumber.keyword.CucumberBuiltinKeywords$_runFeatureFile_closure1.doCall(CucumberBuiltinKeywords.groovy:82)
	at com.kms.katalon.core.cucumber.keyword.CucumberBuiltinKeywords$_runFeatureFile_closure1.doCall(CucumberBuiltinKeywords.groovy)
	at com.kms.katalon.core.keyword.internal.KeywordMain.runKeyword(KeywordMain.groovy:66)
	at com.kms.katalon.core.keyword.internal.KeywordMain$runKeyword.call(Unknown Source)
	at com.kms.katalon.core.cucumber.keyword.CucumberBuiltinKeywords.runFeatureFile(CucumberBuiltinKeywords.groovy:46)
	at com.kms.katalon.core.cucumber.keyword.CucumberBuiltinKeywords$runFeatureFile$0.callStatic(Unknown Source)
	at com.kms.katalon.core.cucumber.keyword.CucumberBuiltinKeywords.runFeatureFile(CucumberBuiltinKeywords.groovy:101)
	at com.kms.katalon.core.cucumber.keyword.CucumberBuiltinKeywords$runFeatureFile.call(Unknown Source)
	at 020-Update-Draft-Idea.run(020-Update-Draft-Idea:18)
	at com.kms.katalon.core.main.ScriptEngine.run(ScriptEngine.java:194)
	at com.kms.katalon.core.main.ScriptEngine.runScriptAsRawText(ScriptEngine.java:119)
	at com.kms.katalon.core.main.TestCaseExecutor.runScript(TestCaseExecutor.java:331)
	at com.kms.katalon.core.main.TestCaseExecutor.doExecute(TestCaseExecutor.java:322)
	at com.kms.katalon.core.main.TestCaseExecutor.processExecutionPhase(TestCaseExecutor.java:301)
	at com.kms.katalon.core.main.TestCaseExecutor.accessMainPhase(TestCaseExecutor.java:293)
	at com.kms.katalon.core.main.TestCaseExecutor.execute(TestCaseExecutor.java:227)
	at com.kms.katalon.core.main.TestSuiteExecutor.accessTestCaseMainPhase(TestSuiteExecutor.java:129)
	at com.kms.katalon.core.main.TestSuiteExecutor.accessTestSuiteMainPhase(TestSuiteExecutor.java:112)
	at com.kms.katalon.core.main.TestSuiteExecutor.execute(TestSuiteExecutor.java:81)
	at com.kms.katalon.core.main.TestCaseMain.startTestSuite(TestCaseMain.java:157)
	at com.kms.katalon.core.main.TestCaseMain$startTestSuite$0.call(Unknown Source)
	at TempTestSuite1556705678812.run(TempTestSuite1556705678812.groovy:35)
"/>
         <system-out><![CDATA[2019-05-01 13:16:22 - [TEST_CASE][FAILED] - Test Cases/Main-Test-Cases/020-Update-Draft-Idea: Test Cases/Main-Test-Cases/020-Update-Draft-Idea FAILED.
Reason:
com.kms.katalon.core.exception.StepFailedException: Feature file 'Include/features/Governance-Module/Add-Idea/020-Update-Draft-Idea.feature' was failed
	at com.kms.katalon.core.keyword.internal.KeywordMain.stepFailed(KeywordMain.groovy:48)
	at com.kms.katalon.core.keyword.internal.KeywordMain.stepFailed(KeywordMain.groovy)
	at com.kms.katalon.core.keyword.internal.KeywordMain.stepFailed(KeywordMain.groovy:21)
	at com.kms.katalon.core.keyword.internal.KeywordMain$stepFailed$0.call(Unknown Source)
	at com.kms.katalon.core.cucumber.keyword.CucumberBuiltinKeywords$_runFeatureFile_closure1.doCall(CucumberBuiltinKeywords.groovy:82)
	at com.kms.katalon.core.cucumber.keyword.CucumberBuiltinKeywords$_runFeatureFile_closure1.doCall(CucumberBuiltinKeywords.groovy)
	at com.kms.katalon.core.keyword.internal.KeywordMain.runKeyword(KeywordMain.groovy:66)
	at com.kms.katalon.core.keyword.internal.KeywordMain$runKeyword.call(Unknown Source)
	at com.kms.katalon.core.cucumber.keyword.CucumberBuiltinKeywords.runFeatureFile(CucumberBuiltinKeywords.groovy:46)
	at com.kms.katalon.core.cucumber.keyword.CucumberBuiltinKeywords$runFeatureFile$0.callStatic(Unknown Source)
	at com.kms.katalon.core.cucumber.keyword.CucumberBuiltinKeywords.runFeatureFile(CucumberBuiltinKeywords.groovy:101)
	at com.kms.katalon.core.cucumber.keyword.CucumberBuiltinKeywords$runFeatureFile.call(Unknown Source)
	at 020-Update-Draft-Idea.run(020-Update-Draft-Idea:18)
	at com.kms.katalon.core.main.ScriptEngine.run(ScriptEngine.java:194)
	at com.kms.katalon.core.main.ScriptEngine.runScriptAsRawText(ScriptEngine.java:119)
	at com.kms.katalon.core.main.TestCaseExecutor.runScript(TestCaseExecutor.java:331)
	at com.kms.katalon.core.main.TestCaseExecutor.doExecute(TestCaseExecutor.java:322)
	at com.kms.katalon.core.main.TestCaseExecutor.processExecutionPhase(TestCaseExecutor.java:301)
	at com.kms.katalon.core.main.TestCaseExecutor.accessMainPhase(TestCaseExecutor.java:293)
	at com.kms.katalon.core.main.TestCaseExecutor.execute(TestCaseExecutor.java:227)
	at com.kms.katalon.core.main.TestSuiteExecutor.accessTestCaseMainPhase(TestSuiteExecutor.java:129)
	at com.kms.katalon.core.main.TestSuiteExecutor.accessTestSuiteMainPhase(TestSuiteExecutor.java:112)
	at com.kms.katalon.core.main.TestSuiteExecutor.execute(TestSuiteExecutor.java:81)
	at com.kms.katalon.core.main.TestCaseMain.startTestSuite(TestCaseMain.java:157)
	at com.kms.katalon.core.main.TestCaseMain$startTestSuite$0.call(Unknown Source)
	at TempTestSuite1556705678812.run(TempTestSuite1556705678812.groovy:35)


2019-05-01 13:16:22 - [TEST_STEP][FAILED] - runFeatureFile("Include/features/Governance-Module/Add-Idea/020-Update-Draft-Idea.feature"): runFeatureFile("Include/features/Governance-Module/Add-Idea/020-Update-Draft-Idea.feature") FAILED.
Reason:
com.kms.katalon.core.exception.StepFailedException: Feature file 'Include/features/Governance-Module/Add-Idea/020-Update-Draft-Idea.feature' was failed
	at com.kms.katalon.core.keyword.internal.KeywordMain.stepFailed(KeywordMain.groovy:48)
	at com.kms.katalon.core.keyword.internal.KeywordMain.stepFailed(KeywordMain.groovy)
	at com.kms.katalon.core.keyword.internal.KeywordMain.stepFailed(KeywordMain.groovy:21)
	at com.kms.katalon.core.keyword.internal.KeywordMain$stepFailed$0.call(Unknown Source)
	at com.kms.katalon.core.cucumber.keyword.CucumberBuiltinKeywords$_runFeatureFile_closure1.doCall(CucumberBuiltinKeywords.groovy:82)
	at com.kms.katalon.core.cucumber.keyword.CucumberBuiltinKeywords$_runFeatureFile_closure1.doCall(CucumberBuiltinKeywords.groovy)
	at com.kms.katalon.core.keyword.internal.KeywordMain.runKeyword(KeywordMain.groovy:66)
	at com.kms.katalon.core.keyword.internal.KeywordMain$runKeyword.call(Unknown Source)
	at com.kms.katalon.core.cucumber.keyword.CucumberBuiltinKeywords.runFeatureFile(CucumberBuiltinKeywords.groovy:46)
	at com.kms.katalon.core.cucumber.keyword.CucumberBuiltinKeywords$runFeatureFile$0.callStatic(Unknown Source)
	at com.kms.katalon.core.cucumber.keyword.CucumberBuiltinKeywords.runFeatureFile(CucumberBuiltinKeywords.groovy:101)
	at com.kms.katalon.core.cucumber.keyword.CucumberBuiltinKeywords$runFeatureFile.call(Unknown Source)
	at 020-Update-Draft-Idea.run(020-Update-Draft-Idea:18)
	at com.kms.katalon.core.main.ScriptEngine.run(ScriptEngine.java:194)
	at com.kms.katalon.core.main.ScriptEngine.runScriptAsRawText(ScriptEngine.java:119)
	at com.kms.katalon.core.main.TestCaseExecutor.runScript(TestCaseExecutor.java:331)
	at com.kms.katalon.core.main.TestCaseExecutor.doExecute(TestCaseExecutor.java:322)
	at com.kms.katalon.core.main.TestCaseExecutor.processExecutionPhase(TestCaseExecutor.java:301)
	at com.kms.katalon.core.main.TestCaseExecutor.accessMainPhase(TestCaseExecutor.java:293)
	at com.kms.katalon.core.main.TestCaseExecutor.execute(TestCaseExecutor.java:227)
	at com.kms.katalon.core.main.TestSuiteExecutor.accessTestCaseMainPhase(TestSuiteExecutor.java:129)
	at com.kms.katalon.core.main.TestSuiteExecutor.accessTestSuiteMainPhase(TestSuiteExecutor.java:112)
	at com.kms.katalon.core.main.TestSuiteExecutor.execute(TestSuiteExecutor.java:81)
	at com.kms.katalon.core.main.TestCaseMain.startTestSuite(TestCaseMain.java:157)
	at com.kms.katalon.core.main.TestCaseMain$startTestSuite$0.call(Unknown Source)
	at TempTestSuite1556705678812.run(TempTestSuite1556705678812.groovy:35)


2019-05-01 13:16:22 - [MESSAGE][INFO] - Starting run keyword runFeatureFile: 'Include/features/Governance-Module/Add-Idea/020-Update-Draft-Idea.feature' and extract report to folder: 'C:\Users\HP\git\PMO-Web-Application\Reports\First-Test-Suite\20190501_131438/cucumber_report/1556705782254'...

2019-05-01 13:16:22 - [TEST_CASE][FAILED] - Start Test Case : SCENARIO Verify updating draft idea: SCENARIO Verify updating draft idea FAILED.
Reason:
com.kms.katalon.core.exception.StepFailedException: Verify element text of test object 'Object Repository/OOBObjects/IdeasListObjects/SearchResult' FAILED.
	at com.kms.katalon.core.webui.keyword.internal.WebUIKeywordMain.stepFailed(WebUIKeywordMain.groovy:64)
	at com.kms.katalon.core.webui.keyword.internal.WebUIKeywordMain.runKeyword(WebUIKeywordMain.groovy:26)
	at com.kms.katalon.core.webui.keyword.builtin.VerifyElementTextKeyword.verifyElementText(VerifyElementTextKeyword.groovy:72)
	at com.kms.katalon.core.webui.keyword.builtin.VerifyElementTextKeyword.execute(VerifyElementTextKeyword.groovy:40)
	at com.kms.katalon.core.keyword.internal.KeywordExecutor.executeKeywordForPlatform(KeywordExecutor.groovy:56)
	at com.kms.katalon.core.webui.keyword.WebUiBuiltInKeywords.verifyElementText(WebUiBuiltInKeywords.groovy:3663)
	at com.kms.katalon.core.webui.keyword.WebUiBuiltInKeywords$verifyElementText$13.call(Unknown Source)
	at com.pmo.steps.AddIdeaSteps.searchOnSavedIdea(AddIdeaSteps.groovy:454)
	at ✽.I want to search for idea by idea name(C:/Users/HP/git/PMO-Web-Application/Include/features/Governance-Module/Add-Idea/020-Update-Draft-Idea.feature:22)
Caused by: com.kms.katalon.core.exception.StepFailedException: Actual text 'لم يُعثر على أية سجلات' and expected text 'Automation4795' of test object 'Object Repository/OOBObjects/IdeasListObjects/SearchResult' are NOT matched.
	at com.kms.katalon.core.webui.keyword.internal.WebUIKeywordMain.stepFailed(WebUIKeywordMain.groovy:64)
	at com.kms.katalon.core.webui.keyword.builtin.VerifyElementTextKeyword$_verifyElementText_closure1.doCall(VerifyElementTextKeyword.groovy:57)
	at com.kms.katalon.core.webui.keyword.builtin.VerifyElementTextKeyword$_verifyElementText_closure1.call(VerifyElementTextKeyword.groovy)
	at com.kms.katalon.core.webui.keyword.internal.WebUIKeywordMain.runKeyword(WebUIKeywordMain.groovy:20)
	at com.kms.katalon.core.webui.keyword.builtin.VerifyElementTextKeyword.verifyElementText(VerifyElementTextKeyword.groovy:72)
	at com.kms.katalon.core.webui.keyword.builtin.VerifyElementTextKeyword.execute(VerifyElementTextKeyword.groovy:40)
	at com.kms.katalon.core.keyword.internal.KeywordExecutor.executeKeywordForPlatform(KeywordExecutor.groovy:56)
	at com.kms.katalon.core.webui.keyword.WebUiBuiltInKeywords.verifyElementText(WebUiBuiltInKeywords.groovy:3663)
	at com.kms.katalon.core.webui.keyword.WebUiBuiltInKeywords$verifyElementText$13.call(Unknown Source)
	at com.pmo.steps.AddIdeaSteps.searchOnSavedIdea(AddIdeaSteps.groovy:454)
	at cucumber.runtime.Utils$1.call(Utils.java:26)
	at cucumber.runtime.Timeout.timeout(Timeout.java:16)
	at cucumber.runtime.Utils.invoke(Utils.java:20)
	at cucumber.runtime.java.JavaStepDefinition.execute(JavaStepDefinition.java:48)
	at cucumber.runtime.PickleStepDefinitionMatch.runStep(PickleStepDefinitionMatch.java:50)
	at cucumber.runner.TestStep.executeStep(TestStep.java:55)
	at cucumber.runner.TestStep.run(TestStep.java:42)
	at cucumber.runner.PickleStepTestStep.run(PickleStepTestStep.java:53)
	at cucumber.runner.TestCase.run(TestCase.java:47)
	at cucumber.runner.Runner.runPickle(Runner.java:44)
	at cucumber.runtime.Runtime.runFeature(Runtime.java:120)
	at cucumber.runtime.Runtime.run(Runtime.java:106)
	at cucumber.api.cli.Main.run(Main.java:35)
	at cucumber.api.cli.Main$run.call(Unknown Source)
	at com.kms.katalon.core.cucumber.keyword.CucumberBuiltinKeywords$_runFeatureFile_closure1.doCall(CucumberBuiltinKeywords.groovy:76)
	at com.kms.katalon.core.cucumber.keyword.CucumberBuiltinKeywords$_runFeatureFile_closure1.doCall(CucumberBuiltinKeywords.groovy)
	at com.kms.katalon.core.keyword.internal.KeywordMain.runKeyword(KeywordMain.groovy:66)
	at com.kms.katalon.core.keyword.internal.KeywordMain$runKeyword.call(Unknown Source)
	at com.kms.katalon.core.cucumber.keyword.CucumberBuiltinKeywords.runFeatureFile(CucumberBuiltinKeywords.groovy:46)
	at com.kms.katalon.core.cucumber.keyword.CucumberBuiltinKeywords$runFeatureFile$0.callStatic(Unknown Source)
	at com.kms.katalon.core.cucumber.keyword.CucumberBuiltinKeywords.runFeatureFile(CucumberBuiltinKeywords.groovy:101)
	at com.kms.katalon.core.cucumber.keyword.CucumberBuiltinKeywords$runFeatureFile.call(Unknown Source)
	at 020-Update-Draft-Idea.run(020-Update-Draft-Idea:18)
	at com.kms.katalon.core.main.ScriptEngine.run(ScriptEngine.java:194)
	at com.kms.katalon.core.main.ScriptEngine.runScriptAsRawText(ScriptEngine.java:119)
	at com.kms.katalon.core.main.TestCaseExecutor.runScript(TestCaseExecutor.java:331)
	at com.kms.katalon.core.main.TestCaseExecutor.doExecute(TestCaseExecutor.java:322)
	at com.kms.katalon.core.main.TestCaseExecutor.processExecutionPhase(TestCaseExecutor.java:301)
	at com.kms.katalon.core.main.TestCaseExecutor.accessMainPhase(TestCaseExecutor.java:293)
	at com.kms.katalon.core.main.TestCaseExecutor.execute(TestCaseExecutor.java:227)
	at com.kms.katalon.core.main.TestSuiteExecutor.accessTestCaseMainPhase(TestSuiteExecutor.java:129)
	at com.kms.katalon.core.main.TestSuiteExecutor.accessTestSuiteMainPhase(TestSuiteExecutor.java:112)
	at com.kms.katalon.core.main.TestSuiteExecutor.execute(TestSuiteExecutor.java:81)
	at com.kms.katalon.core.main.TestCaseMain.startTestSuite(TestCaseMain.java:157)
	at com.kms.katalon.core.main.TestCaseMain$startTestSuite$0.call(Unknown Source)
	at TempTestSuite1556705678812.run(TempTestSuite1556705678812.groovy:35)


2019-05-01 13:16:22 - [TEST_STEP][PASSED] - I want to open browser: I want to open browser

2019-05-01 13:16:22 - [MESSAGE][INFO] - Starting 'Chrome' driver

2019-05-01 13:16:24 - [MESSAGE][PASSED] - Browser is opened with url: ''

2019-05-01 13:16:24 - [MESSAGE][PASSED] - Delete all cookies successfully

2019-05-01 13:16:24 - [MESSAGE][PASSED] - I want to open browser

2019-05-01 13:16:24 - [TEST_STEP][PASSED] - I want to maximize window: I want to maximize window

2019-05-01 13:16:25 - [MESSAGE][PASSED] - Current window maximized

2019-05-01 13:16:25 - [MESSAGE][PASSED] - I want to maximize window

2019-05-01 13:16:25 - [TEST_STEP][PASSED] - I want to go to OOB: I want to go to OOB

2019-05-01 13:16:33 - [MESSAGE][PASSED] - Navigate to 'https://pmoadmin:P@ssw0rd@dev5.cloudapp.net/OOB2/' successfully

2019-05-01 13:16:33 - [MESSAGE][PASSED] - I want to go to OOB

2019-05-01 13:16:33 - [TEST_STEP][PASSED] - I want to verify I'm in OOB main page: I want to verify I'm in OOB main page

2019-05-01 13:16:33 - [MESSAGE][WARNING] - Timeout '0' is invalid. Using default page load timeout: '30'

2019-05-01 13:16:33 - [MESSAGE][PASSED] - Object 'Object Repository/OOBObjects/HomepageObjects/OOBSideBar' is present

2019-05-01 13:16:33 - [MESSAGE][PASSED] - I want to verify I'm in OOB main page

2019-05-01 13:16:33 - [TEST_STEP][PASSED] - I want to go to ideas list page: I want to go to ideas list page

2019-05-01 13:16:38 - [MESSAGE][PASSED] - Object: 'Object Repository/OOBObjects/HomepageObjects/IdeasList' is clicked on

2019-05-01 13:16:38 - [MESSAGE][PASSED] - I want to go to ideas list page

2019-05-01 13:16:38 - [TEST_STEP][PASSED] - I want to click on Add New button: I want to click on Add New button

2019-05-01 13:16:40 - [MESSAGE][PASSED] - Object: 'Object Repository/OOBObjects/IdeasListObjects/AddNewIdeaButton' is clicked on

2019-05-01 13:16:40 - [MESSAGE][PASSED] - I want to click on Add New button

2019-05-01 13:16:40 - [TEST_STEP][PASSED] - I want to fill idea name field: I want to fill idea name field

2019-05-01 13:16:40 - [MESSAGE][PASSED] - Text 'Automation4795' is set on object 'Object Repository/OOBObjects/IdeasListObjects/Idea-Name-Field'

2019-05-01 13:16:40 - [MESSAGE][PASSED] - I want to fill idea name field

2019-05-01 13:16:40 - [TEST_STEP][PASSED] - I want to select expected start date: I want to select expected start date

2019-05-01 13:16:40 - [MESSAGE][PASSED] - Object: 'Object Repository/OOBObjects/IdeasListObjects//GREGORIAN-Start-date-Check-Box' is clicked on

2019-05-01 13:16:40 - [MESSAGE][PASSED] - Object: 'Object Repository/OOBObjects/IdeasListObjects//Excepted-Start-Date' is clicked on

2019-05-01 13:16:40 - [MESSAGE][PASSED] - All options with index in [5] are selected on object 'Object Repository/OOBObjects/IdeasListObjects/StartDateMonthDropDwon'

2019-05-01 13:16:40 - [MESSAGE][PASSED] - Object: 'Object Repository/OOBObjects/IdeasListObjects//Day26' is hovered

2019-05-01 13:16:40 - [MESSAGE][PASSED] - Object: 'Object Repository/OOBObjects/IdeasListObjects//Day26' is clicked on

2019-05-01 13:16:40 - [MESSAGE][PASSED] - I want to select expected start date

2019-05-01 13:16:40 - [TEST_STEP][PASSED] - I want to select expected end date: I want to select expected end date

2019-05-01 13:16:40 - [MESSAGE][PASSED] - Object 'Object Repository/OOBObjects/IdeasListObjects/GREGORIAN-End-Date-Check-Box' is visible

2019-05-01 13:16:40 - [MESSAGE][PASSED] - Object: 'Object Repository/OOBObjects/IdeasListObjects/GREGORIAN-End-Date-Check-Box' is clicked on

2019-05-01 13:16:42 - [MESSAGE][PASSED] - Delayed 2 second(s)

2019-05-01 13:16:43 - [MESSAGE][PASSED] - Object: 'Object Repository/OOBObjects/IdeasListObjects/Excpected-End-Date' is hovered

2019-05-01 13:16:43 - [MESSAGE][PASSED] - Object: 'Object Repository/OOBObjects/IdeasListObjects/Excpected-End-Date' is clicked on

2019-05-01 13:16:43 - [MESSAGE][PASSED] - All options with index in [6] are selected on object 'Object Repository/OOBObjects/IdeasListObjects/EndDateMonthDropdown'

2019-05-01 13:16:43 - [MESSAGE][PASSED] - Object: 'Object Repository/OOBObjects/IdeasListObjects/EndDateDay15' is hovered

2019-05-01 13:16:43 - [MESSAGE][PASSED] - Object: 'Object Repository/OOBObjects/IdeasListObjects/EndDateDay15' is clicked on

2019-05-01 13:16:43 - [MESSAGE][PASSED] - I want to select expected end date

2019-05-01 13:16:43 - [TEST_STEP][PASSED] - I want to fill idea objective field: I want to fill idea objective field

2019-05-01 13:16:43 - [MESSAGE][PASSED] - Text 'Automation' is set on object 'Object Repository/OOBObjects/IdeasListObjects/Idea-Objective-Field'

2019-05-01 13:16:43 - [MESSAGE][PASSED] - I want to fill idea objective field

2019-05-01 13:16:43 - [TEST_STEP][PASSED] - I want to fill expected budget field: I want to fill expected budget field

2019-05-01 13:16:43 - [MESSAGE][PASSED] - Text '10000' is set on object 'Object Repository/OOBObjects/IdeasListObjects/Expected-Budget-Field'

2019-05-01 13:16:43 - [MESSAGE][PASSED] - I want to fill expected budget field

2019-05-01 13:16:43 - [TEST_STEP][PASSED] - I want to fill Notes field: I want to fill Notes field

2019-05-01 13:16:43 - [MESSAGE][PASSED] - Text 'test note' is set on object 'Object Repository/OOBObjects/IdeasListObjects/Notes-Field'

2019-05-01 13:16:43 - [MESSAGE][PASSED] - I want to fill Notes field

2019-05-01 13:16:43 - [TEST_STEP][PASSED] - I want to click save idea button: I want to click save idea button

2019-05-01 13:16:43 - [MESSAGE][WARNING] - Timeout '0' is invalid. Using default page load timeout: '30'

2019-05-01 13:16:43 - [MESSAGE][PASSED] - Object 'Object Repository/OOBObjects/IdeasListObjects/SaveIdeaButton' is present

2019-05-01 13:16:43 - [MESSAGE][WARNING] - Timeout '0' is invalid. Using default page load timeout: '30'

2019-05-01 13:16:43 - [MESSAGE][PASSED] - Object 'Object Repository/OOBObjects/IdeasListObjects/SaveIdeaButton' is clickable

2019-05-01 13:16:43 - [MESSAGE][PASSED] - Object: 'Object Repository/OOBObjects/IdeasListObjects/SaveIdeaButton' is clicked on

2019-05-01 13:16:48 - [MESSAGE][PASSED] - Delayed 5 second(s)

2019-05-01 13:16:48 - [MESSAGE][PASSED] - I want to click save idea button

2019-05-01 13:16:48 - [TEST_STEP][PASSED] - I want to wait for page load: I want to wait for page load

2019-05-01 13:16:48 - [MESSAGE][PASSED] - Wait for page load successfully

2019-05-01 13:16:48 - [MESSAGE][PASSED] - I want to wait for page load

2019-05-01 13:16:48 - [TEST_STEP][PASSED] - I want to go to ideas list page: I want to go to ideas list page

2019-05-01 13:16:50 - [MESSAGE][PASSED] - Object: 'Object Repository/OOBObjects/HomepageObjects/IdeasList' is clicked on

2019-05-01 13:16:50 - [MESSAGE][PASSED] - I want to go to ideas list page

2019-05-01 13:16:50 - [TEST_STEP][FAILED] - I want to search for idea by idea name: I want to search for idea by idea name FAILED.
Reason:
com.kms.katalon.core.exception.StepFailedException: Verify element text of test object 'Object Repository/OOBObjects/IdeasListObjects/SearchResult' FAILED.
	at com.kms.katalon.core.webui.keyword.internal.WebUIKeywordMain.stepFailed(WebUIKeywordMain.groovy:64)
	at com.kms.katalon.core.webui.keyword.internal.WebUIKeywordMain.runKeyword(WebUIKeywordMain.groovy:26)
	at com.kms.katalon.core.webui.keyword.builtin.VerifyElementTextKeyword.verifyElementText(VerifyElementTextKeyword.groovy:72)
	at com.kms.katalon.core.webui.keyword.builtin.VerifyElementTextKeyword.execute(VerifyElementTextKeyword.groovy:40)
	at com.kms.katalon.core.keyword.internal.KeywordExecutor.executeKeywordForPlatform(KeywordExecutor.groovy:56)
	at com.kms.katalon.core.webui.keyword.WebUiBuiltInKeywords.verifyElementText(WebUiBuiltInKeywords.groovy:3663)
	at com.kms.katalon.core.webui.keyword.WebUiBuiltInKeywords$verifyElementText$13.call(Unknown Source)
	at com.pmo.steps.AddIdeaSteps.searchOnSavedIdea(AddIdeaSteps.groovy:454)
	at ✽.I want to search for idea by idea name(C:/Users/HP/git/PMO-Web-Application/Include/features/Governance-Module/Add-Idea/020-Update-Draft-Idea.feature:22)
Caused by: com.kms.katalon.core.exception.StepFailedException: Actual text 'لم يُعثر على أية سجلات' and expected text 'Automation4795' of test object 'Object Repository/OOBObjects/IdeasListObjects/SearchResult' are NOT matched.
	at com.kms.katalon.core.webui.keyword.internal.WebUIKeywordMain.stepFailed(WebUIKeywordMain.groovy:64)
	at com.kms.katalon.core.webui.keyword.builtin.VerifyElementTextKeyword$_verifyElementText_closure1.doCall(VerifyElementTextKeyword.groovy:57)
	at com.kms.katalon.core.webui.keyword.builtin.VerifyElementTextKeyword$_verifyElementText_closure1.call(VerifyElementTextKeyword.groovy)
	at com.kms.katalon.core.webui.keyword.internal.WebUIKeywordMain.runKeyword(WebUIKeywordMain.groovy:20)
	at com.kms.katalon.core.webui.keyword.builtin.VerifyElementTextKeyword.verifyElementText(VerifyElementTextKeyword.groovy:72)
	at com.kms.katalon.core.webui.keyword.builtin.VerifyElementTextKeyword.execute(VerifyElementTextKeyword.groovy:40)
	at com.kms.katalon.core.keyword.internal.KeywordExecutor.executeKeywordForPlatform(KeywordExecutor.groovy:56)
	at com.kms.katalon.core.webui.keyword.WebUiBuiltInKeywords.verifyElementText(WebUiBuiltInKeywords.groovy:3663)
	at com.kms.katalon.core.webui.keyword.WebUiBuiltInKeywords$verifyElementText$13.call(Unknown Source)
	at com.pmo.steps.AddIdeaSteps.searchOnSavedIdea(AddIdeaSteps.groovy:454)
	at cucumber.runtime.Utils$1.call(Utils.java:26)
	at cucumber.runtime.Timeout.timeout(Timeout.java:16)
	at cucumber.runtime.Utils.invoke(Utils.java:20)
	at cucumber.runtime.java.JavaStepDefinition.execute(JavaStepDefinition.java:48)
	at cucumber.runtime.PickleStepDefinitionMatch.runStep(PickleStepDefinitionMatch.java:50)
	at cucumber.runner.TestStep.executeStep(TestStep.java:55)
	at cucumber.runner.TestStep.run(TestStep.java:42)
	at cucumber.runner.PickleStepTestStep.run(PickleStepTestStep.java:53)
	at cucumber.runner.TestCase.run(TestCase.java:47)
	at cucumber.runner.Runner.runPickle(Runner.java:44)
	at cucumber.runtime.Runtime.runFeature(Runtime.java:120)
	at cucumber.runtime.Runtime.run(Runtime.java:106)
	at cucumber.api.cli.Main.run(Main.java:35)
	at cucumber.api.cli.Main$run.call(Unknown Source)
	at com.kms.katalon.core.cucumber.keyword.CucumberBuiltinKeywords$_runFeatureFile_closure1.doCall(CucumberBuiltinKeywords.groovy:76)
	at com.kms.katalon.core.cucumber.keyword.CucumberBuiltinKeywords$_runFeatureFile_closure1.doCall(CucumberBuiltinKeywords.groovy)
	at com.kms.katalon.core.keyword.internal.KeywordMain.runKeyword(KeywordMain.groovy:66)
	at com.kms.katalon.core.keyword.internal.KeywordMain$runKeyword.call(Unknown Source)
	at com.kms.katalon.core.cucumber.keyword.CucumberBuiltinKeywords.runFeatureFile(CucumberBuiltinKeywords.groovy:46)
	at com.kms.katalon.core.cucumber.keyword.CucumberBuiltinKeywords$runFeatureFile$0.callStatic(Unknown Source)
	at com.kms.katalon.core.cucumber.keyword.CucumberBuiltinKeywords.runFeatureFile(CucumberBuiltinKeywords.groovy:101)
	at com.kms.katalon.core.cucumber.keyword.CucumberBuiltinKeywords$runFeatureFile.call(Unknown Source)
	at 020-Update-Draft-Idea.run(020-Update-Draft-Idea:18)
	at com.kms.katalon.core.main.ScriptEngine.run(ScriptEngine.java:194)
	at com.kms.katalon.core.main.ScriptEngine.runScriptAsRawText(ScriptEngine.java:119)
	at com.kms.katalon.core.main.TestCaseExecutor.runScript(TestCaseExecutor.java:331)
	at com.kms.katalon.core.main.TestCaseExecutor.doExecute(TestCaseExecutor.java:322)
	at com.kms.katalon.core.main.TestCaseExecutor.processExecutionPhase(TestCaseExecutor.java:301)
	at com.kms.katalon.core.main.TestCaseExecutor.accessMainPhase(TestCaseExecutor.java:293)
	at com.kms.katalon.core.main.TestCaseExecutor.execute(TestCaseExecutor.java:227)
	at com.kms.katalon.core.main.TestSuiteExecutor.accessTestCaseMainPhase(TestSuiteExecutor.java:129)
	at com.kms.katalon.core.main.TestSuiteExecutor.accessTestSuiteMainPhase(TestSuiteExecutor.java:112)
	at com.kms.katalon.core.main.TestSuiteExecutor.execute(TestSuiteExecutor.java:81)
	at com.kms.katalon.core.main.TestCaseMain.startTestSuite(TestCaseMain.java:157)
	at com.kms.katalon.core.main.TestCaseMain$startTestSuite$0.call(Unknown Source)
	at TempTestSuite1556705678812.run(TempTestSuite1556705678812.groovy:35)


2019-05-01 13:16:50 - [MESSAGE][PASSED] - Text 'Automation4795' is set on object 'Object Repository/OOBObjects/IdeasListObjects/SearchField'

2019-05-01 13:16:51 - [MESSAGE][FAILED] - Actual text 'لم يُعثر على أية سجلات' and expected text 'Automation4795' of test object 'Object Repository/OOBObjects/IdeasListObjects/SearchResult' are NOT matched. (Root cause: com.kms.katalon.core.exception.StepFailedException: Actual text 'لم يُعثر على أية سجلات' and expected text 'Automation4795' of test object 'Object Repository/OOBObjects/IdeasListObjects/SearchResult' are NOT matched.
	at com.kms.katalon.core.webui.keyword.internal.WebUIKeywordMain.stepFailed(WebUIKeywordMain.groovy:64)
	at com.kms.katalon.core.webui.keyword.builtin.VerifyElementTextKeyword$_verifyElementText_closure1.doCall(VerifyElementTextKeyword.groovy:57)
	at com.kms.katalon.core.webui.keyword.builtin.VerifyElementTextKeyword$_verifyElementText_closure1.call(VerifyElementTextKeyword.groovy)
	at com.kms.katalon.core.webui.keyword.internal.WebUIKeywordMain.runKeyword(WebUIKeywordMain.groovy:20)
	at com.kms.katalon.core.webui.keyword.builtin.VerifyElementTextKeyword.verifyElementText(VerifyElementTextKeyword.groovy:72)
	at com.kms.katalon.core.webui.keyword.builtin.VerifyElementTextKeyword.execute(VerifyElementTextKeyword.groovy:40)
	at com.kms.katalon.core.keyword.internal.KeywordExecutor.executeKeywordForPlatform(KeywordExecutor.groovy:56)
	at com.kms.katalon.core.webui.keyword.WebUiBuiltInKeywords.verifyElementText(WebUiBuiltInKeywords.groovy:3663)
	at com.kms.katalon.core.webui.keyword.WebUiBuiltInKeywords$verifyElementText$13.call(Unknown Source)
	at com.pmo.steps.AddIdeaSteps.searchOnSavedIdea(AddIdeaSteps.groovy:454)
	at cucumber.runtime.Utils$1.call(Utils.java:26)
	at cucumber.runtime.Timeout.timeout(Timeout.java:16)
	at cucumber.runtime.Utils.invoke(Utils.java:20)
	at cucumber.runtime.java.JavaStepDefinition.execute(JavaStepDefinition.java:48)
	at cucumber.runtime.PickleStepDefinitionMatch.runStep(PickleStepDefinitionMatch.java:50)
	at cucumber.runner.TestStep.executeStep(TestStep.java:55)
	at cucumber.runner.TestStep.run(TestStep.java:42)
	at cucumber.runner.PickleStepTestStep.run(PickleStepTestStep.java:53)
	at cucumber.runner.TestCase.run(TestCase.java:47)
	at cucumber.runner.Runner.runPickle(Runner.java:44)
	at cucumber.runtime.Runtime.runFeature(Runtime.java:120)
	at cucumber.runtime.Runtime.run(Runtime.java:106)
	at cucumber.api.cli.Main.run(Main.java:35)
	at cucumber.api.cli.Main$run.call(Unknown Source)
	at com.kms.katalon.core.cucumber.keyword.CucumberBuiltinKeywords$_runFeatureFile_closure1.doCall(CucumberBuiltinKeywords.groovy:76)
	at com.kms.katalon.core.cucumber.keyword.CucumberBuiltinKeywords$_runFeatureFile_closure1.doCall(CucumberBuiltinKeywords.groovy)
	at com.kms.katalon.core.keyword.internal.KeywordMain.runKeyword(KeywordMain.groovy:66)
	at com.kms.katalon.core.keyword.internal.KeywordMain$runKeyword.call(Unknown Source)
	at com.kms.katalon.core.cucumber.keyword.CucumberBuiltinKeywords.runFeatureFile(CucumberBuiltinKeywords.groovy:46)
	at com.kms.katalon.core.cucumber.keyword.CucumberBuiltinKeywords$runFeatureFile$0.callStatic(Unknown Source)
	at com.kms.katalon.core.cucumber.keyword.CucumberBuiltinKeywords.runFeatureFile(CucumberBuiltinKeywords.groovy:101)
	at com.kms.katalon.core.cucumber.keyword.CucumberBuiltinKeywords$runFeatureFile.call(Unknown Source)
	at 020-Update-Draft-Idea.run(020-Update-Draft-Idea:18)
	at com.kms.katalon.core.main.ScriptEngine.run(ScriptEngine.java:194)
	at com.kms.katalon.core.main.ScriptEngine.runScriptAsRawText(ScriptEngine.java:119)
	at com.kms.katalon.core.main.TestCaseExecutor.runScript(TestCaseExecutor.java:331)
	at com.kms.katalon.core.main.TestCaseExecutor.doExecute(TestCaseExecutor.java:322)
	at com.kms.katalon.core.main.TestCaseExecutor.processExecutionPhase(TestCaseExecutor.java:301)
	at com.kms.katalon.core.main.TestCaseExecutor.accessMainPhase(TestCaseExecutor.java:293)
	at com.kms.katalon.core.main.TestCaseExecutor.execute(TestCaseExecutor.java:227)
	at com.kms.katalon.core.main.TestSuiteExecutor.accessTestCaseMainPhase(TestSuiteExecutor.java:129)
	at com.kms.katalon.core.main.TestSuiteExecutor.accessTestSuiteMainPhase(TestSuiteExecutor.java:112)
	at com.kms.katalon.core.main.TestSuiteExecutor.execute(TestSuiteExecutor.java:81)
	at com.kms.katalon.core.main.TestCaseMain.startTestSuite(TestCaseMain.java:157)
	at com.kms.katalon.core.main.TestCaseMain$startTestSuite$0.call(Unknown Source)
	at TempTestSuite1556705678812.run(TempTestSuite1556705678812.groovy:35)
)
[[ATTACHMENT|C:\\Users\\HP\\git\\PMO-Web-Application\\Reports\\First-Test-Suite\\20190501_131438\\1556705811481.png]]

2019-05-01 13:16:52 - [MESSAGE][FAILED] - Verify element text of test object 'Object Repository/OOBObjects/IdeasListObjects/SearchResult' FAILED. (Root cause: com.kms.katalon.core.exception.StepFailedException: Verify element text of test object 'Object Repository/OOBObjects/IdeasListObjects/SearchResult' FAILED.
	at com.kms.katalon.core.webui.keyword.internal.WebUIKeywordMain.stepFailed(WebUIKeywordMain.groovy:64)
	at com.kms.katalon.core.webui.keyword.internal.WebUIKeywordMain.runKeyword(WebUIKeywordMain.groovy:26)
	at com.kms.katalon.core.webui.keyword.builtin.VerifyElementTextKeyword.verifyElementText(VerifyElementTextKeyword.groovy:72)
	at com.kms.katalon.core.webui.keyword.builtin.VerifyElementTextKeyword.execute(VerifyElementTextKeyword.groovy:40)
	at com.kms.katalon.core.keyword.internal.KeywordExecutor.executeKeywordForPlatform(KeywordExecutor.groovy:56)
	at com.kms.katalon.core.webui.keyword.WebUiBuiltInKeywords.verifyElementText(WebUiBuiltInKeywords.groovy:3663)
	at com.kms.katalon.core.webui.keyword.WebUiBuiltInKeywords$verifyElementText$13.call(Unknown Source)
	at com.pmo.steps.AddIdeaSteps.searchOnSavedIdea(AddIdeaSteps.groovy:454)
	at cucumber.runtime.Utils$1.call(Utils.java:26)
	at cucumber.runtime.Timeout.timeout(Timeout.java:16)
	at cucumber.runtime.Utils.invoke(Utils.java:20)
	at cucumber.runtime.java.JavaStepDefinition.execute(JavaStepDefinition.java:48)
	at cucumber.runtime.PickleStepDefinitionMatch.runStep(PickleStepDefinitionMatch.java:50)
	at cucumber.runner.TestStep.executeStep(TestStep.java:55)
	at cucumber.runner.TestStep.run(TestStep.java:42)
	at cucumber.runner.PickleStepTestStep.run(PickleStepTestStep.java:53)
	at cucumber.runner.TestCase.run(TestCase.java:47)
	at cucumber.runner.Runner.runPickle(Runner.java:44)
	at cucumber.runtime.Runtime.runFeature(Runtime.java:120)
	at cucumber.runtime.Runtime.run(Runtime.java:106)
	at cucumber.api.cli.Main.run(Main.java:35)
	at cucumber.api.cli.Main$run.call(Unknown Source)
	at com.kms.katalon.core.cucumber.keyword.CucumberBuiltinKeywords$_runFeatureFile_closure1.doCall(CucumberBuiltinKeywords.groovy:76)
	at com.kms.katalon.core.cucumber.keyword.CucumberBuiltinKeywords$_runFeatureFile_closure1.doCall(CucumberBuiltinKeywords.groovy)
	at com.kms.katalon.core.keyword.internal.KeywordMain.runKeyword(KeywordMain.groovy:66)
	at com.kms.katalon.core.keyword.internal.KeywordMain$runKeyword.call(Unknown Source)
	at com.kms.katalon.core.cucumber.keyword.CucumberBuiltinKeywords.runFeatureFile(CucumberBuiltinKeywords.groovy:46)
	at com.kms.katalon.core.cucumber.keyword.CucumberBuiltinKeywords$runFeatureFile$0.callStatic(Unknown Source)
	at com.kms.katalon.core.cucumber.keyword.CucumberBuiltinKeywords.runFeatureFile(CucumberBuiltinKeywords.groovy:101)
	at com.kms.katalon.core.cucumber.keyword.CucumberBuiltinKeywords$runFeatureFile.call(Unknown Source)
	at 020-Update-Draft-Idea.run(020-Update-Draft-Idea:18)
	at com.kms.katalon.core.main.ScriptEngine.run(ScriptEngine.java:194)
	at com.kms.katalon.core.main.ScriptEngine.runScriptAsRawText(ScriptEngine.java:119)
	at com.kms.katalon.core.main.TestCaseExecutor.runScript(TestCaseExecutor.java:331)
	at com.kms.katalon.core.main.TestCaseExecutor.doExecute(TestCaseExecutor.java:322)
	at com.kms.katalon.core.main.TestCaseExecutor.processExecutionPhase(TestCaseExecutor.java:301)
	at com.kms.katalon.core.main.TestCaseExecutor.accessMainPhase(TestCaseExecutor.java:293)
	at com.kms.katalon.core.main.TestCaseExecutor.execute(TestCaseExecutor.java:227)
	at com.kms.katalon.core.main.TestSuiteExecutor.accessTestCaseMainPhase(TestSuiteExecutor.java:129)
	at com.kms.katalon.core.main.TestSuiteExecutor.accessTestSuiteMainPhase(TestSuiteExecutor.java:112)
	at com.kms.katalon.core.main.TestSuiteExecutor.execute(TestSuiteExecutor.java:81)
	at com.kms.katalon.core.main.TestCaseMain.startTestSuite(TestCaseMain.java:157)
	at com.kms.katalon.core.main.TestCaseMain$startTestSuite$0.call(Unknown Source)
	at TempTestSuite1556705678812.run(TempTestSuite1556705678812.groovy:35)
Caused by: com.kms.katalon.core.exception.StepFailedException: Actual text 'لم يُعثر على أية سجلات' and expected text 'Automation4795' of test object 'Object Repository/OOBObjects/IdeasListObjects/SearchResult' are NOT matched.
	at com.kms.katalon.core.webui.keyword.internal.WebUIKeywordMain.stepFailed(WebUIKeywordMain.groovy:64)
	at com.kms.katalon.core.webui.keyword.builtin.VerifyElementTextKeyword$_verifyElementText_closure1.doCall(VerifyElementTextKeyword.groovy:57)
	at com.kms.katalon.core.webui.keyword.builtin.VerifyElementTextKeyword$_verifyElementText_closure1.call(VerifyElementTextKeyword.groovy)
	at com.kms.katalon.core.webui.keyword.internal.WebUIKeywordMain.runKeyword(WebUIKeywordMain.groovy:20)
	... 42 more
)
[[ATTACHMENT|C:\\Users\\HP\\git\\PMO-Web-Application\\Reports\\First-Test-Suite\\20190501_131438\\1556705811787.png]]

2019-05-01 13:16:52 - [MESSAGE][FAILED] - I want to search for idea by idea name FAILED.
Reason:
com.kms.katalon.core.exception.StepFailedException: Verify element text of test object 'Object Repository/OOBObjects/IdeasListObjects/SearchResult' FAILED.
	at com.kms.katalon.core.webui.keyword.internal.WebUIKeywordMain.stepFailed(WebUIKeywordMain.groovy:64)
	at com.kms.katalon.core.webui.keyword.internal.WebUIKeywordMain.runKeyword(WebUIKeywordMain.groovy:26)
	at com.kms.katalon.core.webui.keyword.builtin.VerifyElementTextKeyword.verifyElementText(VerifyElementTextKeyword.groovy:72)
	at com.kms.katalon.core.webui.keyword.builtin.VerifyElementTextKeyword.execute(VerifyElementTextKeyword.groovy:40)
	at com.kms.katalon.core.keyword.internal.KeywordExecutor.executeKeywordForPlatform(KeywordExecutor.groovy:56)
	at com.kms.katalon.core.webui.keyword.WebUiBuiltInKeywords.verifyElementText(WebUiBuiltInKeywords.groovy:3663)
	at com.kms.katalon.core.webui.keyword.WebUiBuiltInKeywords$verifyElementText$13.call(Unknown Source)
	at com.pmo.steps.AddIdeaSteps.searchOnSavedIdea(AddIdeaSteps.groovy:454)
	at ✽.I want to search for idea by idea name(C:/Users/HP/git/PMO-Web-Application/Include/features/Governance-Module/Add-Idea/020-Update-Draft-Idea.feature:22)
Caused by: com.kms.katalon.core.exception.StepFailedException: Actual text 'لم يُعثر على أية سجلات' and expected text 'Automation4795' of test object 'Object Repository/OOBObjects/IdeasListObjects/SearchResult' are NOT matched.
	at com.kms.katalon.core.webui.keyword.internal.WebUIKeywordMain.stepFailed(WebUIKeywordMain.groovy:64)
	at com.kms.katalon.core.webui.keyword.builtin.VerifyElementTextKeyword$_verifyElementText_closure1.doCall(VerifyElementTextKeyword.groovy:57)
	at com.kms.katalon.core.webui.keyword.builtin.VerifyElementTextKeyword$_verifyElementText_closure1.call(VerifyElementTextKeyword.groovy)
	at com.kms.katalon.core.webui.keyword.internal.WebUIKeywordMain.runKeyword(WebUIKeywordMain.groovy:20)
	at com.kms.katalon.core.webui.keyword.builtin.VerifyElementTextKeyword.verifyElementText(VerifyElementTextKeyword.groovy:72)
	at com.kms.katalon.core.webui.keyword.builtin.VerifyElementTextKeyword.execute(VerifyElementTextKeyword.groovy:40)
	at com.kms.katalon.core.keyword.internal.KeywordExecutor.executeKeywordForPlatform(KeywordExecutor.groovy:56)
	at com.kms.katalon.core.webui.keyword.WebUiBuiltInKeywords.verifyElementText(WebUiBuiltInKeywords.groovy:3663)
	at com.kms.katalon.core.webui.keyword.WebUiBuiltInKeywords$verifyElementText$13.call(Unknown Source)
	at com.pmo.steps.AddIdeaSteps.searchOnSavedIdea(AddIdeaSteps.groovy:454)
	at cucumber.runtime.Utils$1.call(Utils.java:26)
	at cucumber.runtime.Timeout.timeout(Timeout.java:16)
	at cucumber.runtime.Utils.invoke(Utils.java:20)
	at cucumber.runtime.java.JavaStepDefinition.execute(JavaStepDefinition.java:48)
	at cucumber.runtime.PickleStepDefinitionMatch.runStep(PickleStepDefinitionMatch.java:50)
	at cucumber.runner.TestStep.executeStep(TestStep.java:55)
	at cucumber.runner.TestStep.run(TestStep.java:42)
	at cucumber.runner.PickleStepTestStep.run(PickleStepTestStep.java:53)
	at cucumber.runner.TestCase.run(TestCase.java:47)
	at cucumber.runner.Runner.runPickle(Runner.java:44)
	at cucumber.runtime.Runtime.runFeature(Runtime.java:120)
	at cucumber.runtime.Runtime.run(Runtime.java:106)
	at cucumber.api.cli.Main.run(Main.java:35)
	at cucumber.api.cli.Main$run.call(Unknown Source)
	at com.kms.katalon.core.cucumber.keyword.CucumberBuiltinKeywords$_runFeatureFile_closure1.doCall(CucumberBuiltinKeywords.groovy:76)
	at com.kms.katalon.core.cucumber.keyword.CucumberBuiltinKeywords$_runFeatureFile_closure1.doCall(CucumberBuiltinKeywords.groovy)
	at com.kms.katalon.core.keyword.internal.KeywordMain.runKeyword(KeywordMain.groovy:66)
	at com.kms.katalon.core.keyword.internal.KeywordMain$runKeyword.call(Unknown Source)
	at com.kms.katalon.core.cucumber.keyword.CucumberBuiltinKeywords.runFeatureFile(CucumberBuiltinKeywords.groovy:46)
	at com.kms.katalon.core.cucumber.keyword.CucumberBuiltinKeywords$runFeatureFile$0.callStatic(Unknown Source)
	at com.kms.katalon.core.cucumber.keyword.CucumberBuiltinKeywords.runFeatureFile(CucumberBuiltinKeywords.groovy:101)
	at com.kms.katalon.core.cucumber.keyword.CucumberBuiltinKeywords$runFeatureFile.call(Unknown Source)
	at 020-Update-Draft-Idea.run(020-Update-Draft-Idea:18)
	at com.kms.katalon.core.main.ScriptEngine.run(ScriptEngine.java:194)
	at com.kms.katalon.core.main.ScriptEngine.runScriptAsRawText(ScriptEngine.java:119)
	at com.kms.katalon.core.main.TestCaseExecutor.runScript(TestCaseExecutor.java:331)
	at com.kms.katalon.core.main.TestCaseExecutor.doExecute(TestCaseExecutor.java:322)
	at com.kms.katalon.core.main.TestCaseExecutor.processExecutionPhase(TestCaseExecutor.java:301)
	at com.kms.katalon.core.main.TestCaseExecutor.accessMainPhase(TestCaseExecutor.java:293)
	at com.kms.katalon.core.main.TestCaseExecutor.execute(TestCaseExecutor.java:227)
	at com.kms.katalon.core.main.TestSuiteExecutor.accessTestCaseMainPhase(TestSuiteExecutor.java:129)
	at com.kms.katalon.core.main.TestSuiteExecutor.accessTestSuiteMainPhase(TestSuiteExecutor.java:112)
	at com.kms.katalon.core.main.TestSuiteExecutor.execute(TestSuiteExecutor.java:81)
	at com.kms.katalon.core.main.TestCaseMain.startTestSuite(TestCaseMain.java:157)
	at com.kms.katalon.core.main.TestCaseMain$startTestSuite$0.call(Unknown Source)
	at TempTestSuite1556705678812.run(TempTestSuite1556705678812.groovy:35)


2019-05-01 13:16:52 - [TEST_STEP][NOT_RUN] - I want to click on edit idea icon: I want to click on edit idea icon

2019-05-01 13:16:52 - [MESSAGE][NOT_RUN] - I want to click on edit idea icon

2019-05-01 13:16:52 - [TEST_STEP][NOT_RUN] - I want to edit idea name: I want to edit idea name

2019-05-01 13:16:52 - [MESSAGE][NOT_RUN] - I want to edit idea name

2019-05-01 13:16:52 - [TEST_STEP][NOT_RUN] - I want to click save idea button: I want to click save idea button

2019-05-01 13:16:52 - [MESSAGE][NOT_RUN] - I want to click save idea button

2019-05-01 13:16:52 - [TEST_STEP][NOT_RUN] - I want to wait for page load: I want to wait for page load

2019-05-01 13:16:52 - [MESSAGE][NOT_RUN] - I want to wait for page load

2019-05-01 13:16:52 - [TEST_STEP][NOT_RUN] - I want to go to ideas list page: I want to go to ideas list page

2019-05-01 13:16:52 - [MESSAGE][NOT_RUN] - I want to go to ideas list page

2019-05-01 13:16:52 - [TEST_STEP][NOT_RUN] - I want to search on updated idea: I want to search on updated idea

2019-05-01 13:16:52 - [MESSAGE][NOT_RUN] - I want to search on updated idea

2019-05-01 13:16:52 - [TEST_STEP][NOT_RUN] - I want to close browser: I want to close browser

2019-05-01 13:16:52 - [MESSAGE][NOT_RUN] - I want to close browser

2019-05-01 13:16:52 - [MESSAGE][FAILED] - Feature file 'Include/features/Governance-Module/Add-Idea/020-Update-Draft-Idea.feature' was failed

2019-05-01 13:16:52 - [MESSAGE][FAILED] - Keyword runFeatureFile was failed (Root cause: com.kms.katalon.core.exception.StepFailedException: Feature file 'Include/features/Governance-Module/Add-Idea/020-Update-Draft-Idea.feature' was failed
	at com.kms.katalon.core.keyword.internal.KeywordMain.stepFailed(KeywordMain.groovy:48)
	at com.kms.katalon.core.keyword.internal.KeywordMain.stepFailed(KeywordMain.groovy)
	at com.kms.katalon.core.keyword.internal.KeywordMain.stepFailed(KeywordMain.groovy:21)
	at com.kms.katalon.core.keyword.internal.KeywordMain$stepFailed$0.call(Unknown Source)
	at com.kms.katalon.core.cucumber.keyword.CucumberBuiltinKeywords$_runFeatureFile_closure1.doCall(CucumberBuiltinKeywords.groovy:82)
	at com.kms.katalon.core.cucumber.keyword.CucumberBuiltinKeywords$_runFeatureFile_closure1.doCall(CucumberBuiltinKeywords.groovy)
	at com.kms.katalon.core.keyword.internal.KeywordMain.runKeyword(KeywordMain.groovy:66)
	at com.kms.katalon.core.keyword.internal.KeywordMain$runKeyword.call(Unknown Source)
	at com.kms.katalon.core.cucumber.keyword.CucumberBuiltinKeywords.runFeatureFile(CucumberBuiltinKeywords.groovy:46)
	at com.kms.katalon.core.cucumber.keyword.CucumberBuiltinKeywords$runFeatureFile$0.callStatic(Unknown Source)
	at com.kms.katalon.core.cucumber.keyword.CucumberBuiltinKeywords.runFeatureFile(CucumberBuiltinKeywords.groovy:101)
	at com.kms.katalon.core.cucumber.keyword.CucumberBuiltinKeywords$runFeatureFile.call(Unknown Source)
	at 020-Update-Draft-Idea.run(020-Update-Draft-Idea:18)
	at com.kms.katalon.core.main.ScriptEngine.run(ScriptEngine.java:194)
	at com.kms.katalon.core.main.ScriptEngine.runScriptAsRawText(ScriptEngine.java:119)
	at com.kms.katalon.core.main.TestCaseExecutor.runScript(TestCaseExecutor.java:331)
	at com.kms.katalon.core.main.TestCaseExecutor.doExecute(TestCaseExecutor.java:322)
	at com.kms.katalon.core.main.TestCaseExecutor.processExecutionPhase(TestCaseExecutor.java:301)
	at com.kms.katalon.core.main.TestCaseExecutor.accessMainPhase(TestCaseExecutor.java:293)
	at com.kms.katalon.core.main.TestCaseExecutor.execute(TestCaseExecutor.java:227)
	at com.kms.katalon.core.main.TestSuiteExecutor.accessTestCaseMainPhase(TestSuiteExecutor.java:129)
	at com.kms.katalon.core.main.TestSuiteExecutor.accessTestSuiteMainPhase(TestSuiteExecutor.java:112)
	at com.kms.katalon.core.main.TestSuiteExecutor.execute(TestSuiteExecutor.java:81)
	at com.kms.katalon.core.main.TestCaseMain.startTestSuite(TestCaseMain.java:157)
	at com.kms.katalon.core.main.TestCaseMain$startTestSuite$0.call(Unknown Source)
	at TempTestSuite1556705678812.run(TempTestSuite1556705678812.groovy:35)
)

2019-05-01 13:16:52 - [MESSAGE][FAILED] - runFeatureFile("Include/features/Governance-Module/Add-Idea/020-Update-Draft-Idea.feature") FAILED.
Reason:
com.kms.katalon.core.exception.StepFailedException: Feature file 'Include/features/Governance-Module/Add-Idea/020-Update-Draft-Idea.feature' was failed
	at com.kms.katalon.core.keyword.internal.KeywordMain.stepFailed(KeywordMain.groovy:48)
	at com.kms.katalon.core.keyword.internal.KeywordMain.stepFailed(KeywordMain.groovy)
	at com.kms.katalon.core.keyword.internal.KeywordMain.stepFailed(KeywordMain.groovy:21)
	at com.kms.katalon.core.keyword.internal.KeywordMain$stepFailed$0.call(Unknown Source)
	at com.kms.katalon.core.cucumber.keyword.CucumberBuiltinKeywords$_runFeatureFile_closure1.doCall(CucumberBuiltinKeywords.groovy:82)
	at com.kms.katalon.core.cucumber.keyword.CucumberBuiltinKeywords$_runFeatureFile_closure1.doCall(CucumberBuiltinKeywords.groovy)
	at com.kms.katalon.core.keyword.internal.KeywordMain.runKeyword(KeywordMain.groovy:66)
	at com.kms.katalon.core.keyword.internal.KeywordMain$runKeyword.call(Unknown Source)
	at com.kms.katalon.core.cucumber.keyword.CucumberBuiltinKeywords.runFeatureFile(CucumberBuiltinKeywords.groovy:46)
	at com.kms.katalon.core.cucumber.keyword.CucumberBuiltinKeywords$runFeatureFile$0.callStatic(Unknown Source)
	at com.kms.katalon.core.cucumber.keyword.CucumberBuiltinKeywords.runFeatureFile(CucumberBuiltinKeywords.groovy:101)
	at com.kms.katalon.core.cucumber.keyword.CucumberBuiltinKeywords$runFeatureFile.call(Unknown Source)
	at 020-Update-Draft-Idea.run(020-Update-Draft-Idea:18)
	at com.kms.katalon.core.main.ScriptEngine.run(ScriptEngine.java:194)
	at com.kms.katalon.core.main.ScriptEngine.runScriptAsRawText(ScriptEngine.java:119)
	at com.kms.katalon.core.main.TestCaseExecutor.runScript(TestCaseExecutor.java:331)
	at com.kms.katalon.core.main.TestCaseExecutor.doExecute(TestCaseExecutor.java:322)
	at com.kms.katalon.core.main.TestCaseExecutor.processExecutionPhase(TestCaseExecutor.java:301)
	at com.kms.katalon.core.main.TestCaseExecutor.accessMainPhase(TestCaseExecutor.java:293)
	at com.kms.katalon.core.main.TestCaseExecutor.execute(TestCaseExecutor.java:227)
	at com.kms.katalon.core.main.TestSuiteExecutor.accessTestCaseMainPhase(TestSuiteExecutor.java:129)
	at com.kms.katalon.core.main.TestSuiteExecutor.accessTestSuiteMainPhase(TestSuiteExecutor.java:112)
	at com.kms.katalon.core.main.TestSuiteExecutor.execute(TestSuiteExecutor.java:81)
	at com.kms.katalon.core.main.TestCaseMain.startTestSuite(TestCaseMain.java:157)
	at com.kms.katalon.core.main.TestCaseMain$startTestSuite$0.call(Unknown Source)
	at TempTestSuite1556705678812.run(TempTestSuite1556705678812.groovy:35)]]></system-out>
         <system-err><![CDATA[2019-05-01 13:16:22 - [TEST_CASE][FAILED] - Test Cases/Main-Test-Cases/020-Update-Draft-Idea: Test Cases/Main-Test-Cases/020-Update-Draft-Idea FAILED.
Reason:
com.kms.katalon.core.exception.StepFailedException: Feature file 'Include/features/Governance-Module/Add-Idea/020-Update-Draft-Idea.feature' was failed
	at com.kms.katalon.core.keyword.internal.KeywordMain.stepFailed(KeywordMain.groovy:48)
	at com.kms.katalon.core.keyword.internal.KeywordMain.stepFailed(KeywordMain.groovy)
	at com.kms.katalon.core.keyword.internal.KeywordMain.stepFailed(KeywordMain.groovy:21)
	at com.kms.katalon.core.keyword.internal.KeywordMain$stepFailed$0.call(Unknown Source)
	at com.kms.katalon.core.cucumber.keyword.CucumberBuiltinKeywords$_runFeatureFile_closure1.doCall(CucumberBuiltinKeywords.groovy:82)
	at com.kms.katalon.core.cucumber.keyword.CucumberBuiltinKeywords$_runFeatureFile_closure1.doCall(CucumberBuiltinKeywords.groovy)
	at com.kms.katalon.core.keyword.internal.KeywordMain.runKeyword(KeywordMain.groovy:66)
	at com.kms.katalon.core.keyword.internal.KeywordMain$runKeyword.call(Unknown Source)
	at com.kms.katalon.core.cucumber.keyword.CucumberBuiltinKeywords.runFeatureFile(CucumberBuiltinKeywords.groovy:46)
	at com.kms.katalon.core.cucumber.keyword.CucumberBuiltinKeywords$runFeatureFile$0.callStatic(Unknown Source)
	at com.kms.katalon.core.cucumber.keyword.CucumberBuiltinKeywords.runFeatureFile(CucumberBuiltinKeywords.groovy:101)
	at com.kms.katalon.core.cucumber.keyword.CucumberBuiltinKeywords$runFeatureFile.call(Unknown Source)
	at 020-Update-Draft-Idea.run(020-Update-Draft-Idea:18)
	at com.kms.katalon.core.main.ScriptEngine.run(ScriptEngine.java:194)
	at com.kms.katalon.core.main.ScriptEngine.runScriptAsRawText(ScriptEngine.java:119)
	at com.kms.katalon.core.main.TestCaseExecutor.runScript(TestCaseExecutor.java:331)
	at com.kms.katalon.core.main.TestCaseExecutor.doExecute(TestCaseExecutor.java:322)
	at com.kms.katalon.core.main.TestCaseExecutor.processExecutionPhase(TestCaseExecutor.java:301)
	at com.kms.katalon.core.main.TestCaseExecutor.accessMainPhase(TestCaseExecutor.java:293)
	at com.kms.katalon.core.main.TestCaseExecutor.execute(TestCaseExecutor.java:227)
	at com.kms.katalon.core.main.TestSuiteExecutor.accessTestCaseMainPhase(TestSuiteExecutor.java:129)
	at com.kms.katalon.core.main.TestSuiteExecutor.accessTestSuiteMainPhase(TestSuiteExecutor.java:112)
	at com.kms.katalon.core.main.TestSuiteExecutor.execute(TestSuiteExecutor.java:81)
	at com.kms.katalon.core.main.TestCaseMain.startTestSuite(TestCaseMain.java:157)
	at com.kms.katalon.core.main.TestCaseMain$startTestSuite$0.call(Unknown Source)
	at TempTestSuite1556705678812.run(TempTestSuite1556705678812.groovy:35)]]></system-err>
      </testcase>
      <testcase name="Test Cases/Main-Test-Cases/021-Verify-Ideas-List-and-Idea-Details-Pages" classname="Test Cases/Main-Test-Cases/021-Verify-Ideas-List-and-Idea-Details-Pages" status="PASSED">
         <system-out><![CDATA[2019-05-01 13:16:52 - [TEST_CASE][PASSED] - Test Cases/Main-Test-Cases/021-Verify-Ideas-List-and-Idea-Details-Pages: Test Cases/Main-Test-Cases/021-Verify-Ideas-List-and-Idea-Details-Pages

2019-05-01 13:16:52 - [TEST_STEP][PASSED] - runFeatureFile("Include/features/Governance-Module/Add-Idea/021-Verify-Ideas-List-and-Idea-Details-Pages.feature"): Feature file: 'Include/features/Governance-Module/Add-Idea/021-Verify-Ideas-List-and-Idea-Details-Pages.feature' was passed

2019-05-01 13:16:52 - [MESSAGE][INFO] - Starting run keyword runFeatureFile: 'Include/features/Governance-Module/Add-Idea/021-Verify-Ideas-List-and-Idea-Details-Pages.feature' and extract report to folder: 'C:\Users\HP\git\PMO-Web-Application\Reports\First-Test-Suite\20190501_131438/cucumber_report/1556705812150'...

2019-05-01 13:16:52 - [TEST_CASE][PASSED] - Start Test Case : SCENARIO Verify Ideas List page: SCENARIO Verify Ideas List page

2019-05-01 13:16:52 - [TEST_STEP][PASSED] - I want to open browser: I want to open browser

2019-05-01 13:16:52 - [MESSAGE][WARNING] - A browser is already opened. Closing browser and opening a new one

2019-05-01 13:16:52 - [MESSAGE][INFO] - Starting 'Chrome' driver

2019-05-01 13:16:54 - [MESSAGE][PASSED] - Browser is opened with url: ''

2019-05-01 13:16:55 - [MESSAGE][PASSED] - Delete all cookies successfully

2019-05-01 13:16:55 - [MESSAGE][PASSED] - I want to open browser

2019-05-01 13:16:55 - [TEST_STEP][PASSED] - I want to maximize window: I want to maximize window

2019-05-01 13:16:56 - [MESSAGE][PASSED] - Current window maximized

2019-05-01 13:16:56 - [MESSAGE][PASSED] - I want to maximize window

2019-05-01 13:16:56 - [TEST_STEP][PASSED] - I want to go to OOB: I want to go to OOB

2019-05-01 13:17:05 - [MESSAGE][PASSED] - Navigate to 'https://pmoadmin:P@ssw0rd@dev5.cloudapp.net/OOB2/' successfully

2019-05-01 13:17:05 - [MESSAGE][PASSED] - I want to go to OOB

2019-05-01 13:17:05 - [TEST_STEP][PASSED] - I want to verify I'm in OOB main page: I want to verify I'm in OOB main page

2019-05-01 13:17:05 - [MESSAGE][WARNING] - Timeout '0' is invalid. Using default page load timeout: '30'

2019-05-01 13:17:05 - [MESSAGE][PASSED] - Object 'Object Repository/OOBObjects/HomepageObjects/OOBSideBar' is present

2019-05-01 13:17:05 - [MESSAGE][PASSED] - I want to verify I'm in OOB main page

2019-05-01 13:17:05 - [TEST_STEP][PASSED] - I want to go to ideas list page: I want to go to ideas list page

2019-05-01 13:17:09 - [MESSAGE][PASSED] - Object: 'Object Repository/OOBObjects/HomepageObjects/IdeasList' is clicked on

2019-05-01 13:17:09 - [MESSAGE][PASSED] - I want to go to ideas list page

2019-05-01 13:17:09 - [TEST_STEP][PASSED] - I want to verify Ideas List page: I want to verify Ideas List page

2019-05-01 13:17:09 - [MESSAGE][WARNING] - Timeout '0' is invalid. Using default page load timeout: '30'

2019-05-01 13:17:09 - [MESSAGE][PASSED] - Object 'Object Repository/OOBObjects/IdeasListObjects/IdeaNameColumn' is present

2019-05-01 13:17:09 - [MESSAGE][WARNING] - Timeout '0' is invalid. Using default page load timeout: '30'

2019-05-01 13:17:09 - [MESSAGE][PASSED] - Object 'Object Repository/OOBObjects/IdeasListObjects/ExpectedBudgetColumn' is present

2019-05-01 13:17:09 - [MESSAGE][WARNING] - Timeout '0' is invalid. Using default page load timeout: '30'

2019-05-01 13:17:09 - [MESSAGE][PASSED] - Object 'Object Repository/OOBObjects/IdeasListObjects/StatusColumn' is present

2019-05-01 13:17:09 - [MESSAGE][WARNING] - Timeout '0' is invalid. Using default page load timeout: '30'

2019-05-01 13:17:09 - [MESSAGE][PASSED] - Object 'Object Repository/OOBObjects/IdeasListObjects/ActionsColumn' is present

2019-05-01 13:17:09 - [MESSAGE][WARNING] - Timeout '0' is invalid. Using default page load timeout: '30'

2019-05-01 13:17:09 - [MESSAGE][PASSED] - Object 'Object Repository/OOBObjects/IdeasListObjects/SearchSectionIdeasList' is present

2019-05-01 13:17:09 - [MESSAGE][PASSED] - Object 'Object Repository/OOBObjects/IdeasListObjects/IdeaNameInIdeasList' is clickable

2019-05-01 13:17:09 - [MESSAGE][PASSED] - I want to verify Ideas List page

2019-05-01 13:17:09 - [TEST_STEP][PASSED] - I want to verify idea details page: I want to verify idea details page

2019-05-01 13:17:11 - [MESSAGE][PASSED] - Object: 'Object Repository/OOBObjects/IdeasListObjects/IdeaNameInIdeasList' is clicked on

2019-05-01 13:17:11 - [MESSAGE][WARNING] - Timeout '0' is invalid. Using default page load timeout: '30'

2019-05-01 13:17:11 - [MESSAGE][PASSED] - Object 'Object Repository/OOBObjects/IdeasListObjects/IdeaDetailsSection' is present

2019-05-01 13:17:11 - [MESSAGE][PASSED] - I want to verify idea details page

2019-05-01 13:17:11 - [TEST_STEP][PASSED] - I want to close browser: I want to close browser

2019-05-01 13:17:12 - [MESSAGE][PASSED] - Browser is closed

2019-05-01 13:17:12 - [MESSAGE][PASSED] - I want to close browser

2019-05-01 13:17:12 - [MESSAGE][PASSED] - Feature file: 'Include/features/Governance-Module/Add-Idea/021-Verify-Ideas-List-and-Idea-Details-Pages.feature' was passed]]></system-out>
         <system-err><![CDATA[]]></system-err>
      </testcase>
      <testcase name="Test Cases/Main-Test-Cases/022-Search-for-Idea-in-idea-center" classname="Test Cases/Main-Test-Cases/022-Search-for-Idea-in-idea-center" status="PASSED">
         <system-out><![CDATA[2019-05-01 13:17:12 - [TEST_CASE][PASSED] - Test Cases/Main-Test-Cases/022-Search-for-Idea-in-idea-center: Test Cases/Main-Test-Cases/022-Search-for-Idea-in-idea-center

2019-05-01 13:17:12 - [TEST_STEP][PASSED] - runFeatureFile("Include/features/Governance-Module/Add-Idea/022-Search-for-Idea-in-idea-center.feature"): Feature file: 'Include/features/Governance-Module/Add-Idea/022-Search-for-Idea-in-idea-center.feature' was passed

2019-05-01 13:17:12 - [MESSAGE][INFO] - Starting run keyword runFeatureFile: 'Include/features/Governance-Module/Add-Idea/022-Search-for-Idea-in-idea-center.feature' and extract report to folder: 'C:\Users\HP\git\PMO-Web-Application\Reports\First-Test-Suite\20190501_131438/cucumber_report/1556705832230'...

2019-05-01 13:17:12 - [TEST_CASE][PASSED] - Start Test Case : SCENARIO Search for Idea in idea center: SCENARIO Search for Idea in idea center

2019-05-01 13:17:12 - [TEST_STEP][PASSED] - I want to open browser: I want to open browser

2019-05-01 13:17:12 - [MESSAGE][INFO] - Starting 'Chrome' driver

2019-05-01 13:17:14 - [MESSAGE][PASSED] - Browser is opened with url: ''

2019-05-01 13:17:14 - [MESSAGE][PASSED] - Delete all cookies successfully

2019-05-01 13:17:14 - [MESSAGE][PASSED] - I want to open browser

2019-05-01 13:17:14 - [TEST_STEP][PASSED] - I want to maximize window: I want to maximize window

2019-05-01 13:17:15 - [MESSAGE][PASSED] - Current window maximized

2019-05-01 13:17:15 - [MESSAGE][PASSED] - I want to maximize window

2019-05-01 13:17:15 - [TEST_STEP][PASSED] - I want to go to OOB: I want to go to OOB

2019-05-01 13:17:25 - [MESSAGE][PASSED] - Navigate to 'https://pmoadmin:P@ssw0rd@dev5.cloudapp.net/OOB2/' successfully

2019-05-01 13:17:25 - [MESSAGE][PASSED] - I want to go to OOB

2019-05-01 13:17:25 - [TEST_STEP][PASSED] - I want to verify I'm in OOB main page: I want to verify I'm in OOB main page

2019-05-01 13:17:25 - [MESSAGE][WARNING] - Timeout '0' is invalid. Using default page load timeout: '30'

2019-05-01 13:17:25 - [MESSAGE][PASSED] - Object 'Object Repository/OOBObjects/HomepageObjects/OOBSideBar' is present

2019-05-01 13:17:25 - [MESSAGE][PASSED] - I want to verify I'm in OOB main page

2019-05-01 13:17:25 - [TEST_STEP][PASSED] - I want to go to ideas list page: I want to go to ideas list page

2019-05-01 13:17:30 - [MESSAGE][PASSED] - Object: 'Object Repository/OOBObjects/HomepageObjects/IdeasList' is clicked on

2019-05-01 13:17:30 - [MESSAGE][PASSED] - I want to go to ideas list page

2019-05-01 13:17:30 - [TEST_STEP][PASSED] - I want to click on Add New button: I want to click on Add New button

2019-05-01 13:17:32 - [MESSAGE][PASSED] - Object: 'Object Repository/OOBObjects/IdeasListObjects/AddNewIdeaButton' is clicked on

2019-05-01 13:17:32 - [MESSAGE][PASSED] - I want to click on Add New button

2019-05-01 13:17:32 - [TEST_STEP][PASSED] - I want to fill idea name field: I want to fill idea name field

2019-05-01 13:17:32 - [MESSAGE][PASSED] - Text 'Automation521' is set on object 'Object Repository/OOBObjects/IdeasListObjects/Idea-Name-Field'

2019-05-01 13:17:32 - [MESSAGE][PASSED] - I want to fill idea name field

2019-05-01 13:17:32 - [TEST_STEP][PASSED] - I want to select expected start date: I want to select expected start date

2019-05-01 13:17:32 - [MESSAGE][PASSED] - Object: 'Object Repository/OOBObjects/IdeasListObjects//GREGORIAN-Start-date-Check-Box' is clicked on

2019-05-01 13:17:32 - [MESSAGE][PASSED] - Object: 'Object Repository/OOBObjects/IdeasListObjects//Excepted-Start-Date' is clicked on

2019-05-01 13:17:32 - [MESSAGE][PASSED] - All options with index in [5] are selected on object 'Object Repository/OOBObjects/IdeasListObjects/StartDateMonthDropDwon'

2019-05-01 13:17:32 - [MESSAGE][PASSED] - Object: 'Object Repository/OOBObjects/IdeasListObjects//Day26' is hovered

2019-05-01 13:17:32 - [MESSAGE][PASSED] - Object: 'Object Repository/OOBObjects/IdeasListObjects//Day26' is clicked on

2019-05-01 13:17:32 - [MESSAGE][PASSED] - I want to select expected start date

2019-05-01 13:17:32 - [TEST_STEP][PASSED] - I want to select expected end date: I want to select expected end date

2019-05-01 13:17:32 - [MESSAGE][PASSED] - Object 'Object Repository/OOBObjects/IdeasListObjects/GREGORIAN-End-Date-Check-Box' is visible

2019-05-01 13:17:32 - [MESSAGE][PASSED] - Object: 'Object Repository/OOBObjects/IdeasListObjects/GREGORIAN-End-Date-Check-Box' is clicked on

2019-05-01 13:17:34 - [MESSAGE][PASSED] - Delayed 2 second(s)

2019-05-01 13:17:34 - [MESSAGE][PASSED] - Object: 'Object Repository/OOBObjects/IdeasListObjects/Excpected-End-Date' is hovered

2019-05-01 13:17:34 - [MESSAGE][PASSED] - Object: 'Object Repository/OOBObjects/IdeasListObjects/Excpected-End-Date' is clicked on

2019-05-01 13:17:34 - [MESSAGE][PASSED] - All options with index in [6] are selected on object 'Object Repository/OOBObjects/IdeasListObjects/EndDateMonthDropdown'

2019-05-01 13:17:34 - [MESSAGE][PASSED] - Object: 'Object Repository/OOBObjects/IdeasListObjects/EndDateDay15' is hovered

2019-05-01 13:17:34 - [MESSAGE][PASSED] - Object: 'Object Repository/OOBObjects/IdeasListObjects/EndDateDay15' is clicked on

2019-05-01 13:17:34 - [MESSAGE][PASSED] - I want to select expected end date

2019-05-01 13:17:34 - [TEST_STEP][PASSED] - I want to fill idea objective field: I want to fill idea objective field

2019-05-01 13:17:35 - [MESSAGE][PASSED] - Text 'Automation' is set on object 'Object Repository/OOBObjects/IdeasListObjects/Idea-Objective-Field'

2019-05-01 13:17:35 - [MESSAGE][PASSED] - I want to fill idea objective field

2019-05-01 13:17:35 - [TEST_STEP][PASSED] - I want to fill expected budget field: I want to fill expected budget field

2019-05-01 13:17:35 - [MESSAGE][PASSED] - Text '10000' is set on object 'Object Repository/OOBObjects/IdeasListObjects/Expected-Budget-Field'

2019-05-01 13:17:35 - [MESSAGE][PASSED] - I want to fill expected budget field

2019-05-01 13:17:35 - [TEST_STEP][PASSED] - I want to fill Notes field: I want to fill Notes field

2019-05-01 13:17:35 - [MESSAGE][PASSED] - Text 'test note' is set on object 'Object Repository/OOBObjects/IdeasListObjects/Notes-Field'

2019-05-01 13:17:35 - [MESSAGE][PASSED] - I want to fill Notes field

2019-05-01 13:17:35 - [TEST_STEP][PASSED] - I want to click send idea button: I want to click send idea button

2019-05-01 13:17:40 - [MESSAGE][PASSED] - Delayed 5 second(s)

2019-05-01 13:17:40 - [MESSAGE][WARNING] - Timeout '0' is invalid. Using default page load timeout: '30'

2019-05-01 13:17:40 - [MESSAGE][PASSED] - Scroll to object 'Object Repository/OOBObjects/IdeasListObjects/CardBlock' successfully

2019-05-01 13:17:40 - [MESSAGE][PASSED] - Object: 'Object Repository/OOBObjects/IdeasListObjects/SendIdeaButton' is clicked on

2019-05-01 13:17:40 - [MESSAGE][PASSED] - I want to click send idea button

2019-05-01 13:17:40 - [TEST_STEP][PASSED] - I want to search for idea by idea name: I want to search for idea by idea name

2019-05-01 13:17:42 - [MESSAGE][PASSED] - Text 'Automation521' is set on object 'Object Repository/OOBObjects/IdeasListObjects/SearchField'

2019-05-01 13:17:43 - [MESSAGE][PASSED] - Actual text and expected text of test object 'Object Repository/OOBObjects/IdeasListObjects/SearchResult' are matched.

2019-05-01 13:17:43 - [MESSAGE][PASSED] - I want to search for idea by idea name

2019-05-01 13:17:43 - [TEST_STEP][PASSED] - I want to close browser: I want to close browser

2019-05-01 13:17:44 - [MESSAGE][PASSED] - Browser is closed

2019-05-01 13:17:44 - [MESSAGE][PASSED] - I want to close browser

2019-05-01 13:17:44 - [MESSAGE][PASSED] - Feature file: 'Include/features/Governance-Module/Add-Idea/022-Search-for-Idea-in-idea-center.feature' was passed]]></system-out>
         <system-err><![CDATA[]]></system-err>
      </testcase>
      <testcase name="Test Cases/Main-Test-Cases/026-Verify-Execute-Idea-form" classname="Test Cases/Main-Test-Cases/026-Verify-Execute-Idea-form" status="FAILED">
         <failure type="FAILED" message="Test Cases/Main-Test-Cases/026-Verify-Execute-Idea-form FAILED.
Reason:
com.kms.katalon.core.exception.StepFailedException: Feature file 'Include/features/Governance-Module/Add-Idea/026-Verify-Execute-Idea-form.feature' was failed
	at com.kms.katalon.core.keyword.internal.KeywordMain.stepFailed(KeywordMain.groovy:48)
	at com.kms.katalon.core.keyword.internal.KeywordMain.stepFailed(KeywordMain.groovy)
	at com.kms.katalon.core.keyword.internal.KeywordMain.stepFailed(KeywordMain.groovy:21)
	at com.kms.katalon.core.keyword.internal.KeywordMain$stepFailed$0.call(Unknown Source)
	at com.kms.katalon.core.cucumber.keyword.CucumberBuiltinKeywords$_runFeatureFile_closure1.doCall(CucumberBuiltinKeywords.groovy:82)
	at com.kms.katalon.core.cucumber.keyword.CucumberBuiltinKeywords$_runFeatureFile_closure1.doCall(CucumberBuiltinKeywords.groovy)
	at com.kms.katalon.core.keyword.internal.KeywordMain.runKeyword(KeywordMain.groovy:66)
	at com.kms.katalon.core.keyword.internal.KeywordMain$runKeyword.call(Unknown Source)
	at com.kms.katalon.core.cucumber.keyword.CucumberBuiltinKeywords.runFeatureFile(CucumberBuiltinKeywords.groovy:46)
	at com.kms.katalon.core.cucumber.keyword.CucumberBuiltinKeywords$runFeatureFile$0.callStatic(Unknown Source)
	at com.kms.katalon.core.cucumber.keyword.CucumberBuiltinKeywords.runFeatureFile(CucumberBuiltinKeywords.groovy:101)
	at com.kms.katalon.core.cucumber.keyword.CucumberBuiltinKeywords$runFeatureFile.call(Unknown Source)
	at 026-Verify-Execute-Idea-form.run(026-Verify-Execute-Idea-form:18)
	at com.kms.katalon.core.main.ScriptEngine.run(ScriptEngine.java:194)
	at com.kms.katalon.core.main.ScriptEngine.runScriptAsRawText(ScriptEngine.java:119)
	at com.kms.katalon.core.main.TestCaseExecutor.runScript(TestCaseExecutor.java:331)
	at com.kms.katalon.core.main.TestCaseExecutor.doExecute(TestCaseExecutor.java:322)
	at com.kms.katalon.core.main.TestCaseExecutor.processExecutionPhase(TestCaseExecutor.java:301)
	at com.kms.katalon.core.main.TestCaseExecutor.accessMainPhase(TestCaseExecutor.java:293)
	at com.kms.katalon.core.main.TestCaseExecutor.execute(TestCaseExecutor.java:227)
	at com.kms.katalon.core.main.TestSuiteExecutor.accessTestCaseMainPhase(TestSuiteExecutor.java:129)
	at com.kms.katalon.core.main.TestSuiteExecutor.accessTestSuiteMainPhase(TestSuiteExecutor.java:112)
	at com.kms.katalon.core.main.TestSuiteExecutor.execute(TestSuiteExecutor.java:81)
	at com.kms.katalon.core.main.TestCaseMain.startTestSuite(TestCaseMain.java:157)
	at com.kms.katalon.core.main.TestCaseMain$startTestSuite$0.call(Unknown Source)
	at TempTestSuite1556705678812.run(TempTestSuite1556705678812.groovy:35)
"/>
         <system-out><![CDATA[2019-05-01 13:17:44 - [TEST_CASE][FAILED] - Test Cases/Main-Test-Cases/026-Verify-Execute-Idea-form: Test Cases/Main-Test-Cases/026-Verify-Execute-Idea-form FAILED.
Reason:
com.kms.katalon.core.exception.StepFailedException: Feature file 'Include/features/Governance-Module/Add-Idea/026-Verify-Execute-Idea-form.feature' was failed
	at com.kms.katalon.core.keyword.internal.KeywordMain.stepFailed(KeywordMain.groovy:48)
	at com.kms.katalon.core.keyword.internal.KeywordMain.stepFailed(KeywordMain.groovy)
	at com.kms.katalon.core.keyword.internal.KeywordMain.stepFailed(KeywordMain.groovy:21)
	at com.kms.katalon.core.keyword.internal.KeywordMain$stepFailed$0.call(Unknown Source)
	at com.kms.katalon.core.cucumber.keyword.CucumberBuiltinKeywords$_runFeatureFile_closure1.doCall(CucumberBuiltinKeywords.groovy:82)
	at com.kms.katalon.core.cucumber.keyword.CucumberBuiltinKeywords$_runFeatureFile_closure1.doCall(CucumberBuiltinKeywords.groovy)
	at com.kms.katalon.core.keyword.internal.KeywordMain.runKeyword(KeywordMain.groovy:66)
	at com.kms.katalon.core.keyword.internal.KeywordMain$runKeyword.call(Unknown Source)
	at com.kms.katalon.core.cucumber.keyword.CucumberBuiltinKeywords.runFeatureFile(CucumberBuiltinKeywords.groovy:46)
	at com.kms.katalon.core.cucumber.keyword.CucumberBuiltinKeywords$runFeatureFile$0.callStatic(Unknown Source)
	at com.kms.katalon.core.cucumber.keyword.CucumberBuiltinKeywords.runFeatureFile(CucumberBuiltinKeywords.groovy:101)
	at com.kms.katalon.core.cucumber.keyword.CucumberBuiltinKeywords$runFeatureFile.call(Unknown Source)
	at 026-Verify-Execute-Idea-form.run(026-Verify-Execute-Idea-form:18)
	at com.kms.katalon.core.main.ScriptEngine.run(ScriptEngine.java:194)
	at com.kms.katalon.core.main.ScriptEngine.runScriptAsRawText(ScriptEngine.java:119)
	at com.kms.katalon.core.main.TestCaseExecutor.runScript(TestCaseExecutor.java:331)
	at com.kms.katalon.core.main.TestCaseExecutor.doExecute(TestCaseExecutor.java:322)
	at com.kms.katalon.core.main.TestCaseExecutor.processExecutionPhase(TestCaseExecutor.java:301)
	at com.kms.katalon.core.main.TestCaseExecutor.accessMainPhase(TestCaseExecutor.java:293)
	at com.kms.katalon.core.main.TestCaseExecutor.execute(TestCaseExecutor.java:227)
	at com.kms.katalon.core.main.TestSuiteExecutor.accessTestCaseMainPhase(TestSuiteExecutor.java:129)
	at com.kms.katalon.core.main.TestSuiteExecutor.accessTestSuiteMainPhase(TestSuiteExecutor.java:112)
	at com.kms.katalon.core.main.TestSuiteExecutor.execute(TestSuiteExecutor.java:81)
	at com.kms.katalon.core.main.TestCaseMain.startTestSuite(TestCaseMain.java:157)
	at com.kms.katalon.core.main.TestCaseMain$startTestSuite$0.call(Unknown Source)
	at TempTestSuite1556705678812.run(TempTestSuite1556705678812.groovy:35)


2019-05-01 13:17:44 - [TEST_STEP][FAILED] - runFeatureFile("Include/features/Governance-Module/Add-Idea/026-Verify-Execute-Idea-form.feature"): runFeatureFile("Include/features/Governance-Module/Add-Idea/026-Verify-Execute-Idea-form.feature") FAILED.
Reason:
com.kms.katalon.core.exception.StepFailedException: Feature file 'Include/features/Governance-Module/Add-Idea/026-Verify-Execute-Idea-form.feature' was failed
	at com.kms.katalon.core.keyword.internal.KeywordMain.stepFailed(KeywordMain.groovy:48)
	at com.kms.katalon.core.keyword.internal.KeywordMain.stepFailed(KeywordMain.groovy)
	at com.kms.katalon.core.keyword.internal.KeywordMain.stepFailed(KeywordMain.groovy:21)
	at com.kms.katalon.core.keyword.internal.KeywordMain$stepFailed$0.call(Unknown Source)
	at com.kms.katalon.core.cucumber.keyword.CucumberBuiltinKeywords$_runFeatureFile_closure1.doCall(CucumberBuiltinKeywords.groovy:82)
	at com.kms.katalon.core.cucumber.keyword.CucumberBuiltinKeywords$_runFeatureFile_closure1.doCall(CucumberBuiltinKeywords.groovy)
	at com.kms.katalon.core.keyword.internal.KeywordMain.runKeyword(KeywordMain.groovy:66)
	at com.kms.katalon.core.keyword.internal.KeywordMain$runKeyword.call(Unknown Source)
	at com.kms.katalon.core.cucumber.keyword.CucumberBuiltinKeywords.runFeatureFile(CucumberBuiltinKeywords.groovy:46)
	at com.kms.katalon.core.cucumber.keyword.CucumberBuiltinKeywords$runFeatureFile$0.callStatic(Unknown Source)
	at com.kms.katalon.core.cucumber.keyword.CucumberBuiltinKeywords.runFeatureFile(CucumberBuiltinKeywords.groovy:101)
	at com.kms.katalon.core.cucumber.keyword.CucumberBuiltinKeywords$runFeatureFile.call(Unknown Source)
	at 026-Verify-Execute-Idea-form.run(026-Verify-Execute-Idea-form:18)
	at com.kms.katalon.core.main.ScriptEngine.run(ScriptEngine.java:194)
	at com.kms.katalon.core.main.ScriptEngine.runScriptAsRawText(ScriptEngine.java:119)
	at com.kms.katalon.core.main.TestCaseExecutor.runScript(TestCaseExecutor.java:331)
	at com.kms.katalon.core.main.TestCaseExecutor.doExecute(TestCaseExecutor.java:322)
	at com.kms.katalon.core.main.TestCaseExecutor.processExecutionPhase(TestCaseExecutor.java:301)
	at com.kms.katalon.core.main.TestCaseExecutor.accessMainPhase(TestCaseExecutor.java:293)
	at com.kms.katalon.core.main.TestCaseExecutor.execute(TestCaseExecutor.java:227)
	at com.kms.katalon.core.main.TestSuiteExecutor.accessTestCaseMainPhase(TestSuiteExecutor.java:129)
	at com.kms.katalon.core.main.TestSuiteExecutor.accessTestSuiteMainPhase(TestSuiteExecutor.java:112)
	at com.kms.katalon.core.main.TestSuiteExecutor.execute(TestSuiteExecutor.java:81)
	at com.kms.katalon.core.main.TestCaseMain.startTestSuite(TestCaseMain.java:157)
	at com.kms.katalon.core.main.TestCaseMain$startTestSuite$0.call(Unknown Source)
	at TempTestSuite1556705678812.run(TempTestSuite1556705678812.groovy:35)


2019-05-01 13:17:44 - [MESSAGE][INFO] - Starting run keyword runFeatureFile: 'Include/features/Governance-Module/Add-Idea/026-Verify-Execute-Idea-form.feature' and extract report to folder: 'C:\Users\HP\git\PMO-Web-Application\Reports\First-Test-Suite\20190501_131438/cucumber_report/1556705864252'...

2019-05-01 13:17:44 - [TEST_CASE][FAILED] - Start Test Case : SCENARIO Verify execute idea form: SCENARIO Verify execute idea form FAILED.
Reason:
com.kms.katalon.core.exception.StepFailedException: Verify element text of test object 'Object Repository/OOBObjects/ApprovedIdeasListObjects/IdeaNameLinkInApprovedIdeasList' FAILED.
	at com.kms.katalon.core.webui.keyword.internal.WebUIKeywordMain.stepFailed(WebUIKeywordMain.groovy:64)
	at com.kms.katalon.core.webui.keyword.internal.WebUIKeywordMain.runKeyword(WebUIKeywordMain.groovy:26)
	at com.kms.katalon.core.webui.keyword.builtin.VerifyElementTextKeyword.verifyElementText(VerifyElementTextKeyword.groovy:72)
	at com.kms.katalon.core.webui.keyword.builtin.VerifyElementTextKeyword.execute(VerifyElementTextKeyword.groovy:40)
	at com.kms.katalon.core.keyword.internal.KeywordExecutor.executeKeywordForPlatform(KeywordExecutor.groovy:56)
	at com.kms.katalon.core.webui.keyword.WebUiBuiltInKeywords.verifyElementText(WebUiBuiltInKeywords.groovy:3663)
	at com.kms.katalon.core.webui.keyword.WebUiBuiltInKeywords$verifyElementText$13.call(Unknown Source)
	at com.pmo.steps.AddIdeaSteps.searchForApprovedIdeaByName(AddIdeaSteps.groovy:128)
	at ✽.I want to search for approved idea by name(C:/Users/HP/git/PMO-Web-Application/Include/features/Governance-Module/Add-Idea/026-Verify-Execute-Idea-form.feature:24)
Caused by: com.kms.katalon.core.exception.StepFailedException: com.kms.katalon.core.webui.exception.WebElementNotFoundException: Web element with id: 'Object Repository/OOBObjects/ApprovedIdeasListObjects/IdeaNameLinkInApprovedIdeasList' located by 'By.xpath: //table[@id='ideasTable']/tbody/tr/td/a' not found
	at com.kms.katalon.core.webui.keyword.internal.WebUIKeywordMain.stepFailed(WebUIKeywordMain.groovy:64)
	at com.kms.katalon.core.webui.keyword.builtin.VerifyElementTextKeyword$_verifyElementText_closure1.doCall(VerifyElementTextKeyword.groovy:64)
	at com.kms.katalon.core.webui.keyword.builtin.VerifyElementTextKeyword$_verifyElementText_closure1.call(VerifyElementTextKeyword.groovy)
	at com.kms.katalon.core.webui.keyword.internal.WebUIKeywordMain.runKeyword(WebUIKeywordMain.groovy:20)
	at com.kms.katalon.core.webui.keyword.builtin.VerifyElementTextKeyword.verifyElementText(VerifyElementTextKeyword.groovy:72)
	at com.kms.katalon.core.webui.keyword.builtin.VerifyElementTextKeyword.execute(VerifyElementTextKeyword.groovy:40)
	at com.kms.katalon.core.keyword.internal.KeywordExecutor.executeKeywordForPlatform(KeywordExecutor.groovy:56)
	at com.kms.katalon.core.webui.keyword.WebUiBuiltInKeywords.verifyElementText(WebUiBuiltInKeywords.groovy:3663)
	at com.kms.katalon.core.webui.keyword.WebUiBuiltInKeywords$verifyElementText$13.call(Unknown Source)
	at com.pmo.steps.AddIdeaSteps.searchForApprovedIdeaByName(AddIdeaSteps.groovy:128)
	at cucumber.runtime.Utils$1.call(Utils.java:26)
	at cucumber.runtime.Timeout.timeout(Timeout.java:16)
	at cucumber.runtime.Utils.invoke(Utils.java:20)
	at cucumber.runtime.java.JavaStepDefinition.execute(JavaStepDefinition.java:48)
	at cucumber.runtime.PickleStepDefinitionMatch.runStep(PickleStepDefinitionMatch.java:50)
	at cucumber.runner.TestStep.executeStep(TestStep.java:55)
	at cucumber.runner.TestStep.run(TestStep.java:42)
	at cucumber.runner.PickleStepTestStep.run(PickleStepTestStep.java:53)
	at cucumber.runner.TestCase.run(TestCase.java:47)
	at cucumber.runner.Runner.runPickle(Runner.java:44)
	at cucumber.runtime.Runtime.runFeature(Runtime.java:120)
	at cucumber.runtime.Runtime.run(Runtime.java:106)
	at cucumber.api.cli.Main.run(Main.java:35)
	at cucumber.api.cli.Main$run.call(Unknown Source)
	at com.kms.katalon.core.cucumber.keyword.CucumberBuiltinKeywords$_runFeatureFile_closure1.doCall(CucumberBuiltinKeywords.groovy:76)
	at com.kms.katalon.core.cucumber.keyword.CucumberBuiltinKeywords$_runFeatureFile_closure1.doCall(CucumberBuiltinKeywords.groovy)
	at com.kms.katalon.core.keyword.internal.KeywordMain.runKeyword(KeywordMain.groovy:66)
	at com.kms.katalon.core.keyword.internal.KeywordMain$runKeyword.call(Unknown Source)
	at com.kms.katalon.core.cucumber.keyword.CucumberBuiltinKeywords.runFeatureFile(CucumberBuiltinKeywords.groovy:46)
	at com.kms.katalon.core.cucumber.keyword.CucumberBuiltinKeywords$runFeatureFile$0.callStatic(Unknown Source)
	at com.kms.katalon.core.cucumber.keyword.CucumberBuiltinKeywords.runFeatureFile(CucumberBuiltinKeywords.groovy:101)
	at com.kms.katalon.core.cucumber.keyword.CucumberBuiltinKeywords$runFeatureFile.call(Unknown Source)
	at 026-Verify-Execute-Idea-form.run(026-Verify-Execute-Idea-form:18)
	at com.kms.katalon.core.main.ScriptEngine.run(ScriptEngine.java:194)
	at com.kms.katalon.core.main.ScriptEngine.runScriptAsRawText(ScriptEngine.java:119)
	at com.kms.katalon.core.main.TestCaseExecutor.runScript(TestCaseExecutor.java:331)
	at com.kms.katalon.core.main.TestCaseExecutor.doExecute(TestCaseExecutor.java:322)
	at com.kms.katalon.core.main.TestCaseExecutor.processExecutionPhase(TestCaseExecutor.java:301)
	at com.kms.katalon.core.main.TestCaseExecutor.accessMainPhase(TestCaseExecutor.java:293)
	at com.kms.katalon.core.main.TestCaseExecutor.execute(TestCaseExecutor.java:227)
	at com.kms.katalon.core.main.TestSuiteExecutor.accessTestCaseMainPhase(TestSuiteExecutor.java:129)
	at com.kms.katalon.core.main.TestSuiteExecutor.accessTestSuiteMainPhase(TestSuiteExecutor.java:112)
	at com.kms.katalon.core.main.TestSuiteExecutor.execute(TestSuiteExecutor.java:81)
	at com.kms.katalon.core.main.TestCaseMain.startTestSuite(TestCaseMain.java:157)
	at com.kms.katalon.core.main.TestCaseMain$startTestSuite$0.call(Unknown Source)
	at TempTestSuite1556705678812.run(TempTestSuite1556705678812.groovy:35)


2019-05-01 13:17:44 - [TEST_STEP][PASSED] - I want to open browser: I want to open browser

2019-05-01 13:17:44 - [MESSAGE][INFO] - Starting 'Chrome' driver

2019-05-01 13:17:46 - [MESSAGE][PASSED] - Browser is opened with url: ''

2019-05-01 13:17:46 - [MESSAGE][PASSED] - Delete all cookies successfully

2019-05-01 13:17:46 - [MESSAGE][PASSED] - I want to open browser

2019-05-01 13:17:46 - [TEST_STEP][PASSED] - I want to maximize window: I want to maximize window

2019-05-01 13:17:47 - [MESSAGE][PASSED] - Current window maximized

2019-05-01 13:17:47 - [MESSAGE][PASSED] - I want to maximize window

2019-05-01 13:17:47 - [TEST_STEP][PASSED] - I want to go to OOB: I want to go to OOB

2019-05-01 13:17:56 - [MESSAGE][PASSED] - Navigate to 'https://pmoadmin:P@ssw0rd@dev5.cloudapp.net/OOB2/' successfully

2019-05-01 13:17:56 - [MESSAGE][PASSED] - I want to go to OOB

2019-05-01 13:17:56 - [TEST_STEP][PASSED] - I want to verify I'm in OOB main page: I want to verify I'm in OOB main page

2019-05-01 13:17:56 - [MESSAGE][WARNING] - Timeout '0' is invalid. Using default page load timeout: '30'

2019-05-01 13:17:56 - [MESSAGE][PASSED] - Object 'Object Repository/OOBObjects/HomepageObjects/OOBSideBar' is present

2019-05-01 13:17:56 - [MESSAGE][PASSED] - I want to verify I'm in OOB main page

2019-05-01 13:17:56 - [TEST_STEP][PASSED] - I want to go to ideas list page: I want to go to ideas list page

2019-05-01 13:17:59 - [MESSAGE][PASSED] - Object: 'Object Repository/OOBObjects/HomepageObjects/IdeasList' is clicked on

2019-05-01 13:17:59 - [MESSAGE][PASSED] - I want to go to ideas list page

2019-05-01 13:17:59 - [TEST_STEP][PASSED] - I want to click on Add New button: I want to click on Add New button

2019-05-01 13:18:01 - [MESSAGE][PASSED] - Object: 'Object Repository/OOBObjects/IdeasListObjects/AddNewIdeaButton' is clicked on

2019-05-01 13:18:01 - [MESSAGE][PASSED] - I want to click on Add New button

2019-05-01 13:18:01 - [TEST_STEP][PASSED] - I want to fill idea name field: I want to fill idea name field

2019-05-01 13:18:01 - [MESSAGE][PASSED] - Text 'Automation39' is set on object 'Object Repository/OOBObjects/IdeasListObjects/Idea-Name-Field'

2019-05-01 13:18:01 - [MESSAGE][PASSED] - I want to fill idea name field

2019-05-01 13:18:01 - [TEST_STEP][PASSED] - I want to select expected start date: I want to select expected start date

2019-05-01 13:18:01 - [MESSAGE][PASSED] - Object: 'Object Repository/OOBObjects/IdeasListObjects//GREGORIAN-Start-date-Check-Box' is clicked on

2019-05-01 13:18:01 - [MESSAGE][PASSED] - Object: 'Object Repository/OOBObjects/IdeasListObjects//Excepted-Start-Date' is clicked on

2019-05-01 13:18:01 - [MESSAGE][PASSED] - All options with index in [5] are selected on object 'Object Repository/OOBObjects/IdeasListObjects/StartDateMonthDropDwon'

2019-05-01 13:18:01 - [MESSAGE][PASSED] - Object: 'Object Repository/OOBObjects/IdeasListObjects//Day26' is hovered

2019-05-01 13:18:01 - [MESSAGE][PASSED] - Object: 'Object Repository/OOBObjects/IdeasListObjects//Day26' is clicked on

2019-05-01 13:18:01 - [MESSAGE][PASSED] - I want to select expected start date

2019-05-01 13:18:01 - [TEST_STEP][PASSED] - I want to select expected end date: I want to select expected end date

2019-05-01 13:18:01 - [MESSAGE][PASSED] - Object 'Object Repository/OOBObjects/IdeasListObjects/GREGORIAN-End-Date-Check-Box' is visible

2019-05-01 13:18:01 - [MESSAGE][PASSED] - Object: 'Object Repository/OOBObjects/IdeasListObjects/GREGORIAN-End-Date-Check-Box' is clicked on

2019-05-01 13:18:03 - [MESSAGE][PASSED] - Delayed 2 second(s)

2019-05-01 13:18:03 - [MESSAGE][PASSED] - Object: 'Object Repository/OOBObjects/IdeasListObjects/Excpected-End-Date' is hovered

2019-05-01 13:18:03 - [MESSAGE][PASSED] - Object: 'Object Repository/OOBObjects/IdeasListObjects/Excpected-End-Date' is clicked on

2019-05-01 13:18:04 - [MESSAGE][PASSED] - All options with index in [6] are selected on object 'Object Repository/OOBObjects/IdeasListObjects/EndDateMonthDropdown'

2019-05-01 13:18:04 - [MESSAGE][PASSED] - Object: 'Object Repository/OOBObjects/IdeasListObjects/EndDateDay15' is hovered

2019-05-01 13:18:04 - [MESSAGE][PASSED] - Object: 'Object Repository/OOBObjects/IdeasListObjects/EndDateDay15' is clicked on

2019-05-01 13:18:04 - [MESSAGE][PASSED] - I want to select expected end date

2019-05-01 13:18:04 - [TEST_STEP][PASSED] - I want to fill idea objective field: I want to fill idea objective field

2019-05-01 13:18:04 - [MESSAGE][PASSED] - Text 'Automation' is set on object 'Object Repository/OOBObjects/IdeasListObjects/Idea-Objective-Field'

2019-05-01 13:18:04 - [MESSAGE][PASSED] - I want to fill idea objective field

2019-05-01 13:18:04 - [TEST_STEP][PASSED] - I want to fill expected budget field: I want to fill expected budget field

2019-05-01 13:18:04 - [MESSAGE][PASSED] - Text '10000' is set on object 'Object Repository/OOBObjects/IdeasListObjects/Expected-Budget-Field'

2019-05-01 13:18:04 - [MESSAGE][PASSED] - I want to fill expected budget field

2019-05-01 13:18:04 - [TEST_STEP][PASSED] - I want to fill Notes field: I want to fill Notes field

2019-05-01 13:18:04 - [MESSAGE][PASSED] - Text 'test note' is set on object 'Object Repository/OOBObjects/IdeasListObjects/Notes-Field'

2019-05-01 13:18:04 - [MESSAGE][PASSED] - I want to fill Notes field

2019-05-01 13:18:04 - [TEST_STEP][PASSED] - I want to click send idea button: I want to click send idea button

2019-05-01 13:18:09 - [MESSAGE][PASSED] - Delayed 5 second(s)

2019-05-01 13:18:09 - [MESSAGE][WARNING] - Timeout '0' is invalid. Using default page load timeout: '30'

2019-05-01 13:18:09 - [MESSAGE][PASSED] - Scroll to object 'Object Repository/OOBObjects/IdeasListObjects/CardBlock' successfully

2019-05-01 13:18:09 - [MESSAGE][PASSED] - Object: 'Object Repository/OOBObjects/IdeasListObjects/SendIdeaButton' is clicked on

2019-05-01 13:18:09 - [MESSAGE][PASSED] - I want to click send idea button

2019-05-01 13:18:09 - [TEST_STEP][PASSED] - I want to verify idea added successfuly: I want to verify idea added successfuly

2019-05-01 13:18:09 - [MESSAGE][WARNING] - Timeout '0' is invalid. Using default page load timeout: '30'

2019-05-01 13:18:09 - [MESSAGE][PASSED] - Wait for page load successfully

2019-05-01 13:18:11 - [MESSAGE][PASSED] - Text 'Automation39' is set on object 'Object Repository/OOBObjects/IdeasListObjects/SearchField'

2019-05-01 13:18:12 - [MESSAGE][PASSED] - Actual text and expected text of test object 'Object Repository/OOBObjects/IdeasListObjects/SearchResult' are matched.

2019-05-01 13:18:12 - [MESSAGE][PASSED] - I want to verify idea added successfuly

2019-05-01 13:18:12 - [TEST_STEP][PASSED] - I want to approve idea: I want to approve idea

2019-05-01 13:18:20 - [MESSAGE][PASSED] - Object: 'Object Repository/OOBObjects/HomepageObjects/InboxIcon' is clicked on

2019-05-01 13:18:20 - [MESSAGE][PASSED] - Object: 'Object Repository/OOBObjects/InboxPageObjects/BeforeInitiatePhase' is clicked on

2019-05-01 13:18:21 - [MESSAGE][PASSED] - Object: 'Object Repository/OOBObjects/InboxPageObjects/FirstIdea' is clicked on

2019-05-01 13:18:21 - [MESSAGE][PASSED] - Object: 'Object Repository/OOBObjects/InboxPageObjects/ApproveIdeaButton' is clicked on

2019-05-01 13:18:30 - [MESSAGE][PASSED] - Object: 'Object Repository/OOBObjects/InboxPageObjects/BeforeInitiatePhase' is clicked on

2019-05-01 13:18:32 - [MESSAGE][PASSED] - Object: 'Object Repository/OOBObjects/InboxPageObjects/FirstIdea' is clicked on

2019-05-01 13:18:32 - [MESSAGE][WARNING] - Timeout '0' is invalid. Using default page load timeout: '30'

2019-05-01 13:18:32 - [MESSAGE][PASSED] - Scroll to object 'Object Repository/OOBObjects/InboxPageObjects/AddNewAttachmentButtonApproveIdea' successfully

2019-05-01 13:18:32 - [MESSAGE][PASSED] - Object: 'Object Repository/OOBObjects/InboxPageObjects/AddNewAttachmentButtonApproveIdea' is clicked on

2019-05-01 13:18:32 - [MESSAGE][PASSED] - File 'C:\Users\HP\Desktop\SK.png' sent to object: 'Object Repository/OOBObjects/InboxPageObjects/UploadFileApproveIdea'

2019-05-01 13:18:32 - [MESSAGE][WARNING] - Timeout '0' is invalid. Using default page load timeout: '30'

2019-05-01 13:18:33 - [MESSAGE][PASSED] - Object 'Object Repository/OOBObjects/InboxPageObjects/AttachedFileApprovedIdea' is present

2019-05-01 13:18:33 - [MESSAGE][PASSED] - Object: 'Object Repository/OOBObjects/InboxPageObjects/LoadButtonApproveIdea' is clicked on

2019-05-01 13:18:33 - [MESSAGE][PASSED] - Object 'Object Repository/OOBObjects/InboxPageObjects/SendAproveIdeaSecondPhase' is clickable

2019-05-01 13:18:33 - [MESSAGE][PASSED] - Object: 'Object Repository/OOBObjects/InboxPageObjects/SendAproveIdeaSecondPhase' is hovered

2019-05-01 13:18:38 - [MESSAGE][PASSED] - Delayed 5 second(s)

2019-05-01 13:18:38 - [MESSAGE][PASSED] - Object: 'Object Repository/OOBObjects/InboxPageObjects/SendAproveIdeaSecondPhase' is clicked on

2019-05-01 13:18:46 - [MESSAGE][PASSED] - Object: 'Object Repository/OOBObjects/InboxPageObjects/BeforeInitiatePhase' is clicked on

2019-05-01 13:18:48 - [MESSAGE][PASSED] - Object: 'Object Repository/OOBObjects/InboxPageObjects/FirstIdea' is clicked on

2019-05-01 13:18:48 - [MESSAGE][PASSED] - Object: 'Object Repository/OOBObjects/InboxPageObjects/StrategicObjectiveCheckBox' is clicked on

2019-05-01 13:18:48 - [MESSAGE][PASSED] - All options with index in [1] are selected on object 'Object Repository/OOBObjects/InboxPageObjects/ddlInitiativesDropdwon'

2019-05-01 13:18:48 - [MESSAGE][PASSED] - Object: 'Object Repository/OOBObjects/InboxPageObjects/SendApproveIdeaThirdPhase' is clicked on

2019-05-01 13:18:56 - [MESSAGE][PASSED] - Object: 'Object Repository/OOBObjects/InboxPageObjects/BeforeInitiatePhase' is clicked on

2019-05-01 13:18:59 - [MESSAGE][PASSED] - Object: 'Object Repository/OOBObjects/InboxPageObjects/FirstIdea' is clicked on

2019-05-01 13:18:59 - [MESSAGE][PASSED] - All options with index in [1] are selected on object 'Object Repository/OOBObjects/InboxPageObjects/WalletDropdownApproveIdea'

2019-05-01 13:18:59 - [MESSAGE][PASSED] - All options with index in [1] are selected on object 'Object Repository/OOBObjects/InboxPageObjects/ProgramDropdownApproveIdea'

2019-05-01 13:18:59 - [MESSAGE][PASSED] - All options with index in [1] are selected on object 'Object Repository/OOBObjects/InboxPageObjects/OwnerDropdownApproveIdea'

2019-05-01 13:18:59 - [MESSAGE][PASSED] - Object: 'Object Repository/OOBObjects/InboxPageObjects/SendApproveIdeaFourthPhase' is clicked on

2019-05-01 13:19:07 - [MESSAGE][PASSED] - Object: 'Object Repository/OOBObjects/InboxPageObjects/BeforeInitiatePhase' is clicked on

2019-05-01 13:19:09 - [MESSAGE][PASSED] - Object: 'Object Repository/OOBObjects/InboxPageObjects/FirstIdea' is clicked on

2019-05-01 13:19:09 - [MESSAGE][PASSED] - Object: 'Object Repository/OOBObjects/InboxPageObjects/ApproveButtonFivthPhase' is clicked on

2019-05-01 13:19:17 - [MESSAGE][PASSED] - Object: 'Object Repository/OOBObjects/InboxPageObjects/BeforeInitiatePhase' is clicked on

2019-05-01 13:19:19 - [MESSAGE][PASSED] - Object: 'Object Repository/OOBObjects/InboxPageObjects/FirstIdea' is clicked on

2019-05-01 13:19:19 - [MESSAGE][PASSED] - Object: 'Object Repository/OOBObjects/InboxPageObjects/GeorgianCheckBoxApproveIdea' is clicked on

2019-05-01 13:19:19 - [MESSAGE][PASSED] - Object: 'Object Repository/OOBObjects/InboxPageObjects/ExceptedExecutionDateApproveIdea' is clicked on

2019-05-01 13:19:19 - [MESSAGE][PASSED] - All options with index in [3] are selected on object 'Object Repository/OOBObjects/InboxPageObjects/MonthsDropdownApproveIdea'

2019-05-01 13:19:20 - [MESSAGE][PASSED] - Object: 'Object Repository/OOBObjects/InboxPageObjects/Day30ApproveIdeaExcutionDate' is hovered

2019-05-01 13:19:20 - [MESSAGE][PASSED] - Object: 'Object Repository/OOBObjects/InboxPageObjects/Day30ApproveIdeaExcutionDate' is clicked on

2019-05-01 13:19:20 - [MESSAGE][PASSED] - All options with index in [1] are selected on object 'Object Repository/OOBObjects/InboxPageObjects/PriorityDropdownApproveIdea'

2019-05-01 13:19:20 - [MESSAGE][PASSED] - Object: 'Object Repository/OOBObjects/InboxPageObjects/SubmitButtonApproveIdae' is clicked on

2019-05-01 13:19:20 - [MESSAGE][PASSED] - I want to approve idea

2019-05-01 13:19:20 - [TEST_STEP][PASSED] - I want to go to OOB: I want to go to OOB

2019-05-01 13:19:21 - [MESSAGE][PASSED] - Navigate to 'https://pmoadmin:P@ssw0rd@dev5.cloudapp.net/OOB2/' successfully

2019-05-01 13:19:21 - [MESSAGE][PASSED] - I want to go to OOB

2019-05-01 13:19:21 - [TEST_STEP][PASSED] - I want to go to approved ideas list page: I want to go to approved ideas list page

2019-05-01 13:19:27 - [MESSAGE][PASSED] - Object: 'Object Repository/OOBObjects/HomepageObjects/ApprovedIdeasList' is clicked on

2019-05-01 13:19:27 - [MESSAGE][PASSED] - I want to go to approved ideas list page

2019-05-01 13:19:27 - [TEST_STEP][FAILED] - I want to search for approved idea by name: I want to search for approved idea by name FAILED.
Reason:
com.kms.katalon.core.exception.StepFailedException: Verify element text of test object 'Object Repository/OOBObjects/ApprovedIdeasListObjects/IdeaNameLinkInApprovedIdeasList' FAILED.
	at com.kms.katalon.core.webui.keyword.internal.WebUIKeywordMain.stepFailed(WebUIKeywordMain.groovy:64)
	at com.kms.katalon.core.webui.keyword.internal.WebUIKeywordMain.runKeyword(WebUIKeywordMain.groovy:26)
	at com.kms.katalon.core.webui.keyword.builtin.VerifyElementTextKeyword.verifyElementText(VerifyElementTextKeyword.groovy:72)
	at com.kms.katalon.core.webui.keyword.builtin.VerifyElementTextKeyword.execute(VerifyElementTextKeyword.groovy:40)
	at com.kms.katalon.core.keyword.internal.KeywordExecutor.executeKeywordForPlatform(KeywordExecutor.groovy:56)
	at com.kms.katalon.core.webui.keyword.WebUiBuiltInKeywords.verifyElementText(WebUiBuiltInKeywords.groovy:3663)
	at com.kms.katalon.core.webui.keyword.WebUiBuiltInKeywords$verifyElementText$13.call(Unknown Source)
	at com.pmo.steps.AddIdeaSteps.searchForApprovedIdeaByName(AddIdeaSteps.groovy:128)
	at ✽.I want to search for approved idea by name(C:/Users/HP/git/PMO-Web-Application/Include/features/Governance-Module/Add-Idea/026-Verify-Execute-Idea-form.feature:24)
Caused by: com.kms.katalon.core.exception.StepFailedException: com.kms.katalon.core.webui.exception.WebElementNotFoundException: Web element with id: 'Object Repository/OOBObjects/ApprovedIdeasListObjects/IdeaNameLinkInApprovedIdeasList' located by 'By.xpath: //table[@id='ideasTable']/tbody/tr/td/a' not found
	at com.kms.katalon.core.webui.keyword.internal.WebUIKeywordMain.stepFailed(WebUIKeywordMain.groovy:64)
	at com.kms.katalon.core.webui.keyword.builtin.VerifyElementTextKeyword$_verifyElementText_closure1.doCall(VerifyElementTextKeyword.groovy:64)
	at com.kms.katalon.core.webui.keyword.builtin.VerifyElementTextKeyword$_verifyElementText_closure1.call(VerifyElementTextKeyword.groovy)
	at com.kms.katalon.core.webui.keyword.internal.WebUIKeywordMain.runKeyword(WebUIKeywordMain.groovy:20)
	at com.kms.katalon.core.webui.keyword.builtin.VerifyElementTextKeyword.verifyElementText(VerifyElementTextKeyword.groovy:72)
	at com.kms.katalon.core.webui.keyword.builtin.VerifyElementTextKeyword.execute(VerifyElementTextKeyword.groovy:40)
	at com.kms.katalon.core.keyword.internal.KeywordExecutor.executeKeywordForPlatform(KeywordExecutor.groovy:56)
	at com.kms.katalon.core.webui.keyword.WebUiBuiltInKeywords.verifyElementText(WebUiBuiltInKeywords.groovy:3663)
	at com.kms.katalon.core.webui.keyword.WebUiBuiltInKeywords$verifyElementText$13.call(Unknown Source)
	at com.pmo.steps.AddIdeaSteps.searchForApprovedIdeaByName(AddIdeaSteps.groovy:128)
	at cucumber.runtime.Utils$1.call(Utils.java:26)
	at cucumber.runtime.Timeout.timeout(Timeout.java:16)
	at cucumber.runtime.Utils.invoke(Utils.java:20)
	at cucumber.runtime.java.JavaStepDefinition.execute(JavaStepDefinition.java:48)
	at cucumber.runtime.PickleStepDefinitionMatch.runStep(PickleStepDefinitionMatch.java:50)
	at cucumber.runner.TestStep.executeStep(TestStep.java:55)
	at cucumber.runner.TestStep.run(TestStep.java:42)
	at cucumber.runner.PickleStepTestStep.run(PickleStepTestStep.java:53)
	at cucumber.runner.TestCase.run(TestCase.java:47)
	at cucumber.runner.Runner.runPickle(Runner.java:44)
	at cucumber.runtime.Runtime.runFeature(Runtime.java:120)
	at cucumber.runtime.Runtime.run(Runtime.java:106)
	at cucumber.api.cli.Main.run(Main.java:35)
	at cucumber.api.cli.Main$run.call(Unknown Source)
	at com.kms.katalon.core.cucumber.keyword.CucumberBuiltinKeywords$_runFeatureFile_closure1.doCall(CucumberBuiltinKeywords.groovy:76)
	at com.kms.katalon.core.cucumber.keyword.CucumberBuiltinKeywords$_runFeatureFile_closure1.doCall(CucumberBuiltinKeywords.groovy)
	at com.kms.katalon.core.keyword.internal.KeywordMain.runKeyword(KeywordMain.groovy:66)
	at com.kms.katalon.core.keyword.internal.KeywordMain$runKeyword.call(Unknown Source)
	at com.kms.katalon.core.cucumber.keyword.CucumberBuiltinKeywords.runFeatureFile(CucumberBuiltinKeywords.groovy:46)
	at com.kms.katalon.core.cucumber.keyword.CucumberBuiltinKeywords$runFeatureFile$0.callStatic(Unknown Source)
	at com.kms.katalon.core.cucumber.keyword.CucumberBuiltinKeywords.runFeatureFile(CucumberBuiltinKeywords.groovy:101)
	at com.kms.katalon.core.cucumber.keyword.CucumberBuiltinKeywords$runFeatureFile.call(Unknown Source)
	at 026-Verify-Execute-Idea-form.run(026-Verify-Execute-Idea-form:18)
	at com.kms.katalon.core.main.ScriptEngine.run(ScriptEngine.java:194)
	at com.kms.katalon.core.main.ScriptEngine.runScriptAsRawText(ScriptEngine.java:119)
	at com.kms.katalon.core.main.TestCaseExecutor.runScript(TestCaseExecutor.java:331)
	at com.kms.katalon.core.main.TestCaseExecutor.doExecute(TestCaseExecutor.java:322)
	at com.kms.katalon.core.main.TestCaseExecutor.processExecutionPhase(TestCaseExecutor.java:301)
	at com.kms.katalon.core.main.TestCaseExecutor.accessMainPhase(TestCaseExecutor.java:293)
	at com.kms.katalon.core.main.TestCaseExecutor.execute(TestCaseExecutor.java:227)
	at com.kms.katalon.core.main.TestSuiteExecutor.accessTestCaseMainPhase(TestSuiteExecutor.java:129)
	at com.kms.katalon.core.main.TestSuiteExecutor.accessTestSuiteMainPhase(TestSuiteExecutor.java:112)
	at com.kms.katalon.core.main.TestSuiteExecutor.execute(TestSuiteExecutor.java:81)
	at com.kms.katalon.core.main.TestCaseMain.startTestSuite(TestCaseMain.java:157)
	at com.kms.katalon.core.main.TestCaseMain$startTestSuite$0.call(Unknown Source)
	at TempTestSuite1556705678812.run(TempTestSuite1556705678812.groovy:35)


2019-05-01 13:19:27 - [MESSAGE][PASSED] - Text 'Automation39' is set on object 'Object Repository/OOBObjects/ApprovedIdeasListObjects/ApprovedIdeasSearchField'

2019-05-01 13:19:59 - [MESSAGE][INFO] - Unable to find the element located by 'By.xpath: //table[@id='ideasTable']/tbody/tr/td/a'. Please recheck the objects properties to make sure the desired element is located. 

2019-05-01 13:19:59 - [MESSAGE][FAILED] - com.kms.katalon.core.webui.exception.WebElementNotFoundException: Web element with id: 'Object Repository/OOBObjects/ApprovedIdeasListObjects/IdeaNameLinkInApprovedIdeasList' located by 'By.xpath: //table[@id='ideasTable']/tbody/tr/td/a' not found (Root cause: com.kms.katalon.core.exception.StepFailedException: com.kms.katalon.core.webui.exception.WebElementNotFoundException: Web element with id: 'Object Repository/OOBObjects/ApprovedIdeasListObjects/IdeaNameLinkInApprovedIdeasList' located by 'By.xpath: //table[@id='ideasTable']/tbody/tr/td/a' not found
	at com.kms.katalon.core.webui.keyword.internal.WebUIKeywordMain.stepFailed(WebUIKeywordMain.groovy:64)
	at com.kms.katalon.core.webui.keyword.builtin.VerifyElementTextKeyword$_verifyElementText_closure1.doCall(VerifyElementTextKeyword.groovy:64)
	at com.kms.katalon.core.webui.keyword.builtin.VerifyElementTextKeyword$_verifyElementText_closure1.call(VerifyElementTextKeyword.groovy)
	at com.kms.katalon.core.webui.keyword.internal.WebUIKeywordMain.runKeyword(WebUIKeywordMain.groovy:20)
	at com.kms.katalon.core.webui.keyword.builtin.VerifyElementTextKeyword.verifyElementText(VerifyElementTextKeyword.groovy:72)
	at com.kms.katalon.core.webui.keyword.builtin.VerifyElementTextKeyword.execute(VerifyElementTextKeyword.groovy:40)
	at com.kms.katalon.core.keyword.internal.KeywordExecutor.executeKeywordForPlatform(KeywordExecutor.groovy:56)
	at com.kms.katalon.core.webui.keyword.WebUiBuiltInKeywords.verifyElementText(WebUiBuiltInKeywords.groovy:3663)
	at com.kms.katalon.core.webui.keyword.WebUiBuiltInKeywords$verifyElementText$13.call(Unknown Source)
	at com.pmo.steps.AddIdeaSteps.searchForApprovedIdeaByName(AddIdeaSteps.groovy:128)
	at cucumber.runtime.Utils$1.call(Utils.java:26)
	at cucumber.runtime.Timeout.timeout(Timeout.java:16)
	at cucumber.runtime.Utils.invoke(Utils.java:20)
	at cucumber.runtime.java.JavaStepDefinition.execute(JavaStepDefinition.java:48)
	at cucumber.runtime.PickleStepDefinitionMatch.runStep(PickleStepDefinitionMatch.java:50)
	at cucumber.runner.TestStep.executeStep(TestStep.java:55)
	at cucumber.runner.TestStep.run(TestStep.java:42)
	at cucumber.runner.PickleStepTestStep.run(PickleStepTestStep.java:53)
	at cucumber.runner.TestCase.run(TestCase.java:47)
	at cucumber.runner.Runner.runPickle(Runner.java:44)
	at cucumber.runtime.Runtime.runFeature(Runtime.java:120)
	at cucumber.runtime.Runtime.run(Runtime.java:106)
	at cucumber.api.cli.Main.run(Main.java:35)
	at cucumber.api.cli.Main$run.call(Unknown Source)
	at com.kms.katalon.core.cucumber.keyword.CucumberBuiltinKeywords$_runFeatureFile_closure1.doCall(CucumberBuiltinKeywords.groovy:76)
	at com.kms.katalon.core.cucumber.keyword.CucumberBuiltinKeywords$_runFeatureFile_closure1.doCall(CucumberBuiltinKeywords.groovy)
	at com.kms.katalon.core.keyword.internal.KeywordMain.runKeyword(KeywordMain.groovy:66)
	at com.kms.katalon.core.keyword.internal.KeywordMain$runKeyword.call(Unknown Source)
	at com.kms.katalon.core.cucumber.keyword.CucumberBuiltinKeywords.runFeatureFile(CucumberBuiltinKeywords.groovy:46)
	at com.kms.katalon.core.cucumber.keyword.CucumberBuiltinKeywords$runFeatureFile$0.callStatic(Unknown Source)
	at com.kms.katalon.core.cucumber.keyword.CucumberBuiltinKeywords.runFeatureFile(CucumberBuiltinKeywords.groovy:101)
	at com.kms.katalon.core.cucumber.keyword.CucumberBuiltinKeywords$runFeatureFile.call(Unknown Source)
	at 026-Verify-Execute-Idea-form.run(026-Verify-Execute-Idea-form:18)
	at com.kms.katalon.core.main.ScriptEngine.run(ScriptEngine.java:194)
	at com.kms.katalon.core.main.ScriptEngine.runScriptAsRawText(ScriptEngine.java:119)
	at com.kms.katalon.core.main.TestCaseExecutor.runScript(TestCaseExecutor.java:331)
	at com.kms.katalon.core.main.TestCaseExecutor.doExecute(TestCaseExecutor.java:322)
	at com.kms.katalon.core.main.TestCaseExecutor.processExecutionPhase(TestCaseExecutor.java:301)
	at com.kms.katalon.core.main.TestCaseExecutor.accessMainPhase(TestCaseExecutor.java:293)
	at com.kms.katalon.core.main.TestCaseExecutor.execute(TestCaseExecutor.java:227)
	at com.kms.katalon.core.main.TestSuiteExecutor.accessTestCaseMainPhase(TestSuiteExecutor.java:129)
	at com.kms.katalon.core.main.TestSuiteExecutor.accessTestSuiteMainPhase(TestSuiteExecutor.java:112)
	at com.kms.katalon.core.main.TestSuiteExecutor.execute(TestSuiteExecutor.java:81)
	at com.kms.katalon.core.main.TestCaseMain.startTestSuite(TestCaseMain.java:157)
	at com.kms.katalon.core.main.TestCaseMain$startTestSuite$0.call(Unknown Source)
	at TempTestSuite1556705678812.run(TempTestSuite1556705678812.groovy:35)
)
[[ATTACHMENT|C:\\Users\\HP\\git\\PMO-Web-Application\\Reports\\First-Test-Suite\\20190501_131438\\1556705999007.png]]

2019-05-01 13:19:59 - [MESSAGE][FAILED] - Verify element text of test object 'Object Repository/OOBObjects/ApprovedIdeasListObjects/IdeaNameLinkInApprovedIdeasList' FAILED. (Root cause: com.kms.katalon.core.exception.StepFailedException: Verify element text of test object 'Object Repository/OOBObjects/ApprovedIdeasListObjects/IdeaNameLinkInApprovedIdeasList' FAILED.
	at com.kms.katalon.core.webui.keyword.internal.WebUIKeywordMain.stepFailed(WebUIKeywordMain.groovy:64)
	at com.kms.katalon.core.webui.keyword.internal.WebUIKeywordMain.runKeyword(WebUIKeywordMain.groovy:26)
	at com.kms.katalon.core.webui.keyword.builtin.VerifyElementTextKeyword.verifyElementText(VerifyElementTextKeyword.groovy:72)
	at com.kms.katalon.core.webui.keyword.builtin.VerifyElementTextKeyword.execute(VerifyElementTextKeyword.groovy:40)
	at com.kms.katalon.core.keyword.internal.KeywordExecutor.executeKeywordForPlatform(KeywordExecutor.groovy:56)
	at com.kms.katalon.core.webui.keyword.WebUiBuiltInKeywords.verifyElementText(WebUiBuiltInKeywords.groovy:3663)
	at com.kms.katalon.core.webui.keyword.WebUiBuiltInKeywords$verifyElementText$13.call(Unknown Source)
	at com.pmo.steps.AddIdeaSteps.searchForApprovedIdeaByName(AddIdeaSteps.groovy:128)
	at cucumber.runtime.Utils$1.call(Utils.java:26)
	at cucumber.runtime.Timeout.timeout(Timeout.java:16)
	at cucumber.runtime.Utils.invoke(Utils.java:20)
	at cucumber.runtime.java.JavaStepDefinition.execute(JavaStepDefinition.java:48)
	at cucumber.runtime.PickleStepDefinitionMatch.runStep(PickleStepDefinitionMatch.java:50)
	at cucumber.runner.TestStep.executeStep(TestStep.java:55)
	at cucumber.runner.TestStep.run(TestStep.java:42)
	at cucumber.runner.PickleStepTestStep.run(PickleStepTestStep.java:53)
	at cucumber.runner.TestCase.run(TestCase.java:47)
	at cucumber.runner.Runner.runPickle(Runner.java:44)
	at cucumber.runtime.Runtime.runFeature(Runtime.java:120)
	at cucumber.runtime.Runtime.run(Runtime.java:106)
	at cucumber.api.cli.Main.run(Main.java:35)
	at cucumber.api.cli.Main$run.call(Unknown Source)
	at com.kms.katalon.core.cucumber.keyword.CucumberBuiltinKeywords$_runFeatureFile_closure1.doCall(CucumberBuiltinKeywords.groovy:76)
	at com.kms.katalon.core.cucumber.keyword.CucumberBuiltinKeywords$_runFeatureFile_closure1.doCall(CucumberBuiltinKeywords.groovy)
	at com.kms.katalon.core.keyword.internal.KeywordMain.runKeyword(KeywordMain.groovy:66)
	at com.kms.katalon.core.keyword.internal.KeywordMain$runKeyword.call(Unknown Source)
	at com.kms.katalon.core.cucumber.keyword.CucumberBuiltinKeywords.runFeatureFile(CucumberBuiltinKeywords.groovy:46)
	at com.kms.katalon.core.cucumber.keyword.CucumberBuiltinKeywords$runFeatureFile$0.callStatic(Unknown Source)
	at com.kms.katalon.core.cucumber.keyword.CucumberBuiltinKeywords.runFeatureFile(CucumberBuiltinKeywords.groovy:101)
	at com.kms.katalon.core.cucumber.keyword.CucumberBuiltinKeywords$runFeatureFile.call(Unknown Source)
	at 026-Verify-Execute-Idea-form.run(026-Verify-Execute-Idea-form:18)
	at com.kms.katalon.core.main.ScriptEngine.run(ScriptEngine.java:194)
	at com.kms.katalon.core.main.ScriptEngine.runScriptAsRawText(ScriptEngine.java:119)
	at com.kms.katalon.core.main.TestCaseExecutor.runScript(TestCaseExecutor.java:331)
	at com.kms.katalon.core.main.TestCaseExecutor.doExecute(TestCaseExecutor.java:322)
	at com.kms.katalon.core.main.TestCaseExecutor.processExecutionPhase(TestCaseExecutor.java:301)
	at com.kms.katalon.core.main.TestCaseExecutor.accessMainPhase(TestCaseExecutor.java:293)
	at com.kms.katalon.core.main.TestCaseExecutor.execute(TestCaseExecutor.java:227)
	at com.kms.katalon.core.main.TestSuiteExecutor.accessTestCaseMainPhase(TestSuiteExecutor.java:129)
	at com.kms.katalon.core.main.TestSuiteExecutor.accessTestSuiteMainPhase(TestSuiteExecutor.java:112)
	at com.kms.katalon.core.main.TestSuiteExecutor.execute(TestSuiteExecutor.java:81)
	at com.kms.katalon.core.main.TestCaseMain.startTestSuite(TestCaseMain.java:157)
	at com.kms.katalon.core.main.TestCaseMain$startTestSuite$0.call(Unknown Source)
	at TempTestSuite1556705678812.run(TempTestSuite1556705678812.groovy:35)
Caused by: com.kms.katalon.core.exception.StepFailedException: com.kms.katalon.core.webui.exception.WebElementNotFoundException: Web element with id: 'Object Repository/OOBObjects/ApprovedIdeasListObjects/IdeaNameLinkInApprovedIdeasList' located by 'By.xpath: //table[@id='ideasTable']/tbody/tr/td/a' not found
	at com.kms.katalon.core.webui.keyword.internal.WebUIKeywordMain.stepFailed(WebUIKeywordMain.groovy:64)
	at com.kms.katalon.core.webui.keyword.builtin.VerifyElementTextKeyword$_verifyElementText_closure1.doCall(VerifyElementTextKeyword.groovy:64)
	at com.kms.katalon.core.webui.keyword.builtin.VerifyElementTextKeyword$_verifyElementText_closure1.call(VerifyElementTextKeyword.groovy)
	at com.kms.katalon.core.webui.keyword.internal.WebUIKeywordMain.runKeyword(WebUIKeywordMain.groovy:20)
	... 42 more
)
[[ATTACHMENT|C:\\Users\\HP\\git\\PMO-Web-Application\\Reports\\First-Test-Suite\\20190501_131438\\1556705999322.png]]

2019-05-01 13:19:59 - [MESSAGE][FAILED] - I want to search for approved idea by name FAILED.
Reason:
com.kms.katalon.core.exception.StepFailedException: Verify element text of test object 'Object Repository/OOBObjects/ApprovedIdeasListObjects/IdeaNameLinkInApprovedIdeasList' FAILED.
	at com.kms.katalon.core.webui.keyword.internal.WebUIKeywordMain.stepFailed(WebUIKeywordMain.groovy:64)
	at com.kms.katalon.core.webui.keyword.internal.WebUIKeywordMain.runKeyword(WebUIKeywordMain.groovy:26)
	at com.kms.katalon.core.webui.keyword.builtin.VerifyElementTextKeyword.verifyElementText(VerifyElementTextKeyword.groovy:72)
	at com.kms.katalon.core.webui.keyword.builtin.VerifyElementTextKeyword.execute(VerifyElementTextKeyword.groovy:40)
	at com.kms.katalon.core.keyword.internal.KeywordExecutor.executeKeywordForPlatform(KeywordExecutor.groovy:56)
	at com.kms.katalon.core.webui.keyword.WebUiBuiltInKeywords.verifyElementText(WebUiBuiltInKeywords.groovy:3663)
	at com.kms.katalon.core.webui.keyword.WebUiBuiltInKeywords$verifyElementText$13.call(Unknown Source)
	at com.pmo.steps.AddIdeaSteps.searchForApprovedIdeaByName(AddIdeaSteps.groovy:128)
	at ✽.I want to search for approved idea by name(C:/Users/HP/git/PMO-Web-Application/Include/features/Governance-Module/Add-Idea/026-Verify-Execute-Idea-form.feature:24)
Caused by: com.kms.katalon.core.exception.StepFailedException: com.kms.katalon.core.webui.exception.WebElementNotFoundException: Web element with id: 'Object Repository/OOBObjects/ApprovedIdeasListObjects/IdeaNameLinkInApprovedIdeasList' located by 'By.xpath: //table[@id='ideasTable']/tbody/tr/td/a' not found
	at com.kms.katalon.core.webui.keyword.internal.WebUIKeywordMain.stepFailed(WebUIKeywordMain.groovy:64)
	at com.kms.katalon.core.webui.keyword.builtin.VerifyElementTextKeyword$_verifyElementText_closure1.doCall(VerifyElementTextKeyword.groovy:64)
	at com.kms.katalon.core.webui.keyword.builtin.VerifyElementTextKeyword$_verifyElementText_closure1.call(VerifyElementTextKeyword.groovy)
	at com.kms.katalon.core.webui.keyword.internal.WebUIKeywordMain.runKeyword(WebUIKeywordMain.groovy:20)
	at com.kms.katalon.core.webui.keyword.builtin.VerifyElementTextKeyword.verifyElementText(VerifyElementTextKeyword.groovy:72)
	at com.kms.katalon.core.webui.keyword.builtin.VerifyElementTextKeyword.execute(VerifyElementTextKeyword.groovy:40)
	at com.kms.katalon.core.keyword.internal.KeywordExecutor.executeKeywordForPlatform(KeywordExecutor.groovy:56)
	at com.kms.katalon.core.webui.keyword.WebUiBuiltInKeywords.verifyElementText(WebUiBuiltInKeywords.groovy:3663)
	at com.kms.katalon.core.webui.keyword.WebUiBuiltInKeywords$verifyElementText$13.call(Unknown Source)
	at com.pmo.steps.AddIdeaSteps.searchForApprovedIdeaByName(AddIdeaSteps.groovy:128)
	at cucumber.runtime.Utils$1.call(Utils.java:26)
	at cucumber.runtime.Timeout.timeout(Timeout.java:16)
	at cucumber.runtime.Utils.invoke(Utils.java:20)
	at cucumber.runtime.java.JavaStepDefinition.execute(JavaStepDefinition.java:48)
	at cucumber.runtime.PickleStepDefinitionMatch.runStep(PickleStepDefinitionMatch.java:50)
	at cucumber.runner.TestStep.executeStep(TestStep.java:55)
	at cucumber.runner.TestStep.run(TestStep.java:42)
	at cucumber.runner.PickleStepTestStep.run(PickleStepTestStep.java:53)
	at cucumber.runner.TestCase.run(TestCase.java:47)
	at cucumber.runner.Runner.runPickle(Runner.java:44)
	at cucumber.runtime.Runtime.runFeature(Runtime.java:120)
	at cucumber.runtime.Runtime.run(Runtime.java:106)
	at cucumber.api.cli.Main.run(Main.java:35)
	at cucumber.api.cli.Main$run.call(Unknown Source)
	at com.kms.katalon.core.cucumber.keyword.CucumberBuiltinKeywords$_runFeatureFile_closure1.doCall(CucumberBuiltinKeywords.groovy:76)
	at com.kms.katalon.core.cucumber.keyword.CucumberBuiltinKeywords$_runFeatureFile_closure1.doCall(CucumberBuiltinKeywords.groovy)
	at com.kms.katalon.core.keyword.internal.KeywordMain.runKeyword(KeywordMain.groovy:66)
	at com.kms.katalon.core.keyword.internal.KeywordMain$runKeyword.call(Unknown Source)
	at com.kms.katalon.core.cucumber.keyword.CucumberBuiltinKeywords.runFeatureFile(CucumberBuiltinKeywords.groovy:46)
	at com.kms.katalon.core.cucumber.keyword.CucumberBuiltinKeywords$runFeatureFile$0.callStatic(Unknown Source)
	at com.kms.katalon.core.cucumber.keyword.CucumberBuiltinKeywords.runFeatureFile(CucumberBuiltinKeywords.groovy:101)
	at com.kms.katalon.core.cucumber.keyword.CucumberBuiltinKeywords$runFeatureFile.call(Unknown Source)
	at 026-Verify-Execute-Idea-form.run(026-Verify-Execute-Idea-form:18)
	at com.kms.katalon.core.main.ScriptEngine.run(ScriptEngine.java:194)
	at com.kms.katalon.core.main.ScriptEngine.runScriptAsRawText(ScriptEngine.java:119)
	at com.kms.katalon.core.main.TestCaseExecutor.runScript(TestCaseExecutor.java:331)
	at com.kms.katalon.core.main.TestCaseExecutor.doExecute(TestCaseExecutor.java:322)
	at com.kms.katalon.core.main.TestCaseExecutor.processExecutionPhase(TestCaseExecutor.java:301)
	at com.kms.katalon.core.main.TestCaseExecutor.accessMainPhase(TestCaseExecutor.java:293)
	at com.kms.katalon.core.main.TestCaseExecutor.execute(TestCaseExecutor.java:227)
	at com.kms.katalon.core.main.TestSuiteExecutor.accessTestCaseMainPhase(TestSuiteExecutor.java:129)
	at com.kms.katalon.core.main.TestSuiteExecutor.accessTestSuiteMainPhase(TestSuiteExecutor.java:112)
	at com.kms.katalon.core.main.TestSuiteExecutor.execute(TestSuiteExecutor.java:81)
	at com.kms.katalon.core.main.TestCaseMain.startTestSuite(TestCaseMain.java:157)
	at com.kms.katalon.core.main.TestCaseMain$startTestSuite$0.call(Unknown Source)
	at TempTestSuite1556705678812.run(TempTestSuite1556705678812.groovy:35)


2019-05-01 13:19:59 - [TEST_STEP][NOT_RUN] - I want to click Excute button: I want to click Excute button

2019-05-01 13:19:59 - [MESSAGE][NOT_RUN] - I want to click Excute button

2019-05-01 13:19:59 - [TEST_STEP][NOT_RUN] - I want to verify im in add new project page: I want to verify im in add new project page

2019-05-01 13:19:59 - [MESSAGE][NOT_RUN] - I want to verify im in add new project page

2019-05-01 13:19:59 - [TEST_STEP][NOT_RUN] - I want to check already filled fields: I want to check already filled fields

2019-05-01 13:19:59 - [MESSAGE][NOT_RUN] - I want to check already filled fields

2019-05-01 13:19:59 - [TEST_STEP][NOT_RUN] - I want to close browser: I want to close browser

2019-05-01 13:19:59 - [MESSAGE][NOT_RUN] - I want to close browser

2019-05-01 13:19:59 - [MESSAGE][FAILED] - Feature file 'Include/features/Governance-Module/Add-Idea/026-Verify-Execute-Idea-form.feature' was failed

2019-05-01 13:19:59 - [MESSAGE][FAILED] - Keyword runFeatureFile was failed (Root cause: com.kms.katalon.core.exception.StepFailedException: Feature file 'Include/features/Governance-Module/Add-Idea/026-Verify-Execute-Idea-form.feature' was failed
	at com.kms.katalon.core.keyword.internal.KeywordMain.stepFailed(KeywordMain.groovy:48)
	at com.kms.katalon.core.keyword.internal.KeywordMain.stepFailed(KeywordMain.groovy)
	at com.kms.katalon.core.keyword.internal.KeywordMain.stepFailed(KeywordMain.groovy:21)
	at com.kms.katalon.core.keyword.internal.KeywordMain$stepFailed$0.call(Unknown Source)
	at com.kms.katalon.core.cucumber.keyword.CucumberBuiltinKeywords$_runFeatureFile_closure1.doCall(CucumberBuiltinKeywords.groovy:82)
	at com.kms.katalon.core.cucumber.keyword.CucumberBuiltinKeywords$_runFeatureFile_closure1.doCall(CucumberBuiltinKeywords.groovy)
	at com.kms.katalon.core.keyword.internal.KeywordMain.runKeyword(KeywordMain.groovy:66)
	at com.kms.katalon.core.keyword.internal.KeywordMain$runKeyword.call(Unknown Source)
	at com.kms.katalon.core.cucumber.keyword.CucumberBuiltinKeywords.runFeatureFile(CucumberBuiltinKeywords.groovy:46)
	at com.kms.katalon.core.cucumber.keyword.CucumberBuiltinKeywords$runFeatureFile$0.callStatic(Unknown Source)
	at com.kms.katalon.core.cucumber.keyword.CucumberBuiltinKeywords.runFeatureFile(CucumberBuiltinKeywords.groovy:101)
	at com.kms.katalon.core.cucumber.keyword.CucumberBuiltinKeywords$runFeatureFile.call(Unknown Source)
	at 026-Verify-Execute-Idea-form.run(026-Verify-Execute-Idea-form:18)
	at com.kms.katalon.core.main.ScriptEngine.run(ScriptEngine.java:194)
	at com.kms.katalon.core.main.ScriptEngine.runScriptAsRawText(ScriptEngine.java:119)
	at com.kms.katalon.core.main.TestCaseExecutor.runScript(TestCaseExecutor.java:331)
	at com.kms.katalon.core.main.TestCaseExecutor.doExecute(TestCaseExecutor.java:322)
	at com.kms.katalon.core.main.TestCaseExecutor.processExecutionPhase(TestCaseExecutor.java:301)
	at com.kms.katalon.core.main.TestCaseExecutor.accessMainPhase(TestCaseExecutor.java:293)
	at com.kms.katalon.core.main.TestCaseExecutor.execute(TestCaseExecutor.java:227)
	at com.kms.katalon.core.main.TestSuiteExecutor.accessTestCaseMainPhase(TestSuiteExecutor.java:129)
	at com.kms.katalon.core.main.TestSuiteExecutor.accessTestSuiteMainPhase(TestSuiteExecutor.java:112)
	at com.kms.katalon.core.main.TestSuiteExecutor.execute(TestSuiteExecutor.java:81)
	at com.kms.katalon.core.main.TestCaseMain.startTestSuite(TestCaseMain.java:157)
	at com.kms.katalon.core.main.TestCaseMain$startTestSuite$0.call(Unknown Source)
	at TempTestSuite1556705678812.run(TempTestSuite1556705678812.groovy:35)
)

2019-05-01 13:19:59 - [MESSAGE][FAILED] - runFeatureFile("Include/features/Governance-Module/Add-Idea/026-Verify-Execute-Idea-form.feature") FAILED.
Reason:
com.kms.katalon.core.exception.StepFailedException: Feature file 'Include/features/Governance-Module/Add-Idea/026-Verify-Execute-Idea-form.feature' was failed
	at com.kms.katalon.core.keyword.internal.KeywordMain.stepFailed(KeywordMain.groovy:48)
	at com.kms.katalon.core.keyword.internal.KeywordMain.stepFailed(KeywordMain.groovy)
	at com.kms.katalon.core.keyword.internal.KeywordMain.stepFailed(KeywordMain.groovy:21)
	at com.kms.katalon.core.keyword.internal.KeywordMain$stepFailed$0.call(Unknown Source)
	at com.kms.katalon.core.cucumber.keyword.CucumberBuiltinKeywords$_runFeatureFile_closure1.doCall(CucumberBuiltinKeywords.groovy:82)
	at com.kms.katalon.core.cucumber.keyword.CucumberBuiltinKeywords$_runFeatureFile_closure1.doCall(CucumberBuiltinKeywords.groovy)
	at com.kms.katalon.core.keyword.internal.KeywordMain.runKeyword(KeywordMain.groovy:66)
	at com.kms.katalon.core.keyword.internal.KeywordMain$runKeyword.call(Unknown Source)
	at com.kms.katalon.core.cucumber.keyword.CucumberBuiltinKeywords.runFeatureFile(CucumberBuiltinKeywords.groovy:46)
	at com.kms.katalon.core.cucumber.keyword.CucumberBuiltinKeywords$runFeatureFile$0.callStatic(Unknown Source)
	at com.kms.katalon.core.cucumber.keyword.CucumberBuiltinKeywords.runFeatureFile(CucumberBuiltinKeywords.groovy:101)
	at com.kms.katalon.core.cucumber.keyword.CucumberBuiltinKeywords$runFeatureFile.call(Unknown Source)
	at 026-Verify-Execute-Idea-form.run(026-Verify-Execute-Idea-form:18)
	at com.kms.katalon.core.main.ScriptEngine.run(ScriptEngine.java:194)
	at com.kms.katalon.core.main.ScriptEngine.runScriptAsRawText(ScriptEngine.java:119)
	at com.kms.katalon.core.main.TestCaseExecutor.runScript(TestCaseExecutor.java:331)
	at com.kms.katalon.core.main.TestCaseExecutor.doExecute(TestCaseExecutor.java:322)
	at com.kms.katalon.core.main.TestCaseExecutor.processExecutionPhase(TestCaseExecutor.java:301)
	at com.kms.katalon.core.main.TestCaseExecutor.accessMainPhase(TestCaseExecutor.java:293)
	at com.kms.katalon.core.main.TestCaseExecutor.execute(TestCaseExecutor.java:227)
	at com.kms.katalon.core.main.TestSuiteExecutor.accessTestCaseMainPhase(TestSuiteExecutor.java:129)
	at com.kms.katalon.core.main.TestSuiteExecutor.accessTestSuiteMainPhase(TestSuiteExecutor.java:112)
	at com.kms.katalon.core.main.TestSuiteExecutor.execute(TestSuiteExecutor.java:81)
	at com.kms.katalon.core.main.TestCaseMain.startTestSuite(TestCaseMain.java:157)
	at com.kms.katalon.core.main.TestCaseMain$startTestSuite$0.call(Unknown Source)
	at TempTestSuite1556705678812.run(TempTestSuite1556705678812.groovy:35)]]></system-out>
         <system-err><![CDATA[2019-05-01 13:17:44 - [TEST_CASE][FAILED] - Test Cases/Main-Test-Cases/026-Verify-Execute-Idea-form: Test Cases/Main-Test-Cases/026-Verify-Execute-Idea-form FAILED.
Reason:
com.kms.katalon.core.exception.StepFailedException: Feature file 'Include/features/Governance-Module/Add-Idea/026-Verify-Execute-Idea-form.feature' was failed
	at com.kms.katalon.core.keyword.internal.KeywordMain.stepFailed(KeywordMain.groovy:48)
	at com.kms.katalon.core.keyword.internal.KeywordMain.stepFailed(KeywordMain.groovy)
	at com.kms.katalon.core.keyword.internal.KeywordMain.stepFailed(KeywordMain.groovy:21)
	at com.kms.katalon.core.keyword.internal.KeywordMain$stepFailed$0.call(Unknown Source)
	at com.kms.katalon.core.cucumber.keyword.CucumberBuiltinKeywords$_runFeatureFile_closure1.doCall(CucumberBuiltinKeywords.groovy:82)
	at com.kms.katalon.core.cucumber.keyword.CucumberBuiltinKeywords$_runFeatureFile_closure1.doCall(CucumberBuiltinKeywords.groovy)
	at com.kms.katalon.core.keyword.internal.KeywordMain.runKeyword(KeywordMain.groovy:66)
	at com.kms.katalon.core.keyword.internal.KeywordMain$runKeyword.call(Unknown Source)
	at com.kms.katalon.core.cucumber.keyword.CucumberBuiltinKeywords.runFeatureFile(CucumberBuiltinKeywords.groovy:46)
	at com.kms.katalon.core.cucumber.keyword.CucumberBuiltinKeywords$runFeatureFile$0.callStatic(Unknown Source)
	at com.kms.katalon.core.cucumber.keyword.CucumberBuiltinKeywords.runFeatureFile(CucumberBuiltinKeywords.groovy:101)
	at com.kms.katalon.core.cucumber.keyword.CucumberBuiltinKeywords$runFeatureFile.call(Unknown Source)
	at 026-Verify-Execute-Idea-form.run(026-Verify-Execute-Idea-form:18)
	at com.kms.katalon.core.main.ScriptEngine.run(ScriptEngine.java:194)
	at com.kms.katalon.core.main.ScriptEngine.runScriptAsRawText(ScriptEngine.java:119)
	at com.kms.katalon.core.main.TestCaseExecutor.runScript(TestCaseExecutor.java:331)
	at com.kms.katalon.core.main.TestCaseExecutor.doExecute(TestCaseExecutor.java:322)
	at com.kms.katalon.core.main.TestCaseExecutor.processExecutionPhase(TestCaseExecutor.java:301)
	at com.kms.katalon.core.main.TestCaseExecutor.accessMainPhase(TestCaseExecutor.java:293)
	at com.kms.katalon.core.main.TestCaseExecutor.execute(TestCaseExecutor.java:227)
	at com.kms.katalon.core.main.TestSuiteExecutor.accessTestCaseMainPhase(TestSuiteExecutor.java:129)
	at com.kms.katalon.core.main.TestSuiteExecutor.accessTestSuiteMainPhase(TestSuiteExecutor.java:112)
	at com.kms.katalon.core.main.TestSuiteExecutor.execute(TestSuiteExecutor.java:81)
	at com.kms.katalon.core.main.TestCaseMain.startTestSuite(TestCaseMain.java:157)
	at com.kms.katalon.core.main.TestCaseMain$startTestSuite$0.call(Unknown Source)
	at TempTestSuite1556705678812.run(TempTestSuite1556705678812.groovy:35)]]></system-err>
      </testcase>
      <testcase name="Test Cases/Main-Test-Cases/026-Verify-Execute-Idea-form" classname="Test Cases/Main-Test-Cases/026-Verify-Execute-Idea-form" status="PASSED">
         <system-out><![CDATA[2019-05-01 13:19:59 - [TEST_CASE][PASSED] - Test Cases/Main-Test-Cases/026-Verify-Execute-Idea-form: Test Cases/Main-Test-Cases/026-Verify-Execute-Idea-form

2019-05-01 13:19:59 - [TEST_STEP][PASSED] - runFeatureFile("Include/features/Governance-Module/Add-Idea/026-Verify-Execute-Idea-form.feature"): Feature file: 'Include/features/Governance-Module/Add-Idea/026-Verify-Execute-Idea-form.feature' was passed

2019-05-01 13:19:59 - [MESSAGE][INFO] - Starting run keyword runFeatureFile: 'Include/features/Governance-Module/Add-Idea/026-Verify-Execute-Idea-form.feature' and extract report to folder: 'C:\Users\HP\git\PMO-Web-Application\Reports\First-Test-Suite\20190501_131438/cucumber_report/1556705999579'...

2019-05-01 13:19:59 - [TEST_CASE][PASSED] - Start Test Case : SCENARIO Verify execute idea form: SCENARIO Verify execute idea form

2019-05-01 13:19:59 - [TEST_STEP][PASSED] - I want to open browser: I want to open browser

2019-05-01 13:19:59 - [MESSAGE][WARNING] - A browser is already opened. Closing browser and opening a new one

2019-05-01 13:20:00 - [MESSAGE][INFO] - Starting 'Chrome' driver

2019-05-01 13:20:02 - [MESSAGE][PASSED] - Browser is opened with url: ''

2019-05-01 13:20:02 - [MESSAGE][PASSED] - Delete all cookies successfully

2019-05-01 13:20:02 - [MESSAGE][PASSED] - I want to open browser

2019-05-01 13:20:02 - [TEST_STEP][PASSED] - I want to maximize window: I want to maximize window

2019-05-01 13:20:03 - [MESSAGE][PASSED] - Current window maximized

2019-05-01 13:20:03 - [MESSAGE][PASSED] - I want to maximize window

2019-05-01 13:20:03 - [TEST_STEP][PASSED] - I want to go to OOB: I want to go to OOB

2019-05-01 13:20:11 - [MESSAGE][PASSED] - Navigate to 'https://pmoadmin:P@ssw0rd@dev5.cloudapp.net/OOB2/' successfully

2019-05-01 13:20:11 - [MESSAGE][PASSED] - I want to go to OOB

2019-05-01 13:20:11 - [TEST_STEP][PASSED] - I want to verify I'm in OOB main page: I want to verify I'm in OOB main page

2019-05-01 13:20:11 - [MESSAGE][WARNING] - Timeout '0' is invalid. Using default page load timeout: '30'

2019-05-01 13:20:11 - [MESSAGE][PASSED] - Object 'Object Repository/OOBObjects/HomepageObjects/OOBSideBar' is present

2019-05-01 13:20:11 - [MESSAGE][PASSED] - I want to verify I'm in OOB main page

2019-05-01 13:20:11 - [TEST_STEP][PASSED] - I want to go to ideas list page: I want to go to ideas list page

2019-05-01 13:20:15 - [MESSAGE][PASSED] - Object: 'Object Repository/OOBObjects/HomepageObjects/IdeasList' is clicked on

2019-05-01 13:20:15 - [MESSAGE][PASSED] - I want to go to ideas list page

2019-05-01 13:20:15 - [TEST_STEP][PASSED] - I want to click on Add New button: I want to click on Add New button

2019-05-01 13:20:17 - [MESSAGE][PASSED] - Object: 'Object Repository/OOBObjects/IdeasListObjects/AddNewIdeaButton' is clicked on

2019-05-01 13:20:17 - [MESSAGE][PASSED] - I want to click on Add New button

2019-05-01 13:20:17 - [TEST_STEP][PASSED] - I want to fill idea name field: I want to fill idea name field

2019-05-01 13:20:17 - [MESSAGE][PASSED] - Text 'Automation1943' is set on object 'Object Repository/OOBObjects/IdeasListObjects/Idea-Name-Field'

2019-05-01 13:20:17 - [MESSAGE][PASSED] - I want to fill idea name field

2019-05-01 13:20:17 - [TEST_STEP][PASSED] - I want to select expected start date: I want to select expected start date

2019-05-01 13:20:17 - [MESSAGE][PASSED] - Object: 'Object Repository/OOBObjects/IdeasListObjects//GREGORIAN-Start-date-Check-Box' is clicked on

2019-05-01 13:20:17 - [MESSAGE][PASSED] - Object: 'Object Repository/OOBObjects/IdeasListObjects//Excepted-Start-Date' is clicked on

2019-05-01 13:20:18 - [MESSAGE][PASSED] - All options with index in [5] are selected on object 'Object Repository/OOBObjects/IdeasListObjects/StartDateMonthDropDwon'

2019-05-01 13:20:18 - [MESSAGE][PASSED] - Object: 'Object Repository/OOBObjects/IdeasListObjects//Day26' is hovered

2019-05-01 13:20:18 - [MESSAGE][PASSED] - Object: 'Object Repository/OOBObjects/IdeasListObjects//Day26' is clicked on

2019-05-01 13:20:18 - [MESSAGE][PASSED] - I want to select expected start date

2019-05-01 13:20:18 - [TEST_STEP][PASSED] - I want to select expected end date: I want to select expected end date

2019-05-01 13:20:18 - [MESSAGE][PASSED] - Object 'Object Repository/OOBObjects/IdeasListObjects/GREGORIAN-End-Date-Check-Box' is visible

2019-05-01 13:20:18 - [MESSAGE][PASSED] - Object: 'Object Repository/OOBObjects/IdeasListObjects/GREGORIAN-End-Date-Check-Box' is clicked on

2019-05-01 13:20:20 - [MESSAGE][PASSED] - Delayed 2 second(s)

2019-05-01 13:20:20 - [MESSAGE][PASSED] - Object: 'Object Repository/OOBObjects/IdeasListObjects/Excpected-End-Date' is hovered

2019-05-01 13:20:20 - [MESSAGE][PASSED] - Object: 'Object Repository/OOBObjects/IdeasListObjects/Excpected-End-Date' is clicked on

2019-05-01 13:20:20 - [MESSAGE][PASSED] - All options with index in [6] are selected on object 'Object Repository/OOBObjects/IdeasListObjects/EndDateMonthDropdown'

2019-05-01 13:20:20 - [MESSAGE][PASSED] - Object: 'Object Repository/OOBObjects/IdeasListObjects/EndDateDay15' is hovered

2019-05-01 13:20:20 - [MESSAGE][PASSED] - Object: 'Object Repository/OOBObjects/IdeasListObjects/EndDateDay15' is clicked on

2019-05-01 13:20:20 - [MESSAGE][PASSED] - I want to select expected end date

2019-05-01 13:20:20 - [TEST_STEP][PASSED] - I want to fill idea objective field: I want to fill idea objective field

2019-05-01 13:20:20 - [MESSAGE][PASSED] - Text 'Automation' is set on object 'Object Repository/OOBObjects/IdeasListObjects/Idea-Objective-Field'

2019-05-01 13:20:20 - [MESSAGE][PASSED] - I want to fill idea objective field

2019-05-01 13:20:20 - [TEST_STEP][PASSED] - I want to fill expected budget field: I want to fill expected budget field

2019-05-01 13:20:20 - [MESSAGE][PASSED] - Text '10000' is set on object 'Object Repository/OOBObjects/IdeasListObjects/Expected-Budget-Field'

2019-05-01 13:20:20 - [MESSAGE][PASSED] - I want to fill expected budget field

2019-05-01 13:20:20 - [TEST_STEP][PASSED] - I want to fill Notes field: I want to fill Notes field

2019-05-01 13:20:20 - [MESSAGE][PASSED] - Text 'test note' is set on object 'Object Repository/OOBObjects/IdeasListObjects/Notes-Field'

2019-05-01 13:20:20 - [MESSAGE][PASSED] - I want to fill Notes field

2019-05-01 13:20:20 - [TEST_STEP][PASSED] - I want to click send idea button: I want to click send idea button

2019-05-01 13:20:25 - [MESSAGE][PASSED] - Delayed 5 second(s)

2019-05-01 13:20:25 - [MESSAGE][WARNING] - Timeout '0' is invalid. Using default page load timeout: '30'

2019-05-01 13:20:25 - [MESSAGE][PASSED] - Scroll to object 'Object Repository/OOBObjects/IdeasListObjects/CardBlock' successfully

2019-05-01 13:20:25 - [MESSAGE][PASSED] - Object: 'Object Repository/OOBObjects/IdeasListObjects/SendIdeaButton' is clicked on

2019-05-01 13:20:25 - [MESSAGE][PASSED] - I want to click send idea button

2019-05-01 13:20:25 - [TEST_STEP][PASSED] - I want to verify idea added successfuly: I want to verify idea added successfuly

2019-05-01 13:20:25 - [MESSAGE][WARNING] - Timeout '0' is invalid. Using default page load timeout: '30'

2019-05-01 13:20:26 - [MESSAGE][PASSED] - Wait for page load successfully

2019-05-01 13:20:28 - [MESSAGE][PASSED] - Text 'Automation1943' is set on object 'Object Repository/OOBObjects/IdeasListObjects/SearchField'

2019-05-01 13:20:29 - [MESSAGE][PASSED] - Actual text and expected text of test object 'Object Repository/OOBObjects/IdeasListObjects/SearchResult' are matched.

2019-05-01 13:20:29 - [MESSAGE][PASSED] - I want to verify idea added successfuly

2019-05-01 13:20:29 - [TEST_STEP][PASSED] - I want to approve idea: I want to approve idea

2019-05-01 13:20:36 - [MESSAGE][PASSED] - Object: 'Object Repository/OOBObjects/HomepageObjects/InboxIcon' is clicked on

2019-05-01 13:20:36 - [MESSAGE][PASSED] - Object: 'Object Repository/OOBObjects/InboxPageObjects/BeforeInitiatePhase' is clicked on

2019-05-01 13:20:38 - [MESSAGE][PASSED] - Object: 'Object Repository/OOBObjects/InboxPageObjects/FirstIdea' is clicked on

2019-05-01 13:20:38 - [MESSAGE][PASSED] - Object: 'Object Repository/OOBObjects/InboxPageObjects/ApproveIdeaButton' is clicked on

2019-05-01 13:20:47 - [MESSAGE][PASSED] - Object: 'Object Repository/OOBObjects/InboxPageObjects/BeforeInitiatePhase' is clicked on

2019-05-01 13:20:48 - [MESSAGE][PASSED] - Object: 'Object Repository/OOBObjects/InboxPageObjects/FirstIdea' is clicked on

2019-05-01 13:20:48 - [MESSAGE][WARNING] - Timeout '0' is invalid. Using default page load timeout: '30'

2019-05-01 13:20:48 - [MESSAGE][PASSED] - Scroll to object 'Object Repository/OOBObjects/InboxPageObjects/AddNewAttachmentButtonApproveIdea' successfully

2019-05-01 13:20:48 - [MESSAGE][PASSED] - Object: 'Object Repository/OOBObjects/InboxPageObjects/AddNewAttachmentButtonApproveIdea' is clicked on

2019-05-01 13:20:48 - [MESSAGE][PASSED] - File 'C:\Users\HP\Desktop\SK.png' sent to object: 'Object Repository/OOBObjects/InboxPageObjects/UploadFileApproveIdea'

2019-05-01 13:20:48 - [MESSAGE][WARNING] - Timeout '0' is invalid. Using default page load timeout: '30'

2019-05-01 13:20:49 - [MESSAGE][PASSED] - Object 'Object Repository/OOBObjects/InboxPageObjects/AttachedFileApprovedIdea' is present

2019-05-01 13:20:49 - [MESSAGE][PASSED] - Object: 'Object Repository/OOBObjects/InboxPageObjects/LoadButtonApproveIdea' is clicked on

2019-05-01 13:20:49 - [MESSAGE][PASSED] - Object 'Object Repository/OOBObjects/InboxPageObjects/SendAproveIdeaSecondPhase' is clickable

2019-05-01 13:20:49 - [MESSAGE][PASSED] - Object: 'Object Repository/OOBObjects/InboxPageObjects/SendAproveIdeaSecondPhase' is hovered

2019-05-01 13:20:54 - [MESSAGE][PASSED] - Delayed 5 second(s)

2019-05-01 13:20:54 - [MESSAGE][PASSED] - Object: 'Object Repository/OOBObjects/InboxPageObjects/SendAproveIdeaSecondPhase' is clicked on

2019-05-01 13:21:03 - [MESSAGE][PASSED] - Object: 'Object Repository/OOBObjects/InboxPageObjects/BeforeInitiatePhase' is clicked on

2019-05-01 13:21:05 - [MESSAGE][PASSED] - Object: 'Object Repository/OOBObjects/InboxPageObjects/FirstIdea' is clicked on

2019-05-01 13:21:05 - [MESSAGE][PASSED] - Object: 'Object Repository/OOBObjects/InboxPageObjects/StrategicObjectiveCheckBox' is clicked on

2019-05-01 13:21:05 - [MESSAGE][PASSED] - All options with index in [1] are selected on object 'Object Repository/OOBObjects/InboxPageObjects/ddlInitiativesDropdwon'

2019-05-01 13:21:05 - [MESSAGE][PASSED] - Object: 'Object Repository/OOBObjects/InboxPageObjects/SendApproveIdeaThirdPhase' is clicked on

2019-05-01 13:21:14 - [MESSAGE][PASSED] - Object: 'Object Repository/OOBObjects/InboxPageObjects/BeforeInitiatePhase' is clicked on

2019-05-01 13:21:16 - [MESSAGE][PASSED] - Object: 'Object Repository/OOBObjects/InboxPageObjects/FirstIdea' is clicked on

2019-05-01 13:21:16 - [MESSAGE][PASSED] - All options with index in [1] are selected on object 'Object Repository/OOBObjects/InboxPageObjects/WalletDropdownApproveIdea'

2019-05-01 13:21:16 - [MESSAGE][PASSED] - All options with index in [1] are selected on object 'Object Repository/OOBObjects/InboxPageObjects/ProgramDropdownApproveIdea'

2019-05-01 13:21:16 - [MESSAGE][PASSED] - All options with index in [1] are selected on object 'Object Repository/OOBObjects/InboxPageObjects/OwnerDropdownApproveIdea'

2019-05-01 13:21:16 - [MESSAGE][PASSED] - Object: 'Object Repository/OOBObjects/InboxPageObjects/SendApproveIdeaFourthPhase' is clicked on

2019-05-01 13:21:25 - [MESSAGE][PASSED] - Object: 'Object Repository/OOBObjects/InboxPageObjects/BeforeInitiatePhase' is clicked on

2019-05-01 13:21:27 - [MESSAGE][PASSED] - Object: 'Object Repository/OOBObjects/InboxPageObjects/FirstIdea' is clicked on

2019-05-01 13:21:27 - [MESSAGE][PASSED] - Object: 'Object Repository/OOBObjects/InboxPageObjects/ApproveButtonFivthPhase' is clicked on

2019-05-01 13:21:36 - [MESSAGE][PASSED] - Object: 'Object Repository/OOBObjects/InboxPageObjects/BeforeInitiatePhase' is clicked on

2019-05-01 13:21:39 - [MESSAGE][PASSED] - Object: 'Object Repository/OOBObjects/InboxPageObjects/FirstIdea' is clicked on

2019-05-01 13:21:39 - [MESSAGE][PASSED] - Object: 'Object Repository/OOBObjects/InboxPageObjects/GeorgianCheckBoxApproveIdea' is clicked on

2019-05-01 13:21:39 - [MESSAGE][PASSED] - Object: 'Object Repository/OOBObjects/InboxPageObjects/ExceptedExecutionDateApproveIdea' is clicked on

2019-05-01 13:21:39 - [MESSAGE][PASSED] - All options with index in [3] are selected on object 'Object Repository/OOBObjects/InboxPageObjects/MonthsDropdownApproveIdea'

2019-05-01 13:21:39 - [MESSAGE][PASSED] - Object: 'Object Repository/OOBObjects/InboxPageObjects/Day30ApproveIdeaExcutionDate' is hovered

2019-05-01 13:21:39 - [MESSAGE][PASSED] - Object: 'Object Repository/OOBObjects/InboxPageObjects/Day30ApproveIdeaExcutionDate' is clicked on

2019-05-01 13:21:39 - [MESSAGE][PASSED] - All options with index in [1] are selected on object 'Object Repository/OOBObjects/InboxPageObjects/PriorityDropdownApproveIdea'

2019-05-01 13:21:40 - [MESSAGE][PASSED] - Object: 'Object Repository/OOBObjects/InboxPageObjects/SubmitButtonApproveIdae' is clicked on

2019-05-01 13:21:40 - [MESSAGE][PASSED] - I want to approve idea

2019-05-01 13:21:40 - [TEST_STEP][PASSED] - I want to go to OOB: I want to go to OOB

2019-05-01 13:21:49 - [MESSAGE][PASSED] - Navigate to 'https://pmoadmin:P@ssw0rd@dev5.cloudapp.net/OOB2/' successfully

2019-05-01 13:21:49 - [MESSAGE][PASSED] - I want to go to OOB

2019-05-01 13:21:49 - [TEST_STEP][PASSED] - I want to go to approved ideas list page: I want to go to approved ideas list page

2019-05-01 13:21:56 - [MESSAGE][PASSED] - Object: 'Object Repository/OOBObjects/HomepageObjects/ApprovedIdeasList' is clicked on

2019-05-01 13:21:56 - [MESSAGE][PASSED] - I want to go to approved ideas list page

2019-05-01 13:21:56 - [TEST_STEP][PASSED] - I want to search for approved idea by name: I want to search for approved idea by name

2019-05-01 13:21:56 - [MESSAGE][PASSED] - Text 'Automation1943' is set on object 'Object Repository/OOBObjects/ApprovedIdeasListObjects/ApprovedIdeasSearchField'

2019-05-01 13:21:56 - [MESSAGE][PASSED] - Actual text and expected text of test object 'Object Repository/OOBObjects/ApprovedIdeasListObjects/IdeaNameLinkInApprovedIdeasList' are matched.

2019-05-01 13:21:56 - [MESSAGE][PASSED] - I want to search for approved idea by name

2019-05-01 13:21:56 - [TEST_STEP][PASSED] - I want to click Excute button: I want to click Excute button

2019-05-01 13:21:59 - [MESSAGE][PASSED] - Object: 'Object Repository/OOBObjects/ApprovedIdeasListObjects/ExcuteButton' is clicked on

2019-05-01 13:21:59 - [MESSAGE][PASSED] - I want to click Excute button

2019-05-01 13:21:59 - [TEST_STEP][PASSED] - I want to verify im in add new project page: I want to verify im in add new project page

2019-05-01 13:21:59 - [MESSAGE][WARNING] - Timeout '0' is invalid. Using default page load timeout: '30'

2019-05-01 13:21:59 - [MESSAGE][PASSED] - Object 'Object Repository/OOBObjects/ApprovedIdeasListObjects/AddNewProjectLabel' is present

2019-05-01 13:21:59 - [MESSAGE][PASSED] - I want to verify im in add new project page

2019-05-01 13:21:59 - [TEST_STEP][PASSED] - I want to check already filled fields: I want to check already filled fields

2019-05-01 13:21:59 - [MESSAGE][PASSED] - Text of object 'Object Repository/OOBObjects/ProjectsListObjects/ProjectNameField' is: ''

2019-05-01 13:21:59 - [MESSAGE][PASSED] - Actual object '' and expected object 'null' are not equal

2019-05-01 13:21:59 - [MESSAGE][PASSED] - Text of object 'Object Repository/OOBObjects/ProjectsListObjects/PlannedStartDate' is: ''

2019-05-01 13:21:59 - [MESSAGE][PASSED] - Actual object '' and expected object 'null' are not equal

2019-05-01 13:21:59 - [MESSAGE][PASSED] - Text of object 'Object Repository/OOBObjects/ProjectsListObjects/PlannedEndDate' is: ''

2019-05-01 13:21:59 - [MESSAGE][PASSED] - Actual object '' and expected object 'null' are not equal

2019-05-01 13:21:59 - [MESSAGE][PASSED] - Text of object 'Object Repository/OOBObjects/ProjectsListObjects/Duration' is: ''

2019-05-01 13:21:59 - [MESSAGE][PASSED] - Actual object '' and expected object 'null' are not equal

2019-05-01 13:21:59 - [MESSAGE][PASSED] - I want to check already filled fields

2019-05-01 13:21:59 - [TEST_STEP][PASSED] - I want to close browser: I want to close browser

2019-05-01 13:21:59 - [MESSAGE][PASSED] - Browser is closed

2019-05-01 13:21:59 - [MESSAGE][PASSED] - I want to close browser

2019-05-01 13:21:59 - [MESSAGE][PASSED] - Feature file: 'Include/features/Governance-Module/Add-Idea/026-Verify-Execute-Idea-form.feature' was passed]]></system-out>
         <system-err><![CDATA[]]></system-err>
      </testcase>
      <testcase name="Test Cases/Main-Test-Cases/029-Verify-Related-Project-Link" classname="Test Cases/Main-Test-Cases/029-Verify-Related-Project-Link" status="FAILED">
         <failure type="FAILED" message="Test Cases/Main-Test-Cases/029-Verify-Related-Project-Link FAILED.
Reason:
com.kms.katalon.core.exception.StepFailedException: Feature file 'Include/features/Governance-Module/Add-Idea/029-Verify-Related-Project-Link.feature' was failed
	at com.kms.katalon.core.keyword.internal.KeywordMain.stepFailed(KeywordMain.groovy:48)
	at com.kms.katalon.core.keyword.internal.KeywordMain.stepFailed(KeywordMain.groovy)
	at com.kms.katalon.core.keyword.internal.KeywordMain.stepFailed(KeywordMain.groovy:21)
	at com.kms.katalon.core.keyword.internal.KeywordMain$stepFailed$0.call(Unknown Source)
	at com.kms.katalon.core.cucumber.keyword.CucumberBuiltinKeywords$_runFeatureFile_closure1.doCall(CucumberBuiltinKeywords.groovy:82)
	at com.kms.katalon.core.cucumber.keyword.CucumberBuiltinKeywords$_runFeatureFile_closure1.doCall(CucumberBuiltinKeywords.groovy)
	at com.kms.katalon.core.keyword.internal.KeywordMain.runKeyword(KeywordMain.groovy:66)
	at com.kms.katalon.core.keyword.internal.KeywordMain$runKeyword.call(Unknown Source)
	at com.kms.katalon.core.cucumber.keyword.CucumberBuiltinKeywords.runFeatureFile(CucumberBuiltinKeywords.groovy:46)
	at com.kms.katalon.core.cucumber.keyword.CucumberBuiltinKeywords$runFeatureFile$0.callStatic(Unknown Source)
	at com.kms.katalon.core.cucumber.keyword.CucumberBuiltinKeywords.runFeatureFile(CucumberBuiltinKeywords.groovy:101)
	at com.kms.katalon.core.cucumber.keyword.CucumberBuiltinKeywords$runFeatureFile.call(Unknown Source)
	at 029-Verify-Related-Project-Link.run(029-Verify-Related-Project-Link:18)
	at com.kms.katalon.core.main.ScriptEngine.run(ScriptEngine.java:194)
	at com.kms.katalon.core.main.ScriptEngine.runScriptAsRawText(ScriptEngine.java:119)
	at com.kms.katalon.core.main.TestCaseExecutor.runScript(TestCaseExecutor.java:331)
	at com.kms.katalon.core.main.TestCaseExecutor.doExecute(TestCaseExecutor.java:322)
	at com.kms.katalon.core.main.TestCaseExecutor.processExecutionPhase(TestCaseExecutor.java:301)
	at com.kms.katalon.core.main.TestCaseExecutor.accessMainPhase(TestCaseExecutor.java:293)
	at com.kms.katalon.core.main.TestCaseExecutor.execute(TestCaseExecutor.java:227)
	at com.kms.katalon.core.main.TestSuiteExecutor.accessTestCaseMainPhase(TestSuiteExecutor.java:129)
	at com.kms.katalon.core.main.TestSuiteExecutor.accessTestSuiteMainPhase(TestSuiteExecutor.java:112)
	at com.kms.katalon.core.main.TestSuiteExecutor.execute(TestSuiteExecutor.java:81)
	at com.kms.katalon.core.main.TestCaseMain.startTestSuite(TestCaseMain.java:157)
	at com.kms.katalon.core.main.TestCaseMain$startTestSuite$0.call(Unknown Source)
	at TempTestSuite1556705678812.run(TempTestSuite1556705678812.groovy:35)
"/>
         <system-out><![CDATA[2019-05-01 13:21:59 - [TEST_CASE][FAILED] - Test Cases/Main-Test-Cases/029-Verify-Related-Project-Link: Test Cases/Main-Test-Cases/029-Verify-Related-Project-Link FAILED.
Reason:
com.kms.katalon.core.exception.StepFailedException: Feature file 'Include/features/Governance-Module/Add-Idea/029-Verify-Related-Project-Link.feature' was failed
	at com.kms.katalon.core.keyword.internal.KeywordMain.stepFailed(KeywordMain.groovy:48)
	at com.kms.katalon.core.keyword.internal.KeywordMain.stepFailed(KeywordMain.groovy)
	at com.kms.katalon.core.keyword.internal.KeywordMain.stepFailed(KeywordMain.groovy:21)
	at com.kms.katalon.core.keyword.internal.KeywordMain$stepFailed$0.call(Unknown Source)
	at com.kms.katalon.core.cucumber.keyword.CucumberBuiltinKeywords$_runFeatureFile_closure1.doCall(CucumberBuiltinKeywords.groovy:82)
	at com.kms.katalon.core.cucumber.keyword.CucumberBuiltinKeywords$_runFeatureFile_closure1.doCall(CucumberBuiltinKeywords.groovy)
	at com.kms.katalon.core.keyword.internal.KeywordMain.runKeyword(KeywordMain.groovy:66)
	at com.kms.katalon.core.keyword.internal.KeywordMain$runKeyword.call(Unknown Source)
	at com.kms.katalon.core.cucumber.keyword.CucumberBuiltinKeywords.runFeatureFile(CucumberBuiltinKeywords.groovy:46)
	at com.kms.katalon.core.cucumber.keyword.CucumberBuiltinKeywords$runFeatureFile$0.callStatic(Unknown Source)
	at com.kms.katalon.core.cucumber.keyword.CucumberBuiltinKeywords.runFeatureFile(CucumberBuiltinKeywords.groovy:101)
	at com.kms.katalon.core.cucumber.keyword.CucumberBuiltinKeywords$runFeatureFile.call(Unknown Source)
	at 029-Verify-Related-Project-Link.run(029-Verify-Related-Project-Link:18)
	at com.kms.katalon.core.main.ScriptEngine.run(ScriptEngine.java:194)
	at com.kms.katalon.core.main.ScriptEngine.runScriptAsRawText(ScriptEngine.java:119)
	at com.kms.katalon.core.main.TestCaseExecutor.runScript(TestCaseExecutor.java:331)
	at com.kms.katalon.core.main.TestCaseExecutor.doExecute(TestCaseExecutor.java:322)
	at com.kms.katalon.core.main.TestCaseExecutor.processExecutionPhase(TestCaseExecutor.java:301)
	at com.kms.katalon.core.main.TestCaseExecutor.accessMainPhase(TestCaseExecutor.java:293)
	at com.kms.katalon.core.main.TestCaseExecutor.execute(TestCaseExecutor.java:227)
	at com.kms.katalon.core.main.TestSuiteExecutor.accessTestCaseMainPhase(TestSuiteExecutor.java:129)
	at com.kms.katalon.core.main.TestSuiteExecutor.accessTestSuiteMainPhase(TestSuiteExecutor.java:112)
	at com.kms.katalon.core.main.TestSuiteExecutor.execute(TestSuiteExecutor.java:81)
	at com.kms.katalon.core.main.TestCaseMain.startTestSuite(TestCaseMain.java:157)
	at com.kms.katalon.core.main.TestCaseMain$startTestSuite$0.call(Unknown Source)
	at TempTestSuite1556705678812.run(TempTestSuite1556705678812.groovy:35)


2019-05-01 13:22:00 - [TEST_STEP][FAILED] - runFeatureFile("Include/features/Governance-Module/Add-Idea/029-Verify-Related-Project-Link.feature"): runFeatureFile("Include/features/Governance-Module/Add-Idea/029-Verify-Related-Project-Link.feature") FAILED.
Reason:
com.kms.katalon.core.exception.StepFailedException: Feature file 'Include/features/Governance-Module/Add-Idea/029-Verify-Related-Project-Link.feature' was failed
	at com.kms.katalon.core.keyword.internal.KeywordMain.stepFailed(KeywordMain.groovy:48)
	at com.kms.katalon.core.keyword.internal.KeywordMain.stepFailed(KeywordMain.groovy)
	at com.kms.katalon.core.keyword.internal.KeywordMain.stepFailed(KeywordMain.groovy:21)
	at com.kms.katalon.core.keyword.internal.KeywordMain$stepFailed$0.call(Unknown Source)
	at com.kms.katalon.core.cucumber.keyword.CucumberBuiltinKeywords$_runFeatureFile_closure1.doCall(CucumberBuiltinKeywords.groovy:82)
	at com.kms.katalon.core.cucumber.keyword.CucumberBuiltinKeywords$_runFeatureFile_closure1.doCall(CucumberBuiltinKeywords.groovy)
	at com.kms.katalon.core.keyword.internal.KeywordMain.runKeyword(KeywordMain.groovy:66)
	at com.kms.katalon.core.keyword.internal.KeywordMain$runKeyword.call(Unknown Source)
	at com.kms.katalon.core.cucumber.keyword.CucumberBuiltinKeywords.runFeatureFile(CucumberBuiltinKeywords.groovy:46)
	at com.kms.katalon.core.cucumber.keyword.CucumberBuiltinKeywords$runFeatureFile$0.callStatic(Unknown Source)
	at com.kms.katalon.core.cucumber.keyword.CucumberBuiltinKeywords.runFeatureFile(CucumberBuiltinKeywords.groovy:101)
	at com.kms.katalon.core.cucumber.keyword.CucumberBuiltinKeywords$runFeatureFile.call(Unknown Source)
	at 029-Verify-Related-Project-Link.run(029-Verify-Related-Project-Link:18)
	at com.kms.katalon.core.main.ScriptEngine.run(ScriptEngine.java:194)
	at com.kms.katalon.core.main.ScriptEngine.runScriptAsRawText(ScriptEngine.java:119)
	at com.kms.katalon.core.main.TestCaseExecutor.runScript(TestCaseExecutor.java:331)
	at com.kms.katalon.core.main.TestCaseExecutor.doExecute(TestCaseExecutor.java:322)
	at com.kms.katalon.core.main.TestCaseExecutor.processExecutionPhase(TestCaseExecutor.java:301)
	at com.kms.katalon.core.main.TestCaseExecutor.accessMainPhase(TestCaseExecutor.java:293)
	at com.kms.katalon.core.main.TestCaseExecutor.execute(TestCaseExecutor.java:227)
	at com.kms.katalon.core.main.TestSuiteExecutor.accessTestCaseMainPhase(TestSuiteExecutor.java:129)
	at com.kms.katalon.core.main.TestSuiteExecutor.accessTestSuiteMainPhase(TestSuiteExecutor.java:112)
	at com.kms.katalon.core.main.TestSuiteExecutor.execute(TestSuiteExecutor.java:81)
	at com.kms.katalon.core.main.TestCaseMain.startTestSuite(TestCaseMain.java:157)
	at com.kms.katalon.core.main.TestCaseMain$startTestSuite$0.call(Unknown Source)
	at TempTestSuite1556705678812.run(TempTestSuite1556705678812.groovy:35)


2019-05-01 13:22:00 - [MESSAGE][INFO] - Starting run keyword runFeatureFile: 'Include/features/Governance-Module/Add-Idea/029-Verify-Related-Project-Link.feature' and extract report to folder: 'C:\Users\HP\git\PMO-Web-Application\Reports\First-Test-Suite\20190501_131438/cucumber_report/1556706120202'...

2019-05-01 13:22:00 - [TEST_CASE][FAILED] - Start Test Case : SCENARIO Verify related project link for executed idea: SCENARIO Verify related project link for executed idea FAILED.
Reason:
com.kms.katalon.core.exception.StepFailedException: Unable to set text 'Automation5169' of object 'Object Repository/OOBObjects/IdeasListObjects/SearchField'
	at com.kms.katalon.core.webui.keyword.internal.WebUIKeywordMain.stepFailed(WebUIKeywordMain.groovy:64)
	at com.kms.katalon.core.webui.keyword.internal.WebUIKeywordMain.runKeyword(WebUIKeywordMain.groovy:26)
	at com.kms.katalon.core.webui.keyword.builtin.SetTextKeyword.setText(SetTextKeyword.groovy:65)
	at com.kms.katalon.core.webui.keyword.builtin.SetTextKeyword.execute(SetTextKeyword.groovy:37)
	at com.kms.katalon.core.keyword.internal.KeywordExecutor.executeKeywordForPlatform(KeywordExecutor.groovy:56)
	at com.kms.katalon.core.webui.keyword.WebUiBuiltInKeywords.setText(WebUiBuiltInKeywords.groovy:950)
	at com.kms.katalon.core.webui.keyword.WebUiBuiltInKeywords$setText$7.call(Unknown Source)
	at com.pmo.steps.AddIdeaSteps.verifyIdeaAdded(AddIdeaSteps.groovy:344)
	at ✽.I want to verify idea added successfuly(C:/Users/HP/git/PMO-Web-Application/Include/features/Governance-Module/Add-Idea/029-Verify-Related-Project-Link.feature:20)
Caused by: com.kms.katalon.core.webui.exception.WebElementNotFoundException: Web element with id: 'Object Repository/OOBObjects/IdeasListObjects/SearchField' located by 'By.xpath: //input[@type='search']' not found
	at com.kms.katalon.core.webui.common.WebUiCommonHelper.findWebElement(WebUiCommonHelper.java:1053)
	at com.kms.katalon.core.webui.keyword.internal.WebUIAbstractKeyword.findWebElement(WebUIAbstractKeyword.groovy:27)
	at com.kms.katalon.core.webui.keyword.internal.WebUIAbstractKeyword.findWebElement(WebUIAbstractKeyword.groovy:26)
	at com.kms.katalon.core.webui.keyword.builtin.SetTextKeyword$_setText_closure1.doCall(SetTextKeyword.groovy:51)
	at com.kms.katalon.core.webui.keyword.builtin.SetTextKeyword$_setText_closure1.call(SetTextKeyword.groovy)
	at com.kms.katalon.core.webui.keyword.internal.WebUIKeywordMain.runKeyword(WebUIKeywordMain.groovy:20)
	at com.kms.katalon.core.webui.keyword.builtin.SetTextKeyword.setText(SetTextKeyword.groovy:65)
	at com.kms.katalon.core.webui.keyword.builtin.SetTextKeyword.execute(SetTextKeyword.groovy:37)
	at com.kms.katalon.core.keyword.internal.KeywordExecutor.executeKeywordForPlatform(KeywordExecutor.groovy:56)
	at com.kms.katalon.core.webui.keyword.WebUiBuiltInKeywords.setText(WebUiBuiltInKeywords.groovy:950)
	at com.kms.katalon.core.webui.keyword.WebUiBuiltInKeywords$setText$7.call(Unknown Source)
	at com.pmo.steps.AddIdeaSteps.verifyIdeaAdded(AddIdeaSteps.groovy:344)
	at cucumber.runtime.Utils$1.call(Utils.java:26)
	at cucumber.runtime.Timeout.timeout(Timeout.java:16)
	at cucumber.runtime.Utils.invoke(Utils.java:20)
	at cucumber.runtime.java.JavaStepDefinition.execute(JavaStepDefinition.java:48)
	at cucumber.runtime.PickleStepDefinitionMatch.runStep(PickleStepDefinitionMatch.java:50)
	at cucumber.runner.TestStep.executeStep(TestStep.java:55)
	at cucumber.runner.TestStep.run(TestStep.java:42)
	at cucumber.runner.PickleStepTestStep.run(PickleStepTestStep.java:53)
	at cucumber.runner.TestCase.run(TestCase.java:47)
	at cucumber.runner.Runner.runPickle(Runner.java:44)
	at cucumber.runtime.Runtime.runFeature(Runtime.java:120)
	at cucumber.runtime.Runtime.run(Runtime.java:106)
	at cucumber.api.cli.Main.run(Main.java:35)
	at cucumber.api.cli.Main$run.call(Unknown Source)
	at com.kms.katalon.core.cucumber.keyword.CucumberBuiltinKeywords$_runFeatureFile_closure1.doCall(CucumberBuiltinKeywords.groovy:76)
	at com.kms.katalon.core.cucumber.keyword.CucumberBuiltinKeywords$_runFeatureFile_closure1.doCall(CucumberBuiltinKeywords.groovy)
	at com.kms.katalon.core.keyword.internal.KeywordMain.runKeyword(KeywordMain.groovy:66)
	at com.kms.katalon.core.keyword.internal.KeywordMain$runKeyword.call(Unknown Source)
	at com.kms.katalon.core.cucumber.keyword.CucumberBuiltinKeywords.runFeatureFile(CucumberBuiltinKeywords.groovy:46)
	at com.kms.katalon.core.cucumber.keyword.CucumberBuiltinKeywords$runFeatureFile$0.callStatic(Unknown Source)
	at com.kms.katalon.core.cucumber.keyword.CucumberBuiltinKeywords.runFeatureFile(CucumberBuiltinKeywords.groovy:101)
	at com.kms.katalon.core.cucumber.keyword.CucumberBuiltinKeywords$runFeatureFile.call(Unknown Source)
	at Script1556704194261.run(Script1556704194261.groovy:18)
	at com.kms.katalon.core.main.ScriptEngine.run(ScriptEngine.java:194)
	at com.kms.katalon.core.main.ScriptEngine.runScriptAsRawText(ScriptEngine.java:119)
	at com.kms.katalon.core.main.TestCaseExecutor.runScript(TestCaseExecutor.java:331)
	at com.kms.katalon.core.main.TestCaseExecutor.doExecute(TestCaseExecutor.java:322)
	at com.kms.katalon.core.main.TestCaseExecutor.processExecutionPhase(TestCaseExecutor.java:301)
	at com.kms.katalon.core.main.TestCaseExecutor.accessMainPhase(TestCaseExecutor.java:293)
	at com.kms.katalon.core.main.TestCaseExecutor.execute(TestCaseExecutor.java:227)
	at com.kms.katalon.core.main.TestSuiteExecutor.accessTestCaseMainPhase(TestSuiteExecutor.java:129)
	at com.kms.katalon.core.main.TestSuiteExecutor.accessTestSuiteMainPhase(TestSuiteExecutor.java:112)
	at com.kms.katalon.core.main.TestSuiteExecutor.execute(TestSuiteExecutor.java:81)
	at com.kms.katalon.core.main.TestCaseMain.startTestSuite(TestCaseMain.java:157)
	at com.kms.katalon.core.main.TestCaseMain$startTestSuite$0.call(Unknown Source)
	at TempTestSuite1556705678812.run(TempTestSuite1556705678812.groovy:35)


2019-05-01 13:22:00 - [TEST_STEP][PASSED] - I want to open browser: I want to open browser

2019-05-01 13:22:00 - [MESSAGE][INFO] - Starting 'Chrome' driver

2019-05-01 13:22:02 - [MESSAGE][PASSED] - Browser is opened with url: ''

2019-05-01 13:22:02 - [MESSAGE][PASSED] - Delete all cookies successfully

2019-05-01 13:22:02 - [MESSAGE][PASSED] - I want to open browser

2019-05-01 13:22:02 - [TEST_STEP][PASSED] - I want to maximize window: I want to maximize window

2019-05-01 13:22:03 - [MESSAGE][PASSED] - Current window maximized

2019-05-01 13:22:03 - [MESSAGE][PASSED] - I want to maximize window

2019-05-01 13:22:03 - [TEST_STEP][PASSED] - I want to go to OOB: I want to go to OOB

2019-05-01 13:22:10 - [MESSAGE][PASSED] - Navigate to 'https://pmoadmin:P@ssw0rd@dev5.cloudapp.net/OOB2/' successfully

2019-05-01 13:22:10 - [MESSAGE][PASSED] - I want to go to OOB

2019-05-01 13:22:10 - [TEST_STEP][PASSED] - I want to verify I'm in OOB main page: I want to verify I'm in OOB main page

2019-05-01 13:22:10 - [MESSAGE][WARNING] - Timeout '0' is invalid. Using default page load timeout: '30'

2019-05-01 13:22:10 - [MESSAGE][PASSED] - Object 'Object Repository/OOBObjects/HomepageObjects/OOBSideBar' is present

2019-05-01 13:22:10 - [MESSAGE][PASSED] - I want to verify I'm in OOB main page

2019-05-01 13:22:10 - [TEST_STEP][PASSED] - I want to go to ideas list page: I want to go to ideas list page

2019-05-01 13:22:14 - [MESSAGE][PASSED] - Object: 'Object Repository/OOBObjects/HomepageObjects/IdeasList' is clicked on

2019-05-01 13:22:14 - [MESSAGE][PASSED] - I want to go to ideas list page

2019-05-01 13:22:14 - [TEST_STEP][PASSED] - I want to click on Add New button: I want to click on Add New button

2019-05-01 13:22:15 - [MESSAGE][PASSED] - Object: 'Object Repository/OOBObjects/IdeasListObjects/AddNewIdeaButton' is clicked on

2019-05-01 13:22:15 - [MESSAGE][PASSED] - I want to click on Add New button

2019-05-01 13:22:15 - [TEST_STEP][PASSED] - I want to fill idea name field: I want to fill idea name field

2019-05-01 13:22:15 - [MESSAGE][PASSED] - Text 'Automation5169' is set on object 'Object Repository/OOBObjects/IdeasListObjects/Idea-Name-Field'

2019-05-01 13:22:15 - [MESSAGE][PASSED] - I want to fill idea name field

2019-05-01 13:22:15 - [TEST_STEP][PASSED] - I want to select expected start date: I want to select expected start date

2019-05-01 13:22:15 - [MESSAGE][PASSED] - Object: 'Object Repository/OOBObjects/IdeasListObjects//GREGORIAN-Start-date-Check-Box' is clicked on

2019-05-01 13:22:15 - [MESSAGE][PASSED] - Object: 'Object Repository/OOBObjects/IdeasListObjects//Excepted-Start-Date' is clicked on

2019-05-01 13:22:16 - [MESSAGE][PASSED] - All options with index in [5] are selected on object 'Object Repository/OOBObjects/IdeasListObjects/StartDateMonthDropDwon'

2019-05-01 13:22:16 - [MESSAGE][PASSED] - Object: 'Object Repository/OOBObjects/IdeasListObjects//Day26' is hovered

2019-05-01 13:22:16 - [MESSAGE][PASSED] - Object: 'Object Repository/OOBObjects/IdeasListObjects//Day26' is clicked on

2019-05-01 13:22:16 - [MESSAGE][PASSED] - I want to select expected start date

2019-05-01 13:22:16 - [TEST_STEP][PASSED] - I want to select expected end date: I want to select expected end date

2019-05-01 13:22:16 - [MESSAGE][PASSED] - Object 'Object Repository/OOBObjects/IdeasListObjects/GREGORIAN-End-Date-Check-Box' is visible

2019-05-01 13:22:16 - [MESSAGE][PASSED] - Object: 'Object Repository/OOBObjects/IdeasListObjects/GREGORIAN-End-Date-Check-Box' is clicked on

2019-05-01 13:22:18 - [MESSAGE][PASSED] - Delayed 2 second(s)

2019-05-01 13:22:18 - [MESSAGE][PASSED] - Object: 'Object Repository/OOBObjects/IdeasListObjects/Excpected-End-Date' is hovered

2019-05-01 13:22:18 - [MESSAGE][PASSED] - Object: 'Object Repository/OOBObjects/IdeasListObjects/Excpected-End-Date' is clicked on

2019-05-01 13:22:18 - [MESSAGE][PASSED] - All options with index in [6] are selected on object 'Object Repository/OOBObjects/IdeasListObjects/EndDateMonthDropdown'

2019-05-01 13:22:18 - [MESSAGE][PASSED] - Object: 'Object Repository/OOBObjects/IdeasListObjects/EndDateDay15' is hovered

2019-05-01 13:22:18 - [MESSAGE][PASSED] - Object: 'Object Repository/OOBObjects/IdeasListObjects/EndDateDay15' is clicked on

2019-05-01 13:22:18 - [MESSAGE][PASSED] - I want to select expected end date

2019-05-01 13:22:18 - [TEST_STEP][PASSED] - I want to fill idea objective field: I want to fill idea objective field

2019-05-01 13:22:18 - [MESSAGE][PASSED] - Text 'Automation' is set on object 'Object Repository/OOBObjects/IdeasListObjects/Idea-Objective-Field'

2019-05-01 13:22:18 - [MESSAGE][PASSED] - I want to fill idea objective field

2019-05-01 13:22:18 - [TEST_STEP][PASSED] - I want to fill expected budget field: I want to fill expected budget field

2019-05-01 13:22:18 - [MESSAGE][PASSED] - Text '10000' is set on object 'Object Repository/OOBObjects/IdeasListObjects/Expected-Budget-Field'

2019-05-01 13:22:18 - [MESSAGE][PASSED] - I want to fill expected budget field

2019-05-01 13:22:18 - [TEST_STEP][PASSED] - I want to fill Notes field: I want to fill Notes field

2019-05-01 13:22:18 - [MESSAGE][PASSED] - Text 'test note' is set on object 'Object Repository/OOBObjects/IdeasListObjects/Notes-Field'

2019-05-01 13:22:18 - [MESSAGE][PASSED] - I want to fill Notes field

2019-05-01 13:22:18 - [TEST_STEP][PASSED] - I want to click send idea button: I want to click send idea button

2019-05-01 13:22:23 - [MESSAGE][PASSED] - Delayed 5 second(s)

2019-05-01 13:22:23 - [MESSAGE][WARNING] - Timeout '0' is invalid. Using default page load timeout: '30'

2019-05-01 13:22:24 - [MESSAGE][PASSED] - Scroll to object 'Object Repository/OOBObjects/IdeasListObjects/CardBlock' successfully

2019-05-01 13:22:24 - [MESSAGE][PASSED] - Object: 'Object Repository/OOBObjects/IdeasListObjects/SendIdeaButton' is clicked on

2019-05-01 13:22:24 - [MESSAGE][PASSED] - I want to click send idea button

2019-05-01 13:22:24 - [TEST_STEP][FAILED] - I want to verify idea added successfuly: I want to verify idea added successfuly FAILED.
Reason:
com.kms.katalon.core.exception.StepFailedException: Unable to set text 'Automation5169' of object 'Object Repository/OOBObjects/IdeasListObjects/SearchField'
	at com.kms.katalon.core.webui.keyword.internal.WebUIKeywordMain.stepFailed(WebUIKeywordMain.groovy:64)
	at com.kms.katalon.core.webui.keyword.internal.WebUIKeywordMain.runKeyword(WebUIKeywordMain.groovy:26)
	at com.kms.katalon.core.webui.keyword.builtin.SetTextKeyword.setText(SetTextKeyword.groovy:65)
	at com.kms.katalon.core.webui.keyword.builtin.SetTextKeyword.execute(SetTextKeyword.groovy:37)
	at com.kms.katalon.core.keyword.internal.KeywordExecutor.executeKeywordForPlatform(KeywordExecutor.groovy:56)
	at com.kms.katalon.core.webui.keyword.WebUiBuiltInKeywords.setText(WebUiBuiltInKeywords.groovy:950)
	at com.kms.katalon.core.webui.keyword.WebUiBuiltInKeywords$setText$7.call(Unknown Source)
	at com.pmo.steps.AddIdeaSteps.verifyIdeaAdded(AddIdeaSteps.groovy:344)
	at ✽.I want to verify idea added successfuly(C:/Users/HP/git/PMO-Web-Application/Include/features/Governance-Module/Add-Idea/029-Verify-Related-Project-Link.feature:20)
Caused by: com.kms.katalon.core.webui.exception.WebElementNotFoundException: Web element with id: 'Object Repository/OOBObjects/IdeasListObjects/SearchField' located by 'By.xpath: //input[@type='search']' not found
	at com.kms.katalon.core.webui.common.WebUiCommonHelper.findWebElement(WebUiCommonHelper.java:1053)
	at com.kms.katalon.core.webui.keyword.internal.WebUIAbstractKeyword.findWebElement(WebUIAbstractKeyword.groovy:27)
	at com.kms.katalon.core.webui.keyword.internal.WebUIAbstractKeyword.findWebElement(WebUIAbstractKeyword.groovy:26)
	at com.kms.katalon.core.webui.keyword.builtin.SetTextKeyword$_setText_closure1.doCall(SetTextKeyword.groovy:51)
	at com.kms.katalon.core.webui.keyword.builtin.SetTextKeyword$_setText_closure1.call(SetTextKeyword.groovy)
	at com.kms.katalon.core.webui.keyword.internal.WebUIKeywordMain.runKeyword(WebUIKeywordMain.groovy:20)
	at com.kms.katalon.core.webui.keyword.builtin.SetTextKeyword.setText(SetTextKeyword.groovy:65)
	at com.kms.katalon.core.webui.keyword.builtin.SetTextKeyword.execute(SetTextKeyword.groovy:37)
	at com.kms.katalon.core.keyword.internal.KeywordExecutor.executeKeywordForPlatform(KeywordExecutor.groovy:56)
	at com.kms.katalon.core.webui.keyword.WebUiBuiltInKeywords.setText(WebUiBuiltInKeywords.groovy:950)
	at com.kms.katalon.core.webui.keyword.WebUiBuiltInKeywords$setText$7.call(Unknown Source)
	at com.pmo.steps.AddIdeaSteps.verifyIdeaAdded(AddIdeaSteps.groovy:344)
	at cucumber.runtime.Utils$1.call(Utils.java:26)
	at cucumber.runtime.Timeout.timeout(Timeout.java:16)
	at cucumber.runtime.Utils.invoke(Utils.java:20)
	at cucumber.runtime.java.JavaStepDefinition.execute(JavaStepDefinition.java:48)
	at cucumber.runtime.PickleStepDefinitionMatch.runStep(PickleStepDefinitionMatch.java:50)
	at cucumber.runner.TestStep.executeStep(TestStep.java:55)
	at cucumber.runner.TestStep.run(TestStep.java:42)
	at cucumber.runner.PickleStepTestStep.run(PickleStepTestStep.java:53)
	at cucumber.runner.TestCase.run(TestCase.java:47)
	at cucumber.runner.Runner.runPickle(Runner.java:44)
	at cucumber.runtime.Runtime.runFeature(Runtime.java:120)
	at cucumber.runtime.Runtime.run(Runtime.java:106)
	at cucumber.api.cli.Main.run(Main.java:35)
	at cucumber.api.cli.Main$run.call(Unknown Source)
	at com.kms.katalon.core.cucumber.keyword.CucumberBuiltinKeywords$_runFeatureFile_closure1.doCall(CucumberBuiltinKeywords.groovy:76)
	at com.kms.katalon.core.cucumber.keyword.CucumberBuiltinKeywords$_runFeatureFile_closure1.doCall(CucumberBuiltinKeywords.groovy)
	at com.kms.katalon.core.keyword.internal.KeywordMain.runKeyword(KeywordMain.groovy:66)
	at com.kms.katalon.core.keyword.internal.KeywordMain$runKeyword.call(Unknown Source)
	at com.kms.katalon.core.cucumber.keyword.CucumberBuiltinKeywords.runFeatureFile(CucumberBuiltinKeywords.groovy:46)
	at com.kms.katalon.core.cucumber.keyword.CucumberBuiltinKeywords$runFeatureFile$0.callStatic(Unknown Source)
	at com.kms.katalon.core.cucumber.keyword.CucumberBuiltinKeywords.runFeatureFile(CucumberBuiltinKeywords.groovy:101)
	at com.kms.katalon.core.cucumber.keyword.CucumberBuiltinKeywords$runFeatureFile.call(Unknown Source)
	at Script1556704194261.run(Script1556704194261.groovy:18)
	at com.kms.katalon.core.main.ScriptEngine.run(ScriptEngine.java:194)
	at com.kms.katalon.core.main.ScriptEngine.runScriptAsRawText(ScriptEngine.java:119)
	at com.kms.katalon.core.main.TestCaseExecutor.runScript(TestCaseExecutor.java:331)
	at com.kms.katalon.core.main.TestCaseExecutor.doExecute(TestCaseExecutor.java:322)
	at com.kms.katalon.core.main.TestCaseExecutor.processExecutionPhase(TestCaseExecutor.java:301)
	at com.kms.katalon.core.main.TestCaseExecutor.accessMainPhase(TestCaseExecutor.java:293)
	at com.kms.katalon.core.main.TestCaseExecutor.execute(TestCaseExecutor.java:227)
	at com.kms.katalon.core.main.TestSuiteExecutor.accessTestCaseMainPhase(TestSuiteExecutor.java:129)
	at com.kms.katalon.core.main.TestSuiteExecutor.accessTestSuiteMainPhase(TestSuiteExecutor.java:112)
	at com.kms.katalon.core.main.TestSuiteExecutor.execute(TestSuiteExecutor.java:81)
	at com.kms.katalon.core.main.TestCaseMain.startTestSuite(TestCaseMain.java:157)
	at com.kms.katalon.core.main.TestCaseMain$startTestSuite$0.call(Unknown Source)
	at TempTestSuite1556705678812.run(TempTestSuite1556705678812.groovy:35)


2019-05-01 13:22:24 - [MESSAGE][WARNING] - Timeout '0' is invalid. Using default page load timeout: '30'

2019-05-01 13:22:24 - [MESSAGE][PASSED] - Wait for page load successfully

2019-05-01 13:22:55 - [MESSAGE][INFO] - Unable to find the element located by 'By.xpath: //input[@type='search']'. Please recheck the objects properties to make sure the desired element is located. 

2019-05-01 13:22:55 - [MESSAGE][FAILED] - Unable to set text 'Automation5169' of object 'Object Repository/OOBObjects/IdeasListObjects/SearchField' (Root cause: com.kms.katalon.core.exception.StepFailedException: Unable to set text 'Automation5169' of object 'Object Repository/OOBObjects/IdeasListObjects/SearchField'
	at com.kms.katalon.core.webui.keyword.internal.WebUIKeywordMain.stepFailed(WebUIKeywordMain.groovy:64)
	at com.kms.katalon.core.webui.keyword.internal.WebUIKeywordMain.runKeyword(WebUIKeywordMain.groovy:26)
	at com.kms.katalon.core.webui.keyword.builtin.SetTextKeyword.setText(SetTextKeyword.groovy:65)
	at com.kms.katalon.core.webui.keyword.builtin.SetTextKeyword.execute(SetTextKeyword.groovy:37)
	at com.kms.katalon.core.keyword.internal.KeywordExecutor.executeKeywordForPlatform(KeywordExecutor.groovy:56)
	at com.kms.katalon.core.webui.keyword.WebUiBuiltInKeywords.setText(WebUiBuiltInKeywords.groovy:950)
	at com.kms.katalon.core.webui.keyword.WebUiBuiltInKeywords$setText$7.call(Unknown Source)
	at com.pmo.steps.AddIdeaSteps.verifyIdeaAdded(AddIdeaSteps.groovy:344)
	at cucumber.runtime.Utils$1.call(Utils.java:26)
	at cucumber.runtime.Timeout.timeout(Timeout.java:16)
	at cucumber.runtime.Utils.invoke(Utils.java:20)
	at cucumber.runtime.java.JavaStepDefinition.execute(JavaStepDefinition.java:48)
	at cucumber.runtime.PickleStepDefinitionMatch.runStep(PickleStepDefinitionMatch.java:50)
	at cucumber.runner.TestStep.executeStep(TestStep.java:55)
	at cucumber.runner.TestStep.run(TestStep.java:42)
	at cucumber.runner.PickleStepTestStep.run(PickleStepTestStep.java:53)
	at cucumber.runner.TestCase.run(TestCase.java:47)
	at cucumber.runner.Runner.runPickle(Runner.java:44)
	at cucumber.runtime.Runtime.runFeature(Runtime.java:120)
	at cucumber.runtime.Runtime.run(Runtime.java:106)
	at cucumber.api.cli.Main.run(Main.java:35)
	at cucumber.api.cli.Main$run.call(Unknown Source)
	at com.kms.katalon.core.cucumber.keyword.CucumberBuiltinKeywords$_runFeatureFile_closure1.doCall(CucumberBuiltinKeywords.groovy:76)
	at com.kms.katalon.core.cucumber.keyword.CucumberBuiltinKeywords$_runFeatureFile_closure1.doCall(CucumberBuiltinKeywords.groovy)
	at com.kms.katalon.core.keyword.internal.KeywordMain.runKeyword(KeywordMain.groovy:66)
	at com.kms.katalon.core.keyword.internal.KeywordMain$runKeyword.call(Unknown Source)
	at com.kms.katalon.core.cucumber.keyword.CucumberBuiltinKeywords.runFeatureFile(CucumberBuiltinKeywords.groovy:46)
	at com.kms.katalon.core.cucumber.keyword.CucumberBuiltinKeywords$runFeatureFile$0.callStatic(Unknown Source)
	at com.kms.katalon.core.cucumber.keyword.CucumberBuiltinKeywords.runFeatureFile(CucumberBuiltinKeywords.groovy:101)
	at com.kms.katalon.core.cucumber.keyword.CucumberBuiltinKeywords$runFeatureFile.call(Unknown Source)
	at 029-Verify-Related-Project-Link.run(029-Verify-Related-Project-Link:18)
	at com.kms.katalon.core.main.ScriptEngine.run(ScriptEngine.java:194)
	at com.kms.katalon.core.main.ScriptEngine.runScriptAsRawText(ScriptEngine.java:119)
	at com.kms.katalon.core.main.TestCaseExecutor.runScript(TestCaseExecutor.java:331)
	at com.kms.katalon.core.main.TestCaseExecutor.doExecute(TestCaseExecutor.java:322)
	at com.kms.katalon.core.main.TestCaseExecutor.processExecutionPhase(TestCaseExecutor.java:301)
	at com.kms.katalon.core.main.TestCaseExecutor.accessMainPhase(TestCaseExecutor.java:293)
	at com.kms.katalon.core.main.TestCaseExecutor.execute(TestCaseExecutor.java:227)
	at com.kms.katalon.core.main.TestSuiteExecutor.accessTestCaseMainPhase(TestSuiteExecutor.java:129)
	at com.kms.katalon.core.main.TestSuiteExecutor.accessTestSuiteMainPhase(TestSuiteExecutor.java:112)
	at com.kms.katalon.core.main.TestSuiteExecutor.execute(TestSuiteExecutor.java:81)
	at com.kms.katalon.core.main.TestCaseMain.startTestSuite(TestCaseMain.java:157)
	at com.kms.katalon.core.main.TestCaseMain$startTestSuite$0.call(Unknown Source)
	at TempTestSuite1556705678812.run(TempTestSuite1556705678812.groovy:35)
Caused by: com.kms.katalon.core.webui.exception.WebElementNotFoundException: Web element with id: 'Object Repository/OOBObjects/IdeasListObjects/SearchField' located by 'By.xpath: //input[@type='search']' not found
	at com.kms.katalon.core.webui.common.WebUiCommonHelper.findWebElement(WebUiCommonHelper.java:1053)
	at com.kms.katalon.core.webui.keyword.internal.WebUIAbstractKeyword.findWebElement(WebUIAbstractKeyword.groovy:27)
	at com.kms.katalon.core.webui.keyword.internal.WebUIAbstractKeyword.findWebElement(WebUIAbstractKeyword.groovy:26)
	at com.kms.katalon.core.webui.keyword.builtin.SetTextKeyword$_setText_closure1.doCall(SetTextKeyword.groovy:51)
	at com.kms.katalon.core.webui.keyword.builtin.SetTextKeyword$_setText_closure1.call(SetTextKeyword.groovy)
	at com.kms.katalon.core.webui.keyword.internal.WebUIKeywordMain.runKeyword(WebUIKeywordMain.groovy:20)
	at com.kms.katalon.core.webui.keyword.builtin.SetTextKeyword.setText(SetTextKeyword.groovy:65)
	at com.kms.katalon.core.webui.keyword.builtin.SetTextKeyword.execute(SetTextKeyword.groovy:37)
	at com.kms.katalon.core.keyword.internal.KeywordExecutor.executeKeywordForPlatform(KeywordExecutor.groovy:56)
	at com.kms.katalon.core.webui.keyword.WebUiBuiltInKeywords.setText(WebUiBuiltInKeywords.groovy:950)
	at com.kms.katalon.core.webui.keyword.WebUiBuiltInKeywords$setText$7.call(Unknown Source)
	at com.pmo.steps.AddIdeaSteps.verifyIdeaAdded(AddIdeaSteps.groovy:344)
	at cucumber.runtime.Utils$1.call(Utils.java:26)
	at cucumber.runtime.Timeout.timeout(Timeout.java:16)
	at cucumber.runtime.Utils.invoke(Utils.java:20)
	at cucumber.runtime.java.JavaStepDefinition.execute(JavaStepDefinition.java:48)
	at cucumber.runtime.PickleStepDefinitionMatch.runStep(PickleStepDefinitionMatch.java:50)
	at cucumber.runner.TestStep.executeStep(TestStep.java:55)
	at cucumber.runner.TestStep.run(TestStep.java:42)
	at cucumber.runner.PickleStepTestStep.run(PickleStepTestStep.java:53)
	at cucumber.runner.TestCase.run(TestCase.java:47)
	at cucumber.runner.Runner.runPickle(Runner.java:44)
	at cucumber.runtime.Runtime.runFeature(Runtime.java:120)
	at cucumber.runtime.Runtime.run(Runtime.java:106)
	at cucumber.api.cli.Main.run(Main.java:35)
	at cucumber.api.cli.Main$run.call(Unknown Source)
	at com.kms.katalon.core.cucumber.keyword.CucumberBuiltinKeywords$_runFeatureFile_closure1.doCall(CucumberBuiltinKeywords.groovy:76)
	at com.kms.katalon.core.cucumber.keyword.CucumberBuiltinKeywords$_runFeatureFile_closure1.doCall(CucumberBuiltinKeywords.groovy)
	at com.kms.katalon.core.keyword.internal.KeywordMain.runKeyword(KeywordMain.groovy:66)
	at com.kms.katalon.core.keyword.internal.KeywordMain$runKeyword.call(Unknown Source)
	at com.kms.katalon.core.cucumber.keyword.CucumberBuiltinKeywords.runFeatureFile(CucumberBuiltinKeywords.groovy:46)
	at com.kms.katalon.core.cucumber.keyword.CucumberBuiltinKeywords$runFeatureFile$0.callStatic(Unknown Source)
	at com.kms.katalon.core.cucumber.keyword.CucumberBuiltinKeywords.runFeatureFile(CucumberBuiltinKeywords.groovy:101)
	at com.kms.katalon.core.cucumber.keyword.CucumberBuiltinKeywords$runFeatureFile.call(Unknown Source)
	at Script1556704194261.run(Script1556704194261.groovy:18)
	... 13 more
)
[[ATTACHMENT|C:\\Users\\HP\\git\\PMO-Web-Application\\Reports\\First-Test-Suite\\20190501_131438\\1556706175156.png]]

2019-05-01 13:22:55 - [MESSAGE][FAILED] - I want to verify idea added successfuly FAILED.
Reason:
com.kms.katalon.core.exception.StepFailedException: Unable to set text 'Automation5169' of object 'Object Repository/OOBObjects/IdeasListObjects/SearchField'
	at com.kms.katalon.core.webui.keyword.internal.WebUIKeywordMain.stepFailed(WebUIKeywordMain.groovy:64)
	at com.kms.katalon.core.webui.keyword.internal.WebUIKeywordMain.runKeyword(WebUIKeywordMain.groovy:26)
	at com.kms.katalon.core.webui.keyword.builtin.SetTextKeyword.setText(SetTextKeyword.groovy:65)
	at com.kms.katalon.core.webui.keyword.builtin.SetTextKeyword.execute(SetTextKeyword.groovy:37)
	at com.kms.katalon.core.keyword.internal.KeywordExecutor.executeKeywordForPlatform(KeywordExecutor.groovy:56)
	at com.kms.katalon.core.webui.keyword.WebUiBuiltInKeywords.setText(WebUiBuiltInKeywords.groovy:950)
	at com.kms.katalon.core.webui.keyword.WebUiBuiltInKeywords$setText$7.call(Unknown Source)
	at com.pmo.steps.AddIdeaSteps.verifyIdeaAdded(AddIdeaSteps.groovy:344)
	at ✽.I want to verify idea added successfuly(C:/Users/HP/git/PMO-Web-Application/Include/features/Governance-Module/Add-Idea/029-Verify-Related-Project-Link.feature:20)
Caused by: com.kms.katalon.core.webui.exception.WebElementNotFoundException: Web element with id: 'Object Repository/OOBObjects/IdeasListObjects/SearchField' located by 'By.xpath: //input[@type='search']' not found
	at com.kms.katalon.core.webui.common.WebUiCommonHelper.findWebElement(WebUiCommonHelper.java:1053)
	at com.kms.katalon.core.webui.keyword.internal.WebUIAbstractKeyword.findWebElement(WebUIAbstractKeyword.groovy:27)
	at com.kms.katalon.core.webui.keyword.internal.WebUIAbstractKeyword.findWebElement(WebUIAbstractKeyword.groovy:26)
	at com.kms.katalon.core.webui.keyword.builtin.SetTextKeyword$_setText_closure1.doCall(SetTextKeyword.groovy:51)
	at com.kms.katalon.core.webui.keyword.builtin.SetTextKeyword$_setText_closure1.call(SetTextKeyword.groovy)
	at com.kms.katalon.core.webui.keyword.internal.WebUIKeywordMain.runKeyword(WebUIKeywordMain.groovy:20)
	at com.kms.katalon.core.webui.keyword.builtin.SetTextKeyword.setText(SetTextKeyword.groovy:65)
	at com.kms.katalon.core.webui.keyword.builtin.SetTextKeyword.execute(SetTextKeyword.groovy:37)
	at com.kms.katalon.core.keyword.internal.KeywordExecutor.executeKeywordForPlatform(KeywordExecutor.groovy:56)
	at com.kms.katalon.core.webui.keyword.WebUiBuiltInKeywords.setText(WebUiBuiltInKeywords.groovy:950)
	at com.kms.katalon.core.webui.keyword.WebUiBuiltInKeywords$setText$7.call(Unknown Source)
	at com.pmo.steps.AddIdeaSteps.verifyIdeaAdded(AddIdeaSteps.groovy:344)
	at cucumber.runtime.Utils$1.call(Utils.java:26)
	at cucumber.runtime.Timeout.timeout(Timeout.java:16)
	at cucumber.runtime.Utils.invoke(Utils.java:20)
	at cucumber.runtime.java.JavaStepDefinition.execute(JavaStepDefinition.java:48)
	at cucumber.runtime.PickleStepDefinitionMatch.runStep(PickleStepDefinitionMatch.java:50)
	at cucumber.runner.TestStep.executeStep(TestStep.java:55)
	at cucumber.runner.TestStep.run(TestStep.java:42)
	at cucumber.runner.PickleStepTestStep.run(PickleStepTestStep.java:53)
	at cucumber.runner.TestCase.run(TestCase.java:47)
	at cucumber.runner.Runner.runPickle(Runner.java:44)
	at cucumber.runtime.Runtime.runFeature(Runtime.java:120)
	at cucumber.runtime.Runtime.run(Runtime.java:106)
	at cucumber.api.cli.Main.run(Main.java:35)
	at cucumber.api.cli.Main$run.call(Unknown Source)
	at com.kms.katalon.core.cucumber.keyword.CucumberBuiltinKeywords$_runFeatureFile_closure1.doCall(CucumberBuiltinKeywords.groovy:76)
	at com.kms.katalon.core.cucumber.keyword.CucumberBuiltinKeywords$_runFeatureFile_closure1.doCall(CucumberBuiltinKeywords.groovy)
	at com.kms.katalon.core.keyword.internal.KeywordMain.runKeyword(KeywordMain.groovy:66)
	at com.kms.katalon.core.keyword.internal.KeywordMain$runKeyword.call(Unknown Source)
	at com.kms.katalon.core.cucumber.keyword.CucumberBuiltinKeywords.runFeatureFile(CucumberBuiltinKeywords.groovy:46)
	at com.kms.katalon.core.cucumber.keyword.CucumberBuiltinKeywords$runFeatureFile$0.callStatic(Unknown Source)
	at com.kms.katalon.core.cucumber.keyword.CucumberBuiltinKeywords.runFeatureFile(CucumberBuiltinKeywords.groovy:101)
	at com.kms.katalon.core.cucumber.keyword.CucumberBuiltinKeywords$runFeatureFile.call(Unknown Source)
	at Script1556704194261.run(Script1556704194261.groovy:18)
	at com.kms.katalon.core.main.ScriptEngine.run(ScriptEngine.java:194)
	at com.kms.katalon.core.main.ScriptEngine.runScriptAsRawText(ScriptEngine.java:119)
	at com.kms.katalon.core.main.TestCaseExecutor.runScript(TestCaseExecutor.java:331)
	at com.kms.katalon.core.main.TestCaseExecutor.doExecute(TestCaseExecutor.java:322)
	at com.kms.katalon.core.main.TestCaseExecutor.processExecutionPhase(TestCaseExecutor.java:301)
	at com.kms.katalon.core.main.TestCaseExecutor.accessMainPhase(TestCaseExecutor.java:293)
	at com.kms.katalon.core.main.TestCaseExecutor.execute(TestCaseExecutor.java:227)
	at com.kms.katalon.core.main.TestSuiteExecutor.accessTestCaseMainPhase(TestSuiteExecutor.java:129)
	at com.kms.katalon.core.main.TestSuiteExecutor.accessTestSuiteMainPhase(TestSuiteExecutor.java:112)
	at com.kms.katalon.core.main.TestSuiteExecutor.execute(TestSuiteExecutor.java:81)
	at com.kms.katalon.core.main.TestCaseMain.startTestSuite(TestCaseMain.java:157)
	at com.kms.katalon.core.main.TestCaseMain$startTestSuite$0.call(Unknown Source)
	at TempTestSuite1556705678812.run(TempTestSuite1556705678812.groovy:35)


2019-05-01 13:22:55 - [TEST_STEP][NOT_RUN] - I want to approve idea: I want to approve idea

2019-05-01 13:22:55 - [MESSAGE][NOT_RUN] - I want to approve idea

2019-05-01 13:22:55 - [TEST_STEP][NOT_RUN] - I want to go to OOB: I want to go to OOB

2019-05-01 13:22:55 - [MESSAGE][NOT_RUN] - I want to go to OOB

2019-05-01 13:22:55 - [TEST_STEP][NOT_RUN] - I want to go to approved ideas list page: I want to go to approved ideas list page

2019-05-01 13:22:55 - [MESSAGE][NOT_RUN] - I want to go to approved ideas list page

2019-05-01 13:22:55 - [TEST_STEP][NOT_RUN] - I want to search for approved idea by name: I want to search for approved idea by name

2019-05-01 13:22:55 - [MESSAGE][NOT_RUN] - I want to search for approved idea by name

2019-05-01 13:22:55 - [TEST_STEP][NOT_RUN] - I want to click Excute button: I want to click Excute button

2019-05-01 13:22:55 - [MESSAGE][NOT_RUN] - I want to click Excute button

2019-05-01 13:22:55 - [TEST_STEP][NOT_RUN] - I want to verify im in add new project page: I want to verify im in add new project page

2019-05-01 13:22:55 - [MESSAGE][NOT_RUN] - I want to verify im in add new project page

2019-05-01 13:22:55 - [TEST_STEP][NOT_RUN] - I want to select project type: I want to select project type

2019-05-01 13:22:55 - [MESSAGE][NOT_RUN] - I want to select project type

2019-05-01 13:22:55 - [TEST_STEP][NOT_RUN] - I want to fill project manager field: I want to fill project manager field

2019-05-01 13:22:55 - [MESSAGE][NOT_RUN] - I want to fill project manager field

2019-05-01 13:22:55 - [TEST_STEP][NOT_RUN] - I want to tap enter key on manager field: I want to tap enter key on manager field

2019-05-01 13:22:55 - [MESSAGE][NOT_RUN] - I want to tap enter key on manager field

2019-05-01 13:22:55 - [TEST_STEP][NOT_RUN] - I want to fill project owner field: I want to fill project owner field

2019-05-01 13:22:55 - [MESSAGE][NOT_RUN] - I want to fill project owner field

2019-05-01 13:22:55 - [TEST_STEP][NOT_RUN] - I want to tap enter key on owner field: I want to tap enter key on owner field

2019-05-01 13:22:55 - [MESSAGE][NOT_RUN] - I want to tap enter key on owner field

2019-05-01 13:22:55 - [TEST_STEP][NOT_RUN] - I want to fill project sponser field: I want to fill project sponser field

2019-05-01 13:22:55 - [MESSAGE][NOT_RUN] - I want to fill project sponser field

2019-05-01 13:22:55 - [TEST_STEP][NOT_RUN] - I want to tap enter key on sponser field: I want to tap enter key on sponser field

2019-05-01 13:22:55 - [MESSAGE][NOT_RUN] - I want to tap enter key on sponser field

2019-05-01 13:22:55 - [TEST_STEP][NOT_RUN] - I want to fill project description field: I want to fill project description field

2019-05-01 13:22:55 - [MESSAGE][NOT_RUN] - I want to fill project description field

2019-05-01 13:22:55 - [TEST_STEP][NOT_RUN] - I want to fill project notes field: I want to fill project notes field

2019-05-01 13:22:55 - [MESSAGE][NOT_RUN] - I want to fill project notes field

2019-05-01 13:22:55 - [TEST_STEP][NOT_RUN] - I want to wait: I want to wait

2019-05-01 13:22:55 - [MESSAGE][NOT_RUN] - I want to wait

2019-05-01 13:22:55 - [TEST_STEP][NOT_RUN] - I want to click on send project button: I want to click on send project button

2019-05-01 13:22:55 - [MESSAGE][NOT_RUN] - I want to click on send project button

2019-05-01 13:22:55 - [TEST_STEP][NOT_RUN] - I want to wait for page load: I want to wait for page load

2019-05-01 13:22:55 - [MESSAGE][NOT_RUN] - I want to wait for page load

2019-05-01 13:22:55 - [TEST_STEP][NOT_RUN] - I want to check im in projects list page: I want to check im in projects list page

2019-05-01 13:22:55 - [MESSAGE][NOT_RUN] - I want to check im in projects list page

2019-05-01 13:22:55 - [TEST_STEP][NOT_RUN] - I want to search for project by name: I want to search for project by name

2019-05-01 13:22:55 - [MESSAGE][NOT_RUN] - I want to search for project by name

2019-05-01 13:22:55 - [TEST_STEP][NOT_RUN] - I want to go to approved ideas list page: I want to go to approved ideas list page

2019-05-01 13:22:55 - [MESSAGE][NOT_RUN] - I want to go to approved ideas list page

2019-05-01 13:22:55 - [TEST_STEP][NOT_RUN] - I want to search for approved idea by name: I want to search for approved idea by name

2019-05-01 13:22:55 - [MESSAGE][NOT_RUN] - I want to search for approved idea by name

2019-05-01 13:22:55 - [TEST_STEP][NOT_RUN] - I want to click on related project link: I want to click on related project link

2019-05-01 13:22:55 - [MESSAGE][NOT_RUN] - I want to click on related project link

2019-05-01 13:22:55 - [TEST_STEP][NOT_RUN] - I want to verify Project Charter page: I want to verify Project Charter page

2019-05-01 13:22:55 - [MESSAGE][NOT_RUN] - I want to verify Project Charter page

2019-05-01 13:22:55 - [TEST_STEP][NOT_RUN] - I want to close browser: I want to close browser

2019-05-01 13:22:55 - [MESSAGE][NOT_RUN] - I want to close browser

2019-05-01 13:22:55 - [MESSAGE][FAILED] - Feature file 'Include/features/Governance-Module/Add-Idea/029-Verify-Related-Project-Link.feature' was failed

2019-05-01 13:22:55 - [MESSAGE][FAILED] - Keyword runFeatureFile was failed (Root cause: com.kms.katalon.core.exception.StepFailedException: Feature file 'Include/features/Governance-Module/Add-Idea/029-Verify-Related-Project-Link.feature' was failed
	at com.kms.katalon.core.keyword.internal.KeywordMain.stepFailed(KeywordMain.groovy:48)
	at com.kms.katalon.core.keyword.internal.KeywordMain.stepFailed(KeywordMain.groovy)
	at com.kms.katalon.core.keyword.internal.KeywordMain.stepFailed(KeywordMain.groovy:21)
	at com.kms.katalon.core.keyword.internal.KeywordMain$stepFailed$0.call(Unknown Source)
	at com.kms.katalon.core.cucumber.keyword.CucumberBuiltinKeywords$_runFeatureFile_closure1.doCall(CucumberBuiltinKeywords.groovy:82)
	at com.kms.katalon.core.cucumber.keyword.CucumberBuiltinKeywords$_runFeatureFile_closure1.doCall(CucumberBuiltinKeywords.groovy)
	at com.kms.katalon.core.keyword.internal.KeywordMain.runKeyword(KeywordMain.groovy:66)
	at com.kms.katalon.core.keyword.internal.KeywordMain$runKeyword.call(Unknown Source)
	at com.kms.katalon.core.cucumber.keyword.CucumberBuiltinKeywords.runFeatureFile(CucumberBuiltinKeywords.groovy:46)
	at com.kms.katalon.core.cucumber.keyword.CucumberBuiltinKeywords$runFeatureFile$0.callStatic(Unknown Source)
	at com.kms.katalon.core.cucumber.keyword.CucumberBuiltinKeywords.runFeatureFile(CucumberBuiltinKeywords.groovy:101)
	at com.kms.katalon.core.cucumber.keyword.CucumberBuiltinKeywords$runFeatureFile.call(Unknown Source)
	at 029-Verify-Related-Project-Link.run(029-Verify-Related-Project-Link:18)
	at com.kms.katalon.core.main.ScriptEngine.run(ScriptEngine.java:194)
	at com.kms.katalon.core.main.ScriptEngine.runScriptAsRawText(ScriptEngine.java:119)
	at com.kms.katalon.core.main.TestCaseExecutor.runScript(TestCaseExecutor.java:331)
	at com.kms.katalon.core.main.TestCaseExecutor.doExecute(TestCaseExecutor.java:322)
	at com.kms.katalon.core.main.TestCaseExecutor.processExecutionPhase(TestCaseExecutor.java:301)
	at com.kms.katalon.core.main.TestCaseExecutor.accessMainPhase(TestCaseExecutor.java:293)
	at com.kms.katalon.core.main.TestCaseExecutor.execute(TestCaseExecutor.java:227)
	at com.kms.katalon.core.main.TestSuiteExecutor.accessTestCaseMainPhase(TestSuiteExecutor.java:129)
	at com.kms.katalon.core.main.TestSuiteExecutor.accessTestSuiteMainPhase(TestSuiteExecutor.java:112)
	at com.kms.katalon.core.main.TestSuiteExecutor.execute(TestSuiteExecutor.java:81)
	at com.kms.katalon.core.main.TestCaseMain.startTestSuite(TestCaseMain.java:157)
	at com.kms.katalon.core.main.TestCaseMain$startTestSuite$0.call(Unknown Source)
	at TempTestSuite1556705678812.run(TempTestSuite1556705678812.groovy:35)
)

2019-05-01 13:22:55 - [MESSAGE][FAILED] - runFeatureFile("Include/features/Governance-Module/Add-Idea/029-Verify-Related-Project-Link.feature") FAILED.
Reason:
com.kms.katalon.core.exception.StepFailedException: Feature file 'Include/features/Governance-Module/Add-Idea/029-Verify-Related-Project-Link.feature' was failed
	at com.kms.katalon.core.keyword.internal.KeywordMain.stepFailed(KeywordMain.groovy:48)
	at com.kms.katalon.core.keyword.internal.KeywordMain.stepFailed(KeywordMain.groovy)
	at com.kms.katalon.core.keyword.internal.KeywordMain.stepFailed(KeywordMain.groovy:21)
	at com.kms.katalon.core.keyword.internal.KeywordMain$stepFailed$0.call(Unknown Source)
	at com.kms.katalon.core.cucumber.keyword.CucumberBuiltinKeywords$_runFeatureFile_closure1.doCall(CucumberBuiltinKeywords.groovy:82)
	at com.kms.katalon.core.cucumber.keyword.CucumberBuiltinKeywords$_runFeatureFile_closure1.doCall(CucumberBuiltinKeywords.groovy)
	at com.kms.katalon.core.keyword.internal.KeywordMain.runKeyword(KeywordMain.groovy:66)
	at com.kms.katalon.core.keyword.internal.KeywordMain$runKeyword.call(Unknown Source)
	at com.kms.katalon.core.cucumber.keyword.CucumberBuiltinKeywords.runFeatureFile(CucumberBuiltinKeywords.groovy:46)
	at com.kms.katalon.core.cucumber.keyword.CucumberBuiltinKeywords$runFeatureFile$0.callStatic(Unknown Source)
	at com.kms.katalon.core.cucumber.keyword.CucumberBuiltinKeywords.runFeatureFile(CucumberBuiltinKeywords.groovy:101)
	at com.kms.katalon.core.cucumber.keyword.CucumberBuiltinKeywords$runFeatureFile.call(Unknown Source)
	at 029-Verify-Related-Project-Link.run(029-Verify-Related-Project-Link:18)
	at com.kms.katalon.core.main.ScriptEngine.run(ScriptEngine.java:194)
	at com.kms.katalon.core.main.ScriptEngine.runScriptAsRawText(ScriptEngine.java:119)
	at com.kms.katalon.core.main.TestCaseExecutor.runScript(TestCaseExecutor.java:331)
	at com.kms.katalon.core.main.TestCaseExecutor.doExecute(TestCaseExecutor.java:322)
	at com.kms.katalon.core.main.TestCaseExecutor.processExecutionPhase(TestCaseExecutor.java:301)
	at com.kms.katalon.core.main.TestCaseExecutor.accessMainPhase(TestCaseExecutor.java:293)
	at com.kms.katalon.core.main.TestCaseExecutor.execute(TestCaseExecutor.java:227)
	at com.kms.katalon.core.main.TestSuiteExecutor.accessTestCaseMainPhase(TestSuiteExecutor.java:129)
	at com.kms.katalon.core.main.TestSuiteExecutor.accessTestSuiteMainPhase(TestSuiteExecutor.java:112)
	at com.kms.katalon.core.main.TestSuiteExecutor.execute(TestSuiteExecutor.java:81)
	at com.kms.katalon.core.main.TestCaseMain.startTestSuite(TestCaseMain.java:157)
	at com.kms.katalon.core.main.TestCaseMain$startTestSuite$0.call(Unknown Source)
	at TempTestSuite1556705678812.run(TempTestSuite1556705678812.groovy:35)]]></system-out>
         <system-err><![CDATA[2019-05-01 13:21:59 - [TEST_CASE][FAILED] - Test Cases/Main-Test-Cases/029-Verify-Related-Project-Link: Test Cases/Main-Test-Cases/029-Verify-Related-Project-Link FAILED.
Reason:
com.kms.katalon.core.exception.StepFailedException: Feature file 'Include/features/Governance-Module/Add-Idea/029-Verify-Related-Project-Link.feature' was failed
	at com.kms.katalon.core.keyword.internal.KeywordMain.stepFailed(KeywordMain.groovy:48)
	at com.kms.katalon.core.keyword.internal.KeywordMain.stepFailed(KeywordMain.groovy)
	at com.kms.katalon.core.keyword.internal.KeywordMain.stepFailed(KeywordMain.groovy:21)
	at com.kms.katalon.core.keyword.internal.KeywordMain$stepFailed$0.call(Unknown Source)
	at com.kms.katalon.core.cucumber.keyword.CucumberBuiltinKeywords$_runFeatureFile_closure1.doCall(CucumberBuiltinKeywords.groovy:82)
	at com.kms.katalon.core.cucumber.keyword.CucumberBuiltinKeywords$_runFeatureFile_closure1.doCall(CucumberBuiltinKeywords.groovy)
	at com.kms.katalon.core.keyword.internal.KeywordMain.runKeyword(KeywordMain.groovy:66)
	at com.kms.katalon.core.keyword.internal.KeywordMain$runKeyword.call(Unknown Source)
	at com.kms.katalon.core.cucumber.keyword.CucumberBuiltinKeywords.runFeatureFile(CucumberBuiltinKeywords.groovy:46)
	at com.kms.katalon.core.cucumber.keyword.CucumberBuiltinKeywords$runFeatureFile$0.callStatic(Unknown Source)
	at com.kms.katalon.core.cucumber.keyword.CucumberBuiltinKeywords.runFeatureFile(CucumberBuiltinKeywords.groovy:101)
	at com.kms.katalon.core.cucumber.keyword.CucumberBuiltinKeywords$runFeatureFile.call(Unknown Source)
	at 029-Verify-Related-Project-Link.run(029-Verify-Related-Project-Link:18)
	at com.kms.katalon.core.main.ScriptEngine.run(ScriptEngine.java:194)
	at com.kms.katalon.core.main.ScriptEngine.runScriptAsRawText(ScriptEngine.java:119)
	at com.kms.katalon.core.main.TestCaseExecutor.runScript(TestCaseExecutor.java:331)
	at com.kms.katalon.core.main.TestCaseExecutor.doExecute(TestCaseExecutor.java:322)
	at com.kms.katalon.core.main.TestCaseExecutor.processExecutionPhase(TestCaseExecutor.java:301)
	at com.kms.katalon.core.main.TestCaseExecutor.accessMainPhase(TestCaseExecutor.java:293)
	at com.kms.katalon.core.main.TestCaseExecutor.execute(TestCaseExecutor.java:227)
	at com.kms.katalon.core.main.TestSuiteExecutor.accessTestCaseMainPhase(TestSuiteExecutor.java:129)
	at com.kms.katalon.core.main.TestSuiteExecutor.accessTestSuiteMainPhase(TestSuiteExecutor.java:112)
	at com.kms.katalon.core.main.TestSuiteExecutor.execute(TestSuiteExecutor.java:81)
	at com.kms.katalon.core.main.TestCaseMain.startTestSuite(TestCaseMain.java:157)
	at com.kms.katalon.core.main.TestCaseMain$startTestSuite$0.call(Unknown Source)
	at TempTestSuite1556705678812.run(TempTestSuite1556705678812.groovy:35)]]></system-err>
      </testcase>
      <system-out><![CDATA[2019-05-01 13:14:40 - [TEST_SUITE][FAILED] - First-Test-Suite: Test Cases/Main-Test-Cases/006-Check-Mandatory-Fields FAILED.
Reason:
com.kms.katalon.core.exception.StepFailedException: Feature file 'Include/features/Governance-Module/Add-Idea/006-Check-Mandatory-Fields.feature' was failed
	at com.kms.katalon.core.keyword.internal.KeywordMain.stepFailed(KeywordMain.groovy:48)
	at com.kms.katalon.core.keyword.internal.KeywordMain.stepFailed(KeywordMain.groovy)
	at com.kms.katalon.core.keyword.internal.KeywordMain.stepFailed(KeywordMain.groovy:21)
	at com.kms.katalon.core.keyword.internal.KeywordMain$stepFailed$0.call(Unknown Source)
	at com.kms.katalon.core.cucumber.keyword.CucumberBuiltinKeywords$_runFeatureFile_closure1.doCall(CucumberBuiltinKeywords.groovy:82)
	at com.kms.katalon.core.cucumber.keyword.CucumberBuiltinKeywords$_runFeatureFile_closure1.doCall(CucumberBuiltinKeywords.groovy)
	at com.kms.katalon.core.keyword.internal.KeywordMain.runKeyword(KeywordMain.groovy:66)
	at com.kms.katalon.core.keyword.internal.KeywordMain$runKeyword.call(Unknown Source)
	at com.kms.katalon.core.cucumber.keyword.CucumberBuiltinKeywords.runFeatureFile(CucumberBuiltinKeywords.groovy:46)
	at com.kms.katalon.core.cucumber.keyword.CucumberBuiltinKeywords$runFeatureFile$0.callStatic(Unknown Source)
	at com.kms.katalon.core.cucumber.keyword.CucumberBuiltinKeywords.runFeatureFile(CucumberBuiltinKeywords.groovy:101)
	at com.kms.katalon.core.cucumber.keyword.CucumberBuiltinKeywords$runFeatureFile.call(Unknown Source)
	at 006-Check-Mandatory-Fields.run(006-Check-Mandatory-Fields:16)
	at com.kms.katalon.core.main.ScriptEngine.run(ScriptEngine.java:194)
	at com.kms.katalon.core.main.ScriptEngine.runScriptAsRawText(ScriptEngine.java:119)
	at com.kms.katalon.core.main.TestCaseExecutor.runScript(TestCaseExecutor.java:331)
	at com.kms.katalon.core.main.TestCaseExecutor.doExecute(TestCaseExecutor.java:322)
	at com.kms.katalon.core.main.TestCaseExecutor.processExecutionPhase(TestCaseExecutor.java:301)
	at com.kms.katalon.core.main.TestCaseExecutor.accessMainPhase(TestCaseExecutor.java:293)
	at com.kms.katalon.core.main.TestCaseExecutor.execute(TestCaseExecutor.java:227)
	at com.kms.katalon.core.main.TestSuiteExecutor.accessTestCaseMainPhase(TestSuiteExecutor.java:129)
	at com.kms.katalon.core.main.TestSuiteExecutor.accessTestSuiteMainPhase(TestSuiteExecutor.java:112)
	at com.kms.katalon.core.main.TestSuiteExecutor.execute(TestSuiteExecutor.java:81)
	at com.kms.katalon.core.main.TestCaseMain.startTestSuite(TestCaseMain.java:157)
	at com.kms.katalon.core.main.TestCaseMain$startTestSuite$0.call(Unknown Source)
	at TempTestSuite1556705678812.run(TempTestSuite1556705678812.groovy:35)]]></system-out>
      <system-err><![CDATA[2019-05-01 13:14:40 - [TEST_SUITE][FAILED] - First-Test-Suite: Test Cases/Main-Test-Cases/006-Check-Mandatory-Fields FAILED.
Reason:
com.kms.katalon.core.exception.StepFailedException: Feature file 'Include/features/Governance-Module/Add-Idea/006-Check-Mandatory-Fields.feature' was failed
	at com.kms.katalon.core.keyword.internal.KeywordMain.stepFailed(KeywordMain.groovy:48)
	at com.kms.katalon.core.keyword.internal.KeywordMain.stepFailed(KeywordMain.groovy)
	at com.kms.katalon.core.keyword.internal.KeywordMain.stepFailed(KeywordMain.groovy:21)
	at com.kms.katalon.core.keyword.internal.KeywordMain$stepFailed$0.call(Unknown Source)
	at com.kms.katalon.core.cucumber.keyword.CucumberBuiltinKeywords$_runFeatureFile_closure1.doCall(CucumberBuiltinKeywords.groovy:82)
	at com.kms.katalon.core.cucumber.keyword.CucumberBuiltinKeywords$_runFeatureFile_closure1.doCall(CucumberBuiltinKeywords.groovy)
	at com.kms.katalon.core.keyword.internal.KeywordMain.runKeyword(KeywordMain.groovy:66)
	at com.kms.katalon.core.keyword.internal.KeywordMain$runKeyword.call(Unknown Source)
	at com.kms.katalon.core.cucumber.keyword.CucumberBuiltinKeywords.runFeatureFile(CucumberBuiltinKeywords.groovy:46)
	at com.kms.katalon.core.cucumber.keyword.CucumberBuiltinKeywords$runFeatureFile$0.callStatic(Unknown Source)
	at com.kms.katalon.core.cucumber.keyword.CucumberBuiltinKeywords.runFeatureFile(CucumberBuiltinKeywords.groovy:101)
	at com.kms.katalon.core.cucumber.keyword.CucumberBuiltinKeywords$runFeatureFile.call(Unknown Source)
	at 006-Check-Mandatory-Fields.run(006-Check-Mandatory-Fields:16)
	at com.kms.katalon.core.main.ScriptEngine.run(ScriptEngine.java:194)
	at com.kms.katalon.core.main.ScriptEngine.runScriptAsRawText(ScriptEngine.java:119)
	at com.kms.katalon.core.main.TestCaseExecutor.runScript(TestCaseExecutor.java:331)
	at com.kms.katalon.core.main.TestCaseExecutor.doExecute(TestCaseExecutor.java:322)
	at com.kms.katalon.core.main.TestCaseExecutor.processExecutionPhase(TestCaseExecutor.java:301)
	at com.kms.katalon.core.main.TestCaseExecutor.accessMainPhase(TestCaseExecutor.java:293)
	at com.kms.katalon.core.main.TestCaseExecutor.execute(TestCaseExecutor.java:227)
	at com.kms.katalon.core.main.TestSuiteExecutor.accessTestCaseMainPhase(TestSuiteExecutor.java:129)
	at com.kms.katalon.core.main.TestSuiteExecutor.accessTestSuiteMainPhase(TestSuiteExecutor.java:112)
	at com.kms.katalon.core.main.TestSuiteExecutor.execute(TestSuiteExecutor.java:81)
	at com.kms.katalon.core.main.TestCaseMain.startTestSuite(TestCaseMain.java:157)
	at com.kms.katalon.core.main.TestCaseMain$startTestSuite$0.call(Unknown Source)
	at TempTestSuite1556705678812.run(TempTestSuite1556705678812.groovy:35)]]></system-err>
   </testsuite>
</testsuites>
