<?xml version="1.0" encoding="UTF-8"?>
<testsuites name="First-Test-Suite" time="3180" tests="29" failures="13" errors="0">
   <testsuite name="First-Test-Suite" tests="29" failures="13" errors="0" time="3180" timestamp="2019-05-19 11:12:29" hostname="HP - HP45G5" id="Test Suites/First-Test-Suite">
      <properties>
         <property name="deviceName" value=""/>
         <property name="devicePlatform" value=""/>
         <property name="logFolder" value="C:\\Users\\HP\\git\\PMO-Web-Application\\Reports\\First-Test-Suite\\20190519_111227"/>
         <property name="logFiles" value="C:\\Users\\HP\\git\\PMO-Web-Application\\Reports\\First-Test-Suite\\20190519_111227\\execution0.log"/>
         <property name="attachments" value="C:\\Users\\HP\\git\\PMO-Web-Application\\Reports\\First-Test-Suite\\20190519_111227\\1558253735812.png, C:\\Users\\HP\\git\\PMO-Web-Application\\Reports\\First-Test-Suite\\20190519_111227\\1558253736094.png, C:\\Users\\HP\\git\\PMO-Web-Application\\Reports\\First-Test-Suite\\20190519_111227\\1558253875802.png, C:\\Users\\HP\\git\\PMO-Web-Application\\Reports\\First-Test-Suite\\20190519_111227\\1558253906645.png, C:\\Users\\HP\\git\\PMO-Web-Application\\Reports\\First-Test-Suite\\20190519_111227\\1558253907019.png, C:\\Users\\HP\\git\\PMO-Web-Application\\Reports\\First-Test-Suite\\20190519_111227\\1558254381588.png, C:\\Users\\HP\\git\\PMO-Web-Application\\Reports\\First-Test-Suite\\20190519_111227\\1558254547211.png, C:\\Users\\HP\\git\\PMO-Web-Application\\Reports\\First-Test-Suite\\20190519_111227\\1558254547520.png, C:\\Users\\HP\\git\\PMO-Web-Application\\Reports\\First-Test-Suite\\20190519_111227\\1558255702110.png, C:\\Users\\HP\\git\\PMO-Web-Application\\Reports\\First-Test-Suite\\20190519_111227\\1558255702470.png, C:\\Users\\HP\\git\\PMO-Web-Application\\Reports\\First-Test-Suite\\20190519_111227\\1558256101711.png, C:\\Users\\HP\\git\\PMO-Web-Application\\Reports\\First-Test-Suite\\20190519_111227\\1558256101967.png, C:\\Users\\HP\\git\\PMO-Web-Application\\Reports\\First-Test-Suite\\20190519_111227\\1558256299601.png"/>
         <property name="hostName" value="HP - HP45G5"/>
         <property name="os" value="Windows 10 64bit"/>
         <property name="katalonVersion" value="6.0.6.4"/>
         <property name="browser" value="Chrome 74.0.3729.131"/>
         <property name="hostAddress" value="192.168.1.110"/>
         <property name="sessionId" value="a9afa0538027ea8a590e72bda35757c5"/>
         <property name="seleniumVersion" value="3.7.1"/>
         <property name="proxyInformation" value="ProxyInformation{proxyOption=NO_PROXY, proxyServerType=HTTP, password=, proxyServerAddress=, proxyServerPort=0}"/>
         <property name="platform" value="Windows 10"/>
      </properties>
      <testcase name="Test Cases/Add-Idea-Test-Cases/001-Login-to-OOB" classname="Test Cases/Add-Idea-Test-Cases/001-Login-to-OOB" status="PASSED">
         <system-out><![CDATA[2019-05-19 11:12:29 - [TEST_CASE][PASSED] - Test Cases/Add-Idea-Test-Cases/001-Login-to-OOB: Test Cases/Add-Idea-Test-Cases/001-Login-to-OOB

2019-05-19 11:12:29 - [TEST_STEP][PASSED] - runFeatureFile("Include/features/Governance-Module/Add-Idea/001-Login-to-OOB.feature"): Feature file: 'Include/features/Governance-Module/Add-Idea/001-Login-to-OOB.feature' was passed

2019-05-19 11:12:29 - [MESSAGE][INFO] - Starting run keyword runFeatureFile: 'Include/features/Governance-Module/Add-Idea/001-Login-to-OOB.feature' and extract report to folder: 'C:\Users\HP\git\PMO-Web-Application\Reports\First-Test-Suite\20190519_111227/cucumber_report/1558253549425'...

2019-05-19 11:12:29 - [TEST_CASE][PASSED] - Start Test Case : SCENARIO Login to OOB: SCENARIO Login to OOB

2019-05-19 11:12:29 - [TEST_STEP][PASSED] - I want to open browser: I want to open browser

2019-05-19 11:12:30 - [MESSAGE][INFO] - Starting 'Chrome' driver

2019-05-19 11:12:30 - [MESSAGE][INFO] - Action delay is set to 0 seconds

2019-05-19 11:12:32 - [MESSAGE][PASSED] - Browser is opened with url: ''

2019-05-19 11:12:33 - [MESSAGE][PASSED] - Delete all cookies successfully

2019-05-19 11:12:33 - [MESSAGE][PASSED] - I want to open browser

2019-05-19 11:12:33 - [TEST_STEP][PASSED] - I want to maximize window: I want to maximize window

2019-05-19 11:12:34 - [MESSAGE][PASSED] - Current window maximized

2019-05-19 11:12:34 - [MESSAGE][PASSED] - I want to maximize window

2019-05-19 11:12:34 - [TEST_STEP][PASSED] - I want to go to OOB: I want to go to OOB

2019-05-19 11:12:35 - [MESSAGE][PASSED] - Navigate to 'https://pmoadmin:P@ssw0rd@dev5.cloudapp.net/OOB2/' successfully

2019-05-19 11:12:35 - [MESSAGE][PASSED] - I want to go to OOB

2019-05-19 11:12:35 - [TEST_STEP][PASSED] - I want to verify I'm in OOB main page: I want to verify I'm in OOB main page

2019-05-19 11:12:35 - [MESSAGE][WARNING] - Timeout '0' is invalid. Using default page load timeout: '30'

2019-05-19 11:12:44 - [MESSAGE][PASSED] - Object 'Object Repository/OOBObjects/HomepageObjects/OOBSideBar' is present

2019-05-19 11:12:44 - [MESSAGE][PASSED] - I want to verify I'm in OOB main page

2019-05-19 11:12:44 - [TEST_STEP][PASSED] - I want to close browser: I want to close browser

2019-05-19 11:12:45 - [MESSAGE][PASSED] - Browser is closed

2019-05-19 11:12:45 - [MESSAGE][PASSED] - I want to close browser

2019-05-19 11:12:45 - [MESSAGE][PASSED] - Feature file: 'Include/features/Governance-Module/Add-Idea/001-Login-to-OOB.feature' was passed]]></system-out>
         <system-err><![CDATA[]]></system-err>
      </testcase>
      <testcase name="Test Cases/Add-Idea-Test-Cases/002-Verify-OOB-HomePage" classname="Test Cases/Add-Idea-Test-Cases/002-Verify-OOB-HomePage" status="PASSED">
         <system-out><![CDATA[2019-05-19 11:12:45 - [TEST_CASE][PASSED] - Test Cases/Add-Idea-Test-Cases/002-Verify-OOB-HomePage: Test Cases/Add-Idea-Test-Cases/002-Verify-OOB-HomePage

2019-05-19 11:12:45 - [TEST_STEP][PASSED] - runFeatureFile("Include/features/Governance-Module/Add-Idea/002-Verify-OOB-HomePage.feature"): Feature file: 'Include/features/Governance-Module/Add-Idea/002-Verify-OOB-HomePage.feature' was passed

2019-05-19 11:12:45 - [MESSAGE][INFO] - Starting run keyword runFeatureFile: 'Include/features/Governance-Module/Add-Idea/002-Verify-OOB-HomePage.feature' and extract report to folder: 'C:\Users\HP\git\PMO-Web-Application\Reports\First-Test-Suite\20190519_111227/cucumber_report/1558253565309'...

2019-05-19 11:12:45 - [TEST_CASE][PASSED] - Start Test Case : SCENARIO verify OOB home page elements: SCENARIO verify OOB home page elements

2019-05-19 11:12:45 - [TEST_STEP][PASSED] - I want to open browser: I want to open browser

2019-05-19 11:12:45 - [MESSAGE][INFO] - Starting 'Chrome' driver

2019-05-19 11:12:47 - [MESSAGE][PASSED] - Browser is opened with url: ''

2019-05-19 11:12:47 - [MESSAGE][PASSED] - Delete all cookies successfully

2019-05-19 11:12:47 - [MESSAGE][PASSED] - I want to open browser

2019-05-19 11:12:47 - [TEST_STEP][PASSED] - I want to maximize window: I want to maximize window

2019-05-19 11:12:49 - [MESSAGE][PASSED] - Current window maximized

2019-05-19 11:12:49 - [MESSAGE][PASSED] - I want to maximize window

2019-05-19 11:12:49 - [TEST_STEP][PASSED] - I want to go to OOB: I want to go to OOB

2019-05-19 11:12:50 - [MESSAGE][PASSED] - Navigate to 'https://pmoadmin:P@ssw0rd@dev5.cloudapp.net/OOB2/' successfully

2019-05-19 11:12:50 - [MESSAGE][PASSED] - I want to go to OOB

2019-05-19 11:12:50 - [TEST_STEP][PASSED] - I want to verify I'm in OOB main page: I want to verify I'm in OOB main page

2019-05-19 11:12:50 - [MESSAGE][WARNING] - Timeout '0' is invalid. Using default page load timeout: '30'

2019-05-19 11:13:00 - [MESSAGE][PASSED] - Object 'Object Repository/OOBObjects/HomepageObjects/OOBSideBar' is present

2019-05-19 11:13:00 - [MESSAGE][PASSED] - I want to verify I'm in OOB main page

2019-05-19 11:13:00 - [TEST_STEP][PASSED] - I want to verify Dashboard presents: I want to verify Dashboard presents

2019-05-19 11:13:00 - [MESSAGE][WARNING] - Timeout '0' is invalid. Using default page load timeout: '30'

2019-05-19 11:13:00 - [MESSAGE][PASSED] - Object 'Object Repository/OOBObjects/HomepageObjects/Dashboard' is present

2019-05-19 11:13:00 - [MESSAGE][PASSED] - I want to verify Dashboard presents

2019-05-19 11:13:00 - [TEST_STEP][PASSED] - I want to verify Projects List presents: I want to verify Projects List presents

2019-05-19 11:13:00 - [MESSAGE][WARNING] - Timeout '0' is invalid. Using default page load timeout: '30'

2019-05-19 11:13:00 - [MESSAGE][PASSED] - Object 'Object Repository/OOBObjects/HomepageObjects/ProjectsList' is present

2019-05-19 11:13:00 - [MESSAGE][PASSED] - I want to verify Projects List presents

2019-05-19 11:13:00 - [TEST_STEP][PASSED] - I want to verify Strategy Center presents: I want to verify Strategy Center presents

2019-05-19 11:13:00 - [MESSAGE][WARNING] - Timeout '0' is invalid. Using default page load timeout: '30'

2019-05-19 11:13:00 - [MESSAGE][PASSED] - Object 'Object Repository/OOBObjects/HomepageObjects/StrategyCenter' is present

2019-05-19 11:13:00 - [MESSAGE][PASSED] - I want to verify Strategy Center presents

2019-05-19 11:13:00 - [TEST_STEP][PASSED] - I want to verify Reports presents: I want to verify Reports presents

2019-05-19 11:13:00 - [MESSAGE][WARNING] - Timeout '0' is invalid. Using default page load timeout: '30'

2019-05-19 11:13:00 - [MESSAGE][PASSED] - Object 'Object Repository/OOBObjects/HomepageObjects/Reports' is present

2019-05-19 11:13:00 - [MESSAGE][PASSED] - I want to verify Reports presents

2019-05-19 11:13:00 - [TEST_STEP][PASSED] - I want to verify Tasks presents: I want to verify Tasks presents

2019-05-19 11:13:00 - [MESSAGE][WARNING] - Timeout '0' is invalid. Using default page load timeout: '30'

2019-05-19 11:13:00 - [MESSAGE][PASSED] - Object 'Object Repository/OOBObjects/HomepageObjects/Tasks' is present

2019-05-19 11:13:00 - [MESSAGE][PASSED] - I want to verify Tasks presents

2019-05-19 11:13:00 - [TEST_STEP][PASSED] - I want to verify Support presents: I want to verify Support presents

2019-05-19 11:13:00 - [MESSAGE][WARNING] - Timeout '0' is invalid. Using default page load timeout: '30'

2019-05-19 11:13:00 - [MESSAGE][PASSED] - Object 'Object Repository/OOBObjects/HomepageObjects/Support' is present

2019-05-19 11:13:00 - [MESSAGE][PASSED] - I want to verify Support presents

2019-05-19 11:13:00 - [TEST_STEP][PASSED] - I want to verify User Dropdwon presents: I want to verify User Dropdwon presents

2019-05-19 11:13:00 - [MESSAGE][WARNING] - Timeout '0' is invalid. Using default page load timeout: '30'

2019-05-19 11:13:00 - [MESSAGE][PASSED] - Object 'Object Repository/OOBObjects/HomepageObjects/UserDropdwon' is present

2019-05-19 11:13:00 - [MESSAGE][PASSED] - I want to verify User Dropdwon presents

2019-05-19 11:13:00 - [TEST_STEP][PASSED] - I want to verify Inbox Icon presents: I want to verify Inbox Icon presents

2019-05-19 11:13:00 - [MESSAGE][WARNING] - Timeout '0' is invalid. Using default page load timeout: '30'

2019-05-19 11:13:00 - [MESSAGE][PASSED] - Object 'Object Repository/OOBObjects/HomepageObjects/InboxIcon' is present

2019-05-19 11:13:00 - [MESSAGE][PASSED] - I want to verify Inbox Icon presents

2019-05-19 11:13:00 - [TEST_STEP][PASSED] - I want to verify Settings presents: I want to verify Settings presents

2019-05-19 11:13:00 - [MESSAGE][WARNING] - Timeout '0' is invalid. Using default page load timeout: '30'

2019-05-19 11:13:00 - [MESSAGE][PASSED] - Object 'Object Repository/OOBObjects/HomepageObjects/Settings' is present

2019-05-19 11:13:00 - [MESSAGE][PASSED] - I want to verify Settings presents

2019-05-19 11:13:00 - [TEST_STEP][PASSED] - I want to verify Language presents: I want to verify Language presents

2019-05-19 11:13:00 - [MESSAGE][WARNING] - Timeout '0' is invalid. Using default page load timeout: '30'

2019-05-19 11:13:00 - [MESSAGE][PASSED] - Object 'Object Repository/OOBObjects/HomepageObjects/Language' is present

2019-05-19 11:13:00 - [MESSAGE][PASSED] - I want to verify Language presents

2019-05-19 11:13:00 - [TEST_STEP][PASSED] - I want to close browser: I want to close browser

2019-05-19 11:13:01 - [MESSAGE][PASSED] - Browser is closed

2019-05-19 11:13:01 - [MESSAGE][PASSED] - I want to close browser

2019-05-19 11:13:01 - [MESSAGE][PASSED] - Feature file: 'Include/features/Governance-Module/Add-Idea/002-Verify-OOB-HomePage.feature' was passed]]></system-out>
         <system-err><![CDATA[]]></system-err>
      </testcase>
      <testcase name="Test Cases/Add-Idea-Test-Cases/003-Add-Idea" classname="Test Cases/Add-Idea-Test-Cases/003-Add-Idea" status="PASSED">
         <system-out><![CDATA[2019-05-19 11:13:01 - [TEST_CASE][PASSED] - Test Cases/Add-Idea-Test-Cases/003-Add-Idea: Test Cases/Add-Idea-Test-Cases/003-Add-Idea

2019-05-19 11:13:01 - [TEST_STEP][PASSED] - runFeatureFile("Include/features/Governance-Module/Add-Idea/003-Add-Idea.feature"): Feature file: 'Include/features/Governance-Module/Add-Idea/003-Add-Idea.feature' was passed

2019-05-19 11:13:01 - [MESSAGE][INFO] - Starting run keyword runFeatureFile: 'Include/features/Governance-Module/Add-Idea/003-Add-Idea.feature' and extract report to folder: 'C:\Users\HP\git\PMO-Web-Application\Reports\First-Test-Suite\20190519_111227/cucumber_report/1558253581562'...

2019-05-19 11:13:01 - [TEST_CASE][PASSED] - Start Test Case : SCENARIO Add new idea: SCENARIO Add new idea

2019-05-19 11:13:01 - [TEST_STEP][PASSED] - I want to open browser: I want to open browser

2019-05-19 11:13:01 - [MESSAGE][INFO] - Starting 'Chrome' driver

2019-05-19 11:13:03 - [MESSAGE][PASSED] - Browser is opened with url: ''

2019-05-19 11:13:03 - [MESSAGE][PASSED] - Delete all cookies successfully

2019-05-19 11:13:03 - [MESSAGE][PASSED] - I want to open browser

2019-05-19 11:13:03 - [TEST_STEP][PASSED] - I want to maximize window: I want to maximize window

2019-05-19 11:13:05 - [MESSAGE][PASSED] - Current window maximized

2019-05-19 11:13:05 - [MESSAGE][PASSED] - I want to maximize window

2019-05-19 11:13:05 - [TEST_STEP][PASSED] - I want to go to OOB: I want to go to OOB

2019-05-19 11:13:06 - [MESSAGE][PASSED] - Navigate to 'https://pmoadmin:P@ssw0rd@dev5.cloudapp.net/OOB2/' successfully

2019-05-19 11:13:06 - [MESSAGE][PASSED] - I want to go to OOB

2019-05-19 11:13:06 - [TEST_STEP][PASSED] - I want to verify I'm in OOB main page: I want to verify I'm in OOB main page

2019-05-19 11:13:06 - [MESSAGE][WARNING] - Timeout '0' is invalid. Using default page load timeout: '30'

2019-05-19 11:13:15 - [MESSAGE][PASSED] - Object 'Object Repository/OOBObjects/HomepageObjects/OOBSideBar' is present

2019-05-19 11:13:15 - [MESSAGE][PASSED] - I want to verify I'm in OOB main page

2019-05-19 11:13:15 - [TEST_STEP][PASSED] - I want to go to ideas list page: I want to go to ideas list page

2019-05-19 11:13:18 - [MESSAGE][PASSED] - Object: 'Object Repository/OOBObjects/HomepageObjects/IdeasList' is clicked on

2019-05-19 11:13:18 - [MESSAGE][PASSED] - I want to go to ideas list page

2019-05-19 11:13:18 - [TEST_STEP][PASSED] - I want to click on Add New button: I want to click on Add New button

2019-05-19 11:13:19 - [MESSAGE][PASSED] - Object: 'Object Repository/OOBObjects/IdeasListObjects/AddNewIdeaButton' is clicked on

2019-05-19 11:13:19 - [MESSAGE][PASSED] - I want to click on Add New button

2019-05-19 11:13:19 - [TEST_STEP][PASSED] - I want to fill idea name field: I want to fill idea name field

2019-05-19 11:13:19 - [MESSAGE][PASSED] - Text 'Automation7569' is set on object 'Object Repository/OOBObjects/IdeasListObjects/Idea-Name-Field'

2019-05-19 11:13:19 - [MESSAGE][PASSED] - I want to fill idea name field

2019-05-19 11:13:19 - [TEST_STEP][PASSED] - I want to select expected start date: I want to select expected start date

2019-05-19 11:13:19 - [MESSAGE][PASSED] - Object: 'Object Repository/OOBObjects/IdeasListObjects//GREGORIAN-Start-date-Check-Box' is clicked on

2019-05-19 11:13:19 - [MESSAGE][PASSED] - Object: 'Object Repository/OOBObjects/IdeasListObjects//Excepted-Start-Date' is clicked on

2019-05-19 11:13:20 - [MESSAGE][PASSED] - All options with index in [5] are selected on object 'Object Repository/OOBObjects/IdeasListObjects/StartDateMonthDropDwon'

2019-05-19 11:13:20 - [MESSAGE][PASSED] - Object: 'Object Repository/OOBObjects/IdeasListObjects//Day26' is hovered

2019-05-19 11:13:20 - [MESSAGE][PASSED] - Object: 'Object Repository/OOBObjects/IdeasListObjects//Day26' is clicked on

2019-05-19 11:13:20 - [MESSAGE][PASSED] - I want to select expected start date

2019-05-19 11:13:20 - [TEST_STEP][PASSED] - I want to select expected end date: I want to select expected end date

2019-05-19 11:13:20 - [MESSAGE][PASSED] - Object 'Object Repository/OOBObjects/IdeasListObjects/GREGORIAN-End-Date-Check-Box' is visible

2019-05-19 11:13:20 - [MESSAGE][PASSED] - Object: 'Object Repository/OOBObjects/IdeasListObjects/GREGORIAN-End-Date-Check-Box' is clicked on

2019-05-19 11:13:22 - [MESSAGE][PASSED] - Delayed 2 second(s)

2019-05-19 11:13:22 - [MESSAGE][PASSED] - Object: 'Object Repository/OOBObjects/IdeasListObjects/Excpected-End-Date' is hovered

2019-05-19 11:13:22 - [MESSAGE][PASSED] - Object: 'Object Repository/OOBObjects/IdeasListObjects/Excpected-End-Date' is clicked on

2019-05-19 11:13:22 - [MESSAGE][PASSED] - All options with index in [6] are selected on object 'Object Repository/OOBObjects/IdeasListObjects/EndDateMonthDropdown'

2019-05-19 11:13:22 - [MESSAGE][PASSED] - Object: 'Object Repository/OOBObjects/IdeasListObjects/EndDateDay15' is hovered

2019-05-19 11:13:22 - [MESSAGE][PASSED] - Object: 'Object Repository/OOBObjects/IdeasListObjects/EndDateDay15' is clicked on

2019-05-19 11:13:22 - [MESSAGE][PASSED] - I want to select expected end date

2019-05-19 11:13:22 - [TEST_STEP][PASSED] - I want to fill idea objective field: I want to fill idea objective field

2019-05-19 11:13:22 - [MESSAGE][PASSED] - Text 'Automation' is set on object 'Object Repository/OOBObjects/IdeasListObjects/Idea-Objective-Field'

2019-05-19 11:13:22 - [MESSAGE][PASSED] - I want to fill idea objective field

2019-05-19 11:13:22 - [TEST_STEP][PASSED] - I want to fill expected budget field: I want to fill expected budget field

2019-05-19 11:13:22 - [MESSAGE][PASSED] - Text '10000' is set on object 'Object Repository/OOBObjects/IdeasListObjects/Expected-Budget-Field'

2019-05-19 11:13:22 - [MESSAGE][PASSED] - I want to fill expected budget field

2019-05-19 11:13:22 - [TEST_STEP][PASSED] - I want to fill Notes field: I want to fill Notes field

2019-05-19 11:13:23 - [MESSAGE][PASSED] - Text 'test note' is set on object 'Object Repository/OOBObjects/IdeasListObjects/Notes-Field'

2019-05-19 11:13:23 - [MESSAGE][PASSED] - I want to fill Notes field

2019-05-19 11:13:23 - [TEST_STEP][PASSED] - I want to add Attachment: I want to add Attachment

2019-05-19 11:13:23 - [MESSAGE][PASSED] - Object: 'Object Repository/OOBObjects/IdeasListObjects/Add-New-Document-Button' is clicked on

2019-05-19 11:13:23 - [MESSAGE][WARNING] - Timeout '0' is invalid. Using default page load timeout: '30'

2019-05-19 11:13:23 - [MESSAGE][PASSED] - Scroll to object 'Object Repository/OOBObjects/IdeasListObjects/Add-New-Document-Button' successfully

2019-05-19 11:13:23 - [MESSAGE][PASSED] - Text 'test1' is set on object 'Object Repository/OOBObjects/IdeasListObjects/AttachmentNameField'

2019-05-19 11:13:23 - [MESSAGE][PASSED] - File 'C:\Users\HP\Desktop\download.png' sent to object: 'Object Repository/OOBObjects/IdeasListObjects/Upload-File'

2019-05-19 11:13:23 - [MESSAGE][WARNING] - Timeout '0' is invalid. Using default page load timeout: '30'

2019-05-19 11:13:23 - [MESSAGE][PASSED] - Object 'Object Repository/OOBObjects/IdeasListObjects/AttachedFile' is present

2019-05-19 11:13:23 - [MESSAGE][PASSED] - Object: 'Object Repository/OOBObjects/IdeasListObjects/LoadButton' is clicked on

2019-05-19 11:13:23 - [MESSAGE][PASSED] - I want to add Attachment

2019-05-19 11:13:23 - [TEST_STEP][PASSED] - I want to click send idea button: I want to click send idea button

2019-05-19 11:13:28 - [MESSAGE][PASSED] - Delayed 5 second(s)

2019-05-19 11:13:28 - [MESSAGE][WARNING] - Timeout '0' is invalid. Using default page load timeout: '30'

2019-05-19 11:13:28 - [MESSAGE][PASSED] - Scroll to object 'Object Repository/OOBObjects/IdeasListObjects/CardBlock' successfully

2019-05-19 11:13:29 - [MESSAGE][PASSED] - Object: 'Object Repository/OOBObjects/IdeasListObjects/SendIdeaButton' is clicked on

2019-05-19 11:13:29 - [MESSAGE][PASSED] - I want to click send idea button

2019-05-19 11:13:29 - [TEST_STEP][PASSED] - I want to verify idea added successfuly: I want to verify idea added successfuly

2019-05-19 11:13:29 - [MESSAGE][WARNING] - Timeout '0' is invalid. Using default page load timeout: '30'

2019-05-19 11:13:29 - [MESSAGE][PASSED] - Wait for page load successfully

2019-05-19 11:13:30 - [MESSAGE][PASSED] - Text 'Automation7569' is set on object 'Object Repository/OOBObjects/IdeasListObjects/SearchField'

2019-05-19 11:13:32 - [MESSAGE][PASSED] - Actual text and expected text of test object 'Object Repository/OOBObjects/IdeasListObjects/SearchResult' are matched.

2019-05-19 11:13:32 - [MESSAGE][PASSED] - I want to verify idea added successfuly

2019-05-19 11:13:32 - [TEST_STEP][PASSED] - I want to close browser: I want to close browser

2019-05-19 11:13:33 - [MESSAGE][PASSED] - Browser is closed

2019-05-19 11:13:33 - [MESSAGE][PASSED] - I want to close browser

2019-05-19 11:13:33 - [MESSAGE][PASSED] - Feature file: 'Include/features/Governance-Module/Add-Idea/003-Add-Idea.feature' was passed]]></system-out>
         <system-err><![CDATA[]]></system-err>
      </testcase>
      <testcase name="Test Cases/Add-Idea-Test-Cases/004-Cancel-Idea-Creation" classname="Test Cases/Add-Idea-Test-Cases/004-Cancel-Idea-Creation" status="PASSED">
         <system-out><![CDATA[2019-05-19 11:13:33 - [TEST_CASE][PASSED] - Test Cases/Add-Idea-Test-Cases/004-Cancel-Idea-Creation: Test Cases/Add-Idea-Test-Cases/004-Cancel-Idea-Creation

2019-05-19 11:13:33 - [TEST_STEP][PASSED] - runFeatureFile("Include/features/Governance-Module/Add-Idea/004-Cancel-Idea-Creation.feature"): Feature file: 'Include/features/Governance-Module/Add-Idea/004-Cancel-Idea-Creation.feature' was passed

2019-05-19 11:13:33 - [MESSAGE][INFO] - Starting run keyword runFeatureFile: 'Include/features/Governance-Module/Add-Idea/004-Cancel-Idea-Creation.feature' and extract report to folder: 'C:\Users\HP\git\PMO-Web-Application\Reports\First-Test-Suite\20190519_111227/cucumber_report/1558253613236'...

2019-05-19 11:13:33 - [TEST_CASE][PASSED] - Start Test Case : SCENARIO Cancel idea creation process: SCENARIO Cancel idea creation process

2019-05-19 11:13:33 - [TEST_STEP][PASSED] - I want to open browser: I want to open browser

2019-05-19 11:13:33 - [MESSAGE][INFO] - Starting 'Chrome' driver

2019-05-19 11:13:35 - [MESSAGE][PASSED] - Browser is opened with url: ''

2019-05-19 11:13:35 - [MESSAGE][PASSED] - Delete all cookies successfully

2019-05-19 11:13:35 - [MESSAGE][PASSED] - I want to open browser

2019-05-19 11:13:35 - [TEST_STEP][PASSED] - I want to maximize window: I want to maximize window

2019-05-19 11:13:36 - [MESSAGE][PASSED] - Current window maximized

2019-05-19 11:13:36 - [MESSAGE][PASSED] - I want to maximize window

2019-05-19 11:13:36 - [TEST_STEP][PASSED] - I want to go to OOB: I want to go to OOB

2019-05-19 11:13:38 - [MESSAGE][PASSED] - Navigate to 'https://pmoadmin:P@ssw0rd@dev5.cloudapp.net/OOB2/' successfully

2019-05-19 11:13:38 - [MESSAGE][PASSED] - I want to go to OOB

2019-05-19 11:13:38 - [TEST_STEP][PASSED] - I want to verify I'm in OOB main page: I want to verify I'm in OOB main page

2019-05-19 11:13:38 - [MESSAGE][WARNING] - Timeout '0' is invalid. Using default page load timeout: '30'

2019-05-19 11:13:52 - [MESSAGE][PASSED] - Object 'Object Repository/OOBObjects/HomepageObjects/OOBSideBar' is present

2019-05-19 11:13:52 - [MESSAGE][PASSED] - I want to verify I'm in OOB main page

2019-05-19 11:13:52 - [TEST_STEP][PASSED] - I want to go to ideas list page: I want to go to ideas list page

2019-05-19 11:13:55 - [MESSAGE][PASSED] - Object: 'Object Repository/OOBObjects/HomepageObjects/IdeasList' is clicked on

2019-05-19 11:13:55 - [MESSAGE][PASSED] - I want to go to ideas list page

2019-05-19 11:13:55 - [TEST_STEP][PASSED] - I want to click on Add New button: I want to click on Add New button

2019-05-19 11:13:56 - [MESSAGE][PASSED] - Object: 'Object Repository/OOBObjects/IdeasListObjects/AddNewIdeaButton' is clicked on

2019-05-19 11:13:56 - [MESSAGE][PASSED] - I want to click on Add New button

2019-05-19 11:13:56 - [TEST_STEP][PASSED] - I want to fill idea name field: I want to fill idea name field

2019-05-19 11:13:56 - [MESSAGE][PASSED] - Text 'Automation7321' is set on object 'Object Repository/OOBObjects/IdeasListObjects/Idea-Name-Field'

2019-05-19 11:13:56 - [MESSAGE][PASSED] - I want to fill idea name field

2019-05-19 11:13:56 - [TEST_STEP][PASSED] - I want to select expected start date: I want to select expected start date

2019-05-19 11:13:57 - [MESSAGE][PASSED] - Object: 'Object Repository/OOBObjects/IdeasListObjects//GREGORIAN-Start-date-Check-Box' is clicked on

2019-05-19 11:13:57 - [MESSAGE][PASSED] - Object: 'Object Repository/OOBObjects/IdeasListObjects//Excepted-Start-Date' is clicked on

2019-05-19 11:13:57 - [MESSAGE][PASSED] - All options with index in [5] are selected on object 'Object Repository/OOBObjects/IdeasListObjects/StartDateMonthDropDwon'

2019-05-19 11:13:57 - [MESSAGE][PASSED] - Object: 'Object Repository/OOBObjects/IdeasListObjects//Day26' is hovered

2019-05-19 11:13:57 - [MESSAGE][PASSED] - Object: 'Object Repository/OOBObjects/IdeasListObjects//Day26' is clicked on

2019-05-19 11:13:57 - [MESSAGE][PASSED] - I want to select expected start date

2019-05-19 11:13:57 - [TEST_STEP][PASSED] - I want to select expected end date: I want to select expected end date

2019-05-19 11:13:57 - [MESSAGE][PASSED] - Object 'Object Repository/OOBObjects/IdeasListObjects/GREGORIAN-End-Date-Check-Box' is visible

2019-05-19 11:13:57 - [MESSAGE][PASSED] - Object: 'Object Repository/OOBObjects/IdeasListObjects/GREGORIAN-End-Date-Check-Box' is clicked on

2019-05-19 11:13:59 - [MESSAGE][PASSED] - Delayed 2 second(s)

2019-05-19 11:13:59 - [MESSAGE][PASSED] - Object: 'Object Repository/OOBObjects/IdeasListObjects/Excpected-End-Date' is hovered

2019-05-19 11:13:59 - [MESSAGE][PASSED] - Object: 'Object Repository/OOBObjects/IdeasListObjects/Excpected-End-Date' is clicked on

2019-05-19 11:13:59 - [MESSAGE][PASSED] - All options with index in [6] are selected on object 'Object Repository/OOBObjects/IdeasListObjects/EndDateMonthDropdown'

2019-05-19 11:13:59 - [MESSAGE][PASSED] - Object: 'Object Repository/OOBObjects/IdeasListObjects/EndDateDay15' is hovered

2019-05-19 11:13:59 - [MESSAGE][PASSED] - Object: 'Object Repository/OOBObjects/IdeasListObjects/EndDateDay15' is clicked on

2019-05-19 11:13:59 - [MESSAGE][PASSED] - I want to select expected end date

2019-05-19 11:13:59 - [TEST_STEP][PASSED] - I want to fill idea objective field: I want to fill idea objective field

2019-05-19 11:13:59 - [MESSAGE][PASSED] - Text 'Automation' is set on object 'Object Repository/OOBObjects/IdeasListObjects/Idea-Objective-Field'

2019-05-19 11:13:59 - [MESSAGE][PASSED] - I want to fill idea objective field

2019-05-19 11:13:59 - [TEST_STEP][PASSED] - I want to fill expected budget field: I want to fill expected budget field

2019-05-19 11:14:00 - [MESSAGE][PASSED] - Text '10000' is set on object 'Object Repository/OOBObjects/IdeasListObjects/Expected-Budget-Field'

2019-05-19 11:14:00 - [MESSAGE][PASSED] - I want to fill expected budget field

2019-05-19 11:14:00 - [TEST_STEP][PASSED] - I want to fill Notes field: I want to fill Notes field

2019-05-19 11:14:00 - [MESSAGE][PASSED] - Text 'test note' is set on object 'Object Repository/OOBObjects/IdeasListObjects/Notes-Field'

2019-05-19 11:14:00 - [MESSAGE][PASSED] - I want to fill Notes field

2019-05-19 11:14:00 - [TEST_STEP][PASSED] - I want to click Cancel idea button: I want to click Cancel idea button

2019-05-19 11:14:00 - [MESSAGE][PASSED] - Object: 'Object Repository/OOBObjects/IdeasListObjects/CancelIdeaButton' is hovered

2019-05-19 11:14:01 - [MESSAGE][PASSED] - Object: 'Object Repository/OOBObjects/IdeasListObjects/CancelIdeaButton' is clicked on

2019-05-19 11:14:01 - [MESSAGE][PASSED] - I want to click Cancel idea button

2019-05-19 11:14:01 - [TEST_STEP][PASSED] - I want to check idea not created: I want to check idea not created

2019-05-19 11:14:01 - [MESSAGE][PASSED] - Text 'Automation7321' is set on object 'Object Repository/OOBObjects/IdeasListObjects/SearchField'

2019-05-19 11:14:03 - [MESSAGE][PASSED] - Actual text and expected text of test object 'Object Repository/OOBObjects/IdeasListObjects/SearchResult' are matched.

2019-05-19 11:14:03 - [MESSAGE][PASSED] - I want to check idea not created

2019-05-19 11:14:03 - [TEST_STEP][PASSED] - I want to close browser: I want to close browser

2019-05-19 11:14:03 - [MESSAGE][PASSED] - Browser is closed

2019-05-19 11:14:03 - [MESSAGE][PASSED] - I want to close browser

2019-05-19 11:14:03 - [MESSAGE][PASSED] - Feature file: 'Include/features/Governance-Module/Add-Idea/004-Cancel-Idea-Creation.feature' was passed]]></system-out>
         <system-err><![CDATA[]]></system-err>
      </testcase>
      <testcase name="Test Cases/Add-Idea-Test-Cases/005-Save-Idea" classname="Test Cases/Add-Idea-Test-Cases/005-Save-Idea" status="PASSED">
         <system-out><![CDATA[2019-05-19 11:14:03 - [TEST_CASE][PASSED] - Test Cases/Add-Idea-Test-Cases/005-Save-Idea: Test Cases/Add-Idea-Test-Cases/005-Save-Idea

2019-05-19 11:14:03 - [TEST_STEP][PASSED] - runFeatureFile("Include/features/Governance-Module/Add-Idea/005-Save-Idea.feature"): Feature file: 'Include/features/Governance-Module/Add-Idea/005-Save-Idea.feature' was passed

2019-05-19 11:14:03 - [MESSAGE][INFO] - Starting run keyword runFeatureFile: 'Include/features/Governance-Module/Add-Idea/005-Save-Idea.feature' and extract report to folder: 'C:\Users\HP\git\PMO-Web-Application\Reports\First-Test-Suite\20190519_111227/cucumber_report/1558253643711'...

2019-05-19 11:14:03 - [TEST_CASE][PASSED] - Start Test Case : SCENARIO Save Idea: SCENARIO Save Idea

2019-05-19 11:14:03 - [TEST_STEP][PASSED] - I want to open browser: I want to open browser

2019-05-19 11:14:03 - [MESSAGE][INFO] - Starting 'Chrome' driver

2019-05-19 11:14:05 - [MESSAGE][PASSED] - Browser is opened with url: ''

2019-05-19 11:14:05 - [MESSAGE][PASSED] - Delete all cookies successfully

2019-05-19 11:14:05 - [MESSAGE][PASSED] - I want to open browser

2019-05-19 11:14:05 - [TEST_STEP][PASSED] - I want to maximize window: I want to maximize window

2019-05-19 11:14:07 - [MESSAGE][PASSED] - Current window maximized

2019-05-19 11:14:07 - [MESSAGE][PASSED] - I want to maximize window

2019-05-19 11:14:07 - [TEST_STEP][PASSED] - I want to go to OOB: I want to go to OOB

2019-05-19 11:14:08 - [MESSAGE][PASSED] - Navigate to 'https://pmoadmin:P@ssw0rd@dev5.cloudapp.net/OOB2/' successfully

2019-05-19 11:14:08 - [MESSAGE][PASSED] - I want to go to OOB

2019-05-19 11:14:08 - [TEST_STEP][PASSED] - I want to verify I'm in OOB main page: I want to verify I'm in OOB main page

2019-05-19 11:14:08 - [MESSAGE][WARNING] - Timeout '0' is invalid. Using default page load timeout: '30'

2019-05-19 11:14:16 - [MESSAGE][PASSED] - Object 'Object Repository/OOBObjects/HomepageObjects/OOBSideBar' is present

2019-05-19 11:14:16 - [MESSAGE][PASSED] - I want to verify I'm in OOB main page

2019-05-19 11:14:16 - [TEST_STEP][PASSED] - I want to go to ideas list page: I want to go to ideas list page

2019-05-19 11:14:20 - [MESSAGE][PASSED] - Object: 'Object Repository/OOBObjects/HomepageObjects/IdeasList' is clicked on

2019-05-19 11:14:20 - [MESSAGE][PASSED] - I want to go to ideas list page

2019-05-19 11:14:20 - [TEST_STEP][PASSED] - I want to click on Add New button: I want to click on Add New button

2019-05-19 11:14:21 - [MESSAGE][PASSED] - Object: 'Object Repository/OOBObjects/IdeasListObjects/AddNewIdeaButton' is clicked on

2019-05-19 11:14:21 - [MESSAGE][PASSED] - I want to click on Add New button

2019-05-19 11:14:21 - [TEST_STEP][PASSED] - I want to fill idea name field: I want to fill idea name field

2019-05-19 11:14:21 - [MESSAGE][PASSED] - Text 'Automation8245' is set on object 'Object Repository/OOBObjects/IdeasListObjects/Idea-Name-Field'

2019-05-19 11:14:21 - [MESSAGE][PASSED] - I want to fill idea name field

2019-05-19 11:14:21 - [TEST_STEP][PASSED] - I want to select expected start date: I want to select expected start date

2019-05-19 11:14:21 - [MESSAGE][PASSED] - Object: 'Object Repository/OOBObjects/IdeasListObjects//GREGORIAN-Start-date-Check-Box' is clicked on

2019-05-19 11:14:21 - [MESSAGE][PASSED] - Object: 'Object Repository/OOBObjects/IdeasListObjects//Excepted-Start-Date' is clicked on

2019-05-19 11:14:21 - [MESSAGE][PASSED] - All options with index in [5] are selected on object 'Object Repository/OOBObjects/IdeasListObjects/StartDateMonthDropDwon'

2019-05-19 11:14:21 - [MESSAGE][PASSED] - Object: 'Object Repository/OOBObjects/IdeasListObjects//Day26' is hovered

2019-05-19 11:14:21 - [MESSAGE][PASSED] - Object: 'Object Repository/OOBObjects/IdeasListObjects//Day26' is clicked on

2019-05-19 11:14:21 - [MESSAGE][PASSED] - I want to select expected start date

2019-05-19 11:14:21 - [TEST_STEP][PASSED] - I want to select expected end date: I want to select expected end date

2019-05-19 11:14:21 - [MESSAGE][PASSED] - Object 'Object Repository/OOBObjects/IdeasListObjects/GREGORIAN-End-Date-Check-Box' is visible

2019-05-19 11:14:22 - [MESSAGE][PASSED] - Object: 'Object Repository/OOBObjects/IdeasListObjects/GREGORIAN-End-Date-Check-Box' is clicked on

2019-05-19 11:14:24 - [MESSAGE][PASSED] - Delayed 2 second(s)

2019-05-19 11:14:24 - [MESSAGE][PASSED] - Object: 'Object Repository/OOBObjects/IdeasListObjects/Excpected-End-Date' is hovered

2019-05-19 11:14:24 - [MESSAGE][PASSED] - Object: 'Object Repository/OOBObjects/IdeasListObjects/Excpected-End-Date' is clicked on

2019-05-19 11:14:24 - [MESSAGE][PASSED] - All options with index in [6] are selected on object 'Object Repository/OOBObjects/IdeasListObjects/EndDateMonthDropdown'

2019-05-19 11:14:24 - [MESSAGE][PASSED] - Object: 'Object Repository/OOBObjects/IdeasListObjects/EndDateDay15' is hovered

2019-05-19 11:14:24 - [MESSAGE][PASSED] - Object: 'Object Repository/OOBObjects/IdeasListObjects/EndDateDay15' is clicked on

2019-05-19 11:14:24 - [MESSAGE][PASSED] - I want to select expected end date

2019-05-19 11:14:24 - [TEST_STEP][PASSED] - I want to fill idea objective field: I want to fill idea objective field

2019-05-19 11:14:24 - [MESSAGE][PASSED] - Text 'Automation' is set on object 'Object Repository/OOBObjects/IdeasListObjects/Idea-Objective-Field'

2019-05-19 11:14:24 - [MESSAGE][PASSED] - I want to fill idea objective field

2019-05-19 11:14:24 - [TEST_STEP][PASSED] - I want to fill expected budget field: I want to fill expected budget field

2019-05-19 11:14:24 - [MESSAGE][PASSED] - Text '10000' is set on object 'Object Repository/OOBObjects/IdeasListObjects/Expected-Budget-Field'

2019-05-19 11:14:24 - [MESSAGE][PASSED] - I want to fill expected budget field

2019-05-19 11:14:24 - [TEST_STEP][PASSED] - I want to fill Notes field: I want to fill Notes field

2019-05-19 11:14:24 - [MESSAGE][PASSED] - Text 'test note' is set on object 'Object Repository/OOBObjects/IdeasListObjects/Notes-Field'

2019-05-19 11:14:24 - [MESSAGE][PASSED] - I want to fill Notes field

2019-05-19 11:14:24 - [TEST_STEP][PASSED] - I want to click save idea button: I want to click save idea button

2019-05-19 11:14:24 - [MESSAGE][WARNING] - Timeout '0' is invalid. Using default page load timeout: '30'

2019-05-19 11:14:24 - [MESSAGE][PASSED] - Object 'Object Repository/OOBObjects/IdeasListObjects/SaveIdeaButton' is present

2019-05-19 11:14:24 - [MESSAGE][WARNING] - Timeout '0' is invalid. Using default page load timeout: '30'

2019-05-19 11:14:24 - [MESSAGE][PASSED] - Object 'Object Repository/OOBObjects/IdeasListObjects/SaveIdeaButton' is clickable

2019-05-19 11:14:24 - [MESSAGE][PASSED] - Object: 'Object Repository/OOBObjects/IdeasListObjects/SaveIdeaButton' is clicked on

2019-05-19 11:14:29 - [MESSAGE][PASSED] - Delayed 5 second(s)

2019-05-19 11:14:29 - [MESSAGE][PASSED] - I want to click save idea button

2019-05-19 11:14:29 - [TEST_STEP][PASSED] - I want to wait for page load: I want to wait for page load

2019-05-19 11:14:29 - [MESSAGE][PASSED] - Wait for page load successfully

2019-05-19 11:14:29 - [MESSAGE][PASSED] - I want to wait for page load

2019-05-19 11:14:29 - [TEST_STEP][PASSED] - I want to go to ideas list page: I want to go to ideas list page

2019-05-19 11:14:31 - [MESSAGE][PASSED] - Object: 'Object Repository/OOBObjects/HomepageObjects/IdeasList' is clicked on

2019-05-19 11:14:31 - [MESSAGE][PASSED] - I want to go to ideas list page

2019-05-19 11:14:31 - [TEST_STEP][PASSED] - I want to search for idea by idea name: I want to search for idea by idea name

2019-05-19 11:14:31 - [MESSAGE][PASSED] - Text 'Automation8245' is set on object 'Object Repository/OOBObjects/IdeasListObjects/SearchField'

2019-05-19 11:14:32 - [MESSAGE][PASSED] - Actual text and expected text of test object 'Object Repository/OOBObjects/IdeasListObjects/SearchResult' are matched.

2019-05-19 11:14:32 - [MESSAGE][PASSED] - I want to search for idea by idea name

2019-05-19 11:14:32 - [TEST_STEP][PASSED] - I want to close browser: I want to close browser

2019-05-19 11:14:33 - [MESSAGE][PASSED] - Browser is closed

2019-05-19 11:14:33 - [MESSAGE][PASSED] - I want to close browser

2019-05-19 11:14:33 - [MESSAGE][PASSED] - Feature file: 'Include/features/Governance-Module/Add-Idea/005-Save-Idea.feature' was passed]]></system-out>
         <system-err><![CDATA[]]></system-err>
      </testcase>
      <testcase name="Test Cases/Add-Idea-Test-Cases/006-Check-Mandatory-Fields" classname="Test Cases/Add-Idea-Test-Cases/006-Check-Mandatory-Fields" status="FAILED">
         <failure type="FAILED" message="Test Cases/Add-Idea-Test-Cases/006-Check-Mandatory-Fields FAILED.
Reason:
com.kms.katalon.core.exception.StepFailedException: Feature file 'Include/features/Governance-Module/Add-Idea/006-Check-Mandatory-Fields.feature' was failed
	at com.kms.katalon.core.keyword.internal.KeywordMain.stepFailed(KeywordMain.groovy:48)
	at com.kms.katalon.core.keyword.internal.KeywordMain.stepFailed(KeywordMain.groovy)
	at com.kms.katalon.core.keyword.internal.KeywordMain.stepFailed(KeywordMain.groovy:21)
	at com.kms.katalon.core.keyword.internal.KeywordMain$stepFailed$0.call(Unknown Source)
	at com.kms.katalon.core.cucumber.keyword.CucumberBuiltinKeywords$_runFeatureFile_closure1.doCall(CucumberBuiltinKeywords.groovy:82)
	at com.kms.katalon.core.cucumber.keyword.CucumberBuiltinKeywords$_runFeatureFile_closure1.doCall(CucumberBuiltinKeywords.groovy)
	at com.kms.katalon.core.keyword.internal.KeywordMain.runKeyword(KeywordMain.groovy:66)
	at com.kms.katalon.core.keyword.internal.KeywordMain$runKeyword.call(Unknown Source)
	at com.kms.katalon.core.cucumber.keyword.CucumberBuiltinKeywords.runFeatureFile(CucumberBuiltinKeywords.groovy:46)
	at com.kms.katalon.core.cucumber.keyword.CucumberBuiltinKeywords$runFeatureFile$0.callStatic(Unknown Source)
	at com.kms.katalon.core.cucumber.keyword.CucumberBuiltinKeywords.runFeatureFile(CucumberBuiltinKeywords.groovy:101)
	at com.kms.katalon.core.cucumber.keyword.CucumberBuiltinKeywords$runFeatureFile.call(Unknown Source)
	at 006-Check-Mandatory-Fields.run(006-Check-Mandatory-Fields:16)
	at com.kms.katalon.core.main.ScriptEngine.run(ScriptEngine.java:194)
	at com.kms.katalon.core.main.ScriptEngine.runScriptAsRawText(ScriptEngine.java:119)
	at com.kms.katalon.core.main.TestCaseExecutor.runScript(TestCaseExecutor.java:331)
	at com.kms.katalon.core.main.TestCaseExecutor.doExecute(TestCaseExecutor.java:322)
	at com.kms.katalon.core.main.TestCaseExecutor.processExecutionPhase(TestCaseExecutor.java:301)
	at com.kms.katalon.core.main.TestCaseExecutor.accessMainPhase(TestCaseExecutor.java:293)
	at com.kms.katalon.core.main.TestCaseExecutor.execute(TestCaseExecutor.java:227)
	at com.kms.katalon.core.main.TestSuiteExecutor.accessTestCaseMainPhase(TestSuiteExecutor.java:129)
	at com.kms.katalon.core.main.TestSuiteExecutor.accessTestSuiteMainPhase(TestSuiteExecutor.java:112)
	at com.kms.katalon.core.main.TestSuiteExecutor.execute(TestSuiteExecutor.java:81)
	at com.kms.katalon.core.main.TestCaseMain.startTestSuite(TestCaseMain.java:157)
	at com.kms.katalon.core.main.TestCaseMain$startTestSuite$0.call(Unknown Source)
	at TempTestSuite1558253547685.run(TempTestSuite1558253547685.groovy:35)
"/>
         <system-out><![CDATA[2019-05-19 11:14:33 - [TEST_CASE][FAILED] - Test Cases/Add-Idea-Test-Cases/006-Check-Mandatory-Fields: Test Cases/Add-Idea-Test-Cases/006-Check-Mandatory-Fields FAILED.
Reason:
com.kms.katalon.core.exception.StepFailedException: Feature file 'Include/features/Governance-Module/Add-Idea/006-Check-Mandatory-Fields.feature' was failed
	at com.kms.katalon.core.keyword.internal.KeywordMain.stepFailed(KeywordMain.groovy:48)
	at com.kms.katalon.core.keyword.internal.KeywordMain.stepFailed(KeywordMain.groovy)
	at com.kms.katalon.core.keyword.internal.KeywordMain.stepFailed(KeywordMain.groovy:21)
	at com.kms.katalon.core.keyword.internal.KeywordMain$stepFailed$0.call(Unknown Source)
	at com.kms.katalon.core.cucumber.keyword.CucumberBuiltinKeywords$_runFeatureFile_closure1.doCall(CucumberBuiltinKeywords.groovy:82)
	at com.kms.katalon.core.cucumber.keyword.CucumberBuiltinKeywords$_runFeatureFile_closure1.doCall(CucumberBuiltinKeywords.groovy)
	at com.kms.katalon.core.keyword.internal.KeywordMain.runKeyword(KeywordMain.groovy:66)
	at com.kms.katalon.core.keyword.internal.KeywordMain$runKeyword.call(Unknown Source)
	at com.kms.katalon.core.cucumber.keyword.CucumberBuiltinKeywords.runFeatureFile(CucumberBuiltinKeywords.groovy:46)
	at com.kms.katalon.core.cucumber.keyword.CucumberBuiltinKeywords$runFeatureFile$0.callStatic(Unknown Source)
	at com.kms.katalon.core.cucumber.keyword.CucumberBuiltinKeywords.runFeatureFile(CucumberBuiltinKeywords.groovy:101)
	at com.kms.katalon.core.cucumber.keyword.CucumberBuiltinKeywords$runFeatureFile.call(Unknown Source)
	at 006-Check-Mandatory-Fields.run(006-Check-Mandatory-Fields:16)
	at com.kms.katalon.core.main.ScriptEngine.run(ScriptEngine.java:194)
	at com.kms.katalon.core.main.ScriptEngine.runScriptAsRawText(ScriptEngine.java:119)
	at com.kms.katalon.core.main.TestCaseExecutor.runScript(TestCaseExecutor.java:331)
	at com.kms.katalon.core.main.TestCaseExecutor.doExecute(TestCaseExecutor.java:322)
	at com.kms.katalon.core.main.TestCaseExecutor.processExecutionPhase(TestCaseExecutor.java:301)
	at com.kms.katalon.core.main.TestCaseExecutor.accessMainPhase(TestCaseExecutor.java:293)
	at com.kms.katalon.core.main.TestCaseExecutor.execute(TestCaseExecutor.java:227)
	at com.kms.katalon.core.main.TestSuiteExecutor.accessTestCaseMainPhase(TestSuiteExecutor.java:129)
	at com.kms.katalon.core.main.TestSuiteExecutor.accessTestSuiteMainPhase(TestSuiteExecutor.java:112)
	at com.kms.katalon.core.main.TestSuiteExecutor.execute(TestSuiteExecutor.java:81)
	at com.kms.katalon.core.main.TestCaseMain.startTestSuite(TestCaseMain.java:157)
	at com.kms.katalon.core.main.TestCaseMain$startTestSuite$0.call(Unknown Source)
	at TempTestSuite1558253547685.run(TempTestSuite1558253547685.groovy:35)


2019-05-19 11:14:33 - [TEST_STEP][FAILED] - runFeatureFile("Include/features/Governance-Module/Add-Idea/006-Check-Mandatory-Fields.feature"): runFeatureFile("Include/features/Governance-Module/Add-Idea/006-Check-Mandatory-Fields.feature") FAILED.
Reason:
com.kms.katalon.core.exception.StepFailedException: Feature file 'Include/features/Governance-Module/Add-Idea/006-Check-Mandatory-Fields.feature' was failed
	at com.kms.katalon.core.keyword.internal.KeywordMain.stepFailed(KeywordMain.groovy:48)
	at com.kms.katalon.core.keyword.internal.KeywordMain.stepFailed(KeywordMain.groovy)
	at com.kms.katalon.core.keyword.internal.KeywordMain.stepFailed(KeywordMain.groovy:21)
	at com.kms.katalon.core.keyword.internal.KeywordMain$stepFailed$0.call(Unknown Source)
	at com.kms.katalon.core.cucumber.keyword.CucumberBuiltinKeywords$_runFeatureFile_closure1.doCall(CucumberBuiltinKeywords.groovy:82)
	at com.kms.katalon.core.cucumber.keyword.CucumberBuiltinKeywords$_runFeatureFile_closure1.doCall(CucumberBuiltinKeywords.groovy)
	at com.kms.katalon.core.keyword.internal.KeywordMain.runKeyword(KeywordMain.groovy:66)
	at com.kms.katalon.core.keyword.internal.KeywordMain$runKeyword.call(Unknown Source)
	at com.kms.katalon.core.cucumber.keyword.CucumberBuiltinKeywords.runFeatureFile(CucumberBuiltinKeywords.groovy:46)
	at com.kms.katalon.core.cucumber.keyword.CucumberBuiltinKeywords$runFeatureFile$0.callStatic(Unknown Source)
	at com.kms.katalon.core.cucumber.keyword.CucumberBuiltinKeywords.runFeatureFile(CucumberBuiltinKeywords.groovy:101)
	at com.kms.katalon.core.cucumber.keyword.CucumberBuiltinKeywords$runFeatureFile.call(Unknown Source)
	at 006-Check-Mandatory-Fields.run(006-Check-Mandatory-Fields:16)
	at com.kms.katalon.core.main.ScriptEngine.run(ScriptEngine.java:194)
	at com.kms.katalon.core.main.ScriptEngine.runScriptAsRawText(ScriptEngine.java:119)
	at com.kms.katalon.core.main.TestCaseExecutor.runScript(TestCaseExecutor.java:331)
	at com.kms.katalon.core.main.TestCaseExecutor.doExecute(TestCaseExecutor.java:322)
	at com.kms.katalon.core.main.TestCaseExecutor.processExecutionPhase(TestCaseExecutor.java:301)
	at com.kms.katalon.core.main.TestCaseExecutor.accessMainPhase(TestCaseExecutor.java:293)
	at com.kms.katalon.core.main.TestCaseExecutor.execute(TestCaseExecutor.java:227)
	at com.kms.katalon.core.main.TestSuiteExecutor.accessTestCaseMainPhase(TestSuiteExecutor.java:129)
	at com.kms.katalon.core.main.TestSuiteExecutor.accessTestSuiteMainPhase(TestSuiteExecutor.java:112)
	at com.kms.katalon.core.main.TestSuiteExecutor.execute(TestSuiteExecutor.java:81)
	at com.kms.katalon.core.main.TestCaseMain.startTestSuite(TestCaseMain.java:157)
	at com.kms.katalon.core.main.TestCaseMain$startTestSuite$0.call(Unknown Source)
	at TempTestSuite1558253547685.run(TempTestSuite1558253547685.groovy:35)


2019-05-19 11:14:33 - [MESSAGE][INFO] - Starting run keyword runFeatureFile: 'Include/features/Governance-Module/Add-Idea/006-Check-Mandatory-Fields.feature' and extract report to folder: 'C:\Users\HP\git\PMO-Web-Application\Reports\First-Test-Suite\20190519_111227/cucumber_report/1558253673469'...

2019-05-19 11:14:33 - [TEST_CASE][FAILED] - Start Test Case : SCENARIO check create idea form mandatory fields: SCENARIO check create idea form mandatory fields FAILED.
Reason:
com.kms.katalon.core.exception.StepFailedException: Unable to verify object 'Object Repository/OOBObjects/IdeasListObjects/IdeaNameMandatoryField' is visible
	at com.kms.katalon.core.webui.keyword.internal.WebUIKeywordMain.stepFailed(WebUIKeywordMain.groovy:64)
	at com.kms.katalon.core.webui.keyword.internal.WebUIKeywordMain.runKeyword(WebUIKeywordMain.groovy:26)
	at com.kms.katalon.core.webui.keyword.builtin.VerifyElementVisibleKeyword.verifyElementVisible(VerifyElementVisibleKeyword.groovy:97)
	at com.kms.katalon.core.webui.keyword.builtin.VerifyElementVisibleKeyword.execute(VerifyElementVisibleKeyword.groovy:67)
	at com.kms.katalon.core.keyword.internal.KeywordExecutor.executeKeywordForPlatform(KeywordExecutor.groovy:56)
	at com.kms.katalon.core.webui.keyword.WebUiBuiltInKeywords.verifyElementVisible(WebUiBuiltInKeywords.groovy:358)
	at com.kms.katalon.core.webui.keyword.WebUiBuiltInKeywords$verifyElementVisible$16.call(Unknown Source)
	at com.pmo.steps.AddIdeaSteps.ideaNameMandatory(AddIdeaSteps.groovy:433)
	at ✽.I want to check idea name is a mandatory field(C:/Users/HP/git/PMO-Web-Application/Include/features/Governance-Module/Add-Idea/006-Check-Mandatory-Fields.feature:14)
Caused by: com.kms.katalon.core.exception.StepFailedException: Web element with id: 'Object Repository/OOBObjects/IdeasListObjects/IdeaNameMandatoryField' located by 'By.xpath: //*[@id='TxtIdeaNameError']/span' not found
	at com.kms.katalon.core.webui.keyword.internal.WebUIKeywordMain.stepFailed(WebUIKeywordMain.groovy:64)
	at com.kms.katalon.core.webui.keyword.builtin.VerifyElementVisibleKeyword$_verifyElementVisible_closure1.doCall(VerifyElementVisibleKeyword.groovy:89)
	at com.kms.katalon.core.webui.keyword.builtin.VerifyElementVisibleKeyword$_verifyElementVisible_closure1.call(VerifyElementVisibleKeyword.groovy)
	at com.kms.katalon.core.webui.keyword.internal.WebUIKeywordMain.runKeyword(WebUIKeywordMain.groovy:20)
	at com.kms.katalon.core.webui.keyword.builtin.VerifyElementVisibleKeyword.verifyElementVisible(VerifyElementVisibleKeyword.groovy:97)
	at com.kms.katalon.core.webui.keyword.builtin.VerifyElementVisibleKeyword.execute(VerifyElementVisibleKeyword.groovy:67)
	at com.kms.katalon.core.keyword.internal.KeywordExecutor.executeKeywordForPlatform(KeywordExecutor.groovy:56)
	at com.kms.katalon.core.webui.keyword.WebUiBuiltInKeywords.verifyElementVisible(WebUiBuiltInKeywords.groovy:358)
	at com.kms.katalon.core.webui.keyword.WebUiBuiltInKeywords$verifyElementVisible$16.call(Unknown Source)
	at com.pmo.steps.AddIdeaSteps.ideaNameMandatory(AddIdeaSteps.groovy:433)
	at cucumber.runtime.Utils$1.call(Utils.java:26)
	at cucumber.runtime.Timeout.timeout(Timeout.java:16)
	at cucumber.runtime.Utils.invoke(Utils.java:20)
	at cucumber.runtime.java.JavaStepDefinition.execute(JavaStepDefinition.java:48)
	at cucumber.runtime.PickleStepDefinitionMatch.runStep(PickleStepDefinitionMatch.java:50)
	at cucumber.runner.TestStep.executeStep(TestStep.java:55)
	at cucumber.runner.TestStep.run(TestStep.java:42)
	at cucumber.runner.PickleStepTestStep.run(PickleStepTestStep.java:53)
	at cucumber.runner.TestCase.run(TestCase.java:47)
	at cucumber.runner.Runner.runPickle(Runner.java:44)
	at cucumber.runtime.Runtime.runFeature(Runtime.java:120)
	at cucumber.runtime.Runtime.run(Runtime.java:106)
	at cucumber.api.cli.Main.run(Main.java:35)
	at cucumber.api.cli.Main$run.call(Unknown Source)
	at com.kms.katalon.core.cucumber.keyword.CucumberBuiltinKeywords$_runFeatureFile_closure1.doCall(CucumberBuiltinKeywords.groovy:76)
	at com.kms.katalon.core.cucumber.keyword.CucumberBuiltinKeywords$_runFeatureFile_closure1.doCall(CucumberBuiltinKeywords.groovy)
	at com.kms.katalon.core.keyword.internal.KeywordMain.runKeyword(KeywordMain.groovy:66)
	at com.kms.katalon.core.keyword.internal.KeywordMain$runKeyword.call(Unknown Source)
	at com.kms.katalon.core.cucumber.keyword.CucumberBuiltinKeywords.runFeatureFile(CucumberBuiltinKeywords.groovy:46)
	at com.kms.katalon.core.cucumber.keyword.CucumberBuiltinKeywords$runFeatureFile$0.callStatic(Unknown Source)
	at com.kms.katalon.core.cucumber.keyword.CucumberBuiltinKeywords.runFeatureFile(CucumberBuiltinKeywords.groovy:101)
	at com.kms.katalon.core.cucumber.keyword.CucumberBuiltinKeywords$runFeatureFile.call(Unknown Source)
	at 006-Check-Mandatory-Fields.run(006-Check-Mandatory-Fields:16)
	at com.kms.katalon.core.main.ScriptEngine.run(ScriptEngine.java:194)
	at com.kms.katalon.core.main.ScriptEngine.runScriptAsRawText(ScriptEngine.java:119)
	at com.kms.katalon.core.main.TestCaseExecutor.runScript(TestCaseExecutor.java:331)
	at com.kms.katalon.core.main.TestCaseExecutor.doExecute(TestCaseExecutor.java:322)
	at com.kms.katalon.core.main.TestCaseExecutor.processExecutionPhase(TestCaseExecutor.java:301)
	at com.kms.katalon.core.main.TestCaseExecutor.accessMainPhase(TestCaseExecutor.java:293)
	at com.kms.katalon.core.main.TestCaseExecutor.execute(TestCaseExecutor.java:227)
	at com.kms.katalon.core.main.TestSuiteExecutor.accessTestCaseMainPhase(TestSuiteExecutor.java:129)
	at com.kms.katalon.core.main.TestSuiteExecutor.accessTestSuiteMainPhase(TestSuiteExecutor.java:112)
	at com.kms.katalon.core.main.TestSuiteExecutor.execute(TestSuiteExecutor.java:81)
	at com.kms.katalon.core.main.TestCaseMain.startTestSuite(TestCaseMain.java:157)
	at com.kms.katalon.core.main.TestCaseMain$startTestSuite$0.call(Unknown Source)
	at TempTestSuite1558253547685.run(TempTestSuite1558253547685.groovy:35)


2019-05-19 11:14:33 - [TEST_STEP][PASSED] - I want to open browser: I want to open browser

2019-05-19 11:14:33 - [MESSAGE][INFO] - Starting 'Chrome' driver

2019-05-19 11:14:35 - [MESSAGE][PASSED] - Browser is opened with url: ''

2019-05-19 11:14:35 - [MESSAGE][PASSED] - Delete all cookies successfully

2019-05-19 11:14:35 - [MESSAGE][PASSED] - I want to open browser

2019-05-19 11:14:35 - [TEST_STEP][PASSED] - I want to maximize window: I want to maximize window

2019-05-19 11:14:36 - [MESSAGE][PASSED] - Current window maximized

2019-05-19 11:14:36 - [MESSAGE][PASSED] - I want to maximize window

2019-05-19 11:14:36 - [TEST_STEP][PASSED] - I want to go to OOB: I want to go to OOB

2019-05-19 11:14:38 - [MESSAGE][PASSED] - Navigate to 'https://pmoadmin:P@ssw0rd@dev5.cloudapp.net/OOB2/' successfully

2019-05-19 11:14:38 - [MESSAGE][PASSED] - I want to go to OOB

2019-05-19 11:14:38 - [TEST_STEP][PASSED] - I want to verify I'm in OOB main page: I want to verify I'm in OOB main page

2019-05-19 11:14:38 - [MESSAGE][WARNING] - Timeout '0' is invalid. Using default page load timeout: '30'

2019-05-19 11:14:55 - [MESSAGE][PASSED] - Object 'Object Repository/OOBObjects/HomepageObjects/OOBSideBar' is present

2019-05-19 11:14:55 - [MESSAGE][PASSED] - I want to verify I'm in OOB main page

2019-05-19 11:14:55 - [TEST_STEP][PASSED] - I want to go to ideas list page: I want to go to ideas list page

2019-05-19 11:14:58 - [MESSAGE][PASSED] - Object: 'Object Repository/OOBObjects/HomepageObjects/IdeasList' is clicked on

2019-05-19 11:14:58 - [MESSAGE][PASSED] - I want to go to ideas list page

2019-05-19 11:14:58 - [TEST_STEP][PASSED] - I want to click on Add New button: I want to click on Add New button

2019-05-19 11:14:59 - [MESSAGE][PASSED] - Object: 'Object Repository/OOBObjects/IdeasListObjects/AddNewIdeaButton' is clicked on

2019-05-19 11:14:59 - [MESSAGE][PASSED] - I want to click on Add New button

2019-05-19 11:14:59 - [TEST_STEP][PASSED] - I want to click send idea button: I want to click send idea button

2019-05-19 11:15:04 - [MESSAGE][PASSED] - Delayed 5 second(s)

2019-05-19 11:15:04 - [MESSAGE][WARNING] - Timeout '0' is invalid. Using default page load timeout: '30'

2019-05-19 11:15:04 - [MESSAGE][PASSED] - Scroll to object 'Object Repository/OOBObjects/IdeasListObjects/CardBlock' successfully

2019-05-19 11:15:04 - [MESSAGE][PASSED] - Object: 'Object Repository/OOBObjects/IdeasListObjects/SendIdeaButton' is clicked on

2019-05-19 11:15:04 - [MESSAGE][PASSED] - I want to click send idea button

2019-05-19 11:15:04 - [TEST_STEP][FAILED] - I want to check idea name is a mandatory field: I want to check idea name is a mandatory field FAILED.
Reason:
com.kms.katalon.core.exception.StepFailedException: Unable to verify object 'Object Repository/OOBObjects/IdeasListObjects/IdeaNameMandatoryField' is visible
	at com.kms.katalon.core.webui.keyword.internal.WebUIKeywordMain.stepFailed(WebUIKeywordMain.groovy:64)
	at com.kms.katalon.core.webui.keyword.internal.WebUIKeywordMain.runKeyword(WebUIKeywordMain.groovy:26)
	at com.kms.katalon.core.webui.keyword.builtin.VerifyElementVisibleKeyword.verifyElementVisible(VerifyElementVisibleKeyword.groovy:97)
	at com.kms.katalon.core.webui.keyword.builtin.VerifyElementVisibleKeyword.execute(VerifyElementVisibleKeyword.groovy:67)
	at com.kms.katalon.core.keyword.internal.KeywordExecutor.executeKeywordForPlatform(KeywordExecutor.groovy:56)
	at com.kms.katalon.core.webui.keyword.WebUiBuiltInKeywords.verifyElementVisible(WebUiBuiltInKeywords.groovy:358)
	at com.kms.katalon.core.webui.keyword.WebUiBuiltInKeywords$verifyElementVisible$16.call(Unknown Source)
	at com.pmo.steps.AddIdeaSteps.ideaNameMandatory(AddIdeaSteps.groovy:433)
	at ✽.I want to check idea name is a mandatory field(C:/Users/HP/git/PMO-Web-Application/Include/features/Governance-Module/Add-Idea/006-Check-Mandatory-Fields.feature:14)
Caused by: com.kms.katalon.core.exception.StepFailedException: Web element with id: 'Object Repository/OOBObjects/IdeasListObjects/IdeaNameMandatoryField' located by 'By.xpath: //*[@id='TxtIdeaNameError']/span' not found
	at com.kms.katalon.core.webui.keyword.internal.WebUIKeywordMain.stepFailed(WebUIKeywordMain.groovy:64)
	at com.kms.katalon.core.webui.keyword.builtin.VerifyElementVisibleKeyword$_verifyElementVisible_closure1.doCall(VerifyElementVisibleKeyword.groovy:89)
	at com.kms.katalon.core.webui.keyword.builtin.VerifyElementVisibleKeyword$_verifyElementVisible_closure1.call(VerifyElementVisibleKeyword.groovy)
	at com.kms.katalon.core.webui.keyword.internal.WebUIKeywordMain.runKeyword(WebUIKeywordMain.groovy:20)
	at com.kms.katalon.core.webui.keyword.builtin.VerifyElementVisibleKeyword.verifyElementVisible(VerifyElementVisibleKeyword.groovy:97)
	at com.kms.katalon.core.webui.keyword.builtin.VerifyElementVisibleKeyword.execute(VerifyElementVisibleKeyword.groovy:67)
	at com.kms.katalon.core.keyword.internal.KeywordExecutor.executeKeywordForPlatform(KeywordExecutor.groovy:56)
	at com.kms.katalon.core.webui.keyword.WebUiBuiltInKeywords.verifyElementVisible(WebUiBuiltInKeywords.groovy:358)
	at com.kms.katalon.core.webui.keyword.WebUiBuiltInKeywords$verifyElementVisible$16.call(Unknown Source)
	at com.pmo.steps.AddIdeaSteps.ideaNameMandatory(AddIdeaSteps.groovy:433)
	at cucumber.runtime.Utils$1.call(Utils.java:26)
	at cucumber.runtime.Timeout.timeout(Timeout.java:16)
	at cucumber.runtime.Utils.invoke(Utils.java:20)
	at cucumber.runtime.java.JavaStepDefinition.execute(JavaStepDefinition.java:48)
	at cucumber.runtime.PickleStepDefinitionMatch.runStep(PickleStepDefinitionMatch.java:50)
	at cucumber.runner.TestStep.executeStep(TestStep.java:55)
	at cucumber.runner.TestStep.run(TestStep.java:42)
	at cucumber.runner.PickleStepTestStep.run(PickleStepTestStep.java:53)
	at cucumber.runner.TestCase.run(TestCase.java:47)
	at cucumber.runner.Runner.runPickle(Runner.java:44)
	at cucumber.runtime.Runtime.runFeature(Runtime.java:120)
	at cucumber.runtime.Runtime.run(Runtime.java:106)
	at cucumber.api.cli.Main.run(Main.java:35)
	at cucumber.api.cli.Main$run.call(Unknown Source)
	at com.kms.katalon.core.cucumber.keyword.CucumberBuiltinKeywords$_runFeatureFile_closure1.doCall(CucumberBuiltinKeywords.groovy:76)
	at com.kms.katalon.core.cucumber.keyword.CucumberBuiltinKeywords$_runFeatureFile_closure1.doCall(CucumberBuiltinKeywords.groovy)
	at com.kms.katalon.core.keyword.internal.KeywordMain.runKeyword(KeywordMain.groovy:66)
	at com.kms.katalon.core.keyword.internal.KeywordMain$runKeyword.call(Unknown Source)
	at com.kms.katalon.core.cucumber.keyword.CucumberBuiltinKeywords.runFeatureFile(CucumberBuiltinKeywords.groovy:46)
	at com.kms.katalon.core.cucumber.keyword.CucumberBuiltinKeywords$runFeatureFile$0.callStatic(Unknown Source)
	at com.kms.katalon.core.cucumber.keyword.CucumberBuiltinKeywords.runFeatureFile(CucumberBuiltinKeywords.groovy:101)
	at com.kms.katalon.core.cucumber.keyword.CucumberBuiltinKeywords$runFeatureFile.call(Unknown Source)
	at 006-Check-Mandatory-Fields.run(006-Check-Mandatory-Fields:16)
	at com.kms.katalon.core.main.ScriptEngine.run(ScriptEngine.java:194)
	at com.kms.katalon.core.main.ScriptEngine.runScriptAsRawText(ScriptEngine.java:119)
	at com.kms.katalon.core.main.TestCaseExecutor.runScript(TestCaseExecutor.java:331)
	at com.kms.katalon.core.main.TestCaseExecutor.doExecute(TestCaseExecutor.java:322)
	at com.kms.katalon.core.main.TestCaseExecutor.processExecutionPhase(TestCaseExecutor.java:301)
	at com.kms.katalon.core.main.TestCaseExecutor.accessMainPhase(TestCaseExecutor.java:293)
	at com.kms.katalon.core.main.TestCaseExecutor.execute(TestCaseExecutor.java:227)
	at com.kms.katalon.core.main.TestSuiteExecutor.accessTestCaseMainPhase(TestSuiteExecutor.java:129)
	at com.kms.katalon.core.main.TestSuiteExecutor.accessTestSuiteMainPhase(TestSuiteExecutor.java:112)
	at com.kms.katalon.core.main.TestSuiteExecutor.execute(TestSuiteExecutor.java:81)
	at com.kms.katalon.core.main.TestCaseMain.startTestSuite(TestCaseMain.java:157)
	at com.kms.katalon.core.main.TestCaseMain$startTestSuite$0.call(Unknown Source)
	at TempTestSuite1558253547685.run(TempTestSuite1558253547685.groovy:35)


2019-05-19 11:15:35 - [MESSAGE][INFO] - Unable to find the element located by 'By.xpath: //*[@id='TxtIdeaNameError']/span'. Please recheck the objects properties to make sure the desired element is located. 

2019-05-19 11:15:36 - [MESSAGE][FAILED] - Web element with id: 'Object Repository/OOBObjects/IdeasListObjects/IdeaNameMandatoryField' located by 'By.xpath: //*[@id='TxtIdeaNameError']/span' not found (Root cause: com.kms.katalon.core.exception.StepFailedException: Web element with id: 'Object Repository/OOBObjects/IdeasListObjects/IdeaNameMandatoryField' located by 'By.xpath: //*[@id='TxtIdeaNameError']/span' not found
	at com.kms.katalon.core.webui.keyword.internal.WebUIKeywordMain.stepFailed(WebUIKeywordMain.groovy:64)
	at com.kms.katalon.core.webui.keyword.builtin.VerifyElementVisibleKeyword$_verifyElementVisible_closure1.doCall(VerifyElementVisibleKeyword.groovy:89)
	at com.kms.katalon.core.webui.keyword.builtin.VerifyElementVisibleKeyword$_verifyElementVisible_closure1.call(VerifyElementVisibleKeyword.groovy)
	at com.kms.katalon.core.webui.keyword.internal.WebUIKeywordMain.runKeyword(WebUIKeywordMain.groovy:20)
	at com.kms.katalon.core.webui.keyword.builtin.VerifyElementVisibleKeyword.verifyElementVisible(VerifyElementVisibleKeyword.groovy:97)
	at com.kms.katalon.core.webui.keyword.builtin.VerifyElementVisibleKeyword.execute(VerifyElementVisibleKeyword.groovy:67)
	at com.kms.katalon.core.keyword.internal.KeywordExecutor.executeKeywordForPlatform(KeywordExecutor.groovy:56)
	at com.kms.katalon.core.webui.keyword.WebUiBuiltInKeywords.verifyElementVisible(WebUiBuiltInKeywords.groovy:358)
	at com.kms.katalon.core.webui.keyword.WebUiBuiltInKeywords$verifyElementVisible$16.call(Unknown Source)
	at com.pmo.steps.AddIdeaSteps.ideaNameMandatory(AddIdeaSteps.groovy:433)
	at cucumber.runtime.Utils$1.call(Utils.java:26)
	at cucumber.runtime.Timeout.timeout(Timeout.java:16)
	at cucumber.runtime.Utils.invoke(Utils.java:20)
	at cucumber.runtime.java.JavaStepDefinition.execute(JavaStepDefinition.java:48)
	at cucumber.runtime.PickleStepDefinitionMatch.runStep(PickleStepDefinitionMatch.java:50)
	at cucumber.runner.TestStep.executeStep(TestStep.java:55)
	at cucumber.runner.TestStep.run(TestStep.java:42)
	at cucumber.runner.PickleStepTestStep.run(PickleStepTestStep.java:53)
	at cucumber.runner.TestCase.run(TestCase.java:47)
	at cucumber.runner.Runner.runPickle(Runner.java:44)
	at cucumber.runtime.Runtime.runFeature(Runtime.java:120)
	at cucumber.runtime.Runtime.run(Runtime.java:106)
	at cucumber.api.cli.Main.run(Main.java:35)
	at cucumber.api.cli.Main$run.call(Unknown Source)
	at com.kms.katalon.core.cucumber.keyword.CucumberBuiltinKeywords$_runFeatureFile_closure1.doCall(CucumberBuiltinKeywords.groovy:76)
	at com.kms.katalon.core.cucumber.keyword.CucumberBuiltinKeywords$_runFeatureFile_closure1.doCall(CucumberBuiltinKeywords.groovy)
	at com.kms.katalon.core.keyword.internal.KeywordMain.runKeyword(KeywordMain.groovy:66)
	at com.kms.katalon.core.keyword.internal.KeywordMain$runKeyword.call(Unknown Source)
	at com.kms.katalon.core.cucumber.keyword.CucumberBuiltinKeywords.runFeatureFile(CucumberBuiltinKeywords.groovy:46)
	at com.kms.katalon.core.cucumber.keyword.CucumberBuiltinKeywords$runFeatureFile$0.callStatic(Unknown Source)
	at com.kms.katalon.core.cucumber.keyword.CucumberBuiltinKeywords.runFeatureFile(CucumberBuiltinKeywords.groovy:101)
	at com.kms.katalon.core.cucumber.keyword.CucumberBuiltinKeywords$runFeatureFile.call(Unknown Source)
	at 006-Check-Mandatory-Fields.run(006-Check-Mandatory-Fields:16)
	at com.kms.katalon.core.main.ScriptEngine.run(ScriptEngine.java:194)
	at com.kms.katalon.core.main.ScriptEngine.runScriptAsRawText(ScriptEngine.java:119)
	at com.kms.katalon.core.main.TestCaseExecutor.runScript(TestCaseExecutor.java:331)
	at com.kms.katalon.core.main.TestCaseExecutor.doExecute(TestCaseExecutor.java:322)
	at com.kms.katalon.core.main.TestCaseExecutor.processExecutionPhase(TestCaseExecutor.java:301)
	at com.kms.katalon.core.main.TestCaseExecutor.accessMainPhase(TestCaseExecutor.java:293)
	at com.kms.katalon.core.main.TestCaseExecutor.execute(TestCaseExecutor.java:227)
	at com.kms.katalon.core.main.TestSuiteExecutor.accessTestCaseMainPhase(TestSuiteExecutor.java:129)
	at com.kms.katalon.core.main.TestSuiteExecutor.accessTestSuiteMainPhase(TestSuiteExecutor.java:112)
	at com.kms.katalon.core.main.TestSuiteExecutor.execute(TestSuiteExecutor.java:81)
	at com.kms.katalon.core.main.TestCaseMain.startTestSuite(TestCaseMain.java:157)
	at com.kms.katalon.core.main.TestCaseMain$startTestSuite$0.call(Unknown Source)
	at TempTestSuite1558253547685.run(TempTestSuite1558253547685.groovy:35)
)
[[ATTACHMENT|C:\\Users\\HP\\git\\PMO-Web-Application\\Reports\\First-Test-Suite\\20190519_111227\\1558253735812.png]]

2019-05-19 11:15:36 - [MESSAGE][FAILED] - Unable to verify object 'Object Repository/OOBObjects/IdeasListObjects/IdeaNameMandatoryField' is visible (Root cause: com.kms.katalon.core.exception.StepFailedException: Unable to verify object 'Object Repository/OOBObjects/IdeasListObjects/IdeaNameMandatoryField' is visible
	at com.kms.katalon.core.webui.keyword.internal.WebUIKeywordMain.stepFailed(WebUIKeywordMain.groovy:64)
	at com.kms.katalon.core.webui.keyword.internal.WebUIKeywordMain.runKeyword(WebUIKeywordMain.groovy:26)
	at com.kms.katalon.core.webui.keyword.builtin.VerifyElementVisibleKeyword.verifyElementVisible(VerifyElementVisibleKeyword.groovy:97)
	at com.kms.katalon.core.webui.keyword.builtin.VerifyElementVisibleKeyword.execute(VerifyElementVisibleKeyword.groovy:67)
	at com.kms.katalon.core.keyword.internal.KeywordExecutor.executeKeywordForPlatform(KeywordExecutor.groovy:56)
	at com.kms.katalon.core.webui.keyword.WebUiBuiltInKeywords.verifyElementVisible(WebUiBuiltInKeywords.groovy:358)
	at com.kms.katalon.core.webui.keyword.WebUiBuiltInKeywords$verifyElementVisible$16.call(Unknown Source)
	at com.pmo.steps.AddIdeaSteps.ideaNameMandatory(AddIdeaSteps.groovy:433)
	at cucumber.runtime.Utils$1.call(Utils.java:26)
	at cucumber.runtime.Timeout.timeout(Timeout.java:16)
	at cucumber.runtime.Utils.invoke(Utils.java:20)
	at cucumber.runtime.java.JavaStepDefinition.execute(JavaStepDefinition.java:48)
	at cucumber.runtime.PickleStepDefinitionMatch.runStep(PickleStepDefinitionMatch.java:50)
	at cucumber.runner.TestStep.executeStep(TestStep.java:55)
	at cucumber.runner.TestStep.run(TestStep.java:42)
	at cucumber.runner.PickleStepTestStep.run(PickleStepTestStep.java:53)
	at cucumber.runner.TestCase.run(TestCase.java:47)
	at cucumber.runner.Runner.runPickle(Runner.java:44)
	at cucumber.runtime.Runtime.runFeature(Runtime.java:120)
	at cucumber.runtime.Runtime.run(Runtime.java:106)
	at cucumber.api.cli.Main.run(Main.java:35)
	at cucumber.api.cli.Main$run.call(Unknown Source)
	at com.kms.katalon.core.cucumber.keyword.CucumberBuiltinKeywords$_runFeatureFile_closure1.doCall(CucumberBuiltinKeywords.groovy:76)
	at com.kms.katalon.core.cucumber.keyword.CucumberBuiltinKeywords$_runFeatureFile_closure1.doCall(CucumberBuiltinKeywords.groovy)
	at com.kms.katalon.core.keyword.internal.KeywordMain.runKeyword(KeywordMain.groovy:66)
	at com.kms.katalon.core.keyword.internal.KeywordMain$runKeyword.call(Unknown Source)
	at com.kms.katalon.core.cucumber.keyword.CucumberBuiltinKeywords.runFeatureFile(CucumberBuiltinKeywords.groovy:46)
	at com.kms.katalon.core.cucumber.keyword.CucumberBuiltinKeywords$runFeatureFile$0.callStatic(Unknown Source)
	at com.kms.katalon.core.cucumber.keyword.CucumberBuiltinKeywords.runFeatureFile(CucumberBuiltinKeywords.groovy:101)
	at com.kms.katalon.core.cucumber.keyword.CucumberBuiltinKeywords$runFeatureFile.call(Unknown Source)
	at 006-Check-Mandatory-Fields.run(006-Check-Mandatory-Fields:16)
	at com.kms.katalon.core.main.ScriptEngine.run(ScriptEngine.java:194)
	at com.kms.katalon.core.main.ScriptEngine.runScriptAsRawText(ScriptEngine.java:119)
	at com.kms.katalon.core.main.TestCaseExecutor.runScript(TestCaseExecutor.java:331)
	at com.kms.katalon.core.main.TestCaseExecutor.doExecute(TestCaseExecutor.java:322)
	at com.kms.katalon.core.main.TestCaseExecutor.processExecutionPhase(TestCaseExecutor.java:301)
	at com.kms.katalon.core.main.TestCaseExecutor.accessMainPhase(TestCaseExecutor.java:293)
	at com.kms.katalon.core.main.TestCaseExecutor.execute(TestCaseExecutor.java:227)
	at com.kms.katalon.core.main.TestSuiteExecutor.accessTestCaseMainPhase(TestSuiteExecutor.java:129)
	at com.kms.katalon.core.main.TestSuiteExecutor.accessTestSuiteMainPhase(TestSuiteExecutor.java:112)
	at com.kms.katalon.core.main.TestSuiteExecutor.execute(TestSuiteExecutor.java:81)
	at com.kms.katalon.core.main.TestCaseMain.startTestSuite(TestCaseMain.java:157)
	at com.kms.katalon.core.main.TestCaseMain$startTestSuite$0.call(Unknown Source)
	at TempTestSuite1558253547685.run(TempTestSuite1558253547685.groovy:35)
Caused by: com.kms.katalon.core.exception.StepFailedException: Web element with id: 'Object Repository/OOBObjects/IdeasListObjects/IdeaNameMandatoryField' located by 'By.xpath: //*[@id='TxtIdeaNameError']/span' not found
	at com.kms.katalon.core.webui.keyword.internal.WebUIKeywordMain.stepFailed(WebUIKeywordMain.groovy:64)
	at com.kms.katalon.core.webui.keyword.builtin.VerifyElementVisibleKeyword$_verifyElementVisible_closure1.doCall(VerifyElementVisibleKeyword.groovy:89)
	at com.kms.katalon.core.webui.keyword.builtin.VerifyElementVisibleKeyword$_verifyElementVisible_closure1.call(VerifyElementVisibleKeyword.groovy)
	at com.kms.katalon.core.webui.keyword.internal.WebUIKeywordMain.runKeyword(WebUIKeywordMain.groovy:20)
	... 42 more
)
[[ATTACHMENT|C:\\Users\\HP\\git\\PMO-Web-Application\\Reports\\First-Test-Suite\\20190519_111227\\1558253736094.png]]

2019-05-19 11:15:36 - [MESSAGE][FAILED] - I want to check idea name is a mandatory field FAILED.
Reason:
com.kms.katalon.core.exception.StepFailedException: Unable to verify object 'Object Repository/OOBObjects/IdeasListObjects/IdeaNameMandatoryField' is visible
	at com.kms.katalon.core.webui.keyword.internal.WebUIKeywordMain.stepFailed(WebUIKeywordMain.groovy:64)
	at com.kms.katalon.core.webui.keyword.internal.WebUIKeywordMain.runKeyword(WebUIKeywordMain.groovy:26)
	at com.kms.katalon.core.webui.keyword.builtin.VerifyElementVisibleKeyword.verifyElementVisible(VerifyElementVisibleKeyword.groovy:97)
	at com.kms.katalon.core.webui.keyword.builtin.VerifyElementVisibleKeyword.execute(VerifyElementVisibleKeyword.groovy:67)
	at com.kms.katalon.core.keyword.internal.KeywordExecutor.executeKeywordForPlatform(KeywordExecutor.groovy:56)
	at com.kms.katalon.core.webui.keyword.WebUiBuiltInKeywords.verifyElementVisible(WebUiBuiltInKeywords.groovy:358)
	at com.kms.katalon.core.webui.keyword.WebUiBuiltInKeywords$verifyElementVisible$16.call(Unknown Source)
	at com.pmo.steps.AddIdeaSteps.ideaNameMandatory(AddIdeaSteps.groovy:433)
	at ✽.I want to check idea name is a mandatory field(C:/Users/HP/git/PMO-Web-Application/Include/features/Governance-Module/Add-Idea/006-Check-Mandatory-Fields.feature:14)
Caused by: com.kms.katalon.core.exception.StepFailedException: Web element with id: 'Object Repository/OOBObjects/IdeasListObjects/IdeaNameMandatoryField' located by 'By.xpath: //*[@id='TxtIdeaNameError']/span' not found
	at com.kms.katalon.core.webui.keyword.internal.WebUIKeywordMain.stepFailed(WebUIKeywordMain.groovy:64)
	at com.kms.katalon.core.webui.keyword.builtin.VerifyElementVisibleKeyword$_verifyElementVisible_closure1.doCall(VerifyElementVisibleKeyword.groovy:89)
	at com.kms.katalon.core.webui.keyword.builtin.VerifyElementVisibleKeyword$_verifyElementVisible_closure1.call(VerifyElementVisibleKeyword.groovy)
	at com.kms.katalon.core.webui.keyword.internal.WebUIKeywordMain.runKeyword(WebUIKeywordMain.groovy:20)
	at com.kms.katalon.core.webui.keyword.builtin.VerifyElementVisibleKeyword.verifyElementVisible(VerifyElementVisibleKeyword.groovy:97)
	at com.kms.katalon.core.webui.keyword.builtin.VerifyElementVisibleKeyword.execute(VerifyElementVisibleKeyword.groovy:67)
	at com.kms.katalon.core.keyword.internal.KeywordExecutor.executeKeywordForPlatform(KeywordExecutor.groovy:56)
	at com.kms.katalon.core.webui.keyword.WebUiBuiltInKeywords.verifyElementVisible(WebUiBuiltInKeywords.groovy:358)
	at com.kms.katalon.core.webui.keyword.WebUiBuiltInKeywords$verifyElementVisible$16.call(Unknown Source)
	at com.pmo.steps.AddIdeaSteps.ideaNameMandatory(AddIdeaSteps.groovy:433)
	at cucumber.runtime.Utils$1.call(Utils.java:26)
	at cucumber.runtime.Timeout.timeout(Timeout.java:16)
	at cucumber.runtime.Utils.invoke(Utils.java:20)
	at cucumber.runtime.java.JavaStepDefinition.execute(JavaStepDefinition.java:48)
	at cucumber.runtime.PickleStepDefinitionMatch.runStep(PickleStepDefinitionMatch.java:50)
	at cucumber.runner.TestStep.executeStep(TestStep.java:55)
	at cucumber.runner.TestStep.run(TestStep.java:42)
	at cucumber.runner.PickleStepTestStep.run(PickleStepTestStep.java:53)
	at cucumber.runner.TestCase.run(TestCase.java:47)
	at cucumber.runner.Runner.runPickle(Runner.java:44)
	at cucumber.runtime.Runtime.runFeature(Runtime.java:120)
	at cucumber.runtime.Runtime.run(Runtime.java:106)
	at cucumber.api.cli.Main.run(Main.java:35)
	at cucumber.api.cli.Main$run.call(Unknown Source)
	at com.kms.katalon.core.cucumber.keyword.CucumberBuiltinKeywords$_runFeatureFile_closure1.doCall(CucumberBuiltinKeywords.groovy:76)
	at com.kms.katalon.core.cucumber.keyword.CucumberBuiltinKeywords$_runFeatureFile_closure1.doCall(CucumberBuiltinKeywords.groovy)
	at com.kms.katalon.core.keyword.internal.KeywordMain.runKeyword(KeywordMain.groovy:66)
	at com.kms.katalon.core.keyword.internal.KeywordMain$runKeyword.call(Unknown Source)
	at com.kms.katalon.core.cucumber.keyword.CucumberBuiltinKeywords.runFeatureFile(CucumberBuiltinKeywords.groovy:46)
	at com.kms.katalon.core.cucumber.keyword.CucumberBuiltinKeywords$runFeatureFile$0.callStatic(Unknown Source)
	at com.kms.katalon.core.cucumber.keyword.CucumberBuiltinKeywords.runFeatureFile(CucumberBuiltinKeywords.groovy:101)
	at com.kms.katalon.core.cucumber.keyword.CucumberBuiltinKeywords$runFeatureFile.call(Unknown Source)
	at 006-Check-Mandatory-Fields.run(006-Check-Mandatory-Fields:16)
	at com.kms.katalon.core.main.ScriptEngine.run(ScriptEngine.java:194)
	at com.kms.katalon.core.main.ScriptEngine.runScriptAsRawText(ScriptEngine.java:119)
	at com.kms.katalon.core.main.TestCaseExecutor.runScript(TestCaseExecutor.java:331)
	at com.kms.katalon.core.main.TestCaseExecutor.doExecute(TestCaseExecutor.java:322)
	at com.kms.katalon.core.main.TestCaseExecutor.processExecutionPhase(TestCaseExecutor.java:301)
	at com.kms.katalon.core.main.TestCaseExecutor.accessMainPhase(TestCaseExecutor.java:293)
	at com.kms.katalon.core.main.TestCaseExecutor.execute(TestCaseExecutor.java:227)
	at com.kms.katalon.core.main.TestSuiteExecutor.accessTestCaseMainPhase(TestSuiteExecutor.java:129)
	at com.kms.katalon.core.main.TestSuiteExecutor.accessTestSuiteMainPhase(TestSuiteExecutor.java:112)
	at com.kms.katalon.core.main.TestSuiteExecutor.execute(TestSuiteExecutor.java:81)
	at com.kms.katalon.core.main.TestCaseMain.startTestSuite(TestCaseMain.java:157)
	at com.kms.katalon.core.main.TestCaseMain$startTestSuite$0.call(Unknown Source)
	at TempTestSuite1558253547685.run(TempTestSuite1558253547685.groovy:35)


2019-05-19 11:15:36 - [TEST_STEP][NOT_RUN] - I want to check start date is a mandatory field: I want to check start date is a mandatory field

2019-05-19 11:15:36 - [MESSAGE][NOT_RUN] - I want to check start date is a mandatory field

2019-05-19 11:15:36 - [TEST_STEP][NOT_RUN] - I want to check end date is a mandatory field: I want to check end date is a mandatory field

2019-05-19 11:15:36 - [MESSAGE][NOT_RUN] - I want to check end date is a mandatory field

2019-05-19 11:15:36 - [TEST_STEP][NOT_RUN] - I want to check idea objective is a mandatory field: I want to check idea objective is a mandatory field

2019-05-19 11:15:36 - [MESSAGE][NOT_RUN] - I want to check idea objective is a mandatory field

2019-05-19 11:15:36 - [TEST_STEP][NOT_RUN] - I want to close browser: I want to close browser

2019-05-19 11:15:36 - [MESSAGE][NOT_RUN] - I want to close browser

2019-05-19 11:15:36 - [MESSAGE][FAILED] - Feature file 'Include/features/Governance-Module/Add-Idea/006-Check-Mandatory-Fields.feature' was failed

2019-05-19 11:15:36 - [MESSAGE][FAILED] - Keyword runFeatureFile was failed (Root cause: com.kms.katalon.core.exception.StepFailedException: Feature file 'Include/features/Governance-Module/Add-Idea/006-Check-Mandatory-Fields.feature' was failed
	at com.kms.katalon.core.keyword.internal.KeywordMain.stepFailed(KeywordMain.groovy:48)
	at com.kms.katalon.core.keyword.internal.KeywordMain.stepFailed(KeywordMain.groovy)
	at com.kms.katalon.core.keyword.internal.KeywordMain.stepFailed(KeywordMain.groovy:21)
	at com.kms.katalon.core.keyword.internal.KeywordMain$stepFailed$0.call(Unknown Source)
	at com.kms.katalon.core.cucumber.keyword.CucumberBuiltinKeywords$_runFeatureFile_closure1.doCall(CucumberBuiltinKeywords.groovy:82)
	at com.kms.katalon.core.cucumber.keyword.CucumberBuiltinKeywords$_runFeatureFile_closure1.doCall(CucumberBuiltinKeywords.groovy)
	at com.kms.katalon.core.keyword.internal.KeywordMain.runKeyword(KeywordMain.groovy:66)
	at com.kms.katalon.core.keyword.internal.KeywordMain$runKeyword.call(Unknown Source)
	at com.kms.katalon.core.cucumber.keyword.CucumberBuiltinKeywords.runFeatureFile(CucumberBuiltinKeywords.groovy:46)
	at com.kms.katalon.core.cucumber.keyword.CucumberBuiltinKeywords$runFeatureFile$0.callStatic(Unknown Source)
	at com.kms.katalon.core.cucumber.keyword.CucumberBuiltinKeywords.runFeatureFile(CucumberBuiltinKeywords.groovy:101)
	at com.kms.katalon.core.cucumber.keyword.CucumberBuiltinKeywords$runFeatureFile.call(Unknown Source)
	at 006-Check-Mandatory-Fields.run(006-Check-Mandatory-Fields:16)
	at com.kms.katalon.core.main.ScriptEngine.run(ScriptEngine.java:194)
	at com.kms.katalon.core.main.ScriptEngine.runScriptAsRawText(ScriptEngine.java:119)
	at com.kms.katalon.core.main.TestCaseExecutor.runScript(TestCaseExecutor.java:331)
	at com.kms.katalon.core.main.TestCaseExecutor.doExecute(TestCaseExecutor.java:322)
	at com.kms.katalon.core.main.TestCaseExecutor.processExecutionPhase(TestCaseExecutor.java:301)
	at com.kms.katalon.core.main.TestCaseExecutor.accessMainPhase(TestCaseExecutor.java:293)
	at com.kms.katalon.core.main.TestCaseExecutor.execute(TestCaseExecutor.java:227)
	at com.kms.katalon.core.main.TestSuiteExecutor.accessTestCaseMainPhase(TestSuiteExecutor.java:129)
	at com.kms.katalon.core.main.TestSuiteExecutor.accessTestSuiteMainPhase(TestSuiteExecutor.java:112)
	at com.kms.katalon.core.main.TestSuiteExecutor.execute(TestSuiteExecutor.java:81)
	at com.kms.katalon.core.main.TestCaseMain.startTestSuite(TestCaseMain.java:157)
	at com.kms.katalon.core.main.TestCaseMain$startTestSuite$0.call(Unknown Source)
	at TempTestSuite1558253547685.run(TempTestSuite1558253547685.groovy:35)
)

2019-05-19 11:15:36 - [MESSAGE][FAILED] - runFeatureFile("Include/features/Governance-Module/Add-Idea/006-Check-Mandatory-Fields.feature") FAILED.
Reason:
com.kms.katalon.core.exception.StepFailedException: Feature file 'Include/features/Governance-Module/Add-Idea/006-Check-Mandatory-Fields.feature' was failed
	at com.kms.katalon.core.keyword.internal.KeywordMain.stepFailed(KeywordMain.groovy:48)
	at com.kms.katalon.core.keyword.internal.KeywordMain.stepFailed(KeywordMain.groovy)
	at com.kms.katalon.core.keyword.internal.KeywordMain.stepFailed(KeywordMain.groovy:21)
	at com.kms.katalon.core.keyword.internal.KeywordMain$stepFailed$0.call(Unknown Source)
	at com.kms.katalon.core.cucumber.keyword.CucumberBuiltinKeywords$_runFeatureFile_closure1.doCall(CucumberBuiltinKeywords.groovy:82)
	at com.kms.katalon.core.cucumber.keyword.CucumberBuiltinKeywords$_runFeatureFile_closure1.doCall(CucumberBuiltinKeywords.groovy)
	at com.kms.katalon.core.keyword.internal.KeywordMain.runKeyword(KeywordMain.groovy:66)
	at com.kms.katalon.core.keyword.internal.KeywordMain$runKeyword.call(Unknown Source)
	at com.kms.katalon.core.cucumber.keyword.CucumberBuiltinKeywords.runFeatureFile(CucumberBuiltinKeywords.groovy:46)
	at com.kms.katalon.core.cucumber.keyword.CucumberBuiltinKeywords$runFeatureFile$0.callStatic(Unknown Source)
	at com.kms.katalon.core.cucumber.keyword.CucumberBuiltinKeywords.runFeatureFile(CucumberBuiltinKeywords.groovy:101)
	at com.kms.katalon.core.cucumber.keyword.CucumberBuiltinKeywords$runFeatureFile.call(Unknown Source)
	at 006-Check-Mandatory-Fields.run(006-Check-Mandatory-Fields:16)
	at com.kms.katalon.core.main.ScriptEngine.run(ScriptEngine.java:194)
	at com.kms.katalon.core.main.ScriptEngine.runScriptAsRawText(ScriptEngine.java:119)
	at com.kms.katalon.core.main.TestCaseExecutor.runScript(TestCaseExecutor.java:331)
	at com.kms.katalon.core.main.TestCaseExecutor.doExecute(TestCaseExecutor.java:322)
	at com.kms.katalon.core.main.TestCaseExecutor.processExecutionPhase(TestCaseExecutor.java:301)
	at com.kms.katalon.core.main.TestCaseExecutor.accessMainPhase(TestCaseExecutor.java:293)
	at com.kms.katalon.core.main.TestCaseExecutor.execute(TestCaseExecutor.java:227)
	at com.kms.katalon.core.main.TestSuiteExecutor.accessTestCaseMainPhase(TestSuiteExecutor.java:129)
	at com.kms.katalon.core.main.TestSuiteExecutor.accessTestSuiteMainPhase(TestSuiteExecutor.java:112)
	at com.kms.katalon.core.main.TestSuiteExecutor.execute(TestSuiteExecutor.java:81)
	at com.kms.katalon.core.main.TestCaseMain.startTestSuite(TestCaseMain.java:157)
	at com.kms.katalon.core.main.TestCaseMain$startTestSuite$0.call(Unknown Source)
	at TempTestSuite1558253547685.run(TempTestSuite1558253547685.groovy:35)]]></system-out>
         <system-err><![CDATA[2019-05-19 11:14:33 - [TEST_CASE][FAILED] - Test Cases/Add-Idea-Test-Cases/006-Check-Mandatory-Fields: Test Cases/Add-Idea-Test-Cases/006-Check-Mandatory-Fields FAILED.
Reason:
com.kms.katalon.core.exception.StepFailedException: Feature file 'Include/features/Governance-Module/Add-Idea/006-Check-Mandatory-Fields.feature' was failed
	at com.kms.katalon.core.keyword.internal.KeywordMain.stepFailed(KeywordMain.groovy:48)
	at com.kms.katalon.core.keyword.internal.KeywordMain.stepFailed(KeywordMain.groovy)
	at com.kms.katalon.core.keyword.internal.KeywordMain.stepFailed(KeywordMain.groovy:21)
	at com.kms.katalon.core.keyword.internal.KeywordMain$stepFailed$0.call(Unknown Source)
	at com.kms.katalon.core.cucumber.keyword.CucumberBuiltinKeywords$_runFeatureFile_closure1.doCall(CucumberBuiltinKeywords.groovy:82)
	at com.kms.katalon.core.cucumber.keyword.CucumberBuiltinKeywords$_runFeatureFile_closure1.doCall(CucumberBuiltinKeywords.groovy)
	at com.kms.katalon.core.keyword.internal.KeywordMain.runKeyword(KeywordMain.groovy:66)
	at com.kms.katalon.core.keyword.internal.KeywordMain$runKeyword.call(Unknown Source)
	at com.kms.katalon.core.cucumber.keyword.CucumberBuiltinKeywords.runFeatureFile(CucumberBuiltinKeywords.groovy:46)
	at com.kms.katalon.core.cucumber.keyword.CucumberBuiltinKeywords$runFeatureFile$0.callStatic(Unknown Source)
	at com.kms.katalon.core.cucumber.keyword.CucumberBuiltinKeywords.runFeatureFile(CucumberBuiltinKeywords.groovy:101)
	at com.kms.katalon.core.cucumber.keyword.CucumberBuiltinKeywords$runFeatureFile.call(Unknown Source)
	at 006-Check-Mandatory-Fields.run(006-Check-Mandatory-Fields:16)
	at com.kms.katalon.core.main.ScriptEngine.run(ScriptEngine.java:194)
	at com.kms.katalon.core.main.ScriptEngine.runScriptAsRawText(ScriptEngine.java:119)
	at com.kms.katalon.core.main.TestCaseExecutor.runScript(TestCaseExecutor.java:331)
	at com.kms.katalon.core.main.TestCaseExecutor.doExecute(TestCaseExecutor.java:322)
	at com.kms.katalon.core.main.TestCaseExecutor.processExecutionPhase(TestCaseExecutor.java:301)
	at com.kms.katalon.core.main.TestCaseExecutor.accessMainPhase(TestCaseExecutor.java:293)
	at com.kms.katalon.core.main.TestCaseExecutor.execute(TestCaseExecutor.java:227)
	at com.kms.katalon.core.main.TestSuiteExecutor.accessTestCaseMainPhase(TestSuiteExecutor.java:129)
	at com.kms.katalon.core.main.TestSuiteExecutor.accessTestSuiteMainPhase(TestSuiteExecutor.java:112)
	at com.kms.katalon.core.main.TestSuiteExecutor.execute(TestSuiteExecutor.java:81)
	at com.kms.katalon.core.main.TestCaseMain.startTestSuite(TestCaseMain.java:157)
	at com.kms.katalon.core.main.TestCaseMain$startTestSuite$0.call(Unknown Source)
	at TempTestSuite1558253547685.run(TempTestSuite1558253547685.groovy:35)]]></system-err>
      </testcase>
      <testcase name="Test Cases/Add-Idea-Test-Cases/007-Check-Optional-Fields" classname="Test Cases/Add-Idea-Test-Cases/007-Check-Optional-Fields" status="PASSED">
         <system-out><![CDATA[2019-05-19 11:15:36 - [TEST_CASE][PASSED] - Test Cases/Add-Idea-Test-Cases/007-Check-Optional-Fields: Test Cases/Add-Idea-Test-Cases/007-Check-Optional-Fields

2019-05-19 11:15:36 - [TEST_STEP][PASSED] - runFeatureFile("Include/features/Governance-Module/Add-Idea/007-Check-Optional-Fields.feature"): Feature file: 'Include/features/Governance-Module/Add-Idea/007-Check-Optional-Fields.feature' was passed

2019-05-19 11:15:36 - [MESSAGE][INFO] - Starting run keyword runFeatureFile: 'Include/features/Governance-Module/Add-Idea/007-Check-Optional-Fields.feature' and extract report to folder: 'C:\Users\HP\git\PMO-Web-Application\Reports\First-Test-Suite\20190519_111227/cucumber_report/1558253736507'...

2019-05-19 11:15:36 - [TEST_CASE][PASSED] - Start Test Case : SCENARIO check create idea form mandatory fields: SCENARIO check create idea form mandatory fields

2019-05-19 11:15:36 - [TEST_STEP][PASSED] - I want to open browser: I want to open browser

2019-05-19 11:15:36 - [MESSAGE][WARNING] - A browser is already opened. Closing browser and opening a new one

2019-05-19 11:15:37 - [MESSAGE][INFO] - Starting 'Chrome' driver

2019-05-19 11:15:39 - [MESSAGE][PASSED] - Browser is opened with url: ''

2019-05-19 11:15:39 - [MESSAGE][PASSED] - Delete all cookies successfully

2019-05-19 11:15:39 - [MESSAGE][PASSED] - I want to open browser

2019-05-19 11:15:39 - [TEST_STEP][PASSED] - I want to maximize window: I want to maximize window

2019-05-19 11:15:40 - [MESSAGE][PASSED] - Current window maximized

2019-05-19 11:15:40 - [MESSAGE][PASSED] - I want to maximize window

2019-05-19 11:15:40 - [TEST_STEP][PASSED] - I want to go to OOB: I want to go to OOB

2019-05-19 11:15:41 - [MESSAGE][PASSED] - Navigate to 'https://pmoadmin:P@ssw0rd@dev5.cloudapp.net/OOB2/' successfully

2019-05-19 11:15:41 - [MESSAGE][PASSED] - I want to go to OOB

2019-05-19 11:15:41 - [TEST_STEP][PASSED] - I want to verify I'm in OOB main page: I want to verify I'm in OOB main page

2019-05-19 11:15:41 - [MESSAGE][WARNING] - Timeout '0' is invalid. Using default page load timeout: '30'

2019-05-19 11:15:49 - [MESSAGE][PASSED] - Object 'Object Repository/OOBObjects/HomepageObjects/OOBSideBar' is present

2019-05-19 11:15:49 - [MESSAGE][PASSED] - I want to verify I'm in OOB main page

2019-05-19 11:15:49 - [TEST_STEP][PASSED] - I want to go to ideas list page: I want to go to ideas list page

2019-05-19 11:15:52 - [MESSAGE][PASSED] - Object: 'Object Repository/OOBObjects/HomepageObjects/IdeasList' is clicked on

2019-05-19 11:15:52 - [MESSAGE][PASSED] - I want to go to ideas list page

2019-05-19 11:15:52 - [TEST_STEP][PASSED] - I want to click on Add New button: I want to click on Add New button

2019-05-19 11:15:54 - [MESSAGE][PASSED] - Object: 'Object Repository/OOBObjects/IdeasListObjects/AddNewIdeaButton' is clicked on

2019-05-19 11:15:54 - [MESSAGE][PASSED] - I want to click on Add New button

2019-05-19 11:15:54 - [TEST_STEP][PASSED] - I want to fill idea name field: I want to fill idea name field

2019-05-19 11:15:54 - [MESSAGE][PASSED] - Text 'Automation6821' is set on object 'Object Repository/OOBObjects/IdeasListObjects/Idea-Name-Field'

2019-05-19 11:15:54 - [MESSAGE][PASSED] - I want to fill idea name field

2019-05-19 11:15:54 - [TEST_STEP][PASSED] - I want to select expected start date: I want to select expected start date

2019-05-19 11:15:54 - [MESSAGE][PASSED] - Object: 'Object Repository/OOBObjects/IdeasListObjects//GREGORIAN-Start-date-Check-Box' is clicked on

2019-05-19 11:15:54 - [MESSAGE][PASSED] - Object: 'Object Repository/OOBObjects/IdeasListObjects//Excepted-Start-Date' is clicked on

2019-05-19 11:15:55 - [MESSAGE][PASSED] - All options with index in [5] are selected on object 'Object Repository/OOBObjects/IdeasListObjects/StartDateMonthDropDwon'

2019-05-19 11:15:55 - [MESSAGE][PASSED] - Object: 'Object Repository/OOBObjects/IdeasListObjects//Day26' is hovered

2019-05-19 11:15:55 - [MESSAGE][PASSED] - Object: 'Object Repository/OOBObjects/IdeasListObjects//Day26' is clicked on

2019-05-19 11:15:55 - [MESSAGE][PASSED] - I want to select expected start date

2019-05-19 11:15:55 - [TEST_STEP][PASSED] - I want to select expected end date: I want to select expected end date

2019-05-19 11:15:55 - [MESSAGE][PASSED] - Object 'Object Repository/OOBObjects/IdeasListObjects/GREGORIAN-End-Date-Check-Box' is visible

2019-05-19 11:15:55 - [MESSAGE][PASSED] - Object: 'Object Repository/OOBObjects/IdeasListObjects/GREGORIAN-End-Date-Check-Box' is clicked on

2019-05-19 11:15:57 - [MESSAGE][PASSED] - Delayed 2 second(s)

2019-05-19 11:15:57 - [MESSAGE][PASSED] - Object: 'Object Repository/OOBObjects/IdeasListObjects/Excpected-End-Date' is hovered

2019-05-19 11:15:57 - [MESSAGE][PASSED] - Object: 'Object Repository/OOBObjects/IdeasListObjects/Excpected-End-Date' is clicked on

2019-05-19 11:15:57 - [MESSAGE][PASSED] - All options with index in [6] are selected on object 'Object Repository/OOBObjects/IdeasListObjects/EndDateMonthDropdown'

2019-05-19 11:15:57 - [MESSAGE][PASSED] - Object: 'Object Repository/OOBObjects/IdeasListObjects/EndDateDay15' is hovered

2019-05-19 11:15:57 - [MESSAGE][PASSED] - Object: 'Object Repository/OOBObjects/IdeasListObjects/EndDateDay15' is clicked on

2019-05-19 11:15:57 - [MESSAGE][PASSED] - I want to select expected end date

2019-05-19 11:15:57 - [TEST_STEP][PASSED] - I want to fill idea objective field: I want to fill idea objective field

2019-05-19 11:15:57 - [MESSAGE][PASSED] - Text 'Automation' is set on object 'Object Repository/OOBObjects/IdeasListObjects/Idea-Objective-Field'

2019-05-19 11:15:57 - [MESSAGE][PASSED] - I want to fill idea objective field

2019-05-19 11:15:57 - [TEST_STEP][PASSED] - I want to fill expected budget field: I want to fill expected budget field

2019-05-19 11:15:57 - [MESSAGE][PASSED] - Text '10000' is set on object 'Object Repository/OOBObjects/IdeasListObjects/Expected-Budget-Field'

2019-05-19 11:15:57 - [MESSAGE][PASSED] - I want to fill expected budget field

2019-05-19 11:15:57 - [TEST_STEP][PASSED] - I want to click send idea button: I want to click send idea button

2019-05-19 11:16:02 - [MESSAGE][PASSED] - Delayed 5 second(s)

2019-05-19 11:16:02 - [MESSAGE][WARNING] - Timeout '0' is invalid. Using default page load timeout: '30'

2019-05-19 11:16:02 - [MESSAGE][PASSED] - Scroll to object 'Object Repository/OOBObjects/IdeasListObjects/CardBlock' successfully

2019-05-19 11:16:02 - [MESSAGE][PASSED] - Object: 'Object Repository/OOBObjects/IdeasListObjects/SendIdeaButton' is clicked on

2019-05-19 11:16:02 - [MESSAGE][PASSED] - I want to click send idea button

2019-05-19 11:16:02 - [TEST_STEP][PASSED] - I want to verify idea added successfuly: I want to verify idea added successfuly

2019-05-19 11:16:02 - [MESSAGE][WARNING] - Timeout '0' is invalid. Using default page load timeout: '30'

2019-05-19 11:16:02 - [MESSAGE][PASSED] - Wait for page load successfully

2019-05-19 11:16:05 - [MESSAGE][PASSED] - Text 'Automation6821' is set on object 'Object Repository/OOBObjects/IdeasListObjects/SearchField'

2019-05-19 11:16:06 - [MESSAGE][PASSED] - Actual text and expected text of test object 'Object Repository/OOBObjects/IdeasListObjects/SearchResult' are matched.

2019-05-19 11:16:06 - [MESSAGE][PASSED] - I want to verify idea added successfuly

2019-05-19 11:16:06 - [TEST_STEP][PASSED] - I want to close browser: I want to close browser

2019-05-19 11:16:07 - [MESSAGE][PASSED] - Browser is closed

2019-05-19 11:16:07 - [MESSAGE][PASSED] - I want to close browser

2019-05-19 11:16:07 - [MESSAGE][PASSED] - Feature file: 'Include/features/Governance-Module/Add-Idea/007-Check-Optional-Fields.feature' was passed]]></system-out>
         <system-err><![CDATA[]]></system-err>
      </testcase>
      <testcase name="Test Cases/Add-Idea-Test-Cases/008-Delete-Attachment" classname="Test Cases/Add-Idea-Test-Cases/008-Delete-Attachment" status="PASSED">
         <system-out><![CDATA[2019-05-19 11:16:07 - [TEST_CASE][PASSED] - Test Cases/Add-Idea-Test-Cases/008-Delete-Attachment: Test Cases/Add-Idea-Test-Cases/008-Delete-Attachment

2019-05-19 11:16:07 - [TEST_STEP][PASSED] - runFeatureFile("Include/features/Governance-Module/Add-Idea/008-Delete-Attachment.feature"): Feature file: 'Include/features/Governance-Module/Add-Idea/008-Delete-Attachment.feature' was passed

2019-05-19 11:16:07 - [MESSAGE][INFO] - Starting run keyword runFeatureFile: 'Include/features/Governance-Module/Add-Idea/008-Delete-Attachment.feature' and extract report to folder: 'C:\Users\HP\git\PMO-Web-Application\Reports\First-Test-Suite\20190519_111227/cucumber_report/1558253767456'...

2019-05-19 11:16:07 - [TEST_CASE][PASSED] - Start Test Case : SCENARIO Delete attachment from idea form: SCENARIO Delete attachment from idea form

2019-05-19 11:16:07 - [TEST_STEP][PASSED] - I want to open browser: I want to open browser

2019-05-19 11:16:07 - [MESSAGE][INFO] - Starting 'Chrome' driver

2019-05-19 11:16:09 - [MESSAGE][PASSED] - Browser is opened with url: ''

2019-05-19 11:16:10 - [MESSAGE][PASSED] - Delete all cookies successfully

2019-05-19 11:16:10 - [MESSAGE][PASSED] - I want to open browser

2019-05-19 11:16:10 - [TEST_STEP][PASSED] - I want to maximize window: I want to maximize window

2019-05-19 11:16:11 - [MESSAGE][PASSED] - Current window maximized

2019-05-19 11:16:11 - [MESSAGE][PASSED] - I want to maximize window

2019-05-19 11:16:11 - [TEST_STEP][PASSED] - I want to go to OOB: I want to go to OOB

2019-05-19 11:16:12 - [MESSAGE][PASSED] - Navigate to 'https://pmoadmin:P@ssw0rd@dev5.cloudapp.net/OOB2/' successfully

2019-05-19 11:16:12 - [MESSAGE][PASSED] - I want to go to OOB

2019-05-19 11:16:12 - [TEST_STEP][PASSED] - I want to verify I'm in OOB main page: I want to verify I'm in OOB main page

2019-05-19 11:16:12 - [MESSAGE][WARNING] - Timeout '0' is invalid. Using default page load timeout: '30'

2019-05-19 11:16:20 - [MESSAGE][PASSED] - Object 'Object Repository/OOBObjects/HomepageObjects/OOBSideBar' is present

2019-05-19 11:16:20 - [MESSAGE][PASSED] - I want to verify I'm in OOB main page

2019-05-19 11:16:20 - [TEST_STEP][PASSED] - I want to go to ideas list page: I want to go to ideas list page

2019-05-19 11:16:25 - [MESSAGE][PASSED] - Object: 'Object Repository/OOBObjects/HomepageObjects/IdeasList' is clicked on

2019-05-19 11:16:25 - [MESSAGE][PASSED] - I want to go to ideas list page

2019-05-19 11:16:25 - [TEST_STEP][PASSED] - I want to click on Add New button: I want to click on Add New button

2019-05-19 11:16:27 - [MESSAGE][PASSED] - Object: 'Object Repository/OOBObjects/IdeasListObjects/AddNewIdeaButton' is clicked on

2019-05-19 11:16:27 - [MESSAGE][PASSED] - I want to click on Add New button

2019-05-19 11:16:27 - [TEST_STEP][PASSED] - I want to fill idea name field: I want to fill idea name field

2019-05-19 11:16:27 - [MESSAGE][PASSED] - Text 'Automation955' is set on object 'Object Repository/OOBObjects/IdeasListObjects/Idea-Name-Field'

2019-05-19 11:16:27 - [MESSAGE][PASSED] - I want to fill idea name field

2019-05-19 11:16:27 - [TEST_STEP][PASSED] - I want to select expected start date: I want to select expected start date

2019-05-19 11:16:27 - [MESSAGE][PASSED] - Object: 'Object Repository/OOBObjects/IdeasListObjects//GREGORIAN-Start-date-Check-Box' is clicked on

2019-05-19 11:16:27 - [MESSAGE][PASSED] - Object: 'Object Repository/OOBObjects/IdeasListObjects//Excepted-Start-Date' is clicked on

2019-05-19 11:16:27 - [MESSAGE][PASSED] - All options with index in [5] are selected on object 'Object Repository/OOBObjects/IdeasListObjects/StartDateMonthDropDwon'

2019-05-19 11:16:27 - [MESSAGE][PASSED] - Object: 'Object Repository/OOBObjects/IdeasListObjects//Day26' is hovered

2019-05-19 11:16:27 - [MESSAGE][PASSED] - Object: 'Object Repository/OOBObjects/IdeasListObjects//Day26' is clicked on

2019-05-19 11:16:27 - [MESSAGE][PASSED] - I want to select expected start date

2019-05-19 11:16:27 - [TEST_STEP][PASSED] - I want to select expected end date: I want to select expected end date

2019-05-19 11:16:27 - [MESSAGE][PASSED] - Object 'Object Repository/OOBObjects/IdeasListObjects/GREGORIAN-End-Date-Check-Box' is visible

2019-05-19 11:16:27 - [MESSAGE][PASSED] - Object: 'Object Repository/OOBObjects/IdeasListObjects/GREGORIAN-End-Date-Check-Box' is clicked on

2019-05-19 11:16:29 - [MESSAGE][PASSED] - Delayed 2 second(s)

2019-05-19 11:16:29 - [MESSAGE][PASSED] - Object: 'Object Repository/OOBObjects/IdeasListObjects/Excpected-End-Date' is hovered

2019-05-19 11:16:29 - [MESSAGE][PASSED] - Object: 'Object Repository/OOBObjects/IdeasListObjects/Excpected-End-Date' is clicked on

2019-05-19 11:16:30 - [MESSAGE][PASSED] - All options with index in [6] are selected on object 'Object Repository/OOBObjects/IdeasListObjects/EndDateMonthDropdown'

2019-05-19 11:16:30 - [MESSAGE][PASSED] - Object: 'Object Repository/OOBObjects/IdeasListObjects/EndDateDay15' is hovered

2019-05-19 11:16:30 - [MESSAGE][PASSED] - Object: 'Object Repository/OOBObjects/IdeasListObjects/EndDateDay15' is clicked on

2019-05-19 11:16:30 - [MESSAGE][PASSED] - I want to select expected end date

2019-05-19 11:16:30 - [TEST_STEP][PASSED] - I want to fill idea objective field: I want to fill idea objective field

2019-05-19 11:16:30 - [MESSAGE][PASSED] - Text 'Automation' is set on object 'Object Repository/OOBObjects/IdeasListObjects/Idea-Objective-Field'

2019-05-19 11:16:30 - [MESSAGE][PASSED] - I want to fill idea objective field

2019-05-19 11:16:30 - [TEST_STEP][PASSED] - I want to fill expected budget field: I want to fill expected budget field

2019-05-19 11:16:30 - [MESSAGE][PASSED] - Text '10000' is set on object 'Object Repository/OOBObjects/IdeasListObjects/Expected-Budget-Field'

2019-05-19 11:16:30 - [MESSAGE][PASSED] - I want to fill expected budget field

2019-05-19 11:16:30 - [TEST_STEP][PASSED] - I want to fill Notes field: I want to fill Notes field

2019-05-19 11:16:30 - [MESSAGE][PASSED] - Text 'test note' is set on object 'Object Repository/OOBObjects/IdeasListObjects/Notes-Field'

2019-05-19 11:16:30 - [MESSAGE][PASSED] - I want to fill Notes field

2019-05-19 11:16:30 - [TEST_STEP][PASSED] - I want to click save idea button: I want to click save idea button

2019-05-19 11:16:30 - [MESSAGE][WARNING] - Timeout '0' is invalid. Using default page load timeout: '30'

2019-05-19 11:16:30 - [MESSAGE][PASSED] - Object 'Object Repository/OOBObjects/IdeasListObjects/SaveIdeaButton' is present

2019-05-19 11:16:30 - [MESSAGE][WARNING] - Timeout '0' is invalid. Using default page load timeout: '30'

2019-05-19 11:16:30 - [MESSAGE][PASSED] - Object 'Object Repository/OOBObjects/IdeasListObjects/SaveIdeaButton' is clickable

2019-05-19 11:16:30 - [MESSAGE][PASSED] - Object: 'Object Repository/OOBObjects/IdeasListObjects/SaveIdeaButton' is clicked on

2019-05-19 11:16:35 - [MESSAGE][PASSED] - Delayed 5 second(s)

2019-05-19 11:16:35 - [MESSAGE][PASSED] - I want to click save idea button

2019-05-19 11:16:35 - [TEST_STEP][PASSED] - I want to wait for page load: I want to wait for page load

2019-05-19 11:16:35 - [MESSAGE][PASSED] - Wait for page load successfully

2019-05-19 11:16:35 - [MESSAGE][PASSED] - I want to wait for page load

2019-05-19 11:16:35 - [TEST_STEP][PASSED] - I want to go to ideas list page: I want to go to ideas list page

2019-05-19 11:16:36 - [MESSAGE][PASSED] - Object: 'Object Repository/OOBObjects/HomepageObjects/IdeasList' is clicked on

2019-05-19 11:16:36 - [MESSAGE][PASSED] - I want to go to ideas list page

2019-05-19 11:16:36 - [TEST_STEP][PASSED] - I want to search for idea by idea name: I want to search for idea by idea name

2019-05-19 11:16:37 - [MESSAGE][PASSED] - Text 'Automation955' is set on object 'Object Repository/OOBObjects/IdeasListObjects/SearchField'

2019-05-19 11:16:39 - [MESSAGE][PASSED] - Actual text and expected text of test object 'Object Repository/OOBObjects/IdeasListObjects/SearchResult' are matched.

2019-05-19 11:16:39 - [MESSAGE][PASSED] - I want to search for idea by idea name

2019-05-19 11:16:39 - [TEST_STEP][PASSED] - I want to click on edit idea icon: I want to click on edit idea icon

2019-05-19 11:16:41 - [MESSAGE][PASSED] - Object: 'Object Repository/OOBObjects/IdeasListObjects/EditIdea' is clicked on

2019-05-19 11:16:41 - [MESSAGE][PASSED] - I want to click on edit idea icon

2019-05-19 11:16:41 - [TEST_STEP][PASSED] - I want to add Attachment: I want to add Attachment

2019-05-19 11:16:41 - [MESSAGE][PASSED] - Object: 'Object Repository/OOBObjects/IdeasListObjects/Add-New-Document-Button' is clicked on

2019-05-19 11:16:41 - [MESSAGE][WARNING] - Timeout '0' is invalid. Using default page load timeout: '30'

2019-05-19 11:16:41 - [MESSAGE][PASSED] - Scroll to object 'Object Repository/OOBObjects/IdeasListObjects/Add-New-Document-Button' successfully

2019-05-19 11:16:41 - [MESSAGE][PASSED] - Text 'test1' is set on object 'Object Repository/OOBObjects/IdeasListObjects/AttachmentNameField'

2019-05-19 11:16:41 - [MESSAGE][PASSED] - File 'C:\Users\HP\Desktop\download.png' sent to object: 'Object Repository/OOBObjects/IdeasListObjects/Upload-File'

2019-05-19 11:16:41 - [MESSAGE][WARNING] - Timeout '0' is invalid. Using default page load timeout: '30'

2019-05-19 11:16:42 - [MESSAGE][PASSED] - Object 'Object Repository/OOBObjects/IdeasListObjects/AttachedFile' is present

2019-05-19 11:16:42 - [MESSAGE][PASSED] - Object: 'Object Repository/OOBObjects/IdeasListObjects/LoadButton' is clicked on

2019-05-19 11:16:42 - [MESSAGE][PASSED] - I want to add Attachment

2019-05-19 11:16:42 - [TEST_STEP][PASSED] - I want to refresh page: I want to refresh page

2019-05-19 11:16:42 - [MESSAGE][PASSED] - Refresh successfully

2019-05-19 11:16:42 - [MESSAGE][PASSED] - I want to refresh page

2019-05-19 11:16:42 - [TEST_STEP][PASSED] - I want to click save idea button: I want to click save idea button

2019-05-19 11:16:42 - [MESSAGE][WARNING] - Timeout '0' is invalid. Using default page load timeout: '30'

2019-05-19 11:16:44 - [MESSAGE][PASSED] - Object 'Object Repository/OOBObjects/IdeasListObjects/SaveIdeaButton' is present

2019-05-19 11:16:44 - [MESSAGE][WARNING] - Timeout '0' is invalid. Using default page load timeout: '30'

2019-05-19 11:16:44 - [MESSAGE][PASSED] - Object 'Object Repository/OOBObjects/IdeasListObjects/SaveIdeaButton' is clickable

2019-05-19 11:16:44 - [MESSAGE][PASSED] - Object: 'Object Repository/OOBObjects/IdeasListObjects/SaveIdeaButton' is clicked on

2019-05-19 11:16:49 - [MESSAGE][PASSED] - Delayed 5 second(s)

2019-05-19 11:16:49 - [MESSAGE][PASSED] - I want to click save idea button

2019-05-19 11:16:49 - [TEST_STEP][PASSED] - I want to delete attachment: I want to delete attachment

2019-05-19 11:16:50 - [MESSAGE][PASSED] - Refresh successfully

2019-05-19 11:16:50 - [MESSAGE][WARNING] - Timeout '0' is invalid. Using default page load timeout: '30'

2019-05-19 11:16:50 - [MESSAGE][PASSED] - Scroll to object 'Object Repository/OOBObjects/IdeasListObjects/Add-New-Document-Button' successfully

2019-05-19 11:16:50 - [MESSAGE][PASSED] - Object: 'Object Repository/OOBObjects/IdeasListObjects/DeleteAttachment' is hovered

2019-05-19 11:16:50 - [MESSAGE][PASSED] - Object: 'Object Repository/OOBObjects/IdeasListObjects/DeleteAttachment' is clicked on

2019-05-19 11:16:50 - [MESSAGE][PASSED] - Alert accepted

2019-05-19 11:16:50 - [MESSAGE][PASSED] - I want to delete attachment

2019-05-19 11:16:50 - [TEST_STEP][PASSED] - I want to verify document removed: I want to verify document removed

2019-05-19 11:16:50 - [MESSAGE][WARNING] - Timeout '0' is invalid. Using default page load timeout: '30'

2019-05-19 11:16:51 - [MESSAGE][PASSED] - Web element with id: 'Object Repository/OOBObjects/IdeasListObjects/UploadedDocument' located by 'By.xpath: //*[@id='tblProjectDocuments']/tbody/tr' is not present after '30' second(s)

2019-05-19 11:16:51 - [MESSAGE][PASSED] - I want to verify document removed

2019-05-19 11:16:51 - [TEST_STEP][PASSED] - I want to close browser: I want to close browser

2019-05-19 11:16:52 - [MESSAGE][PASSED] - Browser is closed

2019-05-19 11:16:52 - [MESSAGE][PASSED] - I want to close browser

2019-05-19 11:16:52 - [MESSAGE][PASSED] - Feature file: 'Include/features/Governance-Module/Add-Idea/008-Delete-Attachment.feature' was passed]]></system-out>
         <system-err><![CDATA[]]></system-err>
      </testcase>
      <testcase name="Test Cases/Add-Idea-Test-Cases/009-Verify-Uploading-Attachment-with-Duplicate-Name" classname="Test Cases/Add-Idea-Test-Cases/009-Verify-Uploading-Attachment-with-Duplicate-Name" status="PASSED">
         <system-out><![CDATA[2019-05-19 11:16:52 - [TEST_CASE][PASSED] - Test Cases/Add-Idea-Test-Cases/009-Verify-Uploading-Attachment-with-Duplicate-Name: Test Cases/Add-Idea-Test-Cases/009-Verify-Uploading-Attachment-with-Duplicate-Name

2019-05-19 11:16:52 - [TEST_STEP][PASSED] - runFeatureFile("Include/features/Governance-Module/Add-Idea/009-Verify-Uploading-Attachment-with-Duplicate-Name.feature"): Feature file: 'Include/features/Governance-Module/Add-Idea/009-Verify-Uploading-Attachment-with-Duplicate-Name.feature' was passed

2019-05-19 11:16:52 - [MESSAGE][INFO] - Starting run keyword runFeatureFile: 'Include/features/Governance-Module/Add-Idea/009-Verify-Uploading-Attachment-with-Duplicate-Name.feature' and extract report to folder: 'C:\Users\HP\git\PMO-Web-Application\Reports\First-Test-Suite\20190519_111227/cucumber_report/1558253812568'...

2019-05-19 11:16:52 - [TEST_CASE][PASSED] - Start Test Case : SCENARIO Verify that user unable to upload attachment with duplicate name: SCENARIO Verify that user unable to upload attachment with duplicate name

2019-05-19 11:16:52 - [TEST_STEP][PASSED] - I want to open browser: I want to open browser

2019-05-19 11:16:52 - [MESSAGE][INFO] - Starting 'Chrome' driver

2019-05-19 11:16:54 - [MESSAGE][PASSED] - Browser is opened with url: ''

2019-05-19 11:16:54 - [MESSAGE][PASSED] - Delete all cookies successfully

2019-05-19 11:16:54 - [MESSAGE][PASSED] - I want to open browser

2019-05-19 11:16:54 - [TEST_STEP][PASSED] - I want to maximize window: I want to maximize window

2019-05-19 11:16:55 - [MESSAGE][PASSED] - Current window maximized

2019-05-19 11:16:55 - [MESSAGE][PASSED] - I want to maximize window

2019-05-19 11:16:55 - [TEST_STEP][PASSED] - I want to go to OOB: I want to go to OOB

2019-05-19 11:16:56 - [MESSAGE][PASSED] - Navigate to 'https://pmoadmin:P@ssw0rd@dev5.cloudapp.net/OOB2/' successfully

2019-05-19 11:16:56 - [MESSAGE][PASSED] - I want to go to OOB

2019-05-19 11:16:56 - [TEST_STEP][PASSED] - I want to verify I'm in OOB main page: I want to verify I'm in OOB main page

2019-05-19 11:16:56 - [MESSAGE][WARNING] - Timeout '0' is invalid. Using default page load timeout: '30'

2019-05-19 11:17:08 - [MESSAGE][PASSED] - Object 'Object Repository/OOBObjects/HomepageObjects/OOBSideBar' is present

2019-05-19 11:17:08 - [MESSAGE][PASSED] - I want to verify I'm in OOB main page

2019-05-19 11:17:08 - [TEST_STEP][PASSED] - I want to go to ideas list page: I want to go to ideas list page

2019-05-19 11:17:10 - [MESSAGE][PASSED] - Object: 'Object Repository/OOBObjects/HomepageObjects/IdeasList' is clicked on

2019-05-19 11:17:10 - [MESSAGE][PASSED] - I want to go to ideas list page

2019-05-19 11:17:10 - [TEST_STEP][PASSED] - I want to click on Add New button: I want to click on Add New button

2019-05-19 11:17:12 - [MESSAGE][PASSED] - Object: 'Object Repository/OOBObjects/IdeasListObjects/AddNewIdeaButton' is clicked on

2019-05-19 11:17:12 - [MESSAGE][PASSED] - I want to click on Add New button

2019-05-19 11:17:12 - [TEST_STEP][PASSED] - I want to add Attachment: I want to add Attachment

2019-05-19 11:17:12 - [MESSAGE][PASSED] - Object: 'Object Repository/OOBObjects/IdeasListObjects/Add-New-Document-Button' is clicked on

2019-05-19 11:17:12 - [MESSAGE][WARNING] - Timeout '0' is invalid. Using default page load timeout: '30'

2019-05-19 11:17:12 - [MESSAGE][PASSED] - Scroll to object 'Object Repository/OOBObjects/IdeasListObjects/Add-New-Document-Button' successfully

2019-05-19 11:17:12 - [MESSAGE][PASSED] - Text 'test1' is set on object 'Object Repository/OOBObjects/IdeasListObjects/AttachmentNameField'

2019-05-19 11:17:12 - [MESSAGE][PASSED] - File 'C:\Users\HP\Desktop\download.png' sent to object: 'Object Repository/OOBObjects/IdeasListObjects/Upload-File'

2019-05-19 11:17:12 - [MESSAGE][WARNING] - Timeout '0' is invalid. Using default page load timeout: '30'

2019-05-19 11:17:13 - [MESSAGE][PASSED] - Object 'Object Repository/OOBObjects/IdeasListObjects/AttachedFile' is present

2019-05-19 11:17:13 - [MESSAGE][PASSED] - Object: 'Object Repository/OOBObjects/IdeasListObjects/LoadButton' is clicked on

2019-05-19 11:17:13 - [MESSAGE][PASSED] - I want to add Attachment

2019-05-19 11:17:13 - [TEST_STEP][PASSED] - I want to verify document uploaded: I want to verify document uploaded

2019-05-19 11:17:13 - [MESSAGE][WARNING] - Timeout '0' is invalid. Using default page load timeout: '30'

2019-05-19 11:17:13 - [MESSAGE][PASSED] - Object 'Object Repository/OOBObjects/IdeasListObjects/UploadedDocument' is present

2019-05-19 11:17:13 - [MESSAGE][PASSED] - I want to verify document uploaded

2019-05-19 11:17:13 - [TEST_STEP][PASSED] - I want to refresh page: I want to refresh page

2019-05-19 11:17:13 - [MESSAGE][PASSED] - Refresh successfully

2019-05-19 11:17:13 - [MESSAGE][PASSED] - I want to refresh page

2019-05-19 11:17:13 - [TEST_STEP][PASSED] - I want to add Attachment: I want to add Attachment

2019-05-19 11:17:15 - [MESSAGE][PASSED] - Object: 'Object Repository/OOBObjects/IdeasListObjects/Add-New-Document-Button' is clicked on

2019-05-19 11:17:15 - [MESSAGE][WARNING] - Timeout '0' is invalid. Using default page load timeout: '30'

2019-05-19 11:17:15 - [MESSAGE][PASSED] - Scroll to object 'Object Repository/OOBObjects/IdeasListObjects/Add-New-Document-Button' successfully

2019-05-19 11:17:15 - [MESSAGE][PASSED] - Text 'test1' is set on object 'Object Repository/OOBObjects/IdeasListObjects/AttachmentNameField'

2019-05-19 11:17:15 - [MESSAGE][PASSED] - File 'C:\Users\HP\Desktop\download.png' sent to object: 'Object Repository/OOBObjects/IdeasListObjects/Upload-File'

2019-05-19 11:17:15 - [MESSAGE][WARNING] - Timeout '0' is invalid. Using default page load timeout: '30'

2019-05-19 11:17:16 - [MESSAGE][PASSED] - Object 'Object Repository/OOBObjects/IdeasListObjects/AttachedFile' is present

2019-05-19 11:17:16 - [MESSAGE][PASSED] - Object: 'Object Repository/OOBObjects/IdeasListObjects/LoadButton' is clicked on

2019-05-19 11:17:16 - [MESSAGE][PASSED] - I want to add Attachment

2019-05-19 11:17:16 - [TEST_STEP][PASSED] - I want to verify Attachment with already existed name not added: I want to verify Attachment with already existed name not added

2019-05-19 11:17:16 - [MESSAGE][PASSED] - Object 'Object Repository/OOBObjects/IdeasListObjects/AttachmentNameField' is visible

2019-05-19 11:17:16 - [MESSAGE][PASSED] - I want to verify Attachment with already existed name not added

2019-05-19 11:17:16 - [MESSAGE][PASSED] - Feature file: 'Include/features/Governance-Module/Add-Idea/009-Verify-Uploading-Attachment-with-Duplicate-Name.feature' was passed]]></system-out>
         <system-err><![CDATA[]]></system-err>
      </testcase>
      <testcase name="Test Cases/Add-Idea-Test-Cases/010-Upload-Invalid-Format-Attachment" classname="Test Cases/Add-Idea-Test-Cases/010-Upload-Invalid-Format-Attachment" status="PASSED">
         <system-out><![CDATA[2019-05-19 11:17:16 - [TEST_CASE][PASSED] - Test Cases/Add-Idea-Test-Cases/010-Upload-Invalid-Format-Attachment: Test Cases/Add-Idea-Test-Cases/010-Upload-Invalid-Format-Attachment

2019-05-19 11:17:16 - [TEST_STEP][PASSED] - runFeatureFile("Include/features/Governance-Module/Add-Idea/010-Upload-Invalid-Format-Attachment.feature"): Feature file: 'Include/features/Governance-Module/Add-Idea/010-Upload-Invalid-Format-Attachment.feature' was passed

2019-05-19 11:17:16 - [MESSAGE][INFO] - Starting run keyword runFeatureFile: 'Include/features/Governance-Module/Add-Idea/010-Upload-Invalid-Format-Attachment.feature' and extract report to folder: 'C:\Users\HP\git\PMO-Web-Application\Reports\First-Test-Suite\20190519_111227/cucumber_report/1558253836789'...

2019-05-19 11:17:16 - [TEST_CASE][PASSED] - Start Test Case : SCENARIO Verify that user unable to upload invalid foemat attachment: SCENARIO Verify that user unable to upload invalid foemat attachment

2019-05-19 11:17:16 - [TEST_STEP][PASSED] - I want to open browser: I want to open browser

2019-05-19 11:17:16 - [MESSAGE][WARNING] - A browser is already opened. Closing browser and opening a new one

2019-05-19 11:17:17 - [MESSAGE][INFO] - Starting 'Chrome' driver

2019-05-19 11:17:19 - [MESSAGE][PASSED] - Browser is opened with url: ''

2019-05-19 11:17:19 - [MESSAGE][PASSED] - Delete all cookies successfully

2019-05-19 11:17:19 - [MESSAGE][PASSED] - I want to open browser

2019-05-19 11:17:19 - [TEST_STEP][PASSED] - I want to maximize window: I want to maximize window

2019-05-19 11:17:20 - [MESSAGE][PASSED] - Current window maximized

2019-05-19 11:17:20 - [MESSAGE][PASSED] - I want to maximize window

2019-05-19 11:17:20 - [TEST_STEP][PASSED] - I want to go to OOB: I want to go to OOB

2019-05-19 11:17:22 - [MESSAGE][PASSED] - Navigate to 'https://pmoadmin:P@ssw0rd@dev5.cloudapp.net/OOB2/' successfully

2019-05-19 11:17:22 - [MESSAGE][PASSED] - I want to go to OOB

2019-05-19 11:17:22 - [TEST_STEP][PASSED] - I want to verify I'm in OOB main page: I want to verify I'm in OOB main page

2019-05-19 11:17:22 - [MESSAGE][WARNING] - Timeout '0' is invalid. Using default page load timeout: '30'

2019-05-19 11:17:29 - [MESSAGE][PASSED] - Object 'Object Repository/OOBObjects/HomepageObjects/OOBSideBar' is present

2019-05-19 11:17:29 - [MESSAGE][PASSED] - I want to verify I'm in OOB main page

2019-05-19 11:17:29 - [TEST_STEP][PASSED] - I want to go to ideas list page: I want to go to ideas list page

2019-05-19 11:17:32 - [MESSAGE][PASSED] - Object: 'Object Repository/OOBObjects/HomepageObjects/IdeasList' is clicked on

2019-05-19 11:17:32 - [MESSAGE][PASSED] - I want to go to ideas list page

2019-05-19 11:17:32 - [TEST_STEP][PASSED] - I want to click on Add New button: I want to click on Add New button

2019-05-19 11:17:33 - [MESSAGE][PASSED] - Object: 'Object Repository/OOBObjects/IdeasListObjects/AddNewIdeaButton' is clicked on

2019-05-19 11:17:33 - [MESSAGE][PASSED] - I want to click on Add New button

2019-05-19 11:17:33 - [TEST_STEP][PASSED] - I want to add invalid format Attachment: I want to add invalid format Attachment

2019-05-19 11:17:33 - [MESSAGE][PASSED] - Object: 'Object Repository/OOBObjects/IdeasListObjects/Add-New-Document-Button' is clicked on

2019-05-19 11:17:33 - [MESSAGE][WARNING] - Timeout '0' is invalid. Using default page load timeout: '30'

2019-05-19 11:17:33 - [MESSAGE][PASSED] - Scroll to object 'Object Repository/OOBObjects/IdeasListObjects/Add-New-Document-Button' successfully

2019-05-19 11:17:33 - [MESSAGE][PASSED] - Text 'Test Attachment' is set on object 'Object Repository/OOBObjects/IdeasListObjects/AttachmentNameField'

2019-05-19 11:17:33 - [MESSAGE][PASSED] - File 'C:\Users\HP\Desktop\chromedriver.exe' sent to object: 'Object Repository/OOBObjects/IdeasListObjects/Upload-File'

2019-05-19 11:17:33 - [MESSAGE][PASSED] - I want to add invalid format Attachment

2019-05-19 11:17:33 - [TEST_STEP][PASSED] - I want to verify Attachment not added: I want to verify Attachment not added

2019-05-19 11:17:33 - [MESSAGE][WARNING] - Timeout '0' is invalid. Using default page load timeout: '30'

2019-05-19 11:17:33 - [MESSAGE][PASSED] - Web element with id: 'Object Repository/OOBObjects/IdeasListObjects/AttachedFile' located by 'By.xpath: //*[@id='AttachmentPath_attachement_div']/div[2]/a' is not present after '30' second(s)

2019-05-19 11:17:33 - [MESSAGE][PASSED] - I want to verify Attachment not added

2019-05-19 11:17:33 - [TEST_STEP][PASSED] - I want to close browser: I want to close browser

2019-05-19 11:17:34 - [MESSAGE][PASSED] - Browser is closed

2019-05-19 11:17:34 - [MESSAGE][PASSED] - I want to close browser

2019-05-19 11:17:34 - [MESSAGE][PASSED] - Feature file: 'Include/features/Governance-Module/Add-Idea/010-Upload-Invalid-Format-Attachment.feature' was passed]]></system-out>
         <system-err><![CDATA[]]></system-err>
      </testcase>
      <testcase name="Test Cases/Add-Idea-Test-Cases/011-Upload-Large-Size-Attachment" classname="Test Cases/Add-Idea-Test-Cases/011-Upload-Large-Size-Attachment" status="FAILED">
         <failure type="FAILED" message="Test Cases/Add-Idea-Test-Cases/011-Upload-Large-Size-Attachment FAILED.
Reason:
com.kms.katalon.core.exception.StepFailedException: Feature file 'Include/features/Governance-Module/Add-Idea/011-Upload-Large-Size-Attachment.feature' was failed
	at com.kms.katalon.core.keyword.internal.KeywordMain.stepFailed(KeywordMain.groovy:48)
	at com.kms.katalon.core.keyword.internal.KeywordMain.stepFailed(KeywordMain.groovy)
	at com.kms.katalon.core.keyword.internal.KeywordMain.stepFailed(KeywordMain.groovy:21)
	at com.kms.katalon.core.keyword.internal.KeywordMain$stepFailed$0.call(Unknown Source)
	at com.kms.katalon.core.cucumber.keyword.CucumberBuiltinKeywords$_runFeatureFile_closure1.doCall(CucumberBuiltinKeywords.groovy:82)
	at com.kms.katalon.core.cucumber.keyword.CucumberBuiltinKeywords$_runFeatureFile_closure1.doCall(CucumberBuiltinKeywords.groovy)
	at com.kms.katalon.core.keyword.internal.KeywordMain.runKeyword(KeywordMain.groovy:66)
	at com.kms.katalon.core.keyword.internal.KeywordMain$runKeyword.call(Unknown Source)
	at com.kms.katalon.core.cucumber.keyword.CucumberBuiltinKeywords.runFeatureFile(CucumberBuiltinKeywords.groovy:46)
	at com.kms.katalon.core.cucumber.keyword.CucumberBuiltinKeywords$runFeatureFile$0.callStatic(Unknown Source)
	at com.kms.katalon.core.cucumber.keyword.CucumberBuiltinKeywords.runFeatureFile(CucumberBuiltinKeywords.groovy:101)
	at com.kms.katalon.core.cucumber.keyword.CucumberBuiltinKeywords$runFeatureFile.call(Unknown Source)
	at 011-Upload-Large-Size-Attachment.run(011-Upload-Large-Size-Attachment:16)
	at com.kms.katalon.core.main.ScriptEngine.run(ScriptEngine.java:194)
	at com.kms.katalon.core.main.ScriptEngine.runScriptAsRawText(ScriptEngine.java:119)
	at com.kms.katalon.core.main.TestCaseExecutor.runScript(TestCaseExecutor.java:331)
	at com.kms.katalon.core.main.TestCaseExecutor.doExecute(TestCaseExecutor.java:322)
	at com.kms.katalon.core.main.TestCaseExecutor.processExecutionPhase(TestCaseExecutor.java:301)
	at com.kms.katalon.core.main.TestCaseExecutor.accessMainPhase(TestCaseExecutor.java:293)
	at com.kms.katalon.core.main.TestCaseExecutor.execute(TestCaseExecutor.java:227)
	at com.kms.katalon.core.main.TestSuiteExecutor.accessTestCaseMainPhase(TestSuiteExecutor.java:129)
	at com.kms.katalon.core.main.TestSuiteExecutor.accessTestSuiteMainPhase(TestSuiteExecutor.java:112)
	at com.kms.katalon.core.main.TestSuiteExecutor.execute(TestSuiteExecutor.java:81)
	at com.kms.katalon.core.main.TestCaseMain.startTestSuite(TestCaseMain.java:157)
	at com.kms.katalon.core.main.TestCaseMain$startTestSuite$0.call(Unknown Source)
	at TempTestSuite1558253547685.run(TempTestSuite1558253547685.groovy:35)
"/>
         <system-out><![CDATA[2019-05-19 11:17:34 - [TEST_CASE][FAILED] - Test Cases/Add-Idea-Test-Cases/011-Upload-Large-Size-Attachment: Test Cases/Add-Idea-Test-Cases/011-Upload-Large-Size-Attachment FAILED.
Reason:
com.kms.katalon.core.exception.StepFailedException: Feature file 'Include/features/Governance-Module/Add-Idea/011-Upload-Large-Size-Attachment.feature' was failed
	at com.kms.katalon.core.keyword.internal.KeywordMain.stepFailed(KeywordMain.groovy:48)
	at com.kms.katalon.core.keyword.internal.KeywordMain.stepFailed(KeywordMain.groovy)
	at com.kms.katalon.core.keyword.internal.KeywordMain.stepFailed(KeywordMain.groovy:21)
	at com.kms.katalon.core.keyword.internal.KeywordMain$stepFailed$0.call(Unknown Source)
	at com.kms.katalon.core.cucumber.keyword.CucumberBuiltinKeywords$_runFeatureFile_closure1.doCall(CucumberBuiltinKeywords.groovy:82)
	at com.kms.katalon.core.cucumber.keyword.CucumberBuiltinKeywords$_runFeatureFile_closure1.doCall(CucumberBuiltinKeywords.groovy)
	at com.kms.katalon.core.keyword.internal.KeywordMain.runKeyword(KeywordMain.groovy:66)
	at com.kms.katalon.core.keyword.internal.KeywordMain$runKeyword.call(Unknown Source)
	at com.kms.katalon.core.cucumber.keyword.CucumberBuiltinKeywords.runFeatureFile(CucumberBuiltinKeywords.groovy:46)
	at com.kms.katalon.core.cucumber.keyword.CucumberBuiltinKeywords$runFeatureFile$0.callStatic(Unknown Source)
	at com.kms.katalon.core.cucumber.keyword.CucumberBuiltinKeywords.runFeatureFile(CucumberBuiltinKeywords.groovy:101)
	at com.kms.katalon.core.cucumber.keyword.CucumberBuiltinKeywords$runFeatureFile.call(Unknown Source)
	at 011-Upload-Large-Size-Attachment.run(011-Upload-Large-Size-Attachment:16)
	at com.kms.katalon.core.main.ScriptEngine.run(ScriptEngine.java:194)
	at com.kms.katalon.core.main.ScriptEngine.runScriptAsRawText(ScriptEngine.java:119)
	at com.kms.katalon.core.main.TestCaseExecutor.runScript(TestCaseExecutor.java:331)
	at com.kms.katalon.core.main.TestCaseExecutor.doExecute(TestCaseExecutor.java:322)
	at com.kms.katalon.core.main.TestCaseExecutor.processExecutionPhase(TestCaseExecutor.java:301)
	at com.kms.katalon.core.main.TestCaseExecutor.accessMainPhase(TestCaseExecutor.java:293)
	at com.kms.katalon.core.main.TestCaseExecutor.execute(TestCaseExecutor.java:227)
	at com.kms.katalon.core.main.TestSuiteExecutor.accessTestCaseMainPhase(TestSuiteExecutor.java:129)
	at com.kms.katalon.core.main.TestSuiteExecutor.accessTestSuiteMainPhase(TestSuiteExecutor.java:112)
	at com.kms.katalon.core.main.TestSuiteExecutor.execute(TestSuiteExecutor.java:81)
	at com.kms.katalon.core.main.TestCaseMain.startTestSuite(TestCaseMain.java:157)
	at com.kms.katalon.core.main.TestCaseMain$startTestSuite$0.call(Unknown Source)
	at TempTestSuite1558253547685.run(TempTestSuite1558253547685.groovy:35)


2019-05-19 11:17:34 - [TEST_STEP][FAILED] - runFeatureFile("Include/features/Governance-Module/Add-Idea/011-Upload-Large-Size-Attachment.feature"): runFeatureFile("Include/features/Governance-Module/Add-Idea/011-Upload-Large-Size-Attachment.feature") FAILED.
Reason:
com.kms.katalon.core.exception.StepFailedException: Feature file 'Include/features/Governance-Module/Add-Idea/011-Upload-Large-Size-Attachment.feature' was failed
	at com.kms.katalon.core.keyword.internal.KeywordMain.stepFailed(KeywordMain.groovy:48)
	at com.kms.katalon.core.keyword.internal.KeywordMain.stepFailed(KeywordMain.groovy)
	at com.kms.katalon.core.keyword.internal.KeywordMain.stepFailed(KeywordMain.groovy:21)
	at com.kms.katalon.core.keyword.internal.KeywordMain$stepFailed$0.call(Unknown Source)
	at com.kms.katalon.core.cucumber.keyword.CucumberBuiltinKeywords$_runFeatureFile_closure1.doCall(CucumberBuiltinKeywords.groovy:82)
	at com.kms.katalon.core.cucumber.keyword.CucumberBuiltinKeywords$_runFeatureFile_closure1.doCall(CucumberBuiltinKeywords.groovy)
	at com.kms.katalon.core.keyword.internal.KeywordMain.runKeyword(KeywordMain.groovy:66)
	at com.kms.katalon.core.keyword.internal.KeywordMain$runKeyword.call(Unknown Source)
	at com.kms.katalon.core.cucumber.keyword.CucumberBuiltinKeywords.runFeatureFile(CucumberBuiltinKeywords.groovy:46)
	at com.kms.katalon.core.cucumber.keyword.CucumberBuiltinKeywords$runFeatureFile$0.callStatic(Unknown Source)
	at com.kms.katalon.core.cucumber.keyword.CucumberBuiltinKeywords.runFeatureFile(CucumberBuiltinKeywords.groovy:101)
	at com.kms.katalon.core.cucumber.keyword.CucumberBuiltinKeywords$runFeatureFile.call(Unknown Source)
	at 011-Upload-Large-Size-Attachment.run(011-Upload-Large-Size-Attachment:16)
	at com.kms.katalon.core.main.ScriptEngine.run(ScriptEngine.java:194)
	at com.kms.katalon.core.main.ScriptEngine.runScriptAsRawText(ScriptEngine.java:119)
	at com.kms.katalon.core.main.TestCaseExecutor.runScript(TestCaseExecutor.java:331)
	at com.kms.katalon.core.main.TestCaseExecutor.doExecute(TestCaseExecutor.java:322)
	at com.kms.katalon.core.main.TestCaseExecutor.processExecutionPhase(TestCaseExecutor.java:301)
	at com.kms.katalon.core.main.TestCaseExecutor.accessMainPhase(TestCaseExecutor.java:293)
	at com.kms.katalon.core.main.TestCaseExecutor.execute(TestCaseExecutor.java:227)
	at com.kms.katalon.core.main.TestSuiteExecutor.accessTestCaseMainPhase(TestSuiteExecutor.java:129)
	at com.kms.katalon.core.main.TestSuiteExecutor.accessTestSuiteMainPhase(TestSuiteExecutor.java:112)
	at com.kms.katalon.core.main.TestSuiteExecutor.execute(TestSuiteExecutor.java:81)
	at com.kms.katalon.core.main.TestCaseMain.startTestSuite(TestCaseMain.java:157)
	at com.kms.katalon.core.main.TestCaseMain$startTestSuite$0.call(Unknown Source)
	at TempTestSuite1558253547685.run(TempTestSuite1558253547685.groovy:35)


2019-05-19 11:17:34 - [MESSAGE][INFO] - Starting run keyword runFeatureFile: 'Include/features/Governance-Module/Add-Idea/011-Upload-Large-Size-Attachment.feature' and extract report to folder: 'C:\Users\HP\git\PMO-Web-Application\Reports\First-Test-Suite\20190519_111227/cucumber_report/1558253854697'...

2019-05-19 11:17:34 - [TEST_CASE][FAILED] - Start Test Case : SCENARIO Upload large size attachment (more than 2MB): SCENARIO Upload large size attachment (more than 2MB) FAILED.
Reason:
com.kms.katalon.core.exception.StepFailedException: Unable to upload file 'C:\Users\HP\Desktop\Automation book Mitsubishi.pdf' to object 'Object Repository/OOBObjects/IdeasListObjects/Upload-File'
	at com.kms.katalon.core.webui.keyword.internal.WebUIKeywordMain.stepFailed(WebUIKeywordMain.groovy:64)
	at com.kms.katalon.core.webui.keyword.internal.WebUIKeywordMain.runKeyword(WebUIKeywordMain.groovy:26)
	at com.kms.katalon.core.webui.keyword.builtin.UploadFileKeyword.uploadFile(UploadFileKeyword.groovy:87)
	at com.kms.katalon.core.webui.keyword.builtin.UploadFileKeyword.execute(UploadFileKeyword.groovy:68)
	at com.kms.katalon.core.keyword.internal.KeywordExecutor.executeKeywordForPlatform(KeywordExecutor.groovy:56)
	at com.kms.katalon.core.webui.keyword.WebUiBuiltInKeywords.uploadFile(WebUiBuiltInKeywords.groovy:2945)
	at com.kms.katalon.core.webui.keyword.WebUiBuiltInKeywords$uploadFile$11.call(Unknown Source)
	at com.pmo.steps.AddIdeaSteps.uploadLargeAttachment(AddIdeaSteps.groovy:274)
	at ✽.I want to add large file as Attachment(C:/Users/HP/git/PMO-Web-Application/Include/features/Governance-Module/Add-Idea/011-Upload-Large-Size-Attachment.feature:13)
Caused by: org.openqa.selenium.WebDriverException: invalid argument: File not found : C:\Users\HP\Desktop\Automation book Mitsubishi.pdf
  (Session info: chrome=74.0.3729.131)
  (Driver info: chromedriver=2.43.600210 (68dcf5eebde37173d4027fa8635e332711d2874a),platform=Windows NT 10.0.17134 x86_64) (WARNING: The server did not provide any stacktrace information)
Command duration or timeout: 0 milliseconds
Build info: version: '3.7.1', revision: '8a0099a', time: '2017-11-06T21:07:36.161Z'
System info: host: 'HP45G5', ip: '192.168.1.110', os.name: 'Windows 10', os.arch: 'amd64', os.version: '10.0', java.version: '1.8.0_181'
Driver info: com.kms.katalon.selenium.driver.CChromeDriver
Capabilities {acceptInsecureCerts: false, acceptSslCerts: false, applicationCacheEnabled: false, browserConnectionEnabled: false, browserName: chrome, chrome: {chromedriverVersion: 2.43.600210 (68dcf5eebde371..., userDataDir: C:\Users\HP\AppData\Local\T...}, cssSelectorsEnabled: true, databaseEnabled: false, goog:chromeOptions: {debuggerAddress: localhost:61950}, handlesAlerts: true, hasTouchScreen: false, javascriptEnabled: true, locationContextEnabled: true, mobileEmulationEnabled: false, nativeEvents: true, networkConnectionEnabled: false, pageLoadStrategy: normal, platform: XP, platformName: XP, rotatable: false, setWindowRect: true, takesHeapSnapshot: true, takesScreenshot: true, unexpectedAlertBehaviour: , unhandledPromptBehavior: , version: 74.0.3729.131, webStorageEnabled: true}
Session ID: 3301a610358739388bdefc53a4291773
	at org.openqa.selenium.remote.ErrorHandler.createThrowable(ErrorHandler.java:214)
	at org.openqa.selenium.remote.ErrorHandler.throwIfResponseFailed(ErrorHandler.java:166)
	at org.openqa.selenium.remote.http.JsonHttpResponseCodec.reconstructValue(JsonHttpResponseCodec.java:40)
	at org.openqa.selenium.remote.http.AbstractHttpResponseCodec.decode(AbstractHttpResponseCodec.java:80)
	at org.openqa.selenium.remote.http.AbstractHttpResponseCodec.decode(AbstractHttpResponseCodec.java:44)
	at org.openqa.selenium.remote.HttpCommandExecutor.execute(HttpCommandExecutor.java:164)
	at org.openqa.selenium.remote.service.DriverCommandExecutor.execute(DriverCommandExecutor.java:83)
	at org.openqa.selenium.remote.RemoteWebDriver.execute(RemoteWebDriver.java:600)
	at com.kms.katalon.selenium.driver.CChromeDriver.execute(CChromeDriver.java:20)
	at org.openqa.selenium.remote.RemoteWebElement.execute(RemoteWebElement.java:279)
	at org.openqa.selenium.remote.RemoteWebElement.sendKeys(RemoteWebElement.java:100)
	at com.kms.katalon.core.webui.keyword.builtin.UploadFileKeyword$_uploadFile_closure1.doCall(UploadFileKeyword.groovy:80)
	at com.kms.katalon.core.webui.keyword.builtin.UploadFileKeyword$_uploadFile_closure1.call(UploadFileKeyword.groovy)
	at com.kms.katalon.core.webui.keyword.internal.WebUIKeywordMain.runKeyword(WebUIKeywordMain.groovy:20)
	at com.kms.katalon.core.webui.keyword.builtin.UploadFileKeyword.uploadFile(UploadFileKeyword.groovy:87)
	at com.kms.katalon.core.webui.keyword.builtin.UploadFileKeyword.execute(UploadFileKeyword.groovy:68)
	at com.kms.katalon.core.keyword.internal.KeywordExecutor.executeKeywordForPlatform(KeywordExecutor.groovy:56)
	at com.kms.katalon.core.webui.keyword.WebUiBuiltInKeywords.uploadFile(WebUiBuiltInKeywords.groovy:2945)
	at com.kms.katalon.core.webui.keyword.WebUiBuiltInKeywords$uploadFile$11.call(Unknown Source)
	at com.pmo.steps.AddIdeaSteps.uploadLargeAttachment(AddIdeaSteps.groovy:274)
	at cucumber.runtime.Utils$1.call(Utils.java:26)
	at cucumber.runtime.Timeout.timeout(Timeout.java:16)
	at cucumber.runtime.Utils.invoke(Utils.java:20)
	at cucumber.runtime.java.JavaStepDefinition.execute(JavaStepDefinition.java:48)
	at cucumber.runtime.PickleStepDefinitionMatch.runStep(PickleStepDefinitionMatch.java:50)
	at cucumber.runner.TestStep.executeStep(TestStep.java:55)
	at cucumber.runner.TestStep.run(TestStep.java:42)
	at cucumber.runner.PickleStepTestStep.run(PickleStepTestStep.java:53)
	at cucumber.runner.TestCase.run(TestCase.java:47)
	at cucumber.runner.Runner.runPickle(Runner.java:44)
	at cucumber.runtime.Runtime.runFeature(Runtime.java:120)
	at cucumber.runtime.Runtime.run(Runtime.java:106)
	at cucumber.api.cli.Main.run(Main.java:35)
	at cucumber.api.cli.Main$run.call(Unknown Source)
	at com.kms.katalon.core.cucumber.keyword.CucumberBuiltinKeywords$_runFeatureFile_closure1.doCall(CucumberBuiltinKeywords.groovy:76)
	at com.kms.katalon.core.cucumber.keyword.CucumberBuiltinKeywords$_runFeatureFile_closure1.doCall(CucumberBuiltinKeywords.groovy)
	at com.kms.katalon.core.keyword.internal.KeywordMain.runKeyword(KeywordMain.groovy:66)
	at com.kms.katalon.core.keyword.internal.KeywordMain$runKeyword.call(Unknown Source)
	at com.kms.katalon.core.cucumber.keyword.CucumberBuiltinKeywords.runFeatureFile(CucumberBuiltinKeywords.groovy:46)
	at com.kms.katalon.core.cucumber.keyword.CucumberBuiltinKeywords$runFeatureFile$0.callStatic(Unknown Source)
	at com.kms.katalon.core.cucumber.keyword.CucumberBuiltinKeywords.runFeatureFile(CucumberBuiltinKeywords.groovy:101)
	at com.kms.katalon.core.cucumber.keyword.CucumberBuiltinKeywords$runFeatureFile.call(Unknown Source)
	at Script1557213525284.run(Script1557213525284.groovy:16)
	at com.kms.katalon.core.main.ScriptEngine.run(ScriptEngine.java:194)
	at com.kms.katalon.core.main.ScriptEngine.runScriptAsRawText(ScriptEngine.java:119)
	at com.kms.katalon.core.main.TestCaseExecutor.runScript(TestCaseExecutor.java:331)
	at com.kms.katalon.core.main.TestCaseExecutor.doExecute(TestCaseExecutor.java:322)
	at com.kms.katalon.core.main.TestCaseExecutor.processExecutionPhase(TestCaseExecutor.java:301)
	at com.kms.katalon.core.main.TestCaseExecutor.accessMainPhase(TestCaseExecutor.java:293)
	at com.kms.katalon.core.main.TestCaseExecutor.execute(TestCaseExecutor.java:227)
	at com.kms.katalon.core.main.TestSuiteExecutor.accessTestCaseMainPhase(TestSuiteExecutor.java:129)
	at com.kms.katalon.core.main.TestSuiteExecutor.accessTestSuiteMainPhase(TestSuiteExecutor.java:112)
	at com.kms.katalon.core.main.TestSuiteExecutor.execute(TestSuiteExecutor.java:81)
	at com.kms.katalon.core.main.TestCaseMain.startTestSuite(TestCaseMain.java:157)
	at com.kms.katalon.core.main.TestCaseMain$startTestSuite$0.call(Unknown Source)
	at TempTestSuite1558253547685.run(TempTestSuite1558253547685.groovy:35)


2019-05-19 11:17:34 - [TEST_STEP][PASSED] - I want to open browser: I want to open browser

2019-05-19 11:17:34 - [MESSAGE][INFO] - Starting 'Chrome' driver

2019-05-19 11:17:36 - [MESSAGE][PASSED] - Browser is opened with url: ''

2019-05-19 11:17:36 - [MESSAGE][PASSED] - Delete all cookies successfully

2019-05-19 11:17:36 - [MESSAGE][PASSED] - I want to open browser

2019-05-19 11:17:36 - [TEST_STEP][PASSED] - I want to maximize window: I want to maximize window

2019-05-19 11:17:38 - [MESSAGE][PASSED] - Current window maximized

2019-05-19 11:17:38 - [MESSAGE][PASSED] - I want to maximize window

2019-05-19 11:17:38 - [TEST_STEP][PASSED] - I want to go to OOB: I want to go to OOB

2019-05-19 11:17:39 - [MESSAGE][PASSED] - Navigate to 'https://pmoadmin:P@ssw0rd@dev5.cloudapp.net/OOB2/' successfully

2019-05-19 11:17:39 - [MESSAGE][PASSED] - I want to go to OOB

2019-05-19 11:17:39 - [TEST_STEP][PASSED] - I want to verify I'm in OOB main page: I want to verify I'm in OOB main page

2019-05-19 11:17:39 - [MESSAGE][WARNING] - Timeout '0' is invalid. Using default page load timeout: '30'

2019-05-19 11:17:47 - [MESSAGE][PASSED] - Object 'Object Repository/OOBObjects/HomepageObjects/OOBSideBar' is present

2019-05-19 11:17:47 - [MESSAGE][PASSED] - I want to verify I'm in OOB main page

2019-05-19 11:17:47 - [TEST_STEP][PASSED] - I want to go to ideas list page: I want to go to ideas list page

2019-05-19 11:17:53 - [MESSAGE][PASSED] - Object: 'Object Repository/OOBObjects/HomepageObjects/IdeasList' is clicked on

2019-05-19 11:17:53 - [MESSAGE][PASSED] - I want to go to ideas list page

2019-05-19 11:17:53 - [TEST_STEP][PASSED] - I want to click on Add New button: I want to click on Add New button

2019-05-19 11:17:55 - [MESSAGE][PASSED] - Object: 'Object Repository/OOBObjects/IdeasListObjects/AddNewIdeaButton' is clicked on

2019-05-19 11:17:55 - [MESSAGE][PASSED] - I want to click on Add New button

2019-05-19 11:17:55 - [TEST_STEP][FAILED] - I want to add large file as Attachment: I want to add large file as Attachment FAILED.
Reason:
com.kms.katalon.core.exception.StepFailedException: Unable to upload file 'C:\Users\HP\Desktop\Automation book Mitsubishi.pdf' to object 'Object Repository/OOBObjects/IdeasListObjects/Upload-File'
	at com.kms.katalon.core.webui.keyword.internal.WebUIKeywordMain.stepFailed(WebUIKeywordMain.groovy:64)
	at com.kms.katalon.core.webui.keyword.internal.WebUIKeywordMain.runKeyword(WebUIKeywordMain.groovy:26)
	at com.kms.katalon.core.webui.keyword.builtin.UploadFileKeyword.uploadFile(UploadFileKeyword.groovy:87)
	at com.kms.katalon.core.webui.keyword.builtin.UploadFileKeyword.execute(UploadFileKeyword.groovy:68)
	at com.kms.katalon.core.keyword.internal.KeywordExecutor.executeKeywordForPlatform(KeywordExecutor.groovy:56)
	at com.kms.katalon.core.webui.keyword.WebUiBuiltInKeywords.uploadFile(WebUiBuiltInKeywords.groovy:2945)
	at com.kms.katalon.core.webui.keyword.WebUiBuiltInKeywords$uploadFile$11.call(Unknown Source)
	at com.pmo.steps.AddIdeaSteps.uploadLargeAttachment(AddIdeaSteps.groovy:274)
	at ✽.I want to add large file as Attachment(C:/Users/HP/git/PMO-Web-Application/Include/features/Governance-Module/Add-Idea/011-Upload-Large-Size-Attachment.feature:13)
Caused by: org.openqa.selenium.WebDriverException: invalid argument: File not found : C:\Users\HP\Desktop\Automation book Mitsubishi.pdf
  (Session info: chrome=74.0.3729.131)
  (Driver info: chromedriver=2.43.600210 (68dcf5eebde37173d4027fa8635e332711d2874a),platform=Windows NT 10.0.17134 x86_64) (WARNING: The server did not provide any stacktrace information)
Command duration or timeout: 0 milliseconds
Build info: version: '3.7.1', revision: '8a0099a', time: '2017-11-06T21:07:36.161Z'
System info: host: 'HP45G5', ip: '192.168.1.110', os.name: 'Windows 10', os.arch: 'amd64', os.version: '10.0', java.version: '1.8.0_181'
Driver info: com.kms.katalon.selenium.driver.CChromeDriver
Capabilities {acceptInsecureCerts: false, acceptSslCerts: false, applicationCacheEnabled: false, browserConnectionEnabled: false, browserName: chrome, chrome: {chromedriverVersion: 2.43.600210 (68dcf5eebde371..., userDataDir: C:\Users\HP\AppData\Local\T...}, cssSelectorsEnabled: true, databaseEnabled: false, goog:chromeOptions: {debuggerAddress: localhost:61950}, handlesAlerts: true, hasTouchScreen: false, javascriptEnabled: true, locationContextEnabled: true, mobileEmulationEnabled: false, nativeEvents: true, networkConnectionEnabled: false, pageLoadStrategy: normal, platform: XP, platformName: XP, rotatable: false, setWindowRect: true, takesHeapSnapshot: true, takesScreenshot: true, unexpectedAlertBehaviour: , unhandledPromptBehavior: , version: 74.0.3729.131, webStorageEnabled: true}
Session ID: 3301a610358739388bdefc53a4291773
	at org.openqa.selenium.remote.ErrorHandler.createThrowable(ErrorHandler.java:214)
	at org.openqa.selenium.remote.ErrorHandler.throwIfResponseFailed(ErrorHandler.java:166)
	at org.openqa.selenium.remote.http.JsonHttpResponseCodec.reconstructValue(JsonHttpResponseCodec.java:40)
	at org.openqa.selenium.remote.http.AbstractHttpResponseCodec.decode(AbstractHttpResponseCodec.java:80)
	at org.openqa.selenium.remote.http.AbstractHttpResponseCodec.decode(AbstractHttpResponseCodec.java:44)
	at org.openqa.selenium.remote.HttpCommandExecutor.execute(HttpCommandExecutor.java:164)
	at org.openqa.selenium.remote.service.DriverCommandExecutor.execute(DriverCommandExecutor.java:83)
	at org.openqa.selenium.remote.RemoteWebDriver.execute(RemoteWebDriver.java:600)
	at com.kms.katalon.selenium.driver.CChromeDriver.execute(CChromeDriver.java:20)
	at org.openqa.selenium.remote.RemoteWebElement.execute(RemoteWebElement.java:279)
	at org.openqa.selenium.remote.RemoteWebElement.sendKeys(RemoteWebElement.java:100)
	at com.kms.katalon.core.webui.keyword.builtin.UploadFileKeyword$_uploadFile_closure1.doCall(UploadFileKeyword.groovy:80)
	at com.kms.katalon.core.webui.keyword.builtin.UploadFileKeyword$_uploadFile_closure1.call(UploadFileKeyword.groovy)
	at com.kms.katalon.core.webui.keyword.internal.WebUIKeywordMain.runKeyword(WebUIKeywordMain.groovy:20)
	at com.kms.katalon.core.webui.keyword.builtin.UploadFileKeyword.uploadFile(UploadFileKeyword.groovy:87)
	at com.kms.katalon.core.webui.keyword.builtin.UploadFileKeyword.execute(UploadFileKeyword.groovy:68)
	at com.kms.katalon.core.keyword.internal.KeywordExecutor.executeKeywordForPlatform(KeywordExecutor.groovy:56)
	at com.kms.katalon.core.webui.keyword.WebUiBuiltInKeywords.uploadFile(WebUiBuiltInKeywords.groovy:2945)
	at com.kms.katalon.core.webui.keyword.WebUiBuiltInKeywords$uploadFile$11.call(Unknown Source)
	at com.pmo.steps.AddIdeaSteps.uploadLargeAttachment(AddIdeaSteps.groovy:274)
	at cucumber.runtime.Utils$1.call(Utils.java:26)
	at cucumber.runtime.Timeout.timeout(Timeout.java:16)
	at cucumber.runtime.Utils.invoke(Utils.java:20)
	at cucumber.runtime.java.JavaStepDefinition.execute(JavaStepDefinition.java:48)
	at cucumber.runtime.PickleStepDefinitionMatch.runStep(PickleStepDefinitionMatch.java:50)
	at cucumber.runner.TestStep.executeStep(TestStep.java:55)
	at cucumber.runner.TestStep.run(TestStep.java:42)
	at cucumber.runner.PickleStepTestStep.run(PickleStepTestStep.java:53)
	at cucumber.runner.TestCase.run(TestCase.java:47)
	at cucumber.runner.Runner.runPickle(Runner.java:44)
	at cucumber.runtime.Runtime.runFeature(Runtime.java:120)
	at cucumber.runtime.Runtime.run(Runtime.java:106)
	at cucumber.api.cli.Main.run(Main.java:35)
	at cucumber.api.cli.Main$run.call(Unknown Source)
	at com.kms.katalon.core.cucumber.keyword.CucumberBuiltinKeywords$_runFeatureFile_closure1.doCall(CucumberBuiltinKeywords.groovy:76)
	at com.kms.katalon.core.cucumber.keyword.CucumberBuiltinKeywords$_runFeatureFile_closure1.doCall(CucumberBuiltinKeywords.groovy)
	at com.kms.katalon.core.keyword.internal.KeywordMain.runKeyword(KeywordMain.groovy:66)
	at com.kms.katalon.core.keyword.internal.KeywordMain$runKeyword.call(Unknown Source)
	at com.kms.katalon.core.cucumber.keyword.CucumberBuiltinKeywords.runFeatureFile(CucumberBuiltinKeywords.groovy:46)
	at com.kms.katalon.core.cucumber.keyword.CucumberBuiltinKeywords$runFeatureFile$0.callStatic(Unknown Source)
	at com.kms.katalon.core.cucumber.keyword.CucumberBuiltinKeywords.runFeatureFile(CucumberBuiltinKeywords.groovy:101)
	at com.kms.katalon.core.cucumber.keyword.CucumberBuiltinKeywords$runFeatureFile.call(Unknown Source)
	at Script1557213525284.run(Script1557213525284.groovy:16)
	at com.kms.katalon.core.main.ScriptEngine.run(ScriptEngine.java:194)
	at com.kms.katalon.core.main.ScriptEngine.runScriptAsRawText(ScriptEngine.java:119)
	at com.kms.katalon.core.main.TestCaseExecutor.runScript(TestCaseExecutor.java:331)
	at com.kms.katalon.core.main.TestCaseExecutor.doExecute(TestCaseExecutor.java:322)
	at com.kms.katalon.core.main.TestCaseExecutor.processExecutionPhase(TestCaseExecutor.java:301)
	at com.kms.katalon.core.main.TestCaseExecutor.accessMainPhase(TestCaseExecutor.java:293)
	at com.kms.katalon.core.main.TestCaseExecutor.execute(TestCaseExecutor.java:227)
	at com.kms.katalon.core.main.TestSuiteExecutor.accessTestCaseMainPhase(TestSuiteExecutor.java:129)
	at com.kms.katalon.core.main.TestSuiteExecutor.accessTestSuiteMainPhase(TestSuiteExecutor.java:112)
	at com.kms.katalon.core.main.TestSuiteExecutor.execute(TestSuiteExecutor.java:81)
	at com.kms.katalon.core.main.TestCaseMain.startTestSuite(TestCaseMain.java:157)
	at com.kms.katalon.core.main.TestCaseMain$startTestSuite$0.call(Unknown Source)
	at TempTestSuite1558253547685.run(TempTestSuite1558253547685.groovy:35)


2019-05-19 11:17:55 - [MESSAGE][PASSED] - Object: 'Object Repository/OOBObjects/IdeasListObjects/Add-New-Document-Button' is clicked on

2019-05-19 11:17:55 - [MESSAGE][WARNING] - Timeout '0' is invalid. Using default page load timeout: '30'

2019-05-19 11:17:55 - [MESSAGE][PASSED] - Scroll to object 'Object Repository/OOBObjects/IdeasListObjects/Add-New-Document-Button' successfully

2019-05-19 11:17:55 - [MESSAGE][PASSED] - Text 'test1' is set on object 'Object Repository/OOBObjects/IdeasListObjects/AttachmentNameField'

2019-05-19 11:17:56 - [MESSAGE][FAILED] - Unable to upload file 'C:\Users\HP\Desktop\Automation book Mitsubishi.pdf' to object 'Object Repository/OOBObjects/IdeasListObjects/Upload-File' (Root cause: com.kms.katalon.core.exception.StepFailedException: Unable to upload file 'C:\Users\HP\Desktop\Automation book Mitsubishi.pdf' to object 'Object Repository/OOBObjects/IdeasListObjects/Upload-File'
	at com.kms.katalon.core.webui.keyword.internal.WebUIKeywordMain.stepFailed(WebUIKeywordMain.groovy:64)
	at com.kms.katalon.core.webui.keyword.internal.WebUIKeywordMain.runKeyword(WebUIKeywordMain.groovy:26)
	at com.kms.katalon.core.webui.keyword.builtin.UploadFileKeyword.uploadFile(UploadFileKeyword.groovy:87)
	at com.kms.katalon.core.webui.keyword.builtin.UploadFileKeyword.execute(UploadFileKeyword.groovy:68)
	at com.kms.katalon.core.keyword.internal.KeywordExecutor.executeKeywordForPlatform(KeywordExecutor.groovy:56)
	at com.kms.katalon.core.webui.keyword.WebUiBuiltInKeywords.uploadFile(WebUiBuiltInKeywords.groovy:2945)
	at com.kms.katalon.core.webui.keyword.WebUiBuiltInKeywords$uploadFile$11.call(Unknown Source)
	at com.pmo.steps.AddIdeaSteps.uploadLargeAttachment(AddIdeaSteps.groovy:274)
	at cucumber.runtime.Utils$1.call(Utils.java:26)
	at cucumber.runtime.Timeout.timeout(Timeout.java:16)
	at cucumber.runtime.Utils.invoke(Utils.java:20)
	at cucumber.runtime.java.JavaStepDefinition.execute(JavaStepDefinition.java:48)
	at cucumber.runtime.PickleStepDefinitionMatch.runStep(PickleStepDefinitionMatch.java:50)
	at cucumber.runner.TestStep.executeStep(TestStep.java:55)
	at cucumber.runner.TestStep.run(TestStep.java:42)
	at cucumber.runner.PickleStepTestStep.run(PickleStepTestStep.java:53)
	at cucumber.runner.TestCase.run(TestCase.java:47)
	at cucumber.runner.Runner.runPickle(Runner.java:44)
	at cucumber.runtime.Runtime.runFeature(Runtime.java:120)
	at cucumber.runtime.Runtime.run(Runtime.java:106)
	at cucumber.api.cli.Main.run(Main.java:35)
	at cucumber.api.cli.Main$run.call(Unknown Source)
	at com.kms.katalon.core.cucumber.keyword.CucumberBuiltinKeywords$_runFeatureFile_closure1.doCall(CucumberBuiltinKeywords.groovy:76)
	at com.kms.katalon.core.cucumber.keyword.CucumberBuiltinKeywords$_runFeatureFile_closure1.doCall(CucumberBuiltinKeywords.groovy)
	at com.kms.katalon.core.keyword.internal.KeywordMain.runKeyword(KeywordMain.groovy:66)
	at com.kms.katalon.core.keyword.internal.KeywordMain$runKeyword.call(Unknown Source)
	at com.kms.katalon.core.cucumber.keyword.CucumberBuiltinKeywords.runFeatureFile(CucumberBuiltinKeywords.groovy:46)
	at com.kms.katalon.core.cucumber.keyword.CucumberBuiltinKeywords$runFeatureFile$0.callStatic(Unknown Source)
	at com.kms.katalon.core.cucumber.keyword.CucumberBuiltinKeywords.runFeatureFile(CucumberBuiltinKeywords.groovy:101)
	at com.kms.katalon.core.cucumber.keyword.CucumberBuiltinKeywords$runFeatureFile.call(Unknown Source)
	at 011-Upload-Large-Size-Attachment.run(011-Upload-Large-Size-Attachment:16)
	at com.kms.katalon.core.main.ScriptEngine.run(ScriptEngine.java:194)
	at com.kms.katalon.core.main.ScriptEngine.runScriptAsRawText(ScriptEngine.java:119)
	at com.kms.katalon.core.main.TestCaseExecutor.runScript(TestCaseExecutor.java:331)
	at com.kms.katalon.core.main.TestCaseExecutor.doExecute(TestCaseExecutor.java:322)
	at com.kms.katalon.core.main.TestCaseExecutor.processExecutionPhase(TestCaseExecutor.java:301)
	at com.kms.katalon.core.main.TestCaseExecutor.accessMainPhase(TestCaseExecutor.java:293)
	at com.kms.katalon.core.main.TestCaseExecutor.execute(TestCaseExecutor.java:227)
	at com.kms.katalon.core.main.TestSuiteExecutor.accessTestCaseMainPhase(TestSuiteExecutor.java:129)
	at com.kms.katalon.core.main.TestSuiteExecutor.accessTestSuiteMainPhase(TestSuiteExecutor.java:112)
	at com.kms.katalon.core.main.TestSuiteExecutor.execute(TestSuiteExecutor.java:81)
	at com.kms.katalon.core.main.TestCaseMain.startTestSuite(TestCaseMain.java:157)
	at com.kms.katalon.core.main.TestCaseMain$startTestSuite$0.call(Unknown Source)
	at TempTestSuite1558253547685.run(TempTestSuite1558253547685.groovy:35)
Caused by: org.openqa.selenium.WebDriverException: invalid argument: File not found : C:\Users\HP\Desktop\Automation book Mitsubishi.pdf
  (Session info: chrome=74.0.3729.131)
  (Driver info: chromedriver=2.43.600210 (68dcf5eebde37173d4027fa8635e332711d2874a),platform=Windows NT 10.0.17134 x86_64) (WARNING: The server did not provide any stacktrace information)
Command duration or timeout: 0 milliseconds
Build info: version: '3.7.1', revision: '8a0099a', time: '2017-11-06T21:07:36.161Z'
System info: host: 'HP45G5', ip: '192.168.1.110', os.name: 'Windows 10', os.arch: 'amd64', os.version: '10.0', java.version: '1.8.0_181'
Driver info: com.kms.katalon.selenium.driver.CChromeDriver
Capabilities {acceptInsecureCerts: false, acceptSslCerts: false, applicationCacheEnabled: false, browserConnectionEnabled: false, browserName: chrome, chrome: {chromedriverVersion: 2.43.600210 (68dcf5eebde371..., userDataDir: C:\Users\HP\AppData\Local\T...}, cssSelectorsEnabled: true, databaseEnabled: false, goog:chromeOptions: {debuggerAddress: localhost:61950}, handlesAlerts: true, hasTouchScreen: false, javascriptEnabled: true, locationContextEnabled: true, mobileEmulationEnabled: false, nativeEvents: true, networkConnectionEnabled: false, pageLoadStrategy: normal, platform: XP, platformName: XP, rotatable: false, setWindowRect: true, takesHeapSnapshot: true, takesScreenshot: true, unexpectedAlertBehaviour: , unhandledPromptBehavior: , version: 74.0.3729.131, webStorageEnabled: true}
Session ID: 3301a610358739388bdefc53a4291773
	at org.openqa.selenium.remote.ErrorHandler.createThrowable(ErrorHandler.java:214)
	at org.openqa.selenium.remote.ErrorHandler.throwIfResponseFailed(ErrorHandler.java:166)
	at org.openqa.selenium.remote.http.JsonHttpResponseCodec.reconstructValue(JsonHttpResponseCodec.java:40)
	at org.openqa.selenium.remote.http.AbstractHttpResponseCodec.decode(AbstractHttpResponseCodec.java:80)
	at org.openqa.selenium.remote.http.AbstractHttpResponseCodec.decode(AbstractHttpResponseCodec.java:44)
	at org.openqa.selenium.remote.HttpCommandExecutor.execute(HttpCommandExecutor.java:164)
	at org.openqa.selenium.remote.service.DriverCommandExecutor.execute(DriverCommandExecutor.java:83)
	at org.openqa.selenium.remote.RemoteWebDriver.execute(RemoteWebDriver.java:600)
	at com.kms.katalon.selenium.driver.CChromeDriver.execute(CChromeDriver.java:20)
	at org.openqa.selenium.remote.RemoteWebElement.execute(RemoteWebElement.java:279)
	at org.openqa.selenium.remote.RemoteWebElement.sendKeys(RemoteWebElement.java:100)
	at com.kms.katalon.core.webui.keyword.builtin.UploadFileKeyword$_uploadFile_closure1.doCall(UploadFileKeyword.groovy:80)
	at com.kms.katalon.core.webui.keyword.builtin.UploadFileKeyword$_uploadFile_closure1.call(UploadFileKeyword.groovy)
	at com.kms.katalon.core.webui.keyword.internal.WebUIKeywordMain.runKeyword(WebUIKeywordMain.groovy:20)
	at com.kms.katalon.core.webui.keyword.builtin.UploadFileKeyword.uploadFile(UploadFileKeyword.groovy:87)
	at com.kms.katalon.core.webui.keyword.builtin.UploadFileKeyword.execute(UploadFileKeyword.groovy:68)
	at com.kms.katalon.core.keyword.internal.KeywordExecutor.executeKeywordForPlatform(KeywordExecutor.groovy:56)
	at com.kms.katalon.core.webui.keyword.WebUiBuiltInKeywords.uploadFile(WebUiBuiltInKeywords.groovy:2945)
	at com.kms.katalon.core.webui.keyword.WebUiBuiltInKeywords$uploadFile$11.call(Unknown Source)
	at com.pmo.steps.AddIdeaSteps.uploadLargeAttachment(AddIdeaSteps.groovy:274)
	at cucumber.runtime.Utils$1.call(Utils.java:26)
	at cucumber.runtime.Timeout.timeout(Timeout.java:16)
	at cucumber.runtime.Utils.invoke(Utils.java:20)
	at cucumber.runtime.java.JavaStepDefinition.execute(JavaStepDefinition.java:48)
	at cucumber.runtime.PickleStepDefinitionMatch.runStep(PickleStepDefinitionMatch.java:50)
	at cucumber.runner.TestStep.executeStep(TestStep.java:55)
	at cucumber.runner.TestStep.run(TestStep.java:42)
	at cucumber.runner.PickleStepTestStep.run(PickleStepTestStep.java:53)
	at cucumber.runner.TestCase.run(TestCase.java:47)
	at cucumber.runner.Runner.runPickle(Runner.java:44)
	at cucumber.runtime.Runtime.runFeature(Runtime.java:120)
	at cucumber.runtime.Runtime.run(Runtime.java:106)
	at cucumber.api.cli.Main.run(Main.java:35)
	at cucumber.api.cli.Main$run.call(Unknown Source)
	at com.kms.katalon.core.cucumber.keyword.CucumberBuiltinKeywords$_runFeatureFile_closure1.doCall(CucumberBuiltinKeywords.groovy:76)
	at com.kms.katalon.core.cucumber.keyword.CucumberBuiltinKeywords$_runFeatureFile_closure1.doCall(CucumberBuiltinKeywords.groovy)
	at com.kms.katalon.core.keyword.internal.KeywordMain.runKeyword(KeywordMain.groovy:66)
	at com.kms.katalon.core.keyword.internal.KeywordMain$runKeyword.call(Unknown Source)
	at com.kms.katalon.core.cucumber.keyword.CucumberBuiltinKeywords.runFeatureFile(CucumberBuiltinKeywords.groovy:46)
	at com.kms.katalon.core.cucumber.keyword.CucumberBuiltinKeywords$runFeatureFile$0.callStatic(Unknown Source)
	at com.kms.katalon.core.cucumber.keyword.CucumberBuiltinKeywords.runFeatureFile(CucumberBuiltinKeywords.groovy:101)
	at com.kms.katalon.core.cucumber.keyword.CucumberBuiltinKeywords$runFeatureFile.call(Unknown Source)
	at Script1557213525284.run(Script1557213525284.groovy:16)
	... 13 more
)
[[ATTACHMENT|C:\\Users\\HP\\git\\PMO-Web-Application\\Reports\\First-Test-Suite\\20190519_111227\\1558253875802.png]]

2019-05-19 11:17:56 - [MESSAGE][FAILED] - I want to add large file as Attachment FAILED.
Reason:
com.kms.katalon.core.exception.StepFailedException: Unable to upload file 'C:\Users\HP\Desktop\Automation book Mitsubishi.pdf' to object 'Object Repository/OOBObjects/IdeasListObjects/Upload-File'
	at com.kms.katalon.core.webui.keyword.internal.WebUIKeywordMain.stepFailed(WebUIKeywordMain.groovy:64)
	at com.kms.katalon.core.webui.keyword.internal.WebUIKeywordMain.runKeyword(WebUIKeywordMain.groovy:26)
	at com.kms.katalon.core.webui.keyword.builtin.UploadFileKeyword.uploadFile(UploadFileKeyword.groovy:87)
	at com.kms.katalon.core.webui.keyword.builtin.UploadFileKeyword.execute(UploadFileKeyword.groovy:68)
	at com.kms.katalon.core.keyword.internal.KeywordExecutor.executeKeywordForPlatform(KeywordExecutor.groovy:56)
	at com.kms.katalon.core.webui.keyword.WebUiBuiltInKeywords.uploadFile(WebUiBuiltInKeywords.groovy:2945)
	at com.kms.katalon.core.webui.keyword.WebUiBuiltInKeywords$uploadFile$11.call(Unknown Source)
	at com.pmo.steps.AddIdeaSteps.uploadLargeAttachment(AddIdeaSteps.groovy:274)
	at ✽.I want to add large file as Attachment(C:/Users/HP/git/PMO-Web-Application/Include/features/Governance-Module/Add-Idea/011-Upload-Large-Size-Attachment.feature:13)
Caused by: org.openqa.selenium.WebDriverException: invalid argument: File not found : C:\Users\HP\Desktop\Automation book Mitsubishi.pdf
  (Session info: chrome=74.0.3729.131)
  (Driver info: chromedriver=2.43.600210 (68dcf5eebde37173d4027fa8635e332711d2874a),platform=Windows NT 10.0.17134 x86_64) (WARNING: The server did not provide any stacktrace information)
Command duration or timeout: 0 milliseconds
Build info: version: '3.7.1', revision: '8a0099a', time: '2017-11-06T21:07:36.161Z'
System info: host: 'HP45G5', ip: '192.168.1.110', os.name: 'Windows 10', os.arch: 'amd64', os.version: '10.0', java.version: '1.8.0_181'
Driver info: com.kms.katalon.selenium.driver.CChromeDriver
Capabilities {acceptInsecureCerts: false, acceptSslCerts: false, applicationCacheEnabled: false, browserConnectionEnabled: false, browserName: chrome, chrome: {chromedriverVersion: 2.43.600210 (68dcf5eebde371..., userDataDir: C:\Users\HP\AppData\Local\T...}, cssSelectorsEnabled: true, databaseEnabled: false, goog:chromeOptions: {debuggerAddress: localhost:61950}, handlesAlerts: true, hasTouchScreen: false, javascriptEnabled: true, locationContextEnabled: true, mobileEmulationEnabled: false, nativeEvents: true, networkConnectionEnabled: false, pageLoadStrategy: normal, platform: XP, platformName: XP, rotatable: false, setWindowRect: true, takesHeapSnapshot: true, takesScreenshot: true, unexpectedAlertBehaviour: , unhandledPromptBehavior: , version: 74.0.3729.131, webStorageEnabled: true}
Session ID: 3301a610358739388bdefc53a4291773
	at org.openqa.selenium.remote.ErrorHandler.createThrowable(ErrorHandler.java:214)
	at org.openqa.selenium.remote.ErrorHandler.throwIfResponseFailed(ErrorHandler.java:166)
	at org.openqa.selenium.remote.http.JsonHttpResponseCodec.reconstructValue(JsonHttpResponseCodec.java:40)
	at org.openqa.selenium.remote.http.AbstractHttpResponseCodec.decode(AbstractHttpResponseCodec.java:80)
	at org.openqa.selenium.remote.http.AbstractHttpResponseCodec.decode(AbstractHttpResponseCodec.java:44)
	at org.openqa.selenium.remote.HttpCommandExecutor.execute(HttpCommandExecutor.java:164)
	at org.openqa.selenium.remote.service.DriverCommandExecutor.execute(DriverCommandExecutor.java:83)
	at org.openqa.selenium.remote.RemoteWebDriver.execute(RemoteWebDriver.java:600)
	at com.kms.katalon.selenium.driver.CChromeDriver.execute(CChromeDriver.java:20)
	at org.openqa.selenium.remote.RemoteWebElement.execute(RemoteWebElement.java:279)
	at org.openqa.selenium.remote.RemoteWebElement.sendKeys(RemoteWebElement.java:100)
	at com.kms.katalon.core.webui.keyword.builtin.UploadFileKeyword$_uploadFile_closure1.doCall(UploadFileKeyword.groovy:80)
	at com.kms.katalon.core.webui.keyword.builtin.UploadFileKeyword$_uploadFile_closure1.call(UploadFileKeyword.groovy)
	at com.kms.katalon.core.webui.keyword.internal.WebUIKeywordMain.runKeyword(WebUIKeywordMain.groovy:20)
	at com.kms.katalon.core.webui.keyword.builtin.UploadFileKeyword.uploadFile(UploadFileKeyword.groovy:87)
	at com.kms.katalon.core.webui.keyword.builtin.UploadFileKeyword.execute(UploadFileKeyword.groovy:68)
	at com.kms.katalon.core.keyword.internal.KeywordExecutor.executeKeywordForPlatform(KeywordExecutor.groovy:56)
	at com.kms.katalon.core.webui.keyword.WebUiBuiltInKeywords.uploadFile(WebUiBuiltInKeywords.groovy:2945)
	at com.kms.katalon.core.webui.keyword.WebUiBuiltInKeywords$uploadFile$11.call(Unknown Source)
	at com.pmo.steps.AddIdeaSteps.uploadLargeAttachment(AddIdeaSteps.groovy:274)
	at cucumber.runtime.Utils$1.call(Utils.java:26)
	at cucumber.runtime.Timeout.timeout(Timeout.java:16)
	at cucumber.runtime.Utils.invoke(Utils.java:20)
	at cucumber.runtime.java.JavaStepDefinition.execute(JavaStepDefinition.java:48)
	at cucumber.runtime.PickleStepDefinitionMatch.runStep(PickleStepDefinitionMatch.java:50)
	at cucumber.runner.TestStep.executeStep(TestStep.java:55)
	at cucumber.runner.TestStep.run(TestStep.java:42)
	at cucumber.runner.PickleStepTestStep.run(PickleStepTestStep.java:53)
	at cucumber.runner.TestCase.run(TestCase.java:47)
	at cucumber.runner.Runner.runPickle(Runner.java:44)
	at cucumber.runtime.Runtime.runFeature(Runtime.java:120)
	at cucumber.runtime.Runtime.run(Runtime.java:106)
	at cucumber.api.cli.Main.run(Main.java:35)
	at cucumber.api.cli.Main$run.call(Unknown Source)
	at com.kms.katalon.core.cucumber.keyword.CucumberBuiltinKeywords$_runFeatureFile_closure1.doCall(CucumberBuiltinKeywords.groovy:76)
	at com.kms.katalon.core.cucumber.keyword.CucumberBuiltinKeywords$_runFeatureFile_closure1.doCall(CucumberBuiltinKeywords.groovy)
	at com.kms.katalon.core.keyword.internal.KeywordMain.runKeyword(KeywordMain.groovy:66)
	at com.kms.katalon.core.keyword.internal.KeywordMain$runKeyword.call(Unknown Source)
	at com.kms.katalon.core.cucumber.keyword.CucumberBuiltinKeywords.runFeatureFile(CucumberBuiltinKeywords.groovy:46)
	at com.kms.katalon.core.cucumber.keyword.CucumberBuiltinKeywords$runFeatureFile$0.callStatic(Unknown Source)
	at com.kms.katalon.core.cucumber.keyword.CucumberBuiltinKeywords.runFeatureFile(CucumberBuiltinKeywords.groovy:101)
	at com.kms.katalon.core.cucumber.keyword.CucumberBuiltinKeywords$runFeatureFile.call(Unknown Source)
	at Script1557213525284.run(Script1557213525284.groovy:16)
	at com.kms.katalon.core.main.ScriptEngine.run(ScriptEngine.java:194)
	at com.kms.katalon.core.main.ScriptEngine.runScriptAsRawText(ScriptEngine.java:119)
	at com.kms.katalon.core.main.TestCaseExecutor.runScript(TestCaseExecutor.java:331)
	at com.kms.katalon.core.main.TestCaseExecutor.doExecute(TestCaseExecutor.java:322)
	at com.kms.katalon.core.main.TestCaseExecutor.processExecutionPhase(TestCaseExecutor.java:301)
	at com.kms.katalon.core.main.TestCaseExecutor.accessMainPhase(TestCaseExecutor.java:293)
	at com.kms.katalon.core.main.TestCaseExecutor.execute(TestCaseExecutor.java:227)
	at com.kms.katalon.core.main.TestSuiteExecutor.accessTestCaseMainPhase(TestSuiteExecutor.java:129)
	at com.kms.katalon.core.main.TestSuiteExecutor.accessTestSuiteMainPhase(TestSuiteExecutor.java:112)
	at com.kms.katalon.core.main.TestSuiteExecutor.execute(TestSuiteExecutor.java:81)
	at com.kms.katalon.core.main.TestCaseMain.startTestSuite(TestCaseMain.java:157)
	at com.kms.katalon.core.main.TestCaseMain$startTestSuite$0.call(Unknown Source)
	at TempTestSuite1558253547685.run(TempTestSuite1558253547685.groovy:35)


2019-05-19 11:17:56 - [TEST_STEP][NOT_RUN] - I want to check large file error message: I want to check large file error message

2019-05-19 11:17:56 - [MESSAGE][NOT_RUN] - I want to check large file error message

2019-05-19 11:17:56 - [TEST_STEP][NOT_RUN] - I want to verify Attachment not added: I want to verify Attachment not added

2019-05-19 11:17:56 - [MESSAGE][NOT_RUN] - I want to verify Attachment not added

2019-05-19 11:17:56 - [TEST_STEP][NOT_RUN] - I want to close browser: I want to close browser

2019-05-19 11:17:56 - [MESSAGE][NOT_RUN] - I want to close browser

2019-05-19 11:17:56 - [MESSAGE][FAILED] - Feature file 'Include/features/Governance-Module/Add-Idea/011-Upload-Large-Size-Attachment.feature' was failed

2019-05-19 11:17:56 - [MESSAGE][FAILED] - Keyword runFeatureFile was failed (Root cause: com.kms.katalon.core.exception.StepFailedException: Feature file 'Include/features/Governance-Module/Add-Idea/011-Upload-Large-Size-Attachment.feature' was failed
	at com.kms.katalon.core.keyword.internal.KeywordMain.stepFailed(KeywordMain.groovy:48)
	at com.kms.katalon.core.keyword.internal.KeywordMain.stepFailed(KeywordMain.groovy)
	at com.kms.katalon.core.keyword.internal.KeywordMain.stepFailed(KeywordMain.groovy:21)
	at com.kms.katalon.core.keyword.internal.KeywordMain$stepFailed$0.call(Unknown Source)
	at com.kms.katalon.core.cucumber.keyword.CucumberBuiltinKeywords$_runFeatureFile_closure1.doCall(CucumberBuiltinKeywords.groovy:82)
	at com.kms.katalon.core.cucumber.keyword.CucumberBuiltinKeywords$_runFeatureFile_closure1.doCall(CucumberBuiltinKeywords.groovy)
	at com.kms.katalon.core.keyword.internal.KeywordMain.runKeyword(KeywordMain.groovy:66)
	at com.kms.katalon.core.keyword.internal.KeywordMain$runKeyword.call(Unknown Source)
	at com.kms.katalon.core.cucumber.keyword.CucumberBuiltinKeywords.runFeatureFile(CucumberBuiltinKeywords.groovy:46)
	at com.kms.katalon.core.cucumber.keyword.CucumberBuiltinKeywords$runFeatureFile$0.callStatic(Unknown Source)
	at com.kms.katalon.core.cucumber.keyword.CucumberBuiltinKeywords.runFeatureFile(CucumberBuiltinKeywords.groovy:101)
	at com.kms.katalon.core.cucumber.keyword.CucumberBuiltinKeywords$runFeatureFile.call(Unknown Source)
	at 011-Upload-Large-Size-Attachment.run(011-Upload-Large-Size-Attachment:16)
	at com.kms.katalon.core.main.ScriptEngine.run(ScriptEngine.java:194)
	at com.kms.katalon.core.main.ScriptEngine.runScriptAsRawText(ScriptEngine.java:119)
	at com.kms.katalon.core.main.TestCaseExecutor.runScript(TestCaseExecutor.java:331)
	at com.kms.katalon.core.main.TestCaseExecutor.doExecute(TestCaseExecutor.java:322)
	at com.kms.katalon.core.main.TestCaseExecutor.processExecutionPhase(TestCaseExecutor.java:301)
	at com.kms.katalon.core.main.TestCaseExecutor.accessMainPhase(TestCaseExecutor.java:293)
	at com.kms.katalon.core.main.TestCaseExecutor.execute(TestCaseExecutor.java:227)
	at com.kms.katalon.core.main.TestSuiteExecutor.accessTestCaseMainPhase(TestSuiteExecutor.java:129)
	at com.kms.katalon.core.main.TestSuiteExecutor.accessTestSuiteMainPhase(TestSuiteExecutor.java:112)
	at com.kms.katalon.core.main.TestSuiteExecutor.execute(TestSuiteExecutor.java:81)
	at com.kms.katalon.core.main.TestCaseMain.startTestSuite(TestCaseMain.java:157)
	at com.kms.katalon.core.main.TestCaseMain$startTestSuite$0.call(Unknown Source)
	at TempTestSuite1558253547685.run(TempTestSuite1558253547685.groovy:35)
)

2019-05-19 11:17:56 - [MESSAGE][FAILED] - runFeatureFile("Include/features/Governance-Module/Add-Idea/011-Upload-Large-Size-Attachment.feature") FAILED.
Reason:
com.kms.katalon.core.exception.StepFailedException: Feature file 'Include/features/Governance-Module/Add-Idea/011-Upload-Large-Size-Attachment.feature' was failed
	at com.kms.katalon.core.keyword.internal.KeywordMain.stepFailed(KeywordMain.groovy:48)
	at com.kms.katalon.core.keyword.internal.KeywordMain.stepFailed(KeywordMain.groovy)
	at com.kms.katalon.core.keyword.internal.KeywordMain.stepFailed(KeywordMain.groovy:21)
	at com.kms.katalon.core.keyword.internal.KeywordMain$stepFailed$0.call(Unknown Source)
	at com.kms.katalon.core.cucumber.keyword.CucumberBuiltinKeywords$_runFeatureFile_closure1.doCall(CucumberBuiltinKeywords.groovy:82)
	at com.kms.katalon.core.cucumber.keyword.CucumberBuiltinKeywords$_runFeatureFile_closure1.doCall(CucumberBuiltinKeywords.groovy)
	at com.kms.katalon.core.keyword.internal.KeywordMain.runKeyword(KeywordMain.groovy:66)
	at com.kms.katalon.core.keyword.internal.KeywordMain$runKeyword.call(Unknown Source)
	at com.kms.katalon.core.cucumber.keyword.CucumberBuiltinKeywords.runFeatureFile(CucumberBuiltinKeywords.groovy:46)
	at com.kms.katalon.core.cucumber.keyword.CucumberBuiltinKeywords$runFeatureFile$0.callStatic(Unknown Source)
	at com.kms.katalon.core.cucumber.keyword.CucumberBuiltinKeywords.runFeatureFile(CucumberBuiltinKeywords.groovy:101)
	at com.kms.katalon.core.cucumber.keyword.CucumberBuiltinKeywords$runFeatureFile.call(Unknown Source)
	at 011-Upload-Large-Size-Attachment.run(011-Upload-Large-Size-Attachment:16)
	at com.kms.katalon.core.main.ScriptEngine.run(ScriptEngine.java:194)
	at com.kms.katalon.core.main.ScriptEngine.runScriptAsRawText(ScriptEngine.java:119)
	at com.kms.katalon.core.main.TestCaseExecutor.runScript(TestCaseExecutor.java:331)
	at com.kms.katalon.core.main.TestCaseExecutor.doExecute(TestCaseExecutor.java:322)
	at com.kms.katalon.core.main.TestCaseExecutor.processExecutionPhase(TestCaseExecutor.java:301)
	at com.kms.katalon.core.main.TestCaseExecutor.accessMainPhase(TestCaseExecutor.java:293)
	at com.kms.katalon.core.main.TestCaseExecutor.execute(TestCaseExecutor.java:227)
	at com.kms.katalon.core.main.TestSuiteExecutor.accessTestCaseMainPhase(TestSuiteExecutor.java:129)
	at com.kms.katalon.core.main.TestSuiteExecutor.accessTestSuiteMainPhase(TestSuiteExecutor.java:112)
	at com.kms.katalon.core.main.TestSuiteExecutor.execute(TestSuiteExecutor.java:81)
	at com.kms.katalon.core.main.TestCaseMain.startTestSuite(TestCaseMain.java:157)
	at com.kms.katalon.core.main.TestCaseMain$startTestSuite$0.call(Unknown Source)
	at TempTestSuite1558253547685.run(TempTestSuite1558253547685.groovy:35)]]></system-out>
         <system-err><![CDATA[2019-05-19 11:17:34 - [TEST_CASE][FAILED] - Test Cases/Add-Idea-Test-Cases/011-Upload-Large-Size-Attachment: Test Cases/Add-Idea-Test-Cases/011-Upload-Large-Size-Attachment FAILED.
Reason:
com.kms.katalon.core.exception.StepFailedException: Feature file 'Include/features/Governance-Module/Add-Idea/011-Upload-Large-Size-Attachment.feature' was failed
	at com.kms.katalon.core.keyword.internal.KeywordMain.stepFailed(KeywordMain.groovy:48)
	at com.kms.katalon.core.keyword.internal.KeywordMain.stepFailed(KeywordMain.groovy)
	at com.kms.katalon.core.keyword.internal.KeywordMain.stepFailed(KeywordMain.groovy:21)
	at com.kms.katalon.core.keyword.internal.KeywordMain$stepFailed$0.call(Unknown Source)
	at com.kms.katalon.core.cucumber.keyword.CucumberBuiltinKeywords$_runFeatureFile_closure1.doCall(CucumberBuiltinKeywords.groovy:82)
	at com.kms.katalon.core.cucumber.keyword.CucumberBuiltinKeywords$_runFeatureFile_closure1.doCall(CucumberBuiltinKeywords.groovy)
	at com.kms.katalon.core.keyword.internal.KeywordMain.runKeyword(KeywordMain.groovy:66)
	at com.kms.katalon.core.keyword.internal.KeywordMain$runKeyword.call(Unknown Source)
	at com.kms.katalon.core.cucumber.keyword.CucumberBuiltinKeywords.runFeatureFile(CucumberBuiltinKeywords.groovy:46)
	at com.kms.katalon.core.cucumber.keyword.CucumberBuiltinKeywords$runFeatureFile$0.callStatic(Unknown Source)
	at com.kms.katalon.core.cucumber.keyword.CucumberBuiltinKeywords.runFeatureFile(CucumberBuiltinKeywords.groovy:101)
	at com.kms.katalon.core.cucumber.keyword.CucumberBuiltinKeywords$runFeatureFile.call(Unknown Source)
	at 011-Upload-Large-Size-Attachment.run(011-Upload-Large-Size-Attachment:16)
	at com.kms.katalon.core.main.ScriptEngine.run(ScriptEngine.java:194)
	at com.kms.katalon.core.main.ScriptEngine.runScriptAsRawText(ScriptEngine.java:119)
	at com.kms.katalon.core.main.TestCaseExecutor.runScript(TestCaseExecutor.java:331)
	at com.kms.katalon.core.main.TestCaseExecutor.doExecute(TestCaseExecutor.java:322)
	at com.kms.katalon.core.main.TestCaseExecutor.processExecutionPhase(TestCaseExecutor.java:301)
	at com.kms.katalon.core.main.TestCaseExecutor.accessMainPhase(TestCaseExecutor.java:293)
	at com.kms.katalon.core.main.TestCaseExecutor.execute(TestCaseExecutor.java:227)
	at com.kms.katalon.core.main.TestSuiteExecutor.accessTestCaseMainPhase(TestSuiteExecutor.java:129)
	at com.kms.katalon.core.main.TestSuiteExecutor.accessTestSuiteMainPhase(TestSuiteExecutor.java:112)
	at com.kms.katalon.core.main.TestSuiteExecutor.execute(TestSuiteExecutor.java:81)
	at com.kms.katalon.core.main.TestCaseMain.startTestSuite(TestCaseMain.java:157)
	at com.kms.katalon.core.main.TestCaseMain$startTestSuite$0.call(Unknown Source)
	at TempTestSuite1558253547685.run(TempTestSuite1558253547685.groovy:35)]]></system-err>
      </testcase>
      <testcase name="Test Cases/Add-Idea-Test-Cases/012-Start-Date-Greater-Than-End-Date" classname="Test Cases/Add-Idea-Test-Cases/012-Start-Date-Greater-Than-End-Date" status="FAILED">
         <failure type="FAILED" message="Test Cases/Add-Idea-Test-Cases/012-Start-Date-Greater-Than-End-Date FAILED.
Reason:
com.kms.katalon.core.exception.StepFailedException: Feature file 'Include/features/Governance-Module/Add-Idea/012-Start-Date-Greater-Than-End-Date.feature' was failed
	at com.kms.katalon.core.keyword.internal.KeywordMain.stepFailed(KeywordMain.groovy:48)
	at com.kms.katalon.core.keyword.internal.KeywordMain.stepFailed(KeywordMain.groovy)
	at com.kms.katalon.core.keyword.internal.KeywordMain.stepFailed(KeywordMain.groovy:21)
	at com.kms.katalon.core.keyword.internal.KeywordMain$stepFailed$0.call(Unknown Source)
	at com.kms.katalon.core.cucumber.keyword.CucumberBuiltinKeywords$_runFeatureFile_closure1.doCall(CucumberBuiltinKeywords.groovy:82)
	at com.kms.katalon.core.cucumber.keyword.CucumberBuiltinKeywords$_runFeatureFile_closure1.doCall(CucumberBuiltinKeywords.groovy)
	at com.kms.katalon.core.keyword.internal.KeywordMain.runKeyword(KeywordMain.groovy:66)
	at com.kms.katalon.core.keyword.internal.KeywordMain$runKeyword.call(Unknown Source)
	at com.kms.katalon.core.cucumber.keyword.CucumberBuiltinKeywords.runFeatureFile(CucumberBuiltinKeywords.groovy:46)
	at com.kms.katalon.core.cucumber.keyword.CucumberBuiltinKeywords$runFeatureFile$0.callStatic(Unknown Source)
	at com.kms.katalon.core.cucumber.keyword.CucumberBuiltinKeywords.runFeatureFile(CucumberBuiltinKeywords.groovy:101)
	at com.kms.katalon.core.cucumber.keyword.CucumberBuiltinKeywords$runFeatureFile.call(Unknown Source)
	at 012-Start-Date-Greater-Than-End-Date.run(012-Start-Date-Greater-Than-End-Date:16)
	at com.kms.katalon.core.main.ScriptEngine.run(ScriptEngine.java:194)
	at com.kms.katalon.core.main.ScriptEngine.runScriptAsRawText(ScriptEngine.java:119)
	at com.kms.katalon.core.main.TestCaseExecutor.runScript(TestCaseExecutor.java:331)
	at com.kms.katalon.core.main.TestCaseExecutor.doExecute(TestCaseExecutor.java:322)
	at com.kms.katalon.core.main.TestCaseExecutor.processExecutionPhase(TestCaseExecutor.java:301)
	at com.kms.katalon.core.main.TestCaseExecutor.accessMainPhase(TestCaseExecutor.java:293)
	at com.kms.katalon.core.main.TestCaseExecutor.execute(TestCaseExecutor.java:227)
	at com.kms.katalon.core.main.TestSuiteExecutor.accessTestCaseMainPhase(TestSuiteExecutor.java:129)
	at com.kms.katalon.core.main.TestSuiteExecutor.accessTestSuiteMainPhase(TestSuiteExecutor.java:112)
	at com.kms.katalon.core.main.TestSuiteExecutor.execute(TestSuiteExecutor.java:81)
	at com.kms.katalon.core.main.TestCaseMain.startTestSuite(TestCaseMain.java:157)
	at com.kms.katalon.core.main.TestCaseMain$startTestSuite$0.call(Unknown Source)
	at TempTestSuite1558253547685.run(TempTestSuite1558253547685.groovy:35)
"/>
         <system-out><![CDATA[2019-05-19 11:17:56 - [TEST_CASE][FAILED] - Test Cases/Add-Idea-Test-Cases/012-Start-Date-Greater-Than-End-Date: Test Cases/Add-Idea-Test-Cases/012-Start-Date-Greater-Than-End-Date FAILED.
Reason:
com.kms.katalon.core.exception.StepFailedException: Feature file 'Include/features/Governance-Module/Add-Idea/012-Start-Date-Greater-Than-End-Date.feature' was failed
	at com.kms.katalon.core.keyword.internal.KeywordMain.stepFailed(KeywordMain.groovy:48)
	at com.kms.katalon.core.keyword.internal.KeywordMain.stepFailed(KeywordMain.groovy)
	at com.kms.katalon.core.keyword.internal.KeywordMain.stepFailed(KeywordMain.groovy:21)
	at com.kms.katalon.core.keyword.internal.KeywordMain$stepFailed$0.call(Unknown Source)
	at com.kms.katalon.core.cucumber.keyword.CucumberBuiltinKeywords$_runFeatureFile_closure1.doCall(CucumberBuiltinKeywords.groovy:82)
	at com.kms.katalon.core.cucumber.keyword.CucumberBuiltinKeywords$_runFeatureFile_closure1.doCall(CucumberBuiltinKeywords.groovy)
	at com.kms.katalon.core.keyword.internal.KeywordMain.runKeyword(KeywordMain.groovy:66)
	at com.kms.katalon.core.keyword.internal.KeywordMain$runKeyword.call(Unknown Source)
	at com.kms.katalon.core.cucumber.keyword.CucumberBuiltinKeywords.runFeatureFile(CucumberBuiltinKeywords.groovy:46)
	at com.kms.katalon.core.cucumber.keyword.CucumberBuiltinKeywords$runFeatureFile$0.callStatic(Unknown Source)
	at com.kms.katalon.core.cucumber.keyword.CucumberBuiltinKeywords.runFeatureFile(CucumberBuiltinKeywords.groovy:101)
	at com.kms.katalon.core.cucumber.keyword.CucumberBuiltinKeywords$runFeatureFile.call(Unknown Source)
	at 012-Start-Date-Greater-Than-End-Date.run(012-Start-Date-Greater-Than-End-Date:16)
	at com.kms.katalon.core.main.ScriptEngine.run(ScriptEngine.java:194)
	at com.kms.katalon.core.main.ScriptEngine.runScriptAsRawText(ScriptEngine.java:119)
	at com.kms.katalon.core.main.TestCaseExecutor.runScript(TestCaseExecutor.java:331)
	at com.kms.katalon.core.main.TestCaseExecutor.doExecute(TestCaseExecutor.java:322)
	at com.kms.katalon.core.main.TestCaseExecutor.processExecutionPhase(TestCaseExecutor.java:301)
	at com.kms.katalon.core.main.TestCaseExecutor.accessMainPhase(TestCaseExecutor.java:293)
	at com.kms.katalon.core.main.TestCaseExecutor.execute(TestCaseExecutor.java:227)
	at com.kms.katalon.core.main.TestSuiteExecutor.accessTestCaseMainPhase(TestSuiteExecutor.java:129)
	at com.kms.katalon.core.main.TestSuiteExecutor.accessTestSuiteMainPhase(TestSuiteExecutor.java:112)
	at com.kms.katalon.core.main.TestSuiteExecutor.execute(TestSuiteExecutor.java:81)
	at com.kms.katalon.core.main.TestCaseMain.startTestSuite(TestCaseMain.java:157)
	at com.kms.katalon.core.main.TestCaseMain$startTestSuite$0.call(Unknown Source)
	at TempTestSuite1558253547685.run(TempTestSuite1558253547685.groovy:35)


2019-05-19 11:17:56 - [TEST_STEP][FAILED] - runFeatureFile("Include/features/Governance-Module/Add-Idea/012-Start-Date-Greater-Than-End-Date.feature"): runFeatureFile("Include/features/Governance-Module/Add-Idea/012-Start-Date-Greater-Than-End-Date.feature") FAILED.
Reason:
com.kms.katalon.core.exception.StepFailedException: Feature file 'Include/features/Governance-Module/Add-Idea/012-Start-Date-Greater-Than-End-Date.feature' was failed
	at com.kms.katalon.core.keyword.internal.KeywordMain.stepFailed(KeywordMain.groovy:48)
	at com.kms.katalon.core.keyword.internal.KeywordMain.stepFailed(KeywordMain.groovy)
	at com.kms.katalon.core.keyword.internal.KeywordMain.stepFailed(KeywordMain.groovy:21)
	at com.kms.katalon.core.keyword.internal.KeywordMain$stepFailed$0.call(Unknown Source)
	at com.kms.katalon.core.cucumber.keyword.CucumberBuiltinKeywords$_runFeatureFile_closure1.doCall(CucumberBuiltinKeywords.groovy:82)
	at com.kms.katalon.core.cucumber.keyword.CucumberBuiltinKeywords$_runFeatureFile_closure1.doCall(CucumberBuiltinKeywords.groovy)
	at com.kms.katalon.core.keyword.internal.KeywordMain.runKeyword(KeywordMain.groovy:66)
	at com.kms.katalon.core.keyword.internal.KeywordMain$runKeyword.call(Unknown Source)
	at com.kms.katalon.core.cucumber.keyword.CucumberBuiltinKeywords.runFeatureFile(CucumberBuiltinKeywords.groovy:46)
	at com.kms.katalon.core.cucumber.keyword.CucumberBuiltinKeywords$runFeatureFile$0.callStatic(Unknown Source)
	at com.kms.katalon.core.cucumber.keyword.CucumberBuiltinKeywords.runFeatureFile(CucumberBuiltinKeywords.groovy:101)
	at com.kms.katalon.core.cucumber.keyword.CucumberBuiltinKeywords$runFeatureFile.call(Unknown Source)
	at 012-Start-Date-Greater-Than-End-Date.run(012-Start-Date-Greater-Than-End-Date:16)
	at com.kms.katalon.core.main.ScriptEngine.run(ScriptEngine.java:194)
	at com.kms.katalon.core.main.ScriptEngine.runScriptAsRawText(ScriptEngine.java:119)
	at com.kms.katalon.core.main.TestCaseExecutor.runScript(TestCaseExecutor.java:331)
	at com.kms.katalon.core.main.TestCaseExecutor.doExecute(TestCaseExecutor.java:322)
	at com.kms.katalon.core.main.TestCaseExecutor.processExecutionPhase(TestCaseExecutor.java:301)
	at com.kms.katalon.core.main.TestCaseExecutor.accessMainPhase(TestCaseExecutor.java:293)
	at com.kms.katalon.core.main.TestCaseExecutor.execute(TestCaseExecutor.java:227)
	at com.kms.katalon.core.main.TestSuiteExecutor.accessTestCaseMainPhase(TestSuiteExecutor.java:129)
	at com.kms.katalon.core.main.TestSuiteExecutor.accessTestSuiteMainPhase(TestSuiteExecutor.java:112)
	at com.kms.katalon.core.main.TestSuiteExecutor.execute(TestSuiteExecutor.java:81)
	at com.kms.katalon.core.main.TestCaseMain.startTestSuite(TestCaseMain.java:157)
	at com.kms.katalon.core.main.TestCaseMain$startTestSuite$0.call(Unknown Source)
	at TempTestSuite1558253547685.run(TempTestSuite1558253547685.groovy:35)


2019-05-19 11:17:56 - [MESSAGE][INFO] - Starting run keyword runFeatureFile: 'Include/features/Governance-Module/Add-Idea/012-Start-Date-Greater-Than-End-Date.feature' and extract report to folder: 'C:\Users\HP\git\PMO-Web-Application\Reports\First-Test-Suite\20190519_111227/cucumber_report/1558253876213'...

2019-05-19 11:17:56 - [TEST_CASE][FAILED] - Start Test Case : SCENARIO Check start date greater than end date error message: SCENARIO Check start date greater than end date error message FAILED.
Reason:
com.kms.katalon.core.exception.StepFailedException: Verify element text of test object 'Object Repository/OOBObjects/IdeasListObjects/ErrorMessage' FAILED.
	at com.kms.katalon.core.webui.keyword.internal.WebUIKeywordMain.stepFailed(WebUIKeywordMain.groovy:64)
	at com.kms.katalon.core.webui.keyword.internal.WebUIKeywordMain.runKeyword(WebUIKeywordMain.groovy:26)
	at com.kms.katalon.core.webui.keyword.builtin.VerifyElementTextKeyword.verifyElementText(VerifyElementTextKeyword.groovy:72)
	at com.kms.katalon.core.webui.keyword.builtin.VerifyElementTextKeyword.execute(VerifyElementTextKeyword.groovy:40)
	at com.kms.katalon.core.keyword.internal.KeywordExecutor.executeKeywordForPlatform(KeywordExecutor.groovy:56)
	at com.kms.katalon.core.webui.keyword.WebUiBuiltInKeywords.verifyElementText(WebUiBuiltInKeywords.groovy:3663)
	at com.kms.katalon.core.webui.keyword.WebUiBuiltInKeywords$verifyElementText$14.call(Unknown Source)
	at com.pmo.steps.AddIdeaSteps.checkStartDateGreaterThanEndDateErrorMessage(AddIdeaSteps.groovy:516)
	at ✽.I want to check start date greater than end date error message(C:/Users/HP/git/PMO-Web-Application/Include/features/Governance-Module/Add-Idea/012-Start-Date-Greater-Than-End-Date.feature:19)
Caused by: com.kms.katalon.core.exception.StepFailedException: Actual text 'يجب ان يكون تاريخ النهاية اكبر من تاريخ البداية' and expected text 'تاريخ النهاية يجب ان يكون اكبر من تاريخ البداية' of test object 'Object Repository/OOBObjects/IdeasListObjects/ErrorMessage' are NOT matched.
	at com.kms.katalon.core.webui.keyword.internal.WebUIKeywordMain.stepFailed(WebUIKeywordMain.groovy:64)
	at com.kms.katalon.core.webui.keyword.builtin.VerifyElementTextKeyword$_verifyElementText_closure1.doCall(VerifyElementTextKeyword.groovy:57)
	at com.kms.katalon.core.webui.keyword.builtin.VerifyElementTextKeyword$_verifyElementText_closure1.call(VerifyElementTextKeyword.groovy)
	at com.kms.katalon.core.webui.keyword.internal.WebUIKeywordMain.runKeyword(WebUIKeywordMain.groovy:20)
	at com.kms.katalon.core.webui.keyword.builtin.VerifyElementTextKeyword.verifyElementText(VerifyElementTextKeyword.groovy:72)
	at com.kms.katalon.core.webui.keyword.builtin.VerifyElementTextKeyword.execute(VerifyElementTextKeyword.groovy:40)
	at com.kms.katalon.core.keyword.internal.KeywordExecutor.executeKeywordForPlatform(KeywordExecutor.groovy:56)
	at com.kms.katalon.core.webui.keyword.WebUiBuiltInKeywords.verifyElementText(WebUiBuiltInKeywords.groovy:3663)
	at com.kms.katalon.core.webui.keyword.WebUiBuiltInKeywords$verifyElementText$14.call(Unknown Source)
	at com.pmo.steps.AddIdeaSteps.checkStartDateGreaterThanEndDateErrorMessage(AddIdeaSteps.groovy:516)
	at cucumber.runtime.Utils$1.call(Utils.java:26)
	at cucumber.runtime.Timeout.timeout(Timeout.java:16)
	at cucumber.runtime.Utils.invoke(Utils.java:20)
	at cucumber.runtime.java.JavaStepDefinition.execute(JavaStepDefinition.java:48)
	at cucumber.runtime.PickleStepDefinitionMatch.runStep(PickleStepDefinitionMatch.java:50)
	at cucumber.runner.TestStep.executeStep(TestStep.java:55)
	at cucumber.runner.TestStep.run(TestStep.java:42)
	at cucumber.runner.PickleStepTestStep.run(PickleStepTestStep.java:53)
	at cucumber.runner.TestCase.run(TestCase.java:47)
	at cucumber.runner.Runner.runPickle(Runner.java:44)
	at cucumber.runtime.Runtime.runFeature(Runtime.java:120)
	at cucumber.runtime.Runtime.run(Runtime.java:106)
	at cucumber.api.cli.Main.run(Main.java:35)
	at cucumber.api.cli.Main$run.call(Unknown Source)
	at com.kms.katalon.core.cucumber.keyword.CucumberBuiltinKeywords$_runFeatureFile_closure1.doCall(CucumberBuiltinKeywords.groovy:76)
	at com.kms.katalon.core.cucumber.keyword.CucumberBuiltinKeywords$_runFeatureFile_closure1.doCall(CucumberBuiltinKeywords.groovy)
	at com.kms.katalon.core.keyword.internal.KeywordMain.runKeyword(KeywordMain.groovy:66)
	at com.kms.katalon.core.keyword.internal.KeywordMain$runKeyword.call(Unknown Source)
	at com.kms.katalon.core.cucumber.keyword.CucumberBuiltinKeywords.runFeatureFile(CucumberBuiltinKeywords.groovy:46)
	at com.kms.katalon.core.cucumber.keyword.CucumberBuiltinKeywords$runFeatureFile$0.callStatic(Unknown Source)
	at com.kms.katalon.core.cucumber.keyword.CucumberBuiltinKeywords.runFeatureFile(CucumberBuiltinKeywords.groovy:101)
	at com.kms.katalon.core.cucumber.keyword.CucumberBuiltinKeywords$runFeatureFile.call(Unknown Source)
	at 012-Start-Date-Greater-Than-End-Date.run(012-Start-Date-Greater-Than-End-Date:16)
	at com.kms.katalon.core.main.ScriptEngine.run(ScriptEngine.java:194)
	at com.kms.katalon.core.main.ScriptEngine.runScriptAsRawText(ScriptEngine.java:119)
	at com.kms.katalon.core.main.TestCaseExecutor.runScript(TestCaseExecutor.java:331)
	at com.kms.katalon.core.main.TestCaseExecutor.doExecute(TestCaseExecutor.java:322)
	at com.kms.katalon.core.main.TestCaseExecutor.processExecutionPhase(TestCaseExecutor.java:301)
	at com.kms.katalon.core.main.TestCaseExecutor.accessMainPhase(TestCaseExecutor.java:293)
	at com.kms.katalon.core.main.TestCaseExecutor.execute(TestCaseExecutor.java:227)
	at com.kms.katalon.core.main.TestSuiteExecutor.accessTestCaseMainPhase(TestSuiteExecutor.java:129)
	at com.kms.katalon.core.main.TestSuiteExecutor.accessTestSuiteMainPhase(TestSuiteExecutor.java:112)
	at com.kms.katalon.core.main.TestSuiteExecutor.execute(TestSuiteExecutor.java:81)
	at com.kms.katalon.core.main.TestCaseMain.startTestSuite(TestCaseMain.java:157)
	at com.kms.katalon.core.main.TestCaseMain$startTestSuite$0.call(Unknown Source)
	at TempTestSuite1558253547685.run(TempTestSuite1558253547685.groovy:35)


2019-05-19 11:17:56 - [TEST_STEP][PASSED] - I want to open browser: I want to open browser

2019-05-19 11:17:56 - [MESSAGE][WARNING] - A browser is already opened. Closing browser and opening a new one

2019-05-19 11:17:57 - [MESSAGE][INFO] - Starting 'Chrome' driver

2019-05-19 11:17:59 - [MESSAGE][PASSED] - Browser is opened with url: ''

2019-05-19 11:17:59 - [MESSAGE][PASSED] - Delete all cookies successfully

2019-05-19 11:17:59 - [MESSAGE][PASSED] - I want to open browser

2019-05-19 11:17:59 - [TEST_STEP][PASSED] - I want to maximize window: I want to maximize window

2019-05-19 11:18:00 - [MESSAGE][PASSED] - Current window maximized

2019-05-19 11:18:00 - [MESSAGE][PASSED] - I want to maximize window

2019-05-19 11:18:00 - [TEST_STEP][PASSED] - I want to go to OOB: I want to go to OOB

2019-05-19 11:18:02 - [MESSAGE][PASSED] - Navigate to 'https://pmoadmin:P@ssw0rd@dev5.cloudapp.net/OOB2/' successfully

2019-05-19 11:18:02 - [MESSAGE][PASSED] - I want to go to OOB

2019-05-19 11:18:02 - [TEST_STEP][PASSED] - I want to verify I'm in OOB main page: I want to verify I'm in OOB main page

2019-05-19 11:18:02 - [MESSAGE][WARNING] - Timeout '0' is invalid. Using default page load timeout: '30'

2019-05-19 11:18:11 - [MESSAGE][PASSED] - Object 'Object Repository/OOBObjects/HomepageObjects/OOBSideBar' is present

2019-05-19 11:18:11 - [MESSAGE][PASSED] - I want to verify I'm in OOB main page

2019-05-19 11:18:11 - [TEST_STEP][PASSED] - I want to go to ideas list page: I want to go to ideas list page

2019-05-19 11:18:14 - [MESSAGE][PASSED] - Object: 'Object Repository/OOBObjects/HomepageObjects/IdeasList' is clicked on

2019-05-19 11:18:14 - [MESSAGE][PASSED] - I want to go to ideas list page

2019-05-19 11:18:14 - [TEST_STEP][PASSED] - I want to click on Add New button: I want to click on Add New button

2019-05-19 11:18:15 - [MESSAGE][PASSED] - Object: 'Object Repository/OOBObjects/IdeasListObjects/AddNewIdeaButton' is clicked on

2019-05-19 11:18:15 - [MESSAGE][PASSED] - I want to click on Add New button

2019-05-19 11:18:15 - [TEST_STEP][PASSED] - I want to fill idea name field: I want to fill idea name field

2019-05-19 11:18:15 - [MESSAGE][PASSED] - Text 'Automation8709' is set on object 'Object Repository/OOBObjects/IdeasListObjects/Idea-Name-Field'

2019-05-19 11:18:15 - [MESSAGE][PASSED] - I want to fill idea name field

2019-05-19 11:18:15 - [TEST_STEP][PASSED] - I want to select start date greater than end date: I want to select start date greater than end date

2019-05-19 11:18:15 - [MESSAGE][PASSED] - Object: 'Object Repository/OOBObjects/IdeasListObjects/GREGORIAN-Start-date-Check-Box' is clicked on

2019-05-19 11:18:15 - [MESSAGE][PASSED] - Object: 'Object Repository/OOBObjects/IdeasListObjects/Excepted-Start-Date' is clicked on

2019-05-19 11:18:15 - [MESSAGE][PASSED] - All options with index in [7] are selected on object 'Object Repository/OOBObjects/IdeasListObjects/StartDateMonthDropDwon'

2019-05-19 11:18:15 - [MESSAGE][PASSED] - Object: 'Object Repository/OOBObjects/IdeasListObjects/Day26' is hovered

2019-05-19 11:18:15 - [MESSAGE][PASSED] - Object: 'Object Repository/OOBObjects/IdeasListObjects/Day26' is clicked on

2019-05-19 11:18:15 - [MESSAGE][PASSED] - Object 'Object Repository/OOBObjects/IdeasListObjects/GREGORIAN-End-Date-Check-Box' is visible

2019-05-19 11:18:15 - [MESSAGE][PASSED] - Object: 'Object Repository/OOBObjects/IdeasListObjects/GREGORIAN-End-Date-Check-Box' is clicked on

2019-05-19 11:18:20 - [MESSAGE][PASSED] - Delayed 5 second(s)

2019-05-19 11:18:20 - [MESSAGE][PASSED] - Object: 'Object Repository/OOBObjects/IdeasListObjects/Excpected-End-Date' is hovered

2019-05-19 11:18:20 - [MESSAGE][PASSED] - Object: 'Object Repository/OOBObjects/IdeasListObjects/Excpected-End-Date' is clicked on

2019-05-19 11:18:21 - [MESSAGE][PASSED] - All options with index in [4] are selected on object 'Object Repository/OOBObjects/IdeasListObjects/EndDateMonthDropdown'

2019-05-19 11:18:21 - [MESSAGE][PASSED] - Object: 'Object Repository/OOBObjects/IdeasListObjects/EndDateDay15' is hovered

2019-05-19 11:18:21 - [MESSAGE][PASSED] - Object: 'Object Repository/OOBObjects/IdeasListObjects/EndDateDay15' is clicked on

2019-05-19 11:18:21 - [MESSAGE][PASSED] - I want to select start date greater than end date

2019-05-19 11:18:21 - [TEST_STEP][PASSED] - I want to fill idea objective field: I want to fill idea objective field

2019-05-19 11:18:21 - [MESSAGE][PASSED] - Text 'Automation' is set on object 'Object Repository/OOBObjects/IdeasListObjects/Idea-Objective-Field'

2019-05-19 11:18:21 - [MESSAGE][PASSED] - I want to fill idea objective field

2019-05-19 11:18:21 - [TEST_STEP][PASSED] - I want to fill expected budget field: I want to fill expected budget field

2019-05-19 11:18:21 - [MESSAGE][PASSED] - Text '10000' is set on object 'Object Repository/OOBObjects/IdeasListObjects/Expected-Budget-Field'

2019-05-19 11:18:21 - [MESSAGE][PASSED] - I want to fill expected budget field

2019-05-19 11:18:21 - [TEST_STEP][PASSED] - I want to fill Notes field: I want to fill Notes field

2019-05-19 11:18:21 - [MESSAGE][PASSED] - Text 'test note' is set on object 'Object Repository/OOBObjects/IdeasListObjects/Notes-Field'

2019-05-19 11:18:21 - [MESSAGE][PASSED] - I want to fill Notes field

2019-05-19 11:18:21 - [TEST_STEP][PASSED] - I want to click send idea button: I want to click send idea button

2019-05-19 11:18:26 - [MESSAGE][PASSED] - Delayed 5 second(s)

2019-05-19 11:18:26 - [MESSAGE][WARNING] - Timeout '0' is invalid. Using default page load timeout: '30'

2019-05-19 11:18:26 - [MESSAGE][PASSED] - Scroll to object 'Object Repository/OOBObjects/IdeasListObjects/CardBlock' successfully

2019-05-19 11:18:26 - [MESSAGE][PASSED] - Object: 'Object Repository/OOBObjects/IdeasListObjects/SendIdeaButton' is clicked on

2019-05-19 11:18:26 - [MESSAGE][PASSED] - I want to click send idea button

2019-05-19 11:18:26 - [TEST_STEP][FAILED] - I want to check start date greater than end date error message: I want to check start date greater than end date error message FAILED.
Reason:
com.kms.katalon.core.exception.StepFailedException: Verify element text of test object 'Object Repository/OOBObjects/IdeasListObjects/ErrorMessage' FAILED.
	at com.kms.katalon.core.webui.keyword.internal.WebUIKeywordMain.stepFailed(WebUIKeywordMain.groovy:64)
	at com.kms.katalon.core.webui.keyword.internal.WebUIKeywordMain.runKeyword(WebUIKeywordMain.groovy:26)
	at com.kms.katalon.core.webui.keyword.builtin.VerifyElementTextKeyword.verifyElementText(VerifyElementTextKeyword.groovy:72)
	at com.kms.katalon.core.webui.keyword.builtin.VerifyElementTextKeyword.execute(VerifyElementTextKeyword.groovy:40)
	at com.kms.katalon.core.keyword.internal.KeywordExecutor.executeKeywordForPlatform(KeywordExecutor.groovy:56)
	at com.kms.katalon.core.webui.keyword.WebUiBuiltInKeywords.verifyElementText(WebUiBuiltInKeywords.groovy:3663)
	at com.kms.katalon.core.webui.keyword.WebUiBuiltInKeywords$verifyElementText$14.call(Unknown Source)
	at com.pmo.steps.AddIdeaSteps.checkStartDateGreaterThanEndDateErrorMessage(AddIdeaSteps.groovy:516)
	at ✽.I want to check start date greater than end date error message(C:/Users/HP/git/PMO-Web-Application/Include/features/Governance-Module/Add-Idea/012-Start-Date-Greater-Than-End-Date.feature:19)
Caused by: com.kms.katalon.core.exception.StepFailedException: Actual text 'يجب ان يكون تاريخ النهاية اكبر من تاريخ البداية' and expected text 'تاريخ النهاية يجب ان يكون اكبر من تاريخ البداية' of test object 'Object Repository/OOBObjects/IdeasListObjects/ErrorMessage' are NOT matched.
	at com.kms.katalon.core.webui.keyword.internal.WebUIKeywordMain.stepFailed(WebUIKeywordMain.groovy:64)
	at com.kms.katalon.core.webui.keyword.builtin.VerifyElementTextKeyword$_verifyElementText_closure1.doCall(VerifyElementTextKeyword.groovy:57)
	at com.kms.katalon.core.webui.keyword.builtin.VerifyElementTextKeyword$_verifyElementText_closure1.call(VerifyElementTextKeyword.groovy)
	at com.kms.katalon.core.webui.keyword.internal.WebUIKeywordMain.runKeyword(WebUIKeywordMain.groovy:20)
	at com.kms.katalon.core.webui.keyword.builtin.VerifyElementTextKeyword.verifyElementText(VerifyElementTextKeyword.groovy:72)
	at com.kms.katalon.core.webui.keyword.builtin.VerifyElementTextKeyword.execute(VerifyElementTextKeyword.groovy:40)
	at com.kms.katalon.core.keyword.internal.KeywordExecutor.executeKeywordForPlatform(KeywordExecutor.groovy:56)
	at com.kms.katalon.core.webui.keyword.WebUiBuiltInKeywords.verifyElementText(WebUiBuiltInKeywords.groovy:3663)
	at com.kms.katalon.core.webui.keyword.WebUiBuiltInKeywords$verifyElementText$14.call(Unknown Source)
	at com.pmo.steps.AddIdeaSteps.checkStartDateGreaterThanEndDateErrorMessage(AddIdeaSteps.groovy:516)
	at cucumber.runtime.Utils$1.call(Utils.java:26)
	at cucumber.runtime.Timeout.timeout(Timeout.java:16)
	at cucumber.runtime.Utils.invoke(Utils.java:20)
	at cucumber.runtime.java.JavaStepDefinition.execute(JavaStepDefinition.java:48)
	at cucumber.runtime.PickleStepDefinitionMatch.runStep(PickleStepDefinitionMatch.java:50)
	at cucumber.runner.TestStep.executeStep(TestStep.java:55)
	at cucumber.runner.TestStep.run(TestStep.java:42)
	at cucumber.runner.PickleStepTestStep.run(PickleStepTestStep.java:53)
	at cucumber.runner.TestCase.run(TestCase.java:47)
	at cucumber.runner.Runner.runPickle(Runner.java:44)
	at cucumber.runtime.Runtime.runFeature(Runtime.java:120)
	at cucumber.runtime.Runtime.run(Runtime.java:106)
	at cucumber.api.cli.Main.run(Main.java:35)
	at cucumber.api.cli.Main$run.call(Unknown Source)
	at com.kms.katalon.core.cucumber.keyword.CucumberBuiltinKeywords$_runFeatureFile_closure1.doCall(CucumberBuiltinKeywords.groovy:76)
	at com.kms.katalon.core.cucumber.keyword.CucumberBuiltinKeywords$_runFeatureFile_closure1.doCall(CucumberBuiltinKeywords.groovy)
	at com.kms.katalon.core.keyword.internal.KeywordMain.runKeyword(KeywordMain.groovy:66)
	at com.kms.katalon.core.keyword.internal.KeywordMain$runKeyword.call(Unknown Source)
	at com.kms.katalon.core.cucumber.keyword.CucumberBuiltinKeywords.runFeatureFile(CucumberBuiltinKeywords.groovy:46)
	at com.kms.katalon.core.cucumber.keyword.CucumberBuiltinKeywords$runFeatureFile$0.callStatic(Unknown Source)
	at com.kms.katalon.core.cucumber.keyword.CucumberBuiltinKeywords.runFeatureFile(CucumberBuiltinKeywords.groovy:101)
	at com.kms.katalon.core.cucumber.keyword.CucumberBuiltinKeywords$runFeatureFile.call(Unknown Source)
	at 012-Start-Date-Greater-Than-End-Date.run(012-Start-Date-Greater-Than-End-Date:16)
	at com.kms.katalon.core.main.ScriptEngine.run(ScriptEngine.java:194)
	at com.kms.katalon.core.main.ScriptEngine.runScriptAsRawText(ScriptEngine.java:119)
	at com.kms.katalon.core.main.TestCaseExecutor.runScript(TestCaseExecutor.java:331)
	at com.kms.katalon.core.main.TestCaseExecutor.doExecute(TestCaseExecutor.java:322)
	at com.kms.katalon.core.main.TestCaseExecutor.processExecutionPhase(TestCaseExecutor.java:301)
	at com.kms.katalon.core.main.TestCaseExecutor.accessMainPhase(TestCaseExecutor.java:293)
	at com.kms.katalon.core.main.TestCaseExecutor.execute(TestCaseExecutor.java:227)
	at com.kms.katalon.core.main.TestSuiteExecutor.accessTestCaseMainPhase(TestSuiteExecutor.java:129)
	at com.kms.katalon.core.main.TestSuiteExecutor.accessTestSuiteMainPhase(TestSuiteExecutor.java:112)
	at com.kms.katalon.core.main.TestSuiteExecutor.execute(TestSuiteExecutor.java:81)
	at com.kms.katalon.core.main.TestCaseMain.startTestSuite(TestCaseMain.java:157)
	at com.kms.katalon.core.main.TestCaseMain$startTestSuite$0.call(Unknown Source)
	at TempTestSuite1558253547685.run(TempTestSuite1558253547685.groovy:35)


2019-05-19 11:18:27 - [MESSAGE][FAILED] - Actual text 'يجب ان يكون تاريخ النهاية اكبر من تاريخ البداية' and expected text 'تاريخ النهاية يجب ان يكون اكبر من تاريخ البداية' of test object 'Object Repository/OOBObjects/IdeasListObjects/ErrorMessage' are NOT matched. (Root cause: com.kms.katalon.core.exception.StepFailedException: Actual text 'يجب ان يكون تاريخ النهاية اكبر من تاريخ البداية' and expected text 'تاريخ النهاية يجب ان يكون اكبر من تاريخ البداية' of test object 'Object Repository/OOBObjects/IdeasListObjects/ErrorMessage' are NOT matched.
	at com.kms.katalon.core.webui.keyword.internal.WebUIKeywordMain.stepFailed(WebUIKeywordMain.groovy:64)
	at com.kms.katalon.core.webui.keyword.builtin.VerifyElementTextKeyword$_verifyElementText_closure1.doCall(VerifyElementTextKeyword.groovy:57)
	at com.kms.katalon.core.webui.keyword.builtin.VerifyElementTextKeyword$_verifyElementText_closure1.call(VerifyElementTextKeyword.groovy)
	at com.kms.katalon.core.webui.keyword.internal.WebUIKeywordMain.runKeyword(WebUIKeywordMain.groovy:20)
	at com.kms.katalon.core.webui.keyword.builtin.VerifyElementTextKeyword.verifyElementText(VerifyElementTextKeyword.groovy:72)
	at com.kms.katalon.core.webui.keyword.builtin.VerifyElementTextKeyword.execute(VerifyElementTextKeyword.groovy:40)
	at com.kms.katalon.core.keyword.internal.KeywordExecutor.executeKeywordForPlatform(KeywordExecutor.groovy:56)
	at com.kms.katalon.core.webui.keyword.WebUiBuiltInKeywords.verifyElementText(WebUiBuiltInKeywords.groovy:3663)
	at com.kms.katalon.core.webui.keyword.WebUiBuiltInKeywords$verifyElementText$14.call(Unknown Source)
	at com.pmo.steps.AddIdeaSteps.checkStartDateGreaterThanEndDateErrorMessage(AddIdeaSteps.groovy:516)
	at cucumber.runtime.Utils$1.call(Utils.java:26)
	at cucumber.runtime.Timeout.timeout(Timeout.java:16)
	at cucumber.runtime.Utils.invoke(Utils.java:20)
	at cucumber.runtime.java.JavaStepDefinition.execute(JavaStepDefinition.java:48)
	at cucumber.runtime.PickleStepDefinitionMatch.runStep(PickleStepDefinitionMatch.java:50)
	at cucumber.runner.TestStep.executeStep(TestStep.java:55)
	at cucumber.runner.TestStep.run(TestStep.java:42)
	at cucumber.runner.PickleStepTestStep.run(PickleStepTestStep.java:53)
	at cucumber.runner.TestCase.run(TestCase.java:47)
	at cucumber.runner.Runner.runPickle(Runner.java:44)
	at cucumber.runtime.Runtime.runFeature(Runtime.java:120)
	at cucumber.runtime.Runtime.run(Runtime.java:106)
	at cucumber.api.cli.Main.run(Main.java:35)
	at cucumber.api.cli.Main$run.call(Unknown Source)
	at com.kms.katalon.core.cucumber.keyword.CucumberBuiltinKeywords$_runFeatureFile_closure1.doCall(CucumberBuiltinKeywords.groovy:76)
	at com.kms.katalon.core.cucumber.keyword.CucumberBuiltinKeywords$_runFeatureFile_closure1.doCall(CucumberBuiltinKeywords.groovy)
	at com.kms.katalon.core.keyword.internal.KeywordMain.runKeyword(KeywordMain.groovy:66)
	at com.kms.katalon.core.keyword.internal.KeywordMain$runKeyword.call(Unknown Source)
	at com.kms.katalon.core.cucumber.keyword.CucumberBuiltinKeywords.runFeatureFile(CucumberBuiltinKeywords.groovy:46)
	at com.kms.katalon.core.cucumber.keyword.CucumberBuiltinKeywords$runFeatureFile$0.callStatic(Unknown Source)
	at com.kms.katalon.core.cucumber.keyword.CucumberBuiltinKeywords.runFeatureFile(CucumberBuiltinKeywords.groovy:101)
	at com.kms.katalon.core.cucumber.keyword.CucumberBuiltinKeywords$runFeatureFile.call(Unknown Source)
	at 012-Start-Date-Greater-Than-End-Date.run(012-Start-Date-Greater-Than-End-Date:16)
	at com.kms.katalon.core.main.ScriptEngine.run(ScriptEngine.java:194)
	at com.kms.katalon.core.main.ScriptEngine.runScriptAsRawText(ScriptEngine.java:119)
	at com.kms.katalon.core.main.TestCaseExecutor.runScript(TestCaseExecutor.java:331)
	at com.kms.katalon.core.main.TestCaseExecutor.doExecute(TestCaseExecutor.java:322)
	at com.kms.katalon.core.main.TestCaseExecutor.processExecutionPhase(TestCaseExecutor.java:301)
	at com.kms.katalon.core.main.TestCaseExecutor.accessMainPhase(TestCaseExecutor.java:293)
	at com.kms.katalon.core.main.TestCaseExecutor.execute(TestCaseExecutor.java:227)
	at com.kms.katalon.core.main.TestSuiteExecutor.accessTestCaseMainPhase(TestSuiteExecutor.java:129)
	at com.kms.katalon.core.main.TestSuiteExecutor.accessTestSuiteMainPhase(TestSuiteExecutor.java:112)
	at com.kms.katalon.core.main.TestSuiteExecutor.execute(TestSuiteExecutor.java:81)
	at com.kms.katalon.core.main.TestCaseMain.startTestSuite(TestCaseMain.java:157)
	at com.kms.katalon.core.main.TestCaseMain$startTestSuite$0.call(Unknown Source)
	at TempTestSuite1558253547685.run(TempTestSuite1558253547685.groovy:35)
)
[[ATTACHMENT|C:\\Users\\HP\\git\\PMO-Web-Application\\Reports\\First-Test-Suite\\20190519_111227\\1558253906645.png]]

2019-05-19 11:18:27 - [MESSAGE][FAILED] - Verify element text of test object 'Object Repository/OOBObjects/IdeasListObjects/ErrorMessage' FAILED. (Root cause: com.kms.katalon.core.exception.StepFailedException: Verify element text of test object 'Object Repository/OOBObjects/IdeasListObjects/ErrorMessage' FAILED.
	at com.kms.katalon.core.webui.keyword.internal.WebUIKeywordMain.stepFailed(WebUIKeywordMain.groovy:64)
	at com.kms.katalon.core.webui.keyword.internal.WebUIKeywordMain.runKeyword(WebUIKeywordMain.groovy:26)
	at com.kms.katalon.core.webui.keyword.builtin.VerifyElementTextKeyword.verifyElementText(VerifyElementTextKeyword.groovy:72)
	at com.kms.katalon.core.webui.keyword.builtin.VerifyElementTextKeyword.execute(VerifyElementTextKeyword.groovy:40)
	at com.kms.katalon.core.keyword.internal.KeywordExecutor.executeKeywordForPlatform(KeywordExecutor.groovy:56)
	at com.kms.katalon.core.webui.keyword.WebUiBuiltInKeywords.verifyElementText(WebUiBuiltInKeywords.groovy:3663)
	at com.kms.katalon.core.webui.keyword.WebUiBuiltInKeywords$verifyElementText$14.call(Unknown Source)
	at com.pmo.steps.AddIdeaSteps.checkStartDateGreaterThanEndDateErrorMessage(AddIdeaSteps.groovy:516)
	at cucumber.runtime.Utils$1.call(Utils.java:26)
	at cucumber.runtime.Timeout.timeout(Timeout.java:16)
	at cucumber.runtime.Utils.invoke(Utils.java:20)
	at cucumber.runtime.java.JavaStepDefinition.execute(JavaStepDefinition.java:48)
	at cucumber.runtime.PickleStepDefinitionMatch.runStep(PickleStepDefinitionMatch.java:50)
	at cucumber.runner.TestStep.executeStep(TestStep.java:55)
	at cucumber.runner.TestStep.run(TestStep.java:42)
	at cucumber.runner.PickleStepTestStep.run(PickleStepTestStep.java:53)
	at cucumber.runner.TestCase.run(TestCase.java:47)
	at cucumber.runner.Runner.runPickle(Runner.java:44)
	at cucumber.runtime.Runtime.runFeature(Runtime.java:120)
	at cucumber.runtime.Runtime.run(Runtime.java:106)
	at cucumber.api.cli.Main.run(Main.java:35)
	at cucumber.api.cli.Main$run.call(Unknown Source)
	at com.kms.katalon.core.cucumber.keyword.CucumberBuiltinKeywords$_runFeatureFile_closure1.doCall(CucumberBuiltinKeywords.groovy:76)
	at com.kms.katalon.core.cucumber.keyword.CucumberBuiltinKeywords$_runFeatureFile_closure1.doCall(CucumberBuiltinKeywords.groovy)
	at com.kms.katalon.core.keyword.internal.KeywordMain.runKeyword(KeywordMain.groovy:66)
	at com.kms.katalon.core.keyword.internal.KeywordMain$runKeyword.call(Unknown Source)
	at com.kms.katalon.core.cucumber.keyword.CucumberBuiltinKeywords.runFeatureFile(CucumberBuiltinKeywords.groovy:46)
	at com.kms.katalon.core.cucumber.keyword.CucumberBuiltinKeywords$runFeatureFile$0.callStatic(Unknown Source)
	at com.kms.katalon.core.cucumber.keyword.CucumberBuiltinKeywords.runFeatureFile(CucumberBuiltinKeywords.groovy:101)
	at com.kms.katalon.core.cucumber.keyword.CucumberBuiltinKeywords$runFeatureFile.call(Unknown Source)
	at 012-Start-Date-Greater-Than-End-Date.run(012-Start-Date-Greater-Than-End-Date:16)
	at com.kms.katalon.core.main.ScriptEngine.run(ScriptEngine.java:194)
	at com.kms.katalon.core.main.ScriptEngine.runScriptAsRawText(ScriptEngine.java:119)
	at com.kms.katalon.core.main.TestCaseExecutor.runScript(TestCaseExecutor.java:331)
	at com.kms.katalon.core.main.TestCaseExecutor.doExecute(TestCaseExecutor.java:322)
	at com.kms.katalon.core.main.TestCaseExecutor.processExecutionPhase(TestCaseExecutor.java:301)
	at com.kms.katalon.core.main.TestCaseExecutor.accessMainPhase(TestCaseExecutor.java:293)
	at com.kms.katalon.core.main.TestCaseExecutor.execute(TestCaseExecutor.java:227)
	at com.kms.katalon.core.main.TestSuiteExecutor.accessTestCaseMainPhase(TestSuiteExecutor.java:129)
	at com.kms.katalon.core.main.TestSuiteExecutor.accessTestSuiteMainPhase(TestSuiteExecutor.java:112)
	at com.kms.katalon.core.main.TestSuiteExecutor.execute(TestSuiteExecutor.java:81)
	at com.kms.katalon.core.main.TestCaseMain.startTestSuite(TestCaseMain.java:157)
	at com.kms.katalon.core.main.TestCaseMain$startTestSuite$0.call(Unknown Source)
	at TempTestSuite1558253547685.run(TempTestSuite1558253547685.groovy:35)
Caused by: com.kms.katalon.core.exception.StepFailedException: Actual text 'يجب ان يكون تاريخ النهاية اكبر من تاريخ البداية' and expected text 'تاريخ النهاية يجب ان يكون اكبر من تاريخ البداية' of test object 'Object Repository/OOBObjects/IdeasListObjects/ErrorMessage' are NOT matched.
	at com.kms.katalon.core.webui.keyword.internal.WebUIKeywordMain.stepFailed(WebUIKeywordMain.groovy:64)
	at com.kms.katalon.core.webui.keyword.builtin.VerifyElementTextKeyword$_verifyElementText_closure1.doCall(VerifyElementTextKeyword.groovy:57)
	at com.kms.katalon.core.webui.keyword.builtin.VerifyElementTextKeyword$_verifyElementText_closure1.call(VerifyElementTextKeyword.groovy)
	at com.kms.katalon.core.webui.keyword.internal.WebUIKeywordMain.runKeyword(WebUIKeywordMain.groovy:20)
	... 42 more
)
[[ATTACHMENT|C:\\Users\\HP\\git\\PMO-Web-Application\\Reports\\First-Test-Suite\\20190519_111227\\1558253907019.png]]

2019-05-19 11:18:27 - [MESSAGE][FAILED] - I want to check start date greater than end date error message FAILED.
Reason:
com.kms.katalon.core.exception.StepFailedException: Verify element text of test object 'Object Repository/OOBObjects/IdeasListObjects/ErrorMessage' FAILED.
	at com.kms.katalon.core.webui.keyword.internal.WebUIKeywordMain.stepFailed(WebUIKeywordMain.groovy:64)
	at com.kms.katalon.core.webui.keyword.internal.WebUIKeywordMain.runKeyword(WebUIKeywordMain.groovy:26)
	at com.kms.katalon.core.webui.keyword.builtin.VerifyElementTextKeyword.verifyElementText(VerifyElementTextKeyword.groovy:72)
	at com.kms.katalon.core.webui.keyword.builtin.VerifyElementTextKeyword.execute(VerifyElementTextKeyword.groovy:40)
	at com.kms.katalon.core.keyword.internal.KeywordExecutor.executeKeywordForPlatform(KeywordExecutor.groovy:56)
	at com.kms.katalon.core.webui.keyword.WebUiBuiltInKeywords.verifyElementText(WebUiBuiltInKeywords.groovy:3663)
	at com.kms.katalon.core.webui.keyword.WebUiBuiltInKeywords$verifyElementText$14.call(Unknown Source)
	at com.pmo.steps.AddIdeaSteps.checkStartDateGreaterThanEndDateErrorMessage(AddIdeaSteps.groovy:516)
	at ✽.I want to check start date greater than end date error message(C:/Users/HP/git/PMO-Web-Application/Include/features/Governance-Module/Add-Idea/012-Start-Date-Greater-Than-End-Date.feature:19)
Caused by: com.kms.katalon.core.exception.StepFailedException: Actual text 'يجب ان يكون تاريخ النهاية اكبر من تاريخ البداية' and expected text 'تاريخ النهاية يجب ان يكون اكبر من تاريخ البداية' of test object 'Object Repository/OOBObjects/IdeasListObjects/ErrorMessage' are NOT matched.
	at com.kms.katalon.core.webui.keyword.internal.WebUIKeywordMain.stepFailed(WebUIKeywordMain.groovy:64)
	at com.kms.katalon.core.webui.keyword.builtin.VerifyElementTextKeyword$_verifyElementText_closure1.doCall(VerifyElementTextKeyword.groovy:57)
	at com.kms.katalon.core.webui.keyword.builtin.VerifyElementTextKeyword$_verifyElementText_closure1.call(VerifyElementTextKeyword.groovy)
	at com.kms.katalon.core.webui.keyword.internal.WebUIKeywordMain.runKeyword(WebUIKeywordMain.groovy:20)
	at com.kms.katalon.core.webui.keyword.builtin.VerifyElementTextKeyword.verifyElementText(VerifyElementTextKeyword.groovy:72)
	at com.kms.katalon.core.webui.keyword.builtin.VerifyElementTextKeyword.execute(VerifyElementTextKeyword.groovy:40)
	at com.kms.katalon.core.keyword.internal.KeywordExecutor.executeKeywordForPlatform(KeywordExecutor.groovy:56)
	at com.kms.katalon.core.webui.keyword.WebUiBuiltInKeywords.verifyElementText(WebUiBuiltInKeywords.groovy:3663)
	at com.kms.katalon.core.webui.keyword.WebUiBuiltInKeywords$verifyElementText$14.call(Unknown Source)
	at com.pmo.steps.AddIdeaSteps.checkStartDateGreaterThanEndDateErrorMessage(AddIdeaSteps.groovy:516)
	at cucumber.runtime.Utils$1.call(Utils.java:26)
	at cucumber.runtime.Timeout.timeout(Timeout.java:16)
	at cucumber.runtime.Utils.invoke(Utils.java:20)
	at cucumber.runtime.java.JavaStepDefinition.execute(JavaStepDefinition.java:48)
	at cucumber.runtime.PickleStepDefinitionMatch.runStep(PickleStepDefinitionMatch.java:50)
	at cucumber.runner.TestStep.executeStep(TestStep.java:55)
	at cucumber.runner.TestStep.run(TestStep.java:42)
	at cucumber.runner.PickleStepTestStep.run(PickleStepTestStep.java:53)
	at cucumber.runner.TestCase.run(TestCase.java:47)
	at cucumber.runner.Runner.runPickle(Runner.java:44)
	at cucumber.runtime.Runtime.runFeature(Runtime.java:120)
	at cucumber.runtime.Runtime.run(Runtime.java:106)
	at cucumber.api.cli.Main.run(Main.java:35)
	at cucumber.api.cli.Main$run.call(Unknown Source)
	at com.kms.katalon.core.cucumber.keyword.CucumberBuiltinKeywords$_runFeatureFile_closure1.doCall(CucumberBuiltinKeywords.groovy:76)
	at com.kms.katalon.core.cucumber.keyword.CucumberBuiltinKeywords$_runFeatureFile_closure1.doCall(CucumberBuiltinKeywords.groovy)
	at com.kms.katalon.core.keyword.internal.KeywordMain.runKeyword(KeywordMain.groovy:66)
	at com.kms.katalon.core.keyword.internal.KeywordMain$runKeyword.call(Unknown Source)
	at com.kms.katalon.core.cucumber.keyword.CucumberBuiltinKeywords.runFeatureFile(CucumberBuiltinKeywords.groovy:46)
	at com.kms.katalon.core.cucumber.keyword.CucumberBuiltinKeywords$runFeatureFile$0.callStatic(Unknown Source)
	at com.kms.katalon.core.cucumber.keyword.CucumberBuiltinKeywords.runFeatureFile(CucumberBuiltinKeywords.groovy:101)
	at com.kms.katalon.core.cucumber.keyword.CucumberBuiltinKeywords$runFeatureFile.call(Unknown Source)
	at 012-Start-Date-Greater-Than-End-Date.run(012-Start-Date-Greater-Than-End-Date:16)
	at com.kms.katalon.core.main.ScriptEngine.run(ScriptEngine.java:194)
	at com.kms.katalon.core.main.ScriptEngine.runScriptAsRawText(ScriptEngine.java:119)
	at com.kms.katalon.core.main.TestCaseExecutor.runScript(TestCaseExecutor.java:331)
	at com.kms.katalon.core.main.TestCaseExecutor.doExecute(TestCaseExecutor.java:322)
	at com.kms.katalon.core.main.TestCaseExecutor.processExecutionPhase(TestCaseExecutor.java:301)
	at com.kms.katalon.core.main.TestCaseExecutor.accessMainPhase(TestCaseExecutor.java:293)
	at com.kms.katalon.core.main.TestCaseExecutor.execute(TestCaseExecutor.java:227)
	at com.kms.katalon.core.main.TestSuiteExecutor.accessTestCaseMainPhase(TestSuiteExecutor.java:129)
	at com.kms.katalon.core.main.TestSuiteExecutor.accessTestSuiteMainPhase(TestSuiteExecutor.java:112)
	at com.kms.katalon.core.main.TestSuiteExecutor.execute(TestSuiteExecutor.java:81)
	at com.kms.katalon.core.main.TestCaseMain.startTestSuite(TestCaseMain.java:157)
	at com.kms.katalon.core.main.TestCaseMain$startTestSuite$0.call(Unknown Source)
	at TempTestSuite1558253547685.run(TempTestSuite1558253547685.groovy:35)


2019-05-19 11:18:27 - [TEST_STEP][NOT_RUN] - I want to close browser: I want to close browser

2019-05-19 11:18:27 - [MESSAGE][NOT_RUN] - I want to close browser

2019-05-19 11:18:27 - [MESSAGE][FAILED] - Feature file 'Include/features/Governance-Module/Add-Idea/012-Start-Date-Greater-Than-End-Date.feature' was failed

2019-05-19 11:18:27 - [MESSAGE][FAILED] - Keyword runFeatureFile was failed (Root cause: com.kms.katalon.core.exception.StepFailedException: Feature file 'Include/features/Governance-Module/Add-Idea/012-Start-Date-Greater-Than-End-Date.feature' was failed
	at com.kms.katalon.core.keyword.internal.KeywordMain.stepFailed(KeywordMain.groovy:48)
	at com.kms.katalon.core.keyword.internal.KeywordMain.stepFailed(KeywordMain.groovy)
	at com.kms.katalon.core.keyword.internal.KeywordMain.stepFailed(KeywordMain.groovy:21)
	at com.kms.katalon.core.keyword.internal.KeywordMain$stepFailed$0.call(Unknown Source)
	at com.kms.katalon.core.cucumber.keyword.CucumberBuiltinKeywords$_runFeatureFile_closure1.doCall(CucumberBuiltinKeywords.groovy:82)
	at com.kms.katalon.core.cucumber.keyword.CucumberBuiltinKeywords$_runFeatureFile_closure1.doCall(CucumberBuiltinKeywords.groovy)
	at com.kms.katalon.core.keyword.internal.KeywordMain.runKeyword(KeywordMain.groovy:66)
	at com.kms.katalon.core.keyword.internal.KeywordMain$runKeyword.call(Unknown Source)
	at com.kms.katalon.core.cucumber.keyword.CucumberBuiltinKeywords.runFeatureFile(CucumberBuiltinKeywords.groovy:46)
	at com.kms.katalon.core.cucumber.keyword.CucumberBuiltinKeywords$runFeatureFile$0.callStatic(Unknown Source)
	at com.kms.katalon.core.cucumber.keyword.CucumberBuiltinKeywords.runFeatureFile(CucumberBuiltinKeywords.groovy:101)
	at com.kms.katalon.core.cucumber.keyword.CucumberBuiltinKeywords$runFeatureFile.call(Unknown Source)
	at 012-Start-Date-Greater-Than-End-Date.run(012-Start-Date-Greater-Than-End-Date:16)
	at com.kms.katalon.core.main.ScriptEngine.run(ScriptEngine.java:194)
	at com.kms.katalon.core.main.ScriptEngine.runScriptAsRawText(ScriptEngine.java:119)
	at com.kms.katalon.core.main.TestCaseExecutor.runScript(TestCaseExecutor.java:331)
	at com.kms.katalon.core.main.TestCaseExecutor.doExecute(TestCaseExecutor.java:322)
	at com.kms.katalon.core.main.TestCaseExecutor.processExecutionPhase(TestCaseExecutor.java:301)
	at com.kms.katalon.core.main.TestCaseExecutor.accessMainPhase(TestCaseExecutor.java:293)
	at com.kms.katalon.core.main.TestCaseExecutor.execute(TestCaseExecutor.java:227)
	at com.kms.katalon.core.main.TestSuiteExecutor.accessTestCaseMainPhase(TestSuiteExecutor.java:129)
	at com.kms.katalon.core.main.TestSuiteExecutor.accessTestSuiteMainPhase(TestSuiteExecutor.java:112)
	at com.kms.katalon.core.main.TestSuiteExecutor.execute(TestSuiteExecutor.java:81)
	at com.kms.katalon.core.main.TestCaseMain.startTestSuite(TestCaseMain.java:157)
	at com.kms.katalon.core.main.TestCaseMain$startTestSuite$0.call(Unknown Source)
	at TempTestSuite1558253547685.run(TempTestSuite1558253547685.groovy:35)
)

2019-05-19 11:18:27 - [MESSAGE][FAILED] - runFeatureFile("Include/features/Governance-Module/Add-Idea/012-Start-Date-Greater-Than-End-Date.feature") FAILED.
Reason:
com.kms.katalon.core.exception.StepFailedException: Feature file 'Include/features/Governance-Module/Add-Idea/012-Start-Date-Greater-Than-End-Date.feature' was failed
	at com.kms.katalon.core.keyword.internal.KeywordMain.stepFailed(KeywordMain.groovy:48)
	at com.kms.katalon.core.keyword.internal.KeywordMain.stepFailed(KeywordMain.groovy)
	at com.kms.katalon.core.keyword.internal.KeywordMain.stepFailed(KeywordMain.groovy:21)
	at com.kms.katalon.core.keyword.internal.KeywordMain$stepFailed$0.call(Unknown Source)
	at com.kms.katalon.core.cucumber.keyword.CucumberBuiltinKeywords$_runFeatureFile_closure1.doCall(CucumberBuiltinKeywords.groovy:82)
	at com.kms.katalon.core.cucumber.keyword.CucumberBuiltinKeywords$_runFeatureFile_closure1.doCall(CucumberBuiltinKeywords.groovy)
	at com.kms.katalon.core.keyword.internal.KeywordMain.runKeyword(KeywordMain.groovy:66)
	at com.kms.katalon.core.keyword.internal.KeywordMain$runKeyword.call(Unknown Source)
	at com.kms.katalon.core.cucumber.keyword.CucumberBuiltinKeywords.runFeatureFile(CucumberBuiltinKeywords.groovy:46)
	at com.kms.katalon.core.cucumber.keyword.CucumberBuiltinKeywords$runFeatureFile$0.callStatic(Unknown Source)
	at com.kms.katalon.core.cucumber.keyword.CucumberBuiltinKeywords.runFeatureFile(CucumberBuiltinKeywords.groovy:101)
	at com.kms.katalon.core.cucumber.keyword.CucumberBuiltinKeywords$runFeatureFile.call(Unknown Source)
	at 012-Start-Date-Greater-Than-End-Date.run(012-Start-Date-Greater-Than-End-Date:16)
	at com.kms.katalon.core.main.ScriptEngine.run(ScriptEngine.java:194)
	at com.kms.katalon.core.main.ScriptEngine.runScriptAsRawText(ScriptEngine.java:119)
	at com.kms.katalon.core.main.TestCaseExecutor.runScript(TestCaseExecutor.java:331)
	at com.kms.katalon.core.main.TestCaseExecutor.doExecute(TestCaseExecutor.java:322)
	at com.kms.katalon.core.main.TestCaseExecutor.processExecutionPhase(TestCaseExecutor.java:301)
	at com.kms.katalon.core.main.TestCaseExecutor.accessMainPhase(TestCaseExecutor.java:293)
	at com.kms.katalon.core.main.TestCaseExecutor.execute(TestCaseExecutor.java:227)
	at com.kms.katalon.core.main.TestSuiteExecutor.accessTestCaseMainPhase(TestSuiteExecutor.java:129)
	at com.kms.katalon.core.main.TestSuiteExecutor.accessTestSuiteMainPhase(TestSuiteExecutor.java:112)
	at com.kms.katalon.core.main.TestSuiteExecutor.execute(TestSuiteExecutor.java:81)
	at com.kms.katalon.core.main.TestCaseMain.startTestSuite(TestCaseMain.java:157)
	at com.kms.katalon.core.main.TestCaseMain$startTestSuite$0.call(Unknown Source)
	at TempTestSuite1558253547685.run(TempTestSuite1558253547685.groovy:35)]]></system-out>
         <system-err><![CDATA[2019-05-19 11:17:56 - [TEST_CASE][FAILED] - Test Cases/Add-Idea-Test-Cases/012-Start-Date-Greater-Than-End-Date: Test Cases/Add-Idea-Test-Cases/012-Start-Date-Greater-Than-End-Date FAILED.
Reason:
com.kms.katalon.core.exception.StepFailedException: Feature file 'Include/features/Governance-Module/Add-Idea/012-Start-Date-Greater-Than-End-Date.feature' was failed
	at com.kms.katalon.core.keyword.internal.KeywordMain.stepFailed(KeywordMain.groovy:48)
	at com.kms.katalon.core.keyword.internal.KeywordMain.stepFailed(KeywordMain.groovy)
	at com.kms.katalon.core.keyword.internal.KeywordMain.stepFailed(KeywordMain.groovy:21)
	at com.kms.katalon.core.keyword.internal.KeywordMain$stepFailed$0.call(Unknown Source)
	at com.kms.katalon.core.cucumber.keyword.CucumberBuiltinKeywords$_runFeatureFile_closure1.doCall(CucumberBuiltinKeywords.groovy:82)
	at com.kms.katalon.core.cucumber.keyword.CucumberBuiltinKeywords$_runFeatureFile_closure1.doCall(CucumberBuiltinKeywords.groovy)
	at com.kms.katalon.core.keyword.internal.KeywordMain.runKeyword(KeywordMain.groovy:66)
	at com.kms.katalon.core.keyword.internal.KeywordMain$runKeyword.call(Unknown Source)
	at com.kms.katalon.core.cucumber.keyword.CucumberBuiltinKeywords.runFeatureFile(CucumberBuiltinKeywords.groovy:46)
	at com.kms.katalon.core.cucumber.keyword.CucumberBuiltinKeywords$runFeatureFile$0.callStatic(Unknown Source)
	at com.kms.katalon.core.cucumber.keyword.CucumberBuiltinKeywords.runFeatureFile(CucumberBuiltinKeywords.groovy:101)
	at com.kms.katalon.core.cucumber.keyword.CucumberBuiltinKeywords$runFeatureFile.call(Unknown Source)
	at 012-Start-Date-Greater-Than-End-Date.run(012-Start-Date-Greater-Than-End-Date:16)
	at com.kms.katalon.core.main.ScriptEngine.run(ScriptEngine.java:194)
	at com.kms.katalon.core.main.ScriptEngine.runScriptAsRawText(ScriptEngine.java:119)
	at com.kms.katalon.core.main.TestCaseExecutor.runScript(TestCaseExecutor.java:331)
	at com.kms.katalon.core.main.TestCaseExecutor.doExecute(TestCaseExecutor.java:322)
	at com.kms.katalon.core.main.TestCaseExecutor.processExecutionPhase(TestCaseExecutor.java:301)
	at com.kms.katalon.core.main.TestCaseExecutor.accessMainPhase(TestCaseExecutor.java:293)
	at com.kms.katalon.core.main.TestCaseExecutor.execute(TestCaseExecutor.java:227)
	at com.kms.katalon.core.main.TestSuiteExecutor.accessTestCaseMainPhase(TestSuiteExecutor.java:129)
	at com.kms.katalon.core.main.TestSuiteExecutor.accessTestSuiteMainPhase(TestSuiteExecutor.java:112)
	at com.kms.katalon.core.main.TestSuiteExecutor.execute(TestSuiteExecutor.java:81)
	at com.kms.katalon.core.main.TestCaseMain.startTestSuite(TestCaseMain.java:157)
	at com.kms.katalon.core.main.TestCaseMain$startTestSuite$0.call(Unknown Source)
	at TempTestSuite1558253547685.run(TempTestSuite1558253547685.groovy:35)]]></system-err>
      </testcase>
      <testcase name="Test Cases/Add-Idea-Test-Cases/013-Check-Duration-Field" classname="Test Cases/Add-Idea-Test-Cases/013-Check-Duration-Field" status="PASSED">
         <system-out><![CDATA[2019-05-19 11:18:27 - [TEST_CASE][PASSED] - Test Cases/Add-Idea-Test-Cases/013-Check-Duration-Field: Test Cases/Add-Idea-Test-Cases/013-Check-Duration-Field

2019-05-19 11:18:27 - [TEST_STEP][PASSED] - runFeatureFile("Include/features/Governance-Module/Add-Idea/013-Check-Duration-Field.feature"): Feature file: 'Include/features/Governance-Module/Add-Idea/013-Check-Duration-Field.feature' was passed

2019-05-19 11:18:27 - [MESSAGE][INFO] - Starting run keyword runFeatureFile: 'Include/features/Governance-Module/Add-Idea/013-Check-Duration-Field.feature' and extract report to folder: 'C:\Users\HP\git\PMO-Web-Application\Reports\First-Test-Suite\20190519_111227/cucumber_report/1558253907385'...

2019-05-19 11:18:27 - [TEST_CASE][PASSED] - Start Test Case : SCENARIO check that duration field filled automatically: SCENARIO check that duration field filled automatically

2019-05-19 11:18:27 - [TEST_STEP][PASSED] - I want to open browser: I want to open browser

2019-05-19 11:18:27 - [MESSAGE][WARNING] - A browser is already opened. Closing browser and opening a new one

2019-05-19 11:18:28 - [MESSAGE][INFO] - Starting 'Chrome' driver

2019-05-19 11:18:30 - [MESSAGE][PASSED] - Browser is opened with url: ''

2019-05-19 11:18:30 - [MESSAGE][PASSED] - Delete all cookies successfully

2019-05-19 11:18:30 - [MESSAGE][PASSED] - I want to open browser

2019-05-19 11:18:30 - [TEST_STEP][PASSED] - I want to maximize window: I want to maximize window

2019-05-19 11:18:31 - [MESSAGE][PASSED] - Current window maximized

2019-05-19 11:18:31 - [MESSAGE][PASSED] - I want to maximize window

2019-05-19 11:18:31 - [TEST_STEP][PASSED] - I want to go to OOB: I want to go to OOB

2019-05-19 11:18:33 - [MESSAGE][PASSED] - Navigate to 'https://pmoadmin:P@ssw0rd@dev5.cloudapp.net/OOB2/' successfully

2019-05-19 11:18:33 - [MESSAGE][PASSED] - I want to go to OOB

2019-05-19 11:18:33 - [TEST_STEP][PASSED] - I want to verify I'm in OOB main page: I want to verify I'm in OOB main page

2019-05-19 11:18:33 - [MESSAGE][WARNING] - Timeout '0' is invalid. Using default page load timeout: '30'

2019-05-19 11:18:40 - [MESSAGE][PASSED] - Object 'Object Repository/OOBObjects/HomepageObjects/OOBSideBar' is present

2019-05-19 11:18:40 - [MESSAGE][PASSED] - I want to verify I'm in OOB main page

2019-05-19 11:18:40 - [TEST_STEP][PASSED] - I want to go to ideas list page: I want to go to ideas list page

2019-05-19 11:18:43 - [MESSAGE][PASSED] - Object: 'Object Repository/OOBObjects/HomepageObjects/IdeasList' is clicked on

2019-05-19 11:18:43 - [MESSAGE][PASSED] - I want to go to ideas list page

2019-05-19 11:18:43 - [TEST_STEP][PASSED] - I want to click on Add New button: I want to click on Add New button

2019-05-19 11:18:44 - [MESSAGE][PASSED] - Object: 'Object Repository/OOBObjects/IdeasListObjects/AddNewIdeaButton' is clicked on

2019-05-19 11:18:44 - [MESSAGE][PASSED] - I want to click on Add New button

2019-05-19 11:18:44 - [TEST_STEP][PASSED] - I want to fill idea name field: I want to fill idea name field

2019-05-19 11:18:44 - [MESSAGE][PASSED] - Text 'Automation3901' is set on object 'Object Repository/OOBObjects/IdeasListObjects/Idea-Name-Field'

2019-05-19 11:18:44 - [MESSAGE][PASSED] - I want to fill idea name field

2019-05-19 11:18:44 - [TEST_STEP][PASSED] - I want to select expected start date: I want to select expected start date

2019-05-19 11:18:45 - [MESSAGE][PASSED] - Object: 'Object Repository/OOBObjects/IdeasListObjects//GREGORIAN-Start-date-Check-Box' is clicked on

2019-05-19 11:18:45 - [MESSAGE][PASSED] - Object: 'Object Repository/OOBObjects/IdeasListObjects//Excepted-Start-Date' is clicked on

2019-05-19 11:18:45 - [MESSAGE][PASSED] - All options with index in [5] are selected on object 'Object Repository/OOBObjects/IdeasListObjects/StartDateMonthDropDwon'

2019-05-19 11:18:45 - [MESSAGE][PASSED] - Object: 'Object Repository/OOBObjects/IdeasListObjects//Day26' is hovered

2019-05-19 11:18:45 - [MESSAGE][PASSED] - Object: 'Object Repository/OOBObjects/IdeasListObjects//Day26' is clicked on

2019-05-19 11:18:45 - [MESSAGE][PASSED] - I want to select expected start date

2019-05-19 11:18:45 - [TEST_STEP][PASSED] - I want to select expected end date: I want to select expected end date

2019-05-19 11:18:45 - [MESSAGE][PASSED] - Object 'Object Repository/OOBObjects/IdeasListObjects/GREGORIAN-End-Date-Check-Box' is visible

2019-05-19 11:18:45 - [MESSAGE][PASSED] - Object: 'Object Repository/OOBObjects/IdeasListObjects/GREGORIAN-End-Date-Check-Box' is clicked on

2019-05-19 11:18:47 - [MESSAGE][PASSED] - Delayed 2 second(s)

2019-05-19 11:18:47 - [MESSAGE][PASSED] - Object: 'Object Repository/OOBObjects/IdeasListObjects/Excpected-End-Date' is hovered

2019-05-19 11:18:47 - [MESSAGE][PASSED] - Object: 'Object Repository/OOBObjects/IdeasListObjects/Excpected-End-Date' is clicked on

2019-05-19 11:18:47 - [MESSAGE][PASSED] - All options with index in [6] are selected on object 'Object Repository/OOBObjects/IdeasListObjects/EndDateMonthDropdown'

2019-05-19 11:18:47 - [MESSAGE][PASSED] - Object: 'Object Repository/OOBObjects/IdeasListObjects/EndDateDay15' is hovered

2019-05-19 11:18:47 - [MESSAGE][PASSED] - Object: 'Object Repository/OOBObjects/IdeasListObjects/EndDateDay15' is clicked on

2019-05-19 11:18:47 - [MESSAGE][PASSED] - I want to select expected end date

2019-05-19 11:18:47 - [TEST_STEP][PASSED] - I want to check duration field filled automatically: I want to check duration field filled automatically

2019-05-19 11:18:47 - [MESSAGE][PASSED] - Text of object 'Object Repository/OOBObjects/IdeasListObjects/IdeaDurationField' is: ''

2019-05-19 11:18:47 - [MESSAGE][PASSED] - Actual object '' and expected object 'null' are not equal

2019-05-19 11:18:47 - [MESSAGE][PASSED] - I want to check duration field filled automatically

2019-05-19 11:18:47 - [TEST_STEP][PASSED] - I want to close browser: I want to close browser

2019-05-19 11:18:48 - [MESSAGE][PASSED] - Browser is closed

2019-05-19 11:18:48 - [MESSAGE][PASSED] - I want to close browser

2019-05-19 11:18:48 - [MESSAGE][PASSED] - Feature file: 'Include/features/Governance-Module/Add-Idea/013-Check-Duration-Field.feature' was passed]]></system-out>
         <system-err><![CDATA[]]></system-err>
      </testcase>
      <testcase name="Test Cases/Add-Idea-Test-Cases/014-Verify-Clicking-Load-With-No-Attachment" classname="Test Cases/Add-Idea-Test-Cases/014-Verify-Clicking-Load-With-No-Attachment" status="PASSED">
         <system-out><![CDATA[2019-05-19 11:18:48 - [TEST_CASE][PASSED] - Test Cases/Add-Idea-Test-Cases/014-Verify-Clicking-Load-With-No-Attachment: Test Cases/Add-Idea-Test-Cases/014-Verify-Clicking-Load-With-No-Attachment

2019-05-19 11:18:48 - [TEST_STEP][PASSED] - runFeatureFile("Include/features/Governance-Module/Add-Idea/014-Verify-Clicking-Load-With-No-Attachment.feature"): Feature file: 'Include/features/Governance-Module/Add-Idea/014-Verify-Clicking-Load-With-No-Attachment.feature' was passed

2019-05-19 11:18:48 - [MESSAGE][INFO] - Starting run keyword runFeatureFile: 'Include/features/Governance-Module/Add-Idea/014-Verify-Clicking-Load-With-No-Attachment.feature' and extract report to folder: 'C:\Users\HP\git\PMO-Web-Application\Reports\First-Test-Suite\20190519_111227/cucumber_report/1558253928650'...

2019-05-19 11:18:48 - [TEST_CASE][PASSED] - Start Test Case : SCENARIO Verify that choose file error message displays after clicking Load button without choosing attachment: SCENARIO Verify that choose file error message displays after clicking Load button without choosing attachment

2019-05-19 11:18:48 - [TEST_STEP][PASSED] - I want to open browser: I want to open browser

2019-05-19 11:18:48 - [MESSAGE][INFO] - Starting 'Chrome' driver

2019-05-19 11:18:50 - [MESSAGE][PASSED] - Browser is opened with url: ''

2019-05-19 11:18:51 - [MESSAGE][PASSED] - Delete all cookies successfully

2019-05-19 11:18:51 - [MESSAGE][PASSED] - I want to open browser

2019-05-19 11:18:51 - [TEST_STEP][PASSED] - I want to maximize window: I want to maximize window

2019-05-19 11:18:52 - [MESSAGE][PASSED] - Current window maximized

2019-05-19 11:18:52 - [MESSAGE][PASSED] - I want to maximize window

2019-05-19 11:18:52 - [TEST_STEP][PASSED] - I want to go to OOB: I want to go to OOB

2019-05-19 11:18:53 - [MESSAGE][PASSED] - Navigate to 'https://pmoadmin:P@ssw0rd@dev5.cloudapp.net/OOB2/' successfully

2019-05-19 11:18:53 - [MESSAGE][PASSED] - I want to go to OOB

2019-05-19 11:18:53 - [TEST_STEP][PASSED] - I want to verify I'm in OOB main page: I want to verify I'm in OOB main page

2019-05-19 11:18:53 - [MESSAGE][WARNING] - Timeout '0' is invalid. Using default page load timeout: '30'

2019-05-19 11:19:01 - [MESSAGE][PASSED] - Object 'Object Repository/OOBObjects/HomepageObjects/OOBSideBar' is present

2019-05-19 11:19:01 - [MESSAGE][PASSED] - I want to verify I'm in OOB main page

2019-05-19 11:19:01 - [TEST_STEP][PASSED] - I want to go to ideas list page: I want to go to ideas list page

2019-05-19 11:19:03 - [MESSAGE][PASSED] - Object: 'Object Repository/OOBObjects/HomepageObjects/IdeasList' is clicked on

2019-05-19 11:19:03 - [MESSAGE][PASSED] - I want to go to ideas list page

2019-05-19 11:19:03 - [TEST_STEP][PASSED] - I want to click on Add New button: I want to click on Add New button

2019-05-19 11:19:05 - [MESSAGE][PASSED] - Object: 'Object Repository/OOBObjects/IdeasListObjects/AddNewIdeaButton' is clicked on

2019-05-19 11:19:05 - [MESSAGE][PASSED] - I want to click on Add New button

2019-05-19 11:19:05 - [TEST_STEP][PASSED] - I want to click Add New Doc button: I want to click Add New Doc button

2019-05-19 11:19:05 - [MESSAGE][PASSED] - Object: 'Object Repository/OOBObjects/IdeasListObjects/Add-New-Document-Button' is clicked on

2019-05-19 11:19:05 - [MESSAGE][WARNING] - Timeout '0' is invalid. Using default page load timeout: '30'

2019-05-19 11:19:05 - [MESSAGE][PASSED] - Scroll to object 'Object Repository/OOBObjects/IdeasListObjects/Add-New-Document-Button' successfully

2019-05-19 11:19:05 - [MESSAGE][PASSED] - I want to click Add New Doc button

2019-05-19 11:19:05 - [TEST_STEP][PASSED] - I want to click Load button: I want to click Load button

2019-05-19 11:19:05 - [MESSAGE][PASSED] - Object: 'Object Repository/OOBObjects/IdeasListObjects/LoadButton' is clicked on

2019-05-19 11:19:05 - [MESSAGE][PASSED] - I want to click Load button

2019-05-19 11:19:05 - [TEST_STEP][PASSED] - I want to check choose file error message: I want to check choose file error message

2019-05-19 11:19:05 - [MESSAGE][PASSED] - Actual text and expected text of test object 'Object Repository/OOBObjects/IdeasListObjects/ErrorMessage' are matched.

2019-05-19 11:19:05 - [MESSAGE][PASSED] - I want to check choose file error message

2019-05-19 11:19:05 - [TEST_STEP][PASSED] - I want to verify Attachment not added: I want to verify Attachment not added

2019-05-19 11:19:05 - [MESSAGE][WARNING] - Timeout '0' is invalid. Using default page load timeout: '30'

2019-05-19 11:19:05 - [MESSAGE][PASSED] - Web element with id: 'Object Repository/OOBObjects/IdeasListObjects/AttachedFile' located by 'By.xpath: //*[@id='AttachmentPath_attachement_div']/div[2]/a' is not present after '30' second(s)

2019-05-19 11:19:05 - [MESSAGE][PASSED] - I want to verify Attachment not added

2019-05-19 11:19:05 - [TEST_STEP][PASSED] - I want to close browser: I want to close browser

2019-05-19 11:19:06 - [MESSAGE][PASSED] - Browser is closed

2019-05-19 11:19:06 - [MESSAGE][PASSED] - I want to close browser

2019-05-19 11:19:06 - [MESSAGE][PASSED] - Feature file: 'Include/features/Governance-Module/Add-Idea/014-Verify-Clicking-Load-With-No-Attachment.feature' was passed]]></system-out>
         <system-err><![CDATA[]]></system-err>
      </testcase>
      <testcase name="Test Cases/Add-Idea-Test-Cases/015-Verify-Hide-Optional-fields" classname="Test Cases/Add-Idea-Test-Cases/015-Verify-Hide-Optional-fields" status="PASSED">
         <system-out><![CDATA[2019-05-19 11:19:06 - [TEST_CASE][PASSED] - Test Cases/Add-Idea-Test-Cases/015-Verify-Hide-Optional-fields: Test Cases/Add-Idea-Test-Cases/015-Verify-Hide-Optional-fields

2019-05-19 11:19:06 - [TEST_STEP][PASSED] - runFeatureFile("Include/features/Governance-Module/Add-Idea/015-Verify-Hide-Optional-fields.feature"): Feature file: 'Include/features/Governance-Module/Add-Idea/015-Verify-Hide-Optional-fields.feature' was passed

2019-05-19 11:19:06 - [MESSAGE][INFO] - Starting run keyword runFeatureFile: 'Include/features/Governance-Module/Add-Idea/015-Verify-Hide-Optional-fields.feature' and extract report to folder: 'C:\Users\HP\git\PMO-Web-Application\Reports\First-Test-Suite\20190519_111227/cucumber_report/1558253946454'...

2019-05-19 11:19:06 - [TEST_CASE][PASSED] - Start Test Case : SCENARIO Verify Hide optional fields link: SCENARIO Verify Hide optional fields link

2019-05-19 11:19:06 - [TEST_STEP][PASSED] - I want to open browser: I want to open browser

2019-05-19 11:19:06 - [MESSAGE][INFO] - Starting 'Chrome' driver

2019-05-19 11:19:08 - [MESSAGE][PASSED] - Browser is opened with url: ''

2019-05-19 11:19:08 - [MESSAGE][PASSED] - Delete all cookies successfully

2019-05-19 11:19:08 - [MESSAGE][PASSED] - I want to open browser

2019-05-19 11:19:08 - [TEST_STEP][PASSED] - I want to maximize window: I want to maximize window

2019-05-19 11:19:09 - [MESSAGE][PASSED] - Current window maximized

2019-05-19 11:19:09 - [MESSAGE][PASSED] - I want to maximize window

2019-05-19 11:19:09 - [TEST_STEP][PASSED] - I want to go to OOB: I want to go to OOB

2019-05-19 11:19:11 - [MESSAGE][PASSED] - Navigate to 'https://pmoadmin:P@ssw0rd@dev5.cloudapp.net/OOB2/' successfully

2019-05-19 11:19:11 - [MESSAGE][PASSED] - I want to go to OOB

2019-05-19 11:19:11 - [TEST_STEP][PASSED] - I want to verify I'm in OOB main page: I want to verify I'm in OOB main page

2019-05-19 11:19:11 - [MESSAGE][WARNING] - Timeout '0' is invalid. Using default page load timeout: '30'

2019-05-19 11:19:21 - [MESSAGE][PASSED] - Object 'Object Repository/OOBObjects/HomepageObjects/OOBSideBar' is present

2019-05-19 11:19:21 - [MESSAGE][PASSED] - I want to verify I'm in OOB main page

2019-05-19 11:19:21 - [TEST_STEP][PASSED] - I want to go to ideas list page: I want to go to ideas list page

2019-05-19 11:19:23 - [MESSAGE][PASSED] - Object: 'Object Repository/OOBObjects/HomepageObjects/IdeasList' is clicked on

2019-05-19 11:19:23 - [MESSAGE][PASSED] - I want to go to ideas list page

2019-05-19 11:19:23 - [TEST_STEP][PASSED] - I want to click on Add New button: I want to click on Add New button

2019-05-19 11:19:24 - [MESSAGE][PASSED] - Object: 'Object Repository/OOBObjects/IdeasListObjects/AddNewIdeaButton' is clicked on

2019-05-19 11:19:24 - [MESSAGE][PASSED] - I want to click on Add New button

2019-05-19 11:19:24 - [TEST_STEP][PASSED] - I want to click on Hide optional fields link: I want to click on Hide optional fields link

2019-05-19 11:19:24 - [MESSAGE][PASSED] - Object: 'Object Repository/OOBObjects/IdeasListObjects/HideOptionalFields' is clicked on

2019-05-19 11:19:24 - [MESSAGE][PASSED] - I want to click on Hide optional fields link

2019-05-19 11:19:24 - [TEST_STEP][PASSED] - I want to verify optional fields disappear: I want to verify optional fields disappear

2019-05-19 11:19:24 - [MESSAGE][WARNING] - Timeout '0' is invalid. Using default page load timeout: '30'

2019-05-19 11:19:24 - [MESSAGE][PASSED] - Scroll to object 'Object Repository/OOBObjects/IdeasListObjects/Add-New-Document-Button' successfully

2019-05-19 11:19:24 - [MESSAGE][PASSED] - Object 'Object Repository/OOBObjects/IdeasListObjects/Notes-Field' is NOT visible

2019-05-19 11:19:24 - [MESSAGE][PASSED] - I want to verify optional fields disappear

2019-05-19 11:19:24 - [TEST_STEP][PASSED] - I want to close browser: I want to close browser

2019-05-19 11:19:25 - [MESSAGE][PASSED] - Browser is closed

2019-05-19 11:19:25 - [MESSAGE][PASSED] - I want to close browser

2019-05-19 11:19:25 - [MESSAGE][PASSED] - Feature file: 'Include/features/Governance-Module/Add-Idea/015-Verify-Hide-Optional-fields.feature' was passed]]></system-out>
         <system-err><![CDATA[]]></system-err>
      </testcase>
      <testcase name="Test Cases/Add-Idea-Test-Cases/016-Verify-Show-Optional-fields" classname="Test Cases/Add-Idea-Test-Cases/016-Verify-Show-Optional-fields" status="PASSED">
         <system-out><![CDATA[2019-05-19 11:19:25 - [TEST_CASE][PASSED] - Test Cases/Add-Idea-Test-Cases/016-Verify-Show-Optional-fields: Test Cases/Add-Idea-Test-Cases/016-Verify-Show-Optional-fields

2019-05-19 11:19:25 - [TEST_STEP][PASSED] - runFeatureFile("Include/features/Governance-Module/Add-Idea/016-Verify-Show-Optional-fields.feature"): Feature file: 'Include/features/Governance-Module/Add-Idea/016-Verify-Show-Optional-fields.feature' was passed

2019-05-19 11:19:25 - [MESSAGE][INFO] - Starting run keyword runFeatureFile: 'Include/features/Governance-Module/Add-Idea/016-Verify-Show-Optional-fields.feature' and extract report to folder: 'C:\Users\HP\git\PMO-Web-Application\Reports\First-Test-Suite\20190519_111227/cucumber_report/1558253965619'...

2019-05-19 11:19:25 - [TEST_CASE][PASSED] - Start Test Case : SCENARIO Verify Show optional fields link: SCENARIO Verify Show optional fields link

2019-05-19 11:19:25 - [TEST_STEP][PASSED] - I want to open browser: I want to open browser

2019-05-19 11:19:25 - [MESSAGE][INFO] - Starting 'Chrome' driver

2019-05-19 11:19:27 - [MESSAGE][PASSED] - Browser is opened with url: ''

2019-05-19 11:19:27 - [MESSAGE][PASSED] - Delete all cookies successfully

2019-05-19 11:19:27 - [MESSAGE][PASSED] - I want to open browser

2019-05-19 11:19:27 - [TEST_STEP][PASSED] - I want to maximize window: I want to maximize window

2019-05-19 11:19:29 - [MESSAGE][PASSED] - Current window maximized

2019-05-19 11:19:29 - [MESSAGE][PASSED] - I want to maximize window

2019-05-19 11:19:29 - [TEST_STEP][PASSED] - I want to go to OOB: I want to go to OOB

2019-05-19 11:19:30 - [MESSAGE][PASSED] - Navigate to 'https://pmoadmin:P@ssw0rd@dev5.cloudapp.net/OOB2/' successfully

2019-05-19 11:19:30 - [MESSAGE][PASSED] - I want to go to OOB

2019-05-19 11:19:30 - [TEST_STEP][PASSED] - I want to verify I'm in OOB main page: I want to verify I'm in OOB main page

2019-05-19 11:19:30 - [MESSAGE][WARNING] - Timeout '0' is invalid. Using default page load timeout: '30'

2019-05-19 11:19:37 - [MESSAGE][PASSED] - Object 'Object Repository/OOBObjects/HomepageObjects/OOBSideBar' is present

2019-05-19 11:19:37 - [MESSAGE][PASSED] - I want to verify I'm in OOB main page

2019-05-19 11:19:37 - [TEST_STEP][PASSED] - I want to go to ideas list page: I want to go to ideas list page

2019-05-19 11:19:42 - [MESSAGE][PASSED] - Object: 'Object Repository/OOBObjects/HomepageObjects/IdeasList' is clicked on

2019-05-19 11:19:42 - [MESSAGE][PASSED] - I want to go to ideas list page

2019-05-19 11:19:42 - [TEST_STEP][PASSED] - I want to click on Add New button: I want to click on Add New button

2019-05-19 11:19:44 - [MESSAGE][PASSED] - Object: 'Object Repository/OOBObjects/IdeasListObjects/AddNewIdeaButton' is clicked on

2019-05-19 11:19:44 - [MESSAGE][PASSED] - I want to click on Add New button

2019-05-19 11:19:44 - [TEST_STEP][PASSED] - I want to click on Hide optional fields link: I want to click on Hide optional fields link

2019-05-19 11:19:44 - [MESSAGE][PASSED] - Object: 'Object Repository/OOBObjects/IdeasListObjects/HideOptionalFields' is clicked on

2019-05-19 11:19:44 - [MESSAGE][PASSED] - I want to click on Hide optional fields link

2019-05-19 11:19:44 - [TEST_STEP][PASSED] - I want to verify optional fields disappear: I want to verify optional fields disappear

2019-05-19 11:19:44 - [MESSAGE][WARNING] - Timeout '0' is invalid. Using default page load timeout: '30'

2019-05-19 11:19:44 - [MESSAGE][PASSED] - Scroll to object 'Object Repository/OOBObjects/IdeasListObjects/Add-New-Document-Button' successfully

2019-05-19 11:19:44 - [MESSAGE][PASSED] - Object 'Object Repository/OOBObjects/IdeasListObjects/Notes-Field' is NOT visible

2019-05-19 11:19:44 - [MESSAGE][PASSED] - I want to verify optional fields disappear

2019-05-19 11:19:44 - [TEST_STEP][PASSED] - I want to click on Show optional fields link: I want to click on Show optional fields link

2019-05-19 11:19:47 - [MESSAGE][PASSED] - Delayed 3 second(s)

2019-05-19 11:19:47 - [MESSAGE][WARNING] - Timeout '0' is invalid. Using default page load timeout: '30'

2019-05-19 11:19:47 - [MESSAGE][PASSED] - Scroll to object 'Object Repository/OOBObjects/IdeasListObjects/HomePage-Breadcrumb' successfully

2019-05-19 11:19:48 - [MESSAGE][PASSED] - Object: 'Object Repository/OOBObjects/IdeasListObjects/ShowOptionalFields' is clicked on

2019-05-19 11:19:48 - [MESSAGE][PASSED] - I want to click on Show optional fields link

2019-05-19 11:19:48 - [TEST_STEP][PASSED] - I want to verify optional fields appear: I want to verify optional fields appear

2019-05-19 11:19:48 - [MESSAGE][WARNING] - Timeout '0' is invalid. Using default page load timeout: '30'

2019-05-19 11:19:48 - [MESSAGE][PASSED] - Scroll to object 'Object Repository/OOBObjects/IdeasListObjects/Add-New-Document-Button' successfully

2019-05-19 11:19:48 - [MESSAGE][PASSED] - Object 'Object Repository/OOBObjects/IdeasListObjects/Notes-Field' is visible

2019-05-19 11:19:48 - [MESSAGE][PASSED] - I want to verify optional fields appear

2019-05-19 11:19:48 - [TEST_STEP][PASSED] - I want to close browser: I want to close browser

2019-05-19 11:19:48 - [MESSAGE][PASSED] - Browser is closed

2019-05-19 11:19:48 - [MESSAGE][PASSED] - I want to close browser

2019-05-19 11:19:48 - [MESSAGE][PASSED] - Feature file: 'Include/features/Governance-Module/Add-Idea/016-Verify-Show-Optional-fields.feature' was passed]]></system-out>
         <system-err><![CDATA[]]></system-err>
      </testcase>
      <testcase name="Test Cases/Add-Idea-Test-Cases/017-Submit-Idea-and-Check-its-Sent-to-PMO" classname="Test Cases/Add-Idea-Test-Cases/017-Submit-Idea-and-Check-its-Sent-to-PMO" status="PASSED">
         <system-out><![CDATA[2019-05-19 11:19:48 - [TEST_CASE][PASSED] - Test Cases/Add-Idea-Test-Cases/017-Submit-Idea-and-Check-its-Sent-to-PMO: Test Cases/Add-Idea-Test-Cases/017-Submit-Idea-and-Check-its-Sent-to-PMO

2019-05-19 11:19:48 - [TEST_STEP][PASSED] - runFeatureFile("Include/features/Governance-Module/Add-Idea/017-Submit-Idea-and-Check-its-Sent-to-PMO.feature"): Feature file: 'Include/features/Governance-Module/Add-Idea/017-Submit-Idea-and-Check-its-Sent-to-PMO.feature' was passed

2019-05-19 11:19:48 - [MESSAGE][INFO] - Starting run keyword runFeatureFile: 'Include/features/Governance-Module/Add-Idea/017-Submit-Idea-and-Check-its-Sent-to-PMO.feature' and extract report to folder: 'C:\Users\HP\git\PMO-Web-Application\Reports\First-Test-Suite\20190519_111227/cucumber_report/1558253988789'...

2019-05-19 11:19:48 - [TEST_CASE][PASSED] - Start Test Case : SCENARIO Submit idea and check it has been sent to PMO: SCENARIO Submit idea and check it has been sent to PMO

2019-05-19 11:19:48 - [TEST_STEP][PASSED] - I want to open browser: I want to open browser

2019-05-19 11:19:48 - [MESSAGE][INFO] - Starting 'Chrome' driver

2019-05-19 11:19:51 - [MESSAGE][PASSED] - Browser is opened with url: ''

2019-05-19 11:19:51 - [MESSAGE][PASSED] - Delete all cookies successfully

2019-05-19 11:19:51 - [MESSAGE][PASSED] - I want to open browser

2019-05-19 11:19:51 - [TEST_STEP][PASSED] - I want to maximize window: I want to maximize window

2019-05-19 11:19:52 - [MESSAGE][PASSED] - Current window maximized

2019-05-19 11:19:52 - [MESSAGE][PASSED] - I want to maximize window

2019-05-19 11:19:52 - [TEST_STEP][PASSED] - I want to go to OOB: I want to go to OOB

2019-05-19 11:19:53 - [MESSAGE][PASSED] - Navigate to 'https://pmoadmin:P@ssw0rd@dev5.cloudapp.net/OOB2/' successfully

2019-05-19 11:19:53 - [MESSAGE][PASSED] - I want to go to OOB

2019-05-19 11:19:53 - [TEST_STEP][PASSED] - I want to verify I'm in OOB main page: I want to verify I'm in OOB main page

2019-05-19 11:19:53 - [MESSAGE][WARNING] - Timeout '0' is invalid. Using default page load timeout: '30'

2019-05-19 11:20:00 - [MESSAGE][PASSED] - Object 'Object Repository/OOBObjects/HomepageObjects/OOBSideBar' is present

2019-05-19 11:20:00 - [MESSAGE][PASSED] - I want to verify I'm in OOB main page

2019-05-19 11:20:00 - [TEST_STEP][PASSED] - I want to go to ideas list page: I want to go to ideas list page

2019-05-19 11:20:03 - [MESSAGE][PASSED] - Object: 'Object Repository/OOBObjects/HomepageObjects/IdeasList' is clicked on

2019-05-19 11:20:03 - [MESSAGE][PASSED] - I want to go to ideas list page

2019-05-19 11:20:03 - [TEST_STEP][PASSED] - I want to click on Add New button: I want to click on Add New button

2019-05-19 11:20:05 - [MESSAGE][PASSED] - Object: 'Object Repository/OOBObjects/IdeasListObjects/AddNewIdeaButton' is clicked on

2019-05-19 11:20:05 - [MESSAGE][PASSED] - I want to click on Add New button

2019-05-19 11:20:05 - [TEST_STEP][PASSED] - I want to fill idea name field: I want to fill idea name field

2019-05-19 11:20:05 - [MESSAGE][PASSED] - Text 'Automation381' is set on object 'Object Repository/OOBObjects/IdeasListObjects/Idea-Name-Field'

2019-05-19 11:20:05 - [MESSAGE][PASSED] - I want to fill idea name field

2019-05-19 11:20:05 - [TEST_STEP][PASSED] - I want to select expected start date: I want to select expected start date

2019-05-19 11:20:05 - [MESSAGE][PASSED] - Object: 'Object Repository/OOBObjects/IdeasListObjects//GREGORIAN-Start-date-Check-Box' is clicked on

2019-05-19 11:20:05 - [MESSAGE][PASSED] - Object: 'Object Repository/OOBObjects/IdeasListObjects//Excepted-Start-Date' is clicked on

2019-05-19 11:20:05 - [MESSAGE][PASSED] - All options with index in [5] are selected on object 'Object Repository/OOBObjects/IdeasListObjects/StartDateMonthDropDwon'

2019-05-19 11:20:05 - [MESSAGE][PASSED] - Object: 'Object Repository/OOBObjects/IdeasListObjects//Day26' is hovered

2019-05-19 11:20:05 - [MESSAGE][PASSED] - Object: 'Object Repository/OOBObjects/IdeasListObjects//Day26' is clicked on

2019-05-19 11:20:05 - [MESSAGE][PASSED] - I want to select expected start date

2019-05-19 11:20:05 - [TEST_STEP][PASSED] - I want to select expected end date: I want to select expected end date

2019-05-19 11:20:05 - [MESSAGE][PASSED] - Object 'Object Repository/OOBObjects/IdeasListObjects/GREGORIAN-End-Date-Check-Box' is visible

2019-05-19 11:20:05 - [MESSAGE][PASSED] - Object: 'Object Repository/OOBObjects/IdeasListObjects/GREGORIAN-End-Date-Check-Box' is clicked on

2019-05-19 11:20:07 - [MESSAGE][PASSED] - Delayed 2 second(s)

2019-05-19 11:20:07 - [MESSAGE][PASSED] - Object: 'Object Repository/OOBObjects/IdeasListObjects/Excpected-End-Date' is hovered

2019-05-19 11:20:07 - [MESSAGE][PASSED] - Object: 'Object Repository/OOBObjects/IdeasListObjects/Excpected-End-Date' is clicked on

2019-05-19 11:20:08 - [MESSAGE][PASSED] - All options with index in [6] are selected on object 'Object Repository/OOBObjects/IdeasListObjects/EndDateMonthDropdown'

2019-05-19 11:20:08 - [MESSAGE][PASSED] - Object: 'Object Repository/OOBObjects/IdeasListObjects/EndDateDay15' is hovered

2019-05-19 11:20:08 - [MESSAGE][PASSED] - Object: 'Object Repository/OOBObjects/IdeasListObjects/EndDateDay15' is clicked on

2019-05-19 11:20:08 - [MESSAGE][PASSED] - I want to select expected end date

2019-05-19 11:20:08 - [TEST_STEP][PASSED] - I want to fill idea objective field: I want to fill idea objective field

2019-05-19 11:20:08 - [MESSAGE][PASSED] - Text 'Automation' is set on object 'Object Repository/OOBObjects/IdeasListObjects/Idea-Objective-Field'

2019-05-19 11:20:08 - [MESSAGE][PASSED] - I want to fill idea objective field

2019-05-19 11:20:08 - [TEST_STEP][PASSED] - I want to fill expected budget field: I want to fill expected budget field

2019-05-19 11:20:08 - [MESSAGE][PASSED] - Text '10000' is set on object 'Object Repository/OOBObjects/IdeasListObjects/Expected-Budget-Field'

2019-05-19 11:20:08 - [MESSAGE][PASSED] - I want to fill expected budget field

2019-05-19 11:20:08 - [TEST_STEP][PASSED] - I want to fill Notes field: I want to fill Notes field

2019-05-19 11:20:08 - [MESSAGE][PASSED] - Text 'test note' is set on object 'Object Repository/OOBObjects/IdeasListObjects/Notes-Field'

2019-05-19 11:20:08 - [MESSAGE][PASSED] - I want to fill Notes field

2019-05-19 11:20:08 - [TEST_STEP][PASSED] - I want to click send idea button: I want to click send idea button

2019-05-19 11:20:13 - [MESSAGE][PASSED] - Delayed 5 second(s)

2019-05-19 11:20:13 - [MESSAGE][WARNING] - Timeout '0' is invalid. Using default page load timeout: '30'

2019-05-19 11:20:13 - [MESSAGE][PASSED] - Scroll to object 'Object Repository/OOBObjects/IdeasListObjects/CardBlock' successfully

2019-05-19 11:20:13 - [MESSAGE][PASSED] - Object: 'Object Repository/OOBObjects/IdeasListObjects/SendIdeaButton' is clicked on

2019-05-19 11:20:13 - [MESSAGE][PASSED] - I want to click send idea button

2019-05-19 11:20:13 - [TEST_STEP][PASSED] - I want to verify idea added successfuly: I want to verify idea added successfuly

2019-05-19 11:20:13 - [MESSAGE][WARNING] - Timeout '0' is invalid. Using default page load timeout: '30'

2019-05-19 11:20:13 - [MESSAGE][PASSED] - Wait for page load successfully

2019-05-19 11:20:15 - [MESSAGE][PASSED] - Text 'Automation381' is set on object 'Object Repository/OOBObjects/IdeasListObjects/SearchField'

2019-05-19 11:20:17 - [MESSAGE][PASSED] - Actual text and expected text of test object 'Object Repository/OOBObjects/IdeasListObjects/SearchResult' are matched.

2019-05-19 11:20:17 - [MESSAGE][PASSED] - I want to verify idea added successfuly

2019-05-19 11:20:17 - [TEST_STEP][PASSED] - I want to verify submitted idea cannot be deleted or edited: I want to verify submitted idea cannot be deleted or edited

2019-05-19 11:20:17 - [MESSAGE][WARNING] - Timeout '0' is invalid. Using default page load timeout: '30'

2019-05-19 11:20:17 - [MESSAGE][PASSED] - Web element with id: 'Object Repository/OOBObjects/IdeasListObjects/DeleteIdeaIcon' located by 'By.xpath: //*[@id='btnDelete']
' is not present after '30' second(s)

2019-05-19 11:20:17 - [MESSAGE][WARNING] - Timeout '0' is invalid. Using default page load timeout: '30'

2019-05-19 11:20:17 - [MESSAGE][PASSED] - Web element with id: 'Object Repository/OOBObjects/IdeasListObjects/EditIdea' located by 'By.xpath: //table[@id='ideasTable']/tbody/tr/td[4]/a/i' is not present after '30' second(s)

2019-05-19 11:20:17 - [MESSAGE][PASSED] - I want to verify submitted idea cannot be deleted or edited

2019-05-19 11:20:17 - [TEST_STEP][PASSED] - I want to check submitted idea status is In Progress: I want to check submitted idea status is In Progress

2019-05-19 11:20:17 - [MESSAGE][PASSED] - Actual text and expected text of test object 'Object Repository/OOBObjects/IdeasListObjects/IdeaStatus' are matched.

2019-05-19 11:20:17 - [MESSAGE][PASSED] - I want to check submitted idea status is In Progress

2019-05-19 11:20:17 - [TEST_STEP][PASSED] - I want to check submitted idea sent to PMO office for approval: I want to check submitted idea sent to PMO office for approval

2019-05-19 11:20:29 - [MESSAGE][PASSED] - Object: 'Object Repository/OOBObjects/HomepageObjects/InboxIcon' is clicked on

2019-05-19 11:20:29 - [MESSAGE][PASSED] - Object: 'Object Repository/OOBObjects/InboxPageObjects/BeforeInitiatePhase' is clicked on

2019-05-19 11:20:29 - [MESSAGE][PASSED] - Actual text and expected text of test object 'Object Repository/OOBObjects/InboxPageObjects/IdeaPhase' are matched.

2019-05-19 11:20:29 - [MESSAGE][PASSED] - I want to check submitted idea sent to PMO office for approval

2019-05-19 11:20:29 - [TEST_STEP][PASSED] - I want to close browser: I want to close browser

2019-05-19 11:20:29 - [MESSAGE][PASSED] - Browser is closed

2019-05-19 11:20:29 - [MESSAGE][PASSED] - I want to close browser

2019-05-19 11:20:29 - [MESSAGE][PASSED] - Feature file: 'Include/features/Governance-Module/Add-Idea/017-Submit-Idea-and-Check-its-Sent-to-PMO.feature' was passed]]></system-out>
         <system-err><![CDATA[]]></system-err>
      </testcase>
      <testcase name="Test Cases/Add-Idea-Test-Cases/018-Save-Draft-Idea-then-Send-it" classname="Test Cases/Add-Idea-Test-Cases/018-Save-Draft-Idea-then-Send-it" status="PASSED">
         <system-out><![CDATA[2019-05-19 11:20:29 - [TEST_CASE][PASSED] - Test Cases/Add-Idea-Test-Cases/018-Save-Draft-Idea-then-Send-it: Test Cases/Add-Idea-Test-Cases/018-Save-Draft-Idea-then-Send-it

2019-05-19 11:20:29 - [TEST_STEP][PASSED] - runFeatureFile("Include/features/Governance-Module/Add-Idea/018-Save-Draft-Idea-then-Send-it.feature"): Feature file: 'Include/features/Governance-Module/Add-Idea/018-Save-Draft-Idea-then-Send-it.feature' was passed

2019-05-19 11:20:29 - [MESSAGE][INFO] - Starting run keyword runFeatureFile: 'Include/features/Governance-Module/Add-Idea/018-Save-Draft-Idea-then-Send-it.feature' and extract report to folder: 'C:\Users\HP\git\PMO-Web-Application\Reports\First-Test-Suite\20190519_111227/cucumber_report/1558254029911'...

2019-05-19 11:20:30 - [TEST_CASE][PASSED] - Start Test Case : SCENARIO Submit draft idea and check it can be editted and deleted: SCENARIO Submit draft idea and check it can be editted and deleted

2019-05-19 11:20:30 - [TEST_STEP][PASSED] - I want to open browser: I want to open browser

2019-05-19 11:20:30 - [MESSAGE][INFO] - Starting 'Chrome' driver

2019-05-19 11:20:32 - [MESSAGE][PASSED] - Browser is opened with url: ''

2019-05-19 11:20:32 - [MESSAGE][PASSED] - Delete all cookies successfully

2019-05-19 11:20:32 - [MESSAGE][PASSED] - I want to open browser

2019-05-19 11:20:32 - [TEST_STEP][PASSED] - I want to maximize window: I want to maximize window

2019-05-19 11:20:33 - [MESSAGE][PASSED] - Current window maximized

2019-05-19 11:20:33 - [MESSAGE][PASSED] - I want to maximize window

2019-05-19 11:20:33 - [TEST_STEP][PASSED] - I want to go to OOB: I want to go to OOB

2019-05-19 11:20:34 - [MESSAGE][PASSED] - Navigate to 'https://pmoadmin:P@ssw0rd@dev5.cloudapp.net/OOB2/' successfully

2019-05-19 11:20:34 - [MESSAGE][PASSED] - I want to go to OOB

2019-05-19 11:20:34 - [TEST_STEP][PASSED] - I want to verify I'm in OOB main page: I want to verify I'm in OOB main page

2019-05-19 11:20:34 - [MESSAGE][WARNING] - Timeout '0' is invalid. Using default page load timeout: '30'

2019-05-19 11:20:44 - [MESSAGE][PASSED] - Object 'Object Repository/OOBObjects/HomepageObjects/OOBSideBar' is present

2019-05-19 11:20:44 - [MESSAGE][PASSED] - I want to verify I'm in OOB main page

2019-05-19 11:20:44 - [TEST_STEP][PASSED] - I want to go to ideas list page: I want to go to ideas list page

2019-05-19 11:20:51 - [MESSAGE][PASSED] - Object: 'Object Repository/OOBObjects/HomepageObjects/IdeasList' is clicked on

2019-05-19 11:20:51 - [MESSAGE][PASSED] - I want to go to ideas list page

2019-05-19 11:20:51 - [TEST_STEP][PASSED] - I want to click on Add New button: I want to click on Add New button

2019-05-19 11:20:53 - [MESSAGE][PASSED] - Object: 'Object Repository/OOBObjects/IdeasListObjects/AddNewIdeaButton' is clicked on

2019-05-19 11:20:53 - [MESSAGE][PASSED] - I want to click on Add New button

2019-05-19 11:20:53 - [TEST_STEP][PASSED] - I want to fill idea name field: I want to fill idea name field

2019-05-19 11:20:53 - [MESSAGE][PASSED] - Text 'Automation7816' is set on object 'Object Repository/OOBObjects/IdeasListObjects/Idea-Name-Field'

2019-05-19 11:20:53 - [MESSAGE][PASSED] - I want to fill idea name field

2019-05-19 11:20:53 - [TEST_STEP][PASSED] - I want to select expected start date: I want to select expected start date

2019-05-19 11:20:53 - [MESSAGE][PASSED] - Object: 'Object Repository/OOBObjects/IdeasListObjects//GREGORIAN-Start-date-Check-Box' is clicked on

2019-05-19 11:20:53 - [MESSAGE][PASSED] - Object: 'Object Repository/OOBObjects/IdeasListObjects//Excepted-Start-Date' is clicked on

2019-05-19 11:20:53 - [MESSAGE][PASSED] - All options with index in [5] are selected on object 'Object Repository/OOBObjects/IdeasListObjects/StartDateMonthDropDwon'

2019-05-19 11:20:53 - [MESSAGE][PASSED] - Object: 'Object Repository/OOBObjects/IdeasListObjects//Day26' is hovered

2019-05-19 11:20:54 - [MESSAGE][PASSED] - Object: 'Object Repository/OOBObjects/IdeasListObjects//Day26' is clicked on

2019-05-19 11:20:54 - [MESSAGE][PASSED] - I want to select expected start date

2019-05-19 11:20:54 - [TEST_STEP][PASSED] - I want to select expected end date: I want to select expected end date

2019-05-19 11:20:54 - [MESSAGE][PASSED] - Object 'Object Repository/OOBObjects/IdeasListObjects/GREGORIAN-End-Date-Check-Box' is visible

2019-05-19 11:20:54 - [MESSAGE][PASSED] - Object: 'Object Repository/OOBObjects/IdeasListObjects/GREGORIAN-End-Date-Check-Box' is clicked on

2019-05-19 11:20:56 - [MESSAGE][PASSED] - Delayed 2 second(s)

2019-05-19 11:20:56 - [MESSAGE][PASSED] - Object: 'Object Repository/OOBObjects/IdeasListObjects/Excpected-End-Date' is hovered

2019-05-19 11:20:56 - [MESSAGE][PASSED] - Object: 'Object Repository/OOBObjects/IdeasListObjects/Excpected-End-Date' is clicked on

2019-05-19 11:20:56 - [MESSAGE][PASSED] - All options with index in [6] are selected on object 'Object Repository/OOBObjects/IdeasListObjects/EndDateMonthDropdown'

2019-05-19 11:20:56 - [MESSAGE][PASSED] - Object: 'Object Repository/OOBObjects/IdeasListObjects/EndDateDay15' is hovered

2019-05-19 11:20:56 - [MESSAGE][PASSED] - Object: 'Object Repository/OOBObjects/IdeasListObjects/EndDateDay15' is clicked on

2019-05-19 11:20:56 - [MESSAGE][PASSED] - I want to select expected end date

2019-05-19 11:20:56 - [TEST_STEP][PASSED] - I want to fill idea objective field: I want to fill idea objective field

2019-05-19 11:20:56 - [MESSAGE][PASSED] - Text 'Automation' is set on object 'Object Repository/OOBObjects/IdeasListObjects/Idea-Objective-Field'

2019-05-19 11:20:56 - [MESSAGE][PASSED] - I want to fill idea objective field

2019-05-19 11:20:56 - [TEST_STEP][PASSED] - I want to fill expected budget field: I want to fill expected budget field

2019-05-19 11:20:56 - [MESSAGE][PASSED] - Text '10000' is set on object 'Object Repository/OOBObjects/IdeasListObjects/Expected-Budget-Field'

2019-05-19 11:20:56 - [MESSAGE][PASSED] - I want to fill expected budget field

2019-05-19 11:20:56 - [TEST_STEP][PASSED] - I want to fill Notes field: I want to fill Notes field

2019-05-19 11:20:56 - [MESSAGE][PASSED] - Text 'test note' is set on object 'Object Repository/OOBObjects/IdeasListObjects/Notes-Field'

2019-05-19 11:20:56 - [MESSAGE][PASSED] - I want to fill Notes field

2019-05-19 11:20:56 - [TEST_STEP][PASSED] - I want to click save idea button: I want to click save idea button

2019-05-19 11:20:56 - [MESSAGE][WARNING] - Timeout '0' is invalid. Using default page load timeout: '30'

2019-05-19 11:20:56 - [MESSAGE][PASSED] - Object 'Object Repository/OOBObjects/IdeasListObjects/SaveIdeaButton' is present

2019-05-19 11:20:56 - [MESSAGE][WARNING] - Timeout '0' is invalid. Using default page load timeout: '30'

2019-05-19 11:20:56 - [MESSAGE][PASSED] - Object 'Object Repository/OOBObjects/IdeasListObjects/SaveIdeaButton' is clickable

2019-05-19 11:20:56 - [MESSAGE][PASSED] - Object: 'Object Repository/OOBObjects/IdeasListObjects/SaveIdeaButton' is clicked on

2019-05-19 11:21:01 - [MESSAGE][PASSED] - Delayed 5 second(s)

2019-05-19 11:21:01 - [MESSAGE][PASSED] - I want to click save idea button

2019-05-19 11:21:01 - [TEST_STEP][PASSED] - I want to wait for page load: I want to wait for page load

2019-05-19 11:21:01 - [MESSAGE][PASSED] - Wait for page load successfully

2019-05-19 11:21:01 - [MESSAGE][PASSED] - I want to wait for page load

2019-05-19 11:21:01 - [TEST_STEP][PASSED] - I want to go to ideas list page: I want to go to ideas list page

2019-05-19 11:21:03 - [MESSAGE][PASSED] - Object: 'Object Repository/OOBObjects/HomepageObjects/IdeasList' is clicked on

2019-05-19 11:21:03 - [MESSAGE][PASSED] - I want to go to ideas list page

2019-05-19 11:21:03 - [TEST_STEP][PASSED] - I want to search for idea by idea name: I want to search for idea by idea name

2019-05-19 11:21:03 - [MESSAGE][PASSED] - Text 'Automation7816' is set on object 'Object Repository/OOBObjects/IdeasListObjects/SearchField'

2019-05-19 11:21:04 - [MESSAGE][PASSED] - Actual text and expected text of test object 'Object Repository/OOBObjects/IdeasListObjects/SearchResult' are matched.

2019-05-19 11:21:04 - [MESSAGE][PASSED] - I want to search for idea by idea name

2019-05-19 11:21:04 - [TEST_STEP][PASSED] - I want to click on edit idea icon: I want to click on edit idea icon

2019-05-19 11:21:05 - [MESSAGE][PASSED] - Object: 'Object Repository/OOBObjects/IdeasListObjects/EditIdea' is clicked on

2019-05-19 11:21:05 - [MESSAGE][PASSED] - I want to click on edit idea icon

2019-05-19 11:21:05 - [TEST_STEP][PASSED] - I want to click send idea button: I want to click send idea button

2019-05-19 11:21:10 - [MESSAGE][PASSED] - Delayed 5 second(s)

2019-05-19 11:21:10 - [MESSAGE][WARNING] - Timeout '0' is invalid. Using default page load timeout: '30'

2019-05-19 11:21:11 - [MESSAGE][PASSED] - Scroll to object 'Object Repository/OOBObjects/IdeasListObjects/CardBlock' successfully

2019-05-19 11:21:11 - [MESSAGE][PASSED] - Object: 'Object Repository/OOBObjects/IdeasListObjects/SendIdeaButton' is clicked on

2019-05-19 11:21:11 - [MESSAGE][PASSED] - I want to click send idea button

2019-05-19 11:21:11 - [TEST_STEP][PASSED] - I want to verify idea added successfuly: I want to verify idea added successfuly

2019-05-19 11:21:11 - [MESSAGE][WARNING] - Timeout '0' is invalid. Using default page load timeout: '30'

2019-05-19 11:21:11 - [MESSAGE][PASSED] - Wait for page load successfully

2019-05-19 11:21:12 - [MESSAGE][PASSED] - Text 'Automation7816' is set on object 'Object Repository/OOBObjects/IdeasListObjects/SearchField'

2019-05-19 11:21:14 - [MESSAGE][PASSED] - Actual text and expected text of test object 'Object Repository/OOBObjects/IdeasListObjects/SearchResult' are matched.

2019-05-19 11:21:14 - [MESSAGE][PASSED] - I want to verify idea added successfuly

2019-05-19 11:21:14 - [TEST_STEP][PASSED] - I want to verify submitted idea cannot be deleted or edited: I want to verify submitted idea cannot be deleted or edited

2019-05-19 11:21:14 - [MESSAGE][WARNING] - Timeout '0' is invalid. Using default page load timeout: '30'

2019-05-19 11:21:14 - [MESSAGE][PASSED] - Web element with id: 'Object Repository/OOBObjects/IdeasListObjects/DeleteIdeaIcon' located by 'By.xpath: //*[@id='btnDelete']
' is not present after '30' second(s)

2019-05-19 11:21:14 - [MESSAGE][WARNING] - Timeout '0' is invalid. Using default page load timeout: '30'

2019-05-19 11:21:14 - [MESSAGE][PASSED] - Web element with id: 'Object Repository/OOBObjects/IdeasListObjects/EditIdea' located by 'By.xpath: //table[@id='ideasTable']/tbody/tr/td[4]/a/i' is not present after '30' second(s)

2019-05-19 11:21:14 - [MESSAGE][PASSED] - I want to verify submitted idea cannot be deleted or edited

2019-05-19 11:21:14 - [TEST_STEP][PASSED] - I want to check submitted idea status is In Progress: I want to check submitted idea status is In Progress

2019-05-19 11:21:14 - [MESSAGE][PASSED] - Actual text and expected text of test object 'Object Repository/OOBObjects/IdeasListObjects/IdeaStatus' are matched.

2019-05-19 11:21:14 - [MESSAGE][PASSED] - I want to check submitted idea status is In Progress

2019-05-19 11:21:14 - [TEST_STEP][PASSED] - I want to check submitted idea sent to PMO office for approval: I want to check submitted idea sent to PMO office for approval

2019-05-19 11:21:26 - [MESSAGE][PASSED] - Object: 'Object Repository/OOBObjects/HomepageObjects/InboxIcon' is clicked on

2019-05-19 11:21:26 - [MESSAGE][PASSED] - Object: 'Object Repository/OOBObjects/InboxPageObjects/BeforeInitiatePhase' is clicked on

2019-05-19 11:21:26 - [MESSAGE][PASSED] - Actual text and expected text of test object 'Object Repository/OOBObjects/InboxPageObjects/IdeaPhase' are matched.

2019-05-19 11:21:26 - [MESSAGE][PASSED] - I want to check submitted idea sent to PMO office for approval

2019-05-19 11:21:26 - [TEST_STEP][PASSED] - I want to close browser: I want to close browser

2019-05-19 11:21:27 - [MESSAGE][PASSED] - Browser is closed

2019-05-19 11:21:27 - [MESSAGE][PASSED] - I want to close browser

2019-05-19 11:21:27 - [MESSAGE][PASSED] - Feature file: 'Include/features/Governance-Module/Add-Idea/018-Save-Draft-Idea-then-Send-it.feature' was passed]]></system-out>
         <system-err><![CDATA[]]></system-err>
      </testcase>
      <testcase name="Test Cases/Add-Idea-Test-Cases/019-Delete-Draft-Idea" classname="Test Cases/Add-Idea-Test-Cases/019-Delete-Draft-Idea" status="PASSED">
         <system-out><![CDATA[2019-05-19 11:21:27 - [TEST_CASE][PASSED] - Test Cases/Add-Idea-Test-Cases/019-Delete-Draft-Idea: Test Cases/Add-Idea-Test-Cases/019-Delete-Draft-Idea

2019-05-19 11:21:27 - [TEST_STEP][PASSED] - runFeatureFile("Include/features/Governance-Module/Add-Idea/019-Delete-Draft-Idea.feature"): Feature file: 'Include/features/Governance-Module/Add-Idea/019-Delete-Draft-Idea.feature' was passed

2019-05-19 11:21:27 - [MESSAGE][INFO] - Starting run keyword runFeatureFile: 'Include/features/Governance-Module/Add-Idea/019-Delete-Draft-Idea.feature' and extract report to folder: 'C:\Users\HP\git\PMO-Web-Application\Reports\First-Test-Suite\20190519_111227/cucumber_report/1558254087449'...

2019-05-19 11:21:27 - [TEST_CASE][PASSED] - Start Test Case : SCENARIO Verify delete idea functionality: SCENARIO Verify delete idea functionality

2019-05-19 11:21:27 - [TEST_STEP][PASSED] - I want to open browser: I want to open browser

2019-05-19 11:21:27 - [MESSAGE][INFO] - Starting 'Chrome' driver

2019-05-19 11:21:29 - [MESSAGE][PASSED] - Browser is opened with url: ''

2019-05-19 11:21:29 - [MESSAGE][PASSED] - Delete all cookies successfully

2019-05-19 11:21:29 - [MESSAGE][PASSED] - I want to open browser

2019-05-19 11:21:29 - [TEST_STEP][PASSED] - I want to maximize window: I want to maximize window

2019-05-19 11:21:30 - [MESSAGE][PASSED] - Current window maximized

2019-05-19 11:21:30 - [MESSAGE][PASSED] - I want to maximize window

2019-05-19 11:21:30 - [TEST_STEP][PASSED] - I want to go to OOB: I want to go to OOB

2019-05-19 11:21:32 - [MESSAGE][PASSED] - Navigate to 'https://pmoadmin:P@ssw0rd@dev5.cloudapp.net/OOB2/' successfully

2019-05-19 11:21:32 - [MESSAGE][PASSED] - I want to go to OOB

2019-05-19 11:21:32 - [TEST_STEP][PASSED] - I want to verify I'm in OOB main page: I want to verify I'm in OOB main page

2019-05-19 11:21:32 - [MESSAGE][WARNING] - Timeout '0' is invalid. Using default page load timeout: '30'

2019-05-19 11:21:40 - [MESSAGE][PASSED] - Object 'Object Repository/OOBObjects/HomepageObjects/OOBSideBar' is present

2019-05-19 11:21:40 - [MESSAGE][PASSED] - I want to verify I'm in OOB main page

2019-05-19 11:21:40 - [TEST_STEP][PASSED] - I want to go to ideas list page: I want to go to ideas list page

2019-05-19 11:21:43 - [MESSAGE][PASSED] - Object: 'Object Repository/OOBObjects/HomepageObjects/IdeasList' is clicked on

2019-05-19 11:21:43 - [MESSAGE][PASSED] - I want to go to ideas list page

2019-05-19 11:21:43 - [TEST_STEP][PASSED] - I want to click on Add New button: I want to click on Add New button

2019-05-19 11:21:44 - [MESSAGE][PASSED] - Object: 'Object Repository/OOBObjects/IdeasListObjects/AddNewIdeaButton' is clicked on

2019-05-19 11:21:44 - [MESSAGE][PASSED] - I want to click on Add New button

2019-05-19 11:21:44 - [TEST_STEP][PASSED] - I want to fill idea name field: I want to fill idea name field

2019-05-19 11:21:44 - [MESSAGE][PASSED] - Text 'Automation8268' is set on object 'Object Repository/OOBObjects/IdeasListObjects/Idea-Name-Field'

2019-05-19 11:21:44 - [MESSAGE][PASSED] - I want to fill idea name field

2019-05-19 11:21:44 - [TEST_STEP][PASSED] - I want to select expected start date: I want to select expected start date

2019-05-19 11:21:44 - [MESSAGE][PASSED] - Object: 'Object Repository/OOBObjects/IdeasListObjects//GREGORIAN-Start-date-Check-Box' is clicked on

2019-05-19 11:21:45 - [MESSAGE][PASSED] - Object: 'Object Repository/OOBObjects/IdeasListObjects//Excepted-Start-Date' is clicked on

2019-05-19 11:21:45 - [MESSAGE][PASSED] - All options with index in [5] are selected on object 'Object Repository/OOBObjects/IdeasListObjects/StartDateMonthDropDwon'

2019-05-19 11:21:45 - [MESSAGE][PASSED] - Object: 'Object Repository/OOBObjects/IdeasListObjects//Day26' is hovered

2019-05-19 11:21:45 - [MESSAGE][PASSED] - Object: 'Object Repository/OOBObjects/IdeasListObjects//Day26' is clicked on

2019-05-19 11:21:45 - [MESSAGE][PASSED] - I want to select expected start date

2019-05-19 11:21:45 - [TEST_STEP][PASSED] - I want to select expected end date: I want to select expected end date

2019-05-19 11:21:45 - [MESSAGE][PASSED] - Object 'Object Repository/OOBObjects/IdeasListObjects/GREGORIAN-End-Date-Check-Box' is visible

2019-05-19 11:21:45 - [MESSAGE][PASSED] - Object: 'Object Repository/OOBObjects/IdeasListObjects/GREGORIAN-End-Date-Check-Box' is clicked on

2019-05-19 11:21:47 - [MESSAGE][PASSED] - Delayed 2 second(s)

2019-05-19 11:21:47 - [MESSAGE][PASSED] - Object: 'Object Repository/OOBObjects/IdeasListObjects/Excpected-End-Date' is hovered

2019-05-19 11:21:47 - [MESSAGE][PASSED] - Object: 'Object Repository/OOBObjects/IdeasListObjects/Excpected-End-Date' is clicked on

2019-05-19 11:21:47 - [MESSAGE][PASSED] - All options with index in [6] are selected on object 'Object Repository/OOBObjects/IdeasListObjects/EndDateMonthDropdown'

2019-05-19 11:21:47 - [MESSAGE][PASSED] - Object: 'Object Repository/OOBObjects/IdeasListObjects/EndDateDay15' is hovered

2019-05-19 11:21:47 - [MESSAGE][PASSED] - Object: 'Object Repository/OOBObjects/IdeasListObjects/EndDateDay15' is clicked on

2019-05-19 11:21:47 - [MESSAGE][PASSED] - I want to select expected end date

2019-05-19 11:21:47 - [TEST_STEP][PASSED] - I want to fill idea objective field: I want to fill idea objective field

2019-05-19 11:21:47 - [MESSAGE][PASSED] - Text 'Automation' is set on object 'Object Repository/OOBObjects/IdeasListObjects/Idea-Objective-Field'

2019-05-19 11:21:47 - [MESSAGE][PASSED] - I want to fill idea objective field

2019-05-19 11:21:47 - [TEST_STEP][PASSED] - I want to fill expected budget field: I want to fill expected budget field

2019-05-19 11:21:47 - [MESSAGE][PASSED] - Text '10000' is set on object 'Object Repository/OOBObjects/IdeasListObjects/Expected-Budget-Field'

2019-05-19 11:21:47 - [MESSAGE][PASSED] - I want to fill expected budget field

2019-05-19 11:21:47 - [TEST_STEP][PASSED] - I want to fill Notes field: I want to fill Notes field

2019-05-19 11:21:48 - [MESSAGE][PASSED] - Text 'test note' is set on object 'Object Repository/OOBObjects/IdeasListObjects/Notes-Field'

2019-05-19 11:21:48 - [MESSAGE][PASSED] - I want to fill Notes field

2019-05-19 11:21:48 - [TEST_STEP][PASSED] - I want to click save idea button: I want to click save idea button

2019-05-19 11:21:48 - [MESSAGE][WARNING] - Timeout '0' is invalid. Using default page load timeout: '30'

2019-05-19 11:21:48 - [MESSAGE][PASSED] - Object 'Object Repository/OOBObjects/IdeasListObjects/SaveIdeaButton' is present

2019-05-19 11:21:48 - [MESSAGE][WARNING] - Timeout '0' is invalid. Using default page load timeout: '30'

2019-05-19 11:21:48 - [MESSAGE][PASSED] - Object 'Object Repository/OOBObjects/IdeasListObjects/SaveIdeaButton' is clickable

2019-05-19 11:21:48 - [MESSAGE][PASSED] - Object: 'Object Repository/OOBObjects/IdeasListObjects/SaveIdeaButton' is clicked on

2019-05-19 11:21:53 - [MESSAGE][PASSED] - Delayed 5 second(s)

2019-05-19 11:21:53 - [MESSAGE][PASSED] - I want to click save idea button

2019-05-19 11:21:53 - [TEST_STEP][PASSED] - I want to wait for page load: I want to wait for page load

2019-05-19 11:21:53 - [MESSAGE][PASSED] - Wait for page load successfully

2019-05-19 11:21:53 - [MESSAGE][PASSED] - I want to wait for page load

2019-05-19 11:21:53 - [TEST_STEP][PASSED] - I want to go to ideas list page: I want to go to ideas list page

2019-05-19 11:21:54 - [MESSAGE][PASSED] - Object: 'Object Repository/OOBObjects/HomepageObjects/IdeasList' is clicked on

2019-05-19 11:21:54 - [MESSAGE][PASSED] - I want to go to ideas list page

2019-05-19 11:21:54 - [TEST_STEP][PASSED] - I want to search for idea by idea name: I want to search for idea by idea name

2019-05-19 11:21:54 - [MESSAGE][PASSED] - Text 'Automation8268' is set on object 'Object Repository/OOBObjects/IdeasListObjects/SearchField'

2019-05-19 11:21:56 - [MESSAGE][PASSED] - Actual text and expected text of test object 'Object Repository/OOBObjects/IdeasListObjects/SearchResult' are matched.

2019-05-19 11:21:56 - [MESSAGE][PASSED] - I want to search for idea by idea name

2019-05-19 11:21:56 - [TEST_STEP][PASSED] - I want to click on delete idea icon: I want to click on delete idea icon

2019-05-19 11:21:56 - [MESSAGE][PASSED] - Object: 'Object Repository/OOBObjects/IdeasListObjects/DeleteIdeaIcon' is clicked on

2019-05-19 11:21:56 - [MESSAGE][PASSED] - Alert accepted

2019-05-19 11:21:56 - [MESSAGE][PASSED] - I want to click on delete idea icon

2019-05-19 11:21:56 - [TEST_STEP][PASSED] - I want to check idea has been deleted: I want to check idea has been deleted

2019-05-19 11:21:57 - [MESSAGE][PASSED] - Refresh successfully

2019-05-19 11:21:57 - [MESSAGE][PASSED] - Text 'Automation8268' is set on object 'Object Repository/OOBObjects/IdeasListObjects/SearchField'

2019-05-19 11:21:59 - [MESSAGE][PASSED] - Actual text and expected text of test object 'Object Repository/OOBObjects/IdeasListObjects/SearchResult' are matched.

2019-05-19 11:21:59 - [MESSAGE][PASSED] - I want to check idea has been deleted

2019-05-19 11:21:59 - [TEST_STEP][PASSED] - I want to close browser: I want to close browser

2019-05-19 11:21:59 - [MESSAGE][PASSED] - Browser is closed

2019-05-19 11:21:59 - [MESSAGE][PASSED] - I want to close browser

2019-05-19 11:21:59 - [MESSAGE][PASSED] - Feature file: 'Include/features/Governance-Module/Add-Idea/019-Delete-Draft-Idea.feature' was passed]]></system-out>
         <system-err><![CDATA[]]></system-err>
      </testcase>
      <testcase name="Test Cases/Add-Idea-Test-Cases/020-Update-Draft-Idea" classname="Test Cases/Add-Idea-Test-Cases/020-Update-Draft-Idea" status="PASSED">
         <system-out><![CDATA[2019-05-19 11:21:59 - [TEST_CASE][PASSED] - Test Cases/Add-Idea-Test-Cases/020-Update-Draft-Idea: Test Cases/Add-Idea-Test-Cases/020-Update-Draft-Idea

2019-05-19 11:21:59 - [TEST_STEP][PASSED] - runFeatureFile("Include/features/Governance-Module/Add-Idea/020-Update-Draft-Idea.feature"): Feature file: 'Include/features/Governance-Module/Add-Idea/020-Update-Draft-Idea.feature' was passed

2019-05-19 11:21:59 - [MESSAGE][INFO] - Starting run keyword runFeatureFile: 'Include/features/Governance-Module/Add-Idea/020-Update-Draft-Idea.feature' and extract report to folder: 'C:\Users\HP\git\PMO-Web-Application\Reports\First-Test-Suite\20190519_111227/cucumber_report/1558254119910'...

2019-05-19 11:22:00 - [TEST_CASE][PASSED] - Start Test Case : SCENARIO Verify updating draft idea: SCENARIO Verify updating draft idea

2019-05-19 11:22:00 - [TEST_STEP][PASSED] - I want to open browser: I want to open browser

2019-05-19 11:22:00 - [MESSAGE][INFO] - Starting 'Chrome' driver

2019-05-19 11:22:02 - [MESSAGE][PASSED] - Browser is opened with url: ''

2019-05-19 11:22:02 - [MESSAGE][PASSED] - Delete all cookies successfully

2019-05-19 11:22:02 - [MESSAGE][PASSED] - I want to open browser

2019-05-19 11:22:02 - [TEST_STEP][PASSED] - I want to maximize window: I want to maximize window

2019-05-19 11:22:03 - [MESSAGE][PASSED] - Current window maximized

2019-05-19 11:22:03 - [MESSAGE][PASSED] - I want to maximize window

2019-05-19 11:22:03 - [TEST_STEP][PASSED] - I want to go to OOB: I want to go to OOB

2019-05-19 11:22:06 - [MESSAGE][PASSED] - Navigate to 'https://pmoadmin:P@ssw0rd@dev5.cloudapp.net/OOB2/' successfully

2019-05-19 11:22:06 - [MESSAGE][PASSED] - I want to go to OOB

2019-05-19 11:22:06 - [TEST_STEP][PASSED] - I want to verify I'm in OOB main page: I want to verify I'm in OOB main page

2019-05-19 11:22:06 - [MESSAGE][WARNING] - Timeout '0' is invalid. Using default page load timeout: '30'

2019-05-19 11:22:15 - [MESSAGE][PASSED] - Object 'Object Repository/OOBObjects/HomepageObjects/OOBSideBar' is present

2019-05-19 11:22:15 - [MESSAGE][PASSED] - I want to verify I'm in OOB main page

2019-05-19 11:22:15 - [TEST_STEP][PASSED] - I want to go to ideas list page: I want to go to ideas list page

2019-05-19 11:22:21 - [MESSAGE][PASSED] - Object: 'Object Repository/OOBObjects/HomepageObjects/IdeasList' is clicked on

2019-05-19 11:22:21 - [MESSAGE][PASSED] - I want to go to ideas list page

2019-05-19 11:22:21 - [TEST_STEP][PASSED] - I want to click on Add New button: I want to click on Add New button

2019-05-19 11:22:22 - [MESSAGE][PASSED] - Object: 'Object Repository/OOBObjects/IdeasListObjects/AddNewIdeaButton' is clicked on

2019-05-19 11:22:22 - [MESSAGE][PASSED] - I want to click on Add New button

2019-05-19 11:22:22 - [TEST_STEP][PASSED] - I want to fill idea name field: I want to fill idea name field

2019-05-19 11:22:23 - [MESSAGE][PASSED] - Text 'Automation2122' is set on object 'Object Repository/OOBObjects/IdeasListObjects/Idea-Name-Field'

2019-05-19 11:22:23 - [MESSAGE][PASSED] - I want to fill idea name field

2019-05-19 11:22:23 - [TEST_STEP][PASSED] - I want to select expected start date: I want to select expected start date

2019-05-19 11:22:23 - [MESSAGE][PASSED] - Object: 'Object Repository/OOBObjects/IdeasListObjects//GREGORIAN-Start-date-Check-Box' is clicked on

2019-05-19 11:22:23 - [MESSAGE][PASSED] - Object: 'Object Repository/OOBObjects/IdeasListObjects//Excepted-Start-Date' is clicked on

2019-05-19 11:22:23 - [MESSAGE][PASSED] - All options with index in [5] are selected on object 'Object Repository/OOBObjects/IdeasListObjects/StartDateMonthDropDwon'

2019-05-19 11:22:23 - [MESSAGE][PASSED] - Object: 'Object Repository/OOBObjects/IdeasListObjects//Day26' is hovered

2019-05-19 11:22:23 - [MESSAGE][PASSED] - Object: 'Object Repository/OOBObjects/IdeasListObjects//Day26' is clicked on

2019-05-19 11:22:23 - [MESSAGE][PASSED] - I want to select expected start date

2019-05-19 11:22:23 - [TEST_STEP][PASSED] - I want to select expected end date: I want to select expected end date

2019-05-19 11:22:23 - [MESSAGE][PASSED] - Object 'Object Repository/OOBObjects/IdeasListObjects/GREGORIAN-End-Date-Check-Box' is visible

2019-05-19 11:22:23 - [MESSAGE][PASSED] - Object: 'Object Repository/OOBObjects/IdeasListObjects/GREGORIAN-End-Date-Check-Box' is clicked on

2019-05-19 11:22:25 - [MESSAGE][PASSED] - Delayed 2 second(s)

2019-05-19 11:22:25 - [MESSAGE][PASSED] - Object: 'Object Repository/OOBObjects/IdeasListObjects/Excpected-End-Date' is hovered

2019-05-19 11:22:25 - [MESSAGE][PASSED] - Object: 'Object Repository/OOBObjects/IdeasListObjects/Excpected-End-Date' is clicked on

2019-05-19 11:22:25 - [MESSAGE][PASSED] - All options with index in [6] are selected on object 'Object Repository/OOBObjects/IdeasListObjects/EndDateMonthDropdown'

2019-05-19 11:22:25 - [MESSAGE][PASSED] - Object: 'Object Repository/OOBObjects/IdeasListObjects/EndDateDay15' is hovered

2019-05-19 11:22:25 - [MESSAGE][PASSED] - Object: 'Object Repository/OOBObjects/IdeasListObjects/EndDateDay15' is clicked on

2019-05-19 11:22:25 - [MESSAGE][PASSED] - I want to select expected end date

2019-05-19 11:22:25 - [TEST_STEP][PASSED] - I want to fill idea objective field: I want to fill idea objective field

2019-05-19 11:22:26 - [MESSAGE][PASSED] - Text 'Automation' is set on object 'Object Repository/OOBObjects/IdeasListObjects/Idea-Objective-Field'

2019-05-19 11:22:26 - [MESSAGE][PASSED] - I want to fill idea objective field

2019-05-19 11:22:26 - [TEST_STEP][PASSED] - I want to fill expected budget field: I want to fill expected budget field

2019-05-19 11:22:26 - [MESSAGE][PASSED] - Text '10000' is set on object 'Object Repository/OOBObjects/IdeasListObjects/Expected-Budget-Field'

2019-05-19 11:22:26 - [MESSAGE][PASSED] - I want to fill expected budget field

2019-05-19 11:22:26 - [TEST_STEP][PASSED] - I want to fill Notes field: I want to fill Notes field

2019-05-19 11:22:26 - [MESSAGE][PASSED] - Text 'test note' is set on object 'Object Repository/OOBObjects/IdeasListObjects/Notes-Field'

2019-05-19 11:22:26 - [MESSAGE][PASSED] - I want to fill Notes field

2019-05-19 11:22:26 - [TEST_STEP][PASSED] - I want to click save idea button: I want to click save idea button

2019-05-19 11:22:26 - [MESSAGE][WARNING] - Timeout '0' is invalid. Using default page load timeout: '30'

2019-05-19 11:22:26 - [MESSAGE][PASSED] - Object 'Object Repository/OOBObjects/IdeasListObjects/SaveIdeaButton' is present

2019-05-19 11:22:26 - [MESSAGE][WARNING] - Timeout '0' is invalid. Using default page load timeout: '30'

2019-05-19 11:22:26 - [MESSAGE][PASSED] - Object 'Object Repository/OOBObjects/IdeasListObjects/SaveIdeaButton' is clickable

2019-05-19 11:22:26 - [MESSAGE][PASSED] - Object: 'Object Repository/OOBObjects/IdeasListObjects/SaveIdeaButton' is clicked on

2019-05-19 11:22:31 - [MESSAGE][PASSED] - Delayed 5 second(s)

2019-05-19 11:22:31 - [MESSAGE][PASSED] - I want to click save idea button

2019-05-19 11:22:31 - [TEST_STEP][PASSED] - I want to wait for page load: I want to wait for page load

2019-05-19 11:22:31 - [MESSAGE][PASSED] - Wait for page load successfully

2019-05-19 11:22:31 - [MESSAGE][PASSED] - I want to wait for page load

2019-05-19 11:22:31 - [TEST_STEP][PASSED] - I want to go to ideas list page: I want to go to ideas list page

2019-05-19 11:22:32 - [MESSAGE][PASSED] - Object: 'Object Repository/OOBObjects/HomepageObjects/IdeasList' is clicked on

2019-05-19 11:22:32 - [MESSAGE][PASSED] - I want to go to ideas list page

2019-05-19 11:22:32 - [TEST_STEP][PASSED] - I want to search for idea by idea name: I want to search for idea by idea name

2019-05-19 11:22:32 - [MESSAGE][PASSED] - Text 'Automation2122' is set on object 'Object Repository/OOBObjects/IdeasListObjects/SearchField'

2019-05-19 11:22:34 - [MESSAGE][PASSED] - Actual text and expected text of test object 'Object Repository/OOBObjects/IdeasListObjects/SearchResult' are matched.

2019-05-19 11:22:34 - [MESSAGE][PASSED] - I want to search for idea by idea name

2019-05-19 11:22:34 - [TEST_STEP][PASSED] - I want to click on edit idea icon: I want to click on edit idea icon

2019-05-19 11:22:35 - [MESSAGE][PASSED] - Object: 'Object Repository/OOBObjects/IdeasListObjects/EditIdea' is clicked on

2019-05-19 11:22:35 - [MESSAGE][PASSED] - I want to click on edit idea icon

2019-05-19 11:22:35 - [TEST_STEP][PASSED] - I want to edit idea name: I want to edit idea name

2019-05-19 11:22:35 - [MESSAGE][PASSED] - Text of object 'Object Repository/OOBObjects/IdeasListObjects/Idea-Name-Field' is cleared

2019-05-19 11:22:36 - [MESSAGE][PASSED] - Text 'Updated Automation2122' is set on object 'Object Repository/OOBObjects/IdeasListObjects/Idea-Name-Field'

2019-05-19 11:22:36 - [MESSAGE][PASSED] - I want to edit idea name

2019-05-19 11:22:36 - [TEST_STEP][PASSED] - I want to click save idea button: I want to click save idea button

2019-05-19 11:22:36 - [MESSAGE][WARNING] - Timeout '0' is invalid. Using default page load timeout: '30'

2019-05-19 11:22:36 - [MESSAGE][PASSED] - Object 'Object Repository/OOBObjects/IdeasListObjects/SaveIdeaButton' is present

2019-05-19 11:22:36 - [MESSAGE][WARNING] - Timeout '0' is invalid. Using default page load timeout: '30'

2019-05-19 11:22:36 - [MESSAGE][PASSED] - Object 'Object Repository/OOBObjects/IdeasListObjects/SaveIdeaButton' is clickable

2019-05-19 11:22:36 - [MESSAGE][PASSED] - Object: 'Object Repository/OOBObjects/IdeasListObjects/SaveIdeaButton' is clicked on

2019-05-19 11:22:41 - [MESSAGE][PASSED] - Delayed 5 second(s)

2019-05-19 11:22:41 - [MESSAGE][PASSED] - I want to click save idea button

2019-05-19 11:22:41 - [TEST_STEP][PASSED] - I want to wait for page load: I want to wait for page load

2019-05-19 11:22:41 - [MESSAGE][PASSED] - Wait for page load successfully

2019-05-19 11:22:41 - [MESSAGE][PASSED] - I want to wait for page load

2019-05-19 11:22:41 - [TEST_STEP][PASSED] - I want to go to ideas list page: I want to go to ideas list page

2019-05-19 11:22:42 - [MESSAGE][PASSED] - Object: 'Object Repository/OOBObjects/HomepageObjects/IdeasList' is clicked on

2019-05-19 11:22:42 - [MESSAGE][PASSED] - I want to go to ideas list page

2019-05-19 11:22:42 - [TEST_STEP][PASSED] - I want to search on updated idea: I want to search on updated idea

2019-05-19 11:22:42 - [MESSAGE][PASSED] - Text 'Updated Automation2122' is set on object 'Object Repository/OOBObjects/IdeasListObjects/SearchField'

2019-05-19 11:22:43 - [MESSAGE][PASSED] - Actual text and expected text of test object 'Object Repository/OOBObjects/IdeasListObjects/SearchResult' are matched.

2019-05-19 11:22:43 - [MESSAGE][PASSED] - I want to search on updated idea

2019-05-19 11:22:43 - [TEST_STEP][PASSED] - I want to close browser: I want to close browser

2019-05-19 11:22:44 - [MESSAGE][PASSED] - Browser is closed

2019-05-19 11:22:44 - [MESSAGE][PASSED] - I want to close browser

2019-05-19 11:22:44 - [MESSAGE][PASSED] - Feature file: 'Include/features/Governance-Module/Add-Idea/020-Update-Draft-Idea.feature' was passed]]></system-out>
         <system-err><![CDATA[]]></system-err>
      </testcase>
      <testcase name="Test Cases/Add-Idea-Test-Cases/021-Verify-Ideas-List-and-Idea-Details-Pages" classname="Test Cases/Add-Idea-Test-Cases/021-Verify-Ideas-List-and-Idea-Details-Pages" status="PASSED">
         <system-out><![CDATA[2019-05-19 11:22:44 - [TEST_CASE][PASSED] - Test Cases/Add-Idea-Test-Cases/021-Verify-Ideas-List-and-Idea-Details-Pages: Test Cases/Add-Idea-Test-Cases/021-Verify-Ideas-List-and-Idea-Details-Pages

2019-05-19 11:22:44 - [TEST_STEP][PASSED] - runFeatureFile("Include/features/Governance-Module/Add-Idea/021-Verify-Ideas-List-and-Idea-Details-Pages.feature"): Feature file: 'Include/features/Governance-Module/Add-Idea/021-Verify-Ideas-List-and-Idea-Details-Pages.feature' was passed

2019-05-19 11:22:44 - [MESSAGE][INFO] - Starting run keyword runFeatureFile: 'Include/features/Governance-Module/Add-Idea/021-Verify-Ideas-List-and-Idea-Details-Pages.feature' and extract report to folder: 'C:\Users\HP\git\PMO-Web-Application\Reports\First-Test-Suite\20190519_111227/cucumber_report/1558254164219'...

2019-05-19 11:22:44 - [TEST_CASE][PASSED] - Start Test Case : SCENARIO Verify Ideas List page: SCENARIO Verify Ideas List page

2019-05-19 11:22:44 - [TEST_STEP][PASSED] - I want to open browser: I want to open browser

2019-05-19 11:22:44 - [MESSAGE][INFO] - Starting 'Chrome' driver

2019-05-19 11:22:46 - [MESSAGE][PASSED] - Browser is opened with url: ''

2019-05-19 11:22:46 - [MESSAGE][PASSED] - Delete all cookies successfully

2019-05-19 11:22:46 - [MESSAGE][PASSED] - I want to open browser

2019-05-19 11:22:46 - [TEST_STEP][PASSED] - I want to maximize window: I want to maximize window

2019-05-19 11:22:47 - [MESSAGE][PASSED] - Current window maximized

2019-05-19 11:22:47 - [MESSAGE][PASSED] - I want to maximize window

2019-05-19 11:22:47 - [TEST_STEP][PASSED] - I want to go to OOB: I want to go to OOB

2019-05-19 11:22:48 - [MESSAGE][PASSED] - Navigate to 'https://pmoadmin:P@ssw0rd@dev5.cloudapp.net/OOB2/' successfully

2019-05-19 11:22:48 - [MESSAGE][PASSED] - I want to go to OOB

2019-05-19 11:22:48 - [TEST_STEP][PASSED] - I want to verify I'm in OOB main page: I want to verify I'm in OOB main page

2019-05-19 11:22:48 - [MESSAGE][WARNING] - Timeout '0' is invalid. Using default page load timeout: '30'

2019-05-19 11:22:57 - [MESSAGE][PASSED] - Object 'Object Repository/OOBObjects/HomepageObjects/OOBSideBar' is present

2019-05-19 11:22:57 - [MESSAGE][PASSED] - I want to verify I'm in OOB main page

2019-05-19 11:22:57 - [TEST_STEP][PASSED] - I want to go to ideas list page: I want to go to ideas list page

2019-05-19 11:22:59 - [MESSAGE][PASSED] - Object: 'Object Repository/OOBObjects/HomepageObjects/IdeasList' is clicked on

2019-05-19 11:22:59 - [MESSAGE][PASSED] - I want to go to ideas list page

2019-05-19 11:22:59 - [TEST_STEP][PASSED] - I want to verify Ideas List page: I want to verify Ideas List page

2019-05-19 11:22:59 - [MESSAGE][WARNING] - Timeout '0' is invalid. Using default page load timeout: '30'

2019-05-19 11:22:59 - [MESSAGE][PASSED] - Object 'Object Repository/OOBObjects/IdeasListObjects/IdeaNameColumn' is present

2019-05-19 11:22:59 - [MESSAGE][WARNING] - Timeout '0' is invalid. Using default page load timeout: '30'

2019-05-19 11:22:59 - [MESSAGE][PASSED] - Object 'Object Repository/OOBObjects/IdeasListObjects/ExpectedBudgetColumn' is present

2019-05-19 11:22:59 - [MESSAGE][WARNING] - Timeout '0' is invalid. Using default page load timeout: '30'

2019-05-19 11:22:59 - [MESSAGE][PASSED] - Object 'Object Repository/OOBObjects/IdeasListObjects/StatusColumn' is present

2019-05-19 11:22:59 - [MESSAGE][WARNING] - Timeout '0' is invalid. Using default page load timeout: '30'

2019-05-19 11:22:59 - [MESSAGE][PASSED] - Object 'Object Repository/OOBObjects/IdeasListObjects/ActionsColumn' is present

2019-05-19 11:22:59 - [MESSAGE][WARNING] - Timeout '0' is invalid. Using default page load timeout: '30'

2019-05-19 11:22:59 - [MESSAGE][PASSED] - Object 'Object Repository/OOBObjects/IdeasListObjects/SearchSectionIdeasList' is present

2019-05-19 11:23:00 - [MESSAGE][PASSED] - Object 'Object Repository/OOBObjects/IdeasListObjects/IdeaNameInIdeasList' is clickable

2019-05-19 11:23:00 - [MESSAGE][PASSED] - I want to verify Ideas List page

2019-05-19 11:23:00 - [TEST_STEP][PASSED] - I want to verify idea details page: I want to verify idea details page

2019-05-19 11:23:01 - [MESSAGE][PASSED] - Object: 'Object Repository/OOBObjects/IdeasListObjects/IdeaNameInIdeasList' is clicked on

2019-05-19 11:23:01 - [MESSAGE][WARNING] - Timeout '0' is invalid. Using default page load timeout: '30'

2019-05-19 11:23:01 - [MESSAGE][PASSED] - Object 'Object Repository/OOBObjects/IdeasListObjects/IdeaDetailsSection' is present

2019-05-19 11:23:01 - [MESSAGE][PASSED] - I want to verify idea details page

2019-05-19 11:23:01 - [TEST_STEP][PASSED] - I want to close browser: I want to close browser

2019-05-19 11:23:02 - [MESSAGE][PASSED] - Browser is closed

2019-05-19 11:23:02 - [MESSAGE][PASSED] - I want to close browser

2019-05-19 11:23:02 - [MESSAGE][PASSED] - Feature file: 'Include/features/Governance-Module/Add-Idea/021-Verify-Ideas-List-and-Idea-Details-Pages.feature' was passed]]></system-out>
         <system-err><![CDATA[]]></system-err>
      </testcase>
      <testcase name="Test Cases/Add-Idea-Test-Cases/022-Search-for-Idea-in-idea-center" classname="Test Cases/Add-Idea-Test-Cases/022-Search-for-Idea-in-idea-center" status="PASSED">
         <system-out><![CDATA[2019-05-19 11:23:02 - [TEST_CASE][PASSED] - Test Cases/Add-Idea-Test-Cases/022-Search-for-Idea-in-idea-center: Test Cases/Add-Idea-Test-Cases/022-Search-for-Idea-in-idea-center

2019-05-19 11:23:02 - [TEST_STEP][PASSED] - runFeatureFile("Include/features/Governance-Module/Add-Idea/022-Search-for-Idea-in-idea-center.feature"): Feature file: 'Include/features/Governance-Module/Add-Idea/022-Search-for-Idea-in-idea-center.feature' was passed

2019-05-19 11:23:02 - [MESSAGE][INFO] - Starting run keyword runFeatureFile: 'Include/features/Governance-Module/Add-Idea/022-Search-for-Idea-in-idea-center.feature' and extract report to folder: 'C:\Users\HP\git\PMO-Web-Application\Reports\First-Test-Suite\20190519_111227/cucumber_report/1558254182347'...

2019-05-19 11:23:02 - [TEST_CASE][PASSED] - Start Test Case : SCENARIO Search for Idea in idea center: SCENARIO Search for Idea in idea center

2019-05-19 11:23:02 - [TEST_STEP][PASSED] - I want to open browser: I want to open browser

2019-05-19 11:23:02 - [MESSAGE][INFO] - Starting 'Chrome' driver

2019-05-19 11:23:04 - [MESSAGE][PASSED] - Browser is opened with url: ''

2019-05-19 11:23:04 - [MESSAGE][PASSED] - Delete all cookies successfully

2019-05-19 11:23:04 - [MESSAGE][PASSED] - I want to open browser

2019-05-19 11:23:04 - [TEST_STEP][PASSED] - I want to maximize window: I want to maximize window

2019-05-19 11:23:05 - [MESSAGE][PASSED] - Current window maximized

2019-05-19 11:23:05 - [MESSAGE][PASSED] - I want to maximize window

2019-05-19 11:23:05 - [TEST_STEP][PASSED] - I want to go to OOB: I want to go to OOB

2019-05-19 11:23:07 - [MESSAGE][PASSED] - Navigate to 'https://pmoadmin:P@ssw0rd@dev5.cloudapp.net/OOB2/' successfully

2019-05-19 11:23:07 - [MESSAGE][PASSED] - I want to go to OOB

2019-05-19 11:23:07 - [TEST_STEP][PASSED] - I want to verify I'm in OOB main page: I want to verify I'm in OOB main page

2019-05-19 11:23:07 - [MESSAGE][WARNING] - Timeout '0' is invalid. Using default page load timeout: '30'

2019-05-19 11:23:15 - [MESSAGE][PASSED] - Object 'Object Repository/OOBObjects/HomepageObjects/OOBSideBar' is present

2019-05-19 11:23:15 - [MESSAGE][PASSED] - I want to verify I'm in OOB main page

2019-05-19 11:23:15 - [TEST_STEP][PASSED] - I want to go to ideas list page: I want to go to ideas list page

2019-05-19 11:23:18 - [MESSAGE][PASSED] - Object: 'Object Repository/OOBObjects/HomepageObjects/IdeasList' is clicked on

2019-05-19 11:23:18 - [MESSAGE][PASSED] - I want to go to ideas list page

2019-05-19 11:23:18 - [TEST_STEP][PASSED] - I want to click on Add New button: I want to click on Add New button

2019-05-19 11:23:19 - [MESSAGE][PASSED] - Object: 'Object Repository/OOBObjects/IdeasListObjects/AddNewIdeaButton' is clicked on

2019-05-19 11:23:19 - [MESSAGE][PASSED] - I want to click on Add New button

2019-05-19 11:23:19 - [TEST_STEP][PASSED] - I want to fill idea name field: I want to fill idea name field

2019-05-19 11:23:19 - [MESSAGE][PASSED] - Text 'Automation1528' is set on object 'Object Repository/OOBObjects/IdeasListObjects/Idea-Name-Field'

2019-05-19 11:23:19 - [MESSAGE][PASSED] - I want to fill idea name field

2019-05-19 11:23:19 - [TEST_STEP][PASSED] - I want to select expected start date: I want to select expected start date

2019-05-19 11:23:19 - [MESSAGE][PASSED] - Object: 'Object Repository/OOBObjects/IdeasListObjects//GREGORIAN-Start-date-Check-Box' is clicked on

2019-05-19 11:23:19 - [MESSAGE][PASSED] - Object: 'Object Repository/OOBObjects/IdeasListObjects//Excepted-Start-Date' is clicked on

2019-05-19 11:23:19 - [MESSAGE][PASSED] - All options with index in [5] are selected on object 'Object Repository/OOBObjects/IdeasListObjects/StartDateMonthDropDwon'

2019-05-19 11:23:19 - [MESSAGE][PASSED] - Object: 'Object Repository/OOBObjects/IdeasListObjects//Day26' is hovered

2019-05-19 11:23:19 - [MESSAGE][PASSED] - Object: 'Object Repository/OOBObjects/IdeasListObjects//Day26' is clicked on

2019-05-19 11:23:19 - [MESSAGE][PASSED] - I want to select expected start date

2019-05-19 11:23:19 - [TEST_STEP][PASSED] - I want to select expected end date: I want to select expected end date

2019-05-19 11:23:19 - [MESSAGE][PASSED] - Object 'Object Repository/OOBObjects/IdeasListObjects/GREGORIAN-End-Date-Check-Box' is visible

2019-05-19 11:23:19 - [MESSAGE][PASSED] - Object: 'Object Repository/OOBObjects/IdeasListObjects/GREGORIAN-End-Date-Check-Box' is clicked on

2019-05-19 11:23:21 - [MESSAGE][PASSED] - Delayed 2 second(s)

2019-05-19 11:23:22 - [MESSAGE][PASSED] - Object: 'Object Repository/OOBObjects/IdeasListObjects/Excpected-End-Date' is hovered

2019-05-19 11:23:22 - [MESSAGE][PASSED] - Object: 'Object Repository/OOBObjects/IdeasListObjects/Excpected-End-Date' is clicked on

2019-05-19 11:23:22 - [MESSAGE][PASSED] - All options with index in [6] are selected on object 'Object Repository/OOBObjects/IdeasListObjects/EndDateMonthDropdown'

2019-05-19 11:23:22 - [MESSAGE][PASSED] - Object: 'Object Repository/OOBObjects/IdeasListObjects/EndDateDay15' is hovered

2019-05-19 11:23:22 - [MESSAGE][PASSED] - Object: 'Object Repository/OOBObjects/IdeasListObjects/EndDateDay15' is clicked on

2019-05-19 11:23:22 - [MESSAGE][PASSED] - I want to select expected end date

2019-05-19 11:23:22 - [TEST_STEP][PASSED] - I want to fill idea objective field: I want to fill idea objective field

2019-05-19 11:23:22 - [MESSAGE][PASSED] - Text 'Automation' is set on object 'Object Repository/OOBObjects/IdeasListObjects/Idea-Objective-Field'

2019-05-19 11:23:22 - [MESSAGE][PASSED] - I want to fill idea objective field

2019-05-19 11:23:22 - [TEST_STEP][PASSED] - I want to fill expected budget field: I want to fill expected budget field

2019-05-19 11:23:22 - [MESSAGE][PASSED] - Text '10000' is set on object 'Object Repository/OOBObjects/IdeasListObjects/Expected-Budget-Field'

2019-05-19 11:23:22 - [MESSAGE][PASSED] - I want to fill expected budget field

2019-05-19 11:23:22 - [TEST_STEP][PASSED] - I want to fill Notes field: I want to fill Notes field

2019-05-19 11:23:22 - [MESSAGE][PASSED] - Text 'test note' is set on object 'Object Repository/OOBObjects/IdeasListObjects/Notes-Field'

2019-05-19 11:23:22 - [MESSAGE][PASSED] - I want to fill Notes field

2019-05-19 11:23:22 - [TEST_STEP][PASSED] - I want to click send idea button: I want to click send idea button

2019-05-19 11:23:27 - [MESSAGE][PASSED] - Delayed 5 second(s)

2019-05-19 11:23:27 - [MESSAGE][WARNING] - Timeout '0' is invalid. Using default page load timeout: '30'

2019-05-19 11:23:27 - [MESSAGE][PASSED] - Scroll to object 'Object Repository/OOBObjects/IdeasListObjects/CardBlock' successfully

2019-05-19 11:23:27 - [MESSAGE][PASSED] - Object: 'Object Repository/OOBObjects/IdeasListObjects/SendIdeaButton' is clicked on

2019-05-19 11:23:27 - [MESSAGE][PASSED] - I want to click send idea button

2019-05-19 11:23:27 - [TEST_STEP][PASSED] - I want to search for idea by idea name: I want to search for idea by idea name

2019-05-19 11:23:29 - [MESSAGE][PASSED] - Text 'Automation1528' is set on object 'Object Repository/OOBObjects/IdeasListObjects/SearchField'

2019-05-19 11:23:30 - [MESSAGE][PASSED] - Actual text and expected text of test object 'Object Repository/OOBObjects/IdeasListObjects/SearchResult' are matched.

2019-05-19 11:23:30 - [MESSAGE][PASSED] - I want to search for idea by idea name

2019-05-19 11:23:30 - [TEST_STEP][PASSED] - I want to close browser: I want to close browser

2019-05-19 11:23:31 - [MESSAGE][PASSED] - Browser is closed

2019-05-19 11:23:31 - [MESSAGE][PASSED] - I want to close browser

2019-05-19 11:23:31 - [MESSAGE][PASSED] - Feature file: 'Include/features/Governance-Module/Add-Idea/022-Search-for-Idea-in-idea-center.feature' was passed]]></system-out>
         <system-err><![CDATA[]]></system-err>
      </testcase>
      <testcase name="Test Cases/Add-Idea-Test-Cases/023-Verify-Approved-Ideas-List-page" classname="Test Cases/Add-Idea-Test-Cases/023-Verify-Approved-Ideas-List-page" status="PASSED">
         <system-out><![CDATA[2019-05-19 11:23:31 - [TEST_CASE][PASSED] - Test Cases/Add-Idea-Test-Cases/023-Verify-Approved-Ideas-List-page: Test Cases/Add-Idea-Test-Cases/023-Verify-Approved-Ideas-List-page

2019-05-19 11:23:31 - [TEST_STEP][PASSED] - runFeatureFile("Include/features/Governance-Module/Add-Idea/023-Verify-Approved-Ideas-List-page.feature"): Feature file: 'Include/features/Governance-Module/Add-Idea/023-Verify-Approved-Ideas-List-page.feature' was passed

2019-05-19 11:23:31 - [MESSAGE][INFO] - Starting run keyword runFeatureFile: 'Include/features/Governance-Module/Add-Idea/023-Verify-Approved-Ideas-List-page.feature' and extract report to folder: 'C:\Users\HP\git\PMO-Web-Application\Reports\First-Test-Suite\20190519_111227/cucumber_report/1558254211165'...

2019-05-19 11:23:31 - [TEST_CASE][PASSED] - Start Test Case : SCENARIO Search for approved idea by name: SCENARIO Search for approved idea by name

2019-05-19 11:23:31 - [TEST_STEP][PASSED] - I want to open browser: I want to open browser

2019-05-19 11:23:31 - [MESSAGE][INFO] - Starting 'Chrome' driver

2019-05-19 11:23:33 - [MESSAGE][PASSED] - Browser is opened with url: ''

2019-05-19 11:23:33 - [MESSAGE][PASSED] - Delete all cookies successfully

2019-05-19 11:23:33 - [MESSAGE][PASSED] - I want to open browser

2019-05-19 11:23:33 - [TEST_STEP][PASSED] - I want to maximize window: I want to maximize window

2019-05-19 11:23:35 - [MESSAGE][PASSED] - Current window maximized

2019-05-19 11:23:35 - [MESSAGE][PASSED] - I want to maximize window

2019-05-19 11:23:35 - [TEST_STEP][PASSED] - I want to go to OOB: I want to go to OOB

2019-05-19 11:23:36 - [MESSAGE][PASSED] - Navigate to 'https://pmoadmin:P@ssw0rd@dev5.cloudapp.net/OOB2/' successfully

2019-05-19 11:23:36 - [MESSAGE][PASSED] - I want to go to OOB

2019-05-19 11:23:36 - [TEST_STEP][PASSED] - I want to verify I'm in OOB main page: I want to verify I'm in OOB main page

2019-05-19 11:23:36 - [MESSAGE][WARNING] - Timeout '0' is invalid. Using default page load timeout: '30'

2019-05-19 11:23:45 - [MESSAGE][PASSED] - Object 'Object Repository/OOBObjects/HomepageObjects/OOBSideBar' is present

2019-05-19 11:23:45 - [MESSAGE][PASSED] - I want to verify I'm in OOB main page

2019-05-19 11:23:45 - [TEST_STEP][PASSED] - I want to go to approved ideas list page: I want to go to approved ideas list page

2019-05-19 11:23:53 - [MESSAGE][PASSED] - Object: 'Object Repository/OOBObjects/HomepageObjects/ApprovedIdeasList' is clicked on

2019-05-19 11:23:53 - [MESSAGE][PASSED] - I want to go to approved ideas list page

2019-05-19 11:23:53 - [TEST_STEP][PASSED] - I want to verify Approved Ideas List page: I want to verify Approved Ideas List page

2019-05-19 11:23:53 - [MESSAGE][WARNING] - Timeout '0' is invalid. Using default page load timeout: '30'

2019-05-19 11:23:53 - [MESSAGE][PASSED] - Object 'Object Repository/OOBObjects/ApprovedIdeasListObjects/ApprovedIdeasListTitle' is present

2019-05-19 11:23:53 - [MESSAGE][WARNING] - Timeout '0' is invalid. Using default page load timeout: '30'

2019-05-19 11:23:53 - [MESSAGE][PASSED] - Object 'Object Repository/OOBObjects/ApprovedIdeasListObjects/IdeaNameColumnInApprovedIdeasList' is present

2019-05-19 11:23:53 - [MESSAGE][WARNING] - Timeout '0' is invalid. Using default page load timeout: '30'

2019-05-19 11:23:53 - [MESSAGE][PASSED] - Object 'Object Repository/OOBObjects/ApprovedIdeasListObjects/ExpectedBudgetColumnInApprovedIdeasList' is present

2019-05-19 11:23:53 - [MESSAGE][WARNING] - Timeout '0' is invalid. Using default page load timeout: '30'

2019-05-19 11:23:53 - [MESSAGE][PASSED] - Object 'Object Repository/OOBObjects/ApprovedIdeasListObjects/StatusColumnInApprovedIdeasList' is present

2019-05-19 11:23:53 - [MESSAGE][WARNING] - Timeout '0' is invalid. Using default page load timeout: '30'

2019-05-19 11:23:53 - [MESSAGE][PASSED] - Object 'Object Repository/OOBObjects/ApprovedIdeasListObjects/PriorityColumnInApprovedIdeasList' is present

2019-05-19 11:23:53 - [MESSAGE][WARNING] - Timeout '0' is invalid. Using default page load timeout: '30'

2019-05-19 11:23:53 - [MESSAGE][PASSED] - Object 'Object Repository/OOBObjects/ApprovedIdeasListObjects/ActionsColumnInApprovedIdeasList' is present

2019-05-19 11:23:53 - [MESSAGE][WARNING] - Timeout '0' is invalid. Using default page load timeout: '30'

2019-05-19 11:23:53 - [MESSAGE][PASSED] - Object 'Object Repository/OOBObjects/ApprovedIdeasListObjects/SearchSectionInApprovedIdeasList' is present

2019-05-19 11:23:53 - [MESSAGE][WARNING] - Timeout '0' is invalid. Using default page load timeout: '30'

2019-05-19 11:23:53 - [MESSAGE][PASSED] - Object 'Object Repository/OOBObjects/ApprovedIdeasListObjects/ExcuteButton' is present

2019-05-19 11:23:53 - [MESSAGE][PASSED] - Object 'Object Repository/OOBObjects/ApprovedIdeasListObjects/IdeaNameLinkInApprovedIdeasList' is clickable

2019-05-19 11:23:53 - [MESSAGE][PASSED] - I want to verify Approved Ideas List page

2019-05-19 11:23:53 - [TEST_STEP][PASSED] - I want to close browser: I want to close browser

2019-05-19 11:23:54 - [MESSAGE][PASSED] - Browser is closed

2019-05-19 11:23:54 - [MESSAGE][PASSED] - I want to close browser

2019-05-19 11:23:54 - [MESSAGE][PASSED] - Feature file: 'Include/features/Governance-Module/Add-Idea/023-Verify-Approved-Ideas-List-page.feature' was passed]]></system-out>
         <system-err><![CDATA[]]></system-err>
      </testcase>
      <testcase name="Test Cases/Add-Idea-Test-Cases/024-Search-for-Approved-Idea" classname="Test Cases/Add-Idea-Test-Cases/024-Search-for-Approved-Idea" status="PASSED">
         <system-out><![CDATA[2019-05-19 11:23:54 - [TEST_CASE][PASSED] - Test Cases/Add-Idea-Test-Cases/024-Search-for-Approved-Idea: Test Cases/Add-Idea-Test-Cases/024-Search-for-Approved-Idea

2019-05-19 11:23:54 - [TEST_STEP][PASSED] - runFeatureFile("Include/features/Governance-Module/Add-Idea/024-Search-for-Approved-Idea.feature"): Feature file: 'Include/features/Governance-Module/Add-Idea/024-Search-for-Approved-Idea.feature' was passed

2019-05-19 11:23:54 - [MESSAGE][INFO] - Starting run keyword runFeatureFile: 'Include/features/Governance-Module/Add-Idea/024-Search-for-Approved-Idea.feature' and extract report to folder: 'C:\Users\HP\git\PMO-Web-Application\Reports\First-Test-Suite\20190519_111227/cucumber_report/1558254234617'...

2019-05-19 11:23:54 - [TEST_CASE][PASSED] - Start Test Case : SCENARIO Search for approved idea by name: SCENARIO Search for approved idea by name

2019-05-19 11:23:54 - [TEST_STEP][PASSED] - I want to open browser: I want to open browser

2019-05-19 11:23:54 - [MESSAGE][INFO] - Starting 'Chrome' driver

2019-05-19 11:23:56 - [MESSAGE][PASSED] - Browser is opened with url: ''

2019-05-19 11:23:56 - [MESSAGE][PASSED] - Delete all cookies successfully

2019-05-19 11:23:56 - [MESSAGE][PASSED] - I want to open browser

2019-05-19 11:23:56 - [TEST_STEP][PASSED] - I want to maximize window: I want to maximize window

2019-05-19 11:23:57 - [MESSAGE][PASSED] - Current window maximized

2019-05-19 11:23:57 - [MESSAGE][PASSED] - I want to maximize window

2019-05-19 11:23:57 - [TEST_STEP][PASSED] - I want to go to OOB: I want to go to OOB

2019-05-19 11:23:59 - [MESSAGE][PASSED] - Navigate to 'https://pmoadmin:P@ssw0rd@dev5.cloudapp.net/OOB2/' successfully

2019-05-19 11:23:59 - [MESSAGE][PASSED] - I want to go to OOB

2019-05-19 11:23:59 - [TEST_STEP][PASSED] - I want to verify I'm in OOB main page: I want to verify I'm in OOB main page

2019-05-19 11:23:59 - [MESSAGE][WARNING] - Timeout '0' is invalid. Using default page load timeout: '30'

2019-05-19 11:24:07 - [MESSAGE][PASSED] - Object 'Object Repository/OOBObjects/HomepageObjects/OOBSideBar' is present

2019-05-19 11:24:07 - [MESSAGE][PASSED] - I want to verify I'm in OOB main page

2019-05-19 11:24:07 - [TEST_STEP][PASSED] - I want to go to ideas list page: I want to go to ideas list page

2019-05-19 11:24:10 - [MESSAGE][PASSED] - Object: 'Object Repository/OOBObjects/HomepageObjects/IdeasList' is clicked on

2019-05-19 11:24:10 - [MESSAGE][PASSED] - I want to go to ideas list page

2019-05-19 11:24:10 - [TEST_STEP][PASSED] - I want to click on Add New button: I want to click on Add New button

2019-05-19 11:24:11 - [MESSAGE][PASSED] - Object: 'Object Repository/OOBObjects/IdeasListObjects/AddNewIdeaButton' is clicked on

2019-05-19 11:24:11 - [MESSAGE][PASSED] - I want to click on Add New button

2019-05-19 11:24:11 - [TEST_STEP][PASSED] - I want to fill idea name field: I want to fill idea name field

2019-05-19 11:24:11 - [MESSAGE][PASSED] - Text 'Automation9445' is set on object 'Object Repository/OOBObjects/IdeasListObjects/Idea-Name-Field'

2019-05-19 11:24:11 - [MESSAGE][PASSED] - I want to fill idea name field

2019-05-19 11:24:11 - [TEST_STEP][PASSED] - I want to select expected start date: I want to select expected start date

2019-05-19 11:24:11 - [MESSAGE][PASSED] - Object: 'Object Repository/OOBObjects/IdeasListObjects//GREGORIAN-Start-date-Check-Box' is clicked on

2019-05-19 11:24:11 - [MESSAGE][PASSED] - Object: 'Object Repository/OOBObjects/IdeasListObjects//Excepted-Start-Date' is clicked on

2019-05-19 11:24:11 - [MESSAGE][PASSED] - All options with index in [5] are selected on object 'Object Repository/OOBObjects/IdeasListObjects/StartDateMonthDropDwon'

2019-05-19 11:24:12 - [MESSAGE][PASSED] - Object: 'Object Repository/OOBObjects/IdeasListObjects//Day26' is hovered

2019-05-19 11:24:12 - [MESSAGE][PASSED] - Object: 'Object Repository/OOBObjects/IdeasListObjects//Day26' is clicked on

2019-05-19 11:24:12 - [MESSAGE][PASSED] - I want to select expected start date

2019-05-19 11:24:12 - [TEST_STEP][PASSED] - I want to select expected end date: I want to select expected end date

2019-05-19 11:24:12 - [MESSAGE][PASSED] - Object 'Object Repository/OOBObjects/IdeasListObjects/GREGORIAN-End-Date-Check-Box' is visible

2019-05-19 11:24:12 - [MESSAGE][PASSED] - Object: 'Object Repository/OOBObjects/IdeasListObjects/GREGORIAN-End-Date-Check-Box' is clicked on

2019-05-19 11:24:14 - [MESSAGE][PASSED] - Delayed 2 second(s)

2019-05-19 11:24:14 - [MESSAGE][PASSED] - Object: 'Object Repository/OOBObjects/IdeasListObjects/Excpected-End-Date' is hovered

2019-05-19 11:24:14 - [MESSAGE][PASSED] - Object: 'Object Repository/OOBObjects/IdeasListObjects/Excpected-End-Date' is clicked on

2019-05-19 11:24:14 - [MESSAGE][PASSED] - All options with index in [6] are selected on object 'Object Repository/OOBObjects/IdeasListObjects/EndDateMonthDropdown'

2019-05-19 11:24:14 - [MESSAGE][PASSED] - Object: 'Object Repository/OOBObjects/IdeasListObjects/EndDateDay15' is hovered

2019-05-19 11:24:14 - [MESSAGE][PASSED] - Object: 'Object Repository/OOBObjects/IdeasListObjects/EndDateDay15' is clicked on

2019-05-19 11:24:14 - [MESSAGE][PASSED] - I want to select expected end date

2019-05-19 11:24:14 - [TEST_STEP][PASSED] - I want to fill idea objective field: I want to fill idea objective field

2019-05-19 11:24:14 - [MESSAGE][PASSED] - Text 'Automation' is set on object 'Object Repository/OOBObjects/IdeasListObjects/Idea-Objective-Field'

2019-05-19 11:24:14 - [MESSAGE][PASSED] - I want to fill idea objective field

2019-05-19 11:24:14 - [TEST_STEP][PASSED] - I want to fill expected budget field: I want to fill expected budget field

2019-05-19 11:24:14 - [MESSAGE][PASSED] - Text '10000' is set on object 'Object Repository/OOBObjects/IdeasListObjects/Expected-Budget-Field'

2019-05-19 11:24:14 - [MESSAGE][PASSED] - I want to fill expected budget field

2019-05-19 11:24:14 - [TEST_STEP][PASSED] - I want to fill Notes field: I want to fill Notes field

2019-05-19 11:24:14 - [MESSAGE][PASSED] - Text 'test note' is set on object 'Object Repository/OOBObjects/IdeasListObjects/Notes-Field'

2019-05-19 11:24:14 - [MESSAGE][PASSED] - I want to fill Notes field

2019-05-19 11:24:14 - [TEST_STEP][PASSED] - I want to click send idea button: I want to click send idea button

2019-05-19 11:24:19 - [MESSAGE][PASSED] - Delayed 5 second(s)

2019-05-19 11:24:19 - [MESSAGE][WARNING] - Timeout '0' is invalid. Using default page load timeout: '30'

2019-05-19 11:24:19 - [MESSAGE][PASSED] - Scroll to object 'Object Repository/OOBObjects/IdeasListObjects/CardBlock' successfully

2019-05-19 11:24:19 - [MESSAGE][PASSED] - Object: 'Object Repository/OOBObjects/IdeasListObjects/SendIdeaButton' is clicked on

2019-05-19 11:24:19 - [MESSAGE][PASSED] - I want to click send idea button

2019-05-19 11:24:19 - [TEST_STEP][PASSED] - I want to verify idea added successfuly: I want to verify idea added successfuly

2019-05-19 11:24:19 - [MESSAGE][WARNING] - Timeout '0' is invalid. Using default page load timeout: '30'

2019-05-19 11:24:19 - [MESSAGE][PASSED] - Wait for page load successfully

2019-05-19 11:24:21 - [MESSAGE][PASSED] - Text 'Automation9445' is set on object 'Object Repository/OOBObjects/IdeasListObjects/SearchField'

2019-05-19 11:24:22 - [MESSAGE][PASSED] - Actual text and expected text of test object 'Object Repository/OOBObjects/IdeasListObjects/SearchResult' are matched.

2019-05-19 11:24:22 - [MESSAGE][PASSED] - I want to verify idea added successfuly

2019-05-19 11:24:22 - [TEST_STEP][PASSED] - I want to approve idea: I want to approve idea

2019-05-19 11:24:34 - [MESSAGE][PASSED] - Object: 'Object Repository/OOBObjects/HomepageObjects/InboxIcon' is clicked on

2019-05-19 11:24:35 - [MESSAGE][PASSED] - Object: 'Object Repository/OOBObjects/InboxPageObjects/BeforeInitiatePhase' is clicked on

2019-05-19 11:24:36 - [MESSAGE][PASSED] - Object: 'Object Repository/OOBObjects/InboxPageObjects/FirstIdea' is clicked on

2019-05-19 11:24:36 - [MESSAGE][PASSED] - Object: 'Object Repository/OOBObjects/InboxPageObjects/ApproveIdeaButton' is clicked on

2019-05-19 11:24:49 - [MESSAGE][PASSED] - Object: 'Object Repository/OOBObjects/InboxPageObjects/BeforeInitiatePhase' is clicked on

2019-05-19 11:24:51 - [MESSAGE][PASSED] - Object: 'Object Repository/OOBObjects/InboxPageObjects/FirstIdea' is clicked on

2019-05-19 11:24:51 - [MESSAGE][WARNING] - Timeout '0' is invalid. Using default page load timeout: '30'

2019-05-19 11:24:51 - [MESSAGE][PASSED] - Scroll to object 'Object Repository/OOBObjects/InboxPageObjects/AddNewAttachmentButtonApproveIdea' successfully

2019-05-19 11:24:51 - [MESSAGE][PASSED] - Object: 'Object Repository/OOBObjects/InboxPageObjects/AddNewAttachmentButtonApproveIdea' is clicked on

2019-05-19 11:24:51 - [MESSAGE][PASSED] - File 'C:\Users\HP\Desktop\SK.png' sent to object: 'Object Repository/OOBObjects/InboxPageObjects/UploadFileApproveIdea'

2019-05-19 11:24:51 - [MESSAGE][WARNING] - Timeout '0' is invalid. Using default page load timeout: '30'

2019-05-19 11:24:52 - [MESSAGE][PASSED] - Object 'Object Repository/OOBObjects/InboxPageObjects/AttachedFileApprovedIdea' is present

2019-05-19 11:24:52 - [MESSAGE][PASSED] - Object: 'Object Repository/OOBObjects/InboxPageObjects/LoadButtonApproveIdea' is clicked on

2019-05-19 11:24:52 - [MESSAGE][PASSED] - Object 'Object Repository/OOBObjects/InboxPageObjects/SendAproveIdeaSecondPhase' is clickable

2019-05-19 11:24:52 - [MESSAGE][PASSED] - Object: 'Object Repository/OOBObjects/InboxPageObjects/SendAproveIdeaSecondPhase' is hovered

2019-05-19 11:24:57 - [MESSAGE][PASSED] - Delayed 5 second(s)

2019-05-19 11:24:57 - [MESSAGE][PASSED] - Object: 'Object Repository/OOBObjects/InboxPageObjects/SendAproveIdeaSecondPhase' is clicked on

2019-05-19 11:25:10 - [MESSAGE][PASSED] - Object: 'Object Repository/OOBObjects/InboxPageObjects/BeforeInitiatePhase' is clicked on

2019-05-19 11:25:11 - [MESSAGE][PASSED] - Object: 'Object Repository/OOBObjects/InboxPageObjects/FirstIdea' is clicked on

2019-05-19 11:25:11 - [MESSAGE][PASSED] - Object: 'Object Repository/OOBObjects/InboxPageObjects/StrategicObjectiveCheckBox' is clicked on

2019-05-19 11:25:11 - [MESSAGE][PASSED] - All options with index in [1] are selected on object 'Object Repository/OOBObjects/InboxPageObjects/ddlInitiativesDropdwon'

2019-05-19 11:25:11 - [MESSAGE][PASSED] - Object: 'Object Repository/OOBObjects/InboxPageObjects/SendApproveIdeaThirdPhase' is clicked on

2019-05-19 11:25:25 - [MESSAGE][PASSED] - Object: 'Object Repository/OOBObjects/InboxPageObjects/BeforeInitiatePhase' is clicked on

2019-05-19 11:25:27 - [MESSAGE][PASSED] - Object: 'Object Repository/OOBObjects/InboxPageObjects/FirstIdea' is clicked on

2019-05-19 11:25:27 - [MESSAGE][PASSED] - All options with index in [1] are selected on object 'Object Repository/OOBObjects/InboxPageObjects/WalletDropdownApproveIdea'

2019-05-19 11:25:27 - [MESSAGE][PASSED] - All options with index in [1] are selected on object 'Object Repository/OOBObjects/InboxPageObjects/ProgramDropdownApproveIdea'

2019-05-19 11:25:27 - [MESSAGE][PASSED] - All options with index in [1] are selected on object 'Object Repository/OOBObjects/InboxPageObjects/OwnerDropdownApproveIdea'

2019-05-19 11:25:27 - [MESSAGE][PASSED] - Object: 'Object Repository/OOBObjects/InboxPageObjects/SendApproveIdeaFourthPhase' is clicked on

2019-05-19 11:25:39 - [MESSAGE][PASSED] - Object: 'Object Repository/OOBObjects/InboxPageObjects/BeforeInitiatePhase' is clicked on

2019-05-19 11:25:41 - [MESSAGE][PASSED] - Object: 'Object Repository/OOBObjects/InboxPageObjects/FirstIdea' is clicked on

2019-05-19 11:25:41 - [MESSAGE][PASSED] - Object: 'Object Repository/OOBObjects/InboxPageObjects/ApproveButtonFivthPhase' is clicked on

2019-05-19 11:25:54 - [MESSAGE][PASSED] - Object: 'Object Repository/OOBObjects/InboxPageObjects/BeforeInitiatePhase' is clicked on

2019-05-19 11:25:56 - [MESSAGE][PASSED] - Object: 'Object Repository/OOBObjects/InboxPageObjects/FirstIdea' is clicked on

2019-05-19 11:25:56 - [MESSAGE][PASSED] - Object: 'Object Repository/OOBObjects/InboxPageObjects/GeorgianCheckBoxApproveIdea' is clicked on

2019-05-19 11:25:56 - [MESSAGE][PASSED] - Object: 'Object Repository/OOBObjects/InboxPageObjects/ExceptedExecutionDateApproveIdea' is clicked on

2019-05-19 11:25:56 - [MESSAGE][PASSED] - All options with index in [3] are selected on object 'Object Repository/OOBObjects/InboxPageObjects/MonthsDropdownApproveIdea'

2019-05-19 11:25:56 - [MESSAGE][PASSED] - Object: 'Object Repository/OOBObjects/InboxPageObjects/Day30ApproveIdeaExcutionDate' is hovered

2019-05-19 11:25:56 - [MESSAGE][PASSED] - Object: 'Object Repository/OOBObjects/InboxPageObjects/Day30ApproveIdeaExcutionDate' is clicked on

2019-05-19 11:25:56 - [MESSAGE][PASSED] - All options with index in [1] are selected on object 'Object Repository/OOBObjects/InboxPageObjects/PriorityDropdownApproveIdea'

2019-05-19 11:25:56 - [MESSAGE][PASSED] - Object: 'Object Repository/OOBObjects/InboxPageObjects/SubmitButtonApproveIdae' is clicked on

2019-05-19 11:25:56 - [MESSAGE][PASSED] - I want to approve idea

2019-05-19 11:25:56 - [TEST_STEP][PASSED] - I want to go to OOB: I want to go to OOB

2019-05-19 11:26:09 - [MESSAGE][PASSED] - Navigate to 'https://pmoadmin:P@ssw0rd@dev5.cloudapp.net/OOB2/' successfully

2019-05-19 11:26:09 - [MESSAGE][PASSED] - I want to go to OOB

2019-05-19 11:26:09 - [TEST_STEP][PASSED] - I want to go to approved ideas list page: I want to go to approved ideas list page

2019-05-19 11:26:17 - [MESSAGE][PASSED] - Object: 'Object Repository/OOBObjects/HomepageObjects/ApprovedIdeasList' is clicked on

2019-05-19 11:26:17 - [MESSAGE][PASSED] - I want to go to approved ideas list page

2019-05-19 11:26:17 - [TEST_STEP][PASSED] - I want to search for approved idea by name: I want to search for approved idea by name

2019-05-19 11:26:17 - [MESSAGE][PASSED] - Text 'Automation9445' is set on object 'Object Repository/OOBObjects/ApprovedIdeasListObjects/ApprovedIdeasSearchField'

2019-05-19 11:26:17 - [MESSAGE][PASSED] - Actual text and expected text of test object 'Object Repository/OOBObjects/ApprovedIdeasListObjects/IdeaNameLinkInApprovedIdeasList' are matched.

2019-05-19 11:26:17 - [MESSAGE][PASSED] - I want to search for approved idea by name

2019-05-19 11:26:17 - [TEST_STEP][PASSED] - I want to close browser: I want to close browser

2019-05-19 11:26:18 - [MESSAGE][PASSED] - Browser is closed

2019-05-19 11:26:18 - [MESSAGE][PASSED] - I want to close browser

2019-05-19 11:26:18 - [MESSAGE][PASSED] - Feature file: 'Include/features/Governance-Module/Add-Idea/024-Search-for-Approved-Idea.feature' was passed]]></system-out>
         <system-err><![CDATA[]]></system-err>
      </testcase>
      <testcase name="Test Cases/Add-Idea-Test-Cases/025-Verify-Approved-Idea-Details-Page" classname="Test Cases/Add-Idea-Test-Cases/025-Verify-Approved-Idea-Details-Page" status="FAILED">
         <failure type="FAILED" message="Test Cases/Add-Idea-Test-Cases/025-Verify-Approved-Idea-Details-Page FAILED.
Reason:
com.kms.katalon.core.exception.StepFailedException: Feature file 'Include/features/Governance-Module/Add-Idea/025-Verify-Approved-Idea-Details-Page.feature' was failed
	at com.kms.katalon.core.keyword.internal.KeywordMain.stepFailed(KeywordMain.groovy:48)
	at com.kms.katalon.core.keyword.internal.KeywordMain.stepFailed(KeywordMain.groovy)
	at com.kms.katalon.core.keyword.internal.KeywordMain.stepFailed(KeywordMain.groovy:21)
	at com.kms.katalon.core.keyword.internal.KeywordMain$stepFailed$0.call(Unknown Source)
	at com.kms.katalon.core.cucumber.keyword.CucumberBuiltinKeywords$_runFeatureFile_closure1.doCall(CucumberBuiltinKeywords.groovy:82)
	at com.kms.katalon.core.cucumber.keyword.CucumberBuiltinKeywords$_runFeatureFile_closure1.doCall(CucumberBuiltinKeywords.groovy)
	at com.kms.katalon.core.keyword.internal.KeywordMain.runKeyword(KeywordMain.groovy:66)
	at com.kms.katalon.core.keyword.internal.KeywordMain$runKeyword.call(Unknown Source)
	at com.kms.katalon.core.cucumber.keyword.CucumberBuiltinKeywords.runFeatureFile(CucumberBuiltinKeywords.groovy:46)
	at com.kms.katalon.core.cucumber.keyword.CucumberBuiltinKeywords$runFeatureFile$0.callStatic(Unknown Source)
	at com.kms.katalon.core.cucumber.keyword.CucumberBuiltinKeywords.runFeatureFile(CucumberBuiltinKeywords.groovy:101)
	at com.kms.katalon.core.cucumber.keyword.CucumberBuiltinKeywords$runFeatureFile.call(Unknown Source)
	at 025-Verify-Approved-Idea-Details-Page.run(025-Verify-Approved-Idea-Details-Page:16)
	at com.kms.katalon.core.main.ScriptEngine.run(ScriptEngine.java:194)
	at com.kms.katalon.core.main.ScriptEngine.runScriptAsRawText(ScriptEngine.java:119)
	at com.kms.katalon.core.main.TestCaseExecutor.runScript(TestCaseExecutor.java:331)
	at com.kms.katalon.core.main.TestCaseExecutor.doExecute(TestCaseExecutor.java:322)
	at com.kms.katalon.core.main.TestCaseExecutor.processExecutionPhase(TestCaseExecutor.java:301)
	at com.kms.katalon.core.main.TestCaseExecutor.accessMainPhase(TestCaseExecutor.java:293)
	at com.kms.katalon.core.main.TestCaseExecutor.execute(TestCaseExecutor.java:227)
	at com.kms.katalon.core.main.TestSuiteExecutor.accessTestCaseMainPhase(TestSuiteExecutor.java:129)
	at com.kms.katalon.core.main.TestSuiteExecutor.accessTestSuiteMainPhase(TestSuiteExecutor.java:112)
	at com.kms.katalon.core.main.TestSuiteExecutor.execute(TestSuiteExecutor.java:81)
	at com.kms.katalon.core.main.TestCaseMain.startTestSuite(TestCaseMain.java:157)
	at com.kms.katalon.core.main.TestCaseMain$startTestSuite$0.call(Unknown Source)
	at TempTestSuite1558253547685.run(TempTestSuite1558253547685.groovy:35)
"/>
         <system-out><![CDATA[2019-05-19 11:26:18 - [TEST_CASE][FAILED] - Test Cases/Add-Idea-Test-Cases/025-Verify-Approved-Idea-Details-Page: Test Cases/Add-Idea-Test-Cases/025-Verify-Approved-Idea-Details-Page FAILED.
Reason:
com.kms.katalon.core.exception.StepFailedException: Feature file 'Include/features/Governance-Module/Add-Idea/025-Verify-Approved-Idea-Details-Page.feature' was failed
	at com.kms.katalon.core.keyword.internal.KeywordMain.stepFailed(KeywordMain.groovy:48)
	at com.kms.katalon.core.keyword.internal.KeywordMain.stepFailed(KeywordMain.groovy)
	at com.kms.katalon.core.keyword.internal.KeywordMain.stepFailed(KeywordMain.groovy:21)
	at com.kms.katalon.core.keyword.internal.KeywordMain$stepFailed$0.call(Unknown Source)
	at com.kms.katalon.core.cucumber.keyword.CucumberBuiltinKeywords$_runFeatureFile_closure1.doCall(CucumberBuiltinKeywords.groovy:82)
	at com.kms.katalon.core.cucumber.keyword.CucumberBuiltinKeywords$_runFeatureFile_closure1.doCall(CucumberBuiltinKeywords.groovy)
	at com.kms.katalon.core.keyword.internal.KeywordMain.runKeyword(KeywordMain.groovy:66)
	at com.kms.katalon.core.keyword.internal.KeywordMain$runKeyword.call(Unknown Source)
	at com.kms.katalon.core.cucumber.keyword.CucumberBuiltinKeywords.runFeatureFile(CucumberBuiltinKeywords.groovy:46)
	at com.kms.katalon.core.cucumber.keyword.CucumberBuiltinKeywords$runFeatureFile$0.callStatic(Unknown Source)
	at com.kms.katalon.core.cucumber.keyword.CucumberBuiltinKeywords.runFeatureFile(CucumberBuiltinKeywords.groovy:101)
	at com.kms.katalon.core.cucumber.keyword.CucumberBuiltinKeywords$runFeatureFile.call(Unknown Source)
	at 025-Verify-Approved-Idea-Details-Page.run(025-Verify-Approved-Idea-Details-Page:16)
	at com.kms.katalon.core.main.ScriptEngine.run(ScriptEngine.java:194)
	at com.kms.katalon.core.main.ScriptEngine.runScriptAsRawText(ScriptEngine.java:119)
	at com.kms.katalon.core.main.TestCaseExecutor.runScript(TestCaseExecutor.java:331)
	at com.kms.katalon.core.main.TestCaseExecutor.doExecute(TestCaseExecutor.java:322)
	at com.kms.katalon.core.main.TestCaseExecutor.processExecutionPhase(TestCaseExecutor.java:301)
	at com.kms.katalon.core.main.TestCaseExecutor.accessMainPhase(TestCaseExecutor.java:293)
	at com.kms.katalon.core.main.TestCaseExecutor.execute(TestCaseExecutor.java:227)
	at com.kms.katalon.core.main.TestSuiteExecutor.accessTestCaseMainPhase(TestSuiteExecutor.java:129)
	at com.kms.katalon.core.main.TestSuiteExecutor.accessTestSuiteMainPhase(TestSuiteExecutor.java:112)
	at com.kms.katalon.core.main.TestSuiteExecutor.execute(TestSuiteExecutor.java:81)
	at com.kms.katalon.core.main.TestCaseMain.startTestSuite(TestCaseMain.java:157)
	at com.kms.katalon.core.main.TestCaseMain$startTestSuite$0.call(Unknown Source)
	at TempTestSuite1558253547685.run(TempTestSuite1558253547685.groovy:35)


2019-05-19 11:26:18 - [TEST_STEP][FAILED] - runFeatureFile("Include/features/Governance-Module/Add-Idea/025-Verify-Approved-Idea-Details-Page.feature"): runFeatureFile("Include/features/Governance-Module/Add-Idea/025-Verify-Approved-Idea-Details-Page.feature") FAILED.
Reason:
com.kms.katalon.core.exception.StepFailedException: Feature file 'Include/features/Governance-Module/Add-Idea/025-Verify-Approved-Idea-Details-Page.feature' was failed
	at com.kms.katalon.core.keyword.internal.KeywordMain.stepFailed(KeywordMain.groovy:48)
	at com.kms.katalon.core.keyword.internal.KeywordMain.stepFailed(KeywordMain.groovy)
	at com.kms.katalon.core.keyword.internal.KeywordMain.stepFailed(KeywordMain.groovy:21)
	at com.kms.katalon.core.keyword.internal.KeywordMain$stepFailed$0.call(Unknown Source)
	at com.kms.katalon.core.cucumber.keyword.CucumberBuiltinKeywords$_runFeatureFile_closure1.doCall(CucumberBuiltinKeywords.groovy:82)
	at com.kms.katalon.core.cucumber.keyword.CucumberBuiltinKeywords$_runFeatureFile_closure1.doCall(CucumberBuiltinKeywords.groovy)
	at com.kms.katalon.core.keyword.internal.KeywordMain.runKeyword(KeywordMain.groovy:66)
	at com.kms.katalon.core.keyword.internal.KeywordMain$runKeyword.call(Unknown Source)
	at com.kms.katalon.core.cucumber.keyword.CucumberBuiltinKeywords.runFeatureFile(CucumberBuiltinKeywords.groovy:46)
	at com.kms.katalon.core.cucumber.keyword.CucumberBuiltinKeywords$runFeatureFile$0.callStatic(Unknown Source)
	at com.kms.katalon.core.cucumber.keyword.CucumberBuiltinKeywords.runFeatureFile(CucumberBuiltinKeywords.groovy:101)
	at com.kms.katalon.core.cucumber.keyword.CucumberBuiltinKeywords$runFeatureFile.call(Unknown Source)
	at 025-Verify-Approved-Idea-Details-Page.run(025-Verify-Approved-Idea-Details-Page:16)
	at com.kms.katalon.core.main.ScriptEngine.run(ScriptEngine.java:194)
	at com.kms.katalon.core.main.ScriptEngine.runScriptAsRawText(ScriptEngine.java:119)
	at com.kms.katalon.core.main.TestCaseExecutor.runScript(TestCaseExecutor.java:331)
	at com.kms.katalon.core.main.TestCaseExecutor.doExecute(TestCaseExecutor.java:322)
	at com.kms.katalon.core.main.TestCaseExecutor.processExecutionPhase(TestCaseExecutor.java:301)
	at com.kms.katalon.core.main.TestCaseExecutor.accessMainPhase(TestCaseExecutor.java:293)
	at com.kms.katalon.core.main.TestCaseExecutor.execute(TestCaseExecutor.java:227)
	at com.kms.katalon.core.main.TestSuiteExecutor.accessTestCaseMainPhase(TestSuiteExecutor.java:129)
	at com.kms.katalon.core.main.TestSuiteExecutor.accessTestSuiteMainPhase(TestSuiteExecutor.java:112)
	at com.kms.katalon.core.main.TestSuiteExecutor.execute(TestSuiteExecutor.java:81)
	at com.kms.katalon.core.main.TestCaseMain.startTestSuite(TestCaseMain.java:157)
	at com.kms.katalon.core.main.TestCaseMain$startTestSuite$0.call(Unknown Source)
	at TempTestSuite1558253547685.run(TempTestSuite1558253547685.groovy:35)


2019-05-19 11:26:18 - [MESSAGE][INFO] - Starting run keyword runFeatureFile: 'Include/features/Governance-Module/Add-Idea/025-Verify-Approved-Idea-Details-Page.feature' and extract report to folder: 'C:\Users\HP\git\PMO-Web-Application\Reports\First-Test-Suite\20190519_111227/cucumber_report/1558254378146'...

2019-05-19 11:26:18 - [TEST_CASE][FAILED] - Start Test Case : SCENARIO Verify approved idea details page: SCENARIO Verify approved idea details page FAILED.
Reason:
com.kms.katalon.core.exception.StepFailedException: Unable to maximize current window
	at com.kms.katalon.core.webui.keyword.internal.WebUIKeywordMain.stepFailed(WebUIKeywordMain.groovy:64)
	at com.kms.katalon.core.webui.keyword.internal.WebUIKeywordMain.runKeyword(WebUIKeywordMain.groovy:26)
	at com.kms.katalon.core.webui.keyword.builtin.MaximizeWindowKeyword.maximizeWindow(MaximizeWindowKeyword.groovy:74)
	at com.kms.katalon.core.webui.keyword.builtin.MaximizeWindowKeyword.execute(MaximizeWindowKeyword.groovy:69)
	at com.kms.katalon.core.keyword.internal.KeywordExecutor.executeKeywordForPlatform(KeywordExecutor.groovy:56)
	at com.kms.katalon.core.webui.keyword.WebUiBuiltInKeywords.maximizeWindow(WebUiBuiltInKeywords.groovy:279)
	at com.kms.katalon.core.webui.keyword.WebUiBuiltInKeywords$maximizeWindow$1.call(Unknown Source)
	at com.pmo.steps.MainSteps.maximizeWindow(MainSteps.groovy:66)
	at ✽.I want to maximize window(C:/Users/HP/git/PMO-Web-Application/Include/features/Governance-Module/Add-Idea/025-Verify-Approved-Idea-Details-Page.feature:8)
Caused by: org.openqa.selenium.WebDriverException: unknown error: failed to change window state to maximized, current state is normal
  (Session info: chrome=74.0.3729.131)
  (Driver info: chromedriver=2.43.600210 (68dcf5eebde37173d4027fa8635e332711d2874a),platform=Windows NT 10.0.17134 x86_64) (WARNING: The server did not provide any stacktrace information)
Command duration or timeout: 0 milliseconds
Build info: version: '3.7.1', revision: '8a0099a', time: '2017-11-06T21:07:36.161Z'
System info: host: 'HP45G5', ip: '192.168.1.110', os.name: 'Windows 10', os.arch: 'amd64', os.version: '10.0', java.version: '1.8.0_181'
Driver info: com.kms.katalon.selenium.driver.CChromeDriver
Capabilities {acceptInsecureCerts: false, acceptSslCerts: false, applicationCacheEnabled: false, browserConnectionEnabled: false, browserName: chrome, chrome: {chromedriverVersion: 2.43.600210 (68dcf5eebde371..., userDataDir: C:\Users\HP\AppData\Local\T...}, cssSelectorsEnabled: true, databaseEnabled: false, goog:chromeOptions: {debuggerAddress: localhost:62683}, handlesAlerts: true, hasTouchScreen: false, javascriptEnabled: true, locationContextEnabled: true, mobileEmulationEnabled: false, nativeEvents: true, networkConnectionEnabled: false, pageLoadStrategy: normal, platform: XP, platformName: XP, rotatable: false, setWindowRect: true, takesHeapSnapshot: true, takesScreenshot: true, unexpectedAlertBehaviour: , unhandledPromptBehavior: , version: 74.0.3729.131, webStorageEnabled: true}
Session ID: 63f2dab0d0967e3d1c9b3d597a78764c
	at org.openqa.selenium.remote.ErrorHandler.createThrowable(ErrorHandler.java:214)
	at org.openqa.selenium.remote.ErrorHandler.throwIfResponseFailed(ErrorHandler.java:166)
	at org.openqa.selenium.remote.http.JsonHttpResponseCodec.reconstructValue(JsonHttpResponseCodec.java:40)
	at org.openqa.selenium.remote.http.AbstractHttpResponseCodec.decode(AbstractHttpResponseCodec.java:80)
	at org.openqa.selenium.remote.http.AbstractHttpResponseCodec.decode(AbstractHttpResponseCodec.java:44)
	at org.openqa.selenium.remote.HttpCommandExecutor.execute(HttpCommandExecutor.java:164)
	at org.openqa.selenium.remote.service.DriverCommandExecutor.execute(DriverCommandExecutor.java:83)
	at org.openqa.selenium.remote.RemoteWebDriver.execute(RemoteWebDriver.java:600)
	at com.kms.katalon.selenium.driver.CChromeDriver.execute(CChromeDriver.java:20)
	at org.openqa.selenium.remote.RemoteWebDriver.execute(RemoteWebDriver.java:657)
	at org.openqa.selenium.remote.RemoteWebDriver$RemoteWebDriverOptions$RemoteWindow.maximize(RemoteWebDriver.java:891)
	at com.kms.katalon.core.webui.keyword.builtin.MaximizeWindowKeyword$_maximizeWindow_closure1.doCall(MaximizeWindowKeyword.groovy:85)
	at com.kms.katalon.core.webui.keyword.builtin.MaximizeWindowKeyword$_maximizeWindow_closure1.call(MaximizeWindowKeyword.groovy)
	at com.kms.katalon.core.webui.keyword.internal.WebUIKeywordMain.runKeyword(WebUIKeywordMain.groovy:20)
	at com.kms.katalon.core.webui.keyword.builtin.MaximizeWindowKeyword.maximizeWindow(MaximizeWindowKeyword.groovy:74)
	at com.kms.katalon.core.webui.keyword.builtin.MaximizeWindowKeyword.execute(MaximizeWindowKeyword.groovy:69)
	at com.kms.katalon.core.keyword.internal.KeywordExecutor.executeKeywordForPlatform(KeywordExecutor.groovy:56)
	at com.kms.katalon.core.webui.keyword.WebUiBuiltInKeywords.maximizeWindow(WebUiBuiltInKeywords.groovy:279)
	at com.kms.katalon.core.webui.keyword.WebUiBuiltInKeywords$maximizeWindow$1.call(Unknown Source)
	at com.pmo.steps.MainSteps.maximizeWindow(MainSteps.groovy:66)
	at cucumber.runtime.Utils$1.call(Utils.java:26)
	at cucumber.runtime.Timeout.timeout(Timeout.java:16)
	at cucumber.runtime.Utils.invoke(Utils.java:20)
	at cucumber.runtime.java.JavaStepDefinition.execute(JavaStepDefinition.java:48)
	at cucumber.runtime.PickleStepDefinitionMatch.runStep(PickleStepDefinitionMatch.java:50)
	at cucumber.runner.TestStep.executeStep(TestStep.java:55)
	at cucumber.runner.TestStep.run(TestStep.java:42)
	at cucumber.runner.PickleStepTestStep.run(PickleStepTestStep.java:53)
	at cucumber.runner.TestCase.run(TestCase.java:47)
	at cucumber.runner.Runner.runPickle(Runner.java:44)
	at cucumber.runtime.Runtime.runFeature(Runtime.java:120)
	at cucumber.runtime.Runtime.run(Runtime.java:106)
	at cucumber.api.cli.Main.run(Main.java:35)
	at cucumber.api.cli.Main$run.call(Unknown Source)
	at com.kms.katalon.core.cucumber.keyword.CucumberBuiltinKeywords$_runFeatureFile_closure1.doCall(CucumberBuiltinKeywords.groovy:76)
	at com.kms.katalon.core.cucumber.keyword.CucumberBuiltinKeywords$_runFeatureFile_closure1.doCall(CucumberBuiltinKeywords.groovy)
	at com.kms.katalon.core.keyword.internal.KeywordMain.runKeyword(KeywordMain.groovy:66)
	at com.kms.katalon.core.keyword.internal.KeywordMain$runKeyword.call(Unknown Source)
	at com.kms.katalon.core.cucumber.keyword.CucumberBuiltinKeywords.runFeatureFile(CucumberBuiltinKeywords.groovy:46)
	at com.kms.katalon.core.cucumber.keyword.CucumberBuiltinKeywords$runFeatureFile$0.callStatic(Unknown Source)
	at com.kms.katalon.core.cucumber.keyword.CucumberBuiltinKeywords.runFeatureFile(CucumberBuiltinKeywords.groovy:101)
	at com.kms.katalon.core.cucumber.keyword.CucumberBuiltinKeywords$runFeatureFile.call(Unknown Source)
	at Script1557212237658.run(Script1557212237658.groovy:16)
	at com.kms.katalon.core.main.ScriptEngine.run(ScriptEngine.java:194)
	at com.kms.katalon.core.main.ScriptEngine.runScriptAsRawText(ScriptEngine.java:119)
	at com.kms.katalon.core.main.TestCaseExecutor.runScript(TestCaseExecutor.java:331)
	at com.kms.katalon.core.main.TestCaseExecutor.doExecute(TestCaseExecutor.java:322)
	at com.kms.katalon.core.main.TestCaseExecutor.processExecutionPhase(TestCaseExecutor.java:301)
	at com.kms.katalon.core.main.TestCaseExecutor.accessMainPhase(TestCaseExecutor.java:293)
	at com.kms.katalon.core.main.TestCaseExecutor.execute(TestCaseExecutor.java:227)
	at com.kms.katalon.core.main.TestSuiteExecutor.accessTestCaseMainPhase(TestSuiteExecutor.java:129)
	at com.kms.katalon.core.main.TestSuiteExecutor.accessTestSuiteMainPhase(TestSuiteExecutor.java:112)
	at com.kms.katalon.core.main.TestSuiteExecutor.execute(TestSuiteExecutor.java:81)
	at com.kms.katalon.core.main.TestCaseMain.startTestSuite(TestCaseMain.java:157)
	at com.kms.katalon.core.main.TestCaseMain$startTestSuite$0.call(Unknown Source)
	at TempTestSuite1558253547685.run(TempTestSuite1558253547685.groovy:35)


2019-05-19 11:26:18 - [TEST_STEP][PASSED] - I want to open browser: I want to open browser

2019-05-19 11:26:18 - [MESSAGE][INFO] - Starting 'Chrome' driver

2019-05-19 11:26:20 - [MESSAGE][PASSED] - Browser is opened with url: ''

2019-05-19 11:26:20 - [MESSAGE][PASSED] - Delete all cookies successfully

2019-05-19 11:26:20 - [MESSAGE][PASSED] - I want to open browser

2019-05-19 11:26:20 - [TEST_STEP][FAILED] - I want to maximize window: I want to maximize window FAILED.
Reason:
com.kms.katalon.core.exception.StepFailedException: Unable to maximize current window
	at com.kms.katalon.core.webui.keyword.internal.WebUIKeywordMain.stepFailed(WebUIKeywordMain.groovy:64)
	at com.kms.katalon.core.webui.keyword.internal.WebUIKeywordMain.runKeyword(WebUIKeywordMain.groovy:26)
	at com.kms.katalon.core.webui.keyword.builtin.MaximizeWindowKeyword.maximizeWindow(MaximizeWindowKeyword.groovy:74)
	at com.kms.katalon.core.webui.keyword.builtin.MaximizeWindowKeyword.execute(MaximizeWindowKeyword.groovy:69)
	at com.kms.katalon.core.keyword.internal.KeywordExecutor.executeKeywordForPlatform(KeywordExecutor.groovy:56)
	at com.kms.katalon.core.webui.keyword.WebUiBuiltInKeywords.maximizeWindow(WebUiBuiltInKeywords.groovy:279)
	at com.kms.katalon.core.webui.keyword.WebUiBuiltInKeywords$maximizeWindow$1.call(Unknown Source)
	at com.pmo.steps.MainSteps.maximizeWindow(MainSteps.groovy:66)
	at ✽.I want to maximize window(C:/Users/HP/git/PMO-Web-Application/Include/features/Governance-Module/Add-Idea/025-Verify-Approved-Idea-Details-Page.feature:8)
Caused by: org.openqa.selenium.WebDriverException: unknown error: failed to change window state to maximized, current state is normal
  (Session info: chrome=74.0.3729.131)
  (Driver info: chromedriver=2.43.600210 (68dcf5eebde37173d4027fa8635e332711d2874a),platform=Windows NT 10.0.17134 x86_64) (WARNING: The server did not provide any stacktrace information)
Command duration or timeout: 0 milliseconds
Build info: version: '3.7.1', revision: '8a0099a', time: '2017-11-06T21:07:36.161Z'
System info: host: 'HP45G5', ip: '192.168.1.110', os.name: 'Windows 10', os.arch: 'amd64', os.version: '10.0', java.version: '1.8.0_181'
Driver info: com.kms.katalon.selenium.driver.CChromeDriver
Capabilities {acceptInsecureCerts: false, acceptSslCerts: false, applicationCacheEnabled: false, browserConnectionEnabled: false, browserName: chrome, chrome: {chromedriverVersion: 2.43.600210 (68dcf5eebde371..., userDataDir: C:\Users\HP\AppData\Local\T...}, cssSelectorsEnabled: true, databaseEnabled: false, goog:chromeOptions: {debuggerAddress: localhost:62683}, handlesAlerts: true, hasTouchScreen: false, javascriptEnabled: true, locationContextEnabled: true, mobileEmulationEnabled: false, nativeEvents: true, networkConnectionEnabled: false, pageLoadStrategy: normal, platform: XP, platformName: XP, rotatable: false, setWindowRect: true, takesHeapSnapshot: true, takesScreenshot: true, unexpectedAlertBehaviour: , unhandledPromptBehavior: , version: 74.0.3729.131, webStorageEnabled: true}
Session ID: 63f2dab0d0967e3d1c9b3d597a78764c
	at org.openqa.selenium.remote.ErrorHandler.createThrowable(ErrorHandler.java:214)
	at org.openqa.selenium.remote.ErrorHandler.throwIfResponseFailed(ErrorHandler.java:166)
	at org.openqa.selenium.remote.http.JsonHttpResponseCodec.reconstructValue(JsonHttpResponseCodec.java:40)
	at org.openqa.selenium.remote.http.AbstractHttpResponseCodec.decode(AbstractHttpResponseCodec.java:80)
	at org.openqa.selenium.remote.http.AbstractHttpResponseCodec.decode(AbstractHttpResponseCodec.java:44)
	at org.openqa.selenium.remote.HttpCommandExecutor.execute(HttpCommandExecutor.java:164)
	at org.openqa.selenium.remote.service.DriverCommandExecutor.execute(DriverCommandExecutor.java:83)
	at org.openqa.selenium.remote.RemoteWebDriver.execute(RemoteWebDriver.java:600)
	at com.kms.katalon.selenium.driver.CChromeDriver.execute(CChromeDriver.java:20)
	at org.openqa.selenium.remote.RemoteWebDriver.execute(RemoteWebDriver.java:657)
	at org.openqa.selenium.remote.RemoteWebDriver$RemoteWebDriverOptions$RemoteWindow.maximize(RemoteWebDriver.java:891)
	at com.kms.katalon.core.webui.keyword.builtin.MaximizeWindowKeyword$_maximizeWindow_closure1.doCall(MaximizeWindowKeyword.groovy:85)
	at com.kms.katalon.core.webui.keyword.builtin.MaximizeWindowKeyword$_maximizeWindow_closure1.call(MaximizeWindowKeyword.groovy)
	at com.kms.katalon.core.webui.keyword.internal.WebUIKeywordMain.runKeyword(WebUIKeywordMain.groovy:20)
	at com.kms.katalon.core.webui.keyword.builtin.MaximizeWindowKeyword.maximizeWindow(MaximizeWindowKeyword.groovy:74)
	at com.kms.katalon.core.webui.keyword.builtin.MaximizeWindowKeyword.execute(MaximizeWindowKeyword.groovy:69)
	at com.kms.katalon.core.keyword.internal.KeywordExecutor.executeKeywordForPlatform(KeywordExecutor.groovy:56)
	at com.kms.katalon.core.webui.keyword.WebUiBuiltInKeywords.maximizeWindow(WebUiBuiltInKeywords.groovy:279)
	at com.kms.katalon.core.webui.keyword.WebUiBuiltInKeywords$maximizeWindow$1.call(Unknown Source)
	at com.pmo.steps.MainSteps.maximizeWindow(MainSteps.groovy:66)
	at cucumber.runtime.Utils$1.call(Utils.java:26)
	at cucumber.runtime.Timeout.timeout(Timeout.java:16)
	at cucumber.runtime.Utils.invoke(Utils.java:20)
	at cucumber.runtime.java.JavaStepDefinition.execute(JavaStepDefinition.java:48)
	at cucumber.runtime.PickleStepDefinitionMatch.runStep(PickleStepDefinitionMatch.java:50)
	at cucumber.runner.TestStep.executeStep(TestStep.java:55)
	at cucumber.runner.TestStep.run(TestStep.java:42)
	at cucumber.runner.PickleStepTestStep.run(PickleStepTestStep.java:53)
	at cucumber.runner.TestCase.run(TestCase.java:47)
	at cucumber.runner.Runner.runPickle(Runner.java:44)
	at cucumber.runtime.Runtime.runFeature(Runtime.java:120)
	at cucumber.runtime.Runtime.run(Runtime.java:106)
	at cucumber.api.cli.Main.run(Main.java:35)
	at cucumber.api.cli.Main$run.call(Unknown Source)
	at com.kms.katalon.core.cucumber.keyword.CucumberBuiltinKeywords$_runFeatureFile_closure1.doCall(CucumberBuiltinKeywords.groovy:76)
	at com.kms.katalon.core.cucumber.keyword.CucumberBuiltinKeywords$_runFeatureFile_closure1.doCall(CucumberBuiltinKeywords.groovy)
	at com.kms.katalon.core.keyword.internal.KeywordMain.runKeyword(KeywordMain.groovy:66)
	at com.kms.katalon.core.keyword.internal.KeywordMain$runKeyword.call(Unknown Source)
	at com.kms.katalon.core.cucumber.keyword.CucumberBuiltinKeywords.runFeatureFile(CucumberBuiltinKeywords.groovy:46)
	at com.kms.katalon.core.cucumber.keyword.CucumberBuiltinKeywords$runFeatureFile$0.callStatic(Unknown Source)
	at com.kms.katalon.core.cucumber.keyword.CucumberBuiltinKeywords.runFeatureFile(CucumberBuiltinKeywords.groovy:101)
	at com.kms.katalon.core.cucumber.keyword.CucumberBuiltinKeywords$runFeatureFile.call(Unknown Source)
	at Script1557212237658.run(Script1557212237658.groovy:16)
	at com.kms.katalon.core.main.ScriptEngine.run(ScriptEngine.java:194)
	at com.kms.katalon.core.main.ScriptEngine.runScriptAsRawText(ScriptEngine.java:119)
	at com.kms.katalon.core.main.TestCaseExecutor.runScript(TestCaseExecutor.java:331)
	at com.kms.katalon.core.main.TestCaseExecutor.doExecute(TestCaseExecutor.java:322)
	at com.kms.katalon.core.main.TestCaseExecutor.processExecutionPhase(TestCaseExecutor.java:301)
	at com.kms.katalon.core.main.TestCaseExecutor.accessMainPhase(TestCaseExecutor.java:293)
	at com.kms.katalon.core.main.TestCaseExecutor.execute(TestCaseExecutor.java:227)
	at com.kms.katalon.core.main.TestSuiteExecutor.accessTestCaseMainPhase(TestSuiteExecutor.java:129)
	at com.kms.katalon.core.main.TestSuiteExecutor.accessTestSuiteMainPhase(TestSuiteExecutor.java:112)
	at com.kms.katalon.core.main.TestSuiteExecutor.execute(TestSuiteExecutor.java:81)
	at com.kms.katalon.core.main.TestCaseMain.startTestSuite(TestCaseMain.java:157)
	at com.kms.katalon.core.main.TestCaseMain$startTestSuite$0.call(Unknown Source)
	at TempTestSuite1558253547685.run(TempTestSuite1558253547685.groovy:35)


2019-05-19 11:26:21 - [MESSAGE][FAILED] - Unable to maximize current window (Root cause: com.kms.katalon.core.exception.StepFailedException: Unable to maximize current window
	at com.kms.katalon.core.webui.keyword.internal.WebUIKeywordMain.stepFailed(WebUIKeywordMain.groovy:64)
	at com.kms.katalon.core.webui.keyword.internal.WebUIKeywordMain.runKeyword(WebUIKeywordMain.groovy:26)
	at com.kms.katalon.core.webui.keyword.builtin.MaximizeWindowKeyword.maximizeWindow(MaximizeWindowKeyword.groovy:74)
	at com.kms.katalon.core.webui.keyword.builtin.MaximizeWindowKeyword.execute(MaximizeWindowKeyword.groovy:69)
	at com.kms.katalon.core.keyword.internal.KeywordExecutor.executeKeywordForPlatform(KeywordExecutor.groovy:56)
	at com.kms.katalon.core.webui.keyword.WebUiBuiltInKeywords.maximizeWindow(WebUiBuiltInKeywords.groovy:279)
	at com.kms.katalon.core.webui.keyword.WebUiBuiltInKeywords$maximizeWindow$1.call(Unknown Source)
	at com.pmo.steps.MainSteps.maximizeWindow(MainSteps.groovy:66)
	at cucumber.runtime.Utils$1.call(Utils.java:26)
	at cucumber.runtime.Timeout.timeout(Timeout.java:16)
	at cucumber.runtime.Utils.invoke(Utils.java:20)
	at cucumber.runtime.java.JavaStepDefinition.execute(JavaStepDefinition.java:48)
	at cucumber.runtime.PickleStepDefinitionMatch.runStep(PickleStepDefinitionMatch.java:50)
	at cucumber.runner.TestStep.executeStep(TestStep.java:55)
	at cucumber.runner.TestStep.run(TestStep.java:42)
	at cucumber.runner.PickleStepTestStep.run(PickleStepTestStep.java:53)
	at cucumber.runner.TestCase.run(TestCase.java:47)
	at cucumber.runner.Runner.runPickle(Runner.java:44)
	at cucumber.runtime.Runtime.runFeature(Runtime.java:120)
	at cucumber.runtime.Runtime.run(Runtime.java:106)
	at cucumber.api.cli.Main.run(Main.java:35)
	at cucumber.api.cli.Main$run.call(Unknown Source)
	at com.kms.katalon.core.cucumber.keyword.CucumberBuiltinKeywords$_runFeatureFile_closure1.doCall(CucumberBuiltinKeywords.groovy:76)
	at com.kms.katalon.core.cucumber.keyword.CucumberBuiltinKeywords$_runFeatureFile_closure1.doCall(CucumberBuiltinKeywords.groovy)
	at com.kms.katalon.core.keyword.internal.KeywordMain.runKeyword(KeywordMain.groovy:66)
	at com.kms.katalon.core.keyword.internal.KeywordMain$runKeyword.call(Unknown Source)
	at com.kms.katalon.core.cucumber.keyword.CucumberBuiltinKeywords.runFeatureFile(CucumberBuiltinKeywords.groovy:46)
	at com.kms.katalon.core.cucumber.keyword.CucumberBuiltinKeywords$runFeatureFile$0.callStatic(Unknown Source)
	at com.kms.katalon.core.cucumber.keyword.CucumberBuiltinKeywords.runFeatureFile(CucumberBuiltinKeywords.groovy:101)
	at com.kms.katalon.core.cucumber.keyword.CucumberBuiltinKeywords$runFeatureFile.call(Unknown Source)
	at 025-Verify-Approved-Idea-Details-Page.run(025-Verify-Approved-Idea-Details-Page:16)
	at com.kms.katalon.core.main.ScriptEngine.run(ScriptEngine.java:194)
	at com.kms.katalon.core.main.ScriptEngine.runScriptAsRawText(ScriptEngine.java:119)
	at com.kms.katalon.core.main.TestCaseExecutor.runScript(TestCaseExecutor.java:331)
	at com.kms.katalon.core.main.TestCaseExecutor.doExecute(TestCaseExecutor.java:322)
	at com.kms.katalon.core.main.TestCaseExecutor.processExecutionPhase(TestCaseExecutor.java:301)
	at com.kms.katalon.core.main.TestCaseExecutor.accessMainPhase(TestCaseExecutor.java:293)
	at com.kms.katalon.core.main.TestCaseExecutor.execute(TestCaseExecutor.java:227)
	at com.kms.katalon.core.main.TestSuiteExecutor.accessTestCaseMainPhase(TestSuiteExecutor.java:129)
	at com.kms.katalon.core.main.TestSuiteExecutor.accessTestSuiteMainPhase(TestSuiteExecutor.java:112)
	at com.kms.katalon.core.main.TestSuiteExecutor.execute(TestSuiteExecutor.java:81)
	at com.kms.katalon.core.main.TestCaseMain.startTestSuite(TestCaseMain.java:157)
	at com.kms.katalon.core.main.TestCaseMain$startTestSuite$0.call(Unknown Source)
	at TempTestSuite1558253547685.run(TempTestSuite1558253547685.groovy:35)
Caused by: org.openqa.selenium.WebDriverException: unknown error: failed to change window state to maximized, current state is normal
  (Session info: chrome=74.0.3729.131)
  (Driver info: chromedriver=2.43.600210 (68dcf5eebde37173d4027fa8635e332711d2874a),platform=Windows NT 10.0.17134 x86_64) (WARNING: The server did not provide any stacktrace information)
Command duration or timeout: 0 milliseconds
Build info: version: '3.7.1', revision: '8a0099a', time: '2017-11-06T21:07:36.161Z'
System info: host: 'HP45G5', ip: '192.168.1.110', os.name: 'Windows 10', os.arch: 'amd64', os.version: '10.0', java.version: '1.8.0_181'
Driver info: com.kms.katalon.selenium.driver.CChromeDriver
Capabilities {acceptInsecureCerts: false, acceptSslCerts: false, applicationCacheEnabled: false, browserConnectionEnabled: false, browserName: chrome, chrome: {chromedriverVersion: 2.43.600210 (68dcf5eebde371..., userDataDir: C:\Users\HP\AppData\Local\T...}, cssSelectorsEnabled: true, databaseEnabled: false, goog:chromeOptions: {debuggerAddress: localhost:62683}, handlesAlerts: true, hasTouchScreen: false, javascriptEnabled: true, locationContextEnabled: true, mobileEmulationEnabled: false, nativeEvents: true, networkConnectionEnabled: false, pageLoadStrategy: normal, platform: XP, platformName: XP, rotatable: false, setWindowRect: true, takesHeapSnapshot: true, takesScreenshot: true, unexpectedAlertBehaviour: , unhandledPromptBehavior: , version: 74.0.3729.131, webStorageEnabled: true}
Session ID: 63f2dab0d0967e3d1c9b3d597a78764c
	at org.openqa.selenium.remote.ErrorHandler.createThrowable(ErrorHandler.java:214)
	at org.openqa.selenium.remote.ErrorHandler.throwIfResponseFailed(ErrorHandler.java:166)
	at org.openqa.selenium.remote.http.JsonHttpResponseCodec.reconstructValue(JsonHttpResponseCodec.java:40)
	at org.openqa.selenium.remote.http.AbstractHttpResponseCodec.decode(AbstractHttpResponseCodec.java:80)
	at org.openqa.selenium.remote.http.AbstractHttpResponseCodec.decode(AbstractHttpResponseCodec.java:44)
	at org.openqa.selenium.remote.HttpCommandExecutor.execute(HttpCommandExecutor.java:164)
	at org.openqa.selenium.remote.service.DriverCommandExecutor.execute(DriverCommandExecutor.java:83)
	at org.openqa.selenium.remote.RemoteWebDriver.execute(RemoteWebDriver.java:600)
	at com.kms.katalon.selenium.driver.CChromeDriver.execute(CChromeDriver.java:20)
	at org.openqa.selenium.remote.RemoteWebDriver.execute(RemoteWebDriver.java:657)
	at org.openqa.selenium.remote.RemoteWebDriver$RemoteWebDriverOptions$RemoteWindow.maximize(RemoteWebDriver.java:891)
	at com.kms.katalon.core.webui.keyword.builtin.MaximizeWindowKeyword$_maximizeWindow_closure1.doCall(MaximizeWindowKeyword.groovy:85)
	at com.kms.katalon.core.webui.keyword.builtin.MaximizeWindowKeyword$_maximizeWindow_closure1.call(MaximizeWindowKeyword.groovy)
	at com.kms.katalon.core.webui.keyword.internal.WebUIKeywordMain.runKeyword(WebUIKeywordMain.groovy:20)
	at com.kms.katalon.core.webui.keyword.builtin.MaximizeWindowKeyword.maximizeWindow(MaximizeWindowKeyword.groovy:74)
	at com.kms.katalon.core.webui.keyword.builtin.MaximizeWindowKeyword.execute(MaximizeWindowKeyword.groovy:69)
	at com.kms.katalon.core.keyword.internal.KeywordExecutor.executeKeywordForPlatform(KeywordExecutor.groovy:56)
	at com.kms.katalon.core.webui.keyword.WebUiBuiltInKeywords.maximizeWindow(WebUiBuiltInKeywords.groovy:279)
	at com.kms.katalon.core.webui.keyword.WebUiBuiltInKeywords$maximizeWindow$1.call(Unknown Source)
	at com.pmo.steps.MainSteps.maximizeWindow(MainSteps.groovy:66)
	at cucumber.runtime.Utils$1.call(Utils.java:26)
	at cucumber.runtime.Timeout.timeout(Timeout.java:16)
	at cucumber.runtime.Utils.invoke(Utils.java:20)
	at cucumber.runtime.java.JavaStepDefinition.execute(JavaStepDefinition.java:48)
	at cucumber.runtime.PickleStepDefinitionMatch.runStep(PickleStepDefinitionMatch.java:50)
	at cucumber.runner.TestStep.executeStep(TestStep.java:55)
	at cucumber.runner.TestStep.run(TestStep.java:42)
	at cucumber.runner.PickleStepTestStep.run(PickleStepTestStep.java:53)
	at cucumber.runner.TestCase.run(TestCase.java:47)
	at cucumber.runner.Runner.runPickle(Runner.java:44)
	at cucumber.runtime.Runtime.runFeature(Runtime.java:120)
	at cucumber.runtime.Runtime.run(Runtime.java:106)
	at cucumber.api.cli.Main.run(Main.java:35)
	at cucumber.api.cli.Main$run.call(Unknown Source)
	at com.kms.katalon.core.cucumber.keyword.CucumberBuiltinKeywords$_runFeatureFile_closure1.doCall(CucumberBuiltinKeywords.groovy:76)
	at com.kms.katalon.core.cucumber.keyword.CucumberBuiltinKeywords$_runFeatureFile_closure1.doCall(CucumberBuiltinKeywords.groovy)
	at com.kms.katalon.core.keyword.internal.KeywordMain.runKeyword(KeywordMain.groovy:66)
	at com.kms.katalon.core.keyword.internal.KeywordMain$runKeyword.call(Unknown Source)
	at com.kms.katalon.core.cucumber.keyword.CucumberBuiltinKeywords.runFeatureFile(CucumberBuiltinKeywords.groovy:46)
	at com.kms.katalon.core.cucumber.keyword.CucumberBuiltinKeywords$runFeatureFile$0.callStatic(Unknown Source)
	at com.kms.katalon.core.cucumber.keyword.CucumberBuiltinKeywords.runFeatureFile(CucumberBuiltinKeywords.groovy:101)
	at com.kms.katalon.core.cucumber.keyword.CucumberBuiltinKeywords$runFeatureFile.call(Unknown Source)
	at Script1557212237658.run(Script1557212237658.groovy:16)
	... 13 more
)
[[ATTACHMENT|C:\\Users\\HP\\git\\PMO-Web-Application\\Reports\\First-Test-Suite\\20190519_111227\\1558254381588.png]]

2019-05-19 11:26:21 - [MESSAGE][FAILED] - I want to maximize window FAILED.
Reason:
com.kms.katalon.core.exception.StepFailedException: Unable to maximize current window
	at com.kms.katalon.core.webui.keyword.internal.WebUIKeywordMain.stepFailed(WebUIKeywordMain.groovy:64)
	at com.kms.katalon.core.webui.keyword.internal.WebUIKeywordMain.runKeyword(WebUIKeywordMain.groovy:26)
	at com.kms.katalon.core.webui.keyword.builtin.MaximizeWindowKeyword.maximizeWindow(MaximizeWindowKeyword.groovy:74)
	at com.kms.katalon.core.webui.keyword.builtin.MaximizeWindowKeyword.execute(MaximizeWindowKeyword.groovy:69)
	at com.kms.katalon.core.keyword.internal.KeywordExecutor.executeKeywordForPlatform(KeywordExecutor.groovy:56)
	at com.kms.katalon.core.webui.keyword.WebUiBuiltInKeywords.maximizeWindow(WebUiBuiltInKeywords.groovy:279)
	at com.kms.katalon.core.webui.keyword.WebUiBuiltInKeywords$maximizeWindow$1.call(Unknown Source)
	at com.pmo.steps.MainSteps.maximizeWindow(MainSteps.groovy:66)
	at ✽.I want to maximize window(C:/Users/HP/git/PMO-Web-Application/Include/features/Governance-Module/Add-Idea/025-Verify-Approved-Idea-Details-Page.feature:8)
Caused by: org.openqa.selenium.WebDriverException: unknown error: failed to change window state to maximized, current state is normal
  (Session info: chrome=74.0.3729.131)
  (Driver info: chromedriver=2.43.600210 (68dcf5eebde37173d4027fa8635e332711d2874a),platform=Windows NT 10.0.17134 x86_64) (WARNING: The server did not provide any stacktrace information)
Command duration or timeout: 0 milliseconds
Build info: version: '3.7.1', revision: '8a0099a', time: '2017-11-06T21:07:36.161Z'
System info: host: 'HP45G5', ip: '192.168.1.110', os.name: 'Windows 10', os.arch: 'amd64', os.version: '10.0', java.version: '1.8.0_181'
Driver info: com.kms.katalon.selenium.driver.CChromeDriver
Capabilities {acceptInsecureCerts: false, acceptSslCerts: false, applicationCacheEnabled: false, browserConnectionEnabled: false, browserName: chrome, chrome: {chromedriverVersion: 2.43.600210 (68dcf5eebde371..., userDataDir: C:\Users\HP\AppData\Local\T...}, cssSelectorsEnabled: true, databaseEnabled: false, goog:chromeOptions: {debuggerAddress: localhost:62683}, handlesAlerts: true, hasTouchScreen: false, javascriptEnabled: true, locationContextEnabled: true, mobileEmulationEnabled: false, nativeEvents: true, networkConnectionEnabled: false, pageLoadStrategy: normal, platform: XP, platformName: XP, rotatable: false, setWindowRect: true, takesHeapSnapshot: true, takesScreenshot: true, unexpectedAlertBehaviour: , unhandledPromptBehavior: , version: 74.0.3729.131, webStorageEnabled: true}
Session ID: 63f2dab0d0967e3d1c9b3d597a78764c
	at org.openqa.selenium.remote.ErrorHandler.createThrowable(ErrorHandler.java:214)
	at org.openqa.selenium.remote.ErrorHandler.throwIfResponseFailed(ErrorHandler.java:166)
	at org.openqa.selenium.remote.http.JsonHttpResponseCodec.reconstructValue(JsonHttpResponseCodec.java:40)
	at org.openqa.selenium.remote.http.AbstractHttpResponseCodec.decode(AbstractHttpResponseCodec.java:80)
	at org.openqa.selenium.remote.http.AbstractHttpResponseCodec.decode(AbstractHttpResponseCodec.java:44)
	at org.openqa.selenium.remote.HttpCommandExecutor.execute(HttpCommandExecutor.java:164)
	at org.openqa.selenium.remote.service.DriverCommandExecutor.execute(DriverCommandExecutor.java:83)
	at org.openqa.selenium.remote.RemoteWebDriver.execute(RemoteWebDriver.java:600)
	at com.kms.katalon.selenium.driver.CChromeDriver.execute(CChromeDriver.java:20)
	at org.openqa.selenium.remote.RemoteWebDriver.execute(RemoteWebDriver.java:657)
	at org.openqa.selenium.remote.RemoteWebDriver$RemoteWebDriverOptions$RemoteWindow.maximize(RemoteWebDriver.java:891)
	at com.kms.katalon.core.webui.keyword.builtin.MaximizeWindowKeyword$_maximizeWindow_closure1.doCall(MaximizeWindowKeyword.groovy:85)
	at com.kms.katalon.core.webui.keyword.builtin.MaximizeWindowKeyword$_maximizeWindow_closure1.call(MaximizeWindowKeyword.groovy)
	at com.kms.katalon.core.webui.keyword.internal.WebUIKeywordMain.runKeyword(WebUIKeywordMain.groovy:20)
	at com.kms.katalon.core.webui.keyword.builtin.MaximizeWindowKeyword.maximizeWindow(MaximizeWindowKeyword.groovy:74)
	at com.kms.katalon.core.webui.keyword.builtin.MaximizeWindowKeyword.execute(MaximizeWindowKeyword.groovy:69)
	at com.kms.katalon.core.keyword.internal.KeywordExecutor.executeKeywordForPlatform(KeywordExecutor.groovy:56)
	at com.kms.katalon.core.webui.keyword.WebUiBuiltInKeywords.maximizeWindow(WebUiBuiltInKeywords.groovy:279)
	at com.kms.katalon.core.webui.keyword.WebUiBuiltInKeywords$maximizeWindow$1.call(Unknown Source)
	at com.pmo.steps.MainSteps.maximizeWindow(MainSteps.groovy:66)
	at cucumber.runtime.Utils$1.call(Utils.java:26)
	at cucumber.runtime.Timeout.timeout(Timeout.java:16)
	at cucumber.runtime.Utils.invoke(Utils.java:20)
	at cucumber.runtime.java.JavaStepDefinition.execute(JavaStepDefinition.java:48)
	at cucumber.runtime.PickleStepDefinitionMatch.runStep(PickleStepDefinitionMatch.java:50)
	at cucumber.runner.TestStep.executeStep(TestStep.java:55)
	at cucumber.runner.TestStep.run(TestStep.java:42)
	at cucumber.runner.PickleStepTestStep.run(PickleStepTestStep.java:53)
	at cucumber.runner.TestCase.run(TestCase.java:47)
	at cucumber.runner.Runner.runPickle(Runner.java:44)
	at cucumber.runtime.Runtime.runFeature(Runtime.java:120)
	at cucumber.runtime.Runtime.run(Runtime.java:106)
	at cucumber.api.cli.Main.run(Main.java:35)
	at cucumber.api.cli.Main$run.call(Unknown Source)
	at com.kms.katalon.core.cucumber.keyword.CucumberBuiltinKeywords$_runFeatureFile_closure1.doCall(CucumberBuiltinKeywords.groovy:76)
	at com.kms.katalon.core.cucumber.keyword.CucumberBuiltinKeywords$_runFeatureFile_closure1.doCall(CucumberBuiltinKeywords.groovy)
	at com.kms.katalon.core.keyword.internal.KeywordMain.runKeyword(KeywordMain.groovy:66)
	at com.kms.katalon.core.keyword.internal.KeywordMain$runKeyword.call(Unknown Source)
	at com.kms.katalon.core.cucumber.keyword.CucumberBuiltinKeywords.runFeatureFile(CucumberBuiltinKeywords.groovy:46)
	at com.kms.katalon.core.cucumber.keyword.CucumberBuiltinKeywords$runFeatureFile$0.callStatic(Unknown Source)
	at com.kms.katalon.core.cucumber.keyword.CucumberBuiltinKeywords.runFeatureFile(CucumberBuiltinKeywords.groovy:101)
	at com.kms.katalon.core.cucumber.keyword.CucumberBuiltinKeywords$runFeatureFile.call(Unknown Source)
	at Script1557212237658.run(Script1557212237658.groovy:16)
	at com.kms.katalon.core.main.ScriptEngine.run(ScriptEngine.java:194)
	at com.kms.katalon.core.main.ScriptEngine.runScriptAsRawText(ScriptEngine.java:119)
	at com.kms.katalon.core.main.TestCaseExecutor.runScript(TestCaseExecutor.java:331)
	at com.kms.katalon.core.main.TestCaseExecutor.doExecute(TestCaseExecutor.java:322)
	at com.kms.katalon.core.main.TestCaseExecutor.processExecutionPhase(TestCaseExecutor.java:301)
	at com.kms.katalon.core.main.TestCaseExecutor.accessMainPhase(TestCaseExecutor.java:293)
	at com.kms.katalon.core.main.TestCaseExecutor.execute(TestCaseExecutor.java:227)
	at com.kms.katalon.core.main.TestSuiteExecutor.accessTestCaseMainPhase(TestSuiteExecutor.java:129)
	at com.kms.katalon.core.main.TestSuiteExecutor.accessTestSuiteMainPhase(TestSuiteExecutor.java:112)
	at com.kms.katalon.core.main.TestSuiteExecutor.execute(TestSuiteExecutor.java:81)
	at com.kms.katalon.core.main.TestCaseMain.startTestSuite(TestCaseMain.java:157)
	at com.kms.katalon.core.main.TestCaseMain$startTestSuite$0.call(Unknown Source)
	at TempTestSuite1558253547685.run(TempTestSuite1558253547685.groovy:35)


2019-05-19 11:26:21 - [TEST_STEP][NOT_RUN] - I want to go to OOB: I want to go to OOB

2019-05-19 11:26:21 - [MESSAGE][NOT_RUN] - I want to go to OOB

2019-05-19 11:26:21 - [TEST_STEP][NOT_RUN] - I want to verify I'm in OOB main page: I want to verify I'm in OOB main page

2019-05-19 11:26:21 - [MESSAGE][NOT_RUN] - I want to verify I'm in OOB main page

2019-05-19 11:26:21 - [TEST_STEP][NOT_RUN] - I want to go to ideas list page: I want to go to ideas list page

2019-05-19 11:26:21 - [MESSAGE][NOT_RUN] - I want to go to ideas list page

2019-05-19 11:26:21 - [TEST_STEP][NOT_RUN] - I want to click on Add New button: I want to click on Add New button

2019-05-19 11:26:21 - [MESSAGE][NOT_RUN] - I want to click on Add New button

2019-05-19 11:26:21 - [TEST_STEP][NOT_RUN] - I want to fill idea name field: I want to fill idea name field

2019-05-19 11:26:21 - [MESSAGE][NOT_RUN] - I want to fill idea name field

2019-05-19 11:26:21 - [TEST_STEP][NOT_RUN] - I want to select expected start date: I want to select expected start date

2019-05-19 11:26:21 - [MESSAGE][NOT_RUN] - I want to select expected start date

2019-05-19 11:26:21 - [TEST_STEP][NOT_RUN] - I want to select expected end date: I want to select expected end date

2019-05-19 11:26:21 - [MESSAGE][NOT_RUN] - I want to select expected end date

2019-05-19 11:26:21 - [TEST_STEP][NOT_RUN] - I want to fill idea objective field: I want to fill idea objective field

2019-05-19 11:26:21 - [MESSAGE][NOT_RUN] - I want to fill idea objective field

2019-05-19 11:26:21 - [TEST_STEP][NOT_RUN] - I want to fill expected budget field: I want to fill expected budget field

2019-05-19 11:26:21 - [MESSAGE][NOT_RUN] - I want to fill expected budget field

2019-05-19 11:26:21 - [TEST_STEP][NOT_RUN] - I want to fill Notes field: I want to fill Notes field

2019-05-19 11:26:21 - [MESSAGE][NOT_RUN] - I want to fill Notes field

2019-05-19 11:26:21 - [TEST_STEP][NOT_RUN] - I want to click send idea button: I want to click send idea button

2019-05-19 11:26:21 - [MESSAGE][NOT_RUN] - I want to click send idea button

2019-05-19 11:26:21 - [TEST_STEP][NOT_RUN] - I want to verify idea added successfuly: I want to verify idea added successfuly

2019-05-19 11:26:21 - [MESSAGE][NOT_RUN] - I want to verify idea added successfuly

2019-05-19 11:26:21 - [TEST_STEP][NOT_RUN] - I want to approve idea: I want to approve idea

2019-05-19 11:26:21 - [MESSAGE][NOT_RUN] - I want to approve idea

2019-05-19 11:26:21 - [TEST_STEP][NOT_RUN] - I want to go to OOB: I want to go to OOB

2019-05-19 11:26:21 - [MESSAGE][NOT_RUN] - I want to go to OOB

2019-05-19 11:26:21 - [TEST_STEP][NOT_RUN] - I want to go to approved ideas list page: I want to go to approved ideas list page

2019-05-19 11:26:21 - [MESSAGE][NOT_RUN] - I want to go to approved ideas list page

2019-05-19 11:26:21 - [TEST_STEP][NOT_RUN] - I want to search for approved idea by name: I want to search for approved idea by name

2019-05-19 11:26:21 - [MESSAGE][NOT_RUN] - I want to search for approved idea by name

2019-05-19 11:26:21 - [TEST_STEP][NOT_RUN] - I want to go to approved idea details page: I want to go to approved idea details page

2019-05-19 11:26:21 - [MESSAGE][NOT_RUN] - I want to go to approved idea details page

2019-05-19 11:26:21 - [TEST_STEP][NOT_RUN] - I want to verify approved idea details page: I want to verify approved idea details page

2019-05-19 11:26:21 - [MESSAGE][NOT_RUN] - I want to verify approved idea details page

2019-05-19 11:26:21 - [TEST_STEP][NOT_RUN] - I want to close browser: I want to close browser

2019-05-19 11:26:21 - [MESSAGE][NOT_RUN] - I want to close browser

2019-05-19 11:26:21 - [MESSAGE][FAILED] - Feature file 'Include/features/Governance-Module/Add-Idea/025-Verify-Approved-Idea-Details-Page.feature' was failed

2019-05-19 11:26:21 - [MESSAGE][FAILED] - Keyword runFeatureFile was failed (Root cause: com.kms.katalon.core.exception.StepFailedException: Feature file 'Include/features/Governance-Module/Add-Idea/025-Verify-Approved-Idea-Details-Page.feature' was failed
	at com.kms.katalon.core.keyword.internal.KeywordMain.stepFailed(KeywordMain.groovy:48)
	at com.kms.katalon.core.keyword.internal.KeywordMain.stepFailed(KeywordMain.groovy)
	at com.kms.katalon.core.keyword.internal.KeywordMain.stepFailed(KeywordMain.groovy:21)
	at com.kms.katalon.core.keyword.internal.KeywordMain$stepFailed$0.call(Unknown Source)
	at com.kms.katalon.core.cucumber.keyword.CucumberBuiltinKeywords$_runFeatureFile_closure1.doCall(CucumberBuiltinKeywords.groovy:82)
	at com.kms.katalon.core.cucumber.keyword.CucumberBuiltinKeywords$_runFeatureFile_closure1.doCall(CucumberBuiltinKeywords.groovy)
	at com.kms.katalon.core.keyword.internal.KeywordMain.runKeyword(KeywordMain.groovy:66)
	at com.kms.katalon.core.keyword.internal.KeywordMain$runKeyword.call(Unknown Source)
	at com.kms.katalon.core.cucumber.keyword.CucumberBuiltinKeywords.runFeatureFile(CucumberBuiltinKeywords.groovy:46)
	at com.kms.katalon.core.cucumber.keyword.CucumberBuiltinKeywords$runFeatureFile$0.callStatic(Unknown Source)
	at com.kms.katalon.core.cucumber.keyword.CucumberBuiltinKeywords.runFeatureFile(CucumberBuiltinKeywords.groovy:101)
	at com.kms.katalon.core.cucumber.keyword.CucumberBuiltinKeywords$runFeatureFile.call(Unknown Source)
	at 025-Verify-Approved-Idea-Details-Page.run(025-Verify-Approved-Idea-Details-Page:16)
	at com.kms.katalon.core.main.ScriptEngine.run(ScriptEngine.java:194)
	at com.kms.katalon.core.main.ScriptEngine.runScriptAsRawText(ScriptEngine.java:119)
	at com.kms.katalon.core.main.TestCaseExecutor.runScript(TestCaseExecutor.java:331)
	at com.kms.katalon.core.main.TestCaseExecutor.doExecute(TestCaseExecutor.java:322)
	at com.kms.katalon.core.main.TestCaseExecutor.processExecutionPhase(TestCaseExecutor.java:301)
	at com.kms.katalon.core.main.TestCaseExecutor.accessMainPhase(TestCaseExecutor.java:293)
	at com.kms.katalon.core.main.TestCaseExecutor.execute(TestCaseExecutor.java:227)
	at com.kms.katalon.core.main.TestSuiteExecutor.accessTestCaseMainPhase(TestSuiteExecutor.java:129)
	at com.kms.katalon.core.main.TestSuiteExecutor.accessTestSuiteMainPhase(TestSuiteExecutor.java:112)
	at com.kms.katalon.core.main.TestSuiteExecutor.execute(TestSuiteExecutor.java:81)
	at com.kms.katalon.core.main.TestCaseMain.startTestSuite(TestCaseMain.java:157)
	at com.kms.katalon.core.main.TestCaseMain$startTestSuite$0.call(Unknown Source)
	at TempTestSuite1558253547685.run(TempTestSuite1558253547685.groovy:35)
)

2019-05-19 11:26:21 - [MESSAGE][FAILED] - runFeatureFile("Include/features/Governance-Module/Add-Idea/025-Verify-Approved-Idea-Details-Page.feature") FAILED.
Reason:
com.kms.katalon.core.exception.StepFailedException: Feature file 'Include/features/Governance-Module/Add-Idea/025-Verify-Approved-Idea-Details-Page.feature' was failed
	at com.kms.katalon.core.keyword.internal.KeywordMain.stepFailed(KeywordMain.groovy:48)
	at com.kms.katalon.core.keyword.internal.KeywordMain.stepFailed(KeywordMain.groovy)
	at com.kms.katalon.core.keyword.internal.KeywordMain.stepFailed(KeywordMain.groovy:21)
	at com.kms.katalon.core.keyword.internal.KeywordMain$stepFailed$0.call(Unknown Source)
	at com.kms.katalon.core.cucumber.keyword.CucumberBuiltinKeywords$_runFeatureFile_closure1.doCall(CucumberBuiltinKeywords.groovy:82)
	at com.kms.katalon.core.cucumber.keyword.CucumberBuiltinKeywords$_runFeatureFile_closure1.doCall(CucumberBuiltinKeywords.groovy)
	at com.kms.katalon.core.keyword.internal.KeywordMain.runKeyword(KeywordMain.groovy:66)
	at com.kms.katalon.core.keyword.internal.KeywordMain$runKeyword.call(Unknown Source)
	at com.kms.katalon.core.cucumber.keyword.CucumberBuiltinKeywords.runFeatureFile(CucumberBuiltinKeywords.groovy:46)
	at com.kms.katalon.core.cucumber.keyword.CucumberBuiltinKeywords$runFeatureFile$0.callStatic(Unknown Source)
	at com.kms.katalon.core.cucumber.keyword.CucumberBuiltinKeywords.runFeatureFile(CucumberBuiltinKeywords.groovy:101)
	at com.kms.katalon.core.cucumber.keyword.CucumberBuiltinKeywords$runFeatureFile.call(Unknown Source)
	at 025-Verify-Approved-Idea-Details-Page.run(025-Verify-Approved-Idea-Details-Page:16)
	at com.kms.katalon.core.main.ScriptEngine.run(ScriptEngine.java:194)
	at com.kms.katalon.core.main.ScriptEngine.runScriptAsRawText(ScriptEngine.java:119)
	at com.kms.katalon.core.main.TestCaseExecutor.runScript(TestCaseExecutor.java:331)
	at com.kms.katalon.core.main.TestCaseExecutor.doExecute(TestCaseExecutor.java:322)
	at com.kms.katalon.core.main.TestCaseExecutor.processExecutionPhase(TestCaseExecutor.java:301)
	at com.kms.katalon.core.main.TestCaseExecutor.accessMainPhase(TestCaseExecutor.java:293)
	at com.kms.katalon.core.main.TestCaseExecutor.execute(TestCaseExecutor.java:227)
	at com.kms.katalon.core.main.TestSuiteExecutor.accessTestCaseMainPhase(TestSuiteExecutor.java:129)
	at com.kms.katalon.core.main.TestSuiteExecutor.accessTestSuiteMainPhase(TestSuiteExecutor.java:112)
	at com.kms.katalon.core.main.TestSuiteExecutor.execute(TestSuiteExecutor.java:81)
	at com.kms.katalon.core.main.TestCaseMain.startTestSuite(TestCaseMain.java:157)
	at com.kms.katalon.core.main.TestCaseMain$startTestSuite$0.call(Unknown Source)
	at TempTestSuite1558253547685.run(TempTestSuite1558253547685.groovy:35)]]></system-out>
         <system-err><![CDATA[2019-05-19 11:26:18 - [TEST_CASE][FAILED] - Test Cases/Add-Idea-Test-Cases/025-Verify-Approved-Idea-Details-Page: Test Cases/Add-Idea-Test-Cases/025-Verify-Approved-Idea-Details-Page FAILED.
Reason:
com.kms.katalon.core.exception.StepFailedException: Feature file 'Include/features/Governance-Module/Add-Idea/025-Verify-Approved-Idea-Details-Page.feature' was failed
	at com.kms.katalon.core.keyword.internal.KeywordMain.stepFailed(KeywordMain.groovy:48)
	at com.kms.katalon.core.keyword.internal.KeywordMain.stepFailed(KeywordMain.groovy)
	at com.kms.katalon.core.keyword.internal.KeywordMain.stepFailed(KeywordMain.groovy:21)
	at com.kms.katalon.core.keyword.internal.KeywordMain$stepFailed$0.call(Unknown Source)
	at com.kms.katalon.core.cucumber.keyword.CucumberBuiltinKeywords$_runFeatureFile_closure1.doCall(CucumberBuiltinKeywords.groovy:82)
	at com.kms.katalon.core.cucumber.keyword.CucumberBuiltinKeywords$_runFeatureFile_closure1.doCall(CucumberBuiltinKeywords.groovy)
	at com.kms.katalon.core.keyword.internal.KeywordMain.runKeyword(KeywordMain.groovy:66)
	at com.kms.katalon.core.keyword.internal.KeywordMain$runKeyword.call(Unknown Source)
	at com.kms.katalon.core.cucumber.keyword.CucumberBuiltinKeywords.runFeatureFile(CucumberBuiltinKeywords.groovy:46)
	at com.kms.katalon.core.cucumber.keyword.CucumberBuiltinKeywords$runFeatureFile$0.callStatic(Unknown Source)
	at com.kms.katalon.core.cucumber.keyword.CucumberBuiltinKeywords.runFeatureFile(CucumberBuiltinKeywords.groovy:101)
	at com.kms.katalon.core.cucumber.keyword.CucumberBuiltinKeywords$runFeatureFile.call(Unknown Source)
	at 025-Verify-Approved-Idea-Details-Page.run(025-Verify-Approved-Idea-Details-Page:16)
	at com.kms.katalon.core.main.ScriptEngine.run(ScriptEngine.java:194)
	at com.kms.katalon.core.main.ScriptEngine.runScriptAsRawText(ScriptEngine.java:119)
	at com.kms.katalon.core.main.TestCaseExecutor.runScript(TestCaseExecutor.java:331)
	at com.kms.katalon.core.main.TestCaseExecutor.doExecute(TestCaseExecutor.java:322)
	at com.kms.katalon.core.main.TestCaseExecutor.processExecutionPhase(TestCaseExecutor.java:301)
	at com.kms.katalon.core.main.TestCaseExecutor.accessMainPhase(TestCaseExecutor.java:293)
	at com.kms.katalon.core.main.TestCaseExecutor.execute(TestCaseExecutor.java:227)
	at com.kms.katalon.core.main.TestSuiteExecutor.accessTestCaseMainPhase(TestSuiteExecutor.java:129)
	at com.kms.katalon.core.main.TestSuiteExecutor.accessTestSuiteMainPhase(TestSuiteExecutor.java:112)
	at com.kms.katalon.core.main.TestSuiteExecutor.execute(TestSuiteExecutor.java:81)
	at com.kms.katalon.core.main.TestCaseMain.startTestSuite(TestCaseMain.java:157)
	at com.kms.katalon.core.main.TestCaseMain$startTestSuite$0.call(Unknown Source)
	at TempTestSuite1558253547685.run(TempTestSuite1558253547685.groovy:35)]]></system-err>
      </testcase>
      <testcase name="Test Cases/Add-Idea-Test-Cases/026-Verify-Execute-Idea-form" classname="Test Cases/Add-Idea-Test-Cases/026-Verify-Execute-Idea-form" status="FAILED">
         <failure type="FAILED" message="Test Cases/Add-Idea-Test-Cases/026-Verify-Execute-Idea-form FAILED.
Reason:
com.kms.katalon.core.exception.StepFailedException: Feature file 'Include/features/Governance-Module/Add-Idea/026-Verify-Execute-Idea-form.feature' was failed
	at com.kms.katalon.core.keyword.internal.KeywordMain.stepFailed(KeywordMain.groovy:48)
	at com.kms.katalon.core.keyword.internal.KeywordMain.stepFailed(KeywordMain.groovy)
	at com.kms.katalon.core.keyword.internal.KeywordMain.stepFailed(KeywordMain.groovy:21)
	at com.kms.katalon.core.keyword.internal.KeywordMain$stepFailed$0.call(Unknown Source)
	at com.kms.katalon.core.cucumber.keyword.CucumberBuiltinKeywords$_runFeatureFile_closure1.doCall(CucumberBuiltinKeywords.groovy:82)
	at com.kms.katalon.core.cucumber.keyword.CucumberBuiltinKeywords$_runFeatureFile_closure1.doCall(CucumberBuiltinKeywords.groovy)
	at com.kms.katalon.core.keyword.internal.KeywordMain.runKeyword(KeywordMain.groovy:66)
	at com.kms.katalon.core.keyword.internal.KeywordMain$runKeyword.call(Unknown Source)
	at com.kms.katalon.core.cucumber.keyword.CucumberBuiltinKeywords.runFeatureFile(CucumberBuiltinKeywords.groovy:46)
	at com.kms.katalon.core.cucumber.keyword.CucumberBuiltinKeywords$runFeatureFile$0.callStatic(Unknown Source)
	at com.kms.katalon.core.cucumber.keyword.CucumberBuiltinKeywords.runFeatureFile(CucumberBuiltinKeywords.groovy:101)
	at com.kms.katalon.core.cucumber.keyword.CucumberBuiltinKeywords$runFeatureFile.call(Unknown Source)
	at 026-Verify-Execute-Idea-form.run(026-Verify-Execute-Idea-form:16)
	at com.kms.katalon.core.main.ScriptEngine.run(ScriptEngine.java:194)
	at com.kms.katalon.core.main.ScriptEngine.runScriptAsRawText(ScriptEngine.java:119)
	at com.kms.katalon.core.main.TestCaseExecutor.runScript(TestCaseExecutor.java:331)
	at com.kms.katalon.core.main.TestCaseExecutor.doExecute(TestCaseExecutor.java:322)
	at com.kms.katalon.core.main.TestCaseExecutor.processExecutionPhase(TestCaseExecutor.java:301)
	at com.kms.katalon.core.main.TestCaseExecutor.accessMainPhase(TestCaseExecutor.java:293)
	at com.kms.katalon.core.main.TestCaseExecutor.execute(TestCaseExecutor.java:227)
	at com.kms.katalon.core.main.TestSuiteExecutor.accessTestCaseMainPhase(TestSuiteExecutor.java:129)
	at com.kms.katalon.core.main.TestSuiteExecutor.accessTestSuiteMainPhase(TestSuiteExecutor.java:112)
	at com.kms.katalon.core.main.TestSuiteExecutor.execute(TestSuiteExecutor.java:81)
	at com.kms.katalon.core.main.TestCaseMain.startTestSuite(TestCaseMain.java:157)
	at com.kms.katalon.core.main.TestCaseMain$startTestSuite$0.call(Unknown Source)
	at TempTestSuite1558253547685.run(TempTestSuite1558253547685.groovy:35)
"/>
         <system-out><![CDATA[2019-05-19 11:26:21 - [TEST_CASE][FAILED] - Test Cases/Add-Idea-Test-Cases/026-Verify-Execute-Idea-form: Test Cases/Add-Idea-Test-Cases/026-Verify-Execute-Idea-form FAILED.
Reason:
com.kms.katalon.core.exception.StepFailedException: Feature file 'Include/features/Governance-Module/Add-Idea/026-Verify-Execute-Idea-form.feature' was failed
	at com.kms.katalon.core.keyword.internal.KeywordMain.stepFailed(KeywordMain.groovy:48)
	at com.kms.katalon.core.keyword.internal.KeywordMain.stepFailed(KeywordMain.groovy)
	at com.kms.katalon.core.keyword.internal.KeywordMain.stepFailed(KeywordMain.groovy:21)
	at com.kms.katalon.core.keyword.internal.KeywordMain$stepFailed$0.call(Unknown Source)
	at com.kms.katalon.core.cucumber.keyword.CucumberBuiltinKeywords$_runFeatureFile_closure1.doCall(CucumberBuiltinKeywords.groovy:82)
	at com.kms.katalon.core.cucumber.keyword.CucumberBuiltinKeywords$_runFeatureFile_closure1.doCall(CucumberBuiltinKeywords.groovy)
	at com.kms.katalon.core.keyword.internal.KeywordMain.runKeyword(KeywordMain.groovy:66)
	at com.kms.katalon.core.keyword.internal.KeywordMain$runKeyword.call(Unknown Source)
	at com.kms.katalon.core.cucumber.keyword.CucumberBuiltinKeywords.runFeatureFile(CucumberBuiltinKeywords.groovy:46)
	at com.kms.katalon.core.cucumber.keyword.CucumberBuiltinKeywords$runFeatureFile$0.callStatic(Unknown Source)
	at com.kms.katalon.core.cucumber.keyword.CucumberBuiltinKeywords.runFeatureFile(CucumberBuiltinKeywords.groovy:101)
	at com.kms.katalon.core.cucumber.keyword.CucumberBuiltinKeywords$runFeatureFile.call(Unknown Source)
	at 026-Verify-Execute-Idea-form.run(026-Verify-Execute-Idea-form:16)
	at com.kms.katalon.core.main.ScriptEngine.run(ScriptEngine.java:194)
	at com.kms.katalon.core.main.ScriptEngine.runScriptAsRawText(ScriptEngine.java:119)
	at com.kms.katalon.core.main.TestCaseExecutor.runScript(TestCaseExecutor.java:331)
	at com.kms.katalon.core.main.TestCaseExecutor.doExecute(TestCaseExecutor.java:322)
	at com.kms.katalon.core.main.TestCaseExecutor.processExecutionPhase(TestCaseExecutor.java:301)
	at com.kms.katalon.core.main.TestCaseExecutor.accessMainPhase(TestCaseExecutor.java:293)
	at com.kms.katalon.core.main.TestCaseExecutor.execute(TestCaseExecutor.java:227)
	at com.kms.katalon.core.main.TestSuiteExecutor.accessTestCaseMainPhase(TestSuiteExecutor.java:129)
	at com.kms.katalon.core.main.TestSuiteExecutor.accessTestSuiteMainPhase(TestSuiteExecutor.java:112)
	at com.kms.katalon.core.main.TestSuiteExecutor.execute(TestSuiteExecutor.java:81)
	at com.kms.katalon.core.main.TestCaseMain.startTestSuite(TestCaseMain.java:157)
	at com.kms.katalon.core.main.TestCaseMain$startTestSuite$0.call(Unknown Source)
	at TempTestSuite1558253547685.run(TempTestSuite1558253547685.groovy:35)


2019-05-19 11:26:21 - [TEST_STEP][FAILED] - runFeatureFile("Include/features/Governance-Module/Add-Idea/026-Verify-Execute-Idea-form.feature"): runFeatureFile("Include/features/Governance-Module/Add-Idea/026-Verify-Execute-Idea-form.feature") FAILED.
Reason:
com.kms.katalon.core.exception.StepFailedException: Feature file 'Include/features/Governance-Module/Add-Idea/026-Verify-Execute-Idea-form.feature' was failed
	at com.kms.katalon.core.keyword.internal.KeywordMain.stepFailed(KeywordMain.groovy:48)
	at com.kms.katalon.core.keyword.internal.KeywordMain.stepFailed(KeywordMain.groovy)
	at com.kms.katalon.core.keyword.internal.KeywordMain.stepFailed(KeywordMain.groovy:21)
	at com.kms.katalon.core.keyword.internal.KeywordMain$stepFailed$0.call(Unknown Source)
	at com.kms.katalon.core.cucumber.keyword.CucumberBuiltinKeywords$_runFeatureFile_closure1.doCall(CucumberBuiltinKeywords.groovy:82)
	at com.kms.katalon.core.cucumber.keyword.CucumberBuiltinKeywords$_runFeatureFile_closure1.doCall(CucumberBuiltinKeywords.groovy)
	at com.kms.katalon.core.keyword.internal.KeywordMain.runKeyword(KeywordMain.groovy:66)
	at com.kms.katalon.core.keyword.internal.KeywordMain$runKeyword.call(Unknown Source)
	at com.kms.katalon.core.cucumber.keyword.CucumberBuiltinKeywords.runFeatureFile(CucumberBuiltinKeywords.groovy:46)
	at com.kms.katalon.core.cucumber.keyword.CucumberBuiltinKeywords$runFeatureFile$0.callStatic(Unknown Source)
	at com.kms.katalon.core.cucumber.keyword.CucumberBuiltinKeywords.runFeatureFile(CucumberBuiltinKeywords.groovy:101)
	at com.kms.katalon.core.cucumber.keyword.CucumberBuiltinKeywords$runFeatureFile.call(Unknown Source)
	at 026-Verify-Execute-Idea-form.run(026-Verify-Execute-Idea-form:16)
	at com.kms.katalon.core.main.ScriptEngine.run(ScriptEngine.java:194)
	at com.kms.katalon.core.main.ScriptEngine.runScriptAsRawText(ScriptEngine.java:119)
	at com.kms.katalon.core.main.TestCaseExecutor.runScript(TestCaseExecutor.java:331)
	at com.kms.katalon.core.main.TestCaseExecutor.doExecute(TestCaseExecutor.java:322)
	at com.kms.katalon.core.main.TestCaseExecutor.processExecutionPhase(TestCaseExecutor.java:301)
	at com.kms.katalon.core.main.TestCaseExecutor.accessMainPhase(TestCaseExecutor.java:293)
	at com.kms.katalon.core.main.TestCaseExecutor.execute(TestCaseExecutor.java:227)
	at com.kms.katalon.core.main.TestSuiteExecutor.accessTestCaseMainPhase(TestSuiteExecutor.java:129)
	at com.kms.katalon.core.main.TestSuiteExecutor.accessTestSuiteMainPhase(TestSuiteExecutor.java:112)
	at com.kms.katalon.core.main.TestSuiteExecutor.execute(TestSuiteExecutor.java:81)
	at com.kms.katalon.core.main.TestCaseMain.startTestSuite(TestCaseMain.java:157)
	at com.kms.katalon.core.main.TestCaseMain$startTestSuite$0.call(Unknown Source)
	at TempTestSuite1558253547685.run(TempTestSuite1558253547685.groovy:35)


2019-05-19 11:26:21 - [MESSAGE][INFO] - Starting run keyword runFeatureFile: 'Include/features/Governance-Module/Add-Idea/026-Verify-Execute-Idea-form.feature' and extract report to folder: 'C:\Users\HP\git\PMO-Web-Application\Reports\First-Test-Suite\20190519_111227/cucumber_report/1558254381966'...

2019-05-19 11:26:22 - [TEST_CASE][FAILED] - Start Test Case : SCENARIO Verify execute idea form: SCENARIO Verify execute idea form FAILED.
Reason:
com.kms.katalon.core.exception.StepFailedException: Verify element text of test object 'Object Repository/OOBObjects/ApprovedIdeasListObjects/IdeaNameLinkInApprovedIdeasList' FAILED.
	at com.kms.katalon.core.webui.keyword.internal.WebUIKeywordMain.stepFailed(WebUIKeywordMain.groovy:64)
	at com.kms.katalon.core.webui.keyword.internal.WebUIKeywordMain.runKeyword(WebUIKeywordMain.groovy:26)
	at com.kms.katalon.core.webui.keyword.builtin.VerifyElementTextKeyword.verifyElementText(VerifyElementTextKeyword.groovy:72)
	at com.kms.katalon.core.webui.keyword.builtin.VerifyElementTextKeyword.execute(VerifyElementTextKeyword.groovy:40)
	at com.kms.katalon.core.keyword.internal.KeywordExecutor.executeKeywordForPlatform(KeywordExecutor.groovy:56)
	at com.kms.katalon.core.webui.keyword.WebUiBuiltInKeywords.verifyElementText(WebUiBuiltInKeywords.groovy:3663)
	at com.kms.katalon.core.webui.keyword.WebUiBuiltInKeywords$verifyElementText$14.call(Unknown Source)
	at com.pmo.steps.AddIdeaSteps.searchForApprovedIdeaByName(AddIdeaSteps.groovy:102)
	at ✽.I want to search for approved idea by name(C:/Users/HP/git/PMO-Web-Application/Include/features/Governance-Module/Add-Idea/026-Verify-Execute-Idea-form.feature:24)
Caused by: com.kms.katalon.core.exception.StepFailedException: com.kms.katalon.core.webui.exception.WebElementNotFoundException: Web element with id: 'Object Repository/OOBObjects/ApprovedIdeasListObjects/IdeaNameLinkInApprovedIdeasList' located by 'By.xpath: //table[@id='ideasTable']/tbody/tr/td/a' not found
	at com.kms.katalon.core.webui.keyword.internal.WebUIKeywordMain.stepFailed(WebUIKeywordMain.groovy:64)
	at com.kms.katalon.core.webui.keyword.builtin.VerifyElementTextKeyword$_verifyElementText_closure1.doCall(VerifyElementTextKeyword.groovy:64)
	at com.kms.katalon.core.webui.keyword.builtin.VerifyElementTextKeyword$_verifyElementText_closure1.call(VerifyElementTextKeyword.groovy)
	at com.kms.katalon.core.webui.keyword.internal.WebUIKeywordMain.runKeyword(WebUIKeywordMain.groovy:20)
	at com.kms.katalon.core.webui.keyword.builtin.VerifyElementTextKeyword.verifyElementText(VerifyElementTextKeyword.groovy:72)
	at com.kms.katalon.core.webui.keyword.builtin.VerifyElementTextKeyword.execute(VerifyElementTextKeyword.groovy:40)
	at com.kms.katalon.core.keyword.internal.KeywordExecutor.executeKeywordForPlatform(KeywordExecutor.groovy:56)
	at com.kms.katalon.core.webui.keyword.WebUiBuiltInKeywords.verifyElementText(WebUiBuiltInKeywords.groovy:3663)
	at com.kms.katalon.core.webui.keyword.WebUiBuiltInKeywords$verifyElementText$14.call(Unknown Source)
	at com.pmo.steps.AddIdeaSteps.searchForApprovedIdeaByName(AddIdeaSteps.groovy:102)
	at cucumber.runtime.Utils$1.call(Utils.java:26)
	at cucumber.runtime.Timeout.timeout(Timeout.java:16)
	at cucumber.runtime.Utils.invoke(Utils.java:20)
	at cucumber.runtime.java.JavaStepDefinition.execute(JavaStepDefinition.java:48)
	at cucumber.runtime.PickleStepDefinitionMatch.runStep(PickleStepDefinitionMatch.java:50)
	at cucumber.runner.TestStep.executeStep(TestStep.java:55)
	at cucumber.runner.TestStep.run(TestStep.java:42)
	at cucumber.runner.PickleStepTestStep.run(PickleStepTestStep.java:53)
	at cucumber.runner.TestCase.run(TestCase.java:47)
	at cucumber.runner.Runner.runPickle(Runner.java:44)
	at cucumber.runtime.Runtime.runFeature(Runtime.java:120)
	at cucumber.runtime.Runtime.run(Runtime.java:106)
	at cucumber.api.cli.Main.run(Main.java:35)
	at cucumber.api.cli.Main$run.call(Unknown Source)
	at com.kms.katalon.core.cucumber.keyword.CucumberBuiltinKeywords$_runFeatureFile_closure1.doCall(CucumberBuiltinKeywords.groovy:76)
	at com.kms.katalon.core.cucumber.keyword.CucumberBuiltinKeywords$_runFeatureFile_closure1.doCall(CucumberBuiltinKeywords.groovy)
	at com.kms.katalon.core.keyword.internal.KeywordMain.runKeyword(KeywordMain.groovy:66)
	at com.kms.katalon.core.keyword.internal.KeywordMain$runKeyword.call(Unknown Source)
	at com.kms.katalon.core.cucumber.keyword.CucumberBuiltinKeywords.runFeatureFile(CucumberBuiltinKeywords.groovy:46)
	at com.kms.katalon.core.cucumber.keyword.CucumberBuiltinKeywords$runFeatureFile$0.callStatic(Unknown Source)
	at com.kms.katalon.core.cucumber.keyword.CucumberBuiltinKeywords.runFeatureFile(CucumberBuiltinKeywords.groovy:101)
	at com.kms.katalon.core.cucumber.keyword.CucumberBuiltinKeywords$runFeatureFile.call(Unknown Source)
	at 026-Verify-Execute-Idea-form.run(026-Verify-Execute-Idea-form:16)
	at com.kms.katalon.core.main.ScriptEngine.run(ScriptEngine.java:194)
	at com.kms.katalon.core.main.ScriptEngine.runScriptAsRawText(ScriptEngine.java:119)
	at com.kms.katalon.core.main.TestCaseExecutor.runScript(TestCaseExecutor.java:331)
	at com.kms.katalon.core.main.TestCaseExecutor.doExecute(TestCaseExecutor.java:322)
	at com.kms.katalon.core.main.TestCaseExecutor.processExecutionPhase(TestCaseExecutor.java:301)
	at com.kms.katalon.core.main.TestCaseExecutor.accessMainPhase(TestCaseExecutor.java:293)
	at com.kms.katalon.core.main.TestCaseExecutor.execute(TestCaseExecutor.java:227)
	at com.kms.katalon.core.main.TestSuiteExecutor.accessTestCaseMainPhase(TestSuiteExecutor.java:129)
	at com.kms.katalon.core.main.TestSuiteExecutor.accessTestSuiteMainPhase(TestSuiteExecutor.java:112)
	at com.kms.katalon.core.main.TestSuiteExecutor.execute(TestSuiteExecutor.java:81)
	at com.kms.katalon.core.main.TestCaseMain.startTestSuite(TestCaseMain.java:157)
	at com.kms.katalon.core.main.TestCaseMain$startTestSuite$0.call(Unknown Source)
	at TempTestSuite1558253547685.run(TempTestSuite1558253547685.groovy:35)


2019-05-19 11:26:22 - [TEST_STEP][PASSED] - I want to open browser: I want to open browser

2019-05-19 11:26:22 - [MESSAGE][WARNING] - A browser is already opened. Closing browser and opening a new one

2019-05-19 11:26:22 - [MESSAGE][INFO] - Starting 'Chrome' driver

2019-05-19 11:26:24 - [MESSAGE][PASSED] - Browser is opened with url: ''

2019-05-19 11:26:24 - [MESSAGE][PASSED] - Delete all cookies successfully

2019-05-19 11:26:24 - [MESSAGE][PASSED] - I want to open browser

2019-05-19 11:26:24 - [TEST_STEP][PASSED] - I want to maximize window: I want to maximize window

2019-05-19 11:26:25 - [MESSAGE][PASSED] - Current window maximized

2019-05-19 11:26:25 - [MESSAGE][PASSED] - I want to maximize window

2019-05-19 11:26:25 - [TEST_STEP][PASSED] - I want to go to OOB: I want to go to OOB

2019-05-19 11:26:26 - [MESSAGE][PASSED] - Navigate to 'https://pmoadmin:P@ssw0rd@dev5.cloudapp.net/OOB2/' successfully

2019-05-19 11:26:26 - [MESSAGE][PASSED] - I want to go to OOB

2019-05-19 11:26:26 - [TEST_STEP][PASSED] - I want to verify I'm in OOB main page: I want to verify I'm in OOB main page

2019-05-19 11:26:26 - [MESSAGE][WARNING] - Timeout '0' is invalid. Using default page load timeout: '30'

2019-05-19 11:26:34 - [MESSAGE][PASSED] - Object 'Object Repository/OOBObjects/HomepageObjects/OOBSideBar' is present

2019-05-19 11:26:34 - [MESSAGE][PASSED] - I want to verify I'm in OOB main page

2019-05-19 11:26:34 - [TEST_STEP][PASSED] - I want to go to ideas list page: I want to go to ideas list page

2019-05-19 11:26:37 - [MESSAGE][PASSED] - Object: 'Object Repository/OOBObjects/HomepageObjects/IdeasList' is clicked on

2019-05-19 11:26:37 - [MESSAGE][PASSED] - I want to go to ideas list page

2019-05-19 11:26:37 - [TEST_STEP][PASSED] - I want to click on Add New button: I want to click on Add New button

2019-05-19 11:26:39 - [MESSAGE][PASSED] - Object: 'Object Repository/OOBObjects/IdeasListObjects/AddNewIdeaButton' is clicked on

2019-05-19 11:26:39 - [MESSAGE][PASSED] - I want to click on Add New button

2019-05-19 11:26:39 - [TEST_STEP][PASSED] - I want to fill idea name field: I want to fill idea name field

2019-05-19 11:26:39 - [MESSAGE][PASSED] - Text 'Automation9869' is set on object 'Object Repository/OOBObjects/IdeasListObjects/Idea-Name-Field'

2019-05-19 11:26:39 - [MESSAGE][PASSED] - I want to fill idea name field

2019-05-19 11:26:39 - [TEST_STEP][PASSED] - I want to select expected start date: I want to select expected start date

2019-05-19 11:26:39 - [MESSAGE][PASSED] - Object: 'Object Repository/OOBObjects/IdeasListObjects//GREGORIAN-Start-date-Check-Box' is clicked on

2019-05-19 11:26:39 - [MESSAGE][PASSED] - Object: 'Object Repository/OOBObjects/IdeasListObjects//Excepted-Start-Date' is clicked on

2019-05-19 11:26:40 - [MESSAGE][PASSED] - All options with index in [5] are selected on object 'Object Repository/OOBObjects/IdeasListObjects/StartDateMonthDropDwon'

2019-05-19 11:26:40 - [MESSAGE][PASSED] - Object: 'Object Repository/OOBObjects/IdeasListObjects//Day26' is hovered

2019-05-19 11:26:40 - [MESSAGE][PASSED] - Object: 'Object Repository/OOBObjects/IdeasListObjects//Day26' is clicked on

2019-05-19 11:26:40 - [MESSAGE][PASSED] - I want to select expected start date

2019-05-19 11:26:40 - [TEST_STEP][PASSED] - I want to select expected end date: I want to select expected end date

2019-05-19 11:26:40 - [MESSAGE][PASSED] - Object 'Object Repository/OOBObjects/IdeasListObjects/GREGORIAN-End-Date-Check-Box' is visible

2019-05-19 11:26:40 - [MESSAGE][PASSED] - Object: 'Object Repository/OOBObjects/IdeasListObjects/GREGORIAN-End-Date-Check-Box' is clicked on

2019-05-19 11:26:42 - [MESSAGE][PASSED] - Delayed 2 second(s)

2019-05-19 11:26:42 - [MESSAGE][PASSED] - Object: 'Object Repository/OOBObjects/IdeasListObjects/Excpected-End-Date' is hovered

2019-05-19 11:26:42 - [MESSAGE][PASSED] - Object: 'Object Repository/OOBObjects/IdeasListObjects/Excpected-End-Date' is clicked on

2019-05-19 11:26:42 - [MESSAGE][PASSED] - All options with index in [6] are selected on object 'Object Repository/OOBObjects/IdeasListObjects/EndDateMonthDropdown'

2019-05-19 11:26:42 - [MESSAGE][PASSED] - Object: 'Object Repository/OOBObjects/IdeasListObjects/EndDateDay15' is hovered

2019-05-19 11:26:42 - [MESSAGE][PASSED] - Object: 'Object Repository/OOBObjects/IdeasListObjects/EndDateDay15' is clicked on

2019-05-19 11:26:42 - [MESSAGE][PASSED] - I want to select expected end date

2019-05-19 11:26:42 - [TEST_STEP][PASSED] - I want to fill idea objective field: I want to fill idea objective field

2019-05-19 11:26:42 - [MESSAGE][PASSED] - Text 'Automation' is set on object 'Object Repository/OOBObjects/IdeasListObjects/Idea-Objective-Field'

2019-05-19 11:26:42 - [MESSAGE][PASSED] - I want to fill idea objective field

2019-05-19 11:26:42 - [TEST_STEP][PASSED] - I want to fill expected budget field: I want to fill expected budget field

2019-05-19 11:26:42 - [MESSAGE][PASSED] - Text '10000' is set on object 'Object Repository/OOBObjects/IdeasListObjects/Expected-Budget-Field'

2019-05-19 11:26:42 - [MESSAGE][PASSED] - I want to fill expected budget field

2019-05-19 11:26:42 - [TEST_STEP][PASSED] - I want to fill Notes field: I want to fill Notes field

2019-05-19 11:26:42 - [MESSAGE][PASSED] - Text 'test note' is set on object 'Object Repository/OOBObjects/IdeasListObjects/Notes-Field'

2019-05-19 11:26:42 - [MESSAGE][PASSED] - I want to fill Notes field

2019-05-19 11:26:42 - [TEST_STEP][PASSED] - I want to click send idea button: I want to click send idea button

2019-05-19 11:26:47 - [MESSAGE][PASSED] - Delayed 5 second(s)

2019-05-19 11:26:47 - [MESSAGE][WARNING] - Timeout '0' is invalid. Using default page load timeout: '30'

2019-05-19 11:26:47 - [MESSAGE][PASSED] - Scroll to object 'Object Repository/OOBObjects/IdeasListObjects/CardBlock' successfully

2019-05-19 11:26:48 - [MESSAGE][PASSED] - Object: 'Object Repository/OOBObjects/IdeasListObjects/SendIdeaButton' is clicked on

2019-05-19 11:26:48 - [MESSAGE][PASSED] - I want to click send idea button

2019-05-19 11:26:48 - [TEST_STEP][PASSED] - I want to verify idea added successfuly: I want to verify idea added successfuly

2019-05-19 11:26:48 - [MESSAGE][WARNING] - Timeout '0' is invalid. Using default page load timeout: '30'

2019-05-19 11:26:48 - [MESSAGE][PASSED] - Wait for page load successfully

2019-05-19 11:26:49 - [MESSAGE][PASSED] - Text 'Automation9869' is set on object 'Object Repository/OOBObjects/IdeasListObjects/SearchField'

2019-05-19 11:26:50 - [MESSAGE][PASSED] - Actual text and expected text of test object 'Object Repository/OOBObjects/IdeasListObjects/SearchResult' are matched.

2019-05-19 11:26:50 - [MESSAGE][PASSED] - I want to verify idea added successfuly

2019-05-19 11:26:50 - [TEST_STEP][PASSED] - I want to approve idea: I want to approve idea

2019-05-19 11:27:06 - [MESSAGE][PASSED] - Object: 'Object Repository/OOBObjects/HomepageObjects/InboxIcon' is clicked on

2019-05-19 11:27:06 - [MESSAGE][PASSED] - Object: 'Object Repository/OOBObjects/InboxPageObjects/BeforeInitiatePhase' is clicked on

2019-05-19 11:27:09 - [MESSAGE][PASSED] - Object: 'Object Repository/OOBObjects/InboxPageObjects/FirstIdea' is clicked on

2019-05-19 11:27:09 - [MESSAGE][PASSED] - Object: 'Object Repository/OOBObjects/InboxPageObjects/ApproveIdeaButton' is clicked on

2019-05-19 11:27:21 - [MESSAGE][PASSED] - Object: 'Object Repository/OOBObjects/InboxPageObjects/BeforeInitiatePhase' is clicked on

2019-05-19 11:27:23 - [MESSAGE][PASSED] - Object: 'Object Repository/OOBObjects/InboxPageObjects/FirstIdea' is clicked on

2019-05-19 11:27:23 - [MESSAGE][WARNING] - Timeout '0' is invalid. Using default page load timeout: '30'

2019-05-19 11:27:23 - [MESSAGE][PASSED] - Scroll to object 'Object Repository/OOBObjects/InboxPageObjects/AddNewAttachmentButtonApproveIdea' successfully

2019-05-19 11:27:23 - [MESSAGE][PASSED] - Object: 'Object Repository/OOBObjects/InboxPageObjects/AddNewAttachmentButtonApproveIdea' is clicked on

2019-05-19 11:27:23 - [MESSAGE][PASSED] - File 'C:\Users\HP\Desktop\SK.png' sent to object: 'Object Repository/OOBObjects/InboxPageObjects/UploadFileApproveIdea'

2019-05-19 11:27:23 - [MESSAGE][WARNING] - Timeout '0' is invalid. Using default page load timeout: '30'

2019-05-19 11:27:24 - [MESSAGE][PASSED] - Object 'Object Repository/OOBObjects/InboxPageObjects/AttachedFileApprovedIdea' is present

2019-05-19 11:27:24 - [MESSAGE][PASSED] - Object: 'Object Repository/OOBObjects/InboxPageObjects/LoadButtonApproveIdea' is clicked on

2019-05-19 11:27:24 - [MESSAGE][PASSED] - Object 'Object Repository/OOBObjects/InboxPageObjects/SendAproveIdeaSecondPhase' is clickable

2019-05-19 11:27:24 - [MESSAGE][PASSED] - Object: 'Object Repository/OOBObjects/InboxPageObjects/SendAproveIdeaSecondPhase' is hovered

2019-05-19 11:27:29 - [MESSAGE][PASSED] - Delayed 5 second(s)

2019-05-19 11:27:29 - [MESSAGE][PASSED] - Object: 'Object Repository/OOBObjects/InboxPageObjects/SendAproveIdeaSecondPhase' is clicked on

2019-05-19 11:27:42 - [MESSAGE][PASSED] - Object: 'Object Repository/OOBObjects/InboxPageObjects/BeforeInitiatePhase' is clicked on

2019-05-19 11:27:43 - [MESSAGE][PASSED] - Object: 'Object Repository/OOBObjects/InboxPageObjects/FirstIdea' is clicked on

2019-05-19 11:27:43 - [MESSAGE][PASSED] - Object: 'Object Repository/OOBObjects/InboxPageObjects/StrategicObjectiveCheckBox' is clicked on

2019-05-19 11:27:44 - [MESSAGE][PASSED] - All options with index in [1] are selected on object 'Object Repository/OOBObjects/InboxPageObjects/ddlInitiativesDropdwon'

2019-05-19 11:27:44 - [MESSAGE][PASSED] - Object: 'Object Repository/OOBObjects/InboxPageObjects/SendApproveIdeaThirdPhase' is clicked on

2019-05-19 11:27:56 - [MESSAGE][PASSED] - Object: 'Object Repository/OOBObjects/InboxPageObjects/BeforeInitiatePhase' is clicked on

2019-05-19 11:27:58 - [MESSAGE][PASSED] - Object: 'Object Repository/OOBObjects/InboxPageObjects/FirstIdea' is clicked on

2019-05-19 11:27:58 - [MESSAGE][PASSED] - All options with index in [1] are selected on object 'Object Repository/OOBObjects/InboxPageObjects/WalletDropdownApproveIdea'

2019-05-19 11:27:58 - [MESSAGE][PASSED] - All options with index in [1] are selected on object 'Object Repository/OOBObjects/InboxPageObjects/ProgramDropdownApproveIdea'

2019-05-19 11:27:58 - [MESSAGE][PASSED] - All options with index in [1] are selected on object 'Object Repository/OOBObjects/InboxPageObjects/OwnerDropdownApproveIdea'

2019-05-19 11:27:58 - [MESSAGE][PASSED] - Object: 'Object Repository/OOBObjects/InboxPageObjects/SendApproveIdeaFourthPhase' is clicked on

2019-05-19 11:28:11 - [MESSAGE][PASSED] - Object: 'Object Repository/OOBObjects/InboxPageObjects/BeforeInitiatePhase' is clicked on

2019-05-19 11:28:12 - [MESSAGE][PASSED] - Object: 'Object Repository/OOBObjects/InboxPageObjects/FirstIdea' is clicked on

2019-05-19 11:28:12 - [MESSAGE][PASSED] - Object: 'Object Repository/OOBObjects/InboxPageObjects/ApproveButtonFivthPhase' is clicked on

2019-05-19 11:28:24 - [MESSAGE][PASSED] - Object: 'Object Repository/OOBObjects/InboxPageObjects/BeforeInitiatePhase' is clicked on

2019-05-19 11:28:26 - [MESSAGE][PASSED] - Object: 'Object Repository/OOBObjects/InboxPageObjects/FirstIdea' is clicked on

2019-05-19 11:28:26 - [MESSAGE][PASSED] - Object: 'Object Repository/OOBObjects/InboxPageObjects/GeorgianCheckBoxApproveIdea' is clicked on

2019-05-19 11:28:26 - [MESSAGE][PASSED] - Object: 'Object Repository/OOBObjects/InboxPageObjects/ExceptedExecutionDateApproveIdea' is clicked on

2019-05-19 11:28:26 - [MESSAGE][PASSED] - All options with index in [3] are selected on object 'Object Repository/OOBObjects/InboxPageObjects/MonthsDropdownApproveIdea'

2019-05-19 11:28:26 - [MESSAGE][PASSED] - Object: 'Object Repository/OOBObjects/InboxPageObjects/Day30ApproveIdeaExcutionDate' is hovered

2019-05-19 11:28:26 - [MESSAGE][PASSED] - Object: 'Object Repository/OOBObjects/InboxPageObjects/Day30ApproveIdeaExcutionDate' is clicked on

2019-05-19 11:28:27 - [MESSAGE][PASSED] - All options with index in [1] are selected on object 'Object Repository/OOBObjects/InboxPageObjects/PriorityDropdownApproveIdea'

2019-05-19 11:28:27 - [MESSAGE][PASSED] - Object: 'Object Repository/OOBObjects/InboxPageObjects/SubmitButtonApproveIdae' is clicked on

2019-05-19 11:28:27 - [MESSAGE][PASSED] - I want to approve idea

2019-05-19 11:28:27 - [TEST_STEP][PASSED] - I want to go to OOB: I want to go to OOB

2019-05-19 11:28:28 - [MESSAGE][PASSED] - Navigate to 'https://pmoadmin:P@ssw0rd@dev5.cloudapp.net/OOB2/' successfully

2019-05-19 11:28:28 - [MESSAGE][PASSED] - I want to go to OOB

2019-05-19 11:28:28 - [TEST_STEP][PASSED] - I want to go to approved ideas list page: I want to go to approved ideas list page

2019-05-19 11:28:35 - [MESSAGE][PASSED] - Object: 'Object Repository/OOBObjects/HomepageObjects/ApprovedIdeasList' is clicked on

2019-05-19 11:28:35 - [MESSAGE][PASSED] - I want to go to approved ideas list page

2019-05-19 11:28:35 - [TEST_STEP][FAILED] - I want to search for approved idea by name: I want to search for approved idea by name FAILED.
Reason:
com.kms.katalon.core.exception.StepFailedException: Verify element text of test object 'Object Repository/OOBObjects/ApprovedIdeasListObjects/IdeaNameLinkInApprovedIdeasList' FAILED.
	at com.kms.katalon.core.webui.keyword.internal.WebUIKeywordMain.stepFailed(WebUIKeywordMain.groovy:64)
	at com.kms.katalon.core.webui.keyword.internal.WebUIKeywordMain.runKeyword(WebUIKeywordMain.groovy:26)
	at com.kms.katalon.core.webui.keyword.builtin.VerifyElementTextKeyword.verifyElementText(VerifyElementTextKeyword.groovy:72)
	at com.kms.katalon.core.webui.keyword.builtin.VerifyElementTextKeyword.execute(VerifyElementTextKeyword.groovy:40)
	at com.kms.katalon.core.keyword.internal.KeywordExecutor.executeKeywordForPlatform(KeywordExecutor.groovy:56)
	at com.kms.katalon.core.webui.keyword.WebUiBuiltInKeywords.verifyElementText(WebUiBuiltInKeywords.groovy:3663)
	at com.kms.katalon.core.webui.keyword.WebUiBuiltInKeywords$verifyElementText$14.call(Unknown Source)
	at com.pmo.steps.AddIdeaSteps.searchForApprovedIdeaByName(AddIdeaSteps.groovy:102)
	at ✽.I want to search for approved idea by name(C:/Users/HP/git/PMO-Web-Application/Include/features/Governance-Module/Add-Idea/026-Verify-Execute-Idea-form.feature:24)
Caused by: com.kms.katalon.core.exception.StepFailedException: com.kms.katalon.core.webui.exception.WebElementNotFoundException: Web element with id: 'Object Repository/OOBObjects/ApprovedIdeasListObjects/IdeaNameLinkInApprovedIdeasList' located by 'By.xpath: //table[@id='ideasTable']/tbody/tr/td/a' not found
	at com.kms.katalon.core.webui.keyword.internal.WebUIKeywordMain.stepFailed(WebUIKeywordMain.groovy:64)
	at com.kms.katalon.core.webui.keyword.builtin.VerifyElementTextKeyword$_verifyElementText_closure1.doCall(VerifyElementTextKeyword.groovy:64)
	at com.kms.katalon.core.webui.keyword.builtin.VerifyElementTextKeyword$_verifyElementText_closure1.call(VerifyElementTextKeyword.groovy)
	at com.kms.katalon.core.webui.keyword.internal.WebUIKeywordMain.runKeyword(WebUIKeywordMain.groovy:20)
	at com.kms.katalon.core.webui.keyword.builtin.VerifyElementTextKeyword.verifyElementText(VerifyElementTextKeyword.groovy:72)
	at com.kms.katalon.core.webui.keyword.builtin.VerifyElementTextKeyword.execute(VerifyElementTextKeyword.groovy:40)
	at com.kms.katalon.core.keyword.internal.KeywordExecutor.executeKeywordForPlatform(KeywordExecutor.groovy:56)
	at com.kms.katalon.core.webui.keyword.WebUiBuiltInKeywords.verifyElementText(WebUiBuiltInKeywords.groovy:3663)
	at com.kms.katalon.core.webui.keyword.WebUiBuiltInKeywords$verifyElementText$14.call(Unknown Source)
	at com.pmo.steps.AddIdeaSteps.searchForApprovedIdeaByName(AddIdeaSteps.groovy:102)
	at cucumber.runtime.Utils$1.call(Utils.java:26)
	at cucumber.runtime.Timeout.timeout(Timeout.java:16)
	at cucumber.runtime.Utils.invoke(Utils.java:20)
	at cucumber.runtime.java.JavaStepDefinition.execute(JavaStepDefinition.java:48)
	at cucumber.runtime.PickleStepDefinitionMatch.runStep(PickleStepDefinitionMatch.java:50)
	at cucumber.runner.TestStep.executeStep(TestStep.java:55)
	at cucumber.runner.TestStep.run(TestStep.java:42)
	at cucumber.runner.PickleStepTestStep.run(PickleStepTestStep.java:53)
	at cucumber.runner.TestCase.run(TestCase.java:47)
	at cucumber.runner.Runner.runPickle(Runner.java:44)
	at cucumber.runtime.Runtime.runFeature(Runtime.java:120)
	at cucumber.runtime.Runtime.run(Runtime.java:106)
	at cucumber.api.cli.Main.run(Main.java:35)
	at cucumber.api.cli.Main$run.call(Unknown Source)
	at com.kms.katalon.core.cucumber.keyword.CucumberBuiltinKeywords$_runFeatureFile_closure1.doCall(CucumberBuiltinKeywords.groovy:76)
	at com.kms.katalon.core.cucumber.keyword.CucumberBuiltinKeywords$_runFeatureFile_closure1.doCall(CucumberBuiltinKeywords.groovy)
	at com.kms.katalon.core.keyword.internal.KeywordMain.runKeyword(KeywordMain.groovy:66)
	at com.kms.katalon.core.keyword.internal.KeywordMain$runKeyword.call(Unknown Source)
	at com.kms.katalon.core.cucumber.keyword.CucumberBuiltinKeywords.runFeatureFile(CucumberBuiltinKeywords.groovy:46)
	at com.kms.katalon.core.cucumber.keyword.CucumberBuiltinKeywords$runFeatureFile$0.callStatic(Unknown Source)
	at com.kms.katalon.core.cucumber.keyword.CucumberBuiltinKeywords.runFeatureFile(CucumberBuiltinKeywords.groovy:101)
	at com.kms.katalon.core.cucumber.keyword.CucumberBuiltinKeywords$runFeatureFile.call(Unknown Source)
	at 026-Verify-Execute-Idea-form.run(026-Verify-Execute-Idea-form:16)
	at com.kms.katalon.core.main.ScriptEngine.run(ScriptEngine.java:194)
	at com.kms.katalon.core.main.ScriptEngine.runScriptAsRawText(ScriptEngine.java:119)
	at com.kms.katalon.core.main.TestCaseExecutor.runScript(TestCaseExecutor.java:331)
	at com.kms.katalon.core.main.TestCaseExecutor.doExecute(TestCaseExecutor.java:322)
	at com.kms.katalon.core.main.TestCaseExecutor.processExecutionPhase(TestCaseExecutor.java:301)
	at com.kms.katalon.core.main.TestCaseExecutor.accessMainPhase(TestCaseExecutor.java:293)
	at com.kms.katalon.core.main.TestCaseExecutor.execute(TestCaseExecutor.java:227)
	at com.kms.katalon.core.main.TestSuiteExecutor.accessTestCaseMainPhase(TestSuiteExecutor.java:129)
	at com.kms.katalon.core.main.TestSuiteExecutor.accessTestSuiteMainPhase(TestSuiteExecutor.java:112)
	at com.kms.katalon.core.main.TestSuiteExecutor.execute(TestSuiteExecutor.java:81)
	at com.kms.katalon.core.main.TestCaseMain.startTestSuite(TestCaseMain.java:157)
	at com.kms.katalon.core.main.TestCaseMain$startTestSuite$0.call(Unknown Source)
	at TempTestSuite1558253547685.run(TempTestSuite1558253547685.groovy:35)


2019-05-19 11:28:36 - [MESSAGE][PASSED] - Text 'Automation9869' is set on object 'Object Repository/OOBObjects/ApprovedIdeasListObjects/ApprovedIdeasSearchField'

2019-05-19 11:29:07 - [MESSAGE][INFO] - Unable to find the element located by 'By.xpath: //table[@id='ideasTable']/tbody/tr/td/a'. Please recheck the objects properties to make sure the desired element is located. 

2019-05-19 11:29:07 - [MESSAGE][FAILED] - com.kms.katalon.core.webui.exception.WebElementNotFoundException: Web element with id: 'Object Repository/OOBObjects/ApprovedIdeasListObjects/IdeaNameLinkInApprovedIdeasList' located by 'By.xpath: //table[@id='ideasTable']/tbody/tr/td/a' not found (Root cause: com.kms.katalon.core.exception.StepFailedException: com.kms.katalon.core.webui.exception.WebElementNotFoundException: Web element with id: 'Object Repository/OOBObjects/ApprovedIdeasListObjects/IdeaNameLinkInApprovedIdeasList' located by 'By.xpath: //table[@id='ideasTable']/tbody/tr/td/a' not found
	at com.kms.katalon.core.webui.keyword.internal.WebUIKeywordMain.stepFailed(WebUIKeywordMain.groovy:64)
	at com.kms.katalon.core.webui.keyword.builtin.VerifyElementTextKeyword$_verifyElementText_closure1.doCall(VerifyElementTextKeyword.groovy:64)
	at com.kms.katalon.core.webui.keyword.builtin.VerifyElementTextKeyword$_verifyElementText_closure1.call(VerifyElementTextKeyword.groovy)
	at com.kms.katalon.core.webui.keyword.internal.WebUIKeywordMain.runKeyword(WebUIKeywordMain.groovy:20)
	at com.kms.katalon.core.webui.keyword.builtin.VerifyElementTextKeyword.verifyElementText(VerifyElementTextKeyword.groovy:72)
	at com.kms.katalon.core.webui.keyword.builtin.VerifyElementTextKeyword.execute(VerifyElementTextKeyword.groovy:40)
	at com.kms.katalon.core.keyword.internal.KeywordExecutor.executeKeywordForPlatform(KeywordExecutor.groovy:56)
	at com.kms.katalon.core.webui.keyword.WebUiBuiltInKeywords.verifyElementText(WebUiBuiltInKeywords.groovy:3663)
	at com.kms.katalon.core.webui.keyword.WebUiBuiltInKeywords$verifyElementText$14.call(Unknown Source)
	at com.pmo.steps.AddIdeaSteps.searchForApprovedIdeaByName(AddIdeaSteps.groovy:102)
	at cucumber.runtime.Utils$1.call(Utils.java:26)
	at cucumber.runtime.Timeout.timeout(Timeout.java:16)
	at cucumber.runtime.Utils.invoke(Utils.java:20)
	at cucumber.runtime.java.JavaStepDefinition.execute(JavaStepDefinition.java:48)
	at cucumber.runtime.PickleStepDefinitionMatch.runStep(PickleStepDefinitionMatch.java:50)
	at cucumber.runner.TestStep.executeStep(TestStep.java:55)
	at cucumber.runner.TestStep.run(TestStep.java:42)
	at cucumber.runner.PickleStepTestStep.run(PickleStepTestStep.java:53)
	at cucumber.runner.TestCase.run(TestCase.java:47)
	at cucumber.runner.Runner.runPickle(Runner.java:44)
	at cucumber.runtime.Runtime.runFeature(Runtime.java:120)
	at cucumber.runtime.Runtime.run(Runtime.java:106)
	at cucumber.api.cli.Main.run(Main.java:35)
	at cucumber.api.cli.Main$run.call(Unknown Source)
	at com.kms.katalon.core.cucumber.keyword.CucumberBuiltinKeywords$_runFeatureFile_closure1.doCall(CucumberBuiltinKeywords.groovy:76)
	at com.kms.katalon.core.cucumber.keyword.CucumberBuiltinKeywords$_runFeatureFile_closure1.doCall(CucumberBuiltinKeywords.groovy)
	at com.kms.katalon.core.keyword.internal.KeywordMain.runKeyword(KeywordMain.groovy:66)
	at com.kms.katalon.core.keyword.internal.KeywordMain$runKeyword.call(Unknown Source)
	at com.kms.katalon.core.cucumber.keyword.CucumberBuiltinKeywords.runFeatureFile(CucumberBuiltinKeywords.groovy:46)
	at com.kms.katalon.core.cucumber.keyword.CucumberBuiltinKeywords$runFeatureFile$0.callStatic(Unknown Source)
	at com.kms.katalon.core.cucumber.keyword.CucumberBuiltinKeywords.runFeatureFile(CucumberBuiltinKeywords.groovy:101)
	at com.kms.katalon.core.cucumber.keyword.CucumberBuiltinKeywords$runFeatureFile.call(Unknown Source)
	at 026-Verify-Execute-Idea-form.run(026-Verify-Execute-Idea-form:16)
	at com.kms.katalon.core.main.ScriptEngine.run(ScriptEngine.java:194)
	at com.kms.katalon.core.main.ScriptEngine.runScriptAsRawText(ScriptEngine.java:119)
	at com.kms.katalon.core.main.TestCaseExecutor.runScript(TestCaseExecutor.java:331)
	at com.kms.katalon.core.main.TestCaseExecutor.doExecute(TestCaseExecutor.java:322)
	at com.kms.katalon.core.main.TestCaseExecutor.processExecutionPhase(TestCaseExecutor.java:301)
	at com.kms.katalon.core.main.TestCaseExecutor.accessMainPhase(TestCaseExecutor.java:293)
	at com.kms.katalon.core.main.TestCaseExecutor.execute(TestCaseExecutor.java:227)
	at com.kms.katalon.core.main.TestSuiteExecutor.accessTestCaseMainPhase(TestSuiteExecutor.java:129)
	at com.kms.katalon.core.main.TestSuiteExecutor.accessTestSuiteMainPhase(TestSuiteExecutor.java:112)
	at com.kms.katalon.core.main.TestSuiteExecutor.execute(TestSuiteExecutor.java:81)
	at com.kms.katalon.core.main.TestCaseMain.startTestSuite(TestCaseMain.java:157)
	at com.kms.katalon.core.main.TestCaseMain$startTestSuite$0.call(Unknown Source)
	at TempTestSuite1558253547685.run(TempTestSuite1558253547685.groovy:35)
)
[[ATTACHMENT|C:\\Users\\HP\\git\\PMO-Web-Application\\Reports\\First-Test-Suite\\20190519_111227\\1558254547211.png]]

2019-05-19 11:29:07 - [MESSAGE][FAILED] - Verify element text of test object 'Object Repository/OOBObjects/ApprovedIdeasListObjects/IdeaNameLinkInApprovedIdeasList' FAILED. (Root cause: com.kms.katalon.core.exception.StepFailedException: Verify element text of test object 'Object Repository/OOBObjects/ApprovedIdeasListObjects/IdeaNameLinkInApprovedIdeasList' FAILED.
	at com.kms.katalon.core.webui.keyword.internal.WebUIKeywordMain.stepFailed(WebUIKeywordMain.groovy:64)
	at com.kms.katalon.core.webui.keyword.internal.WebUIKeywordMain.runKeyword(WebUIKeywordMain.groovy:26)
	at com.kms.katalon.core.webui.keyword.builtin.VerifyElementTextKeyword.verifyElementText(VerifyElementTextKeyword.groovy:72)
	at com.kms.katalon.core.webui.keyword.builtin.VerifyElementTextKeyword.execute(VerifyElementTextKeyword.groovy:40)
	at com.kms.katalon.core.keyword.internal.KeywordExecutor.executeKeywordForPlatform(KeywordExecutor.groovy:56)
	at com.kms.katalon.core.webui.keyword.WebUiBuiltInKeywords.verifyElementText(WebUiBuiltInKeywords.groovy:3663)
	at com.kms.katalon.core.webui.keyword.WebUiBuiltInKeywords$verifyElementText$14.call(Unknown Source)
	at com.pmo.steps.AddIdeaSteps.searchForApprovedIdeaByName(AddIdeaSteps.groovy:102)
	at cucumber.runtime.Utils$1.call(Utils.java:26)
	at cucumber.runtime.Timeout.timeout(Timeout.java:16)
	at cucumber.runtime.Utils.invoke(Utils.java:20)
	at cucumber.runtime.java.JavaStepDefinition.execute(JavaStepDefinition.java:48)
	at cucumber.runtime.PickleStepDefinitionMatch.runStep(PickleStepDefinitionMatch.java:50)
	at cucumber.runner.TestStep.executeStep(TestStep.java:55)
	at cucumber.runner.TestStep.run(TestStep.java:42)
	at cucumber.runner.PickleStepTestStep.run(PickleStepTestStep.java:53)
	at cucumber.runner.TestCase.run(TestCase.java:47)
	at cucumber.runner.Runner.runPickle(Runner.java:44)
	at cucumber.runtime.Runtime.runFeature(Runtime.java:120)
	at cucumber.runtime.Runtime.run(Runtime.java:106)
	at cucumber.api.cli.Main.run(Main.java:35)
	at cucumber.api.cli.Main$run.call(Unknown Source)
	at com.kms.katalon.core.cucumber.keyword.CucumberBuiltinKeywords$_runFeatureFile_closure1.doCall(CucumberBuiltinKeywords.groovy:76)
	at com.kms.katalon.core.cucumber.keyword.CucumberBuiltinKeywords$_runFeatureFile_closure1.doCall(CucumberBuiltinKeywords.groovy)
	at com.kms.katalon.core.keyword.internal.KeywordMain.runKeyword(KeywordMain.groovy:66)
	at com.kms.katalon.core.keyword.internal.KeywordMain$runKeyword.call(Unknown Source)
	at com.kms.katalon.core.cucumber.keyword.CucumberBuiltinKeywords.runFeatureFile(CucumberBuiltinKeywords.groovy:46)
	at com.kms.katalon.core.cucumber.keyword.CucumberBuiltinKeywords$runFeatureFile$0.callStatic(Unknown Source)
	at com.kms.katalon.core.cucumber.keyword.CucumberBuiltinKeywords.runFeatureFile(CucumberBuiltinKeywords.groovy:101)
	at com.kms.katalon.core.cucumber.keyword.CucumberBuiltinKeywords$runFeatureFile.call(Unknown Source)
	at 026-Verify-Execute-Idea-form.run(026-Verify-Execute-Idea-form:16)
	at com.kms.katalon.core.main.ScriptEngine.run(ScriptEngine.java:194)
	at com.kms.katalon.core.main.ScriptEngine.runScriptAsRawText(ScriptEngine.java:119)
	at com.kms.katalon.core.main.TestCaseExecutor.runScript(TestCaseExecutor.java:331)
	at com.kms.katalon.core.main.TestCaseExecutor.doExecute(TestCaseExecutor.java:322)
	at com.kms.katalon.core.main.TestCaseExecutor.processExecutionPhase(TestCaseExecutor.java:301)
	at com.kms.katalon.core.main.TestCaseExecutor.accessMainPhase(TestCaseExecutor.java:293)
	at com.kms.katalon.core.main.TestCaseExecutor.execute(TestCaseExecutor.java:227)
	at com.kms.katalon.core.main.TestSuiteExecutor.accessTestCaseMainPhase(TestSuiteExecutor.java:129)
	at com.kms.katalon.core.main.TestSuiteExecutor.accessTestSuiteMainPhase(TestSuiteExecutor.java:112)
	at com.kms.katalon.core.main.TestSuiteExecutor.execute(TestSuiteExecutor.java:81)
	at com.kms.katalon.core.main.TestCaseMain.startTestSuite(TestCaseMain.java:157)
	at com.kms.katalon.core.main.TestCaseMain$startTestSuite$0.call(Unknown Source)
	at TempTestSuite1558253547685.run(TempTestSuite1558253547685.groovy:35)
Caused by: com.kms.katalon.core.exception.StepFailedException: com.kms.katalon.core.webui.exception.WebElementNotFoundException: Web element with id: 'Object Repository/OOBObjects/ApprovedIdeasListObjects/IdeaNameLinkInApprovedIdeasList' located by 'By.xpath: //table[@id='ideasTable']/tbody/tr/td/a' not found
	at com.kms.katalon.core.webui.keyword.internal.WebUIKeywordMain.stepFailed(WebUIKeywordMain.groovy:64)
	at com.kms.katalon.core.webui.keyword.builtin.VerifyElementTextKeyword$_verifyElementText_closure1.doCall(VerifyElementTextKeyword.groovy:64)
	at com.kms.katalon.core.webui.keyword.builtin.VerifyElementTextKeyword$_verifyElementText_closure1.call(VerifyElementTextKeyword.groovy)
	at com.kms.katalon.core.webui.keyword.internal.WebUIKeywordMain.runKeyword(WebUIKeywordMain.groovy:20)
	... 42 more
)
[[ATTACHMENT|C:\\Users\\HP\\git\\PMO-Web-Application\\Reports\\First-Test-Suite\\20190519_111227\\1558254547520.png]]

2019-05-19 11:29:07 - [MESSAGE][FAILED] - I want to search for approved idea by name FAILED.
Reason:
com.kms.katalon.core.exception.StepFailedException: Verify element text of test object 'Object Repository/OOBObjects/ApprovedIdeasListObjects/IdeaNameLinkInApprovedIdeasList' FAILED.
	at com.kms.katalon.core.webui.keyword.internal.WebUIKeywordMain.stepFailed(WebUIKeywordMain.groovy:64)
	at com.kms.katalon.core.webui.keyword.internal.WebUIKeywordMain.runKeyword(WebUIKeywordMain.groovy:26)
	at com.kms.katalon.core.webui.keyword.builtin.VerifyElementTextKeyword.verifyElementText(VerifyElementTextKeyword.groovy:72)
	at com.kms.katalon.core.webui.keyword.builtin.VerifyElementTextKeyword.execute(VerifyElementTextKeyword.groovy:40)
	at com.kms.katalon.core.keyword.internal.KeywordExecutor.executeKeywordForPlatform(KeywordExecutor.groovy:56)
	at com.kms.katalon.core.webui.keyword.WebUiBuiltInKeywords.verifyElementText(WebUiBuiltInKeywords.groovy:3663)
	at com.kms.katalon.core.webui.keyword.WebUiBuiltInKeywords$verifyElementText$14.call(Unknown Source)
	at com.pmo.steps.AddIdeaSteps.searchForApprovedIdeaByName(AddIdeaSteps.groovy:102)
	at ✽.I want to search for approved idea by name(C:/Users/HP/git/PMO-Web-Application/Include/features/Governance-Module/Add-Idea/026-Verify-Execute-Idea-form.feature:24)
Caused by: com.kms.katalon.core.exception.StepFailedException: com.kms.katalon.core.webui.exception.WebElementNotFoundException: Web element with id: 'Object Repository/OOBObjects/ApprovedIdeasListObjects/IdeaNameLinkInApprovedIdeasList' located by 'By.xpath: //table[@id='ideasTable']/tbody/tr/td/a' not found
	at com.kms.katalon.core.webui.keyword.internal.WebUIKeywordMain.stepFailed(WebUIKeywordMain.groovy:64)
	at com.kms.katalon.core.webui.keyword.builtin.VerifyElementTextKeyword$_verifyElementText_closure1.doCall(VerifyElementTextKeyword.groovy:64)
	at com.kms.katalon.core.webui.keyword.builtin.VerifyElementTextKeyword$_verifyElementText_closure1.call(VerifyElementTextKeyword.groovy)
	at com.kms.katalon.core.webui.keyword.internal.WebUIKeywordMain.runKeyword(WebUIKeywordMain.groovy:20)
	at com.kms.katalon.core.webui.keyword.builtin.VerifyElementTextKeyword.verifyElementText(VerifyElementTextKeyword.groovy:72)
	at com.kms.katalon.core.webui.keyword.builtin.VerifyElementTextKeyword.execute(VerifyElementTextKeyword.groovy:40)
	at com.kms.katalon.core.keyword.internal.KeywordExecutor.executeKeywordForPlatform(KeywordExecutor.groovy:56)
	at com.kms.katalon.core.webui.keyword.WebUiBuiltInKeywords.verifyElementText(WebUiBuiltInKeywords.groovy:3663)
	at com.kms.katalon.core.webui.keyword.WebUiBuiltInKeywords$verifyElementText$14.call(Unknown Source)
	at com.pmo.steps.AddIdeaSteps.searchForApprovedIdeaByName(AddIdeaSteps.groovy:102)
	at cucumber.runtime.Utils$1.call(Utils.java:26)
	at cucumber.runtime.Timeout.timeout(Timeout.java:16)
	at cucumber.runtime.Utils.invoke(Utils.java:20)
	at cucumber.runtime.java.JavaStepDefinition.execute(JavaStepDefinition.java:48)
	at cucumber.runtime.PickleStepDefinitionMatch.runStep(PickleStepDefinitionMatch.java:50)
	at cucumber.runner.TestStep.executeStep(TestStep.java:55)
	at cucumber.runner.TestStep.run(TestStep.java:42)
	at cucumber.runner.PickleStepTestStep.run(PickleStepTestStep.java:53)
	at cucumber.runner.TestCase.run(TestCase.java:47)
	at cucumber.runner.Runner.runPickle(Runner.java:44)
	at cucumber.runtime.Runtime.runFeature(Runtime.java:120)
	at cucumber.runtime.Runtime.run(Runtime.java:106)
	at cucumber.api.cli.Main.run(Main.java:35)
	at cucumber.api.cli.Main$run.call(Unknown Source)
	at com.kms.katalon.core.cucumber.keyword.CucumberBuiltinKeywords$_runFeatureFile_closure1.doCall(CucumberBuiltinKeywords.groovy:76)
	at com.kms.katalon.core.cucumber.keyword.CucumberBuiltinKeywords$_runFeatureFile_closure1.doCall(CucumberBuiltinKeywords.groovy)
	at com.kms.katalon.core.keyword.internal.KeywordMain.runKeyword(KeywordMain.groovy:66)
	at com.kms.katalon.core.keyword.internal.KeywordMain$runKeyword.call(Unknown Source)
	at com.kms.katalon.core.cucumber.keyword.CucumberBuiltinKeywords.runFeatureFile(CucumberBuiltinKeywords.groovy:46)
	at com.kms.katalon.core.cucumber.keyword.CucumberBuiltinKeywords$runFeatureFile$0.callStatic(Unknown Source)
	at com.kms.katalon.core.cucumber.keyword.CucumberBuiltinKeywords.runFeatureFile(CucumberBuiltinKeywords.groovy:101)
	at com.kms.katalon.core.cucumber.keyword.CucumberBuiltinKeywords$runFeatureFile.call(Unknown Source)
	at 026-Verify-Execute-Idea-form.run(026-Verify-Execute-Idea-form:16)
	at com.kms.katalon.core.main.ScriptEngine.run(ScriptEngine.java:194)
	at com.kms.katalon.core.main.ScriptEngine.runScriptAsRawText(ScriptEngine.java:119)
	at com.kms.katalon.core.main.TestCaseExecutor.runScript(TestCaseExecutor.java:331)
	at com.kms.katalon.core.main.TestCaseExecutor.doExecute(TestCaseExecutor.java:322)
	at com.kms.katalon.core.main.TestCaseExecutor.processExecutionPhase(TestCaseExecutor.java:301)
	at com.kms.katalon.core.main.TestCaseExecutor.accessMainPhase(TestCaseExecutor.java:293)
	at com.kms.katalon.core.main.TestCaseExecutor.execute(TestCaseExecutor.java:227)
	at com.kms.katalon.core.main.TestSuiteExecutor.accessTestCaseMainPhase(TestSuiteExecutor.java:129)
	at com.kms.katalon.core.main.TestSuiteExecutor.accessTestSuiteMainPhase(TestSuiteExecutor.java:112)
	at com.kms.katalon.core.main.TestSuiteExecutor.execute(TestSuiteExecutor.java:81)
	at com.kms.katalon.core.main.TestCaseMain.startTestSuite(TestCaseMain.java:157)
	at com.kms.katalon.core.main.TestCaseMain$startTestSuite$0.call(Unknown Source)
	at TempTestSuite1558253547685.run(TempTestSuite1558253547685.groovy:35)


2019-05-19 11:29:07 - [TEST_STEP][NOT_RUN] - I want to click Excute button: I want to click Excute button

2019-05-19 11:29:07 - [MESSAGE][NOT_RUN] - I want to click Excute button

2019-05-19 11:29:07 - [TEST_STEP][NOT_RUN] - I want to verify im in add new project page: I want to verify im in add new project page

2019-05-19 11:29:07 - [MESSAGE][NOT_RUN] - I want to verify im in add new project page

2019-05-19 11:29:07 - [TEST_STEP][NOT_RUN] - I want to check already filled fields: I want to check already filled fields

2019-05-19 11:29:07 - [MESSAGE][NOT_RUN] - I want to check already filled fields

2019-05-19 11:29:07 - [TEST_STEP][NOT_RUN] - I want to close browser: I want to close browser

2019-05-19 11:29:07 - [MESSAGE][NOT_RUN] - I want to close browser

2019-05-19 11:29:07 - [MESSAGE][FAILED] - Feature file 'Include/features/Governance-Module/Add-Idea/026-Verify-Execute-Idea-form.feature' was failed

2019-05-19 11:29:07 - [MESSAGE][FAILED] - Keyword runFeatureFile was failed (Root cause: com.kms.katalon.core.exception.StepFailedException: Feature file 'Include/features/Governance-Module/Add-Idea/026-Verify-Execute-Idea-form.feature' was failed
	at com.kms.katalon.core.keyword.internal.KeywordMain.stepFailed(KeywordMain.groovy:48)
	at com.kms.katalon.core.keyword.internal.KeywordMain.stepFailed(KeywordMain.groovy)
	at com.kms.katalon.core.keyword.internal.KeywordMain.stepFailed(KeywordMain.groovy:21)
	at com.kms.katalon.core.keyword.internal.KeywordMain$stepFailed$0.call(Unknown Source)
	at com.kms.katalon.core.cucumber.keyword.CucumberBuiltinKeywords$_runFeatureFile_closure1.doCall(CucumberBuiltinKeywords.groovy:82)
	at com.kms.katalon.core.cucumber.keyword.CucumberBuiltinKeywords$_runFeatureFile_closure1.doCall(CucumberBuiltinKeywords.groovy)
	at com.kms.katalon.core.keyword.internal.KeywordMain.runKeyword(KeywordMain.groovy:66)
	at com.kms.katalon.core.keyword.internal.KeywordMain$runKeyword.call(Unknown Source)
	at com.kms.katalon.core.cucumber.keyword.CucumberBuiltinKeywords.runFeatureFile(CucumberBuiltinKeywords.groovy:46)
	at com.kms.katalon.core.cucumber.keyword.CucumberBuiltinKeywords$runFeatureFile$0.callStatic(Unknown Source)
	at com.kms.katalon.core.cucumber.keyword.CucumberBuiltinKeywords.runFeatureFile(CucumberBuiltinKeywords.groovy:101)
	at com.kms.katalon.core.cucumber.keyword.CucumberBuiltinKeywords$runFeatureFile.call(Unknown Source)
	at 026-Verify-Execute-Idea-form.run(026-Verify-Execute-Idea-form:16)
	at com.kms.katalon.core.main.ScriptEngine.run(ScriptEngine.java:194)
	at com.kms.katalon.core.main.ScriptEngine.runScriptAsRawText(ScriptEngine.java:119)
	at com.kms.katalon.core.main.TestCaseExecutor.runScript(TestCaseExecutor.java:331)
	at com.kms.katalon.core.main.TestCaseExecutor.doExecute(TestCaseExecutor.java:322)
	at com.kms.katalon.core.main.TestCaseExecutor.processExecutionPhase(TestCaseExecutor.java:301)
	at com.kms.katalon.core.main.TestCaseExecutor.accessMainPhase(TestCaseExecutor.java:293)
	at com.kms.katalon.core.main.TestCaseExecutor.execute(TestCaseExecutor.java:227)
	at com.kms.katalon.core.main.TestSuiteExecutor.accessTestCaseMainPhase(TestSuiteExecutor.java:129)
	at com.kms.katalon.core.main.TestSuiteExecutor.accessTestSuiteMainPhase(TestSuiteExecutor.java:112)
	at com.kms.katalon.core.main.TestSuiteExecutor.execute(TestSuiteExecutor.java:81)
	at com.kms.katalon.core.main.TestCaseMain.startTestSuite(TestCaseMain.java:157)
	at com.kms.katalon.core.main.TestCaseMain$startTestSuite$0.call(Unknown Source)
	at TempTestSuite1558253547685.run(TempTestSuite1558253547685.groovy:35)
)

2019-05-19 11:29:07 - [MESSAGE][FAILED] - runFeatureFile("Include/features/Governance-Module/Add-Idea/026-Verify-Execute-Idea-form.feature") FAILED.
Reason:
com.kms.katalon.core.exception.StepFailedException: Feature file 'Include/features/Governance-Module/Add-Idea/026-Verify-Execute-Idea-form.feature' was failed
	at com.kms.katalon.core.keyword.internal.KeywordMain.stepFailed(KeywordMain.groovy:48)
	at com.kms.katalon.core.keyword.internal.KeywordMain.stepFailed(KeywordMain.groovy)
	at com.kms.katalon.core.keyword.internal.KeywordMain.stepFailed(KeywordMain.groovy:21)
	at com.kms.katalon.core.keyword.internal.KeywordMain$stepFailed$0.call(Unknown Source)
	at com.kms.katalon.core.cucumber.keyword.CucumberBuiltinKeywords$_runFeatureFile_closure1.doCall(CucumberBuiltinKeywords.groovy:82)
	at com.kms.katalon.core.cucumber.keyword.CucumberBuiltinKeywords$_runFeatureFile_closure1.doCall(CucumberBuiltinKeywords.groovy)
	at com.kms.katalon.core.keyword.internal.KeywordMain.runKeyword(KeywordMain.groovy:66)
	at com.kms.katalon.core.keyword.internal.KeywordMain$runKeyword.call(Unknown Source)
	at com.kms.katalon.core.cucumber.keyword.CucumberBuiltinKeywords.runFeatureFile(CucumberBuiltinKeywords.groovy:46)
	at com.kms.katalon.core.cucumber.keyword.CucumberBuiltinKeywords$runFeatureFile$0.callStatic(Unknown Source)
	at com.kms.katalon.core.cucumber.keyword.CucumberBuiltinKeywords.runFeatureFile(CucumberBuiltinKeywords.groovy:101)
	at com.kms.katalon.core.cucumber.keyword.CucumberBuiltinKeywords$runFeatureFile.call(Unknown Source)
	at 026-Verify-Execute-Idea-form.run(026-Verify-Execute-Idea-form:16)
	at com.kms.katalon.core.main.ScriptEngine.run(ScriptEngine.java:194)
	at com.kms.katalon.core.main.ScriptEngine.runScriptAsRawText(ScriptEngine.java:119)
	at com.kms.katalon.core.main.TestCaseExecutor.runScript(TestCaseExecutor.java:331)
	at com.kms.katalon.core.main.TestCaseExecutor.doExecute(TestCaseExecutor.java:322)
	at com.kms.katalon.core.main.TestCaseExecutor.processExecutionPhase(TestCaseExecutor.java:301)
	at com.kms.katalon.core.main.TestCaseExecutor.accessMainPhase(TestCaseExecutor.java:293)
	at com.kms.katalon.core.main.TestCaseExecutor.execute(TestCaseExecutor.java:227)
	at com.kms.katalon.core.main.TestSuiteExecutor.accessTestCaseMainPhase(TestSuiteExecutor.java:129)
	at com.kms.katalon.core.main.TestSuiteExecutor.accessTestSuiteMainPhase(TestSuiteExecutor.java:112)
	at com.kms.katalon.core.main.TestSuiteExecutor.execute(TestSuiteExecutor.java:81)
	at com.kms.katalon.core.main.TestCaseMain.startTestSuite(TestCaseMain.java:157)
	at com.kms.katalon.core.main.TestCaseMain$startTestSuite$0.call(Unknown Source)
	at TempTestSuite1558253547685.run(TempTestSuite1558253547685.groovy:35)]]></system-out>
         <system-err><![CDATA[2019-05-19 11:26:21 - [TEST_CASE][FAILED] - Test Cases/Add-Idea-Test-Cases/026-Verify-Execute-Idea-form: Test Cases/Add-Idea-Test-Cases/026-Verify-Execute-Idea-form FAILED.
Reason:
com.kms.katalon.core.exception.StepFailedException: Feature file 'Include/features/Governance-Module/Add-Idea/026-Verify-Execute-Idea-form.feature' was failed
	at com.kms.katalon.core.keyword.internal.KeywordMain.stepFailed(KeywordMain.groovy:48)
	at com.kms.katalon.core.keyword.internal.KeywordMain.stepFailed(KeywordMain.groovy)
	at com.kms.katalon.core.keyword.internal.KeywordMain.stepFailed(KeywordMain.groovy:21)
	at com.kms.katalon.core.keyword.internal.KeywordMain$stepFailed$0.call(Unknown Source)
	at com.kms.katalon.core.cucumber.keyword.CucumberBuiltinKeywords$_runFeatureFile_closure1.doCall(CucumberBuiltinKeywords.groovy:82)
	at com.kms.katalon.core.cucumber.keyword.CucumberBuiltinKeywords$_runFeatureFile_closure1.doCall(CucumberBuiltinKeywords.groovy)
	at com.kms.katalon.core.keyword.internal.KeywordMain.runKeyword(KeywordMain.groovy:66)
	at com.kms.katalon.core.keyword.internal.KeywordMain$runKeyword.call(Unknown Source)
	at com.kms.katalon.core.cucumber.keyword.CucumberBuiltinKeywords.runFeatureFile(CucumberBuiltinKeywords.groovy:46)
	at com.kms.katalon.core.cucumber.keyword.CucumberBuiltinKeywords$runFeatureFile$0.callStatic(Unknown Source)
	at com.kms.katalon.core.cucumber.keyword.CucumberBuiltinKeywords.runFeatureFile(CucumberBuiltinKeywords.groovy:101)
	at com.kms.katalon.core.cucumber.keyword.CucumberBuiltinKeywords$runFeatureFile.call(Unknown Source)
	at 026-Verify-Execute-Idea-form.run(026-Verify-Execute-Idea-form:16)
	at com.kms.katalon.core.main.ScriptEngine.run(ScriptEngine.java:194)
	at com.kms.katalon.core.main.ScriptEngine.runScriptAsRawText(ScriptEngine.java:119)
	at com.kms.katalon.core.main.TestCaseExecutor.runScript(TestCaseExecutor.java:331)
	at com.kms.katalon.core.main.TestCaseExecutor.doExecute(TestCaseExecutor.java:322)
	at com.kms.katalon.core.main.TestCaseExecutor.processExecutionPhase(TestCaseExecutor.java:301)
	at com.kms.katalon.core.main.TestCaseExecutor.accessMainPhase(TestCaseExecutor.java:293)
	at com.kms.katalon.core.main.TestCaseExecutor.execute(TestCaseExecutor.java:227)
	at com.kms.katalon.core.main.TestSuiteExecutor.accessTestCaseMainPhase(TestSuiteExecutor.java:129)
	at com.kms.katalon.core.main.TestSuiteExecutor.accessTestSuiteMainPhase(TestSuiteExecutor.java:112)
	at com.kms.katalon.core.main.TestSuiteExecutor.execute(TestSuiteExecutor.java:81)
	at com.kms.katalon.core.main.TestCaseMain.startTestSuite(TestCaseMain.java:157)
	at com.kms.katalon.core.main.TestCaseMain$startTestSuite$0.call(Unknown Source)
	at TempTestSuite1558253547685.run(TempTestSuite1558253547685.groovy:35)]]></system-err>
      </testcase>
      <testcase name="Test Cases/Add-Idea-Test-Cases/028-Cancel-Execution-Idea" classname="Test Cases/Add-Idea-Test-Cases/028-Cancel-Execution-Idea" status="PASSED">
         <system-out><![CDATA[2019-05-19 11:29:07 - [TEST_CASE][PASSED] - Test Cases/Add-Idea-Test-Cases/028-Cancel-Execution-Idea: Test Cases/Add-Idea-Test-Cases/028-Cancel-Execution-Idea

2019-05-19 11:29:07 - [TEST_STEP][PASSED] - runFeatureFile("Include/features/Governance-Module/Add-Idea/028-Cancel-Execution-Idea.feature"): Feature file: 'Include/features/Governance-Module/Add-Idea/028-Cancel-Execution-Idea.feature' was passed

2019-05-19 11:29:07 - [MESSAGE][INFO] - Starting run keyword runFeatureFile: 'Include/features/Governance-Module/Add-Idea/028-Cancel-Execution-Idea.feature' and extract report to folder: 'C:\Users\HP\git\PMO-Web-Application\Reports\First-Test-Suite\20190519_111227/cucumber_report/1558254547892'...

2019-05-19 11:29:08 - [TEST_CASE][PASSED] - Start Test Case : SCENARIO Verify Cancel execution idea: SCENARIO Verify Cancel execution idea

2019-05-19 11:29:08 - [TEST_STEP][PASSED] - I want to open browser: I want to open browser

2019-05-19 11:29:08 - [MESSAGE][WARNING] - A browser is already opened. Closing browser and opening a new one

2019-05-19 11:29:08 - [MESSAGE][INFO] - Starting 'Chrome' driver

2019-05-19 11:29:10 - [MESSAGE][PASSED] - Browser is opened with url: ''

2019-05-19 11:29:11 - [MESSAGE][PASSED] - Delete all cookies successfully

2019-05-19 11:29:11 - [MESSAGE][PASSED] - I want to open browser

2019-05-19 11:29:11 - [TEST_STEP][PASSED] - I want to maximize window: I want to maximize window

2019-05-19 11:29:12 - [MESSAGE][PASSED] - Current window maximized

2019-05-19 11:29:12 - [MESSAGE][PASSED] - I want to maximize window

2019-05-19 11:29:12 - [TEST_STEP][PASSED] - I want to go to OOB: I want to go to OOB

2019-05-19 11:29:13 - [MESSAGE][PASSED] - Navigate to 'https://pmoadmin:P@ssw0rd@dev5.cloudapp.net/OOB2/' successfully

2019-05-19 11:29:13 - [MESSAGE][PASSED] - I want to go to OOB

2019-05-19 11:29:13 - [TEST_STEP][PASSED] - I want to verify I'm in OOB main page: I want to verify I'm in OOB main page

2019-05-19 11:29:13 - [MESSAGE][WARNING] - Timeout '0' is invalid. Using default page load timeout: '30'

2019-05-19 11:29:25 - [MESSAGE][PASSED] - Object 'Object Repository/OOBObjects/HomepageObjects/OOBSideBar' is present

2019-05-19 11:29:25 - [MESSAGE][PASSED] - I want to verify I'm in OOB main page

2019-05-19 11:29:25 - [TEST_STEP][PASSED] - I want to go to ideas list page: I want to go to ideas list page

2019-05-19 11:29:32 - [MESSAGE][PASSED] - Object: 'Object Repository/OOBObjects/HomepageObjects/IdeasList' is clicked on

2019-05-19 11:29:32 - [MESSAGE][PASSED] - I want to go to ideas list page

2019-05-19 11:29:32 - [TEST_STEP][PASSED] - I want to click on Add New button: I want to click on Add New button

2019-05-19 11:29:34 - [MESSAGE][PASSED] - Object: 'Object Repository/OOBObjects/IdeasListObjects/AddNewIdeaButton' is clicked on

2019-05-19 11:29:34 - [MESSAGE][PASSED] - I want to click on Add New button

2019-05-19 11:29:34 - [TEST_STEP][PASSED] - I want to fill idea name field: I want to fill idea name field

2019-05-19 11:29:34 - [MESSAGE][PASSED] - Text 'Automation6840' is set on object 'Object Repository/OOBObjects/IdeasListObjects/Idea-Name-Field'

2019-05-19 11:29:34 - [MESSAGE][PASSED] - I want to fill idea name field

2019-05-19 11:29:34 - [TEST_STEP][PASSED] - I want to select expected start date: I want to select expected start date

2019-05-19 11:29:34 - [MESSAGE][PASSED] - Object: 'Object Repository/OOBObjects/IdeasListObjects//GREGORIAN-Start-date-Check-Box' is clicked on

2019-05-19 11:29:34 - [MESSAGE][PASSED] - Object: 'Object Repository/OOBObjects/IdeasListObjects//Excepted-Start-Date' is clicked on

2019-05-19 11:29:34 - [MESSAGE][PASSED] - All options with index in [5] are selected on object 'Object Repository/OOBObjects/IdeasListObjects/StartDateMonthDropDwon'

2019-05-19 11:29:34 - [MESSAGE][PASSED] - Object: 'Object Repository/OOBObjects/IdeasListObjects//Day26' is hovered

2019-05-19 11:29:34 - [MESSAGE][PASSED] - Object: 'Object Repository/OOBObjects/IdeasListObjects//Day26' is clicked on

2019-05-19 11:29:34 - [MESSAGE][PASSED] - I want to select expected start date

2019-05-19 11:29:34 - [TEST_STEP][PASSED] - I want to select expected end date: I want to select expected end date

2019-05-19 11:29:34 - [MESSAGE][PASSED] - Object 'Object Repository/OOBObjects/IdeasListObjects/GREGORIAN-End-Date-Check-Box' is visible

2019-05-19 11:29:34 - [MESSAGE][PASSED] - Object: 'Object Repository/OOBObjects/IdeasListObjects/GREGORIAN-End-Date-Check-Box' is clicked on

2019-05-19 11:29:36 - [MESSAGE][PASSED] - Delayed 2 second(s)

2019-05-19 11:29:36 - [MESSAGE][PASSED] - Object: 'Object Repository/OOBObjects/IdeasListObjects/Excpected-End-Date' is hovered

2019-05-19 11:29:36 - [MESSAGE][PASSED] - Object: 'Object Repository/OOBObjects/IdeasListObjects/Excpected-End-Date' is clicked on

2019-05-19 11:29:36 - [MESSAGE][PASSED] - All options with index in [6] are selected on object 'Object Repository/OOBObjects/IdeasListObjects/EndDateMonthDropdown'

2019-05-19 11:29:37 - [MESSAGE][PASSED] - Object: 'Object Repository/OOBObjects/IdeasListObjects/EndDateDay15' is hovered

2019-05-19 11:29:37 - [MESSAGE][PASSED] - Object: 'Object Repository/OOBObjects/IdeasListObjects/EndDateDay15' is clicked on

2019-05-19 11:29:37 - [MESSAGE][PASSED] - I want to select expected end date

2019-05-19 11:29:37 - [TEST_STEP][PASSED] - I want to fill idea objective field: I want to fill idea objective field

2019-05-19 11:29:37 - [MESSAGE][PASSED] - Text 'Automation' is set on object 'Object Repository/OOBObjects/IdeasListObjects/Idea-Objective-Field'

2019-05-19 11:29:37 - [MESSAGE][PASSED] - I want to fill idea objective field

2019-05-19 11:29:37 - [TEST_STEP][PASSED] - I want to fill expected budget field: I want to fill expected budget field

2019-05-19 11:29:37 - [MESSAGE][PASSED] - Text '10000' is set on object 'Object Repository/OOBObjects/IdeasListObjects/Expected-Budget-Field'

2019-05-19 11:29:37 - [MESSAGE][PASSED] - I want to fill expected budget field

2019-05-19 11:29:37 - [TEST_STEP][PASSED] - I want to fill Notes field: I want to fill Notes field

2019-05-19 11:29:37 - [MESSAGE][PASSED] - Text 'test note' is set on object 'Object Repository/OOBObjects/IdeasListObjects/Notes-Field'

2019-05-19 11:29:37 - [MESSAGE][PASSED] - I want to fill Notes field

2019-05-19 11:29:37 - [TEST_STEP][PASSED] - I want to click send idea button: I want to click send idea button

2019-05-19 11:29:42 - [MESSAGE][PASSED] - Delayed 5 second(s)

2019-05-19 11:29:42 - [MESSAGE][WARNING] - Timeout '0' is invalid. Using default page load timeout: '30'

2019-05-19 11:29:42 - [MESSAGE][PASSED] - Scroll to object 'Object Repository/OOBObjects/IdeasListObjects/CardBlock' successfully

2019-05-19 11:29:42 - [MESSAGE][PASSED] - Object: 'Object Repository/OOBObjects/IdeasListObjects/SendIdeaButton' is clicked on

2019-05-19 11:29:42 - [MESSAGE][PASSED] - I want to click send idea button

2019-05-19 11:29:42 - [TEST_STEP][PASSED] - I want to verify idea added successfuly: I want to verify idea added successfuly

2019-05-19 11:29:42 - [MESSAGE][WARNING] - Timeout '0' is invalid. Using default page load timeout: '30'

2019-05-19 11:29:42 - [MESSAGE][PASSED] - Wait for page load successfully

2019-05-19 11:29:44 - [MESSAGE][PASSED] - Text 'Automation6840' is set on object 'Object Repository/OOBObjects/IdeasListObjects/SearchField'

2019-05-19 11:29:46 - [MESSAGE][PASSED] - Actual text and expected text of test object 'Object Repository/OOBObjects/IdeasListObjects/SearchResult' are matched.

2019-05-19 11:29:46 - [MESSAGE][PASSED] - I want to verify idea added successfuly

2019-05-19 11:29:46 - [TEST_STEP][PASSED] - I want to approve idea: I want to approve idea

2019-05-19 11:29:58 - [MESSAGE][PASSED] - Object: 'Object Repository/OOBObjects/HomepageObjects/InboxIcon' is clicked on

2019-05-19 11:29:58 - [MESSAGE][PASSED] - Object: 'Object Repository/OOBObjects/InboxPageObjects/BeforeInitiatePhase' is clicked on

2019-05-19 11:29:59 - [MESSAGE][PASSED] - Object: 'Object Repository/OOBObjects/InboxPageObjects/FirstIdea' is clicked on

2019-05-19 11:29:59 - [MESSAGE][PASSED] - Object: 'Object Repository/OOBObjects/InboxPageObjects/ApproveIdeaButton' is clicked on

2019-05-19 11:30:14 - [MESSAGE][PASSED] - Object: 'Object Repository/OOBObjects/InboxPageObjects/BeforeInitiatePhase' is clicked on

2019-05-19 11:30:15 - [MESSAGE][PASSED] - Object: 'Object Repository/OOBObjects/InboxPageObjects/FirstIdea' is clicked on

2019-05-19 11:30:15 - [MESSAGE][WARNING] - Timeout '0' is invalid. Using default page load timeout: '30'

2019-05-19 11:30:15 - [MESSAGE][PASSED] - Scroll to object 'Object Repository/OOBObjects/InboxPageObjects/AddNewAttachmentButtonApproveIdea' successfully

2019-05-19 11:30:16 - [MESSAGE][PASSED] - Object: 'Object Repository/OOBObjects/InboxPageObjects/AddNewAttachmentButtonApproveIdea' is clicked on

2019-05-19 11:30:16 - [MESSAGE][PASSED] - File 'C:\Users\HP\Desktop\SK.png' sent to object: 'Object Repository/OOBObjects/InboxPageObjects/UploadFileApproveIdea'

2019-05-19 11:30:16 - [MESSAGE][WARNING] - Timeout '0' is invalid. Using default page load timeout: '30'

2019-05-19 11:30:17 - [MESSAGE][PASSED] - Object 'Object Repository/OOBObjects/InboxPageObjects/AttachedFileApprovedIdea' is present

2019-05-19 11:30:17 - [MESSAGE][PASSED] - Object: 'Object Repository/OOBObjects/InboxPageObjects/LoadButtonApproveIdea' is clicked on

2019-05-19 11:30:17 - [MESSAGE][PASSED] - Object 'Object Repository/OOBObjects/InboxPageObjects/SendAproveIdeaSecondPhase' is clickable

2019-05-19 11:30:17 - [MESSAGE][PASSED] - Object: 'Object Repository/OOBObjects/InboxPageObjects/SendAproveIdeaSecondPhase' is hovered

2019-05-19 11:30:22 - [MESSAGE][PASSED] - Delayed 5 second(s)

2019-05-19 11:30:22 - [MESSAGE][PASSED] - Object: 'Object Repository/OOBObjects/InboxPageObjects/SendAproveIdeaSecondPhase' is clicked on

2019-05-19 11:30:34 - [MESSAGE][PASSED] - Object: 'Object Repository/OOBObjects/InboxPageObjects/BeforeInitiatePhase' is clicked on

2019-05-19 11:30:35 - [MESSAGE][PASSED] - Object: 'Object Repository/OOBObjects/InboxPageObjects/FirstIdea' is clicked on

2019-05-19 11:30:35 - [MESSAGE][PASSED] - Object: 'Object Repository/OOBObjects/InboxPageObjects/StrategicObjectiveCheckBox' is clicked on

2019-05-19 11:30:35 - [MESSAGE][PASSED] - All options with index in [1] are selected on object 'Object Repository/OOBObjects/InboxPageObjects/ddlInitiativesDropdwon'

2019-05-19 11:30:35 - [MESSAGE][PASSED] - Object: 'Object Repository/OOBObjects/InboxPageObjects/SendApproveIdeaThirdPhase' is clicked on

2019-05-19 11:30:48 - [MESSAGE][PASSED] - Object: 'Object Repository/OOBObjects/InboxPageObjects/BeforeInitiatePhase' is clicked on

2019-05-19 11:30:49 - [MESSAGE][PASSED] - Object: 'Object Repository/OOBObjects/InboxPageObjects/FirstIdea' is clicked on

2019-05-19 11:30:49 - [MESSAGE][PASSED] - All options with index in [1] are selected on object 'Object Repository/OOBObjects/InboxPageObjects/WalletDropdownApproveIdea'

2019-05-19 11:30:49 - [MESSAGE][PASSED] - All options with index in [1] are selected on object 'Object Repository/OOBObjects/InboxPageObjects/ProgramDropdownApproveIdea'

2019-05-19 11:30:49 - [MESSAGE][PASSED] - All options with index in [1] are selected on object 'Object Repository/OOBObjects/InboxPageObjects/OwnerDropdownApproveIdea'

2019-05-19 11:30:49 - [MESSAGE][PASSED] - Object: 'Object Repository/OOBObjects/InboxPageObjects/SendApproveIdeaFourthPhase' is clicked on

2019-05-19 11:31:02 - [MESSAGE][PASSED] - Object: 'Object Repository/OOBObjects/InboxPageObjects/BeforeInitiatePhase' is clicked on

2019-05-19 11:31:04 - [MESSAGE][PASSED] - Object: 'Object Repository/OOBObjects/InboxPageObjects/FirstIdea' is clicked on

2019-05-19 11:31:04 - [MESSAGE][PASSED] - Object: 'Object Repository/OOBObjects/InboxPageObjects/ApproveButtonFivthPhase' is clicked on

2019-05-19 11:31:18 - [MESSAGE][PASSED] - Object: 'Object Repository/OOBObjects/InboxPageObjects/BeforeInitiatePhase' is clicked on

2019-05-19 11:31:19 - [MESSAGE][PASSED] - Object: 'Object Repository/OOBObjects/InboxPageObjects/FirstIdea' is clicked on

2019-05-19 11:31:19 - [MESSAGE][PASSED] - Object: 'Object Repository/OOBObjects/InboxPageObjects/GeorgianCheckBoxApproveIdea' is clicked on

2019-05-19 11:31:19 - [MESSAGE][PASSED] - Object: 'Object Repository/OOBObjects/InboxPageObjects/ExceptedExecutionDateApproveIdea' is clicked on

2019-05-19 11:31:19 - [MESSAGE][PASSED] - All options with index in [3] are selected on object 'Object Repository/OOBObjects/InboxPageObjects/MonthsDropdownApproveIdea'

2019-05-19 11:31:19 - [MESSAGE][PASSED] - Object: 'Object Repository/OOBObjects/InboxPageObjects/Day30ApproveIdeaExcutionDate' is hovered

2019-05-19 11:31:19 - [MESSAGE][PASSED] - Object: 'Object Repository/OOBObjects/InboxPageObjects/Day30ApproveIdeaExcutionDate' is clicked on

2019-05-19 11:31:20 - [MESSAGE][PASSED] - All options with index in [1] are selected on object 'Object Repository/OOBObjects/InboxPageObjects/PriorityDropdownApproveIdea'

2019-05-19 11:31:20 - [MESSAGE][PASSED] - Object: 'Object Repository/OOBObjects/InboxPageObjects/SubmitButtonApproveIdae' is clicked on

2019-05-19 11:31:20 - [MESSAGE][PASSED] - I want to approve idea

2019-05-19 11:31:20 - [TEST_STEP][PASSED] - I want to go to OOB: I want to go to OOB

2019-05-19 11:31:31 - [MESSAGE][PASSED] - Navigate to 'https://pmoadmin:P@ssw0rd@dev5.cloudapp.net/OOB2/' successfully

2019-05-19 11:31:31 - [MESSAGE][PASSED] - I want to go to OOB

2019-05-19 11:31:31 - [TEST_STEP][PASSED] - I want to go to approved ideas list page: I want to go to approved ideas list page

2019-05-19 11:31:39 - [MESSAGE][PASSED] - Object: 'Object Repository/OOBObjects/HomepageObjects/ApprovedIdeasList' is clicked on

2019-05-19 11:31:39 - [MESSAGE][PASSED] - I want to go to approved ideas list page

2019-05-19 11:31:39 - [TEST_STEP][PASSED] - I want to search for approved idea by name: I want to search for approved idea by name

2019-05-19 11:31:39 - [MESSAGE][PASSED] - Text 'Automation6840' is set on object 'Object Repository/OOBObjects/ApprovedIdeasListObjects/ApprovedIdeasSearchField'

2019-05-19 11:31:39 - [MESSAGE][PASSED] - Actual text and expected text of test object 'Object Repository/OOBObjects/ApprovedIdeasListObjects/IdeaNameLinkInApprovedIdeasList' are matched.

2019-05-19 11:31:39 - [MESSAGE][PASSED] - I want to search for approved idea by name

2019-05-19 11:31:39 - [TEST_STEP][PASSED] - I want to click Excute button: I want to click Excute button

2019-05-19 11:31:41 - [MESSAGE][PASSED] - Object: 'Object Repository/OOBObjects/ApprovedIdeasListObjects/ExcuteButton' is clicked on

2019-05-19 11:31:41 - [MESSAGE][PASSED] - I want to click Excute button

2019-05-19 11:31:41 - [TEST_STEP][PASSED] - I want to verify im in add new project page: I want to verify im in add new project page

2019-05-19 11:31:41 - [MESSAGE][WARNING] - Timeout '0' is invalid. Using default page load timeout: '30'

2019-05-19 11:31:41 - [MESSAGE][PASSED] - Object 'Object Repository/OOBObjects/ApprovedIdeasListObjects/AddNewProjectLabel' is present

2019-05-19 11:31:41 - [MESSAGE][PASSED] - I want to verify im in add new project page

2019-05-19 11:31:41 - [TEST_STEP][PASSED] - I want to select project type: I want to select project type

2019-05-19 11:31:41 - [MESSAGE][PASSED] - All options with index in [1] are selected on object 'Object Repository/OOBObjects/ProjectsListObjects/ProjectTypeDropDwon'

2019-05-19 11:31:41 - [MESSAGE][PASSED] - I want to select project type

2019-05-19 11:31:41 - [TEST_STEP][PASSED] - I want to fill project manager field: I want to fill project manager field

2019-05-19 11:31:41 - [MESSAGE][WARNING] - Timeout '0' is invalid. Using default page load timeout: '30'

2019-05-19 11:31:41 - [MESSAGE][PASSED] - Scroll to object 'Object Repository/OOBObjects/ProjectsListObjects/Duration' successfully

2019-05-19 11:31:41 - [MESSAGE][PASSED] - Text 'النظام' is set on object 'Object Repository/OOBObjects/ProjectsListObjects/ProjectMangerField'

2019-05-19 11:31:41 - [MESSAGE][PASSED] - I want to fill project manager field

2019-05-19 11:31:41 - [TEST_STEP][PASSED] - I want to tap enter key on manager field: I want to tap enter key on manager field

2019-05-19 11:31:41 - [MESSAGE][PASSED] - Keys 'ENTER + ' sent to object: 'Object Repository/OOBObjects/ProjectsListObjects/ProjectMangerField'

2019-05-19 11:31:41 - [MESSAGE][PASSED] - I want to tap enter key on manager field

2019-05-19 11:31:41 - [TEST_STEP][PASSED] - I want to fill project owner field: I want to fill project owner field

2019-05-19 11:31:41 - [MESSAGE][PASSED] - Text 'النظام' is set on object 'Object Repository/OOBObjects/ProjectsListObjects/ProjectOwnerField'

2019-05-19 11:31:41 - [MESSAGE][PASSED] - I want to fill project owner field

2019-05-19 11:31:41 - [TEST_STEP][PASSED] - I want to tap enter key on owner field: I want to tap enter key on owner field

2019-05-19 11:31:41 - [MESSAGE][PASSED] - Keys 'ENTER + ' sent to object: 'Object Repository/OOBObjects/ProjectsListObjects/ProjectOwnerField'

2019-05-19 11:31:41 - [MESSAGE][PASSED] - I want to tap enter key on owner field

2019-05-19 11:31:41 - [TEST_STEP][PASSED] - I want to fill project sponser field: I want to fill project sponser field

2019-05-19 11:31:41 - [MESSAGE][PASSED] - Text 'النظام' is set on object 'Object Repository/OOBObjects/ProjectsListObjects/ProjectSponsorField'

2019-05-19 11:31:41 - [MESSAGE][PASSED] - I want to fill project sponser field

2019-05-19 11:31:41 - [TEST_STEP][PASSED] - I want to tap enter key on sponser field: I want to tap enter key on sponser field

2019-05-19 11:31:42 - [MESSAGE][PASSED] - Keys 'ENTER + ' sent to object: 'Object Repository/OOBObjects/ProjectsListObjects/ProjectSponsorField'

2019-05-19 11:31:42 - [MESSAGE][PASSED] - I want to tap enter key on sponser field

2019-05-19 11:31:42 - [TEST_STEP][PASSED] - I want to fill project description field: I want to fill project description field

2019-05-19 11:31:42 - [MESSAGE][PASSED] - Text 'test description' is set on object 'Object Repository/OOBObjects/ProjectsListObjects/ProjectDescriptionField'

2019-05-19 11:31:42 - [MESSAGE][PASSED] - I want to fill project description field

2019-05-19 11:31:42 - [TEST_STEP][PASSED] - I want to fill project notes field: I want to fill project notes field

2019-05-19 11:31:42 - [MESSAGE][PASSED] - Text 'test notes' is set on object 'Object Repository/OOBObjects/ProjectsListObjects/ProjectNotesField'

2019-05-19 11:31:42 - [MESSAGE][PASSED] - I want to fill project notes field

2019-05-19 11:31:42 - [TEST_STEP][PASSED] - I want to wait: I want to wait

2019-05-19 11:31:45 - [MESSAGE][PASSED] - Delayed 3 second(s)

2019-05-19 11:31:45 - [MESSAGE][PASSED] - I want to wait

2019-05-19 11:31:45 - [TEST_STEP][PASSED] - I want to click on cancel creating new project button: I want to click on cancel creating new project button

2019-05-19 11:31:50 - [MESSAGE][PASSED] - Delayed 5 second(s)

2019-05-19 11:31:57 - [MESSAGE][PASSED] - Object: 'Object Repository/OOBObjects/ProjectsListObjects/CancelAddingNewProject' is clicked on

2019-05-19 11:31:57 - [MESSAGE][PASSED] - I want to click on cancel creating new project button

2019-05-19 11:31:57 - [TEST_STEP][PASSED] - I want to verify Approved Ideas List page: I want to verify Approved Ideas List page

2019-05-19 11:31:57 - [MESSAGE][WARNING] - Timeout '0' is invalid. Using default page load timeout: '30'

2019-05-19 11:31:57 - [MESSAGE][PASSED] - Object 'Object Repository/OOBObjects/ApprovedIdeasListObjects/ApprovedIdeasListTitle' is present

2019-05-19 11:31:57 - [MESSAGE][WARNING] - Timeout '0' is invalid. Using default page load timeout: '30'

2019-05-19 11:31:57 - [MESSAGE][PASSED] - Object 'Object Repository/OOBObjects/ApprovedIdeasListObjects/IdeaNameColumnInApprovedIdeasList' is present

2019-05-19 11:31:57 - [MESSAGE][WARNING] - Timeout '0' is invalid. Using default page load timeout: '30'

2019-05-19 11:31:57 - [MESSAGE][PASSED] - Object 'Object Repository/OOBObjects/ApprovedIdeasListObjects/ExpectedBudgetColumnInApprovedIdeasList' is present

2019-05-19 11:31:57 - [MESSAGE][WARNING] - Timeout '0' is invalid. Using default page load timeout: '30'

2019-05-19 11:31:57 - [MESSAGE][PASSED] - Object 'Object Repository/OOBObjects/ApprovedIdeasListObjects/StatusColumnInApprovedIdeasList' is present

2019-05-19 11:31:57 - [MESSAGE][WARNING] - Timeout '0' is invalid. Using default page load timeout: '30'

2019-05-19 11:31:57 - [MESSAGE][PASSED] - Object 'Object Repository/OOBObjects/ApprovedIdeasListObjects/PriorityColumnInApprovedIdeasList' is present

2019-05-19 11:31:57 - [MESSAGE][WARNING] - Timeout '0' is invalid. Using default page load timeout: '30'

2019-05-19 11:31:57 - [MESSAGE][PASSED] - Object 'Object Repository/OOBObjects/ApprovedIdeasListObjects/ActionsColumnInApprovedIdeasList' is present

2019-05-19 11:31:57 - [MESSAGE][WARNING] - Timeout '0' is invalid. Using default page load timeout: '30'

2019-05-19 11:31:57 - [MESSAGE][PASSED] - Object 'Object Repository/OOBObjects/ApprovedIdeasListObjects/SearchSectionInApprovedIdeasList' is present

2019-05-19 11:31:57 - [MESSAGE][WARNING] - Timeout '0' is invalid. Using default page load timeout: '30'

2019-05-19 11:31:57 - [MESSAGE][PASSED] - Object 'Object Repository/OOBObjects/ApprovedIdeasListObjects/ExcuteButton' is present

2019-05-19 11:31:57 - [MESSAGE][PASSED] - Object 'Object Repository/OOBObjects/ApprovedIdeasListObjects/IdeaNameLinkInApprovedIdeasList' is clickable

2019-05-19 11:31:57 - [MESSAGE][PASSED] - I want to verify Approved Ideas List page

2019-05-19 11:31:57 - [TEST_STEP][PASSED] - I want to close browser: I want to close browser

2019-05-19 11:31:58 - [MESSAGE][PASSED] - Browser is closed

2019-05-19 11:31:58 - [MESSAGE][PASSED] - I want to close browser

2019-05-19 11:31:58 - [MESSAGE][PASSED] - Feature file: 'Include/features/Governance-Module/Add-Idea/028-Cancel-Execution-Idea.feature' was passed]]></system-out>
         <system-err><![CDATA[]]></system-err>
      </testcase>
      <testcase name="Test Cases/Add-Idea-Test-Cases/029-Verify-Related-Project-Link" classname="Test Cases/Add-Idea-Test-Cases/029-Verify-Related-Project-Link" status="FAILED">
         <failure type="FAILED" message="Test Cases/Add-Idea-Test-Cases/029-Verify-Related-Project-Link FAILED.
Reason:
com.kms.katalon.core.exception.StepFailedException: Feature file 'Include/features/Governance-Module/Add-Idea/029-Verify-Related-Project-Link.feature' was failed
	at com.kms.katalon.core.keyword.internal.KeywordMain.stepFailed(KeywordMain.groovy:48)
	at com.kms.katalon.core.keyword.internal.KeywordMain.stepFailed(KeywordMain.groovy)
	at com.kms.katalon.core.keyword.internal.KeywordMain.stepFailed(KeywordMain.groovy:21)
	at com.kms.katalon.core.keyword.internal.KeywordMain$stepFailed$0.call(Unknown Source)
	at com.kms.katalon.core.cucumber.keyword.CucumberBuiltinKeywords$_runFeatureFile_closure1.doCall(CucumberBuiltinKeywords.groovy:82)
	at com.kms.katalon.core.cucumber.keyword.CucumberBuiltinKeywords$_runFeatureFile_closure1.doCall(CucumberBuiltinKeywords.groovy)
	at com.kms.katalon.core.keyword.internal.KeywordMain.runKeyword(KeywordMain.groovy:66)
	at com.kms.katalon.core.keyword.internal.KeywordMain$runKeyword.call(Unknown Source)
	at com.kms.katalon.core.cucumber.keyword.CucumberBuiltinKeywords.runFeatureFile(CucumberBuiltinKeywords.groovy:46)
	at com.kms.katalon.core.cucumber.keyword.CucumberBuiltinKeywords$runFeatureFile$0.callStatic(Unknown Source)
	at com.kms.katalon.core.cucumber.keyword.CucumberBuiltinKeywords.runFeatureFile(CucumberBuiltinKeywords.groovy:101)
	at com.kms.katalon.core.cucumber.keyword.CucumberBuiltinKeywords$runFeatureFile.call(Unknown Source)
	at 029-Verify-Related-Project-Link.run(029-Verify-Related-Project-Link:16)
	at com.kms.katalon.core.main.ScriptEngine.run(ScriptEngine.java:194)
	at com.kms.katalon.core.main.ScriptEngine.runScriptAsRawText(ScriptEngine.java:119)
	at com.kms.katalon.core.main.TestCaseExecutor.runScript(TestCaseExecutor.java:331)
	at com.kms.katalon.core.main.TestCaseExecutor.doExecute(TestCaseExecutor.java:322)
	at com.kms.katalon.core.main.TestCaseExecutor.processExecutionPhase(TestCaseExecutor.java:301)
	at com.kms.katalon.core.main.TestCaseExecutor.accessMainPhase(TestCaseExecutor.java:293)
	at com.kms.katalon.core.main.TestCaseExecutor.execute(TestCaseExecutor.java:227)
	at com.kms.katalon.core.main.TestSuiteExecutor.accessTestCaseMainPhase(TestSuiteExecutor.java:129)
	at com.kms.katalon.core.main.TestSuiteExecutor.accessTestSuiteMainPhase(TestSuiteExecutor.java:112)
	at com.kms.katalon.core.main.TestSuiteExecutor.execute(TestSuiteExecutor.java:81)
	at com.kms.katalon.core.main.TestCaseMain.startTestSuite(TestCaseMain.java:157)
	at com.kms.katalon.core.main.TestCaseMain$startTestSuite$0.call(Unknown Source)
	at TempTestSuite1558253547685.run(TempTestSuite1558253547685.groovy:35)
"/>
         <system-out><![CDATA[2019-05-19 11:31:58 - [TEST_CASE][FAILED] - Test Cases/Add-Idea-Test-Cases/029-Verify-Related-Project-Link: Test Cases/Add-Idea-Test-Cases/029-Verify-Related-Project-Link FAILED.
Reason:
com.kms.katalon.core.exception.StepFailedException: Feature file 'Include/features/Governance-Module/Add-Idea/029-Verify-Related-Project-Link.feature' was failed
	at com.kms.katalon.core.keyword.internal.KeywordMain.stepFailed(KeywordMain.groovy:48)
	at com.kms.katalon.core.keyword.internal.KeywordMain.stepFailed(KeywordMain.groovy)
	at com.kms.katalon.core.keyword.internal.KeywordMain.stepFailed(KeywordMain.groovy:21)
	at com.kms.katalon.core.keyword.internal.KeywordMain$stepFailed$0.call(Unknown Source)
	at com.kms.katalon.core.cucumber.keyword.CucumberBuiltinKeywords$_runFeatureFile_closure1.doCall(CucumberBuiltinKeywords.groovy:82)
	at com.kms.katalon.core.cucumber.keyword.CucumberBuiltinKeywords$_runFeatureFile_closure1.doCall(CucumberBuiltinKeywords.groovy)
	at com.kms.katalon.core.keyword.internal.KeywordMain.runKeyword(KeywordMain.groovy:66)
	at com.kms.katalon.core.keyword.internal.KeywordMain$runKeyword.call(Unknown Source)
	at com.kms.katalon.core.cucumber.keyword.CucumberBuiltinKeywords.runFeatureFile(CucumberBuiltinKeywords.groovy:46)
	at com.kms.katalon.core.cucumber.keyword.CucumberBuiltinKeywords$runFeatureFile$0.callStatic(Unknown Source)
	at com.kms.katalon.core.cucumber.keyword.CucumberBuiltinKeywords.runFeatureFile(CucumberBuiltinKeywords.groovy:101)
	at com.kms.katalon.core.cucumber.keyword.CucumberBuiltinKeywords$runFeatureFile.call(Unknown Source)
	at 029-Verify-Related-Project-Link.run(029-Verify-Related-Project-Link:16)
	at com.kms.katalon.core.main.ScriptEngine.run(ScriptEngine.java:194)
	at com.kms.katalon.core.main.ScriptEngine.runScriptAsRawText(ScriptEngine.java:119)
	at com.kms.katalon.core.main.TestCaseExecutor.runScript(TestCaseExecutor.java:331)
	at com.kms.katalon.core.main.TestCaseExecutor.doExecute(TestCaseExecutor.java:322)
	at com.kms.katalon.core.main.TestCaseExecutor.processExecutionPhase(TestCaseExecutor.java:301)
	at com.kms.katalon.core.main.TestCaseExecutor.accessMainPhase(TestCaseExecutor.java:293)
	at com.kms.katalon.core.main.TestCaseExecutor.execute(TestCaseExecutor.java:227)
	at com.kms.katalon.core.main.TestSuiteExecutor.accessTestCaseMainPhase(TestSuiteExecutor.java:129)
	at com.kms.katalon.core.main.TestSuiteExecutor.accessTestSuiteMainPhase(TestSuiteExecutor.java:112)
	at com.kms.katalon.core.main.TestSuiteExecutor.execute(TestSuiteExecutor.java:81)
	at com.kms.katalon.core.main.TestCaseMain.startTestSuite(TestCaseMain.java:157)
	at com.kms.katalon.core.main.TestCaseMain$startTestSuite$0.call(Unknown Source)
	at TempTestSuite1558253547685.run(TempTestSuite1558253547685.groovy:35)


2019-05-19 11:31:58 - [TEST_STEP][FAILED] - runFeatureFile("Include/features/Governance-Module/Add-Idea/029-Verify-Related-Project-Link.feature"): runFeatureFile("Include/features/Governance-Module/Add-Idea/029-Verify-Related-Project-Link.feature") FAILED.
Reason:
com.kms.katalon.core.exception.StepFailedException: Feature file 'Include/features/Governance-Module/Add-Idea/029-Verify-Related-Project-Link.feature' was failed
	at com.kms.katalon.core.keyword.internal.KeywordMain.stepFailed(KeywordMain.groovy:48)
	at com.kms.katalon.core.keyword.internal.KeywordMain.stepFailed(KeywordMain.groovy)
	at com.kms.katalon.core.keyword.internal.KeywordMain.stepFailed(KeywordMain.groovy:21)
	at com.kms.katalon.core.keyword.internal.KeywordMain$stepFailed$0.call(Unknown Source)
	at com.kms.katalon.core.cucumber.keyword.CucumberBuiltinKeywords$_runFeatureFile_closure1.doCall(CucumberBuiltinKeywords.groovy:82)
	at com.kms.katalon.core.cucumber.keyword.CucumberBuiltinKeywords$_runFeatureFile_closure1.doCall(CucumberBuiltinKeywords.groovy)
	at com.kms.katalon.core.keyword.internal.KeywordMain.runKeyword(KeywordMain.groovy:66)
	at com.kms.katalon.core.keyword.internal.KeywordMain$runKeyword.call(Unknown Source)
	at com.kms.katalon.core.cucumber.keyword.CucumberBuiltinKeywords.runFeatureFile(CucumberBuiltinKeywords.groovy:46)
	at com.kms.katalon.core.cucumber.keyword.CucumberBuiltinKeywords$runFeatureFile$0.callStatic(Unknown Source)
	at com.kms.katalon.core.cucumber.keyword.CucumberBuiltinKeywords.runFeatureFile(CucumberBuiltinKeywords.groovy:101)
	at com.kms.katalon.core.cucumber.keyword.CucumberBuiltinKeywords$runFeatureFile.call(Unknown Source)
	at 029-Verify-Related-Project-Link.run(029-Verify-Related-Project-Link:16)
	at com.kms.katalon.core.main.ScriptEngine.run(ScriptEngine.java:194)
	at com.kms.katalon.core.main.ScriptEngine.runScriptAsRawText(ScriptEngine.java:119)
	at com.kms.katalon.core.main.TestCaseExecutor.runScript(TestCaseExecutor.java:331)
	at com.kms.katalon.core.main.TestCaseExecutor.doExecute(TestCaseExecutor.java:322)
	at com.kms.katalon.core.main.TestCaseExecutor.processExecutionPhase(TestCaseExecutor.java:301)
	at com.kms.katalon.core.main.TestCaseExecutor.accessMainPhase(TestCaseExecutor.java:293)
	at com.kms.katalon.core.main.TestCaseExecutor.execute(TestCaseExecutor.java:227)
	at com.kms.katalon.core.main.TestSuiteExecutor.accessTestCaseMainPhase(TestSuiteExecutor.java:129)
	at com.kms.katalon.core.main.TestSuiteExecutor.accessTestSuiteMainPhase(TestSuiteExecutor.java:112)
	at com.kms.katalon.core.main.TestSuiteExecutor.execute(TestSuiteExecutor.java:81)
	at com.kms.katalon.core.main.TestCaseMain.startTestSuite(TestCaseMain.java:157)
	at com.kms.katalon.core.main.TestCaseMain$startTestSuite$0.call(Unknown Source)
	at TempTestSuite1558253547685.run(TempTestSuite1558253547685.groovy:35)


2019-05-19 11:31:58 - [MESSAGE][INFO] - Starting run keyword runFeatureFile: 'Include/features/Governance-Module/Add-Idea/029-Verify-Related-Project-Link.feature' and extract report to folder: 'C:\Users\HP\git\PMO-Web-Application\Reports\First-Test-Suite\20190519_111227/cucumber_report/1558254718502'...

2019-05-19 11:31:58 - [TEST_CASE][PASSED] - Start Test Case : SCENARIO Verify related project link for executed idea: SCENARIO Verify related project link for executed idea

2019-05-19 11:31:58 - [TEST_STEP][PASSED] - I want to open browser: I want to open browser

2019-05-19 11:31:58 - [MESSAGE][INFO] - Starting 'Chrome' driver

2019-05-19 11:32:00 - [MESSAGE][PASSED] - Browser is opened with url: ''

2019-05-19 11:32:00 - [MESSAGE][PASSED] - Delete all cookies successfully

2019-05-19 11:32:00 - [MESSAGE][PASSED] - I want to open browser

2019-05-19 11:32:00 - [TEST_STEP][PASSED] - I want to maximize window: I want to maximize window

2019-05-19 11:32:02 - [MESSAGE][PASSED] - Current window maximized

2019-05-19 11:32:02 - [MESSAGE][PASSED] - I want to maximize window

2019-05-19 11:32:02 - [TEST_STEP][PASSED] - I want to go to OOB: I want to go to OOB

2019-05-19 11:32:03 - [MESSAGE][PASSED] - Navigate to 'https://pmoadmin:P@ssw0rd@dev5.cloudapp.net/OOB2/' successfully

2019-05-19 11:32:03 - [MESSAGE][PASSED] - I want to go to OOB

2019-05-19 11:32:03 - [TEST_STEP][PASSED] - I want to verify I'm in OOB main page: I want to verify I'm in OOB main page

2019-05-19 11:32:03 - [MESSAGE][WARNING] - Timeout '0' is invalid. Using default page load timeout: '30'

2019-05-19 11:32:12 - [MESSAGE][PASSED] - Object 'Object Repository/OOBObjects/HomepageObjects/OOBSideBar' is present

2019-05-19 11:32:12 - [MESSAGE][PASSED] - I want to verify I'm in OOB main page

2019-05-19 11:32:12 - [TEST_STEP][PASSED] - I want to go to ideas list page: I want to go to ideas list page

2019-05-19 11:32:15 - [MESSAGE][PASSED] - Object: 'Object Repository/OOBObjects/HomepageObjects/IdeasList' is clicked on

2019-05-19 11:32:15 - [MESSAGE][PASSED] - I want to go to ideas list page

2019-05-19 11:32:15 - [TEST_STEP][PASSED] - I want to click on Add New button: I want to click on Add New button

2019-05-19 11:32:16 - [MESSAGE][PASSED] - Object: 'Object Repository/OOBObjects/IdeasListObjects/AddNewIdeaButton' is clicked on

2019-05-19 11:32:16 - [MESSAGE][PASSED] - I want to click on Add New button

2019-05-19 11:32:16 - [TEST_STEP][PASSED] - I want to fill idea name field: I want to fill idea name field

2019-05-19 11:32:17 - [MESSAGE][PASSED] - Text 'Automation6350' is set on object 'Object Repository/OOBObjects/IdeasListObjects/Idea-Name-Field'

2019-05-19 11:32:17 - [MESSAGE][PASSED] - I want to fill idea name field

2019-05-19 11:32:17 - [TEST_STEP][PASSED] - I want to select expected start date: I want to select expected start date

2019-05-19 11:32:17 - [MESSAGE][PASSED] - Object: 'Object Repository/OOBObjects/IdeasListObjects//GREGORIAN-Start-date-Check-Box' is clicked on

2019-05-19 11:32:17 - [MESSAGE][PASSED] - Object: 'Object Repository/OOBObjects/IdeasListObjects//Excepted-Start-Date' is clicked on

2019-05-19 11:32:17 - [MESSAGE][PASSED] - All options with index in [5] are selected on object 'Object Repository/OOBObjects/IdeasListObjects/StartDateMonthDropDwon'

2019-05-19 11:32:17 - [MESSAGE][PASSED] - Object: 'Object Repository/OOBObjects/IdeasListObjects//Day26' is hovered

2019-05-19 11:32:17 - [MESSAGE][PASSED] - Object: 'Object Repository/OOBObjects/IdeasListObjects//Day26' is clicked on

2019-05-19 11:32:17 - [MESSAGE][PASSED] - I want to select expected start date

2019-05-19 11:32:17 - [TEST_STEP][PASSED] - I want to select expected end date: I want to select expected end date

2019-05-19 11:32:17 - [MESSAGE][PASSED] - Object 'Object Repository/OOBObjects/IdeasListObjects/GREGORIAN-End-Date-Check-Box' is visible

2019-05-19 11:32:17 - [MESSAGE][PASSED] - Object: 'Object Repository/OOBObjects/IdeasListObjects/GREGORIAN-End-Date-Check-Box' is clicked on

2019-05-19 11:32:19 - [MESSAGE][PASSED] - Delayed 2 second(s)

2019-05-19 11:32:19 - [MESSAGE][PASSED] - Object: 'Object Repository/OOBObjects/IdeasListObjects/Excpected-End-Date' is hovered

2019-05-19 11:32:19 - [MESSAGE][PASSED] - Object: 'Object Repository/OOBObjects/IdeasListObjects/Excpected-End-Date' is clicked on

2019-05-19 11:32:19 - [MESSAGE][PASSED] - All options with index in [6] are selected on object 'Object Repository/OOBObjects/IdeasListObjects/EndDateMonthDropdown'

2019-05-19 11:32:19 - [MESSAGE][PASSED] - Object: 'Object Repository/OOBObjects/IdeasListObjects/EndDateDay15' is hovered

2019-05-19 11:32:19 - [MESSAGE][PASSED] - Object: 'Object Repository/OOBObjects/IdeasListObjects/EndDateDay15' is clicked on

2019-05-19 11:32:19 - [MESSAGE][PASSED] - I want to select expected end date

2019-05-19 11:32:19 - [TEST_STEP][PASSED] - I want to fill idea objective field: I want to fill idea objective field

2019-05-19 11:32:20 - [MESSAGE][PASSED] - Text 'Automation' is set on object 'Object Repository/OOBObjects/IdeasListObjects/Idea-Objective-Field'

2019-05-19 11:32:20 - [MESSAGE][PASSED] - I want to fill idea objective field

2019-05-19 11:32:20 - [TEST_STEP][PASSED] - I want to fill expected budget field: I want to fill expected budget field

2019-05-19 11:32:20 - [MESSAGE][PASSED] - Text '10000' is set on object 'Object Repository/OOBObjects/IdeasListObjects/Expected-Budget-Field'

2019-05-19 11:32:20 - [MESSAGE][PASSED] - I want to fill expected budget field

2019-05-19 11:32:20 - [TEST_STEP][PASSED] - I want to fill Notes field: I want to fill Notes field

2019-05-19 11:32:20 - [MESSAGE][PASSED] - Text 'test note' is set on object 'Object Repository/OOBObjects/IdeasListObjects/Notes-Field'

2019-05-19 11:32:20 - [MESSAGE][PASSED] - I want to fill Notes field

2019-05-19 11:32:20 - [TEST_STEP][PASSED] - I want to click send idea button: I want to click send idea button

2019-05-19 11:32:25 - [MESSAGE][PASSED] - Delayed 5 second(s)

2019-05-19 11:32:25 - [MESSAGE][WARNING] - Timeout '0' is invalid. Using default page load timeout: '30'

2019-05-19 11:32:25 - [MESSAGE][PASSED] - Scroll to object 'Object Repository/OOBObjects/IdeasListObjects/CardBlock' successfully

2019-05-19 11:32:25 - [MESSAGE][PASSED] - Object: 'Object Repository/OOBObjects/IdeasListObjects/SendIdeaButton' is clicked on

2019-05-19 11:32:25 - [MESSAGE][PASSED] - I want to click send idea button

2019-05-19 11:32:25 - [TEST_STEP][PASSED] - I want to verify idea added successfuly: I want to verify idea added successfuly

2019-05-19 11:32:25 - [MESSAGE][WARNING] - Timeout '0' is invalid. Using default page load timeout: '30'

2019-05-19 11:32:25 - [MESSAGE][PASSED] - Wait for page load successfully

2019-05-19 11:32:27 - [MESSAGE][PASSED] - Text 'Automation6350' is set on object 'Object Repository/OOBObjects/IdeasListObjects/SearchField'

2019-05-19 11:32:28 - [MESSAGE][PASSED] - Actual text and expected text of test object 'Object Repository/OOBObjects/IdeasListObjects/SearchResult' are matched.

2019-05-19 11:32:28 - [MESSAGE][PASSED] - I want to verify idea added successfuly

2019-05-19 11:32:28 - [TEST_STEP][PASSED] - I want to approve idea: I want to approve idea

2019-05-19 11:32:42 - [MESSAGE][PASSED] - Object: 'Object Repository/OOBObjects/HomepageObjects/InboxIcon' is clicked on

2019-05-19 11:32:42 - [MESSAGE][PASSED] - Object: 'Object Repository/OOBObjects/InboxPageObjects/BeforeInitiatePhase' is clicked on

2019-05-19 11:32:44 - [MESSAGE][PASSED] - Object: 'Object Repository/OOBObjects/InboxPageObjects/FirstIdea' is clicked on

2019-05-19 11:32:44 - [MESSAGE][PASSED] - Object: 'Object Repository/OOBObjects/InboxPageObjects/ApproveIdeaButton' is clicked on

2019-05-19 11:32:57 - [MESSAGE][PASSED] - Object: 'Object Repository/OOBObjects/InboxPageObjects/BeforeInitiatePhase' is clicked on

2019-05-19 11:32:59 - [MESSAGE][PASSED] - Object: 'Object Repository/OOBObjects/InboxPageObjects/FirstIdea' is clicked on

2019-05-19 11:32:59 - [MESSAGE][WARNING] - Timeout '0' is invalid. Using default page load timeout: '30'

2019-05-19 11:32:59 - [MESSAGE][PASSED] - Scroll to object 'Object Repository/OOBObjects/InboxPageObjects/AddNewAttachmentButtonApproveIdea' successfully

2019-05-19 11:32:59 - [MESSAGE][PASSED] - Object: 'Object Repository/OOBObjects/InboxPageObjects/AddNewAttachmentButtonApproveIdea' is clicked on

2019-05-19 11:32:59 - [MESSAGE][PASSED] - File 'C:\Users\HP\Desktop\SK.png' sent to object: 'Object Repository/OOBObjects/InboxPageObjects/UploadFileApproveIdea'

2019-05-19 11:32:59 - [MESSAGE][WARNING] - Timeout '0' is invalid. Using default page load timeout: '30'

2019-05-19 11:33:00 - [MESSAGE][PASSED] - Object 'Object Repository/OOBObjects/InboxPageObjects/AttachedFileApprovedIdea' is present

2019-05-19 11:33:00 - [MESSAGE][PASSED] - Object: 'Object Repository/OOBObjects/InboxPageObjects/LoadButtonApproveIdea' is clicked on

2019-05-19 11:33:00 - [MESSAGE][PASSED] - Object 'Object Repository/OOBObjects/InboxPageObjects/SendAproveIdeaSecondPhase' is clickable

2019-05-19 11:33:00 - [MESSAGE][PASSED] - Object: 'Object Repository/OOBObjects/InboxPageObjects/SendAproveIdeaSecondPhase' is hovered

2019-05-19 11:33:05 - [MESSAGE][PASSED] - Delayed 5 second(s)

2019-05-19 11:33:05 - [MESSAGE][PASSED] - Object: 'Object Repository/OOBObjects/InboxPageObjects/SendAproveIdeaSecondPhase' is clicked on

2019-05-19 11:33:17 - [MESSAGE][PASSED] - Object: 'Object Repository/OOBObjects/InboxPageObjects/BeforeInitiatePhase' is clicked on

2019-05-19 11:33:19 - [MESSAGE][PASSED] - Object: 'Object Repository/OOBObjects/InboxPageObjects/FirstIdea' is clicked on

2019-05-19 11:33:19 - [MESSAGE][PASSED] - Object: 'Object Repository/OOBObjects/InboxPageObjects/StrategicObjectiveCheckBox' is clicked on

2019-05-19 11:33:19 - [MESSAGE][PASSED] - All options with index in [1] are selected on object 'Object Repository/OOBObjects/InboxPageObjects/ddlInitiativesDropdwon'

2019-05-19 11:33:19 - [MESSAGE][PASSED] - Object: 'Object Repository/OOBObjects/InboxPageObjects/SendApproveIdeaThirdPhase' is clicked on

2019-05-19 11:33:32 - [MESSAGE][PASSED] - Object: 'Object Repository/OOBObjects/InboxPageObjects/BeforeInitiatePhase' is clicked on

2019-05-19 11:33:34 - [MESSAGE][PASSED] - Object: 'Object Repository/OOBObjects/InboxPageObjects/FirstIdea' is clicked on

2019-05-19 11:33:34 - [MESSAGE][PASSED] - All options with index in [1] are selected on object 'Object Repository/OOBObjects/InboxPageObjects/WalletDropdownApproveIdea'

2019-05-19 11:33:34 - [MESSAGE][PASSED] - All options with index in [1] are selected on object 'Object Repository/OOBObjects/InboxPageObjects/ProgramDropdownApproveIdea'

2019-05-19 11:33:34 - [MESSAGE][PASSED] - All options with index in [1] are selected on object 'Object Repository/OOBObjects/InboxPageObjects/OwnerDropdownApproveIdea'

2019-05-19 11:33:35 - [MESSAGE][PASSED] - Object: 'Object Repository/OOBObjects/InboxPageObjects/SendApproveIdeaFourthPhase' is clicked on

2019-05-19 11:33:48 - [MESSAGE][PASSED] - Object: 'Object Repository/OOBObjects/InboxPageObjects/BeforeInitiatePhase' is clicked on

2019-05-19 11:33:50 - [MESSAGE][PASSED] - Object: 'Object Repository/OOBObjects/InboxPageObjects/FirstIdea' is clicked on

2019-05-19 11:33:50 - [MESSAGE][PASSED] - Object: 'Object Repository/OOBObjects/InboxPageObjects/ApproveButtonFivthPhase' is clicked on

2019-05-19 11:34:02 - [MESSAGE][PASSED] - Object: 'Object Repository/OOBObjects/InboxPageObjects/BeforeInitiatePhase' is clicked on

2019-05-19 11:34:04 - [MESSAGE][PASSED] - Object: 'Object Repository/OOBObjects/InboxPageObjects/FirstIdea' is clicked on

2019-05-19 11:34:04 - [MESSAGE][PASSED] - Object: 'Object Repository/OOBObjects/InboxPageObjects/GeorgianCheckBoxApproveIdea' is clicked on

2019-05-19 11:34:04 - [MESSAGE][PASSED] - Object: 'Object Repository/OOBObjects/InboxPageObjects/ExceptedExecutionDateApproveIdea' is clicked on

2019-05-19 11:34:04 - [MESSAGE][PASSED] - All options with index in [3] are selected on object 'Object Repository/OOBObjects/InboxPageObjects/MonthsDropdownApproveIdea'

2019-05-19 11:34:04 - [MESSAGE][PASSED] - Object: 'Object Repository/OOBObjects/InboxPageObjects/Day30ApproveIdeaExcutionDate' is hovered

2019-05-19 11:34:04 - [MESSAGE][PASSED] - Object: 'Object Repository/OOBObjects/InboxPageObjects/Day30ApproveIdeaExcutionDate' is clicked on

2019-05-19 11:34:04 - [MESSAGE][PASSED] - All options with index in [1] are selected on object 'Object Repository/OOBObjects/InboxPageObjects/PriorityDropdownApproveIdea'

2019-05-19 11:34:04 - [MESSAGE][PASSED] - Object: 'Object Repository/OOBObjects/InboxPageObjects/SubmitButtonApproveIdae' is clicked on

2019-05-19 11:34:04 - [MESSAGE][PASSED] - I want to approve idea

2019-05-19 11:34:04 - [TEST_STEP][PASSED] - I want to go to OOB: I want to go to OOB

2019-05-19 11:34:18 - [MESSAGE][PASSED] - Navigate to 'https://pmoadmin:P@ssw0rd@dev5.cloudapp.net/OOB2/' successfully

2019-05-19 11:34:18 - [MESSAGE][PASSED] - I want to go to OOB

2019-05-19 11:34:18 - [TEST_STEP][PASSED] - I want to go to approved ideas list page: I want to go to approved ideas list page

2019-05-19 11:34:26 - [MESSAGE][PASSED] - Object: 'Object Repository/OOBObjects/HomepageObjects/ApprovedIdeasList' is clicked on

2019-05-19 11:34:26 - [MESSAGE][PASSED] - I want to go to approved ideas list page

2019-05-19 11:34:26 - [TEST_STEP][PASSED] - I want to search for approved idea by name: I want to search for approved idea by name

2019-05-19 11:34:26 - [MESSAGE][PASSED] - Text 'Automation6350' is set on object 'Object Repository/OOBObjects/ApprovedIdeasListObjects/ApprovedIdeasSearchField'

2019-05-19 11:34:26 - [MESSAGE][PASSED] - Actual text and expected text of test object 'Object Repository/OOBObjects/ApprovedIdeasListObjects/IdeaNameLinkInApprovedIdeasList' are matched.

2019-05-19 11:34:26 - [MESSAGE][PASSED] - I want to search for approved idea by name

2019-05-19 11:34:26 - [TEST_STEP][PASSED] - I want to click Excute button: I want to click Excute button

2019-05-19 11:34:28 - [MESSAGE][PASSED] - Object: 'Object Repository/OOBObjects/ApprovedIdeasListObjects/ExcuteButton' is clicked on

2019-05-19 11:34:28 - [MESSAGE][PASSED] - I want to click Excute button

2019-05-19 11:34:28 - [TEST_STEP][PASSED] - I want to verify im in add new project page: I want to verify im in add new project page

2019-05-19 11:34:28 - [MESSAGE][WARNING] - Timeout '0' is invalid. Using default page load timeout: '30'

2019-05-19 11:34:28 - [MESSAGE][PASSED] - Object 'Object Repository/OOBObjects/ApprovedIdeasListObjects/AddNewProjectLabel' is present

2019-05-19 11:34:28 - [MESSAGE][PASSED] - I want to verify im in add new project page

2019-05-19 11:34:28 - [TEST_STEP][PASSED] - I want to select project type: I want to select project type

2019-05-19 11:34:28 - [MESSAGE][PASSED] - All options with index in [1] are selected on object 'Object Repository/OOBObjects/ProjectsListObjects/ProjectTypeDropDwon'

2019-05-19 11:34:28 - [MESSAGE][PASSED] - I want to select project type

2019-05-19 11:34:28 - [TEST_STEP][PASSED] - I want to fill project manager field: I want to fill project manager field

2019-05-19 11:34:28 - [MESSAGE][WARNING] - Timeout '0' is invalid. Using default page load timeout: '30'

2019-05-19 11:34:28 - [MESSAGE][PASSED] - Scroll to object 'Object Repository/OOBObjects/ProjectsListObjects/Duration' successfully

2019-05-19 11:34:28 - [MESSAGE][PASSED] - Text 'النظام' is set on object 'Object Repository/OOBObjects/ProjectsListObjects/ProjectMangerField'

2019-05-19 11:34:28 - [MESSAGE][PASSED] - I want to fill project manager field

2019-05-19 11:34:28 - [TEST_STEP][PASSED] - I want to tap enter key on manager field: I want to tap enter key on manager field

2019-05-19 11:34:28 - [MESSAGE][PASSED] - Keys 'ENTER + ' sent to object: 'Object Repository/OOBObjects/ProjectsListObjects/ProjectMangerField'

2019-05-19 11:34:28 - [MESSAGE][PASSED] - I want to tap enter key on manager field

2019-05-19 11:34:28 - [TEST_STEP][PASSED] - I want to fill project owner field: I want to fill project owner field

2019-05-19 11:34:28 - [MESSAGE][PASSED] - Text 'النظام' is set on object 'Object Repository/OOBObjects/ProjectsListObjects/ProjectOwnerField'

2019-05-19 11:34:28 - [MESSAGE][PASSED] - I want to fill project owner field

2019-05-19 11:34:28 - [TEST_STEP][PASSED] - I want to tap enter key on owner field: I want to tap enter key on owner field

2019-05-19 11:34:28 - [MESSAGE][PASSED] - Keys 'ENTER + ' sent to object: 'Object Repository/OOBObjects/ProjectsListObjects/ProjectOwnerField'

2019-05-19 11:34:28 - [MESSAGE][PASSED] - I want to tap enter key on owner field

2019-05-19 11:34:28 - [TEST_STEP][PASSED] - I want to fill project sponser field: I want to fill project sponser field

2019-05-19 11:34:28 - [MESSAGE][PASSED] - Text 'النظام' is set on object 'Object Repository/OOBObjects/ProjectsListObjects/ProjectSponsorField'

2019-05-19 11:34:28 - [MESSAGE][PASSED] - I want to fill project sponser field

2019-05-19 11:34:28 - [TEST_STEP][PASSED] - I want to tap enter key on sponser field: I want to tap enter key on sponser field

2019-05-19 11:34:29 - [MESSAGE][PASSED] - Keys 'ENTER + ' sent to object: 'Object Repository/OOBObjects/ProjectsListObjects/ProjectSponsorField'

2019-05-19 11:34:29 - [MESSAGE][PASSED] - I want to tap enter key on sponser field

2019-05-19 11:34:29 - [TEST_STEP][PASSED] - I want to fill project description field: I want to fill project description field

2019-05-19 11:34:29 - [MESSAGE][PASSED] - Text 'test description' is set on object 'Object Repository/OOBObjects/ProjectsListObjects/ProjectDescriptionField'

2019-05-19 11:34:29 - [MESSAGE][PASSED] - I want to fill project description field

2019-05-19 11:34:29 - [TEST_STEP][PASSED] - I want to fill project notes field: I want to fill project notes field

2019-05-19 11:34:29 - [MESSAGE][PASSED] - Text 'test notes' is set on object 'Object Repository/OOBObjects/ProjectsListObjects/ProjectNotesField'

2019-05-19 11:34:29 - [MESSAGE][PASSED] - I want to fill project notes field

2019-05-19 11:34:29 - [TEST_STEP][PASSED] - I want to wait: I want to wait

2019-05-19 11:34:32 - [MESSAGE][PASSED] - Delayed 3 second(s)

2019-05-19 11:34:32 - [MESSAGE][PASSED] - I want to wait

2019-05-19 11:34:32 - [TEST_STEP][PASSED] - I want to click on send project button: I want to click on send project button

2019-05-19 11:34:37 - [MESSAGE][PASSED] - Delayed 5 second(s)

2019-05-19 11:34:37 - [MESSAGE][PASSED] - Wait for page load successfully

2019-05-19 11:34:37 - [MESSAGE][PASSED] - Object: 'Object Repository/OOBObjects/ProjectsListObjects/SendProjectButton' is clicked on

2019-05-19 11:34:37 - [MESSAGE][PASSED] - I want to click on send project button

2019-05-19 11:34:37 - [TEST_STEP][PASSED] - I want to wait for page load: I want to wait for page load

2019-05-19 11:34:37 - [MESSAGE][PASSED] - Wait for page load successfully

2019-05-19 11:34:37 - [MESSAGE][PASSED] - I want to wait for page load

2019-05-19 11:34:37 - [TEST_STEP][PASSED] - I want to check im in projects list page: I want to check im in projects list page

2019-05-19 11:35:22 - [MESSAGE][PASSED] - Delayed 45 second(s)

2019-05-19 11:35:28 - [MESSAGE][PASSED] - Object 'Object Repository/OOBObjects/ProjectsListObjects/ProjectsListTitle' is present

2019-05-19 11:35:28 - [MESSAGE][WARNING] - Timeout '0' is invalid. Using default page load timeout: '30'

2019-05-19 11:35:28 - [MESSAGE][PASSED] - Object 'Object Repository/OOBObjects/ProjectsListObjects/ProjectsListTitle' is present

2019-05-19 11:35:28 - [MESSAGE][PASSED] - I want to check im in projects list page

2019-05-19 11:35:28 - [TEST_STEP][NOT_RUN] - I want to search for project by name: I want to search for project by name

2019-05-19 11:35:28 - [MESSAGE][NOT_RUN] - I want to search for project by name

2019-05-19 11:35:28 - [TEST_STEP][NOT_RUN] - I want to go to approved ideas list page: I want to go to approved ideas list page

2019-05-19 11:35:28 - [MESSAGE][NOT_RUN] - I want to go to approved ideas list page

2019-05-19 11:35:28 - [TEST_STEP][NOT_RUN] - I want to search for approved idea by name: I want to search for approved idea by name

2019-05-19 11:35:28 - [MESSAGE][NOT_RUN] - I want to search for approved idea by name

2019-05-19 11:35:28 - [TEST_STEP][NOT_RUN] - I want to click on related project link: I want to click on related project link

2019-05-19 11:35:28 - [MESSAGE][NOT_RUN] - I want to click on related project link

2019-05-19 11:35:28 - [TEST_STEP][NOT_RUN] - I want to verify Project Charter page: I want to verify Project Charter page

2019-05-19 11:35:28 - [MESSAGE][NOT_RUN] - I want to verify Project Charter page

2019-05-19 11:35:28 - [TEST_STEP][NOT_RUN] - I want to close browser: I want to close browser

2019-05-19 11:35:28 - [MESSAGE][NOT_RUN] - I want to close browser

2019-05-19 11:35:29 - [MESSAGE][FAILED] - Feature file 'Include/features/Governance-Module/Add-Idea/029-Verify-Related-Project-Link.feature' was failed

2019-05-19 11:35:29 - [MESSAGE][FAILED] - Keyword runFeatureFile was failed (Root cause: com.kms.katalon.core.exception.StepFailedException: Feature file 'Include/features/Governance-Module/Add-Idea/029-Verify-Related-Project-Link.feature' was failed
	at com.kms.katalon.core.keyword.internal.KeywordMain.stepFailed(KeywordMain.groovy:48)
	at com.kms.katalon.core.keyword.internal.KeywordMain.stepFailed(KeywordMain.groovy)
	at com.kms.katalon.core.keyword.internal.KeywordMain.stepFailed(KeywordMain.groovy:21)
	at com.kms.katalon.core.keyword.internal.KeywordMain$stepFailed$0.call(Unknown Source)
	at com.kms.katalon.core.cucumber.keyword.CucumberBuiltinKeywords$_runFeatureFile_closure1.doCall(CucumberBuiltinKeywords.groovy:82)
	at com.kms.katalon.core.cucumber.keyword.CucumberBuiltinKeywords$_runFeatureFile_closure1.doCall(CucumberBuiltinKeywords.groovy)
	at com.kms.katalon.core.keyword.internal.KeywordMain.runKeyword(KeywordMain.groovy:66)
	at com.kms.katalon.core.keyword.internal.KeywordMain$runKeyword.call(Unknown Source)
	at com.kms.katalon.core.cucumber.keyword.CucumberBuiltinKeywords.runFeatureFile(CucumberBuiltinKeywords.groovy:46)
	at com.kms.katalon.core.cucumber.keyword.CucumberBuiltinKeywords$runFeatureFile$0.callStatic(Unknown Source)
	at com.kms.katalon.core.cucumber.keyword.CucumberBuiltinKeywords.runFeatureFile(CucumberBuiltinKeywords.groovy:101)
	at com.kms.katalon.core.cucumber.keyword.CucumberBuiltinKeywords$runFeatureFile.call(Unknown Source)
	at 029-Verify-Related-Project-Link.run(029-Verify-Related-Project-Link:16)
	at com.kms.katalon.core.main.ScriptEngine.run(ScriptEngine.java:194)
	at com.kms.katalon.core.main.ScriptEngine.runScriptAsRawText(ScriptEngine.java:119)
	at com.kms.katalon.core.main.TestCaseExecutor.runScript(TestCaseExecutor.java:331)
	at com.kms.katalon.core.main.TestCaseExecutor.doExecute(TestCaseExecutor.java:322)
	at com.kms.katalon.core.main.TestCaseExecutor.processExecutionPhase(TestCaseExecutor.java:301)
	at com.kms.katalon.core.main.TestCaseExecutor.accessMainPhase(TestCaseExecutor.java:293)
	at com.kms.katalon.core.main.TestCaseExecutor.execute(TestCaseExecutor.java:227)
	at com.kms.katalon.core.main.TestSuiteExecutor.accessTestCaseMainPhase(TestSuiteExecutor.java:129)
	at com.kms.katalon.core.main.TestSuiteExecutor.accessTestSuiteMainPhase(TestSuiteExecutor.java:112)
	at com.kms.katalon.core.main.TestSuiteExecutor.execute(TestSuiteExecutor.java:81)
	at com.kms.katalon.core.main.TestCaseMain.startTestSuite(TestCaseMain.java:157)
	at com.kms.katalon.core.main.TestCaseMain$startTestSuite$0.call(Unknown Source)
	at TempTestSuite1558253547685.run(TempTestSuite1558253547685.groovy:35)
)

2019-05-19 11:35:29 - [MESSAGE][FAILED] - runFeatureFile("Include/features/Governance-Module/Add-Idea/029-Verify-Related-Project-Link.feature") FAILED.
Reason:
com.kms.katalon.core.exception.StepFailedException: Feature file 'Include/features/Governance-Module/Add-Idea/029-Verify-Related-Project-Link.feature' was failed
	at com.kms.katalon.core.keyword.internal.KeywordMain.stepFailed(KeywordMain.groovy:48)
	at com.kms.katalon.core.keyword.internal.KeywordMain.stepFailed(KeywordMain.groovy)
	at com.kms.katalon.core.keyword.internal.KeywordMain.stepFailed(KeywordMain.groovy:21)
	at com.kms.katalon.core.keyword.internal.KeywordMain$stepFailed$0.call(Unknown Source)
	at com.kms.katalon.core.cucumber.keyword.CucumberBuiltinKeywords$_runFeatureFile_closure1.doCall(CucumberBuiltinKeywords.groovy:82)
	at com.kms.katalon.core.cucumber.keyword.CucumberBuiltinKeywords$_runFeatureFile_closure1.doCall(CucumberBuiltinKeywords.groovy)
	at com.kms.katalon.core.keyword.internal.KeywordMain.runKeyword(KeywordMain.groovy:66)
	at com.kms.katalon.core.keyword.internal.KeywordMain$runKeyword.call(Unknown Source)
	at com.kms.katalon.core.cucumber.keyword.CucumberBuiltinKeywords.runFeatureFile(CucumberBuiltinKeywords.groovy:46)
	at com.kms.katalon.core.cucumber.keyword.CucumberBuiltinKeywords$runFeatureFile$0.callStatic(Unknown Source)
	at com.kms.katalon.core.cucumber.keyword.CucumberBuiltinKeywords.runFeatureFile(CucumberBuiltinKeywords.groovy:101)
	at com.kms.katalon.core.cucumber.keyword.CucumberBuiltinKeywords$runFeatureFile.call(Unknown Source)
	at 029-Verify-Related-Project-Link.run(029-Verify-Related-Project-Link:16)
	at com.kms.katalon.core.main.ScriptEngine.run(ScriptEngine.java:194)
	at com.kms.katalon.core.main.ScriptEngine.runScriptAsRawText(ScriptEngine.java:119)
	at com.kms.katalon.core.main.TestCaseExecutor.runScript(TestCaseExecutor.java:331)
	at com.kms.katalon.core.main.TestCaseExecutor.doExecute(TestCaseExecutor.java:322)
	at com.kms.katalon.core.main.TestCaseExecutor.processExecutionPhase(TestCaseExecutor.java:301)
	at com.kms.katalon.core.main.TestCaseExecutor.accessMainPhase(TestCaseExecutor.java:293)
	at com.kms.katalon.core.main.TestCaseExecutor.execute(TestCaseExecutor.java:227)
	at com.kms.katalon.core.main.TestSuiteExecutor.accessTestCaseMainPhase(TestSuiteExecutor.java:129)
	at com.kms.katalon.core.main.TestSuiteExecutor.accessTestSuiteMainPhase(TestSuiteExecutor.java:112)
	at com.kms.katalon.core.main.TestSuiteExecutor.execute(TestSuiteExecutor.java:81)
	at com.kms.katalon.core.main.TestCaseMain.startTestSuite(TestCaseMain.java:157)
	at com.kms.katalon.core.main.TestCaseMain$startTestSuite$0.call(Unknown Source)
	at TempTestSuite1558253547685.run(TempTestSuite1558253547685.groovy:35)]]></system-out>
         <system-err><![CDATA[2019-05-19 11:31:58 - [TEST_CASE][FAILED] - Test Cases/Add-Idea-Test-Cases/029-Verify-Related-Project-Link: Test Cases/Add-Idea-Test-Cases/029-Verify-Related-Project-Link FAILED.
Reason:
com.kms.katalon.core.exception.StepFailedException: Feature file 'Include/features/Governance-Module/Add-Idea/029-Verify-Related-Project-Link.feature' was failed
	at com.kms.katalon.core.keyword.internal.KeywordMain.stepFailed(KeywordMain.groovy:48)
	at com.kms.katalon.core.keyword.internal.KeywordMain.stepFailed(KeywordMain.groovy)
	at com.kms.katalon.core.keyword.internal.KeywordMain.stepFailed(KeywordMain.groovy:21)
	at com.kms.katalon.core.keyword.internal.KeywordMain$stepFailed$0.call(Unknown Source)
	at com.kms.katalon.core.cucumber.keyword.CucumberBuiltinKeywords$_runFeatureFile_closure1.doCall(CucumberBuiltinKeywords.groovy:82)
	at com.kms.katalon.core.cucumber.keyword.CucumberBuiltinKeywords$_runFeatureFile_closure1.doCall(CucumberBuiltinKeywords.groovy)
	at com.kms.katalon.core.keyword.internal.KeywordMain.runKeyword(KeywordMain.groovy:66)
	at com.kms.katalon.core.keyword.internal.KeywordMain$runKeyword.call(Unknown Source)
	at com.kms.katalon.core.cucumber.keyword.CucumberBuiltinKeywords.runFeatureFile(CucumberBuiltinKeywords.groovy:46)
	at com.kms.katalon.core.cucumber.keyword.CucumberBuiltinKeywords$runFeatureFile$0.callStatic(Unknown Source)
	at com.kms.katalon.core.cucumber.keyword.CucumberBuiltinKeywords.runFeatureFile(CucumberBuiltinKeywords.groovy:101)
	at com.kms.katalon.core.cucumber.keyword.CucumberBuiltinKeywords$runFeatureFile.call(Unknown Source)
	at 029-Verify-Related-Project-Link.run(029-Verify-Related-Project-Link:16)
	at com.kms.katalon.core.main.ScriptEngine.run(ScriptEngine.java:194)
	at com.kms.katalon.core.main.ScriptEngine.runScriptAsRawText(ScriptEngine.java:119)
	at com.kms.katalon.core.main.TestCaseExecutor.runScript(TestCaseExecutor.java:331)
	at com.kms.katalon.core.main.TestCaseExecutor.doExecute(TestCaseExecutor.java:322)
	at com.kms.katalon.core.main.TestCaseExecutor.processExecutionPhase(TestCaseExecutor.java:301)
	at com.kms.katalon.core.main.TestCaseExecutor.accessMainPhase(TestCaseExecutor.java:293)
	at com.kms.katalon.core.main.TestCaseExecutor.execute(TestCaseExecutor.java:227)
	at com.kms.katalon.core.main.TestSuiteExecutor.accessTestCaseMainPhase(TestSuiteExecutor.java:129)
	at com.kms.katalon.core.main.TestSuiteExecutor.accessTestSuiteMainPhase(TestSuiteExecutor.java:112)
	at com.kms.katalon.core.main.TestSuiteExecutor.execute(TestSuiteExecutor.java:81)
	at com.kms.katalon.core.main.TestCaseMain.startTestSuite(TestCaseMain.java:157)
	at com.kms.katalon.core.main.TestCaseMain$startTestSuite$0.call(Unknown Source)
	at TempTestSuite1558253547685.run(TempTestSuite1558253547685.groovy:35)]]></system-err>
      </testcase>
      <testcase name="Test Cases/Add-Project-Test-Cases/029-View-Project-Details" classname="Test Cases/Add-Project-Test-Cases/029-View-Project-Details" status="PASSED">
         <system-out><![CDATA[2019-05-19 11:35:29 - [TEST_CASE][PASSED] - Test Cases/Add-Project-Test-Cases/029-View-Project-Details: Test Cases/Add-Project-Test-Cases/029-View-Project-Details

2019-05-19 11:35:29 - [TEST_STEP][PASSED] - runFeatureFile("Include/features/Governance-Module/Add-Project/029-View-Project-Details.feature"): Feature file: 'Include/features/Governance-Module/Add-Project/029-View-Project-Details.feature' was passed

2019-05-19 11:35:29 - [MESSAGE][INFO] - Starting run keyword runFeatureFile: 'Include/features/Governance-Module/Add-Project/029-View-Project-Details.feature' and extract report to folder: 'C:\Users\HP\git\PMO-Web-Application\Reports\First-Test-Suite\20190519_111227/cucumber_report/1558254929093'...

2019-05-19 11:35:29 - [TEST_CASE][PASSED] - Start Test Case : SCENARIO View project details: SCENARIO View project details

2019-05-19 11:35:29 - [TEST_STEP][PASSED] - I want to open browser: I want to open browser

2019-05-19 11:35:29 - [MESSAGE][WARNING] - A browser is already opened. Closing browser and opening a new one

2019-05-19 11:35:29 - [MESSAGE][INFO] - Starting 'Chrome' driver

2019-05-19 11:35:31 - [MESSAGE][PASSED] - Browser is opened with url: ''

2019-05-19 11:35:32 - [MESSAGE][PASSED] - Delete all cookies successfully

2019-05-19 11:35:32 - [MESSAGE][PASSED] - I want to open browser

2019-05-19 11:35:32 - [TEST_STEP][PASSED] - I want to maximize window: I want to maximize window

2019-05-19 11:35:33 - [MESSAGE][PASSED] - Current window maximized

2019-05-19 11:35:33 - [MESSAGE][PASSED] - I want to maximize window

2019-05-19 11:35:33 - [TEST_STEP][PASSED] - I want to go to OOB: I want to go to OOB

2019-05-19 11:35:34 - [MESSAGE][PASSED] - Navigate to 'https://pmoadmin:P@ssw0rd@dev5.cloudapp.net/OOB2/' successfully

2019-05-19 11:35:34 - [MESSAGE][PASSED] - I want to go to OOB

2019-05-19 11:35:34 - [TEST_STEP][PASSED] - I want to verify I'm in OOB main page: I want to verify I'm in OOB main page

2019-05-19 11:35:34 - [MESSAGE][WARNING] - Timeout '0' is invalid. Using default page load timeout: '30'

2019-05-19 11:35:42 - [MESSAGE][PASSED] - Object 'Object Repository/OOBObjects/HomepageObjects/OOBSideBar' is present

2019-05-19 11:35:42 - [MESSAGE][PASSED] - I want to verify I'm in OOB main page

2019-05-19 11:35:42 - [TEST_STEP][PASSED] - I want to go to projects list: I want to go to projects list

2019-05-19 11:35:46 - [MESSAGE][PASSED] - Delayed 4 second(s)

2019-05-19 11:35:50 - [MESSAGE][PASSED] - Object: 'Object Repository/OOBObjects/HomepageObjects/ProjectsList' is clicked on

2019-05-19 11:35:50 - [MESSAGE][PASSED] - I want to go to projects list

2019-05-19 11:35:50 - [TEST_STEP][PASSED] - I want to verify project list page: I want to verify project list page

2019-05-19 11:35:50 - [MESSAGE][WARNING] - Timeout '0' is invalid. Using default page load timeout: '30'

2019-05-19 11:35:50 - [MESSAGE][PASSED] - Object 'Object Repository/OOBObjects/ProjectsListObjects/ProjectsListTitle' is present

2019-05-19 11:35:50 - [MESSAGE][WARNING] - Timeout '0' is invalid. Using default page load timeout: '30'

2019-05-19 11:35:50 - [MESSAGE][PASSED] - Object 'Object Repository/OOBObjects/ProjectsListObjects/ProjectCodeColumn' is present

2019-05-19 11:35:50 - [MESSAGE][WARNING] - Timeout '0' is invalid. Using default page load timeout: '30'

2019-05-19 11:35:50 - [MESSAGE][PASSED] - Object 'Object Repository/OOBObjects/ProjectsListObjects/ProjectNameColumn' is present

2019-05-19 11:35:50 - [MESSAGE][WARNING] - Timeout '0' is invalid. Using default page load timeout: '30'

2019-05-19 11:35:50 - [MESSAGE][PASSED] - Object 'Object Repository/OOBObjects/ProjectsListObjects/ProjectStatusColumn' is present

2019-05-19 11:35:50 - [MESSAGE][WARNING] - Timeout '0' is invalid. Using default page load timeout: '30'

2019-05-19 11:35:50 - [MESSAGE][PASSED] - Object 'Object Repository/OOBObjects/ProjectsListObjects/ProjectStageColumn' is present

2019-05-19 11:35:50 - [MESSAGE][WARNING] - Timeout '0' is invalid. Using default page load timeout: '30'

2019-05-19 11:35:50 - [MESSAGE][PASSED] - Object 'Object Repository/OOBObjects/ProjectsListObjects/ActionsColumn' is present

2019-05-19 11:35:50 - [MESSAGE][PASSED] - I want to verify project list page

2019-05-19 11:35:50 - [TEST_STEP][PASSED] - I want to click Add new project button: I want to click Add new project button

2019-05-19 11:35:52 - [MESSAGE][PASSED] - Object: 'Object Repository/OOBObjects/ProjectsListObjects/AddNewProject' is clicked on

2019-05-19 11:35:52 - [MESSAGE][PASSED] - I want to click Add new project button

2019-05-19 11:35:52 - [TEST_STEP][PASSED] - I want to fill project name: I want to fill project name

2019-05-19 11:35:52 - [MESSAGE][PASSED] - Text 'Automation Project2647' is set on object 'Object Repository/OOBObjects/ProjectsListObjects/ProjectNameField'

2019-05-19 11:35:52 - [MESSAGE][PASSED] - I want to fill project name

2019-05-19 11:35:52 - [TEST_STEP][PASSED] - I want to select project type: I want to select project type

2019-05-19 11:35:52 - [MESSAGE][PASSED] - All options with index in [1] are selected on object 'Object Repository/OOBObjects/ProjectsListObjects/ProjectTypeDropDwon'

2019-05-19 11:35:52 - [MESSAGE][PASSED] - I want to select project type

2019-05-19 11:35:52 - [TEST_STEP][PASSED] - I want to select project expected start date: I want to select project expected start date

2019-05-19 11:35:53 - [MESSAGE][PASSED] - Object: 'Object Repository/OOBObjects/ProjectsListObjects/GREGORIANStartDate' is clicked on

2019-05-19 11:35:53 - [MESSAGE][PASSED] - Object: 'Object Repository/OOBObjects/ProjectsListObjects/PlannedStartDate' is clicked on

2019-05-19 11:35:53 - [MESSAGE][PASSED] - Object: 'Object Repository/OOBObjects/ProjectsListObjects/DayThirtyStartDate' is hovered

2019-05-19 11:35:53 - [MESSAGE][PASSED] - Object: 'Object Repository/OOBObjects/ProjectsListObjects/DayThirtyStartDate' is clicked on

2019-05-19 11:35:53 - [MESSAGE][PASSED] - I want to select project expected start date

2019-05-19 11:35:53 - [TEST_STEP][PASSED] - I want to select project expected end date: I want to select project expected end date

2019-05-19 11:35:53 - [MESSAGE][PASSED] - Object 'Object Repository/OOBObjects/ProjectsListObjects/GREGORIANEndDate' is visible

2019-05-19 11:35:53 - [MESSAGE][PASSED] - Object: 'Object Repository/OOBObjects/ProjectsListObjects/GREGORIANEndDate' is clicked on

2019-05-19 11:35:55 - [MESSAGE][PASSED] - Delayed 2 second(s)

2019-05-19 11:35:55 - [MESSAGE][PASSED] - Object: 'Object Repository/OOBObjects/ProjectsListObjects/PlannedEndDate' is hovered

2019-05-19 11:35:55 - [MESSAGE][PASSED] - Object: 'Object Repository/OOBObjects/ProjectsListObjects/PlannedEndDate' is clicked on

2019-05-19 11:35:55 - [MESSAGE][PASSED] - All options with index in [6] are selected on object 'Object Repository/OOBObjects/ProjectsListObjects/ProjectEndDateMonthDropDown'

2019-05-19 11:35:55 - [MESSAGE][PASSED] - Object: 'Object Repository/OOBObjects/ProjectsListObjects/DayTwintyEndDate' is hovered

2019-05-19 11:35:55 - [MESSAGE][PASSED] - Object: 'Object Repository/OOBObjects/ProjectsListObjects/DayTwintyEndDate' is clicked on

2019-05-19 11:35:55 - [MESSAGE][PASSED] - I want to select project expected end date

2019-05-19 11:35:55 - [TEST_STEP][PASSED] - I want to fill project budget: I want to fill project budget

2019-05-19 11:35:55 - [MESSAGE][PASSED] - Text '10000' is set on object 'Object Repository/OOBObjects/ProjectsListObjects/ProjectExpectedBudget'

2019-05-19 11:35:55 - [MESSAGE][PASSED] - I want to fill project budget

2019-05-19 11:35:55 - [TEST_STEP][PASSED] - I want to select from owner deopdown list: I want to select from owner deopdown list

2019-05-19 11:35:55 - [MESSAGE][PASSED] - All options with index in [1] are selected on object 'Object Repository/OOBObjects/ProjectsListObjects/OwnerDropdown'

2019-05-19 11:35:55 - [MESSAGE][PASSED] - I want to select from owner deopdown list

2019-05-19 11:35:55 - [TEST_STEP][PASSED] - I want to fill project manager field: I want to fill project manager field

2019-05-19 11:35:55 - [MESSAGE][WARNING] - Timeout '0' is invalid. Using default page load timeout: '30'

2019-05-19 11:35:55 - [MESSAGE][PASSED] - Scroll to object 'Object Repository/OOBObjects/ProjectsListObjects/Duration' successfully

2019-05-19 11:35:56 - [MESSAGE][PASSED] - Text 'النظام' is set on object 'Object Repository/OOBObjects/ProjectsListObjects/ProjectMangerField'

2019-05-19 11:35:56 - [MESSAGE][PASSED] - I want to fill project manager field

2019-05-19 11:35:56 - [TEST_STEP][PASSED] - I want to tap enter key on manager field: I want to tap enter key on manager field

2019-05-19 11:35:56 - [MESSAGE][PASSED] - Keys 'ENTER + ' sent to object: 'Object Repository/OOBObjects/ProjectsListObjects/ProjectMangerField'

2019-05-19 11:35:56 - [MESSAGE][PASSED] - I want to tap enter key on manager field

2019-05-19 11:35:56 - [TEST_STEP][PASSED] - I want to fill project owner field: I want to fill project owner field

2019-05-19 11:35:56 - [MESSAGE][PASSED] - Text 'النظام' is set on object 'Object Repository/OOBObjects/ProjectsListObjects/ProjectOwnerField'

2019-05-19 11:35:56 - [MESSAGE][PASSED] - I want to fill project owner field

2019-05-19 11:35:56 - [TEST_STEP][PASSED] - I want to tap enter key on owner field: I want to tap enter key on owner field

2019-05-19 11:35:56 - [MESSAGE][PASSED] - Keys 'ENTER + ' sent to object: 'Object Repository/OOBObjects/ProjectsListObjects/ProjectOwnerField'

2019-05-19 11:35:56 - [MESSAGE][PASSED] - I want to tap enter key on owner field

2019-05-19 11:35:56 - [TEST_STEP][PASSED] - I want to fill project sponser field: I want to fill project sponser field

2019-05-19 11:35:56 - [MESSAGE][PASSED] - Text 'النظام' is set on object 'Object Repository/OOBObjects/ProjectsListObjects/ProjectSponsorField'

2019-05-19 11:35:56 - [MESSAGE][PASSED] - I want to fill project sponser field

2019-05-19 11:35:56 - [TEST_STEP][PASSED] - I want to tap enter key on sponser field: I want to tap enter key on sponser field

2019-05-19 11:35:56 - [MESSAGE][PASSED] - Keys 'ENTER + ' sent to object: 'Object Repository/OOBObjects/ProjectsListObjects/ProjectSponsorField'

2019-05-19 11:35:56 - [MESSAGE][PASSED] - I want to tap enter key on sponser field

2019-05-19 11:35:56 - [TEST_STEP][PASSED] - I want to fill project description field: I want to fill project description field

2019-05-19 11:35:56 - [MESSAGE][PASSED] - Text 'test description' is set on object 'Object Repository/OOBObjects/ProjectsListObjects/ProjectDescriptionField'

2019-05-19 11:35:56 - [MESSAGE][PASSED] - I want to fill project description field

2019-05-19 11:35:56 - [TEST_STEP][PASSED] - I want to fill project notes field: I want to fill project notes field

2019-05-19 11:35:56 - [MESSAGE][PASSED] - Text 'test notes' is set on object 'Object Repository/OOBObjects/ProjectsListObjects/ProjectNotesField'

2019-05-19 11:35:56 - [MESSAGE][PASSED] - I want to fill project notes field

2019-05-19 11:35:56 - [TEST_STEP][PASSED] - I want to add attachment for the project: I want to add attachment for the project

2019-05-19 11:35:56 - [MESSAGE][PASSED] - Object: 'Object Repository/OOBObjects/ProjectsListObjects/ProjectAddNewDocumentButton' is clicked on

2019-05-19 11:35:56 - [MESSAGE][WARNING] - Timeout '0' is invalid. Using default page load timeout: '30'

2019-05-19 11:35:56 - [MESSAGE][PASSED] - Scroll to object 'Object Repository/OOBObjects/ProjectsListObjects/ProjectAddNewDocumentButton' successfully

2019-05-19 11:35:56 - [MESSAGE][PASSED] - File 'C:\Users\HP\Desktop\download.png' sent to object: 'Object Repository/OOBObjects/ProjectsListObjects/ProjectUploadFile'

2019-05-19 11:35:56 - [MESSAGE][WARNING] - Timeout '0' is invalid. Using default page load timeout: '30'

2019-05-19 11:35:57 - [MESSAGE][PASSED] - Object 'Object Repository/OOBObjects/ProjectsListObjects/ProjectAttachedFile' is present

2019-05-19 11:35:57 - [MESSAGE][PASSED] - Object: 'Object Repository/OOBObjects/ProjectsListObjects/ProjectLoadButton' is clicked on

2019-05-19 11:35:57 - [MESSAGE][PASSED] - I want to add attachment for the project

2019-05-19 11:35:57 - [TEST_STEP][PASSED] - I want to wait: I want to wait

2019-05-19 11:36:00 - [MESSAGE][PASSED] - Delayed 3 second(s)

2019-05-19 11:36:00 - [MESSAGE][PASSED] - I want to wait

2019-05-19 11:36:00 - [TEST_STEP][PASSED] - I want to click on send project button: I want to click on send project button

2019-05-19 11:36:05 - [MESSAGE][PASSED] - Delayed 5 second(s)

2019-05-19 11:36:05 - [MESSAGE][PASSED] - Wait for page load successfully

2019-05-19 11:36:05 - [MESSAGE][PASSED] - Object: 'Object Repository/OOBObjects/ProjectsListObjects/SendProjectButton' is clicked on

2019-05-19 11:36:05 - [MESSAGE][PASSED] - I want to click on send project button

2019-05-19 11:36:05 - [TEST_STEP][PASSED] - I want to wait for page load: I want to wait for page load

2019-05-19 11:36:05 - [MESSAGE][PASSED] - Wait for page load successfully

2019-05-19 11:36:05 - [MESSAGE][PASSED] - I want to wait for page load

2019-05-19 11:36:05 - [TEST_STEP][PASSED] - I want to check im in projects list page: I want to check im in projects list page

2019-05-19 11:36:50 - [MESSAGE][PASSED] - Delayed 45 second(s)

2019-05-19 11:37:04 - [MESSAGE][PASSED] - Object 'Object Repository/OOBObjects/ProjectsListObjects/ProjectsListTitle' is present

2019-05-19 11:37:04 - [MESSAGE][WARNING] - Timeout '0' is invalid. Using default page load timeout: '30'

2019-05-19 11:37:04 - [MESSAGE][PASSED] - Object 'Object Repository/OOBObjects/ProjectsListObjects/ProjectsListTitle' is present

2019-05-19 11:37:04 - [MESSAGE][PASSED] - I want to check im in projects list page

2019-05-19 11:37:04 - [TEST_STEP][PASSED] - I want to search for crated project by name: I want to search for crated project by name

2019-05-19 11:37:04 - [MESSAGE][PASSED] - Wait for page load successfully

2019-05-19 11:37:04 - [MESSAGE][PASSED] - Object: 'Object Repository/OOBObjects/ProjectsListObjects/ProjectSearchField' is hovered

2019-05-19 11:37:04 - [MESSAGE][PASSED] - Text 'Automation Project2647' is set on object 'Object Repository/OOBObjects/ProjectsListObjects/ProjectSearchField'

2019-05-19 11:37:06 - [MESSAGE][PASSED] - Actual text and expected text of test object 'Object Repository/OOBObjects/ProjectsListObjects/FirstProjectName' are matched.

2019-05-19 11:37:06 - [MESSAGE][PASSED] - I want to search for crated project by name

2019-05-19 11:37:06 - [TEST_STEP][PASSED] - I want to view project page: I want to view project page

2019-05-19 11:37:22 - [MESSAGE][PASSED] - Object: 'Object Repository/OOBObjects/ProjectsListObjects/ProjectNameLink' is clicked on

2019-05-19 11:37:22 - [MESSAGE][WARNING] - Timeout '0' is invalid. Using default page load timeout: '30'

2019-05-19 11:37:22 - [MESSAGE][PASSED] - Object 'Object Repository/OOBObjects/ProjectsListObjects/SupportFomMenue' is present

2019-05-19 11:37:22 - [MESSAGE][PASSED] - I want to view project page

2019-05-19 11:37:22 - [TEST_STEP][PASSED] - I want to verify project details: I want to verify project details

2019-05-19 11:37:22 - [MESSAGE][PASSED] - Object: 'Object Repository/OOBObjects/ProjectsListObjects/ProjectDetails/ProjectDetailsButton' is clicked on

2019-05-19 11:37:22 - [MESSAGE][PASSED] - Actual text and expected text of test object 'Object Repository/OOBObjects/ProjectsListObjects/ProjectDetails/ProjectNameProjectDetails' are matched.

2019-05-19 11:37:22 - [MESSAGE][PASSED] - Actual text and expected text of test object 'Object Repository/OOBObjects/ProjectsListObjects/ProjectDetails/ProjectCodeProjectDetails' are matched.

2019-05-19 11:37:22 - [MESSAGE][PASSED] - Actual text and expected text of test object 'Object Repository/OOBObjects/ProjectsListObjects/ProjectDetails/ExpectedBudgetProjectDetails' are matched.

2019-05-19 11:37:22 - [MESSAGE][PASSED] - Actual text and expected text of test object 'Object Repository/OOBObjects/ProjectsListObjects/ProjectDetails/StartDateProjectDetails' are matched.

2019-05-19 11:37:22 - [MESSAGE][PASSED] - Actual text and expected text of test object 'Object Repository/OOBObjects/ProjectsListObjects/ProjectDetails/ProjectEndDateProjectDetails' are matched.

2019-05-19 11:37:22 - [MESSAGE][PASSED] - Actual text and expected text of test object 'Object Repository/OOBObjects/ProjectsListObjects/ProjectDetails/ProjectDurationProjectDeatils' are matched.

2019-05-19 11:37:22 - [MESSAGE][PASSED] - Actual text and expected text of test object 'Object Repository/OOBObjects/ProjectsListObjects/ProjectDetails/EntityProjectDetails' are matched.

2019-05-19 11:37:22 - [MESSAGE][PASSED] - Actual text and expected text of test object 'Object Repository/OOBObjects/ProjectsListObjects/ProjectDetails/ProgramProjectDetails' are matched.

2019-05-19 11:37:22 - [MESSAGE][WARNING] - Timeout '0' is invalid. Using default page load timeout: '30'

2019-05-19 11:37:22 - [MESSAGE][PASSED] - Scroll to object 'Object Repository/OOBObjects/ProjectsListObjects/ProjectDetails/Portfolio' successfully

2019-05-19 11:37:22 - [MESSAGE][PASSED] - Actual text and expected text of test object 'Object Repository/OOBObjects/ProjectsListObjects/ProjectDetails/Portfolio' are matched.

2019-05-19 11:37:22 - [MESSAGE][PASSED] - Actual text and expected text of test object 'Object Repository/OOBObjects/ProjectsListObjects/ProjectDetails/ProjectTypeProjectDetails' are matched.

2019-05-19 11:37:22 - [MESSAGE][PASSED] - Actual text and expected text of test object 'Object Repository/OOBObjects/ProjectsListObjects/ProjectDetails/InitiativesProjectDetails' are matched.

2019-05-19 11:37:22 - [MESSAGE][PASSED] - Actual text and expected text of test object 'Object Repository/OOBObjects/ProjectsListObjects/ProjectDetails/LastPublishDateProjectDetails' are matched.

2019-05-19 11:37:22 - [MESSAGE][PASSED] - Actual text and expected text of test object 'Object Repository/OOBObjects/ProjectsListObjects/ProjectDetails/StartDateScheduleProjectDetails' are matched.

2019-05-19 11:37:22 - [MESSAGE][PASSED] - Actual text and expected text of test object 'Object Repository/OOBObjects/ProjectsListObjects/ProjectDetails/EndDateScheduleProjectDetails' are matched.

2019-05-19 11:37:23 - [MESSAGE][PASSED] - Actual text and expected text of test object 'Object Repository/OOBObjects/ProjectsListObjects/ProjectDetails/BaselineStartDateScheduleProjectDetails' are matched.

2019-05-19 11:37:23 - [MESSAGE][PASSED] - Actual text and expected text of test object 'Object Repository/OOBObjects/ProjectsListObjects/ProjectDetails/BaselineEndDateScheduleProjectDetails' are matched.

2019-05-19 11:37:23 - [MESSAGE][PASSED] - Actual text and expected text of test object 'Object Repository/OOBObjects/ProjectsListObjects/ProjectDetails/ProjectDescriptionProjectDetails' are matched.

2019-05-19 11:37:23 - [MESSAGE][PASSED] - Actual text and expected text of test object 'Object Repository/OOBObjects/ProjectsListObjects/ProjectDetails/ProjectManagerProjectDetails' are matched.

2019-05-19 11:37:23 - [MESSAGE][WARNING] - Timeout '0' is invalid. Using default page load timeout: '30'

2019-05-19 11:37:23 - [MESSAGE][PASSED] - Scroll to object 'Object Repository/OOBObjects/ProjectsListObjects/ProjectDetails/ProjectOwnerProjectDetails' successfully

2019-05-19 11:37:23 - [MESSAGE][PASSED] - Actual text and expected text of test object 'Object Repository/OOBObjects/ProjectsListObjects/ProjectDetails/ProjectOwnerProjectDetails' are matched.

2019-05-19 11:37:23 - [MESSAGE][PASSED] - Actual text and expected text of test object 'Object Repository/OOBObjects/ProjectsListObjects/ProjectDetails/ProjectSponserProjectDetails' are matched.

2019-05-19 11:37:23 - [MESSAGE][PASSED] - I want to verify project details

2019-05-19 11:37:23 - [TEST_STEP][PASSED] - I want to close browser: I want to close browser

2019-05-19 11:37:23 - [MESSAGE][PASSED] - Browser is closed

2019-05-19 11:37:23 - [MESSAGE][PASSED] - I want to close browser

2019-05-19 11:37:23 - [MESSAGE][PASSED] - Feature file: 'Include/features/Governance-Module/Add-Project/029-View-Project-Details.feature' was passed]]></system-out>
         <system-err><![CDATA[]]></system-err>
      </testcase>
      <testcase name="Test Cases/Add-Project-Test-Cases/030-Verify-Documents-Page" classname="Test Cases/Add-Project-Test-Cases/030-Verify-Documents-Page" status="FAILED">
         <failure type="FAILED" message="Test Cases/Add-Project-Test-Cases/030-Verify-Documents-Page FAILED.
Reason:
com.kms.katalon.core.exception.StepFailedException: Feature file 'Include/features/Governance-Module/Add-Project/030-Verify-Documents-Page.feature' was failed
	at com.kms.katalon.core.keyword.internal.KeywordMain.stepFailed(KeywordMain.groovy:48)
	at com.kms.katalon.core.keyword.internal.KeywordMain.stepFailed(KeywordMain.groovy)
	at com.kms.katalon.core.keyword.internal.KeywordMain.stepFailed(KeywordMain.groovy:21)
	at com.kms.katalon.core.keyword.internal.KeywordMain$stepFailed$0.call(Unknown Source)
	at com.kms.katalon.core.cucumber.keyword.CucumberBuiltinKeywords$_runFeatureFile_closure1.doCall(CucumberBuiltinKeywords.groovy:82)
	at com.kms.katalon.core.cucumber.keyword.CucumberBuiltinKeywords$_runFeatureFile_closure1.doCall(CucumberBuiltinKeywords.groovy)
	at com.kms.katalon.core.keyword.internal.KeywordMain.runKeyword(KeywordMain.groovy:66)
	at com.kms.katalon.core.keyword.internal.KeywordMain$runKeyword.call(Unknown Source)
	at com.kms.katalon.core.cucumber.keyword.CucumberBuiltinKeywords.runFeatureFile(CucumberBuiltinKeywords.groovy:46)
	at com.kms.katalon.core.cucumber.keyword.CucumberBuiltinKeywords$runFeatureFile$0.callStatic(Unknown Source)
	at com.kms.katalon.core.cucumber.keyword.CucumberBuiltinKeywords.runFeatureFile(CucumberBuiltinKeywords.groovy:101)
	at com.kms.katalon.core.cucumber.keyword.CucumberBuiltinKeywords$runFeatureFile.call(Unknown Source)
	at 030-Verify-Documents-Page.run(030-Verify-Documents-Page:16)
	at com.kms.katalon.core.main.ScriptEngine.run(ScriptEngine.java:194)
	at com.kms.katalon.core.main.ScriptEngine.runScriptAsRawText(ScriptEngine.java:119)
	at com.kms.katalon.core.main.TestCaseExecutor.runScript(TestCaseExecutor.java:331)
	at com.kms.katalon.core.main.TestCaseExecutor.doExecute(TestCaseExecutor.java:322)
	at com.kms.katalon.core.main.TestCaseExecutor.processExecutionPhase(TestCaseExecutor.java:301)
	at com.kms.katalon.core.main.TestCaseExecutor.accessMainPhase(TestCaseExecutor.java:293)
	at com.kms.katalon.core.main.TestCaseExecutor.execute(TestCaseExecutor.java:227)
	at com.kms.katalon.core.main.TestSuiteExecutor.accessTestCaseMainPhase(TestSuiteExecutor.java:129)
	at com.kms.katalon.core.main.TestSuiteExecutor.accessTestSuiteMainPhase(TestSuiteExecutor.java:112)
	at com.kms.katalon.core.main.TestSuiteExecutor.execute(TestSuiteExecutor.java:81)
	at com.kms.katalon.core.main.TestCaseMain.startTestSuite(TestCaseMain.java:157)
	at com.kms.katalon.core.main.TestCaseMain$startTestSuite$0.call(Unknown Source)
	at TempTestSuite1558253547685.run(TempTestSuite1558253547685.groovy:35)
"/>
         <system-out><![CDATA[2019-05-19 11:37:23 - [TEST_CASE][FAILED] - Test Cases/Add-Project-Test-Cases/030-Verify-Documents-Page: Test Cases/Add-Project-Test-Cases/030-Verify-Documents-Page FAILED.
Reason:
com.kms.katalon.core.exception.StepFailedException: Feature file 'Include/features/Governance-Module/Add-Project/030-Verify-Documents-Page.feature' was failed
	at com.kms.katalon.core.keyword.internal.KeywordMain.stepFailed(KeywordMain.groovy:48)
	at com.kms.katalon.core.keyword.internal.KeywordMain.stepFailed(KeywordMain.groovy)
	at com.kms.katalon.core.keyword.internal.KeywordMain.stepFailed(KeywordMain.groovy:21)
	at com.kms.katalon.core.keyword.internal.KeywordMain$stepFailed$0.call(Unknown Source)
	at com.kms.katalon.core.cucumber.keyword.CucumberBuiltinKeywords$_runFeatureFile_closure1.doCall(CucumberBuiltinKeywords.groovy:82)
	at com.kms.katalon.core.cucumber.keyword.CucumberBuiltinKeywords$_runFeatureFile_closure1.doCall(CucumberBuiltinKeywords.groovy)
	at com.kms.katalon.core.keyword.internal.KeywordMain.runKeyword(KeywordMain.groovy:66)
	at com.kms.katalon.core.keyword.internal.KeywordMain$runKeyword.call(Unknown Source)
	at com.kms.katalon.core.cucumber.keyword.CucumberBuiltinKeywords.runFeatureFile(CucumberBuiltinKeywords.groovy:46)
	at com.kms.katalon.core.cucumber.keyword.CucumberBuiltinKeywords$runFeatureFile$0.callStatic(Unknown Source)
	at com.kms.katalon.core.cucumber.keyword.CucumberBuiltinKeywords.runFeatureFile(CucumberBuiltinKeywords.groovy:101)
	at com.kms.katalon.core.cucumber.keyword.CucumberBuiltinKeywords$runFeatureFile.call(Unknown Source)
	at 030-Verify-Documents-Page.run(030-Verify-Documents-Page:16)
	at com.kms.katalon.core.main.ScriptEngine.run(ScriptEngine.java:194)
	at com.kms.katalon.core.main.ScriptEngine.runScriptAsRawText(ScriptEngine.java:119)
	at com.kms.katalon.core.main.TestCaseExecutor.runScript(TestCaseExecutor.java:331)
	at com.kms.katalon.core.main.TestCaseExecutor.doExecute(TestCaseExecutor.java:322)
	at com.kms.katalon.core.main.TestCaseExecutor.processExecutionPhase(TestCaseExecutor.java:301)
	at com.kms.katalon.core.main.TestCaseExecutor.accessMainPhase(TestCaseExecutor.java:293)
	at com.kms.katalon.core.main.TestCaseExecutor.execute(TestCaseExecutor.java:227)
	at com.kms.katalon.core.main.TestSuiteExecutor.accessTestCaseMainPhase(TestSuiteExecutor.java:129)
	at com.kms.katalon.core.main.TestSuiteExecutor.accessTestSuiteMainPhase(TestSuiteExecutor.java:112)
	at com.kms.katalon.core.main.TestSuiteExecutor.execute(TestSuiteExecutor.java:81)
	at com.kms.katalon.core.main.TestCaseMain.startTestSuite(TestCaseMain.java:157)
	at com.kms.katalon.core.main.TestCaseMain$startTestSuite$0.call(Unknown Source)
	at TempTestSuite1558253547685.run(TempTestSuite1558253547685.groovy:35)


2019-05-19 11:37:23 - [TEST_STEP][FAILED] - runFeatureFile("Include/features/Governance-Module/Add-Project/030-Verify-Documents-Page.feature"): runFeatureFile("Include/features/Governance-Module/Add-Project/030-Verify-Documents-Page.feature") FAILED.
Reason:
com.kms.katalon.core.exception.StepFailedException: Feature file 'Include/features/Governance-Module/Add-Project/030-Verify-Documents-Page.feature' was failed
	at com.kms.katalon.core.keyword.internal.KeywordMain.stepFailed(KeywordMain.groovy:48)
	at com.kms.katalon.core.keyword.internal.KeywordMain.stepFailed(KeywordMain.groovy)
	at com.kms.katalon.core.keyword.internal.KeywordMain.stepFailed(KeywordMain.groovy:21)
	at com.kms.katalon.core.keyword.internal.KeywordMain$stepFailed$0.call(Unknown Source)
	at com.kms.katalon.core.cucumber.keyword.CucumberBuiltinKeywords$_runFeatureFile_closure1.doCall(CucumberBuiltinKeywords.groovy:82)
	at com.kms.katalon.core.cucumber.keyword.CucumberBuiltinKeywords$_runFeatureFile_closure1.doCall(CucumberBuiltinKeywords.groovy)
	at com.kms.katalon.core.keyword.internal.KeywordMain.runKeyword(KeywordMain.groovy:66)
	at com.kms.katalon.core.keyword.internal.KeywordMain$runKeyword.call(Unknown Source)
	at com.kms.katalon.core.cucumber.keyword.CucumberBuiltinKeywords.runFeatureFile(CucumberBuiltinKeywords.groovy:46)
	at com.kms.katalon.core.cucumber.keyword.CucumberBuiltinKeywords$runFeatureFile$0.callStatic(Unknown Source)
	at com.kms.katalon.core.cucumber.keyword.CucumberBuiltinKeywords.runFeatureFile(CucumberBuiltinKeywords.groovy:101)
	at com.kms.katalon.core.cucumber.keyword.CucumberBuiltinKeywords$runFeatureFile.call(Unknown Source)
	at 030-Verify-Documents-Page.run(030-Verify-Documents-Page:16)
	at com.kms.katalon.core.main.ScriptEngine.run(ScriptEngine.java:194)
	at com.kms.katalon.core.main.ScriptEngine.runScriptAsRawText(ScriptEngine.java:119)
	at com.kms.katalon.core.main.TestCaseExecutor.runScript(TestCaseExecutor.java:331)
	at com.kms.katalon.core.main.TestCaseExecutor.doExecute(TestCaseExecutor.java:322)
	at com.kms.katalon.core.main.TestCaseExecutor.processExecutionPhase(TestCaseExecutor.java:301)
	at com.kms.katalon.core.main.TestCaseExecutor.accessMainPhase(TestCaseExecutor.java:293)
	at com.kms.katalon.core.main.TestCaseExecutor.execute(TestCaseExecutor.java:227)
	at com.kms.katalon.core.main.TestSuiteExecutor.accessTestCaseMainPhase(TestSuiteExecutor.java:129)
	at com.kms.katalon.core.main.TestSuiteExecutor.accessTestSuiteMainPhase(TestSuiteExecutor.java:112)
	at com.kms.katalon.core.main.TestSuiteExecutor.execute(TestSuiteExecutor.java:81)
	at com.kms.katalon.core.main.TestCaseMain.startTestSuite(TestCaseMain.java:157)
	at com.kms.katalon.core.main.TestCaseMain$startTestSuite$0.call(Unknown Source)
	at TempTestSuite1558253547685.run(TempTestSuite1558253547685.groovy:35)


2019-05-19 11:37:23 - [MESSAGE][INFO] - Starting run keyword runFeatureFile: 'Include/features/Governance-Module/Add-Project/030-Verify-Documents-Page.feature' and extract report to folder: 'C:\Users\HP\git\PMO-Web-Application\Reports\First-Test-Suite\20190519_111227/cucumber_report/1558255043882'...

2019-05-19 11:37:24 - [TEST_CASE][PASSED] - Start Test Case : SCENARIO Verify documents page: SCENARIO Verify documents page

2019-05-19 11:37:24 - [TEST_STEP][PASSED] - I want to open browser: I want to open browser

2019-05-19 11:37:24 - [MESSAGE][INFO] - Starting 'Chrome' driver

2019-05-19 11:37:26 - [MESSAGE][PASSED] - Browser is opened with url: ''

2019-05-19 11:37:26 - [MESSAGE][PASSED] - Delete all cookies successfully

2019-05-19 11:37:26 - [MESSAGE][PASSED] - I want to open browser

2019-05-19 11:37:26 - [TEST_STEP][PASSED] - I want to maximize window: I want to maximize window

2019-05-19 11:37:27 - [MESSAGE][PASSED] - Current window maximized

2019-05-19 11:37:27 - [MESSAGE][PASSED] - I want to maximize window

2019-05-19 11:37:27 - [TEST_STEP][PASSED] - I want to go to OOB: I want to go to OOB

2019-05-19 11:37:28 - [MESSAGE][PASSED] - Navigate to 'https://pmoadmin:P@ssw0rd@dev5.cloudapp.net/OOB2/' successfully

2019-05-19 11:37:28 - [MESSAGE][PASSED] - I want to go to OOB

2019-05-19 11:37:28 - [TEST_STEP][PASSED] - I want to verify I'm in OOB main page: I want to verify I'm in OOB main page

2019-05-19 11:37:28 - [MESSAGE][WARNING] - Timeout '0' is invalid. Using default page load timeout: '30'

2019-05-19 11:37:37 - [MESSAGE][PASSED] - Object 'Object Repository/OOBObjects/HomepageObjects/OOBSideBar' is present

2019-05-19 11:37:37 - [MESSAGE][PASSED] - I want to verify I'm in OOB main page

2019-05-19 11:37:37 - [TEST_STEP][PASSED] - I want to go to projects list: I want to go to projects list

2019-05-19 11:37:41 - [MESSAGE][PASSED] - Delayed 4 second(s)

2019-05-19 11:37:51 - [MESSAGE][PASSED] - Object: 'Object Repository/OOBObjects/HomepageObjects/ProjectsList' is clicked on

2019-05-19 11:37:51 - [MESSAGE][PASSED] - I want to go to projects list

2019-05-19 11:37:51 - [TEST_STEP][PASSED] - I want to verify project list page: I want to verify project list page

2019-05-19 11:37:51 - [MESSAGE][WARNING] - Timeout '0' is invalid. Using default page load timeout: '30'

2019-05-19 11:37:51 - [MESSAGE][PASSED] - Object 'Object Repository/OOBObjects/ProjectsListObjects/ProjectsListTitle' is present

2019-05-19 11:37:51 - [MESSAGE][WARNING] - Timeout '0' is invalid. Using default page load timeout: '30'

2019-05-19 11:37:51 - [MESSAGE][PASSED] - Object 'Object Repository/OOBObjects/ProjectsListObjects/ProjectCodeColumn' is present

2019-05-19 11:37:51 - [MESSAGE][WARNING] - Timeout '0' is invalid. Using default page load timeout: '30'

2019-05-19 11:37:51 - [MESSAGE][PASSED] - Object 'Object Repository/OOBObjects/ProjectsListObjects/ProjectNameColumn' is present

2019-05-19 11:37:51 - [MESSAGE][WARNING] - Timeout '0' is invalid. Using default page load timeout: '30'

2019-05-19 11:37:51 - [MESSAGE][PASSED] - Object 'Object Repository/OOBObjects/ProjectsListObjects/ProjectStatusColumn' is present

2019-05-19 11:37:51 - [MESSAGE][WARNING] - Timeout '0' is invalid. Using default page load timeout: '30'

2019-05-19 11:37:51 - [MESSAGE][PASSED] - Object 'Object Repository/OOBObjects/ProjectsListObjects/ProjectStageColumn' is present

2019-05-19 11:37:51 - [MESSAGE][WARNING] - Timeout '0' is invalid. Using default page load timeout: '30'

2019-05-19 11:37:51 - [MESSAGE][PASSED] - Object 'Object Repository/OOBObjects/ProjectsListObjects/ActionsColumn' is present

2019-05-19 11:37:51 - [MESSAGE][PASSED] - I want to verify project list page

2019-05-19 11:37:51 - [TEST_STEP][PASSED] - I want to click Add new project button: I want to click Add new project button

2019-05-19 11:37:55 - [MESSAGE][PASSED] - Object: 'Object Repository/OOBObjects/ProjectsListObjects/AddNewProject' is clicked on

2019-05-19 11:37:55 - [MESSAGE][PASSED] - I want to click Add new project button

2019-05-19 11:37:55 - [TEST_STEP][PASSED] - I want to fill project name: I want to fill project name

2019-05-19 11:37:55 - [MESSAGE][PASSED] - Text 'Automation Project1939' is set on object 'Object Repository/OOBObjects/ProjectsListObjects/ProjectNameField'

2019-05-19 11:37:55 - [MESSAGE][PASSED] - I want to fill project name

2019-05-19 11:37:55 - [TEST_STEP][PASSED] - I want to select project type: I want to select project type

2019-05-19 11:37:55 - [MESSAGE][PASSED] - All options with index in [1] are selected on object 'Object Repository/OOBObjects/ProjectsListObjects/ProjectTypeDropDwon'

2019-05-19 11:37:55 - [MESSAGE][PASSED] - I want to select project type

2019-05-19 11:37:55 - [TEST_STEP][PASSED] - I want to select project expected start date: I want to select project expected start date

2019-05-19 11:37:55 - [MESSAGE][PASSED] - Object: 'Object Repository/OOBObjects/ProjectsListObjects/GREGORIANStartDate' is clicked on

2019-05-19 11:37:55 - [MESSAGE][PASSED] - Object: 'Object Repository/OOBObjects/ProjectsListObjects/PlannedStartDate' is clicked on

2019-05-19 11:37:55 - [MESSAGE][PASSED] - Object: 'Object Repository/OOBObjects/ProjectsListObjects/DayThirtyStartDate' is hovered

2019-05-19 11:37:55 - [MESSAGE][PASSED] - Object: 'Object Repository/OOBObjects/ProjectsListObjects/DayThirtyStartDate' is clicked on

2019-05-19 11:37:55 - [MESSAGE][PASSED] - I want to select project expected start date

2019-05-19 11:37:55 - [TEST_STEP][PASSED] - I want to select project expected end date: I want to select project expected end date

2019-05-19 11:37:56 - [MESSAGE][PASSED] - Object 'Object Repository/OOBObjects/ProjectsListObjects/GREGORIANEndDate' is visible

2019-05-19 11:37:56 - [MESSAGE][PASSED] - Object: 'Object Repository/OOBObjects/ProjectsListObjects/GREGORIANEndDate' is clicked on

2019-05-19 11:37:58 - [MESSAGE][PASSED] - Delayed 2 second(s)

2019-05-19 11:37:58 - [MESSAGE][PASSED] - Object: 'Object Repository/OOBObjects/ProjectsListObjects/PlannedEndDate' is hovered

2019-05-19 11:37:58 - [MESSAGE][PASSED] - Object: 'Object Repository/OOBObjects/ProjectsListObjects/PlannedEndDate' is clicked on

2019-05-19 11:37:58 - [MESSAGE][PASSED] - All options with index in [6] are selected on object 'Object Repository/OOBObjects/ProjectsListObjects/ProjectEndDateMonthDropDown'

2019-05-19 11:37:58 - [MESSAGE][PASSED] - Object: 'Object Repository/OOBObjects/ProjectsListObjects/DayTwintyEndDate' is hovered

2019-05-19 11:37:58 - [MESSAGE][PASSED] - Object: 'Object Repository/OOBObjects/ProjectsListObjects/DayTwintyEndDate' is clicked on

2019-05-19 11:37:58 - [MESSAGE][PASSED] - I want to select project expected end date

2019-05-19 11:37:58 - [TEST_STEP][PASSED] - I want to fill project budget: I want to fill project budget

2019-05-19 11:37:58 - [MESSAGE][PASSED] - Text '10000' is set on object 'Object Repository/OOBObjects/ProjectsListObjects/ProjectExpectedBudget'

2019-05-19 11:37:58 - [MESSAGE][PASSED] - I want to fill project budget

2019-05-19 11:37:58 - [TEST_STEP][PASSED] - I want to select from owner deopdown list: I want to select from owner deopdown list

2019-05-19 11:37:58 - [MESSAGE][PASSED] - All options with index in [1] are selected on object 'Object Repository/OOBObjects/ProjectsListObjects/OwnerDropdown'

2019-05-19 11:37:58 - [MESSAGE][PASSED] - I want to select from owner deopdown list

2019-05-19 11:37:58 - [TEST_STEP][PASSED] - I want to fill project manager field: I want to fill project manager field

2019-05-19 11:37:58 - [MESSAGE][WARNING] - Timeout '0' is invalid. Using default page load timeout: '30'

2019-05-19 11:37:58 - [MESSAGE][PASSED] - Scroll to object 'Object Repository/OOBObjects/ProjectsListObjects/Duration' successfully

2019-05-19 11:37:58 - [MESSAGE][PASSED] - Text 'النظام' is set on object 'Object Repository/OOBObjects/ProjectsListObjects/ProjectMangerField'

2019-05-19 11:37:58 - [MESSAGE][PASSED] - I want to fill project manager field

2019-05-19 11:37:58 - [TEST_STEP][PASSED] - I want to tap enter key on manager field: I want to tap enter key on manager field

2019-05-19 11:37:58 - [MESSAGE][PASSED] - Keys 'ENTER + ' sent to object: 'Object Repository/OOBObjects/ProjectsListObjects/ProjectMangerField'

2019-05-19 11:37:58 - [MESSAGE][PASSED] - I want to tap enter key on manager field

2019-05-19 11:37:58 - [TEST_STEP][PASSED] - I want to fill project owner field: I want to fill project owner field

2019-05-19 11:37:59 - [MESSAGE][PASSED] - Text 'النظام' is set on object 'Object Repository/OOBObjects/ProjectsListObjects/ProjectOwnerField'

2019-05-19 11:37:59 - [MESSAGE][PASSED] - I want to fill project owner field

2019-05-19 11:37:59 - [TEST_STEP][PASSED] - I want to tap enter key on owner field: I want to tap enter key on owner field

2019-05-19 11:37:59 - [MESSAGE][PASSED] - Keys 'ENTER + ' sent to object: 'Object Repository/OOBObjects/ProjectsListObjects/ProjectOwnerField'

2019-05-19 11:37:59 - [MESSAGE][PASSED] - I want to tap enter key on owner field

2019-05-19 11:37:59 - [TEST_STEP][PASSED] - I want to fill project sponser field: I want to fill project sponser field

2019-05-19 11:37:59 - [MESSAGE][PASSED] - Text 'النظام' is set on object 'Object Repository/OOBObjects/ProjectsListObjects/ProjectSponsorField'

2019-05-19 11:37:59 - [MESSAGE][PASSED] - I want to fill project sponser field

2019-05-19 11:37:59 - [TEST_STEP][PASSED] - I want to tap enter key on sponser field: I want to tap enter key on sponser field

2019-05-19 11:37:59 - [MESSAGE][PASSED] - Keys 'ENTER + ' sent to object: 'Object Repository/OOBObjects/ProjectsListObjects/ProjectSponsorField'

2019-05-19 11:37:59 - [MESSAGE][PASSED] - I want to tap enter key on sponser field

2019-05-19 11:37:59 - [TEST_STEP][PASSED] - I want to fill project description field: I want to fill project description field

2019-05-19 11:37:59 - [MESSAGE][PASSED] - Text 'test description' is set on object 'Object Repository/OOBObjects/ProjectsListObjects/ProjectDescriptionField'

2019-05-19 11:37:59 - [MESSAGE][PASSED] - I want to fill project description field

2019-05-19 11:37:59 - [TEST_STEP][PASSED] - I want to fill project notes field: I want to fill project notes field

2019-05-19 11:37:59 - [MESSAGE][PASSED] - Text 'test notes' is set on object 'Object Repository/OOBObjects/ProjectsListObjects/ProjectNotesField'

2019-05-19 11:37:59 - [MESSAGE][PASSED] - I want to fill project notes field

2019-05-19 11:37:59 - [TEST_STEP][PASSED] - I want to add attachment for the project: I want to add attachment for the project

2019-05-19 11:37:59 - [MESSAGE][PASSED] - Object: 'Object Repository/OOBObjects/ProjectsListObjects/ProjectAddNewDocumentButton' is clicked on

2019-05-19 11:37:59 - [MESSAGE][WARNING] - Timeout '0' is invalid. Using default page load timeout: '30'

2019-05-19 11:37:59 - [MESSAGE][PASSED] - Scroll to object 'Object Repository/OOBObjects/ProjectsListObjects/ProjectAddNewDocumentButton' successfully

2019-05-19 11:37:59 - [MESSAGE][PASSED] - File 'C:\Users\HP\Desktop\download.png' sent to object: 'Object Repository/OOBObjects/ProjectsListObjects/ProjectUploadFile'

2019-05-19 11:37:59 - [MESSAGE][WARNING] - Timeout '0' is invalid. Using default page load timeout: '30'

2019-05-19 11:38:00 - [MESSAGE][PASSED] - Object 'Object Repository/OOBObjects/ProjectsListObjects/ProjectAttachedFile' is present

2019-05-19 11:38:00 - [MESSAGE][PASSED] - Object: 'Object Repository/OOBObjects/ProjectsListObjects/ProjectLoadButton' is clicked on

2019-05-19 11:38:00 - [MESSAGE][PASSED] - I want to add attachment for the project

2019-05-19 11:38:00 - [TEST_STEP][PASSED] - I want to wait: I want to wait

2019-05-19 11:38:03 - [MESSAGE][PASSED] - Delayed 3 second(s)

2019-05-19 11:38:03 - [MESSAGE][PASSED] - I want to wait

2019-05-19 11:38:03 - [TEST_STEP][PASSED] - I want to click on send project button: I want to click on send project button

2019-05-19 11:38:08 - [MESSAGE][PASSED] - Delayed 5 second(s)

2019-05-19 11:38:08 - [MESSAGE][PASSED] - Wait for page load successfully

2019-05-19 11:38:08 - [MESSAGE][PASSED] - Object: 'Object Repository/OOBObjects/ProjectsListObjects/SendProjectButton' is clicked on

2019-05-19 11:38:08 - [MESSAGE][PASSED] - I want to click on send project button

2019-05-19 11:38:08 - [TEST_STEP][PASSED] - I want to wait for page load: I want to wait for page load

2019-05-19 11:38:08 - [MESSAGE][PASSED] - Wait for page load successfully

2019-05-19 11:38:08 - [MESSAGE][PASSED] - I want to wait for page load

2019-05-19 11:38:08 - [TEST_STEP][PASSED] - I want to check im in projects list page: I want to check im in projects list page

2019-05-19 11:38:53 - [MESSAGE][PASSED] - Delayed 45 second(s)

2019-05-19 11:39:16 - [MESSAGE][PASSED] - Object 'Object Repository/OOBObjects/ProjectsListObjects/ProjectsListTitle' is present

2019-05-19 11:39:16 - [MESSAGE][WARNING] - Timeout '0' is invalid. Using default page load timeout: '30'

2019-05-19 11:39:16 - [MESSAGE][PASSED] - Object 'Object Repository/OOBObjects/ProjectsListObjects/ProjectsListTitle' is present

2019-05-19 11:39:16 - [MESSAGE][PASSED] - I want to check im in projects list page

2019-05-19 11:39:16 - [TEST_STEP][PASSED] - I want to search for crated project by name: I want to search for crated project by name

2019-05-19 11:39:16 - [MESSAGE][PASSED] - Wait for page load successfully

2019-05-19 11:39:16 - [MESSAGE][PASSED] - Object: 'Object Repository/OOBObjects/ProjectsListObjects/ProjectSearchField' is hovered

2019-05-19 11:39:17 - [MESSAGE][PASSED] - Text 'Automation Project1939' is set on object 'Object Repository/OOBObjects/ProjectsListObjects/ProjectSearchField'

2019-05-19 11:39:19 - [MESSAGE][PASSED] - Actual text and expected text of test object 'Object Repository/OOBObjects/ProjectsListObjects/FirstProjectName' are matched.

2019-05-19 11:39:19 - [MESSAGE][PASSED] - I want to search for crated project by name

2019-05-19 11:39:19 - [TEST_STEP][PASSED] - I want to view project page: I want to view project page

2019-05-19 11:39:33 - [MESSAGE][PASSED] - Object: 'Object Repository/OOBObjects/ProjectsListObjects/ProjectNameLink' is clicked on

2019-05-19 11:39:33 - [MESSAGE][WARNING] - Timeout '0' is invalid. Using default page load timeout: '30'

2019-05-19 11:39:33 - [MESSAGE][PASSED] - Object 'Object Repository/OOBObjects/ProjectsListObjects/SupportFomMenue' is present

2019-05-19 11:39:33 - [MESSAGE][PASSED] - I want to view project page

2019-05-19 11:39:33 - [TEST_STEP][NOT_RUN] - I want to verify documents page page: I want to verify documents page page

2019-05-19 11:39:33 - [MESSAGE][NOT_RUN] - I want to verify documents page page

2019-05-19 11:39:33 - [MESSAGE][FAILED] - Feature file 'Include/features/Governance-Module/Add-Project/030-Verify-Documents-Page.feature' was failed

2019-05-19 11:39:33 - [MESSAGE][FAILED] - Keyword runFeatureFile was failed (Root cause: com.kms.katalon.core.exception.StepFailedException: Feature file 'Include/features/Governance-Module/Add-Project/030-Verify-Documents-Page.feature' was failed
	at com.kms.katalon.core.keyword.internal.KeywordMain.stepFailed(KeywordMain.groovy:48)
	at com.kms.katalon.core.keyword.internal.KeywordMain.stepFailed(KeywordMain.groovy)
	at com.kms.katalon.core.keyword.internal.KeywordMain.stepFailed(KeywordMain.groovy:21)
	at com.kms.katalon.core.keyword.internal.KeywordMain$stepFailed$0.call(Unknown Source)
	at com.kms.katalon.core.cucumber.keyword.CucumberBuiltinKeywords$_runFeatureFile_closure1.doCall(CucumberBuiltinKeywords.groovy:82)
	at com.kms.katalon.core.cucumber.keyword.CucumberBuiltinKeywords$_runFeatureFile_closure1.doCall(CucumberBuiltinKeywords.groovy)
	at com.kms.katalon.core.keyword.internal.KeywordMain.runKeyword(KeywordMain.groovy:66)
	at com.kms.katalon.core.keyword.internal.KeywordMain$runKeyword.call(Unknown Source)
	at com.kms.katalon.core.cucumber.keyword.CucumberBuiltinKeywords.runFeatureFile(CucumberBuiltinKeywords.groovy:46)
	at com.kms.katalon.core.cucumber.keyword.CucumberBuiltinKeywords$runFeatureFile$0.callStatic(Unknown Source)
	at com.kms.katalon.core.cucumber.keyword.CucumberBuiltinKeywords.runFeatureFile(CucumberBuiltinKeywords.groovy:101)
	at com.kms.katalon.core.cucumber.keyword.CucumberBuiltinKeywords$runFeatureFile.call(Unknown Source)
	at 030-Verify-Documents-Page.run(030-Verify-Documents-Page:16)
	at com.kms.katalon.core.main.ScriptEngine.run(ScriptEngine.java:194)
	at com.kms.katalon.core.main.ScriptEngine.runScriptAsRawText(ScriptEngine.java:119)
	at com.kms.katalon.core.main.TestCaseExecutor.runScript(TestCaseExecutor.java:331)
	at com.kms.katalon.core.main.TestCaseExecutor.doExecute(TestCaseExecutor.java:322)
	at com.kms.katalon.core.main.TestCaseExecutor.processExecutionPhase(TestCaseExecutor.java:301)
	at com.kms.katalon.core.main.TestCaseExecutor.accessMainPhase(TestCaseExecutor.java:293)
	at com.kms.katalon.core.main.TestCaseExecutor.execute(TestCaseExecutor.java:227)
	at com.kms.katalon.core.main.TestSuiteExecutor.accessTestCaseMainPhase(TestSuiteExecutor.java:129)
	at com.kms.katalon.core.main.TestSuiteExecutor.accessTestSuiteMainPhase(TestSuiteExecutor.java:112)
	at com.kms.katalon.core.main.TestSuiteExecutor.execute(TestSuiteExecutor.java:81)
	at com.kms.katalon.core.main.TestCaseMain.startTestSuite(TestCaseMain.java:157)
	at com.kms.katalon.core.main.TestCaseMain$startTestSuite$0.call(Unknown Source)
	at TempTestSuite1558253547685.run(TempTestSuite1558253547685.groovy:35)
)

2019-05-19 11:39:33 - [MESSAGE][FAILED] - runFeatureFile("Include/features/Governance-Module/Add-Project/030-Verify-Documents-Page.feature") FAILED.
Reason:
com.kms.katalon.core.exception.StepFailedException: Feature file 'Include/features/Governance-Module/Add-Project/030-Verify-Documents-Page.feature' was failed
	at com.kms.katalon.core.keyword.internal.KeywordMain.stepFailed(KeywordMain.groovy:48)
	at com.kms.katalon.core.keyword.internal.KeywordMain.stepFailed(KeywordMain.groovy)
	at com.kms.katalon.core.keyword.internal.KeywordMain.stepFailed(KeywordMain.groovy:21)
	at com.kms.katalon.core.keyword.internal.KeywordMain$stepFailed$0.call(Unknown Source)
	at com.kms.katalon.core.cucumber.keyword.CucumberBuiltinKeywords$_runFeatureFile_closure1.doCall(CucumberBuiltinKeywords.groovy:82)
	at com.kms.katalon.core.cucumber.keyword.CucumberBuiltinKeywords$_runFeatureFile_closure1.doCall(CucumberBuiltinKeywords.groovy)
	at com.kms.katalon.core.keyword.internal.KeywordMain.runKeyword(KeywordMain.groovy:66)
	at com.kms.katalon.core.keyword.internal.KeywordMain$runKeyword.call(Unknown Source)
	at com.kms.katalon.core.cucumber.keyword.CucumberBuiltinKeywords.runFeatureFile(CucumberBuiltinKeywords.groovy:46)
	at com.kms.katalon.core.cucumber.keyword.CucumberBuiltinKeywords$runFeatureFile$0.callStatic(Unknown Source)
	at com.kms.katalon.core.cucumber.keyword.CucumberBuiltinKeywords.runFeatureFile(CucumberBuiltinKeywords.groovy:101)
	at com.kms.katalon.core.cucumber.keyword.CucumberBuiltinKeywords$runFeatureFile.call(Unknown Source)
	at 030-Verify-Documents-Page.run(030-Verify-Documents-Page:16)
	at com.kms.katalon.core.main.ScriptEngine.run(ScriptEngine.java:194)
	at com.kms.katalon.core.main.ScriptEngine.runScriptAsRawText(ScriptEngine.java:119)
	at com.kms.katalon.core.main.TestCaseExecutor.runScript(TestCaseExecutor.java:331)
	at com.kms.katalon.core.main.TestCaseExecutor.doExecute(TestCaseExecutor.java:322)
	at com.kms.katalon.core.main.TestCaseExecutor.processExecutionPhase(TestCaseExecutor.java:301)
	at com.kms.katalon.core.main.TestCaseExecutor.accessMainPhase(TestCaseExecutor.java:293)
	at com.kms.katalon.core.main.TestCaseExecutor.execute(TestCaseExecutor.java:227)
	at com.kms.katalon.core.main.TestSuiteExecutor.accessTestCaseMainPhase(TestSuiteExecutor.java:129)
	at com.kms.katalon.core.main.TestSuiteExecutor.accessTestSuiteMainPhase(TestSuiteExecutor.java:112)
	at com.kms.katalon.core.main.TestSuiteExecutor.execute(TestSuiteExecutor.java:81)
	at com.kms.katalon.core.main.TestCaseMain.startTestSuite(TestCaseMain.java:157)
	at com.kms.katalon.core.main.TestCaseMain$startTestSuite$0.call(Unknown Source)
	at TempTestSuite1558253547685.run(TempTestSuite1558253547685.groovy:35)]]></system-out>
         <system-err><![CDATA[2019-05-19 11:37:23 - [TEST_CASE][FAILED] - Test Cases/Add-Project-Test-Cases/030-Verify-Documents-Page: Test Cases/Add-Project-Test-Cases/030-Verify-Documents-Page FAILED.
Reason:
com.kms.katalon.core.exception.StepFailedException: Feature file 'Include/features/Governance-Module/Add-Project/030-Verify-Documents-Page.feature' was failed
	at com.kms.katalon.core.keyword.internal.KeywordMain.stepFailed(KeywordMain.groovy:48)
	at com.kms.katalon.core.keyword.internal.KeywordMain.stepFailed(KeywordMain.groovy)
	at com.kms.katalon.core.keyword.internal.KeywordMain.stepFailed(KeywordMain.groovy:21)
	at com.kms.katalon.core.keyword.internal.KeywordMain$stepFailed$0.call(Unknown Source)
	at com.kms.katalon.core.cucumber.keyword.CucumberBuiltinKeywords$_runFeatureFile_closure1.doCall(CucumberBuiltinKeywords.groovy:82)
	at com.kms.katalon.core.cucumber.keyword.CucumberBuiltinKeywords$_runFeatureFile_closure1.doCall(CucumberBuiltinKeywords.groovy)
	at com.kms.katalon.core.keyword.internal.KeywordMain.runKeyword(KeywordMain.groovy:66)
	at com.kms.katalon.core.keyword.internal.KeywordMain$runKeyword.call(Unknown Source)
	at com.kms.katalon.core.cucumber.keyword.CucumberBuiltinKeywords.runFeatureFile(CucumberBuiltinKeywords.groovy:46)
	at com.kms.katalon.core.cucumber.keyword.CucumberBuiltinKeywords$runFeatureFile$0.callStatic(Unknown Source)
	at com.kms.katalon.core.cucumber.keyword.CucumberBuiltinKeywords.runFeatureFile(CucumberBuiltinKeywords.groovy:101)
	at com.kms.katalon.core.cucumber.keyword.CucumberBuiltinKeywords$runFeatureFile.call(Unknown Source)
	at 030-Verify-Documents-Page.run(030-Verify-Documents-Page:16)
	at com.kms.katalon.core.main.ScriptEngine.run(ScriptEngine.java:194)
	at com.kms.katalon.core.main.ScriptEngine.runScriptAsRawText(ScriptEngine.java:119)
	at com.kms.katalon.core.main.TestCaseExecutor.runScript(TestCaseExecutor.java:331)
	at com.kms.katalon.core.main.TestCaseExecutor.doExecute(TestCaseExecutor.java:322)
	at com.kms.katalon.core.main.TestCaseExecutor.processExecutionPhase(TestCaseExecutor.java:301)
	at com.kms.katalon.core.main.TestCaseExecutor.accessMainPhase(TestCaseExecutor.java:293)
	at com.kms.katalon.core.main.TestCaseExecutor.execute(TestCaseExecutor.java:227)
	at com.kms.katalon.core.main.TestSuiteExecutor.accessTestCaseMainPhase(TestSuiteExecutor.java:129)
	at com.kms.katalon.core.main.TestSuiteExecutor.accessTestSuiteMainPhase(TestSuiteExecutor.java:112)
	at com.kms.katalon.core.main.TestSuiteExecutor.execute(TestSuiteExecutor.java:81)
	at com.kms.katalon.core.main.TestCaseMain.startTestSuite(TestCaseMain.java:157)
	at com.kms.katalon.core.main.TestCaseMain$startTestSuite$0.call(Unknown Source)
	at TempTestSuite1558253547685.run(TempTestSuite1558253547685.groovy:35)]]></system-err>
      </testcase>
      <testcase name="Test Cases/Add-Project-Test-Cases/031-Upload-Attachment-File-From-Documents-Page" classname="Test Cases/Add-Project-Test-Cases/031-Upload-Attachment-File-From-Documents-Page" status="PASSED">
         <system-out><![CDATA[2019-05-19 11:39:33 - [TEST_CASE][PASSED] - Test Cases/Add-Project-Test-Cases/031-Upload-Attachment-File-From-Documents-Page: Test Cases/Add-Project-Test-Cases/031-Upload-Attachment-File-From-Documents-Page

2019-05-19 11:39:33 - [TEST_STEP][PASSED] - runFeatureFile("Include/features/Governance-Module/Add-Project/031-Upload-Attachment-File-From-Documents-Page.feature"): Feature file: 'Include/features/Governance-Module/Add-Project/031-Upload-Attachment-File-From-Documents-Page.feature' was passed

2019-05-19 11:39:33 - [MESSAGE][INFO] - Starting run keyword runFeatureFile: 'Include/features/Governance-Module/Add-Project/031-Upload-Attachment-File-From-Documents-Page.feature' and extract report to folder: 'C:\Users\HP\git\PMO-Web-Application\Reports\First-Test-Suite\20190519_111227/cucumber_report/1558255173857'...

2019-05-19 11:39:34 - [TEST_CASE][PASSED] - Start Test Case : SCENARIO Upload attachment file from documents page: SCENARIO Upload attachment file from documents page

2019-05-19 11:39:34 - [TEST_STEP][PASSED] - I want to open browser: I want to open browser

2019-05-19 11:39:34 - [MESSAGE][WARNING] - A browser is already opened. Closing browser and opening a new one

2019-05-19 11:39:34 - [MESSAGE][INFO] - Starting 'Chrome' driver

2019-05-19 11:39:36 - [MESSAGE][PASSED] - Browser is opened with url: ''

2019-05-19 11:39:36 - [MESSAGE][PASSED] - Delete all cookies successfully

2019-05-19 11:39:36 - [MESSAGE][PASSED] - I want to open browser

2019-05-19 11:39:36 - [TEST_STEP][PASSED] - I want to maximize window: I want to maximize window

2019-05-19 11:39:37 - [MESSAGE][PASSED] - Current window maximized

2019-05-19 11:39:38 - [MESSAGE][PASSED] - I want to maximize window

2019-05-19 11:39:38 - [TEST_STEP][PASSED] - I want to go to OOB: I want to go to OOB

2019-05-19 11:39:39 - [MESSAGE][PASSED] - Navigate to 'https://pmoadmin:P@ssw0rd@dev5.cloudapp.net/OOB2/' successfully

2019-05-19 11:39:39 - [MESSAGE][PASSED] - I want to go to OOB

2019-05-19 11:39:39 - [TEST_STEP][PASSED] - I want to verify I'm in OOB main page: I want to verify I'm in OOB main page

2019-05-19 11:39:39 - [MESSAGE][WARNING] - Timeout '0' is invalid. Using default page load timeout: '30'

2019-05-19 11:39:54 - [MESSAGE][PASSED] - Object 'Object Repository/OOBObjects/HomepageObjects/OOBSideBar' is present

2019-05-19 11:39:54 - [MESSAGE][PASSED] - I want to verify I'm in OOB main page

2019-05-19 11:39:54 - [TEST_STEP][PASSED] - I want to go to projects list: I want to go to projects list

2019-05-19 11:39:58 - [MESSAGE][PASSED] - Delayed 4 second(s)

2019-05-19 11:40:03 - [MESSAGE][PASSED] - Object: 'Object Repository/OOBObjects/HomepageObjects/ProjectsList' is clicked on

2019-05-19 11:40:03 - [MESSAGE][PASSED] - I want to go to projects list

2019-05-19 11:40:03 - [TEST_STEP][PASSED] - I want to verify project list page: I want to verify project list page

2019-05-19 11:40:03 - [MESSAGE][WARNING] - Timeout '0' is invalid. Using default page load timeout: '30'

2019-05-19 11:40:03 - [MESSAGE][PASSED] - Object 'Object Repository/OOBObjects/ProjectsListObjects/ProjectsListTitle' is present

2019-05-19 11:40:03 - [MESSAGE][WARNING] - Timeout '0' is invalid. Using default page load timeout: '30'

2019-05-19 11:40:03 - [MESSAGE][PASSED] - Object 'Object Repository/OOBObjects/ProjectsListObjects/ProjectCodeColumn' is present

2019-05-19 11:40:03 - [MESSAGE][WARNING] - Timeout '0' is invalid. Using default page load timeout: '30'

2019-05-19 11:40:03 - [MESSAGE][PASSED] - Object 'Object Repository/OOBObjects/ProjectsListObjects/ProjectNameColumn' is present

2019-05-19 11:40:03 - [MESSAGE][WARNING] - Timeout '0' is invalid. Using default page load timeout: '30'

2019-05-19 11:40:03 - [MESSAGE][PASSED] - Object 'Object Repository/OOBObjects/ProjectsListObjects/ProjectStatusColumn' is present

2019-05-19 11:40:03 - [MESSAGE][WARNING] - Timeout '0' is invalid. Using default page load timeout: '30'

2019-05-19 11:40:03 - [MESSAGE][PASSED] - Object 'Object Repository/OOBObjects/ProjectsListObjects/ProjectStageColumn' is present

2019-05-19 11:40:03 - [MESSAGE][WARNING] - Timeout '0' is invalid. Using default page load timeout: '30'

2019-05-19 11:40:03 - [MESSAGE][PASSED] - Object 'Object Repository/OOBObjects/ProjectsListObjects/ActionsColumn' is present

2019-05-19 11:40:03 - [MESSAGE][PASSED] - I want to verify project list page

2019-05-19 11:40:03 - [TEST_STEP][PASSED] - I want to click Add new project button: I want to click Add new project button

2019-05-19 11:40:08 - [MESSAGE][PASSED] - Object: 'Object Repository/OOBObjects/ProjectsListObjects/AddNewProject' is clicked on

2019-05-19 11:40:08 - [MESSAGE][PASSED] - I want to click Add new project button

2019-05-19 11:40:08 - [TEST_STEP][PASSED] - I want to fill project name: I want to fill project name

2019-05-19 11:40:08 - [MESSAGE][PASSED] - Text 'Automation Project8223' is set on object 'Object Repository/OOBObjects/ProjectsListObjects/ProjectNameField'

2019-05-19 11:40:08 - [MESSAGE][PASSED] - I want to fill project name

2019-05-19 11:40:08 - [TEST_STEP][PASSED] - I want to select project type: I want to select project type

2019-05-19 11:40:09 - [MESSAGE][PASSED] - All options with index in [1] are selected on object 'Object Repository/OOBObjects/ProjectsListObjects/ProjectTypeDropDwon'

2019-05-19 11:40:09 - [MESSAGE][PASSED] - I want to select project type

2019-05-19 11:40:09 - [TEST_STEP][PASSED] - I want to select project expected start date: I want to select project expected start date

2019-05-19 11:40:09 - [MESSAGE][PASSED] - Object: 'Object Repository/OOBObjects/ProjectsListObjects/GREGORIANStartDate' is clicked on

2019-05-19 11:40:09 - [MESSAGE][PASSED] - Object: 'Object Repository/OOBObjects/ProjectsListObjects/PlannedStartDate' is clicked on

2019-05-19 11:40:09 - [MESSAGE][PASSED] - Object: 'Object Repository/OOBObjects/ProjectsListObjects/DayThirtyStartDate' is hovered

2019-05-19 11:40:09 - [MESSAGE][PASSED] - Object: 'Object Repository/OOBObjects/ProjectsListObjects/DayThirtyStartDate' is clicked on

2019-05-19 11:40:09 - [MESSAGE][PASSED] - I want to select project expected start date

2019-05-19 11:40:09 - [TEST_STEP][PASSED] - I want to select project expected end date: I want to select project expected end date

2019-05-19 11:40:09 - [MESSAGE][PASSED] - Object 'Object Repository/OOBObjects/ProjectsListObjects/GREGORIANEndDate' is visible

2019-05-19 11:40:09 - [MESSAGE][PASSED] - Object: 'Object Repository/OOBObjects/ProjectsListObjects/GREGORIANEndDate' is clicked on

2019-05-19 11:40:11 - [MESSAGE][PASSED] - Delayed 2 second(s)

2019-05-19 11:40:11 - [MESSAGE][PASSED] - Object: 'Object Repository/OOBObjects/ProjectsListObjects/PlannedEndDate' is hovered

2019-05-19 11:40:11 - [MESSAGE][PASSED] - Object: 'Object Repository/OOBObjects/ProjectsListObjects/PlannedEndDate' is clicked on

2019-05-19 11:40:11 - [MESSAGE][PASSED] - All options with index in [6] are selected on object 'Object Repository/OOBObjects/ProjectsListObjects/ProjectEndDateMonthDropDown'

2019-05-19 11:40:11 - [MESSAGE][PASSED] - Object: 'Object Repository/OOBObjects/ProjectsListObjects/DayTwintyEndDate' is hovered

2019-05-19 11:40:11 - [MESSAGE][PASSED] - Object: 'Object Repository/OOBObjects/ProjectsListObjects/DayTwintyEndDate' is clicked on

2019-05-19 11:40:11 - [MESSAGE][PASSED] - I want to select project expected end date

2019-05-19 11:40:11 - [TEST_STEP][PASSED] - I want to fill project budget: I want to fill project budget

2019-05-19 11:40:11 - [MESSAGE][PASSED] - Text '10000' is set on object 'Object Repository/OOBObjects/ProjectsListObjects/ProjectExpectedBudget'

2019-05-19 11:40:11 - [MESSAGE][PASSED] - I want to fill project budget

2019-05-19 11:40:11 - [TEST_STEP][PASSED] - I want to select from owner deopdown list: I want to select from owner deopdown list

2019-05-19 11:40:12 - [MESSAGE][PASSED] - All options with index in [1] are selected on object 'Object Repository/OOBObjects/ProjectsListObjects/OwnerDropdown'

2019-05-19 11:40:12 - [MESSAGE][PASSED] - I want to select from owner deopdown list

2019-05-19 11:40:12 - [TEST_STEP][PASSED] - I want to fill project manager field: I want to fill project manager field

2019-05-19 11:40:12 - [MESSAGE][WARNING] - Timeout '0' is invalid. Using default page load timeout: '30'

2019-05-19 11:40:12 - [MESSAGE][PASSED] - Scroll to object 'Object Repository/OOBObjects/ProjectsListObjects/Duration' successfully

2019-05-19 11:40:12 - [MESSAGE][PASSED] - Text 'النظام' is set on object 'Object Repository/OOBObjects/ProjectsListObjects/ProjectMangerField'

2019-05-19 11:40:12 - [MESSAGE][PASSED] - I want to fill project manager field

2019-05-19 11:40:12 - [TEST_STEP][PASSED] - I want to tap enter key on manager field: I want to tap enter key on manager field

2019-05-19 11:40:12 - [MESSAGE][PASSED] - Keys 'ENTER + ' sent to object: 'Object Repository/OOBObjects/ProjectsListObjects/ProjectMangerField'

2019-05-19 11:40:12 - [MESSAGE][PASSED] - I want to tap enter key on manager field

2019-05-19 11:40:12 - [TEST_STEP][PASSED] - I want to fill project owner field: I want to fill project owner field

2019-05-19 11:40:12 - [MESSAGE][PASSED] - Text 'النظام' is set on object 'Object Repository/OOBObjects/ProjectsListObjects/ProjectOwnerField'

2019-05-19 11:40:12 - [MESSAGE][PASSED] - I want to fill project owner field

2019-05-19 11:40:12 - [TEST_STEP][PASSED] - I want to tap enter key on owner field: I want to tap enter key on owner field

2019-05-19 11:40:12 - [MESSAGE][PASSED] - Keys 'ENTER + ' sent to object: 'Object Repository/OOBObjects/ProjectsListObjects/ProjectOwnerField'

2019-05-19 11:40:12 - [MESSAGE][PASSED] - I want to tap enter key on owner field

2019-05-19 11:40:12 - [TEST_STEP][PASSED] - I want to fill project sponser field: I want to fill project sponser field

2019-05-19 11:40:12 - [MESSAGE][PASSED] - Text 'النظام' is set on object 'Object Repository/OOBObjects/ProjectsListObjects/ProjectSponsorField'

2019-05-19 11:40:12 - [MESSAGE][PASSED] - I want to fill project sponser field

2019-05-19 11:40:12 - [TEST_STEP][PASSED] - I want to tap enter key on sponser field: I want to tap enter key on sponser field

2019-05-19 11:40:12 - [MESSAGE][PASSED] - Keys 'ENTER + ' sent to object: 'Object Repository/OOBObjects/ProjectsListObjects/ProjectSponsorField'

2019-05-19 11:40:12 - [MESSAGE][PASSED] - I want to tap enter key on sponser field

2019-05-19 11:40:12 - [TEST_STEP][PASSED] - I want to fill project description field: I want to fill project description field

2019-05-19 11:40:12 - [MESSAGE][PASSED] - Text 'test description' is set on object 'Object Repository/OOBObjects/ProjectsListObjects/ProjectDescriptionField'

2019-05-19 11:40:12 - [MESSAGE][PASSED] - I want to fill project description field

2019-05-19 11:40:12 - [TEST_STEP][PASSED] - I want to fill project notes field: I want to fill project notes field

2019-05-19 11:40:12 - [MESSAGE][PASSED] - Text 'test notes' is set on object 'Object Repository/OOBObjects/ProjectsListObjects/ProjectNotesField'

2019-05-19 11:40:12 - [MESSAGE][PASSED] - I want to fill project notes field

2019-05-19 11:40:12 - [TEST_STEP][PASSED] - I want to add attachment for the project: I want to add attachment for the project

2019-05-19 11:40:12 - [MESSAGE][PASSED] - Object: 'Object Repository/OOBObjects/ProjectsListObjects/ProjectAddNewDocumentButton' is clicked on

2019-05-19 11:40:12 - [MESSAGE][WARNING] - Timeout '0' is invalid. Using default page load timeout: '30'

2019-05-19 11:40:12 - [MESSAGE][PASSED] - Scroll to object 'Object Repository/OOBObjects/ProjectsListObjects/ProjectAddNewDocumentButton' successfully

2019-05-19 11:40:12 - [MESSAGE][PASSED] - File 'C:\Users\HP\Desktop\download.png' sent to object: 'Object Repository/OOBObjects/ProjectsListObjects/ProjectUploadFile'

2019-05-19 11:40:12 - [MESSAGE][WARNING] - Timeout '0' is invalid. Using default page load timeout: '30'

2019-05-19 11:40:13 - [MESSAGE][PASSED] - Object 'Object Repository/OOBObjects/ProjectsListObjects/ProjectAttachedFile' is present

2019-05-19 11:40:13 - [MESSAGE][PASSED] - Object: 'Object Repository/OOBObjects/ProjectsListObjects/ProjectLoadButton' is clicked on

2019-05-19 11:40:13 - [MESSAGE][PASSED] - I want to add attachment for the project

2019-05-19 11:40:13 - [TEST_STEP][PASSED] - I want to wait: I want to wait

2019-05-19 11:40:16 - [MESSAGE][PASSED] - Delayed 3 second(s)

2019-05-19 11:40:16 - [MESSAGE][PASSED] - I want to wait

2019-05-19 11:40:16 - [TEST_STEP][PASSED] - I want to click on send project button: I want to click on send project button

2019-05-19 11:40:21 - [MESSAGE][PASSED] - Delayed 5 second(s)

2019-05-19 11:40:21 - [MESSAGE][PASSED] - Wait for page load successfully

2019-05-19 11:40:21 - [MESSAGE][PASSED] - Object: 'Object Repository/OOBObjects/ProjectsListObjects/SendProjectButton' is clicked on

2019-05-19 11:40:21 - [MESSAGE][PASSED] - I want to click on send project button

2019-05-19 11:40:21 - [TEST_STEP][PASSED] - I want to wait for page load: I want to wait for page load

2019-05-19 11:40:21 - [MESSAGE][PASSED] - Wait for page load successfully

2019-05-19 11:40:21 - [MESSAGE][PASSED] - I want to wait for page load

2019-05-19 11:40:21 - [TEST_STEP][PASSED] - I want to check im in projects list page: I want to check im in projects list page

2019-05-19 11:41:06 - [MESSAGE][PASSED] - Delayed 45 second(s)

2019-05-19 11:41:30 - [MESSAGE][PASSED] - Object 'Object Repository/OOBObjects/ProjectsListObjects/ProjectsListTitle' is present

2019-05-19 11:41:30 - [MESSAGE][WARNING] - Timeout '0' is invalid. Using default page load timeout: '30'

2019-05-19 11:41:30 - [MESSAGE][PASSED] - Object 'Object Repository/OOBObjects/ProjectsListObjects/ProjectsListTitle' is present

2019-05-19 11:41:30 - [MESSAGE][PASSED] - I want to check im in projects list page

2019-05-19 11:41:30 - [TEST_STEP][PASSED] - I want to search for crated project by name: I want to search for crated project by name

2019-05-19 11:41:30 - [MESSAGE][PASSED] - Wait for page load successfully

2019-05-19 11:41:30 - [MESSAGE][PASSED] - Object: 'Object Repository/OOBObjects/ProjectsListObjects/ProjectSearchField' is hovered

2019-05-19 11:41:30 - [MESSAGE][PASSED] - Text 'Automation Project8223' is set on object 'Object Repository/OOBObjects/ProjectsListObjects/ProjectSearchField'

2019-05-19 11:41:32 - [MESSAGE][PASSED] - Actual text and expected text of test object 'Object Repository/OOBObjects/ProjectsListObjects/FirstProjectName' are matched.

2019-05-19 11:41:32 - [MESSAGE][PASSED] - I want to search for crated project by name

2019-05-19 11:41:32 - [TEST_STEP][PASSED] - I want to view project page: I want to view project page

2019-05-19 11:41:47 - [MESSAGE][PASSED] - Object: 'Object Repository/OOBObjects/ProjectsListObjects/ProjectNameLink' is clicked on

2019-05-19 11:41:47 - [MESSAGE][WARNING] - Timeout '0' is invalid. Using default page load timeout: '30'

2019-05-19 11:41:47 - [MESSAGE][PASSED] - Object 'Object Repository/OOBObjects/ProjectsListObjects/SupportFomMenue' is present

2019-05-19 11:41:47 - [MESSAGE][PASSED] - I want to view project page

2019-05-19 11:41:47 - [TEST_STEP][PASSED] - I want to verify documents page: I want to verify documents page

2019-05-19 11:41:47 - [MESSAGE][PASSED] - Object: 'Object Repository/OOBObjects/ProjectsListObjects/ProjectMenue' is clicked on

2019-05-19 11:41:57 - [MESSAGE][PASSED] - Object: 'Object Repository/OOBObjects/ProjectsListObjects/ProjectDocumentsFromMenue' is clicked on

2019-05-19 11:41:57 - [MESSAGE][WARNING] - Timeout '0' is invalid. Using default page load timeout: '30'

2019-05-19 11:41:57 - [MESSAGE][PASSED] - Object 'Object Repository/OOBObjects/ProjectsListObjects/DocumentsPageTitle' is present

2019-05-19 11:41:57 - [MESSAGE][WARNING] - Timeout '0' is invalid. Using default page load timeout: '30'

2019-05-19 11:41:57 - [MESSAGE][PASSED] - Object 'Object Repository/OOBObjects/ProjectsListObjects/AddDocumentFromDocumentsPage' is present

2019-05-19 11:41:57 - [MESSAGE][PASSED] - I want to verify documents page

2019-05-19 11:41:57 - [TEST_STEP][PASSED] - I want to add documment frome documents page: I want to add documment frome documents page

2019-05-19 11:41:57 - [MESSAGE][PASSED] - Object: 'Object Repository/OOBObjects/ProjectsListObjects/AddDocumentFromDocumentsPage' is clicked on

2019-05-19 11:41:57 - [MESSAGE][PASSED] - All options with index in [2] are selected on object 'Object Repository/OOBObjects/DocumnetsPageObjects/PhaseAddDocumentPage'

2019-05-19 11:41:57 - [MESSAGE][PASSED] - File 'C:\Users\HP\Desktop\SK.png' sent to object: 'Object Repository/OOBObjects/DocumnetsPageObjects/UploadFile'

2019-05-19 11:41:57 - [MESSAGE][WARNING] - Timeout '0' is invalid. Using default page load timeout: '30'

2019-05-19 11:42:28 - [MESSAGE][INFO] - Unable to find the element located by 'By.xpath: '. Please recheck the objects properties to make sure the desired element is located. 

2019-05-19 11:42:28 - [MESSAGE][WARNING] - Object 'Object Repository/OOBObjects/DocumnetsPageObjects/UploadedFile' is not present after 0 second(s)

2019-05-19 11:42:28 - [MESSAGE][PASSED] - Object: 'Object Repository/OOBObjects/DocumnetsPageObjects/LoadButton' is clicked on

2019-05-19 11:42:32 - [MESSAGE][PASSED] - Delayed 4 second(s)

2019-05-19 11:42:44 - [MESSAGE][PASSED] - Object: 'Object Repository/OOBObjects/DocumnetsPageObjects/CancelAddDocumentPage' is clicked on

2019-05-19 11:42:44 - [MESSAGE][PASSED] - I want to add documment frome documents page

2019-05-19 11:42:44 - [TEST_STEP][PASSED] - I want to close browser: I want to close browser

2019-05-19 11:42:45 - [MESSAGE][PASSED] - Browser is closed

2019-05-19 11:42:45 - [MESSAGE][PASSED] - I want to close browser

2019-05-19 11:42:45 - [MESSAGE][PASSED] - Feature file: 'Include/features/Governance-Module/Add-Project/031-Upload-Attachment-File-From-Documents-Page.feature' was passed]]></system-out>
         <system-err><![CDATA[]]></system-err>
      </testcase>
      <testcase name="Test Cases/Add-Project-Test-Cases/032-Delete-Attachment-File-From-Documents-Page" classname="Test Cases/Add-Project-Test-Cases/032-Delete-Attachment-File-From-Documents-Page" status="PASSED">
         <system-out><![CDATA[2019-05-19 11:42:45 - [TEST_CASE][PASSED] - Test Cases/Add-Project-Test-Cases/032-Delete-Attachment-File-From-Documents-Page: Test Cases/Add-Project-Test-Cases/032-Delete-Attachment-File-From-Documents-Page

2019-05-19 11:42:45 - [TEST_STEP][PASSED] - runFeatureFile("Include/features/Governance-Module/Add-Project/032-Delete-Attachment-File-From-Documents-Page.feature"): Feature file: 'Include/features/Governance-Module/Add-Project/032-Delete-Attachment-File-From-Documents-Page.feature' was passed

2019-05-19 11:42:45 - [MESSAGE][INFO] - Starting run keyword runFeatureFile: 'Include/features/Governance-Module/Add-Project/032-Delete-Attachment-File-From-Documents-Page.feature' and extract report to folder: 'C:\Users\HP\git\PMO-Web-Application\Reports\First-Test-Suite\20190519_111227/cucumber_report/1558255365623'...

2019-05-19 11:42:45 - [TEST_CASE][PASSED] - Start Test Case : SCENARIO Delete attachemnt file from documents page: SCENARIO Delete attachemnt file from documents page

2019-05-19 11:42:45 - [TEST_STEP][PASSED] - I want to open browser: I want to open browser

2019-05-19 11:42:45 - [MESSAGE][INFO] - Starting 'Chrome' driver

2019-05-19 11:42:47 - [MESSAGE][PASSED] - Browser is opened with url: ''

2019-05-19 11:42:47 - [MESSAGE][PASSED] - Delete all cookies successfully

2019-05-19 11:42:47 - [MESSAGE][PASSED] - I want to open browser

2019-05-19 11:42:47 - [TEST_STEP][PASSED] - I want to maximize window: I want to maximize window

2019-05-19 11:42:49 - [MESSAGE][PASSED] - Current window maximized

2019-05-19 11:42:49 - [MESSAGE][PASSED] - I want to maximize window

2019-05-19 11:42:49 - [TEST_STEP][PASSED] - I want to go to OOB: I want to go to OOB

2019-05-19 11:42:50 - [MESSAGE][PASSED] - Navigate to 'https://pmoadmin:P@ssw0rd@dev5.cloudapp.net/OOB2/' successfully

2019-05-19 11:42:50 - [MESSAGE][PASSED] - I want to go to OOB

2019-05-19 11:42:50 - [TEST_STEP][PASSED] - I want to verify I'm in OOB main page: I want to verify I'm in OOB main page

2019-05-19 11:42:50 - [MESSAGE][WARNING] - Timeout '0' is invalid. Using default page load timeout: '30'

2019-05-19 11:42:59 - [MESSAGE][PASSED] - Object 'Object Repository/OOBObjects/HomepageObjects/OOBSideBar' is present

2019-05-19 11:42:59 - [MESSAGE][PASSED] - I want to verify I'm in OOB main page

2019-05-19 11:42:59 - [TEST_STEP][PASSED] - I want to go to projects list: I want to go to projects list

2019-05-19 11:43:03 - [MESSAGE][PASSED] - Delayed 4 second(s)

2019-05-19 11:43:09 - [MESSAGE][PASSED] - Object: 'Object Repository/OOBObjects/HomepageObjects/ProjectsList' is clicked on

2019-05-19 11:43:09 - [MESSAGE][PASSED] - I want to go to projects list

2019-05-19 11:43:09 - [TEST_STEP][PASSED] - I want to verify project list page: I want to verify project list page

2019-05-19 11:43:09 - [MESSAGE][WARNING] - Timeout '0' is invalid. Using default page load timeout: '30'

2019-05-19 11:43:09 - [MESSAGE][PASSED] - Object 'Object Repository/OOBObjects/ProjectsListObjects/ProjectsListTitle' is present

2019-05-19 11:43:09 - [MESSAGE][WARNING] - Timeout '0' is invalid. Using default page load timeout: '30'

2019-05-19 11:43:09 - [MESSAGE][PASSED] - Object 'Object Repository/OOBObjects/ProjectsListObjects/ProjectCodeColumn' is present

2019-05-19 11:43:09 - [MESSAGE][WARNING] - Timeout '0' is invalid. Using default page load timeout: '30'

2019-05-19 11:43:09 - [MESSAGE][PASSED] - Object 'Object Repository/OOBObjects/ProjectsListObjects/ProjectNameColumn' is present

2019-05-19 11:43:09 - [MESSAGE][WARNING] - Timeout '0' is invalid. Using default page load timeout: '30'

2019-05-19 11:43:09 - [MESSAGE][PASSED] - Object 'Object Repository/OOBObjects/ProjectsListObjects/ProjectStatusColumn' is present

2019-05-19 11:43:09 - [MESSAGE][WARNING] - Timeout '0' is invalid. Using default page load timeout: '30'

2019-05-19 11:43:09 - [MESSAGE][PASSED] - Object 'Object Repository/OOBObjects/ProjectsListObjects/ProjectStageColumn' is present

2019-05-19 11:43:09 - [MESSAGE][WARNING] - Timeout '0' is invalid. Using default page load timeout: '30'

2019-05-19 11:43:09 - [MESSAGE][PASSED] - Object 'Object Repository/OOBObjects/ProjectsListObjects/ActionsColumn' is present

2019-05-19 11:43:09 - [MESSAGE][PASSED] - I want to verify project list page

2019-05-19 11:43:09 - [TEST_STEP][PASSED] - I want to click Add new project button: I want to click Add new project button

2019-05-19 11:43:13 - [MESSAGE][PASSED] - Object: 'Object Repository/OOBObjects/ProjectsListObjects/AddNewProject' is clicked on

2019-05-19 11:43:13 - [MESSAGE][PASSED] - I want to click Add new project button

2019-05-19 11:43:13 - [TEST_STEP][PASSED] - I want to fill project name: I want to fill project name

2019-05-19 11:43:13 - [MESSAGE][PASSED] - Text 'Automation Project9516' is set on object 'Object Repository/OOBObjects/ProjectsListObjects/ProjectNameField'

2019-05-19 11:43:13 - [MESSAGE][PASSED] - I want to fill project name

2019-05-19 11:43:13 - [TEST_STEP][PASSED] - I want to select project type: I want to select project type

2019-05-19 11:43:13 - [MESSAGE][PASSED] - All options with index in [1] are selected on object 'Object Repository/OOBObjects/ProjectsListObjects/ProjectTypeDropDwon'

2019-05-19 11:43:13 - [MESSAGE][PASSED] - I want to select project type

2019-05-19 11:43:13 - [TEST_STEP][PASSED] - I want to select project expected start date: I want to select project expected start date

2019-05-19 11:43:13 - [MESSAGE][PASSED] - Object: 'Object Repository/OOBObjects/ProjectsListObjects/GREGORIANStartDate' is clicked on

2019-05-19 11:43:13 - [MESSAGE][PASSED] - Object: 'Object Repository/OOBObjects/ProjectsListObjects/PlannedStartDate' is clicked on

2019-05-19 11:43:13 - [MESSAGE][PASSED] - Object: 'Object Repository/OOBObjects/ProjectsListObjects/DayThirtyStartDate' is hovered

2019-05-19 11:43:13 - [MESSAGE][PASSED] - Object: 'Object Repository/OOBObjects/ProjectsListObjects/DayThirtyStartDate' is clicked on

2019-05-19 11:43:13 - [MESSAGE][PASSED] - I want to select project expected start date

2019-05-19 11:43:13 - [TEST_STEP][PASSED] - I want to select project expected end date: I want to select project expected end date

2019-05-19 11:43:13 - [MESSAGE][PASSED] - Object 'Object Repository/OOBObjects/ProjectsListObjects/GREGORIANEndDate' is visible

2019-05-19 11:43:13 - [MESSAGE][PASSED] - Object: 'Object Repository/OOBObjects/ProjectsListObjects/GREGORIANEndDate' is clicked on

2019-05-19 11:43:15 - [MESSAGE][PASSED] - Delayed 2 second(s)

2019-05-19 11:43:15 - [MESSAGE][PASSED] - Object: 'Object Repository/OOBObjects/ProjectsListObjects/PlannedEndDate' is hovered

2019-05-19 11:43:15 - [MESSAGE][PASSED] - Object: 'Object Repository/OOBObjects/ProjectsListObjects/PlannedEndDate' is clicked on

2019-05-19 11:43:15 - [MESSAGE][PASSED] - All options with index in [6] are selected on object 'Object Repository/OOBObjects/ProjectsListObjects/ProjectEndDateMonthDropDown'

2019-05-19 11:43:16 - [MESSAGE][PASSED] - Object: 'Object Repository/OOBObjects/ProjectsListObjects/DayTwintyEndDate' is hovered

2019-05-19 11:43:16 - [MESSAGE][PASSED] - Object: 'Object Repository/OOBObjects/ProjectsListObjects/DayTwintyEndDate' is clicked on

2019-05-19 11:43:16 - [MESSAGE][PASSED] - I want to select project expected end date

2019-05-19 11:43:16 - [TEST_STEP][PASSED] - I want to fill project budget: I want to fill project budget

2019-05-19 11:43:16 - [MESSAGE][PASSED] - Text '10000' is set on object 'Object Repository/OOBObjects/ProjectsListObjects/ProjectExpectedBudget'

2019-05-19 11:43:16 - [MESSAGE][PASSED] - I want to fill project budget

2019-05-19 11:43:16 - [TEST_STEP][PASSED] - I want to select from owner deopdown list: I want to select from owner deopdown list

2019-05-19 11:43:16 - [MESSAGE][PASSED] - All options with index in [1] are selected on object 'Object Repository/OOBObjects/ProjectsListObjects/OwnerDropdown'

2019-05-19 11:43:16 - [MESSAGE][PASSED] - I want to select from owner deopdown list

2019-05-19 11:43:16 - [TEST_STEP][PASSED] - I want to fill project manager field: I want to fill project manager field

2019-05-19 11:43:16 - [MESSAGE][WARNING] - Timeout '0' is invalid. Using default page load timeout: '30'

2019-05-19 11:43:16 - [MESSAGE][PASSED] - Scroll to object 'Object Repository/OOBObjects/ProjectsListObjects/Duration' successfully

2019-05-19 11:43:16 - [MESSAGE][PASSED] - Text 'النظام' is set on object 'Object Repository/OOBObjects/ProjectsListObjects/ProjectMangerField'

2019-05-19 11:43:16 - [MESSAGE][PASSED] - I want to fill project manager field

2019-05-19 11:43:16 - [TEST_STEP][PASSED] - I want to tap enter key on manager field: I want to tap enter key on manager field

2019-05-19 11:43:16 - [MESSAGE][PASSED] - Keys 'ENTER + ' sent to object: 'Object Repository/OOBObjects/ProjectsListObjects/ProjectMangerField'

2019-05-19 11:43:16 - [MESSAGE][PASSED] - I want to tap enter key on manager field

2019-05-19 11:43:16 - [TEST_STEP][PASSED] - I want to fill project owner field: I want to fill project owner field

2019-05-19 11:43:16 - [MESSAGE][PASSED] - Text 'النظام' is set on object 'Object Repository/OOBObjects/ProjectsListObjects/ProjectOwnerField'

2019-05-19 11:43:16 - [MESSAGE][PASSED] - I want to fill project owner field

2019-05-19 11:43:16 - [TEST_STEP][PASSED] - I want to tap enter key on owner field: I want to tap enter key on owner field

2019-05-19 11:43:16 - [MESSAGE][PASSED] - Keys 'ENTER + ' sent to object: 'Object Repository/OOBObjects/ProjectsListObjects/ProjectOwnerField'

2019-05-19 11:43:16 - [MESSAGE][PASSED] - I want to tap enter key on owner field

2019-05-19 11:43:16 - [TEST_STEP][PASSED] - I want to fill project sponser field: I want to fill project sponser field

2019-05-19 11:43:16 - [MESSAGE][PASSED] - Text 'النظام' is set on object 'Object Repository/OOBObjects/ProjectsListObjects/ProjectSponsorField'

2019-05-19 11:43:16 - [MESSAGE][PASSED] - I want to fill project sponser field

2019-05-19 11:43:16 - [TEST_STEP][PASSED] - I want to tap enter key on sponser field: I want to tap enter key on sponser field

2019-05-19 11:43:16 - [MESSAGE][PASSED] - Keys 'ENTER + ' sent to object: 'Object Repository/OOBObjects/ProjectsListObjects/ProjectSponsorField'

2019-05-19 11:43:16 - [MESSAGE][PASSED] - I want to tap enter key on sponser field

2019-05-19 11:43:16 - [TEST_STEP][PASSED] - I want to fill project description field: I want to fill project description field

2019-05-19 11:43:17 - [MESSAGE][PASSED] - Text 'test description' is set on object 'Object Repository/OOBObjects/ProjectsListObjects/ProjectDescriptionField'

2019-05-19 11:43:17 - [MESSAGE][PASSED] - I want to fill project description field

2019-05-19 11:43:17 - [TEST_STEP][PASSED] - I want to fill project notes field: I want to fill project notes field

2019-05-19 11:43:17 - [MESSAGE][PASSED] - Text 'test notes' is set on object 'Object Repository/OOBObjects/ProjectsListObjects/ProjectNotesField'

2019-05-19 11:43:17 - [MESSAGE][PASSED] - I want to fill project notes field

2019-05-19 11:43:17 - [TEST_STEP][PASSED] - I want to add attachment for the project: I want to add attachment for the project

2019-05-19 11:43:17 - [MESSAGE][PASSED] - Object: 'Object Repository/OOBObjects/ProjectsListObjects/ProjectAddNewDocumentButton' is clicked on

2019-05-19 11:43:17 - [MESSAGE][WARNING] - Timeout '0' is invalid. Using default page load timeout: '30'

2019-05-19 11:43:17 - [MESSAGE][PASSED] - Scroll to object 'Object Repository/OOBObjects/ProjectsListObjects/ProjectAddNewDocumentButton' successfully

2019-05-19 11:43:17 - [MESSAGE][PASSED] - File 'C:\Users\HP\Desktop\download.png' sent to object: 'Object Repository/OOBObjects/ProjectsListObjects/ProjectUploadFile'

2019-05-19 11:43:17 - [MESSAGE][WARNING] - Timeout '0' is invalid. Using default page load timeout: '30'

2019-05-19 11:43:17 - [MESSAGE][PASSED] - Object 'Object Repository/OOBObjects/ProjectsListObjects/ProjectAttachedFile' is present

2019-05-19 11:43:17 - [MESSAGE][PASSED] - Object: 'Object Repository/OOBObjects/ProjectsListObjects/ProjectLoadButton' is clicked on

2019-05-19 11:43:17 - [MESSAGE][PASSED] - I want to add attachment for the project

2019-05-19 11:43:17 - [TEST_STEP][PASSED] - I want to wait: I want to wait

2019-05-19 11:43:20 - [MESSAGE][PASSED] - Delayed 3 second(s)

2019-05-19 11:43:20 - [MESSAGE][PASSED] - I want to wait

2019-05-19 11:43:20 - [TEST_STEP][PASSED] - I want to click on send project button: I want to click on send project button

2019-05-19 11:43:25 - [MESSAGE][PASSED] - Delayed 5 second(s)

2019-05-19 11:43:25 - [MESSAGE][PASSED] - Wait for page load successfully

2019-05-19 11:43:25 - [MESSAGE][PASSED] - Object: 'Object Repository/OOBObjects/ProjectsListObjects/SendProjectButton' is clicked on

2019-05-19 11:43:25 - [MESSAGE][PASSED] - I want to click on send project button

2019-05-19 11:43:25 - [TEST_STEP][PASSED] - I want to wait for page load: I want to wait for page load

2019-05-19 11:43:25 - [MESSAGE][PASSED] - Wait for page load successfully

2019-05-19 11:43:25 - [MESSAGE][PASSED] - I want to wait for page load

2019-05-19 11:43:25 - [TEST_STEP][PASSED] - I want to check im in projects list page: I want to check im in projects list page

2019-05-19 11:44:10 - [MESSAGE][PASSED] - Delayed 45 second(s)

2019-05-19 11:44:19 - [MESSAGE][PASSED] - Object 'Object Repository/OOBObjects/ProjectsListObjects/ProjectsListTitle' is present

2019-05-19 11:44:19 - [MESSAGE][WARNING] - Timeout '0' is invalid. Using default page load timeout: '30'

2019-05-19 11:44:19 - [MESSAGE][PASSED] - Object 'Object Repository/OOBObjects/ProjectsListObjects/ProjectsListTitle' is present

2019-05-19 11:44:19 - [MESSAGE][PASSED] - I want to check im in projects list page

2019-05-19 11:44:19 - [TEST_STEP][PASSED] - I want to search for crated project by name: I want to search for crated project by name

2019-05-19 11:44:19 - [MESSAGE][PASSED] - Wait for page load successfully

2019-05-19 11:44:19 - [MESSAGE][PASSED] - Object: 'Object Repository/OOBObjects/ProjectsListObjects/ProjectSearchField' is hovered

2019-05-19 11:44:19 - [MESSAGE][PASSED] - Text 'Automation Project9516' is set on object 'Object Repository/OOBObjects/ProjectsListObjects/ProjectSearchField'

2019-05-19 11:44:22 - [MESSAGE][PASSED] - Actual text and expected text of test object 'Object Repository/OOBObjects/ProjectsListObjects/FirstProjectName' are matched.

2019-05-19 11:44:22 - [MESSAGE][PASSED] - I want to search for crated project by name

2019-05-19 11:44:22 - [TEST_STEP][PASSED] - I want to view project page: I want to view project page

2019-05-19 11:44:35 - [MESSAGE][PASSED] - Object: 'Object Repository/OOBObjects/ProjectsListObjects/ProjectNameLink' is clicked on

2019-05-19 11:44:35 - [MESSAGE][WARNING] - Timeout '0' is invalid. Using default page load timeout: '30'

2019-05-19 11:44:35 - [MESSAGE][PASSED] - Object 'Object Repository/OOBObjects/ProjectsListObjects/SupportFomMenue' is present

2019-05-19 11:44:35 - [MESSAGE][PASSED] - I want to view project page

2019-05-19 11:44:35 - [TEST_STEP][PASSED] - I want to verify documents page: I want to verify documents page

2019-05-19 11:44:35 - [MESSAGE][PASSED] - Object: 'Object Repository/OOBObjects/ProjectsListObjects/ProjectMenue' is clicked on

2019-05-19 11:44:47 - [MESSAGE][PASSED] - Object: 'Object Repository/OOBObjects/ProjectsListObjects/ProjectDocumentsFromMenue' is clicked on

2019-05-19 11:44:47 - [MESSAGE][WARNING] - Timeout '0' is invalid. Using default page load timeout: '30'

2019-05-19 11:44:47 - [MESSAGE][PASSED] - Object 'Object Repository/OOBObjects/ProjectsListObjects/DocumentsPageTitle' is present

2019-05-19 11:44:47 - [MESSAGE][WARNING] - Timeout '0' is invalid. Using default page load timeout: '30'

2019-05-19 11:44:47 - [MESSAGE][PASSED] - Object 'Object Repository/OOBObjects/ProjectsListObjects/AddDocumentFromDocumentsPage' is present

2019-05-19 11:44:47 - [MESSAGE][PASSED] - I want to verify documents page

2019-05-19 11:44:47 - [TEST_STEP][PASSED] - I want to add documment frome documents page: I want to add documment frome documents page

2019-05-19 11:44:47 - [MESSAGE][PASSED] - Object: 'Object Repository/OOBObjects/ProjectsListObjects/AddDocumentFromDocumentsPage' is clicked on

2019-05-19 11:44:48 - [MESSAGE][PASSED] - All options with index in [2] are selected on object 'Object Repository/OOBObjects/DocumnetsPageObjects/PhaseAddDocumentPage'

2019-05-19 11:44:48 - [MESSAGE][PASSED] - File 'C:\Users\HP\Desktop\SK.png' sent to object: 'Object Repository/OOBObjects/DocumnetsPageObjects/UploadFile'

2019-05-19 11:44:48 - [MESSAGE][WARNING] - Timeout '0' is invalid. Using default page load timeout: '30'

2019-05-19 11:45:19 - [MESSAGE][INFO] - Unable to find the element located by 'By.xpath: '. Please recheck the objects properties to make sure the desired element is located. 

2019-05-19 11:45:19 - [MESSAGE][WARNING] - Object 'Object Repository/OOBObjects/DocumnetsPageObjects/UploadedFile' is not present after 0 second(s)

2019-05-19 11:45:19 - [MESSAGE][PASSED] - Object: 'Object Repository/OOBObjects/DocumnetsPageObjects/LoadButton' is clicked on

2019-05-19 11:45:23 - [MESSAGE][PASSED] - Delayed 4 second(s)

2019-05-19 11:45:32 - [MESSAGE][PASSED] - Object: 'Object Repository/OOBObjects/DocumnetsPageObjects/CancelAddDocumentPage' is clicked on

2019-05-19 11:45:32 - [MESSAGE][PASSED] - I want to add documment frome documents page

2019-05-19 11:45:32 - [TEST_STEP][PASSED] - I want to delete documment frome documents page: I want to delete documment frome documents page

2019-05-19 11:45:32 - [MESSAGE][PASSED] - Object: 'Object Repository/OOBObjects/ProjectsListObjects/ProjectMenue' is clicked on

2019-05-19 11:45:43 - [MESSAGE][PASSED] - Object: 'Object Repository/OOBObjects/ProjectsListObjects/ProjectDocumentsFromMenue' is clicked on

2019-05-19 11:45:43 - [MESSAGE][PASSED] - Object: 'Object Repository/OOBObjects/DocumnetsPageObjects/DeleteDocumentIcon' is clicked on

2019-05-19 11:45:43 - [MESSAGE][PASSED] - Alert accepted

2019-05-19 11:45:48 - [MESSAGE][PASSED] - Delayed 5 second(s)

2019-05-19 11:45:48 - [MESSAGE][WARNING] - Timeout '0' is invalid. Using default page load timeout: '30'

2019-05-19 11:46:05 - [MESSAGE][PASSED] - Web element with id: 'Object Repository/OOBObjects/DocumnetsPageObjects/DeleteDocumentIcon' located by 'By.xpath: //*[@id='tblProjectDocuments']/tbody/tr[2]/td[3]/a/i' is not present after '30' second(s)

2019-05-19 11:46:05 - [MESSAGE][PASSED] - I want to delete documment frome documents page

2019-05-19 11:46:05 - [TEST_STEP][PASSED] - I want to close browser: I want to close browser

2019-05-19 11:46:06 - [MESSAGE][PASSED] - Browser is closed

2019-05-19 11:46:06 - [MESSAGE][PASSED] - I want to close browser

2019-05-19 11:46:06 - [MESSAGE][PASSED] - Feature file: 'Include/features/Governance-Module/Add-Project/032-Delete-Attachment-File-From-Documents-Page.feature' was passed]]></system-out>
         <system-err><![CDATA[]]></system-err>
      </testcase>
      <testcase name="Test Cases/Add-Project-Test-Cases/033-Upload-Large-Attachment-File-From-Documents-Page" classname="Test Cases/Add-Project-Test-Cases/033-Upload-Large-Attachment-File-From-Documents-Page" status="FAILED">
         <failure type="FAILED" message="Test Cases/Add-Project-Test-Cases/033-Upload-Large-Attachment-File-From-Documents-Page FAILED.
Reason:
com.kms.katalon.core.exception.StepFailedException: Feature file 'Include/features/Governance-Module/Add-Project/033-Upload-Large-Attachment-File-From-Documents-Page.feature' was failed
	at com.kms.katalon.core.keyword.internal.KeywordMain.stepFailed(KeywordMain.groovy:48)
	at com.kms.katalon.core.keyword.internal.KeywordMain.stepFailed(KeywordMain.groovy)
	at com.kms.katalon.core.keyword.internal.KeywordMain.stepFailed(KeywordMain.groovy:21)
	at com.kms.katalon.core.keyword.internal.KeywordMain$stepFailed$0.call(Unknown Source)
	at com.kms.katalon.core.cucumber.keyword.CucumberBuiltinKeywords$_runFeatureFile_closure1.doCall(CucumberBuiltinKeywords.groovy:82)
	at com.kms.katalon.core.cucumber.keyword.CucumberBuiltinKeywords$_runFeatureFile_closure1.doCall(CucumberBuiltinKeywords.groovy)
	at com.kms.katalon.core.keyword.internal.KeywordMain.runKeyword(KeywordMain.groovy:66)
	at com.kms.katalon.core.keyword.internal.KeywordMain$runKeyword.call(Unknown Source)
	at com.kms.katalon.core.cucumber.keyword.CucumberBuiltinKeywords.runFeatureFile(CucumberBuiltinKeywords.groovy:46)
	at com.kms.katalon.core.cucumber.keyword.CucumberBuiltinKeywords$runFeatureFile$0.callStatic(Unknown Source)
	at com.kms.katalon.core.cucumber.keyword.CucumberBuiltinKeywords.runFeatureFile(CucumberBuiltinKeywords.groovy:101)
	at com.kms.katalon.core.cucumber.keyword.CucumberBuiltinKeywords$runFeatureFile.call(Unknown Source)
	at 033-Upload-Large-Attachment-File-From-Documents-Page.run(033-Upload-Large-Attachment-File-From-Documents-Page:16)
	at com.kms.katalon.core.main.ScriptEngine.run(ScriptEngine.java:194)
	at com.kms.katalon.core.main.ScriptEngine.runScriptAsRawText(ScriptEngine.java:119)
	at com.kms.katalon.core.main.TestCaseExecutor.runScript(TestCaseExecutor.java:331)
	at com.kms.katalon.core.main.TestCaseExecutor.doExecute(TestCaseExecutor.java:322)
	at com.kms.katalon.core.main.TestCaseExecutor.processExecutionPhase(TestCaseExecutor.java:301)
	at com.kms.katalon.core.main.TestCaseExecutor.accessMainPhase(TestCaseExecutor.java:293)
	at com.kms.katalon.core.main.TestCaseExecutor.execute(TestCaseExecutor.java:227)
	at com.kms.katalon.core.main.TestSuiteExecutor.accessTestCaseMainPhase(TestSuiteExecutor.java:129)
	at com.kms.katalon.core.main.TestSuiteExecutor.accessTestSuiteMainPhase(TestSuiteExecutor.java:112)
	at com.kms.katalon.core.main.TestSuiteExecutor.execute(TestSuiteExecutor.java:81)
	at com.kms.katalon.core.main.TestCaseMain.startTestSuite(TestCaseMain.java:157)
	at com.kms.katalon.core.main.TestCaseMain$startTestSuite$0.call(Unknown Source)
	at TempTestSuite1558253547685.run(TempTestSuite1558253547685.groovy:35)
"/>
         <system-out><![CDATA[2019-05-19 11:46:06 - [TEST_CASE][FAILED] - Test Cases/Add-Project-Test-Cases/033-Upload-Large-Attachment-File-From-Documents-Page: Test Cases/Add-Project-Test-Cases/033-Upload-Large-Attachment-File-From-Documents-Page FAILED.
Reason:
com.kms.katalon.core.exception.StepFailedException: Feature file 'Include/features/Governance-Module/Add-Project/033-Upload-Large-Attachment-File-From-Documents-Page.feature' was failed
	at com.kms.katalon.core.keyword.internal.KeywordMain.stepFailed(KeywordMain.groovy:48)
	at com.kms.katalon.core.keyword.internal.KeywordMain.stepFailed(KeywordMain.groovy)
	at com.kms.katalon.core.keyword.internal.KeywordMain.stepFailed(KeywordMain.groovy:21)
	at com.kms.katalon.core.keyword.internal.KeywordMain$stepFailed$0.call(Unknown Source)
	at com.kms.katalon.core.cucumber.keyword.CucumberBuiltinKeywords$_runFeatureFile_closure1.doCall(CucumberBuiltinKeywords.groovy:82)
	at com.kms.katalon.core.cucumber.keyword.CucumberBuiltinKeywords$_runFeatureFile_closure1.doCall(CucumberBuiltinKeywords.groovy)
	at com.kms.katalon.core.keyword.internal.KeywordMain.runKeyword(KeywordMain.groovy:66)
	at com.kms.katalon.core.keyword.internal.KeywordMain$runKeyword.call(Unknown Source)
	at com.kms.katalon.core.cucumber.keyword.CucumberBuiltinKeywords.runFeatureFile(CucumberBuiltinKeywords.groovy:46)
	at com.kms.katalon.core.cucumber.keyword.CucumberBuiltinKeywords$runFeatureFile$0.callStatic(Unknown Source)
	at com.kms.katalon.core.cucumber.keyword.CucumberBuiltinKeywords.runFeatureFile(CucumberBuiltinKeywords.groovy:101)
	at com.kms.katalon.core.cucumber.keyword.CucumberBuiltinKeywords$runFeatureFile.call(Unknown Source)
	at 033-Upload-Large-Attachment-File-From-Documents-Page.run(033-Upload-Large-Attachment-File-From-Documents-Page:16)
	at com.kms.katalon.core.main.ScriptEngine.run(ScriptEngine.java:194)
	at com.kms.katalon.core.main.ScriptEngine.runScriptAsRawText(ScriptEngine.java:119)
	at com.kms.katalon.core.main.TestCaseExecutor.runScript(TestCaseExecutor.java:331)
	at com.kms.katalon.core.main.TestCaseExecutor.doExecute(TestCaseExecutor.java:322)
	at com.kms.katalon.core.main.TestCaseExecutor.processExecutionPhase(TestCaseExecutor.java:301)
	at com.kms.katalon.core.main.TestCaseExecutor.accessMainPhase(TestCaseExecutor.java:293)
	at com.kms.katalon.core.main.TestCaseExecutor.execute(TestCaseExecutor.java:227)
	at com.kms.katalon.core.main.TestSuiteExecutor.accessTestCaseMainPhase(TestSuiteExecutor.java:129)
	at com.kms.katalon.core.main.TestSuiteExecutor.accessTestSuiteMainPhase(TestSuiteExecutor.java:112)
	at com.kms.katalon.core.main.TestSuiteExecutor.execute(TestSuiteExecutor.java:81)
	at com.kms.katalon.core.main.TestCaseMain.startTestSuite(TestCaseMain.java:157)
	at com.kms.katalon.core.main.TestCaseMain$startTestSuite$0.call(Unknown Source)
	at TempTestSuite1558253547685.run(TempTestSuite1558253547685.groovy:35)


2019-05-19 11:46:06 - [TEST_STEP][FAILED] - runFeatureFile("Include/features/Governance-Module/Add-Project/033-Upload-Large-Attachment-File-From-Documents-Page.feature"): runFeatureFile("Include/features/Governance-Module/Add-Project/033-Upload-Large-Attachment-File-From-Documents-Page.feature") FAILED.
Reason:
com.kms.katalon.core.exception.StepFailedException: Feature file 'Include/features/Governance-Module/Add-Project/033-Upload-Large-Attachment-File-From-Documents-Page.feature' was failed
	at com.kms.katalon.core.keyword.internal.KeywordMain.stepFailed(KeywordMain.groovy:48)
	at com.kms.katalon.core.keyword.internal.KeywordMain.stepFailed(KeywordMain.groovy)
	at com.kms.katalon.core.keyword.internal.KeywordMain.stepFailed(KeywordMain.groovy:21)
	at com.kms.katalon.core.keyword.internal.KeywordMain$stepFailed$0.call(Unknown Source)
	at com.kms.katalon.core.cucumber.keyword.CucumberBuiltinKeywords$_runFeatureFile_closure1.doCall(CucumberBuiltinKeywords.groovy:82)
	at com.kms.katalon.core.cucumber.keyword.CucumberBuiltinKeywords$_runFeatureFile_closure1.doCall(CucumberBuiltinKeywords.groovy)
	at com.kms.katalon.core.keyword.internal.KeywordMain.runKeyword(KeywordMain.groovy:66)
	at com.kms.katalon.core.keyword.internal.KeywordMain$runKeyword.call(Unknown Source)
	at com.kms.katalon.core.cucumber.keyword.CucumberBuiltinKeywords.runFeatureFile(CucumberBuiltinKeywords.groovy:46)
	at com.kms.katalon.core.cucumber.keyword.CucumberBuiltinKeywords$runFeatureFile$0.callStatic(Unknown Source)
	at com.kms.katalon.core.cucumber.keyword.CucumberBuiltinKeywords.runFeatureFile(CucumberBuiltinKeywords.groovy:101)
	at com.kms.katalon.core.cucumber.keyword.CucumberBuiltinKeywords$runFeatureFile.call(Unknown Source)
	at 033-Upload-Large-Attachment-File-From-Documents-Page.run(033-Upload-Large-Attachment-File-From-Documents-Page:16)
	at com.kms.katalon.core.main.ScriptEngine.run(ScriptEngine.java:194)
	at com.kms.katalon.core.main.ScriptEngine.runScriptAsRawText(ScriptEngine.java:119)
	at com.kms.katalon.core.main.TestCaseExecutor.runScript(TestCaseExecutor.java:331)
	at com.kms.katalon.core.main.TestCaseExecutor.doExecute(TestCaseExecutor.java:322)
	at com.kms.katalon.core.main.TestCaseExecutor.processExecutionPhase(TestCaseExecutor.java:301)
	at com.kms.katalon.core.main.TestCaseExecutor.accessMainPhase(TestCaseExecutor.java:293)
	at com.kms.katalon.core.main.TestCaseExecutor.execute(TestCaseExecutor.java:227)
	at com.kms.katalon.core.main.TestSuiteExecutor.accessTestCaseMainPhase(TestSuiteExecutor.java:129)
	at com.kms.katalon.core.main.TestSuiteExecutor.accessTestSuiteMainPhase(TestSuiteExecutor.java:112)
	at com.kms.katalon.core.main.TestSuiteExecutor.execute(TestSuiteExecutor.java:81)
	at com.kms.katalon.core.main.TestCaseMain.startTestSuite(TestCaseMain.java:157)
	at com.kms.katalon.core.main.TestCaseMain$startTestSuite$0.call(Unknown Source)
	at TempTestSuite1558253547685.run(TempTestSuite1558253547685.groovy:35)


2019-05-19 11:46:06 - [MESSAGE][INFO] - Starting run keyword runFeatureFile: 'Include/features/Governance-Module/Add-Project/033-Upload-Large-Attachment-File-From-Documents-Page.feature' and extract report to folder: 'C:\Users\HP\git\PMO-Web-Application\Reports\First-Test-Suite\20190519_111227/cucumber_report/1558255566257'...

2019-05-19 11:46:06 - [TEST_CASE][FAILED] - Start Test Case : SCENARIO Upload large attachment file from documents page and check error message: SCENARIO Upload large attachment file from documents page and check error message FAILED.
Reason:
com.kms.katalon.core.exception.StepFailedException: Verify element text of test object 'Object Repository/OOBObjects/IdeasListObjects/ErrorMessage' FAILED.
	at com.kms.katalon.core.webui.keyword.internal.WebUIKeywordMain.stepFailed(WebUIKeywordMain.groovy:64)
	at com.kms.katalon.core.webui.keyword.internal.WebUIKeywordMain.runKeyword(WebUIKeywordMain.groovy:26)
	at com.kms.katalon.core.webui.keyword.builtin.VerifyElementTextKeyword.verifyElementText(VerifyElementTextKeyword.groovy:72)
	at com.kms.katalon.core.webui.keyword.builtin.VerifyElementTextKeyword.execute(VerifyElementTextKeyword.groovy:40)
	at com.kms.katalon.core.keyword.internal.KeywordExecutor.executeKeywordForPlatform(KeywordExecutor.groovy:56)
	at com.kms.katalon.core.webui.keyword.WebUiBuiltInKeywords.verifyElementText(WebUiBuiltInKeywords.groovy:3663)
	at com.kms.katalon.core.webui.keyword.WebUiBuiltInKeywords$verifyElementText$14.call(Unknown Source)
	at com.pmo.steps.AddProjectSteps.verifyLargeAttachmentnotAdded(AddProjectSteps.groovy:634)
	at ✽.I want to verify large Attachment not added and check error message(C:/Users/HP/git/PMO-Web-Application/Include/features/Governance-Module/Add-Project/033-Upload-Large-Attachment-File-From-Documents-Page.feature:36)
Caused by: com.kms.katalon.core.exception.StepFailedException: Actual text '' and expected text 'حجم الملف اكبر من المسموح به, أقصى حجم 2.0MB.' of test object 'Object Repository/OOBObjects/IdeasListObjects/ErrorMessage' are NOT matched.
	at com.kms.katalon.core.webui.keyword.internal.WebUIKeywordMain.stepFailed(WebUIKeywordMain.groovy:64)
	at com.kms.katalon.core.webui.keyword.builtin.VerifyElementTextKeyword$_verifyElementText_closure1.doCall(VerifyElementTextKeyword.groovy:57)
	at com.kms.katalon.core.webui.keyword.builtin.VerifyElementTextKeyword$_verifyElementText_closure1.call(VerifyElementTextKeyword.groovy)
	at com.kms.katalon.core.webui.keyword.internal.WebUIKeywordMain.runKeyword(WebUIKeywordMain.groovy:20)
	at com.kms.katalon.core.webui.keyword.builtin.VerifyElementTextKeyword.verifyElementText(VerifyElementTextKeyword.groovy:72)
	at com.kms.katalon.core.webui.keyword.builtin.VerifyElementTextKeyword.execute(VerifyElementTextKeyword.groovy:40)
	at com.kms.katalon.core.keyword.internal.KeywordExecutor.executeKeywordForPlatform(KeywordExecutor.groovy:56)
	at com.kms.katalon.core.webui.keyword.WebUiBuiltInKeywords.verifyElementText(WebUiBuiltInKeywords.groovy:3663)
	at com.kms.katalon.core.webui.keyword.WebUiBuiltInKeywords$verifyElementText$14.call(Unknown Source)
	at com.pmo.steps.AddProjectSteps.verifyLargeAttachmentnotAdded(AddProjectSteps.groovy:634)
	at cucumber.runtime.Utils$1.call(Utils.java:26)
	at cucumber.runtime.Timeout.timeout(Timeout.java:16)
	at cucumber.runtime.Utils.invoke(Utils.java:20)
	at cucumber.runtime.java.JavaStepDefinition.execute(JavaStepDefinition.java:48)
	at cucumber.runtime.PickleStepDefinitionMatch.runStep(PickleStepDefinitionMatch.java:50)
	at cucumber.runner.TestStep.executeStep(TestStep.java:55)
	at cucumber.runner.TestStep.run(TestStep.java:42)
	at cucumber.runner.PickleStepTestStep.run(PickleStepTestStep.java:53)
	at cucumber.runner.TestCase.run(TestCase.java:47)
	at cucumber.runner.Runner.runPickle(Runner.java:44)
	at cucumber.runtime.Runtime.runFeature(Runtime.java:120)
	at cucumber.runtime.Runtime.run(Runtime.java:106)
	at cucumber.api.cli.Main.run(Main.java:35)
	at cucumber.api.cli.Main$run.call(Unknown Source)
	at com.kms.katalon.core.cucumber.keyword.CucumberBuiltinKeywords$_runFeatureFile_closure1.doCall(CucumberBuiltinKeywords.groovy:76)
	at com.kms.katalon.core.cucumber.keyword.CucumberBuiltinKeywords$_runFeatureFile_closure1.doCall(CucumberBuiltinKeywords.groovy)
	at com.kms.katalon.core.keyword.internal.KeywordMain.runKeyword(KeywordMain.groovy:66)
	at com.kms.katalon.core.keyword.internal.KeywordMain$runKeyword.call(Unknown Source)
	at com.kms.katalon.core.cucumber.keyword.CucumberBuiltinKeywords.runFeatureFile(CucumberBuiltinKeywords.groovy:46)
	at com.kms.katalon.core.cucumber.keyword.CucumberBuiltinKeywords$runFeatureFile$0.callStatic(Unknown Source)
	at com.kms.katalon.core.cucumber.keyword.CucumberBuiltinKeywords.runFeatureFile(CucumberBuiltinKeywords.groovy:101)
	at com.kms.katalon.core.cucumber.keyword.CucumberBuiltinKeywords$runFeatureFile.call(Unknown Source)
	at 033-Upload-Large-Attachment-File-From-Documents-Page.run(033-Upload-Large-Attachment-File-From-Documents-Page:16)
	at com.kms.katalon.core.main.ScriptEngine.run(ScriptEngine.java:194)
	at com.kms.katalon.core.main.ScriptEngine.runScriptAsRawText(ScriptEngine.java:119)
	at com.kms.katalon.core.main.TestCaseExecutor.runScript(TestCaseExecutor.java:331)
	at com.kms.katalon.core.main.TestCaseExecutor.doExecute(TestCaseExecutor.java:322)
	at com.kms.katalon.core.main.TestCaseExecutor.processExecutionPhase(TestCaseExecutor.java:301)
	at com.kms.katalon.core.main.TestCaseExecutor.accessMainPhase(TestCaseExecutor.java:293)
	at com.kms.katalon.core.main.TestCaseExecutor.execute(TestCaseExecutor.java:227)
	at com.kms.katalon.core.main.TestSuiteExecutor.accessTestCaseMainPhase(TestSuiteExecutor.java:129)
	at com.kms.katalon.core.main.TestSuiteExecutor.accessTestSuiteMainPhase(TestSuiteExecutor.java:112)
	at com.kms.katalon.core.main.TestSuiteExecutor.execute(TestSuiteExecutor.java:81)
	at com.kms.katalon.core.main.TestCaseMain.startTestSuite(TestCaseMain.java:157)
	at com.kms.katalon.core.main.TestCaseMain$startTestSuite$0.call(Unknown Source)
	at TempTestSuite1558253547685.run(TempTestSuite1558253547685.groovy:35)


2019-05-19 11:46:06 - [TEST_STEP][PASSED] - I want to open browser: I want to open browser

2019-05-19 11:46:06 - [MESSAGE][INFO] - Starting 'Chrome' driver

2019-05-19 11:46:08 - [MESSAGE][PASSED] - Browser is opened with url: ''

2019-05-19 11:46:08 - [MESSAGE][PASSED] - Delete all cookies successfully

2019-05-19 11:46:08 - [MESSAGE][PASSED] - I want to open browser

2019-05-19 11:46:08 - [TEST_STEP][PASSED] - I want to maximize window: I want to maximize window

2019-05-19 11:46:09 - [MESSAGE][PASSED] - Current window maximized

2019-05-19 11:46:09 - [MESSAGE][PASSED] - I want to maximize window

2019-05-19 11:46:09 - [TEST_STEP][PASSED] - I want to go to OOB: I want to go to OOB

2019-05-19 11:46:10 - [MESSAGE][PASSED] - Navigate to 'https://pmoadmin:P@ssw0rd@dev5.cloudapp.net/OOB2/' successfully

2019-05-19 11:46:10 - [MESSAGE][PASSED] - I want to go to OOB

2019-05-19 11:46:10 - [TEST_STEP][PASSED] - I want to verify I'm in OOB main page: I want to verify I'm in OOB main page

2019-05-19 11:46:10 - [MESSAGE][WARNING] - Timeout '0' is invalid. Using default page load timeout: '30'

2019-05-19 11:46:20 - [MESSAGE][PASSED] - Object 'Object Repository/OOBObjects/HomepageObjects/OOBSideBar' is present

2019-05-19 11:46:20 - [MESSAGE][PASSED] - I want to verify I'm in OOB main page

2019-05-19 11:46:20 - [TEST_STEP][PASSED] - I want to go to projects list: I want to go to projects list

2019-05-19 11:46:24 - [MESSAGE][PASSED] - Delayed 4 second(s)

2019-05-19 11:46:29 - [MESSAGE][PASSED] - Object: 'Object Repository/OOBObjects/HomepageObjects/ProjectsList' is clicked on

2019-05-19 11:46:29 - [MESSAGE][PASSED] - I want to go to projects list

2019-05-19 11:46:29 - [TEST_STEP][PASSED] - I want to verify project list page: I want to verify project list page

2019-05-19 11:46:29 - [MESSAGE][WARNING] - Timeout '0' is invalid. Using default page load timeout: '30'

2019-05-19 11:46:29 - [MESSAGE][PASSED] - Object 'Object Repository/OOBObjects/ProjectsListObjects/ProjectsListTitle' is present

2019-05-19 11:46:29 - [MESSAGE][WARNING] - Timeout '0' is invalid. Using default page load timeout: '30'

2019-05-19 11:46:29 - [MESSAGE][PASSED] - Object 'Object Repository/OOBObjects/ProjectsListObjects/ProjectCodeColumn' is present

2019-05-19 11:46:29 - [MESSAGE][WARNING] - Timeout '0' is invalid. Using default page load timeout: '30'

2019-05-19 11:46:29 - [MESSAGE][PASSED] - Object 'Object Repository/OOBObjects/ProjectsListObjects/ProjectNameColumn' is present

2019-05-19 11:46:29 - [MESSAGE][WARNING] - Timeout '0' is invalid. Using default page load timeout: '30'

2019-05-19 11:46:29 - [MESSAGE][PASSED] - Object 'Object Repository/OOBObjects/ProjectsListObjects/ProjectStatusColumn' is present

2019-05-19 11:46:29 - [MESSAGE][WARNING] - Timeout '0' is invalid. Using default page load timeout: '30'

2019-05-19 11:46:29 - [MESSAGE][PASSED] - Object 'Object Repository/OOBObjects/ProjectsListObjects/ProjectStageColumn' is present

2019-05-19 11:46:29 - [MESSAGE][WARNING] - Timeout '0' is invalid. Using default page load timeout: '30'

2019-05-19 11:46:29 - [MESSAGE][PASSED] - Object 'Object Repository/OOBObjects/ProjectsListObjects/ActionsColumn' is present

2019-05-19 11:46:29 - [MESSAGE][PASSED] - I want to verify project list page

2019-05-19 11:46:29 - [TEST_STEP][PASSED] - I want to click Add new project button: I want to click Add new project button

2019-05-19 11:46:32 - [MESSAGE][PASSED] - Object: 'Object Repository/OOBObjects/ProjectsListObjects/AddNewProject' is clicked on

2019-05-19 11:46:32 - [MESSAGE][PASSED] - I want to click Add new project button

2019-05-19 11:46:32 - [TEST_STEP][PASSED] - I want to fill project name: I want to fill project name

2019-05-19 11:46:32 - [MESSAGE][PASSED] - Text 'Automation Project7491' is set on object 'Object Repository/OOBObjects/ProjectsListObjects/ProjectNameField'

2019-05-19 11:46:32 - [MESSAGE][PASSED] - I want to fill project name

2019-05-19 11:46:32 - [TEST_STEP][PASSED] - I want to select project type: I want to select project type

2019-05-19 11:46:33 - [MESSAGE][PASSED] - All options with index in [1] are selected on object 'Object Repository/OOBObjects/ProjectsListObjects/ProjectTypeDropDwon'

2019-05-19 11:46:33 - [MESSAGE][PASSED] - I want to select project type

2019-05-19 11:46:33 - [TEST_STEP][PASSED] - I want to select project expected start date: I want to select project expected start date

2019-05-19 11:46:33 - [MESSAGE][PASSED] - Object: 'Object Repository/OOBObjects/ProjectsListObjects/GREGORIANStartDate' is clicked on

2019-05-19 11:46:33 - [MESSAGE][PASSED] - Object: 'Object Repository/OOBObjects/ProjectsListObjects/PlannedStartDate' is clicked on

2019-05-19 11:46:33 - [MESSAGE][PASSED] - Object: 'Object Repository/OOBObjects/ProjectsListObjects/DayThirtyStartDate' is hovered

2019-05-19 11:46:33 - [MESSAGE][PASSED] - Object: 'Object Repository/OOBObjects/ProjectsListObjects/DayThirtyStartDate' is clicked on

2019-05-19 11:46:33 - [MESSAGE][PASSED] - I want to select project expected start date

2019-05-19 11:46:33 - [TEST_STEP][PASSED] - I want to select project expected end date: I want to select project expected end date

2019-05-19 11:46:33 - [MESSAGE][PASSED] - Object 'Object Repository/OOBObjects/ProjectsListObjects/GREGORIANEndDate' is visible

2019-05-19 11:46:33 - [MESSAGE][PASSED] - Object: 'Object Repository/OOBObjects/ProjectsListObjects/GREGORIANEndDate' is clicked on

2019-05-19 11:46:35 - [MESSAGE][PASSED] - Delayed 2 second(s)

2019-05-19 11:46:35 - [MESSAGE][PASSED] - Object: 'Object Repository/OOBObjects/ProjectsListObjects/PlannedEndDate' is hovered

2019-05-19 11:46:35 - [MESSAGE][PASSED] - Object: 'Object Repository/OOBObjects/ProjectsListObjects/PlannedEndDate' is clicked on

2019-05-19 11:46:35 - [MESSAGE][PASSED] - All options with index in [6] are selected on object 'Object Repository/OOBObjects/ProjectsListObjects/ProjectEndDateMonthDropDown'

2019-05-19 11:46:35 - [MESSAGE][PASSED] - Object: 'Object Repository/OOBObjects/ProjectsListObjects/DayTwintyEndDate' is hovered

2019-05-19 11:46:35 - [MESSAGE][PASSED] - Object: 'Object Repository/OOBObjects/ProjectsListObjects/DayTwintyEndDate' is clicked on

2019-05-19 11:46:35 - [MESSAGE][PASSED] - I want to select project expected end date

2019-05-19 11:46:35 - [TEST_STEP][PASSED] - I want to fill project budget: I want to fill project budget

2019-05-19 11:46:35 - [MESSAGE][PASSED] - Text '10000' is set on object 'Object Repository/OOBObjects/ProjectsListObjects/ProjectExpectedBudget'

2019-05-19 11:46:35 - [MESSAGE][PASSED] - I want to fill project budget

2019-05-19 11:46:35 - [TEST_STEP][PASSED] - I want to select from owner deopdown list: I want to select from owner deopdown list

2019-05-19 11:46:36 - [MESSAGE][PASSED] - All options with index in [1] are selected on object 'Object Repository/OOBObjects/ProjectsListObjects/OwnerDropdown'

2019-05-19 11:46:36 - [MESSAGE][PASSED] - I want to select from owner deopdown list

2019-05-19 11:46:36 - [TEST_STEP][PASSED] - I want to fill project manager field: I want to fill project manager field

2019-05-19 11:46:36 - [MESSAGE][WARNING] - Timeout '0' is invalid. Using default page load timeout: '30'

2019-05-19 11:46:36 - [MESSAGE][PASSED] - Scroll to object 'Object Repository/OOBObjects/ProjectsListObjects/Duration' successfully

2019-05-19 11:46:36 - [MESSAGE][PASSED] - Text 'النظام' is set on object 'Object Repository/OOBObjects/ProjectsListObjects/ProjectMangerField'

2019-05-19 11:46:36 - [MESSAGE][PASSED] - I want to fill project manager field

2019-05-19 11:46:36 - [TEST_STEP][PASSED] - I want to tap enter key on manager field: I want to tap enter key on manager field

2019-05-19 11:46:36 - [MESSAGE][PASSED] - Keys 'ENTER + ' sent to object: 'Object Repository/OOBObjects/ProjectsListObjects/ProjectMangerField'

2019-05-19 11:46:36 - [MESSAGE][PASSED] - I want to tap enter key on manager field

2019-05-19 11:46:36 - [TEST_STEP][PASSED] - I want to fill project owner field: I want to fill project owner field

2019-05-19 11:46:36 - [MESSAGE][PASSED] - Text 'النظام' is set on object 'Object Repository/OOBObjects/ProjectsListObjects/ProjectOwnerField'

2019-05-19 11:46:36 - [MESSAGE][PASSED] - I want to fill project owner field

2019-05-19 11:46:36 - [TEST_STEP][PASSED] - I want to tap enter key on owner field: I want to tap enter key on owner field

2019-05-19 11:46:36 - [MESSAGE][PASSED] - Keys 'ENTER + ' sent to object: 'Object Repository/OOBObjects/ProjectsListObjects/ProjectOwnerField'

2019-05-19 11:46:36 - [MESSAGE][PASSED] - I want to tap enter key on owner field

2019-05-19 11:46:36 - [TEST_STEP][PASSED] - I want to fill project sponser field: I want to fill project sponser field

2019-05-19 11:46:36 - [MESSAGE][PASSED] - Text 'النظام' is set on object 'Object Repository/OOBObjects/ProjectsListObjects/ProjectSponsorField'

2019-05-19 11:46:36 - [MESSAGE][PASSED] - I want to fill project sponser field

2019-05-19 11:46:36 - [TEST_STEP][PASSED] - I want to tap enter key on sponser field: I want to tap enter key on sponser field

2019-05-19 11:46:36 - [MESSAGE][PASSED] - Keys 'ENTER + ' sent to object: 'Object Repository/OOBObjects/ProjectsListObjects/ProjectSponsorField'

2019-05-19 11:46:36 - [MESSAGE][PASSED] - I want to tap enter key on sponser field

2019-05-19 11:46:36 - [TEST_STEP][PASSED] - I want to fill project description field: I want to fill project description field

2019-05-19 11:46:36 - [MESSAGE][PASSED] - Text 'test description' is set on object 'Object Repository/OOBObjects/ProjectsListObjects/ProjectDescriptionField'

2019-05-19 11:46:36 - [MESSAGE][PASSED] - I want to fill project description field

2019-05-19 11:46:36 - [TEST_STEP][PASSED] - I want to fill project notes field: I want to fill project notes field

2019-05-19 11:46:36 - [MESSAGE][PASSED] - Text 'test notes' is set on object 'Object Repository/OOBObjects/ProjectsListObjects/ProjectNotesField'

2019-05-19 11:46:36 - [MESSAGE][PASSED] - I want to fill project notes field

2019-05-19 11:46:36 - [TEST_STEP][PASSED] - I want to add attachment for the project: I want to add attachment for the project

2019-05-19 11:46:36 - [MESSAGE][PASSED] - Object: 'Object Repository/OOBObjects/ProjectsListObjects/ProjectAddNewDocumentButton' is clicked on

2019-05-19 11:46:36 - [MESSAGE][WARNING] - Timeout '0' is invalid. Using default page load timeout: '30'

2019-05-19 11:46:36 - [MESSAGE][PASSED] - Scroll to object 'Object Repository/OOBObjects/ProjectsListObjects/ProjectAddNewDocumentButton' successfully

2019-05-19 11:46:36 - [MESSAGE][PASSED] - File 'C:\Users\HP\Desktop\download.png' sent to object: 'Object Repository/OOBObjects/ProjectsListObjects/ProjectUploadFile'

2019-05-19 11:46:36 - [MESSAGE][WARNING] - Timeout '0' is invalid. Using default page load timeout: '30'

2019-05-19 11:46:38 - [MESSAGE][PASSED] - Object 'Object Repository/OOBObjects/ProjectsListObjects/ProjectAttachedFile' is present

2019-05-19 11:46:38 - [MESSAGE][PASSED] - Object: 'Object Repository/OOBObjects/ProjectsListObjects/ProjectLoadButton' is clicked on

2019-05-19 11:46:38 - [MESSAGE][PASSED] - I want to add attachment for the project

2019-05-19 11:46:38 - [TEST_STEP][PASSED] - I want to wait: I want to wait

2019-05-19 11:46:41 - [MESSAGE][PASSED] - Delayed 3 second(s)

2019-05-19 11:46:41 - [MESSAGE][PASSED] - I want to wait

2019-05-19 11:46:41 - [TEST_STEP][PASSED] - I want to click on send project button: I want to click on send project button

2019-05-19 11:46:46 - [MESSAGE][PASSED] - Delayed 5 second(s)

2019-05-19 11:46:46 - [MESSAGE][PASSED] - Wait for page load successfully

2019-05-19 11:46:46 - [MESSAGE][PASSED] - Object: 'Object Repository/OOBObjects/ProjectsListObjects/SendProjectButton' is clicked on

2019-05-19 11:46:46 - [MESSAGE][PASSED] - I want to click on send project button

2019-05-19 11:46:46 - [TEST_STEP][PASSED] - I want to wait for page load: I want to wait for page load

2019-05-19 11:46:46 - [MESSAGE][PASSED] - Wait for page load successfully

2019-05-19 11:46:46 - [MESSAGE][PASSED] - I want to wait for page load

2019-05-19 11:46:46 - [TEST_STEP][PASSED] - I want to check im in projects list page: I want to check im in projects list page

2019-05-19 11:47:31 - [MESSAGE][PASSED] - Delayed 45 second(s)

2019-05-19 11:47:52 - [MESSAGE][PASSED] - Object 'Object Repository/OOBObjects/ProjectsListObjects/ProjectsListTitle' is present

2019-05-19 11:47:52 - [MESSAGE][WARNING] - Timeout '0' is invalid. Using default page load timeout: '30'

2019-05-19 11:47:52 - [MESSAGE][PASSED] - Object 'Object Repository/OOBObjects/ProjectsListObjects/ProjectsListTitle' is present

2019-05-19 11:47:52 - [MESSAGE][PASSED] - I want to check im in projects list page

2019-05-19 11:47:52 - [TEST_STEP][PASSED] - I want to search for crated project by name: I want to search for crated project by name

2019-05-19 11:47:52 - [MESSAGE][PASSED] - Wait for page load successfully

2019-05-19 11:47:52 - [MESSAGE][PASSED] - Object: 'Object Repository/OOBObjects/ProjectsListObjects/ProjectSearchField' is hovered

2019-05-19 11:47:52 - [MESSAGE][PASSED] - Text 'Automation Project7491' is set on object 'Object Repository/OOBObjects/ProjectsListObjects/ProjectSearchField'

2019-05-19 11:47:56 - [MESSAGE][PASSED] - Actual text and expected text of test object 'Object Repository/OOBObjects/ProjectsListObjects/FirstProjectName' are matched.

2019-05-19 11:47:56 - [MESSAGE][PASSED] - I want to search for crated project by name

2019-05-19 11:47:56 - [TEST_STEP][PASSED] - I want to view project page: I want to view project page

2019-05-19 11:48:10 - [MESSAGE][PASSED] - Object: 'Object Repository/OOBObjects/ProjectsListObjects/ProjectNameLink' is clicked on

2019-05-19 11:48:10 - [MESSAGE][WARNING] - Timeout '0' is invalid. Using default page load timeout: '30'

2019-05-19 11:48:10 - [MESSAGE][PASSED] - Object 'Object Repository/OOBObjects/ProjectsListObjects/SupportFomMenue' is present

2019-05-19 11:48:10 - [MESSAGE][PASSED] - I want to view project page

2019-05-19 11:48:10 - [TEST_STEP][PASSED] - I want to verify documents page: I want to verify documents page

2019-05-19 11:48:10 - [MESSAGE][PASSED] - Object: 'Object Repository/OOBObjects/ProjectsListObjects/ProjectMenue' is clicked on

2019-05-19 11:48:21 - [MESSAGE][PASSED] - Object: 'Object Repository/OOBObjects/ProjectsListObjects/ProjectDocumentsFromMenue' is clicked on

2019-05-19 11:48:21 - [MESSAGE][WARNING] - Timeout '0' is invalid. Using default page load timeout: '30'

2019-05-19 11:48:21 - [MESSAGE][PASSED] - Object 'Object Repository/OOBObjects/ProjectsListObjects/DocumentsPageTitle' is present

2019-05-19 11:48:21 - [MESSAGE][WARNING] - Timeout '0' is invalid. Using default page load timeout: '30'

2019-05-19 11:48:21 - [MESSAGE][PASSED] - Object 'Object Repository/OOBObjects/ProjectsListObjects/AddDocumentFromDocumentsPage' is present

2019-05-19 11:48:21 - [MESSAGE][PASSED] - I want to verify documents page

2019-05-19 11:48:21 - [TEST_STEP][PASSED] - I want to add large documment from documents page: I want to add large documment from documents page

2019-05-19 11:48:21 - [MESSAGE][PASSED] - Object: 'Object Repository/OOBObjects/ProjectsListObjects/AddDocumentFromDocumentsPage' is clicked on

2019-05-19 11:48:22 - [MESSAGE][PASSED] - All options with index in [2] are selected on object 'Object Repository/OOBObjects/DocumnetsPageObjects/PhaseAddDocumentPage'

2019-05-19 11:48:22 - [MESSAGE][PASSED] - File 'C:\Users\HP\Desktop\LargeAttachmentFile.pdf' sent to object: 'Object Repository/OOBObjects/DocumnetsPageObjects/UploadFile'

2019-05-19 11:48:22 - [MESSAGE][PASSED] - I want to add large documment from documents page

2019-05-19 11:48:22 - [TEST_STEP][FAILED] - I want to verify large Attachment not added and check error message: I want to verify large Attachment not added and check error message FAILED.
Reason:
com.kms.katalon.core.exception.StepFailedException: Verify element text of test object 'Object Repository/OOBObjects/IdeasListObjects/ErrorMessage' FAILED.
	at com.kms.katalon.core.webui.keyword.internal.WebUIKeywordMain.stepFailed(WebUIKeywordMain.groovy:64)
	at com.kms.katalon.core.webui.keyword.internal.WebUIKeywordMain.runKeyword(WebUIKeywordMain.groovy:26)
	at com.kms.katalon.core.webui.keyword.builtin.VerifyElementTextKeyword.verifyElementText(VerifyElementTextKeyword.groovy:72)
	at com.kms.katalon.core.webui.keyword.builtin.VerifyElementTextKeyword.execute(VerifyElementTextKeyword.groovy:40)
	at com.kms.katalon.core.keyword.internal.KeywordExecutor.executeKeywordForPlatform(KeywordExecutor.groovy:56)
	at com.kms.katalon.core.webui.keyword.WebUiBuiltInKeywords.verifyElementText(WebUiBuiltInKeywords.groovy:3663)
	at com.kms.katalon.core.webui.keyword.WebUiBuiltInKeywords$verifyElementText$14.call(Unknown Source)
	at com.pmo.steps.AddProjectSteps.verifyLargeAttachmentnotAdded(AddProjectSteps.groovy:634)
	at ✽.I want to verify large Attachment not added and check error message(C:/Users/HP/git/PMO-Web-Application/Include/features/Governance-Module/Add-Project/033-Upload-Large-Attachment-File-From-Documents-Page.feature:36)
Caused by: com.kms.katalon.core.exception.StepFailedException: Actual text '' and expected text 'حجم الملف اكبر من المسموح به, أقصى حجم 2.0MB.' of test object 'Object Repository/OOBObjects/IdeasListObjects/ErrorMessage' are NOT matched.
	at com.kms.katalon.core.webui.keyword.internal.WebUIKeywordMain.stepFailed(WebUIKeywordMain.groovy:64)
	at com.kms.katalon.core.webui.keyword.builtin.VerifyElementTextKeyword$_verifyElementText_closure1.doCall(VerifyElementTextKeyword.groovy:57)
	at com.kms.katalon.core.webui.keyword.builtin.VerifyElementTextKeyword$_verifyElementText_closure1.call(VerifyElementTextKeyword.groovy)
	at com.kms.katalon.core.webui.keyword.internal.WebUIKeywordMain.runKeyword(WebUIKeywordMain.groovy:20)
	at com.kms.katalon.core.webui.keyword.builtin.VerifyElementTextKeyword.verifyElementText(VerifyElementTextKeyword.groovy:72)
	at com.kms.katalon.core.webui.keyword.builtin.VerifyElementTextKeyword.execute(VerifyElementTextKeyword.groovy:40)
	at com.kms.katalon.core.keyword.internal.KeywordExecutor.executeKeywordForPlatform(KeywordExecutor.groovy:56)
	at com.kms.katalon.core.webui.keyword.WebUiBuiltInKeywords.verifyElementText(WebUiBuiltInKeywords.groovy:3663)
	at com.kms.katalon.core.webui.keyword.WebUiBuiltInKeywords$verifyElementText$14.call(Unknown Source)
	at com.pmo.steps.AddProjectSteps.verifyLargeAttachmentnotAdded(AddProjectSteps.groovy:634)
	at cucumber.runtime.Utils$1.call(Utils.java:26)
	at cucumber.runtime.Timeout.timeout(Timeout.java:16)
	at cucumber.runtime.Utils.invoke(Utils.java:20)
	at cucumber.runtime.java.JavaStepDefinition.execute(JavaStepDefinition.java:48)
	at cucumber.runtime.PickleStepDefinitionMatch.runStep(PickleStepDefinitionMatch.java:50)
	at cucumber.runner.TestStep.executeStep(TestStep.java:55)
	at cucumber.runner.TestStep.run(TestStep.java:42)
	at cucumber.runner.PickleStepTestStep.run(PickleStepTestStep.java:53)
	at cucumber.runner.TestCase.run(TestCase.java:47)
	at cucumber.runner.Runner.runPickle(Runner.java:44)
	at cucumber.runtime.Runtime.runFeature(Runtime.java:120)
	at cucumber.runtime.Runtime.run(Runtime.java:106)
	at cucumber.api.cli.Main.run(Main.java:35)
	at cucumber.api.cli.Main$run.call(Unknown Source)
	at com.kms.katalon.core.cucumber.keyword.CucumberBuiltinKeywords$_runFeatureFile_closure1.doCall(CucumberBuiltinKeywords.groovy:76)
	at com.kms.katalon.core.cucumber.keyword.CucumberBuiltinKeywords$_runFeatureFile_closure1.doCall(CucumberBuiltinKeywords.groovy)
	at com.kms.katalon.core.keyword.internal.KeywordMain.runKeyword(KeywordMain.groovy:66)
	at com.kms.katalon.core.keyword.internal.KeywordMain$runKeyword.call(Unknown Source)
	at com.kms.katalon.core.cucumber.keyword.CucumberBuiltinKeywords.runFeatureFile(CucumberBuiltinKeywords.groovy:46)
	at com.kms.katalon.core.cucumber.keyword.CucumberBuiltinKeywords$runFeatureFile$0.callStatic(Unknown Source)
	at com.kms.katalon.core.cucumber.keyword.CucumberBuiltinKeywords.runFeatureFile(CucumberBuiltinKeywords.groovy:101)
	at com.kms.katalon.core.cucumber.keyword.CucumberBuiltinKeywords$runFeatureFile.call(Unknown Source)
	at 033-Upload-Large-Attachment-File-From-Documents-Page.run(033-Upload-Large-Attachment-File-From-Documents-Page:16)
	at com.kms.katalon.core.main.ScriptEngine.run(ScriptEngine.java:194)
	at com.kms.katalon.core.main.ScriptEngine.runScriptAsRawText(ScriptEngine.java:119)
	at com.kms.katalon.core.main.TestCaseExecutor.runScript(TestCaseExecutor.java:331)
	at com.kms.katalon.core.main.TestCaseExecutor.doExecute(TestCaseExecutor.java:322)
	at com.kms.katalon.core.main.TestCaseExecutor.processExecutionPhase(TestCaseExecutor.java:301)
	at com.kms.katalon.core.main.TestCaseExecutor.accessMainPhase(TestCaseExecutor.java:293)
	at com.kms.katalon.core.main.TestCaseExecutor.execute(TestCaseExecutor.java:227)
	at com.kms.katalon.core.main.TestSuiteExecutor.accessTestCaseMainPhase(TestSuiteExecutor.java:129)
	at com.kms.katalon.core.main.TestSuiteExecutor.accessTestSuiteMainPhase(TestSuiteExecutor.java:112)
	at com.kms.katalon.core.main.TestSuiteExecutor.execute(TestSuiteExecutor.java:81)
	at com.kms.katalon.core.main.TestCaseMain.startTestSuite(TestCaseMain.java:157)
	at com.kms.katalon.core.main.TestCaseMain$startTestSuite$0.call(Unknown Source)
	at TempTestSuite1558253547685.run(TempTestSuite1558253547685.groovy:35)


2019-05-19 11:48:22 - [MESSAGE][FAILED] - Actual text '' and expected text 'حجم الملف اكبر من المسموح به, أقصى حجم 2.0MB.' of test object 'Object Repository/OOBObjects/IdeasListObjects/ErrorMessage' are NOT matched. (Root cause: com.kms.katalon.core.exception.StepFailedException: Actual text '' and expected text 'حجم الملف اكبر من المسموح به, أقصى حجم 2.0MB.' of test object 'Object Repository/OOBObjects/IdeasListObjects/ErrorMessage' are NOT matched.
	at com.kms.katalon.core.webui.keyword.internal.WebUIKeywordMain.stepFailed(WebUIKeywordMain.groovy:64)
	at com.kms.katalon.core.webui.keyword.builtin.VerifyElementTextKeyword$_verifyElementText_closure1.doCall(VerifyElementTextKeyword.groovy:57)
	at com.kms.katalon.core.webui.keyword.builtin.VerifyElementTextKeyword$_verifyElementText_closure1.call(VerifyElementTextKeyword.groovy)
	at com.kms.katalon.core.webui.keyword.internal.WebUIKeywordMain.runKeyword(WebUIKeywordMain.groovy:20)
	at com.kms.katalon.core.webui.keyword.builtin.VerifyElementTextKeyword.verifyElementText(VerifyElementTextKeyword.groovy:72)
	at com.kms.katalon.core.webui.keyword.builtin.VerifyElementTextKeyword.execute(VerifyElementTextKeyword.groovy:40)
	at com.kms.katalon.core.keyword.internal.KeywordExecutor.executeKeywordForPlatform(KeywordExecutor.groovy:56)
	at com.kms.katalon.core.webui.keyword.WebUiBuiltInKeywords.verifyElementText(WebUiBuiltInKeywords.groovy:3663)
	at com.kms.katalon.core.webui.keyword.WebUiBuiltInKeywords$verifyElementText$14.call(Unknown Source)
	at com.pmo.steps.AddProjectSteps.verifyLargeAttachmentnotAdded(AddProjectSteps.groovy:634)
	at cucumber.runtime.Utils$1.call(Utils.java:26)
	at cucumber.runtime.Timeout.timeout(Timeout.java:16)
	at cucumber.runtime.Utils.invoke(Utils.java:20)
	at cucumber.runtime.java.JavaStepDefinition.execute(JavaStepDefinition.java:48)
	at cucumber.runtime.PickleStepDefinitionMatch.runStep(PickleStepDefinitionMatch.java:50)
	at cucumber.runner.TestStep.executeStep(TestStep.java:55)
	at cucumber.runner.TestStep.run(TestStep.java:42)
	at cucumber.runner.PickleStepTestStep.run(PickleStepTestStep.java:53)
	at cucumber.runner.TestCase.run(TestCase.java:47)
	at cucumber.runner.Runner.runPickle(Runner.java:44)
	at cucumber.runtime.Runtime.runFeature(Runtime.java:120)
	at cucumber.runtime.Runtime.run(Runtime.java:106)
	at cucumber.api.cli.Main.run(Main.java:35)
	at cucumber.api.cli.Main$run.call(Unknown Source)
	at com.kms.katalon.core.cucumber.keyword.CucumberBuiltinKeywords$_runFeatureFile_closure1.doCall(CucumberBuiltinKeywords.groovy:76)
	at com.kms.katalon.core.cucumber.keyword.CucumberBuiltinKeywords$_runFeatureFile_closure1.doCall(CucumberBuiltinKeywords.groovy)
	at com.kms.katalon.core.keyword.internal.KeywordMain.runKeyword(KeywordMain.groovy:66)
	at com.kms.katalon.core.keyword.internal.KeywordMain$runKeyword.call(Unknown Source)
	at com.kms.katalon.core.cucumber.keyword.CucumberBuiltinKeywords.runFeatureFile(CucumberBuiltinKeywords.groovy:46)
	at com.kms.katalon.core.cucumber.keyword.CucumberBuiltinKeywords$runFeatureFile$0.callStatic(Unknown Source)
	at com.kms.katalon.core.cucumber.keyword.CucumberBuiltinKeywords.runFeatureFile(CucumberBuiltinKeywords.groovy:101)
	at com.kms.katalon.core.cucumber.keyword.CucumberBuiltinKeywords$runFeatureFile.call(Unknown Source)
	at 033-Upload-Large-Attachment-File-From-Documents-Page.run(033-Upload-Large-Attachment-File-From-Documents-Page:16)
	at com.kms.katalon.core.main.ScriptEngine.run(ScriptEngine.java:194)
	at com.kms.katalon.core.main.ScriptEngine.runScriptAsRawText(ScriptEngine.java:119)
	at com.kms.katalon.core.main.TestCaseExecutor.runScript(TestCaseExecutor.java:331)
	at com.kms.katalon.core.main.TestCaseExecutor.doExecute(TestCaseExecutor.java:322)
	at com.kms.katalon.core.main.TestCaseExecutor.processExecutionPhase(TestCaseExecutor.java:301)
	at com.kms.katalon.core.main.TestCaseExecutor.accessMainPhase(TestCaseExecutor.java:293)
	at com.kms.katalon.core.main.TestCaseExecutor.execute(TestCaseExecutor.java:227)
	at com.kms.katalon.core.main.TestSuiteExecutor.accessTestCaseMainPhase(TestSuiteExecutor.java:129)
	at com.kms.katalon.core.main.TestSuiteExecutor.accessTestSuiteMainPhase(TestSuiteExecutor.java:112)
	at com.kms.katalon.core.main.TestSuiteExecutor.execute(TestSuiteExecutor.java:81)
	at com.kms.katalon.core.main.TestCaseMain.startTestSuite(TestCaseMain.java:157)
	at com.kms.katalon.core.main.TestCaseMain$startTestSuite$0.call(Unknown Source)
	at TempTestSuite1558253547685.run(TempTestSuite1558253547685.groovy:35)
)
[[ATTACHMENT|C:\\Users\\HP\\git\\PMO-Web-Application\\Reports\\First-Test-Suite\\20190519_111227\\1558255702110.png]]

2019-05-19 11:48:22 - [MESSAGE][FAILED] - Verify element text of test object 'Object Repository/OOBObjects/IdeasListObjects/ErrorMessage' FAILED. (Root cause: com.kms.katalon.core.exception.StepFailedException: Verify element text of test object 'Object Repository/OOBObjects/IdeasListObjects/ErrorMessage' FAILED.
	at com.kms.katalon.core.webui.keyword.internal.WebUIKeywordMain.stepFailed(WebUIKeywordMain.groovy:64)
	at com.kms.katalon.core.webui.keyword.internal.WebUIKeywordMain.runKeyword(WebUIKeywordMain.groovy:26)
	at com.kms.katalon.core.webui.keyword.builtin.VerifyElementTextKeyword.verifyElementText(VerifyElementTextKeyword.groovy:72)
	at com.kms.katalon.core.webui.keyword.builtin.VerifyElementTextKeyword.execute(VerifyElementTextKeyword.groovy:40)
	at com.kms.katalon.core.keyword.internal.KeywordExecutor.executeKeywordForPlatform(KeywordExecutor.groovy:56)
	at com.kms.katalon.core.webui.keyword.WebUiBuiltInKeywords.verifyElementText(WebUiBuiltInKeywords.groovy:3663)
	at com.kms.katalon.core.webui.keyword.WebUiBuiltInKeywords$verifyElementText$14.call(Unknown Source)
	at com.pmo.steps.AddProjectSteps.verifyLargeAttachmentnotAdded(AddProjectSteps.groovy:634)
	at cucumber.runtime.Utils$1.call(Utils.java:26)
	at cucumber.runtime.Timeout.timeout(Timeout.java:16)
	at cucumber.runtime.Utils.invoke(Utils.java:20)
	at cucumber.runtime.java.JavaStepDefinition.execute(JavaStepDefinition.java:48)
	at cucumber.runtime.PickleStepDefinitionMatch.runStep(PickleStepDefinitionMatch.java:50)
	at cucumber.runner.TestStep.executeStep(TestStep.java:55)
	at cucumber.runner.TestStep.run(TestStep.java:42)
	at cucumber.runner.PickleStepTestStep.run(PickleStepTestStep.java:53)
	at cucumber.runner.TestCase.run(TestCase.java:47)
	at cucumber.runner.Runner.runPickle(Runner.java:44)
	at cucumber.runtime.Runtime.runFeature(Runtime.java:120)
	at cucumber.runtime.Runtime.run(Runtime.java:106)
	at cucumber.api.cli.Main.run(Main.java:35)
	at cucumber.api.cli.Main$run.call(Unknown Source)
	at com.kms.katalon.core.cucumber.keyword.CucumberBuiltinKeywords$_runFeatureFile_closure1.doCall(CucumberBuiltinKeywords.groovy:76)
	at com.kms.katalon.core.cucumber.keyword.CucumberBuiltinKeywords$_runFeatureFile_closure1.doCall(CucumberBuiltinKeywords.groovy)
	at com.kms.katalon.core.keyword.internal.KeywordMain.runKeyword(KeywordMain.groovy:66)
	at com.kms.katalon.core.keyword.internal.KeywordMain$runKeyword.call(Unknown Source)
	at com.kms.katalon.core.cucumber.keyword.CucumberBuiltinKeywords.runFeatureFile(CucumberBuiltinKeywords.groovy:46)
	at com.kms.katalon.core.cucumber.keyword.CucumberBuiltinKeywords$runFeatureFile$0.callStatic(Unknown Source)
	at com.kms.katalon.core.cucumber.keyword.CucumberBuiltinKeywords.runFeatureFile(CucumberBuiltinKeywords.groovy:101)
	at com.kms.katalon.core.cucumber.keyword.CucumberBuiltinKeywords$runFeatureFile.call(Unknown Source)
	at 033-Upload-Large-Attachment-File-From-Documents-Page.run(033-Upload-Large-Attachment-File-From-Documents-Page:16)
	at com.kms.katalon.core.main.ScriptEngine.run(ScriptEngine.java:194)
	at com.kms.katalon.core.main.ScriptEngine.runScriptAsRawText(ScriptEngine.java:119)
	at com.kms.katalon.core.main.TestCaseExecutor.runScript(TestCaseExecutor.java:331)
	at com.kms.katalon.core.main.TestCaseExecutor.doExecute(TestCaseExecutor.java:322)
	at com.kms.katalon.core.main.TestCaseExecutor.processExecutionPhase(TestCaseExecutor.java:301)
	at com.kms.katalon.core.main.TestCaseExecutor.accessMainPhase(TestCaseExecutor.java:293)
	at com.kms.katalon.core.main.TestCaseExecutor.execute(TestCaseExecutor.java:227)
	at com.kms.katalon.core.main.TestSuiteExecutor.accessTestCaseMainPhase(TestSuiteExecutor.java:129)
	at com.kms.katalon.core.main.TestSuiteExecutor.accessTestSuiteMainPhase(TestSuiteExecutor.java:112)
	at com.kms.katalon.core.main.TestSuiteExecutor.execute(TestSuiteExecutor.java:81)
	at com.kms.katalon.core.main.TestCaseMain.startTestSuite(TestCaseMain.java:157)
	at com.kms.katalon.core.main.TestCaseMain$startTestSuite$0.call(Unknown Source)
	at TempTestSuite1558253547685.run(TempTestSuite1558253547685.groovy:35)
Caused by: com.kms.katalon.core.exception.StepFailedException: Actual text '' and expected text 'حجم الملف اكبر من المسموح به, أقصى حجم 2.0MB.' of test object 'Object Repository/OOBObjects/IdeasListObjects/ErrorMessage' are NOT matched.
	at com.kms.katalon.core.webui.keyword.internal.WebUIKeywordMain.stepFailed(WebUIKeywordMain.groovy:64)
	at com.kms.katalon.core.webui.keyword.builtin.VerifyElementTextKeyword$_verifyElementText_closure1.doCall(VerifyElementTextKeyword.groovy:57)
	at com.kms.katalon.core.webui.keyword.builtin.VerifyElementTextKeyword$_verifyElementText_closure1.call(VerifyElementTextKeyword.groovy)
	at com.kms.katalon.core.webui.keyword.internal.WebUIKeywordMain.runKeyword(WebUIKeywordMain.groovy:20)
	... 42 more
)
[[ATTACHMENT|C:\\Users\\HP\\git\\PMO-Web-Application\\Reports\\First-Test-Suite\\20190519_111227\\1558255702470.png]]

2019-05-19 11:48:22 - [MESSAGE][FAILED] - I want to verify large Attachment not added and check error message FAILED.
Reason:
com.kms.katalon.core.exception.StepFailedException: Verify element text of test object 'Object Repository/OOBObjects/IdeasListObjects/ErrorMessage' FAILED.
	at com.kms.katalon.core.webui.keyword.internal.WebUIKeywordMain.stepFailed(WebUIKeywordMain.groovy:64)
	at com.kms.katalon.core.webui.keyword.internal.WebUIKeywordMain.runKeyword(WebUIKeywordMain.groovy:26)
	at com.kms.katalon.core.webui.keyword.builtin.VerifyElementTextKeyword.verifyElementText(VerifyElementTextKeyword.groovy:72)
	at com.kms.katalon.core.webui.keyword.builtin.VerifyElementTextKeyword.execute(VerifyElementTextKeyword.groovy:40)
	at com.kms.katalon.core.keyword.internal.KeywordExecutor.executeKeywordForPlatform(KeywordExecutor.groovy:56)
	at com.kms.katalon.core.webui.keyword.WebUiBuiltInKeywords.verifyElementText(WebUiBuiltInKeywords.groovy:3663)
	at com.kms.katalon.core.webui.keyword.WebUiBuiltInKeywords$verifyElementText$14.call(Unknown Source)
	at com.pmo.steps.AddProjectSteps.verifyLargeAttachmentnotAdded(AddProjectSteps.groovy:634)
	at ✽.I want to verify large Attachment not added and check error message(C:/Users/HP/git/PMO-Web-Application/Include/features/Governance-Module/Add-Project/033-Upload-Large-Attachment-File-From-Documents-Page.feature:36)
Caused by: com.kms.katalon.core.exception.StepFailedException: Actual text '' and expected text 'حجم الملف اكبر من المسموح به, أقصى حجم 2.0MB.' of test object 'Object Repository/OOBObjects/IdeasListObjects/ErrorMessage' are NOT matched.
	at com.kms.katalon.core.webui.keyword.internal.WebUIKeywordMain.stepFailed(WebUIKeywordMain.groovy:64)
	at com.kms.katalon.core.webui.keyword.builtin.VerifyElementTextKeyword$_verifyElementText_closure1.doCall(VerifyElementTextKeyword.groovy:57)
	at com.kms.katalon.core.webui.keyword.builtin.VerifyElementTextKeyword$_verifyElementText_closure1.call(VerifyElementTextKeyword.groovy)
	at com.kms.katalon.core.webui.keyword.internal.WebUIKeywordMain.runKeyword(WebUIKeywordMain.groovy:20)
	at com.kms.katalon.core.webui.keyword.builtin.VerifyElementTextKeyword.verifyElementText(VerifyElementTextKeyword.groovy:72)
	at com.kms.katalon.core.webui.keyword.builtin.VerifyElementTextKeyword.execute(VerifyElementTextKeyword.groovy:40)
	at com.kms.katalon.core.keyword.internal.KeywordExecutor.executeKeywordForPlatform(KeywordExecutor.groovy:56)
	at com.kms.katalon.core.webui.keyword.WebUiBuiltInKeywords.verifyElementText(WebUiBuiltInKeywords.groovy:3663)
	at com.kms.katalon.core.webui.keyword.WebUiBuiltInKeywords$verifyElementText$14.call(Unknown Source)
	at com.pmo.steps.AddProjectSteps.verifyLargeAttachmentnotAdded(AddProjectSteps.groovy:634)
	at cucumber.runtime.Utils$1.call(Utils.java:26)
	at cucumber.runtime.Timeout.timeout(Timeout.java:16)
	at cucumber.runtime.Utils.invoke(Utils.java:20)
	at cucumber.runtime.java.JavaStepDefinition.execute(JavaStepDefinition.java:48)
	at cucumber.runtime.PickleStepDefinitionMatch.runStep(PickleStepDefinitionMatch.java:50)
	at cucumber.runner.TestStep.executeStep(TestStep.java:55)
	at cucumber.runner.TestStep.run(TestStep.java:42)
	at cucumber.runner.PickleStepTestStep.run(PickleStepTestStep.java:53)
	at cucumber.runner.TestCase.run(TestCase.java:47)
	at cucumber.runner.Runner.runPickle(Runner.java:44)
	at cucumber.runtime.Runtime.runFeature(Runtime.java:120)
	at cucumber.runtime.Runtime.run(Runtime.java:106)
	at cucumber.api.cli.Main.run(Main.java:35)
	at cucumber.api.cli.Main$run.call(Unknown Source)
	at com.kms.katalon.core.cucumber.keyword.CucumberBuiltinKeywords$_runFeatureFile_closure1.doCall(CucumberBuiltinKeywords.groovy:76)
	at com.kms.katalon.core.cucumber.keyword.CucumberBuiltinKeywords$_runFeatureFile_closure1.doCall(CucumberBuiltinKeywords.groovy)
	at com.kms.katalon.core.keyword.internal.KeywordMain.runKeyword(KeywordMain.groovy:66)
	at com.kms.katalon.core.keyword.internal.KeywordMain$runKeyword.call(Unknown Source)
	at com.kms.katalon.core.cucumber.keyword.CucumberBuiltinKeywords.runFeatureFile(CucumberBuiltinKeywords.groovy:46)
	at com.kms.katalon.core.cucumber.keyword.CucumberBuiltinKeywords$runFeatureFile$0.callStatic(Unknown Source)
	at com.kms.katalon.core.cucumber.keyword.CucumberBuiltinKeywords.runFeatureFile(CucumberBuiltinKeywords.groovy:101)
	at com.kms.katalon.core.cucumber.keyword.CucumberBuiltinKeywords$runFeatureFile.call(Unknown Source)
	at 033-Upload-Large-Attachment-File-From-Documents-Page.run(033-Upload-Large-Attachment-File-From-Documents-Page:16)
	at com.kms.katalon.core.main.ScriptEngine.run(ScriptEngine.java:194)
	at com.kms.katalon.core.main.ScriptEngine.runScriptAsRawText(ScriptEngine.java:119)
	at com.kms.katalon.core.main.TestCaseExecutor.runScript(TestCaseExecutor.java:331)
	at com.kms.katalon.core.main.TestCaseExecutor.doExecute(TestCaseExecutor.java:322)
	at com.kms.katalon.core.main.TestCaseExecutor.processExecutionPhase(TestCaseExecutor.java:301)
	at com.kms.katalon.core.main.TestCaseExecutor.accessMainPhase(TestCaseExecutor.java:293)
	at com.kms.katalon.core.main.TestCaseExecutor.execute(TestCaseExecutor.java:227)
	at com.kms.katalon.core.main.TestSuiteExecutor.accessTestCaseMainPhase(TestSuiteExecutor.java:129)
	at com.kms.katalon.core.main.TestSuiteExecutor.accessTestSuiteMainPhase(TestSuiteExecutor.java:112)
	at com.kms.katalon.core.main.TestSuiteExecutor.execute(TestSuiteExecutor.java:81)
	at com.kms.katalon.core.main.TestCaseMain.startTestSuite(TestCaseMain.java:157)
	at com.kms.katalon.core.main.TestCaseMain$startTestSuite$0.call(Unknown Source)
	at TempTestSuite1558253547685.run(TempTestSuite1558253547685.groovy:35)


2019-05-19 11:48:22 - [TEST_STEP][NOT_RUN] - I want to close browser: I want to close browser

2019-05-19 11:48:22 - [MESSAGE][NOT_RUN] - I want to close browser

2019-05-19 11:48:22 - [MESSAGE][FAILED] - Feature file 'Include/features/Governance-Module/Add-Project/033-Upload-Large-Attachment-File-From-Documents-Page.feature' was failed

2019-05-19 11:48:22 - [MESSAGE][FAILED] - Keyword runFeatureFile was failed (Root cause: com.kms.katalon.core.exception.StepFailedException: Feature file 'Include/features/Governance-Module/Add-Project/033-Upload-Large-Attachment-File-From-Documents-Page.feature' was failed
	at com.kms.katalon.core.keyword.internal.KeywordMain.stepFailed(KeywordMain.groovy:48)
	at com.kms.katalon.core.keyword.internal.KeywordMain.stepFailed(KeywordMain.groovy)
	at com.kms.katalon.core.keyword.internal.KeywordMain.stepFailed(KeywordMain.groovy:21)
	at com.kms.katalon.core.keyword.internal.KeywordMain$stepFailed$0.call(Unknown Source)
	at com.kms.katalon.core.cucumber.keyword.CucumberBuiltinKeywords$_runFeatureFile_closure1.doCall(CucumberBuiltinKeywords.groovy:82)
	at com.kms.katalon.core.cucumber.keyword.CucumberBuiltinKeywords$_runFeatureFile_closure1.doCall(CucumberBuiltinKeywords.groovy)
	at com.kms.katalon.core.keyword.internal.KeywordMain.runKeyword(KeywordMain.groovy:66)
	at com.kms.katalon.core.keyword.internal.KeywordMain$runKeyword.call(Unknown Source)
	at com.kms.katalon.core.cucumber.keyword.CucumberBuiltinKeywords.runFeatureFile(CucumberBuiltinKeywords.groovy:46)
	at com.kms.katalon.core.cucumber.keyword.CucumberBuiltinKeywords$runFeatureFile$0.callStatic(Unknown Source)
	at com.kms.katalon.core.cucumber.keyword.CucumberBuiltinKeywords.runFeatureFile(CucumberBuiltinKeywords.groovy:101)
	at com.kms.katalon.core.cucumber.keyword.CucumberBuiltinKeywords$runFeatureFile.call(Unknown Source)
	at 033-Upload-Large-Attachment-File-From-Documents-Page.run(033-Upload-Large-Attachment-File-From-Documents-Page:16)
	at com.kms.katalon.core.main.ScriptEngine.run(ScriptEngine.java:194)
	at com.kms.katalon.core.main.ScriptEngine.runScriptAsRawText(ScriptEngine.java:119)
	at com.kms.katalon.core.main.TestCaseExecutor.runScript(TestCaseExecutor.java:331)
	at com.kms.katalon.core.main.TestCaseExecutor.doExecute(TestCaseExecutor.java:322)
	at com.kms.katalon.core.main.TestCaseExecutor.processExecutionPhase(TestCaseExecutor.java:301)
	at com.kms.katalon.core.main.TestCaseExecutor.accessMainPhase(TestCaseExecutor.java:293)
	at com.kms.katalon.core.main.TestCaseExecutor.execute(TestCaseExecutor.java:227)
	at com.kms.katalon.core.main.TestSuiteExecutor.accessTestCaseMainPhase(TestSuiteExecutor.java:129)
	at com.kms.katalon.core.main.TestSuiteExecutor.accessTestSuiteMainPhase(TestSuiteExecutor.java:112)
	at com.kms.katalon.core.main.TestSuiteExecutor.execute(TestSuiteExecutor.java:81)
	at com.kms.katalon.core.main.TestCaseMain.startTestSuite(TestCaseMain.java:157)
	at com.kms.katalon.core.main.TestCaseMain$startTestSuite$0.call(Unknown Source)
	at TempTestSuite1558253547685.run(TempTestSuite1558253547685.groovy:35)
)

2019-05-19 11:48:22 - [MESSAGE][FAILED] - runFeatureFile("Include/features/Governance-Module/Add-Project/033-Upload-Large-Attachment-File-From-Documents-Page.feature") FAILED.
Reason:
com.kms.katalon.core.exception.StepFailedException: Feature file 'Include/features/Governance-Module/Add-Project/033-Upload-Large-Attachment-File-From-Documents-Page.feature' was failed
	at com.kms.katalon.core.keyword.internal.KeywordMain.stepFailed(KeywordMain.groovy:48)
	at com.kms.katalon.core.keyword.internal.KeywordMain.stepFailed(KeywordMain.groovy)
	at com.kms.katalon.core.keyword.internal.KeywordMain.stepFailed(KeywordMain.groovy:21)
	at com.kms.katalon.core.keyword.internal.KeywordMain$stepFailed$0.call(Unknown Source)
	at com.kms.katalon.core.cucumber.keyword.CucumberBuiltinKeywords$_runFeatureFile_closure1.doCall(CucumberBuiltinKeywords.groovy:82)
	at com.kms.katalon.core.cucumber.keyword.CucumberBuiltinKeywords$_runFeatureFile_closure1.doCall(CucumberBuiltinKeywords.groovy)
	at com.kms.katalon.core.keyword.internal.KeywordMain.runKeyword(KeywordMain.groovy:66)
	at com.kms.katalon.core.keyword.internal.KeywordMain$runKeyword.call(Unknown Source)
	at com.kms.katalon.core.cucumber.keyword.CucumberBuiltinKeywords.runFeatureFile(CucumberBuiltinKeywords.groovy:46)
	at com.kms.katalon.core.cucumber.keyword.CucumberBuiltinKeywords$runFeatureFile$0.callStatic(Unknown Source)
	at com.kms.katalon.core.cucumber.keyword.CucumberBuiltinKeywords.runFeatureFile(CucumberBuiltinKeywords.groovy:101)
	at com.kms.katalon.core.cucumber.keyword.CucumberBuiltinKeywords$runFeatureFile.call(Unknown Source)
	at 033-Upload-Large-Attachment-File-From-Documents-Page.run(033-Upload-Large-Attachment-File-From-Documents-Page:16)
	at com.kms.katalon.core.main.ScriptEngine.run(ScriptEngine.java:194)
	at com.kms.katalon.core.main.ScriptEngine.runScriptAsRawText(ScriptEngine.java:119)
	at com.kms.katalon.core.main.TestCaseExecutor.runScript(TestCaseExecutor.java:331)
	at com.kms.katalon.core.main.TestCaseExecutor.doExecute(TestCaseExecutor.java:322)
	at com.kms.katalon.core.main.TestCaseExecutor.processExecutionPhase(TestCaseExecutor.java:301)
	at com.kms.katalon.core.main.TestCaseExecutor.accessMainPhase(TestCaseExecutor.java:293)
	at com.kms.katalon.core.main.TestCaseExecutor.execute(TestCaseExecutor.java:227)
	at com.kms.katalon.core.main.TestSuiteExecutor.accessTestCaseMainPhase(TestSuiteExecutor.java:129)
	at com.kms.katalon.core.main.TestSuiteExecutor.accessTestSuiteMainPhase(TestSuiteExecutor.java:112)
	at com.kms.katalon.core.main.TestSuiteExecutor.execute(TestSuiteExecutor.java:81)
	at com.kms.katalon.core.main.TestCaseMain.startTestSuite(TestCaseMain.java:157)
	at com.kms.katalon.core.main.TestCaseMain$startTestSuite$0.call(Unknown Source)
	at TempTestSuite1558253547685.run(TempTestSuite1558253547685.groovy:35)]]></system-out>
         <system-err><![CDATA[2019-05-19 11:46:06 - [TEST_CASE][FAILED] - Test Cases/Add-Project-Test-Cases/033-Upload-Large-Attachment-File-From-Documents-Page: Test Cases/Add-Project-Test-Cases/033-Upload-Large-Attachment-File-From-Documents-Page FAILED.
Reason:
com.kms.katalon.core.exception.StepFailedException: Feature file 'Include/features/Governance-Module/Add-Project/033-Upload-Large-Attachment-File-From-Documents-Page.feature' was failed
	at com.kms.katalon.core.keyword.internal.KeywordMain.stepFailed(KeywordMain.groovy:48)
	at com.kms.katalon.core.keyword.internal.KeywordMain.stepFailed(KeywordMain.groovy)
	at com.kms.katalon.core.keyword.internal.KeywordMain.stepFailed(KeywordMain.groovy:21)
	at com.kms.katalon.core.keyword.internal.KeywordMain$stepFailed$0.call(Unknown Source)
	at com.kms.katalon.core.cucumber.keyword.CucumberBuiltinKeywords$_runFeatureFile_closure1.doCall(CucumberBuiltinKeywords.groovy:82)
	at com.kms.katalon.core.cucumber.keyword.CucumberBuiltinKeywords$_runFeatureFile_closure1.doCall(CucumberBuiltinKeywords.groovy)
	at com.kms.katalon.core.keyword.internal.KeywordMain.runKeyword(KeywordMain.groovy:66)
	at com.kms.katalon.core.keyword.internal.KeywordMain$runKeyword.call(Unknown Source)
	at com.kms.katalon.core.cucumber.keyword.CucumberBuiltinKeywords.runFeatureFile(CucumberBuiltinKeywords.groovy:46)
	at com.kms.katalon.core.cucumber.keyword.CucumberBuiltinKeywords$runFeatureFile$0.callStatic(Unknown Source)
	at com.kms.katalon.core.cucumber.keyword.CucumberBuiltinKeywords.runFeatureFile(CucumberBuiltinKeywords.groovy:101)
	at com.kms.katalon.core.cucumber.keyword.CucumberBuiltinKeywords$runFeatureFile.call(Unknown Source)
	at 033-Upload-Large-Attachment-File-From-Documents-Page.run(033-Upload-Large-Attachment-File-From-Documents-Page:16)
	at com.kms.katalon.core.main.ScriptEngine.run(ScriptEngine.java:194)
	at com.kms.katalon.core.main.ScriptEngine.runScriptAsRawText(ScriptEngine.java:119)
	at com.kms.katalon.core.main.TestCaseExecutor.runScript(TestCaseExecutor.java:331)
	at com.kms.katalon.core.main.TestCaseExecutor.doExecute(TestCaseExecutor.java:322)
	at com.kms.katalon.core.main.TestCaseExecutor.processExecutionPhase(TestCaseExecutor.java:301)
	at com.kms.katalon.core.main.TestCaseExecutor.accessMainPhase(TestCaseExecutor.java:293)
	at com.kms.katalon.core.main.TestCaseExecutor.execute(TestCaseExecutor.java:227)
	at com.kms.katalon.core.main.TestSuiteExecutor.accessTestCaseMainPhase(TestSuiteExecutor.java:129)
	at com.kms.katalon.core.main.TestSuiteExecutor.accessTestSuiteMainPhase(TestSuiteExecutor.java:112)
	at com.kms.katalon.core.main.TestSuiteExecutor.execute(TestSuiteExecutor.java:81)
	at com.kms.katalon.core.main.TestCaseMain.startTestSuite(TestCaseMain.java:157)
	at com.kms.katalon.core.main.TestCaseMain$startTestSuite$0.call(Unknown Source)
	at TempTestSuite1558253547685.run(TempTestSuite1558253547685.groovy:35)]]></system-err>
      </testcase>
      <testcase name="Test Cases/Add-Project-Test-Cases/034-Upload-Invalid-Attachment-File-From-Documents-Page" classname="Test Cases/Add-Project-Test-Cases/034-Upload-Invalid-Attachment-File-From-Documents-Page" status="PASSED">
         <system-out><![CDATA[2019-05-19 11:48:22 - [TEST_CASE][PASSED] - Test Cases/Add-Project-Test-Cases/034-Upload-Invalid-Attachment-File-From-Documents-Page: Test Cases/Add-Project-Test-Cases/034-Upload-Invalid-Attachment-File-From-Documents-Page

2019-05-19 11:48:22 - [TEST_STEP][PASSED] - runFeatureFile("Include/features/Governance-Module/Add-Project/034-Upload-Invalid-Attachment-File-From-Documents-Page.feature"): Feature file: 'Include/features/Governance-Module/Add-Project/034-Upload-Invalid-Attachment-File-From-Documents-Page.feature' was passed

2019-05-19 11:48:22 - [MESSAGE][INFO] - Starting run keyword runFeatureFile: 'Include/features/Governance-Module/Add-Project/034-Upload-Invalid-Attachment-File-From-Documents-Page.feature' and extract report to folder: 'C:\Users\HP\git\PMO-Web-Application\Reports\First-Test-Suite\20190519_111227/cucumber_report/1558255702920'...

2019-05-19 11:48:23 - [TEST_CASE][PASSED] - Start Test Case : SCENARIO Upload invalid attachment file from documents page: SCENARIO Upload invalid attachment file from documents page

2019-05-19 11:48:23 - [TEST_STEP][PASSED] - I want to open browser: I want to open browser

2019-05-19 11:48:23 - [MESSAGE][WARNING] - A browser is already opened. Closing browser and opening a new one

2019-05-19 11:48:23 - [MESSAGE][INFO] - Starting 'Chrome' driver

2019-05-19 11:48:25 - [MESSAGE][PASSED] - Browser is opened with url: ''

2019-05-19 11:48:26 - [MESSAGE][PASSED] - Delete all cookies successfully

2019-05-19 11:48:26 - [MESSAGE][PASSED] - I want to open browser

2019-05-19 11:48:26 - [TEST_STEP][PASSED] - I want to maximize window: I want to maximize window

2019-05-19 11:48:27 - [MESSAGE][PASSED] - Current window maximized

2019-05-19 11:48:27 - [MESSAGE][PASSED] - I want to maximize window

2019-05-19 11:48:27 - [TEST_STEP][PASSED] - I want to go to OOB: I want to go to OOB

2019-05-19 11:48:28 - [MESSAGE][PASSED] - Navigate to 'https://pmoadmin:P@ssw0rd@dev5.cloudapp.net/OOB2/' successfully

2019-05-19 11:48:28 - [MESSAGE][PASSED] - I want to go to OOB

2019-05-19 11:48:28 - [TEST_STEP][PASSED] - I want to verify I'm in OOB main page: I want to verify I'm in OOB main page

2019-05-19 11:48:28 - [MESSAGE][WARNING] - Timeout '0' is invalid. Using default page load timeout: '30'

2019-05-19 11:48:39 - [MESSAGE][PASSED] - Object 'Object Repository/OOBObjects/HomepageObjects/OOBSideBar' is present

2019-05-19 11:48:39 - [MESSAGE][PASSED] - I want to verify I'm in OOB main page

2019-05-19 11:48:39 - [TEST_STEP][PASSED] - I want to go to projects list: I want to go to projects list

2019-05-19 11:48:43 - [MESSAGE][PASSED] - Delayed 4 second(s)

2019-05-19 11:48:47 - [MESSAGE][PASSED] - Object: 'Object Repository/OOBObjects/HomepageObjects/ProjectsList' is clicked on

2019-05-19 11:48:47 - [MESSAGE][PASSED] - I want to go to projects list

2019-05-19 11:48:47 - [TEST_STEP][PASSED] - I want to verify project list page: I want to verify project list page

2019-05-19 11:48:47 - [MESSAGE][WARNING] - Timeout '0' is invalid. Using default page load timeout: '30'

2019-05-19 11:48:47 - [MESSAGE][PASSED] - Object 'Object Repository/OOBObjects/ProjectsListObjects/ProjectsListTitle' is present

2019-05-19 11:48:47 - [MESSAGE][WARNING] - Timeout '0' is invalid. Using default page load timeout: '30'

2019-05-19 11:48:47 - [MESSAGE][PASSED] - Object 'Object Repository/OOBObjects/ProjectsListObjects/ProjectCodeColumn' is present

2019-05-19 11:48:47 - [MESSAGE][WARNING] - Timeout '0' is invalid. Using default page load timeout: '30'

2019-05-19 11:48:47 - [MESSAGE][PASSED] - Object 'Object Repository/OOBObjects/ProjectsListObjects/ProjectNameColumn' is present

2019-05-19 11:48:47 - [MESSAGE][WARNING] - Timeout '0' is invalid. Using default page load timeout: '30'

2019-05-19 11:48:47 - [MESSAGE][PASSED] - Object 'Object Repository/OOBObjects/ProjectsListObjects/ProjectStatusColumn' is present

2019-05-19 11:48:47 - [MESSAGE][WARNING] - Timeout '0' is invalid. Using default page load timeout: '30'

2019-05-19 11:48:48 - [MESSAGE][PASSED] - Object 'Object Repository/OOBObjects/ProjectsListObjects/ProjectStageColumn' is present

2019-05-19 11:48:48 - [MESSAGE][WARNING] - Timeout '0' is invalid. Using default page load timeout: '30'

2019-05-19 11:48:48 - [MESSAGE][PASSED] - Object 'Object Repository/OOBObjects/ProjectsListObjects/ActionsColumn' is present

2019-05-19 11:48:48 - [MESSAGE][PASSED] - I want to verify project list page

2019-05-19 11:48:48 - [TEST_STEP][PASSED] - I want to click Add new project button: I want to click Add new project button

2019-05-19 11:48:51 - [MESSAGE][PASSED] - Object: 'Object Repository/OOBObjects/ProjectsListObjects/AddNewProject' is clicked on

2019-05-19 11:48:51 - [MESSAGE][PASSED] - I want to click Add new project button

2019-05-19 11:48:51 - [TEST_STEP][PASSED] - I want to fill project name: I want to fill project name

2019-05-19 11:48:51 - [MESSAGE][PASSED] - Text 'Automation Project1543' is set on object 'Object Repository/OOBObjects/ProjectsListObjects/ProjectNameField'

2019-05-19 11:48:51 - [MESSAGE][PASSED] - I want to fill project name

2019-05-19 11:48:51 - [TEST_STEP][PASSED] - I want to select project type: I want to select project type

2019-05-19 11:48:51 - [MESSAGE][PASSED] - All options with index in [1] are selected on object 'Object Repository/OOBObjects/ProjectsListObjects/ProjectTypeDropDwon'

2019-05-19 11:48:51 - [MESSAGE][PASSED] - I want to select project type

2019-05-19 11:48:51 - [TEST_STEP][PASSED] - I want to select project expected start date: I want to select project expected start date

2019-05-19 11:48:52 - [MESSAGE][PASSED] - Object: 'Object Repository/OOBObjects/ProjectsListObjects/GREGORIANStartDate' is clicked on

2019-05-19 11:48:52 - [MESSAGE][PASSED] - Object: 'Object Repository/OOBObjects/ProjectsListObjects/PlannedStartDate' is clicked on

2019-05-19 11:48:52 - [MESSAGE][PASSED] - Object: 'Object Repository/OOBObjects/ProjectsListObjects/DayThirtyStartDate' is hovered

2019-05-19 11:48:52 - [MESSAGE][PASSED] - Object: 'Object Repository/OOBObjects/ProjectsListObjects/DayThirtyStartDate' is clicked on

2019-05-19 11:48:52 - [MESSAGE][PASSED] - I want to select project expected start date

2019-05-19 11:48:52 - [TEST_STEP][PASSED] - I want to select project expected end date: I want to select project expected end date

2019-05-19 11:48:52 - [MESSAGE][PASSED] - Object 'Object Repository/OOBObjects/ProjectsListObjects/GREGORIANEndDate' is visible

2019-05-19 11:48:52 - [MESSAGE][PASSED] - Object: 'Object Repository/OOBObjects/ProjectsListObjects/GREGORIANEndDate' is clicked on

2019-05-19 11:48:54 - [MESSAGE][PASSED] - Delayed 2 second(s)

2019-05-19 11:48:54 - [MESSAGE][PASSED] - Object: 'Object Repository/OOBObjects/ProjectsListObjects/PlannedEndDate' is hovered

2019-05-19 11:48:54 - [MESSAGE][PASSED] - Object: 'Object Repository/OOBObjects/ProjectsListObjects/PlannedEndDate' is clicked on

2019-05-19 11:48:54 - [MESSAGE][PASSED] - All options with index in [6] are selected on object 'Object Repository/OOBObjects/ProjectsListObjects/ProjectEndDateMonthDropDown'

2019-05-19 11:48:54 - [MESSAGE][PASSED] - Object: 'Object Repository/OOBObjects/ProjectsListObjects/DayTwintyEndDate' is hovered

2019-05-19 11:48:54 - [MESSAGE][PASSED] - Object: 'Object Repository/OOBObjects/ProjectsListObjects/DayTwintyEndDate' is clicked on

2019-05-19 11:48:54 - [MESSAGE][PASSED] - I want to select project expected end date

2019-05-19 11:48:54 - [TEST_STEP][PASSED] - I want to fill project budget: I want to fill project budget

2019-05-19 11:48:54 - [MESSAGE][PASSED] - Text '10000' is set on object 'Object Repository/OOBObjects/ProjectsListObjects/ProjectExpectedBudget'

2019-05-19 11:48:54 - [MESSAGE][PASSED] - I want to fill project budget

2019-05-19 11:48:54 - [TEST_STEP][PASSED] - I want to select from owner deopdown list: I want to select from owner deopdown list

2019-05-19 11:48:55 - [MESSAGE][PASSED] - All options with index in [1] are selected on object 'Object Repository/OOBObjects/ProjectsListObjects/OwnerDropdown'

2019-05-19 11:48:55 - [MESSAGE][PASSED] - I want to select from owner deopdown list

2019-05-19 11:48:55 - [TEST_STEP][PASSED] - I want to fill project manager field: I want to fill project manager field

2019-05-19 11:48:55 - [MESSAGE][WARNING] - Timeout '0' is invalid. Using default page load timeout: '30'

2019-05-19 11:48:55 - [MESSAGE][PASSED] - Scroll to object 'Object Repository/OOBObjects/ProjectsListObjects/Duration' successfully

2019-05-19 11:48:55 - [MESSAGE][PASSED] - Text 'النظام' is set on object 'Object Repository/OOBObjects/ProjectsListObjects/ProjectMangerField'

2019-05-19 11:48:55 - [MESSAGE][PASSED] - I want to fill project manager field

2019-05-19 11:48:55 - [TEST_STEP][PASSED] - I want to tap enter key on manager field: I want to tap enter key on manager field

2019-05-19 11:48:55 - [MESSAGE][PASSED] - Keys 'ENTER + ' sent to object: 'Object Repository/OOBObjects/ProjectsListObjects/ProjectMangerField'

2019-05-19 11:48:55 - [MESSAGE][PASSED] - I want to tap enter key on manager field

2019-05-19 11:48:55 - [TEST_STEP][PASSED] - I want to fill project owner field: I want to fill project owner field

2019-05-19 11:48:55 - [MESSAGE][PASSED] - Text 'النظام' is set on object 'Object Repository/OOBObjects/ProjectsListObjects/ProjectOwnerField'

2019-05-19 11:48:55 - [MESSAGE][PASSED] - I want to fill project owner field

2019-05-19 11:48:55 - [TEST_STEP][PASSED] - I want to tap enter key on owner field: I want to tap enter key on owner field

2019-05-19 11:48:55 - [MESSAGE][PASSED] - Keys 'ENTER + ' sent to object: 'Object Repository/OOBObjects/ProjectsListObjects/ProjectOwnerField'

2019-05-19 11:48:55 - [MESSAGE][PASSED] - I want to tap enter key on owner field

2019-05-19 11:48:55 - [TEST_STEP][PASSED] - I want to fill project sponser field: I want to fill project sponser field

2019-05-19 11:48:55 - [MESSAGE][PASSED] - Text 'النظام' is set on object 'Object Repository/OOBObjects/ProjectsListObjects/ProjectSponsorField'

2019-05-19 11:48:55 - [MESSAGE][PASSED] - I want to fill project sponser field

2019-05-19 11:48:55 - [TEST_STEP][PASSED] - I want to tap enter key on sponser field: I want to tap enter key on sponser field

2019-05-19 11:48:55 - [MESSAGE][PASSED] - Keys 'ENTER + ' sent to object: 'Object Repository/OOBObjects/ProjectsListObjects/ProjectSponsorField'

2019-05-19 11:48:55 - [MESSAGE][PASSED] - I want to tap enter key on sponser field

2019-05-19 11:48:55 - [TEST_STEP][PASSED] - I want to fill project description field: I want to fill project description field

2019-05-19 11:48:55 - [MESSAGE][PASSED] - Text 'test description' is set on object 'Object Repository/OOBObjects/ProjectsListObjects/ProjectDescriptionField'

2019-05-19 11:48:55 - [MESSAGE][PASSED] - I want to fill project description field

2019-05-19 11:48:55 - [TEST_STEP][PASSED] - I want to fill project notes field: I want to fill project notes field

2019-05-19 11:48:55 - [MESSAGE][PASSED] - Text 'test notes' is set on object 'Object Repository/OOBObjects/ProjectsListObjects/ProjectNotesField'

2019-05-19 11:48:55 - [MESSAGE][PASSED] - I want to fill project notes field

2019-05-19 11:48:55 - [TEST_STEP][PASSED] - I want to add attachment for the project: I want to add attachment for the project

2019-05-19 11:48:55 - [MESSAGE][PASSED] - Object: 'Object Repository/OOBObjects/ProjectsListObjects/ProjectAddNewDocumentButton' is clicked on

2019-05-19 11:48:55 - [MESSAGE][WARNING] - Timeout '0' is invalid. Using default page load timeout: '30'

2019-05-19 11:48:55 - [MESSAGE][PASSED] - Scroll to object 'Object Repository/OOBObjects/ProjectsListObjects/ProjectAddNewDocumentButton' successfully

2019-05-19 11:48:55 - [MESSAGE][PASSED] - File 'C:\Users\HP\Desktop\download.png' sent to object: 'Object Repository/OOBObjects/ProjectsListObjects/ProjectUploadFile'

2019-05-19 11:48:55 - [MESSAGE][WARNING] - Timeout '0' is invalid. Using default page load timeout: '30'

2019-05-19 11:48:56 - [MESSAGE][PASSED] - Object 'Object Repository/OOBObjects/ProjectsListObjects/ProjectAttachedFile' is present

2019-05-19 11:48:57 - [MESSAGE][PASSED] - Object: 'Object Repository/OOBObjects/ProjectsListObjects/ProjectLoadButton' is clicked on

2019-05-19 11:48:57 - [MESSAGE][PASSED] - I want to add attachment for the project

2019-05-19 11:48:57 - [TEST_STEP][PASSED] - I want to wait: I want to wait

2019-05-19 11:49:00 - [MESSAGE][PASSED] - Delayed 3 second(s)

2019-05-19 11:49:00 - [MESSAGE][PASSED] - I want to wait

2019-05-19 11:49:00 - [TEST_STEP][PASSED] - I want to click on send project button: I want to click on send project button

2019-05-19 11:49:05 - [MESSAGE][PASSED] - Delayed 5 second(s)

2019-05-19 11:49:05 - [MESSAGE][PASSED] - Wait for page load successfully

2019-05-19 11:49:05 - [MESSAGE][PASSED] - Object: 'Object Repository/OOBObjects/ProjectsListObjects/SendProjectButton' is clicked on

2019-05-19 11:49:05 - [MESSAGE][PASSED] - I want to click on send project button

2019-05-19 11:49:05 - [TEST_STEP][PASSED] - I want to wait for page load: I want to wait for page load

2019-05-19 11:49:05 - [MESSAGE][PASSED] - Wait for page load successfully

2019-05-19 11:49:05 - [MESSAGE][PASSED] - I want to wait for page load

2019-05-19 11:49:05 - [TEST_STEP][PASSED] - I want to check im in projects list page: I want to check im in projects list page

2019-05-19 11:49:50 - [MESSAGE][PASSED] - Delayed 45 second(s)

2019-05-19 11:50:03 - [MESSAGE][PASSED] - Object 'Object Repository/OOBObjects/ProjectsListObjects/ProjectsListTitle' is present

2019-05-19 11:50:03 - [MESSAGE][WARNING] - Timeout '0' is invalid. Using default page load timeout: '30'

2019-05-19 11:50:03 - [MESSAGE][PASSED] - Object 'Object Repository/OOBObjects/ProjectsListObjects/ProjectsListTitle' is present

2019-05-19 11:50:03 - [MESSAGE][PASSED] - I want to check im in projects list page

2019-05-19 11:50:03 - [TEST_STEP][PASSED] - I want to search for crated project by name: I want to search for crated project by name

2019-05-19 11:50:03 - [MESSAGE][PASSED] - Wait for page load successfully

2019-05-19 11:50:03 - [MESSAGE][PASSED] - Object: 'Object Repository/OOBObjects/ProjectsListObjects/ProjectSearchField' is hovered

2019-05-19 11:50:03 - [MESSAGE][PASSED] - Text 'Automation Project1543' is set on object 'Object Repository/OOBObjects/ProjectsListObjects/ProjectSearchField'

2019-05-19 11:50:06 - [MESSAGE][PASSED] - Actual text and expected text of test object 'Object Repository/OOBObjects/ProjectsListObjects/FirstProjectName' are matched.

2019-05-19 11:50:06 - [MESSAGE][PASSED] - I want to search for crated project by name

2019-05-19 11:50:06 - [TEST_STEP][PASSED] - I want to view project page: I want to view project page

2019-05-19 11:50:19 - [MESSAGE][PASSED] - Object: 'Object Repository/OOBObjects/ProjectsListObjects/ProjectNameLink' is clicked on

2019-05-19 11:50:19 - [MESSAGE][WARNING] - Timeout '0' is invalid. Using default page load timeout: '30'

2019-05-19 11:50:19 - [MESSAGE][PASSED] - Object 'Object Repository/OOBObjects/ProjectsListObjects/SupportFomMenue' is present

2019-05-19 11:50:19 - [MESSAGE][PASSED] - I want to view project page

2019-05-19 11:50:19 - [TEST_STEP][PASSED] - I want to verify documents page: I want to verify documents page

2019-05-19 11:50:19 - [MESSAGE][PASSED] - Object: 'Object Repository/OOBObjects/ProjectsListObjects/ProjectMenue' is clicked on

2019-05-19 11:50:30 - [MESSAGE][PASSED] - Object: 'Object Repository/OOBObjects/ProjectsListObjects/ProjectDocumentsFromMenue' is clicked on

2019-05-19 11:50:30 - [MESSAGE][WARNING] - Timeout '0' is invalid. Using default page load timeout: '30'

2019-05-19 11:50:30 - [MESSAGE][PASSED] - Object 'Object Repository/OOBObjects/ProjectsListObjects/DocumentsPageTitle' is present

2019-05-19 11:50:30 - [MESSAGE][WARNING] - Timeout '0' is invalid. Using default page load timeout: '30'

2019-05-19 11:50:30 - [MESSAGE][PASSED] - Object 'Object Repository/OOBObjects/ProjectsListObjects/AddDocumentFromDocumentsPage' is present

2019-05-19 11:50:30 - [MESSAGE][PASSED] - I want to verify documents page

2019-05-19 11:50:30 - [TEST_STEP][PASSED] - I want to add invalid format Attachment from documents page: I want to add invalid format Attachment from documents page

2019-05-19 11:50:30 - [MESSAGE][PASSED] - Object: 'Object Repository/OOBObjects/ProjectsListObjects/AddDocumentFromDocumentsPage' is clicked on

2019-05-19 11:50:30 - [MESSAGE][PASSED] - All options with index in [2] are selected on object 'Object Repository/OOBObjects/DocumnetsPageObjects/PhaseAddDocumentPage'

2019-05-19 11:50:30 - [MESSAGE][PASSED] - File 'C:\Users\HP\Desktop\chromedriver.exe' sent to object: 'Object Repository/OOBObjects/IdeasListObjects/Upload-File'

2019-05-19 11:50:30 - [MESSAGE][PASSED] - I want to add invalid format Attachment from documents page

2019-05-19 11:50:30 - [TEST_STEP][PASSED] - I want to verify invalid Attachment not added and check error message: I want to verify invalid Attachment not added and check error message

2019-05-19 11:50:30 - [MESSAGE][PASSED] - Actual text and expected text of test object 'Object Repository/OOBObjects/IdeasListObjects/ErrorMessage' are matched.

2019-05-19 11:50:30 - [MESSAGE][WARNING] - Timeout '0' is invalid. Using default page load timeout: '30'

2019-05-19 11:50:30 - [MESSAGE][PASSED] - Web element with id: 'Object Repository/OOBObjects/DocumnetsPageObjects/UploadedFile' located by 'By.xpath: ' is not present after '30' second(s)

2019-05-19 11:50:30 - [MESSAGE][PASSED] - I want to verify invalid Attachment not added and check error message

2019-05-19 11:50:30 - [TEST_STEP][PASSED] - I want to close browser: I want to close browser

2019-05-19 11:50:31 - [MESSAGE][PASSED] - Browser is closed

2019-05-19 11:50:31 - [MESSAGE][PASSED] - I want to close browser

2019-05-19 11:50:31 - [MESSAGE][PASSED] - Feature file: 'Include/features/Governance-Module/Add-Project/034-Upload-Invalid-Attachment-File-From-Documents-Page.feature' was passed]]></system-out>
         <system-err><![CDATA[]]></system-err>
      </testcase>
      <testcase name="Test Cases/Add-Project-Test-Cases/035-Upload-Already-Existed-Attachment-File-From-Documents-Page" classname="Test Cases/Add-Project-Test-Cases/035-Upload-Already-Existed-Attachment-File-From-Documents-Page" status="PASSED">
         <system-out><![CDATA[2019-05-19 11:50:31 - [TEST_CASE][PASSED] - Test Cases/Add-Project-Test-Cases/035-Upload-Already-Existed-Attachment-File-From-Documents-Page: Test Cases/Add-Project-Test-Cases/035-Upload-Already-Existed-Attachment-File-From-Documents-Page

2019-05-19 11:50:31 - [TEST_STEP][PASSED] - runFeatureFile("Include/features/Governance-Module/Add-Project/035-Upload-Already-Existed-Attachment-File-From-Documents-Page.feature"): Feature file: 'Include/features/Governance-Module/Add-Project/035-Upload-Already-Existed-Attachment-File-From-Documents-Page.feature' was passed

2019-05-19 11:50:31 - [MESSAGE][INFO] - Starting run keyword runFeatureFile: 'Include/features/Governance-Module/Add-Project/035-Upload-Already-Existed-Attachment-File-From-Documents-Page.feature' and extract report to folder: 'C:\Users\HP\git\PMO-Web-Application\Reports\First-Test-Suite\20190519_111227/cucumber_report/1558255831154'...

2019-05-19 11:50:31 - [TEST_CASE][PASSED] - Start Test Case : SCENARIO Upload already existed attachment file from documents page and check error message: SCENARIO Upload already existed attachment file from documents page and check error message

2019-05-19 11:50:31 - [TEST_STEP][PASSED] - I want to open browser: I want to open browser

2019-05-19 11:50:31 - [MESSAGE][INFO] - Starting 'Chrome' driver

2019-05-19 11:50:33 - [MESSAGE][PASSED] - Browser is opened with url: ''

2019-05-19 11:50:33 - [MESSAGE][PASSED] - Delete all cookies successfully

2019-05-19 11:50:33 - [MESSAGE][PASSED] - I want to open browser

2019-05-19 11:50:33 - [TEST_STEP][PASSED] - I want to maximize window: I want to maximize window

2019-05-19 11:50:34 - [MESSAGE][PASSED] - Current window maximized

2019-05-19 11:50:34 - [MESSAGE][PASSED] - I want to maximize window

2019-05-19 11:50:34 - [TEST_STEP][PASSED] - I want to go to OOB: I want to go to OOB

2019-05-19 11:50:36 - [MESSAGE][PASSED] - Navigate to 'https://pmoadmin:P@ssw0rd@dev5.cloudapp.net/OOB2/' successfully

2019-05-19 11:50:36 - [MESSAGE][PASSED] - I want to go to OOB

2019-05-19 11:50:36 - [TEST_STEP][PASSED] - I want to verify I'm in OOB main page: I want to verify I'm in OOB main page

2019-05-19 11:50:36 - [MESSAGE][WARNING] - Timeout '0' is invalid. Using default page load timeout: '30'

2019-05-19 11:50:50 - [MESSAGE][PASSED] - Object 'Object Repository/OOBObjects/HomepageObjects/OOBSideBar' is present

2019-05-19 11:50:50 - [MESSAGE][PASSED] - I want to verify I'm in OOB main page

2019-05-19 11:50:50 - [TEST_STEP][PASSED] - I want to go to projects list: I want to go to projects list

2019-05-19 11:50:54 - [MESSAGE][PASSED] - Delayed 4 second(s)

2019-05-19 11:51:06 - [MESSAGE][PASSED] - Object: 'Object Repository/OOBObjects/HomepageObjects/ProjectsList' is clicked on

2019-05-19 11:51:06 - [MESSAGE][PASSED] - I want to go to projects list

2019-05-19 11:51:06 - [TEST_STEP][PASSED] - I want to verify project list page: I want to verify project list page

2019-05-19 11:51:06 - [MESSAGE][WARNING] - Timeout '0' is invalid. Using default page load timeout: '30'

2019-05-19 11:51:06 - [MESSAGE][PASSED] - Object 'Object Repository/OOBObjects/ProjectsListObjects/ProjectsListTitle' is present

2019-05-19 11:51:06 - [MESSAGE][WARNING] - Timeout '0' is invalid. Using default page load timeout: '30'

2019-05-19 11:51:06 - [MESSAGE][PASSED] - Object 'Object Repository/OOBObjects/ProjectsListObjects/ProjectCodeColumn' is present

2019-05-19 11:51:06 - [MESSAGE][WARNING] - Timeout '0' is invalid. Using default page load timeout: '30'

2019-05-19 11:51:06 - [MESSAGE][PASSED] - Object 'Object Repository/OOBObjects/ProjectsListObjects/ProjectNameColumn' is present

2019-05-19 11:51:06 - [MESSAGE][WARNING] - Timeout '0' is invalid. Using default page load timeout: '30'

2019-05-19 11:51:06 - [MESSAGE][PASSED] - Object 'Object Repository/OOBObjects/ProjectsListObjects/ProjectStatusColumn' is present

2019-05-19 11:51:06 - [MESSAGE][WARNING] - Timeout '0' is invalid. Using default page load timeout: '30'

2019-05-19 11:51:06 - [MESSAGE][PASSED] - Object 'Object Repository/OOBObjects/ProjectsListObjects/ProjectStageColumn' is present

2019-05-19 11:51:06 - [MESSAGE][WARNING] - Timeout '0' is invalid. Using default page load timeout: '30'

2019-05-19 11:51:06 - [MESSAGE][PASSED] - Object 'Object Repository/OOBObjects/ProjectsListObjects/ActionsColumn' is present

2019-05-19 11:51:06 - [MESSAGE][PASSED] - I want to verify project list page

2019-05-19 11:51:06 - [TEST_STEP][PASSED] - I want to click Add new project button: I want to click Add new project button

2019-05-19 11:51:08 - [MESSAGE][PASSED] - Object: 'Object Repository/OOBObjects/ProjectsListObjects/AddNewProject' is clicked on

2019-05-19 11:51:08 - [MESSAGE][PASSED] - I want to click Add new project button

2019-05-19 11:51:08 - [TEST_STEP][PASSED] - I want to fill project name: I want to fill project name

2019-05-19 11:51:08 - [MESSAGE][PASSED] - Text 'Automation Project7411' is set on object 'Object Repository/OOBObjects/ProjectsListObjects/ProjectNameField'

2019-05-19 11:51:08 - [MESSAGE][PASSED] - I want to fill project name

2019-05-19 11:51:08 - [TEST_STEP][PASSED] - I want to select project type: I want to select project type

2019-05-19 11:51:09 - [MESSAGE][PASSED] - All options with index in [1] are selected on object 'Object Repository/OOBObjects/ProjectsListObjects/ProjectTypeDropDwon'

2019-05-19 11:51:09 - [MESSAGE][PASSED] - I want to select project type

2019-05-19 11:51:09 - [TEST_STEP][PASSED] - I want to select project expected start date: I want to select project expected start date

2019-05-19 11:51:09 - [MESSAGE][PASSED] - Object: 'Object Repository/OOBObjects/ProjectsListObjects/GREGORIANStartDate' is clicked on

2019-05-19 11:51:09 - [MESSAGE][PASSED] - Object: 'Object Repository/OOBObjects/ProjectsListObjects/PlannedStartDate' is clicked on

2019-05-19 11:51:09 - [MESSAGE][PASSED] - Object: 'Object Repository/OOBObjects/ProjectsListObjects/DayThirtyStartDate' is hovered

2019-05-19 11:51:09 - [MESSAGE][PASSED] - Object: 'Object Repository/OOBObjects/ProjectsListObjects/DayThirtyStartDate' is clicked on

2019-05-19 11:51:09 - [MESSAGE][PASSED] - I want to select project expected start date

2019-05-19 11:51:09 - [TEST_STEP][PASSED] - I want to select project expected end date: I want to select project expected end date

2019-05-19 11:51:09 - [MESSAGE][PASSED] - Object 'Object Repository/OOBObjects/ProjectsListObjects/GREGORIANEndDate' is visible

2019-05-19 11:51:09 - [MESSAGE][PASSED] - Object: 'Object Repository/OOBObjects/ProjectsListObjects/GREGORIANEndDate' is clicked on

2019-05-19 11:51:11 - [MESSAGE][PASSED] - Delayed 2 second(s)

2019-05-19 11:51:11 - [MESSAGE][PASSED] - Object: 'Object Repository/OOBObjects/ProjectsListObjects/PlannedEndDate' is hovered

2019-05-19 11:51:11 - [MESSAGE][PASSED] - Object: 'Object Repository/OOBObjects/ProjectsListObjects/PlannedEndDate' is clicked on

2019-05-19 11:51:11 - [MESSAGE][PASSED] - All options with index in [6] are selected on object 'Object Repository/OOBObjects/ProjectsListObjects/ProjectEndDateMonthDropDown'

2019-05-19 11:51:11 - [MESSAGE][PASSED] - Object: 'Object Repository/OOBObjects/ProjectsListObjects/DayTwintyEndDate' is hovered

2019-05-19 11:51:11 - [MESSAGE][PASSED] - Object: 'Object Repository/OOBObjects/ProjectsListObjects/DayTwintyEndDate' is clicked on

2019-05-19 11:51:11 - [MESSAGE][PASSED] - I want to select project expected end date

2019-05-19 11:51:11 - [TEST_STEP][PASSED] - I want to fill project budget: I want to fill project budget

2019-05-19 11:51:11 - [MESSAGE][PASSED] - Text '10000' is set on object 'Object Repository/OOBObjects/ProjectsListObjects/ProjectExpectedBudget'

2019-05-19 11:51:11 - [MESSAGE][PASSED] - I want to fill project budget

2019-05-19 11:51:11 - [TEST_STEP][PASSED] - I want to select from owner deopdown list: I want to select from owner deopdown list

2019-05-19 11:51:12 - [MESSAGE][PASSED] - All options with index in [1] are selected on object 'Object Repository/OOBObjects/ProjectsListObjects/OwnerDropdown'

2019-05-19 11:51:12 - [MESSAGE][PASSED] - I want to select from owner deopdown list

2019-05-19 11:51:12 - [TEST_STEP][PASSED] - I want to fill project manager field: I want to fill project manager field

2019-05-19 11:51:12 - [MESSAGE][WARNING] - Timeout '0' is invalid. Using default page load timeout: '30'

2019-05-19 11:51:12 - [MESSAGE][PASSED] - Scroll to object 'Object Repository/OOBObjects/ProjectsListObjects/Duration' successfully

2019-05-19 11:51:12 - [MESSAGE][PASSED] - Text 'النظام' is set on object 'Object Repository/OOBObjects/ProjectsListObjects/ProjectMangerField'

2019-05-19 11:51:12 - [MESSAGE][PASSED] - I want to fill project manager field

2019-05-19 11:51:12 - [TEST_STEP][PASSED] - I want to tap enter key on manager field: I want to tap enter key on manager field

2019-05-19 11:51:12 - [MESSAGE][PASSED] - Keys 'ENTER + ' sent to object: 'Object Repository/OOBObjects/ProjectsListObjects/ProjectMangerField'

2019-05-19 11:51:12 - [MESSAGE][PASSED] - I want to tap enter key on manager field

2019-05-19 11:51:12 - [TEST_STEP][PASSED] - I want to fill project owner field: I want to fill project owner field

2019-05-19 11:51:12 - [MESSAGE][PASSED] - Text 'النظام' is set on object 'Object Repository/OOBObjects/ProjectsListObjects/ProjectOwnerField'

2019-05-19 11:51:12 - [MESSAGE][PASSED] - I want to fill project owner field

2019-05-19 11:51:12 - [TEST_STEP][PASSED] - I want to tap enter key on owner field: I want to tap enter key on owner field

2019-05-19 11:51:12 - [MESSAGE][PASSED] - Keys 'ENTER + ' sent to object: 'Object Repository/OOBObjects/ProjectsListObjects/ProjectOwnerField'

2019-05-19 11:51:12 - [MESSAGE][PASSED] - I want to tap enter key on owner field

2019-05-19 11:51:12 - [TEST_STEP][PASSED] - I want to fill project sponser field: I want to fill project sponser field

2019-05-19 11:51:12 - [MESSAGE][PASSED] - Text 'النظام' is set on object 'Object Repository/OOBObjects/ProjectsListObjects/ProjectSponsorField'

2019-05-19 11:51:12 - [MESSAGE][PASSED] - I want to fill project sponser field

2019-05-19 11:51:12 - [TEST_STEP][PASSED] - I want to tap enter key on sponser field: I want to tap enter key on sponser field

2019-05-19 11:51:12 - [MESSAGE][PASSED] - Keys 'ENTER + ' sent to object: 'Object Repository/OOBObjects/ProjectsListObjects/ProjectSponsorField'

2019-05-19 11:51:12 - [MESSAGE][PASSED] - I want to tap enter key on sponser field

2019-05-19 11:51:12 - [TEST_STEP][PASSED] - I want to fill project description field: I want to fill project description field

2019-05-19 11:51:12 - [MESSAGE][PASSED] - Text 'test description' is set on object 'Object Repository/OOBObjects/ProjectsListObjects/ProjectDescriptionField'

2019-05-19 11:51:12 - [MESSAGE][PASSED] - I want to fill project description field

2019-05-19 11:51:12 - [TEST_STEP][PASSED] - I want to fill project notes field: I want to fill project notes field

2019-05-19 11:51:12 - [MESSAGE][PASSED] - Text 'test notes' is set on object 'Object Repository/OOBObjects/ProjectsListObjects/ProjectNotesField'

2019-05-19 11:51:12 - [MESSAGE][PASSED] - I want to fill project notes field

2019-05-19 11:51:12 - [TEST_STEP][PASSED] - I want to add attachment for the project: I want to add attachment for the project

2019-05-19 11:51:12 - [MESSAGE][PASSED] - Object: 'Object Repository/OOBObjects/ProjectsListObjects/ProjectAddNewDocumentButton' is clicked on

2019-05-19 11:51:12 - [MESSAGE][WARNING] - Timeout '0' is invalid. Using default page load timeout: '30'

2019-05-19 11:51:12 - [MESSAGE][PASSED] - Scroll to object 'Object Repository/OOBObjects/ProjectsListObjects/ProjectAddNewDocumentButton' successfully

2019-05-19 11:51:12 - [MESSAGE][PASSED] - File 'C:\Users\HP\Desktop\download.png' sent to object: 'Object Repository/OOBObjects/ProjectsListObjects/ProjectUploadFile'

2019-05-19 11:51:12 - [MESSAGE][WARNING] - Timeout '0' is invalid. Using default page load timeout: '30'

2019-05-19 11:51:13 - [MESSAGE][PASSED] - Object 'Object Repository/OOBObjects/ProjectsListObjects/ProjectAttachedFile' is present

2019-05-19 11:51:13 - [MESSAGE][PASSED] - Object: 'Object Repository/OOBObjects/ProjectsListObjects/ProjectLoadButton' is clicked on

2019-05-19 11:51:13 - [MESSAGE][PASSED] - I want to add attachment for the project

2019-05-19 11:51:13 - [TEST_STEP][PASSED] - I want to wait: I want to wait

2019-05-19 11:51:16 - [MESSAGE][PASSED] - Delayed 3 second(s)

2019-05-19 11:51:16 - [MESSAGE][PASSED] - I want to wait

2019-05-19 11:51:16 - [TEST_STEP][PASSED] - I want to click on send project button: I want to click on send project button

2019-05-19 11:51:21 - [MESSAGE][PASSED] - Delayed 5 second(s)

2019-05-19 11:51:21 - [MESSAGE][PASSED] - Wait for page load successfully

2019-05-19 11:51:21 - [MESSAGE][PASSED] - Object: 'Object Repository/OOBObjects/ProjectsListObjects/SendProjectButton' is clicked on

2019-05-19 11:51:21 - [MESSAGE][PASSED] - I want to click on send project button

2019-05-19 11:51:21 - [TEST_STEP][PASSED] - I want to wait for page load: I want to wait for page load

2019-05-19 11:51:21 - [MESSAGE][PASSED] - Wait for page load successfully

2019-05-19 11:51:21 - [MESSAGE][PASSED] - I want to wait for page load

2019-05-19 11:51:21 - [TEST_STEP][PASSED] - I want to check im in projects list page: I want to check im in projects list page

2019-05-19 11:52:06 - [MESSAGE][PASSED] - Delayed 45 second(s)

2019-05-19 11:52:30 - [MESSAGE][PASSED] - Object 'Object Repository/OOBObjects/ProjectsListObjects/ProjectsListTitle' is present

2019-05-19 11:52:30 - [MESSAGE][WARNING] - Timeout '0' is invalid. Using default page load timeout: '30'

2019-05-19 11:52:30 - [MESSAGE][PASSED] - Object 'Object Repository/OOBObjects/ProjectsListObjects/ProjectsListTitle' is present

2019-05-19 11:52:30 - [MESSAGE][PASSED] - I want to check im in projects list page

2019-05-19 11:52:30 - [TEST_STEP][PASSED] - I want to search for crated project by name: I want to search for crated project by name

2019-05-19 11:52:30 - [MESSAGE][PASSED] - Wait for page load successfully

2019-05-19 11:52:30 - [MESSAGE][PASSED] - Object: 'Object Repository/OOBObjects/ProjectsListObjects/ProjectSearchField' is hovered

2019-05-19 11:52:31 - [MESSAGE][PASSED] - Text 'Automation Project7411' is set on object 'Object Repository/OOBObjects/ProjectsListObjects/ProjectSearchField'

2019-05-19 11:52:36 - [MESSAGE][PASSED] - Actual text and expected text of test object 'Object Repository/OOBObjects/ProjectsListObjects/FirstProjectName' are matched.

2019-05-19 11:52:36 - [MESSAGE][PASSED] - I want to search for crated project by name

2019-05-19 11:52:36 - [TEST_STEP][PASSED] - I want to view project page: I want to view project page

2019-05-19 11:52:48 - [MESSAGE][PASSED] - Object: 'Object Repository/OOBObjects/ProjectsListObjects/ProjectNameLink' is clicked on

2019-05-19 11:52:48 - [MESSAGE][WARNING] - Timeout '0' is invalid. Using default page load timeout: '30'

2019-05-19 11:52:48 - [MESSAGE][PASSED] - Object 'Object Repository/OOBObjects/ProjectsListObjects/SupportFomMenue' is present

2019-05-19 11:52:48 - [MESSAGE][PASSED] - I want to view project page

2019-05-19 11:52:48 - [TEST_STEP][PASSED] - I want to verify documents page: I want to verify documents page

2019-05-19 11:52:48 - [MESSAGE][PASSED] - Object: 'Object Repository/OOBObjects/ProjectsListObjects/ProjectMenue' is clicked on

2019-05-19 11:52:58 - [MESSAGE][PASSED] - Object: 'Object Repository/OOBObjects/ProjectsListObjects/ProjectDocumentsFromMenue' is clicked on

2019-05-19 11:52:58 - [MESSAGE][WARNING] - Timeout '0' is invalid. Using default page load timeout: '30'

2019-05-19 11:52:58 - [MESSAGE][PASSED] - Object 'Object Repository/OOBObjects/ProjectsListObjects/DocumentsPageTitle' is present

2019-05-19 11:52:58 - [MESSAGE][WARNING] - Timeout '0' is invalid. Using default page load timeout: '30'

2019-05-19 11:52:58 - [MESSAGE][PASSED] - Object 'Object Repository/OOBObjects/ProjectsListObjects/AddDocumentFromDocumentsPage' is present

2019-05-19 11:52:58 - [MESSAGE][PASSED] - I want to verify documents page

2019-05-19 11:52:58 - [TEST_STEP][PASSED] - I want to add documment frome documents page: I want to add documment frome documents page

2019-05-19 11:52:58 - [MESSAGE][PASSED] - Object: 'Object Repository/OOBObjects/ProjectsListObjects/AddDocumentFromDocumentsPage' is clicked on

2019-05-19 11:52:58 - [MESSAGE][PASSED] - All options with index in [2] are selected on object 'Object Repository/OOBObjects/DocumnetsPageObjects/PhaseAddDocumentPage'

2019-05-19 11:52:58 - [MESSAGE][PASSED] - File 'C:\Users\HP\Desktop\SK.png' sent to object: 'Object Repository/OOBObjects/DocumnetsPageObjects/UploadFile'

2019-05-19 11:52:58 - [MESSAGE][WARNING] - Timeout '0' is invalid. Using default page load timeout: '30'

2019-05-19 11:53:30 - [MESSAGE][INFO] - Unable to find the element located by 'By.xpath: '. Please recheck the objects properties to make sure the desired element is located. 

2019-05-19 11:53:30 - [MESSAGE][WARNING] - Object 'Object Repository/OOBObjects/DocumnetsPageObjects/UploadedFile' is not present after 0 second(s)

2019-05-19 11:53:30 - [MESSAGE][PASSED] - Object: 'Object Repository/OOBObjects/DocumnetsPageObjects/LoadButton' is clicked on

2019-05-19 11:53:34 - [MESSAGE][PASSED] - Delayed 4 second(s)

2019-05-19 11:53:43 - [MESSAGE][PASSED] - Object: 'Object Repository/OOBObjects/DocumnetsPageObjects/CancelAddDocumentPage' is clicked on

2019-05-19 11:53:43 - [MESSAGE][PASSED] - I want to add documment frome documents page

2019-05-19 11:53:43 - [TEST_STEP][PASSED] - I want to verify documents page: I want to verify documents page

2019-05-19 11:53:43 - [MESSAGE][PASSED] - Object: 'Object Repository/OOBObjects/ProjectsListObjects/ProjectMenue' is clicked on

2019-05-19 11:53:52 - [MESSAGE][PASSED] - Object: 'Object Repository/OOBObjects/ProjectsListObjects/ProjectDocumentsFromMenue' is clicked on

2019-05-19 11:53:53 - [MESSAGE][WARNING] - Timeout '0' is invalid. Using default page load timeout: '30'

2019-05-19 11:53:53 - [MESSAGE][PASSED] - Object 'Object Repository/OOBObjects/ProjectsListObjects/DocumentsPageTitle' is present

2019-05-19 11:53:53 - [MESSAGE][WARNING] - Timeout '0' is invalid. Using default page load timeout: '30'

2019-05-19 11:53:53 - [MESSAGE][PASSED] - Object 'Object Repository/OOBObjects/ProjectsListObjects/AddDocumentFromDocumentsPage' is present

2019-05-19 11:53:53 - [MESSAGE][PASSED] - I want to verify documents page

2019-05-19 11:53:53 - [TEST_STEP][PASSED] - I want to add already existed documment frome documents page: I want to add already existed documment frome documents page

2019-05-19 11:53:53 - [MESSAGE][PASSED] - Object: 'Object Repository/OOBObjects/ProjectsListObjects/AddDocumentFromDocumentsPage' is clicked on

2019-05-19 11:53:53 - [MESSAGE][PASSED] - All options with index in [2] are selected on object 'Object Repository/OOBObjects/DocumnetsPageObjects/PhaseAddDocumentPage'

2019-05-19 11:53:53 - [MESSAGE][PASSED] - File 'C:\Users\HP\Desktop\SK.png' sent to object: 'Object Repository/OOBObjects/DocumnetsPageObjects/UploadFile'

2019-05-19 11:53:53 - [MESSAGE][WARNING] - Timeout '0' is invalid. Using default page load timeout: '30'

2019-05-19 11:54:24 - [MESSAGE][INFO] - Unable to find the element located by 'By.xpath: '. Please recheck the objects properties to make sure the desired element is located. 

2019-05-19 11:54:24 - [MESSAGE][WARNING] - Object 'Object Repository/OOBObjects/DocumnetsPageObjects/UploadedFile' is not present after 0 second(s)

2019-05-19 11:54:24 - [MESSAGE][PASSED] - Object: 'Object Repository/OOBObjects/DocumnetsPageObjects/LoadButton' is clicked on

2019-05-19 11:54:24 - [MESSAGE][PASSED] - I want to add already existed documment frome documents page

2019-05-19 11:54:24 - [TEST_STEP][PASSED] - I want to verify already existed  Attachment not added and check error message: I want to verify already existed  Attachment not added and check error message

2019-05-19 11:54:24 - [MESSAGE][PASSED] - Actual text and expected text of test object 'Object Repository/OOBObjects/IdeasListObjects/ErrorMessage' are matched.

2019-05-19 11:54:24 - [MESSAGE][WARNING] - Timeout '0' is invalid. Using default page load timeout: '30'

2019-05-19 11:54:24 - [MESSAGE][PASSED] - Web element with id: 'Object Repository/OOBObjects/DocumnetsPageObjects/UploadedFile' located by 'By.xpath: ' is not present after '30' second(s)

2019-05-19 11:54:24 - [MESSAGE][PASSED] - I want to verify already existed  Attachment not added and check error message

2019-05-19 11:54:24 - [TEST_STEP][PASSED] - I want to close browser: I want to close browser

2019-05-19 11:54:25 - [MESSAGE][PASSED] - Browser is closed

2019-05-19 11:54:25 - [MESSAGE][PASSED] - I want to close browser

2019-05-19 11:54:25 - [MESSAGE][PASSED] - Feature file: 'Include/features/Governance-Module/Add-Project/035-Upload-Already-Existed-Attachment-File-From-Documents-Page.feature' was passed]]></system-out>
         <system-err><![CDATA[]]></system-err>
      </testcase>
      <testcase name="Test Cases/Add-Project-Test-Cases/036-Verify-Project-Support-Page" classname="Test Cases/Add-Project-Test-Cases/036-Verify-Project-Support-Page" status="FAILED">
         <failure type="FAILED" message="Test Cases/Add-Project-Test-Cases/036-Verify-Project-Support-Page FAILED.
Reason:
com.kms.katalon.core.exception.StepFailedException: Feature file 'Include/features/Governance-Module/Add-Project/036-Verify-Project-Support-Page.feature' was failed
	at com.kms.katalon.core.keyword.internal.KeywordMain.stepFailed(KeywordMain.groovy:48)
	at com.kms.katalon.core.keyword.internal.KeywordMain.stepFailed(KeywordMain.groovy)
	at com.kms.katalon.core.keyword.internal.KeywordMain.stepFailed(KeywordMain.groovy:21)
	at com.kms.katalon.core.keyword.internal.KeywordMain$stepFailed$0.call(Unknown Source)
	at com.kms.katalon.core.cucumber.keyword.CucumberBuiltinKeywords$_runFeatureFile_closure1.doCall(CucumberBuiltinKeywords.groovy:82)
	at com.kms.katalon.core.cucumber.keyword.CucumberBuiltinKeywords$_runFeatureFile_closure1.doCall(CucumberBuiltinKeywords.groovy)
	at com.kms.katalon.core.keyword.internal.KeywordMain.runKeyword(KeywordMain.groovy:66)
	at com.kms.katalon.core.keyword.internal.KeywordMain$runKeyword.call(Unknown Source)
	at com.kms.katalon.core.cucumber.keyword.CucumberBuiltinKeywords.runFeatureFile(CucumberBuiltinKeywords.groovy:46)
	at com.kms.katalon.core.cucumber.keyword.CucumberBuiltinKeywords$runFeatureFile$0.callStatic(Unknown Source)
	at com.kms.katalon.core.cucumber.keyword.CucumberBuiltinKeywords.runFeatureFile(CucumberBuiltinKeywords.groovy:101)
	at com.kms.katalon.core.cucumber.keyword.CucumberBuiltinKeywords$runFeatureFile.call(Unknown Source)
	at 036-Verify-Project-Support-Page.run(036-Verify-Project-Support-Page:16)
	at com.kms.katalon.core.main.ScriptEngine.run(ScriptEngine.java:194)
	at com.kms.katalon.core.main.ScriptEngine.runScriptAsRawText(ScriptEngine.java:119)
	at com.kms.katalon.core.main.TestCaseExecutor.runScript(TestCaseExecutor.java:331)
	at com.kms.katalon.core.main.TestCaseExecutor.doExecute(TestCaseExecutor.java:322)
	at com.kms.katalon.core.main.TestCaseExecutor.processExecutionPhase(TestCaseExecutor.java:301)
	at com.kms.katalon.core.main.TestCaseExecutor.accessMainPhase(TestCaseExecutor.java:293)
	at com.kms.katalon.core.main.TestCaseExecutor.execute(TestCaseExecutor.java:227)
	at com.kms.katalon.core.main.TestSuiteExecutor.accessTestCaseMainPhase(TestSuiteExecutor.java:129)
	at com.kms.katalon.core.main.TestSuiteExecutor.accessTestSuiteMainPhase(TestSuiteExecutor.java:112)
	at com.kms.katalon.core.main.TestSuiteExecutor.execute(TestSuiteExecutor.java:81)
	at com.kms.katalon.core.main.TestCaseMain.startTestSuite(TestCaseMain.java:157)
	at com.kms.katalon.core.main.TestCaseMain$startTestSuite$0.call(Unknown Source)
	at TempTestSuite1558253547685.run(TempTestSuite1558253547685.groovy:35)
"/>
         <system-out><![CDATA[2019-05-19 11:54:25 - [TEST_CASE][FAILED] - Test Cases/Add-Project-Test-Cases/036-Verify-Project-Support-Page: Test Cases/Add-Project-Test-Cases/036-Verify-Project-Support-Page FAILED.
Reason:
com.kms.katalon.core.exception.StepFailedException: Feature file 'Include/features/Governance-Module/Add-Project/036-Verify-Project-Support-Page.feature' was failed
	at com.kms.katalon.core.keyword.internal.KeywordMain.stepFailed(KeywordMain.groovy:48)
	at com.kms.katalon.core.keyword.internal.KeywordMain.stepFailed(KeywordMain.groovy)
	at com.kms.katalon.core.keyword.internal.KeywordMain.stepFailed(KeywordMain.groovy:21)
	at com.kms.katalon.core.keyword.internal.KeywordMain$stepFailed$0.call(Unknown Source)
	at com.kms.katalon.core.cucumber.keyword.CucumberBuiltinKeywords$_runFeatureFile_closure1.doCall(CucumberBuiltinKeywords.groovy:82)
	at com.kms.katalon.core.cucumber.keyword.CucumberBuiltinKeywords$_runFeatureFile_closure1.doCall(CucumberBuiltinKeywords.groovy)
	at com.kms.katalon.core.keyword.internal.KeywordMain.runKeyword(KeywordMain.groovy:66)
	at com.kms.katalon.core.keyword.internal.KeywordMain$runKeyword.call(Unknown Source)
	at com.kms.katalon.core.cucumber.keyword.CucumberBuiltinKeywords.runFeatureFile(CucumberBuiltinKeywords.groovy:46)
	at com.kms.katalon.core.cucumber.keyword.CucumberBuiltinKeywords$runFeatureFile$0.callStatic(Unknown Source)
	at com.kms.katalon.core.cucumber.keyword.CucumberBuiltinKeywords.runFeatureFile(CucumberBuiltinKeywords.groovy:101)
	at com.kms.katalon.core.cucumber.keyword.CucumberBuiltinKeywords$runFeatureFile.call(Unknown Source)
	at 036-Verify-Project-Support-Page.run(036-Verify-Project-Support-Page:16)
	at com.kms.katalon.core.main.ScriptEngine.run(ScriptEngine.java:194)
	at com.kms.katalon.core.main.ScriptEngine.runScriptAsRawText(ScriptEngine.java:119)
	at com.kms.katalon.core.main.TestCaseExecutor.runScript(TestCaseExecutor.java:331)
	at com.kms.katalon.core.main.TestCaseExecutor.doExecute(TestCaseExecutor.java:322)
	at com.kms.katalon.core.main.TestCaseExecutor.processExecutionPhase(TestCaseExecutor.java:301)
	at com.kms.katalon.core.main.TestCaseExecutor.accessMainPhase(TestCaseExecutor.java:293)
	at com.kms.katalon.core.main.TestCaseExecutor.execute(TestCaseExecutor.java:227)
	at com.kms.katalon.core.main.TestSuiteExecutor.accessTestCaseMainPhase(TestSuiteExecutor.java:129)
	at com.kms.katalon.core.main.TestSuiteExecutor.accessTestSuiteMainPhase(TestSuiteExecutor.java:112)
	at com.kms.katalon.core.main.TestSuiteExecutor.execute(TestSuiteExecutor.java:81)
	at com.kms.katalon.core.main.TestCaseMain.startTestSuite(TestCaseMain.java:157)
	at com.kms.katalon.core.main.TestCaseMain$startTestSuite$0.call(Unknown Source)
	at TempTestSuite1558253547685.run(TempTestSuite1558253547685.groovy:35)


2019-05-19 11:54:25 - [TEST_STEP][FAILED] - runFeatureFile("Include/features/Governance-Module/Add-Project/036-Verify-Project-Support-Page.feature"): runFeatureFile("Include/features/Governance-Module/Add-Project/036-Verify-Project-Support-Page.feature") FAILED.
Reason:
com.kms.katalon.core.exception.StepFailedException: Feature file 'Include/features/Governance-Module/Add-Project/036-Verify-Project-Support-Page.feature' was failed
	at com.kms.katalon.core.keyword.internal.KeywordMain.stepFailed(KeywordMain.groovy:48)
	at com.kms.katalon.core.keyword.internal.KeywordMain.stepFailed(KeywordMain.groovy)
	at com.kms.katalon.core.keyword.internal.KeywordMain.stepFailed(KeywordMain.groovy:21)
	at com.kms.katalon.core.keyword.internal.KeywordMain$stepFailed$0.call(Unknown Source)
	at com.kms.katalon.core.cucumber.keyword.CucumberBuiltinKeywords$_runFeatureFile_closure1.doCall(CucumberBuiltinKeywords.groovy:82)
	at com.kms.katalon.core.cucumber.keyword.CucumberBuiltinKeywords$_runFeatureFile_closure1.doCall(CucumberBuiltinKeywords.groovy)
	at com.kms.katalon.core.keyword.internal.KeywordMain.runKeyword(KeywordMain.groovy:66)
	at com.kms.katalon.core.keyword.internal.KeywordMain$runKeyword.call(Unknown Source)
	at com.kms.katalon.core.cucumber.keyword.CucumberBuiltinKeywords.runFeatureFile(CucumberBuiltinKeywords.groovy:46)
	at com.kms.katalon.core.cucumber.keyword.CucumberBuiltinKeywords$runFeatureFile$0.callStatic(Unknown Source)
	at com.kms.katalon.core.cucumber.keyword.CucumberBuiltinKeywords.runFeatureFile(CucumberBuiltinKeywords.groovy:101)
	at com.kms.katalon.core.cucumber.keyword.CucumberBuiltinKeywords$runFeatureFile.call(Unknown Source)
	at 036-Verify-Project-Support-Page.run(036-Verify-Project-Support-Page:16)
	at com.kms.katalon.core.main.ScriptEngine.run(ScriptEngine.java:194)
	at com.kms.katalon.core.main.ScriptEngine.runScriptAsRawText(ScriptEngine.java:119)
	at com.kms.katalon.core.main.TestCaseExecutor.runScript(TestCaseExecutor.java:331)
	at com.kms.katalon.core.main.TestCaseExecutor.doExecute(TestCaseExecutor.java:322)
	at com.kms.katalon.core.main.TestCaseExecutor.processExecutionPhase(TestCaseExecutor.java:301)
	at com.kms.katalon.core.main.TestCaseExecutor.accessMainPhase(TestCaseExecutor.java:293)
	at com.kms.katalon.core.main.TestCaseExecutor.execute(TestCaseExecutor.java:227)
	at com.kms.katalon.core.main.TestSuiteExecutor.accessTestCaseMainPhase(TestSuiteExecutor.java:129)
	at com.kms.katalon.core.main.TestSuiteExecutor.accessTestSuiteMainPhase(TestSuiteExecutor.java:112)
	at com.kms.katalon.core.main.TestSuiteExecutor.execute(TestSuiteExecutor.java:81)
	at com.kms.katalon.core.main.TestCaseMain.startTestSuite(TestCaseMain.java:157)
	at com.kms.katalon.core.main.TestCaseMain$startTestSuite$0.call(Unknown Source)
	at TempTestSuite1558253547685.run(TempTestSuite1558253547685.groovy:35)


2019-05-19 11:54:25 - [MESSAGE][INFO] - Starting run keyword runFeatureFile: 'Include/features/Governance-Module/Add-Project/036-Verify-Project-Support-Page.feature' and extract report to folder: 'C:\Users\HP\git\PMO-Web-Application\Reports\First-Test-Suite\20190519_111227/cucumber_report/1558256065238'...

2019-05-19 11:54:25 - [TEST_CASE][FAILED] - Start Test Case : SCENARIO Verify project support page: SCENARIO Verify project support page FAILED.
Reason:
com.kms.katalon.core.exception.StepFailedException: Unable to verify object 'Object Repository/OOBObjects/HomepageObjects/OOBSideBar' is present
	at com.kms.katalon.core.webui.keyword.internal.WebUIKeywordMain.stepFailed(WebUIKeywordMain.groovy:64)
	at com.kms.katalon.core.webui.keyword.internal.WebUIKeywordMain.runKeyword(WebUIKeywordMain.groovy:26)
	at com.kms.katalon.core.webui.keyword.builtin.VerifyElementPresentKeyword.verifyElementPresent(VerifyElementPresentKeyword.groovy:92)
	at com.kms.katalon.core.webui.keyword.builtin.VerifyElementPresentKeyword.execute(VerifyElementPresentKeyword.groovy:68)
	at com.kms.katalon.core.keyword.internal.KeywordExecutor.executeKeywordForPlatform(KeywordExecutor.groovy:56)
	at com.kms.katalon.core.webui.keyword.WebUiBuiltInKeywords.verifyElementPresent(WebUiBuiltInKeywords.groovy:1434)
	at com.kms.katalon.core.webui.keyword.WebUiBuiltInKeywords$verifyElementPresent$3.call(Unknown Source)
	at com.pmo.steps.MainSteps.verifyLoginToOOB(MainSteps.groovy:71)
	at ✽.I want to verify I'm in OOB main page(C:/Users/HP/git/PMO-Web-Application/Include/features/Governance-Module/Add-Project/036-Verify-Project-Support-Page.feature:9)
Caused by: com.kms.katalon.core.exception.StepFailedException: com.kms.katalon.core.webui.exception.WebElementNotFoundException: Web element with id: 'Object Repository/OOBObjects/HomepageObjects/OOBSideBar' located by 'By.xpath: (.//*[normalize-space(text()) and normalize-space(.)='النظام'])[1]/following::ul[2]' not found
	at com.kms.katalon.core.webui.keyword.internal.WebUIKeywordMain.stepFailed(WebUIKeywordMain.groovy:64)
	at com.kms.katalon.core.webui.keyword.builtin.VerifyElementPresentKeyword$_verifyElementPresent_closure1.doCall(VerifyElementPresentKeyword.groovy:85)
	at com.kms.katalon.core.webui.keyword.builtin.VerifyElementPresentKeyword$_verifyElementPresent_closure1.call(VerifyElementPresentKeyword.groovy)
	at com.kms.katalon.core.webui.keyword.internal.WebUIKeywordMain.runKeyword(WebUIKeywordMain.groovy:20)
	at com.kms.katalon.core.webui.keyword.builtin.VerifyElementPresentKeyword.verifyElementPresent(VerifyElementPresentKeyword.groovy:92)
	at com.kms.katalon.core.webui.keyword.builtin.VerifyElementPresentKeyword.execute(VerifyElementPresentKeyword.groovy:68)
	at com.kms.katalon.core.keyword.internal.KeywordExecutor.executeKeywordForPlatform(KeywordExecutor.groovy:56)
	at com.kms.katalon.core.webui.keyword.WebUiBuiltInKeywords.verifyElementPresent(WebUiBuiltInKeywords.groovy:1434)
	at com.kms.katalon.core.webui.keyword.WebUiBuiltInKeywords$verifyElementPresent$3.call(Unknown Source)
	at com.pmo.steps.MainSteps.verifyLoginToOOB(MainSteps.groovy:71)
	at cucumber.runtime.Utils$1.call(Utils.java:26)
	at cucumber.runtime.Timeout.timeout(Timeout.java:16)
	at cucumber.runtime.Utils.invoke(Utils.java:20)
	at cucumber.runtime.java.JavaStepDefinition.execute(JavaStepDefinition.java:48)
	at cucumber.runtime.PickleStepDefinitionMatch.runStep(PickleStepDefinitionMatch.java:50)
	at cucumber.runner.TestStep.executeStep(TestStep.java:55)
	at cucumber.runner.TestStep.run(TestStep.java:42)
	at cucumber.runner.PickleStepTestStep.run(PickleStepTestStep.java:53)
	at cucumber.runner.TestCase.run(TestCase.java:47)
	at cucumber.runner.Runner.runPickle(Runner.java:44)
	at cucumber.runtime.Runtime.runFeature(Runtime.java:120)
	at cucumber.runtime.Runtime.run(Runtime.java:106)
	at cucumber.api.cli.Main.run(Main.java:35)
	at cucumber.api.cli.Main$run.call(Unknown Source)
	at com.kms.katalon.core.cucumber.keyword.CucumberBuiltinKeywords$_runFeatureFile_closure1.doCall(CucumberBuiltinKeywords.groovy:76)
	at com.kms.katalon.core.cucumber.keyword.CucumberBuiltinKeywords$_runFeatureFile_closure1.doCall(CucumberBuiltinKeywords.groovy)
	at com.kms.katalon.core.keyword.internal.KeywordMain.runKeyword(KeywordMain.groovy:66)
	at com.kms.katalon.core.keyword.internal.KeywordMain$runKeyword.call(Unknown Source)
	at com.kms.katalon.core.cucumber.keyword.CucumberBuiltinKeywords.runFeatureFile(CucumberBuiltinKeywords.groovy:46)
	at com.kms.katalon.core.cucumber.keyword.CucumberBuiltinKeywords$runFeatureFile$0.callStatic(Unknown Source)
	at com.kms.katalon.core.cucumber.keyword.CucumberBuiltinKeywords.runFeatureFile(CucumberBuiltinKeywords.groovy:101)
	at com.kms.katalon.core.cucumber.keyword.CucumberBuiltinKeywords$runFeatureFile.call(Unknown Source)
	at 036-Verify-Project-Support-Page.run(036-Verify-Project-Support-Page:16)
	at com.kms.katalon.core.main.ScriptEngine.run(ScriptEngine.java:194)
	at com.kms.katalon.core.main.ScriptEngine.runScriptAsRawText(ScriptEngine.java:119)
	at com.kms.katalon.core.main.TestCaseExecutor.runScript(TestCaseExecutor.java:331)
	at com.kms.katalon.core.main.TestCaseExecutor.doExecute(TestCaseExecutor.java:322)
	at com.kms.katalon.core.main.TestCaseExecutor.processExecutionPhase(TestCaseExecutor.java:301)
	at com.kms.katalon.core.main.TestCaseExecutor.accessMainPhase(TestCaseExecutor.java:293)
	at com.kms.katalon.core.main.TestCaseExecutor.execute(TestCaseExecutor.java:227)
	at com.kms.katalon.core.main.TestSuiteExecutor.accessTestCaseMainPhase(TestSuiteExecutor.java:129)
	at com.kms.katalon.core.main.TestSuiteExecutor.accessTestSuiteMainPhase(TestSuiteExecutor.java:112)
	at com.kms.katalon.core.main.TestSuiteExecutor.execute(TestSuiteExecutor.java:81)
	at com.kms.katalon.core.main.TestCaseMain.startTestSuite(TestCaseMain.java:157)
	at com.kms.katalon.core.main.TestCaseMain$startTestSuite$0.call(Unknown Source)
	at TempTestSuite1558253547685.run(TempTestSuite1558253547685.groovy:35)


2019-05-19 11:54:25 - [TEST_STEP][PASSED] - I want to open browser: I want to open browser

2019-05-19 11:54:25 - [MESSAGE][INFO] - Starting 'Chrome' driver

2019-05-19 11:54:27 - [MESSAGE][PASSED] - Browser is opened with url: ''

2019-05-19 11:54:27 - [MESSAGE][PASSED] - Delete all cookies successfully

2019-05-19 11:54:27 - [MESSAGE][PASSED] - I want to open browser

2019-05-19 11:54:27 - [TEST_STEP][PASSED] - I want to maximize window: I want to maximize window

2019-05-19 11:54:28 - [MESSAGE][PASSED] - Current window maximized

2019-05-19 11:54:28 - [MESSAGE][PASSED] - I want to maximize window

2019-05-19 11:54:28 - [TEST_STEP][PASSED] - I want to go to OOB: I want to go to OOB

2019-05-19 11:54:30 - [MESSAGE][PASSED] - Navigate to 'https://pmoadmin:P@ssw0rd@dev5.cloudapp.net/OOB2/' successfully

2019-05-19 11:54:30 - [MESSAGE][PASSED] - I want to go to OOB

2019-05-19 11:54:30 - [TEST_STEP][FAILED] - I want to verify I'm in OOB main page: I want to verify I'm in OOB main page FAILED.
Reason:
com.kms.katalon.core.exception.StepFailedException: Unable to verify object 'Object Repository/OOBObjects/HomepageObjects/OOBSideBar' is present
	at com.kms.katalon.core.webui.keyword.internal.WebUIKeywordMain.stepFailed(WebUIKeywordMain.groovy:64)
	at com.kms.katalon.core.webui.keyword.internal.WebUIKeywordMain.runKeyword(WebUIKeywordMain.groovy:26)
	at com.kms.katalon.core.webui.keyword.builtin.VerifyElementPresentKeyword.verifyElementPresent(VerifyElementPresentKeyword.groovy:92)
	at com.kms.katalon.core.webui.keyword.builtin.VerifyElementPresentKeyword.execute(VerifyElementPresentKeyword.groovy:68)
	at com.kms.katalon.core.keyword.internal.KeywordExecutor.executeKeywordForPlatform(KeywordExecutor.groovy:56)
	at com.kms.katalon.core.webui.keyword.WebUiBuiltInKeywords.verifyElementPresent(WebUiBuiltInKeywords.groovy:1434)
	at com.kms.katalon.core.webui.keyword.WebUiBuiltInKeywords$verifyElementPresent$3.call(Unknown Source)
	at com.pmo.steps.MainSteps.verifyLoginToOOB(MainSteps.groovy:71)
	at ✽.I want to verify I'm in OOB main page(C:/Users/HP/git/PMO-Web-Application/Include/features/Governance-Module/Add-Project/036-Verify-Project-Support-Page.feature:9)
Caused by: com.kms.katalon.core.exception.StepFailedException: com.kms.katalon.core.webui.exception.WebElementNotFoundException: Web element with id: 'Object Repository/OOBObjects/HomepageObjects/OOBSideBar' located by 'By.xpath: (.//*[normalize-space(text()) and normalize-space(.)='النظام'])[1]/following::ul[2]' not found
	at com.kms.katalon.core.webui.keyword.internal.WebUIKeywordMain.stepFailed(WebUIKeywordMain.groovy:64)
	at com.kms.katalon.core.webui.keyword.builtin.VerifyElementPresentKeyword$_verifyElementPresent_closure1.doCall(VerifyElementPresentKeyword.groovy:85)
	at com.kms.katalon.core.webui.keyword.builtin.VerifyElementPresentKeyword$_verifyElementPresent_closure1.call(VerifyElementPresentKeyword.groovy)
	at com.kms.katalon.core.webui.keyword.internal.WebUIKeywordMain.runKeyword(WebUIKeywordMain.groovy:20)
	at com.kms.katalon.core.webui.keyword.builtin.VerifyElementPresentKeyword.verifyElementPresent(VerifyElementPresentKeyword.groovy:92)
	at com.kms.katalon.core.webui.keyword.builtin.VerifyElementPresentKeyword.execute(VerifyElementPresentKeyword.groovy:68)
	at com.kms.katalon.core.keyword.internal.KeywordExecutor.executeKeywordForPlatform(KeywordExecutor.groovy:56)
	at com.kms.katalon.core.webui.keyword.WebUiBuiltInKeywords.verifyElementPresent(WebUiBuiltInKeywords.groovy:1434)
	at com.kms.katalon.core.webui.keyword.WebUiBuiltInKeywords$verifyElementPresent$3.call(Unknown Source)
	at com.pmo.steps.MainSteps.verifyLoginToOOB(MainSteps.groovy:71)
	at cucumber.runtime.Utils$1.call(Utils.java:26)
	at cucumber.runtime.Timeout.timeout(Timeout.java:16)
	at cucumber.runtime.Utils.invoke(Utils.java:20)
	at cucumber.runtime.java.JavaStepDefinition.execute(JavaStepDefinition.java:48)
	at cucumber.runtime.PickleStepDefinitionMatch.runStep(PickleStepDefinitionMatch.java:50)
	at cucumber.runner.TestStep.executeStep(TestStep.java:55)
	at cucumber.runner.TestStep.run(TestStep.java:42)
	at cucumber.runner.PickleStepTestStep.run(PickleStepTestStep.java:53)
	at cucumber.runner.TestCase.run(TestCase.java:47)
	at cucumber.runner.Runner.runPickle(Runner.java:44)
	at cucumber.runtime.Runtime.runFeature(Runtime.java:120)
	at cucumber.runtime.Runtime.run(Runtime.java:106)
	at cucumber.api.cli.Main.run(Main.java:35)
	at cucumber.api.cli.Main$run.call(Unknown Source)
	at com.kms.katalon.core.cucumber.keyword.CucumberBuiltinKeywords$_runFeatureFile_closure1.doCall(CucumberBuiltinKeywords.groovy:76)
	at com.kms.katalon.core.cucumber.keyword.CucumberBuiltinKeywords$_runFeatureFile_closure1.doCall(CucumberBuiltinKeywords.groovy)
	at com.kms.katalon.core.keyword.internal.KeywordMain.runKeyword(KeywordMain.groovy:66)
	at com.kms.katalon.core.keyword.internal.KeywordMain$runKeyword.call(Unknown Source)
	at com.kms.katalon.core.cucumber.keyword.CucumberBuiltinKeywords.runFeatureFile(CucumberBuiltinKeywords.groovy:46)
	at com.kms.katalon.core.cucumber.keyword.CucumberBuiltinKeywords$runFeatureFile$0.callStatic(Unknown Source)
	at com.kms.katalon.core.cucumber.keyword.CucumberBuiltinKeywords.runFeatureFile(CucumberBuiltinKeywords.groovy:101)
	at com.kms.katalon.core.cucumber.keyword.CucumberBuiltinKeywords$runFeatureFile.call(Unknown Source)
	at 036-Verify-Project-Support-Page.run(036-Verify-Project-Support-Page:16)
	at com.kms.katalon.core.main.ScriptEngine.run(ScriptEngine.java:194)
	at com.kms.katalon.core.main.ScriptEngine.runScriptAsRawText(ScriptEngine.java:119)
	at com.kms.katalon.core.main.TestCaseExecutor.runScript(TestCaseExecutor.java:331)
	at com.kms.katalon.core.main.TestCaseExecutor.doExecute(TestCaseExecutor.java:322)
	at com.kms.katalon.core.main.TestCaseExecutor.processExecutionPhase(TestCaseExecutor.java:301)
	at com.kms.katalon.core.main.TestCaseExecutor.accessMainPhase(TestCaseExecutor.java:293)
	at com.kms.katalon.core.main.TestCaseExecutor.execute(TestCaseExecutor.java:227)
	at com.kms.katalon.core.main.TestSuiteExecutor.accessTestCaseMainPhase(TestSuiteExecutor.java:129)
	at com.kms.katalon.core.main.TestSuiteExecutor.accessTestSuiteMainPhase(TestSuiteExecutor.java:112)
	at com.kms.katalon.core.main.TestSuiteExecutor.execute(TestSuiteExecutor.java:81)
	at com.kms.katalon.core.main.TestCaseMain.startTestSuite(TestCaseMain.java:157)
	at com.kms.katalon.core.main.TestCaseMain$startTestSuite$0.call(Unknown Source)
	at TempTestSuite1558253547685.run(TempTestSuite1558253547685.groovy:35)


2019-05-19 11:54:30 - [MESSAGE][WARNING] - Timeout '0' is invalid. Using default page load timeout: '30'

2019-05-19 11:55:01 - [MESSAGE][INFO] - Unable to find the element located by 'By.xpath: (.//*[normalize-space(text()) and normalize-space(.)='النظام'])[1]/following::ul[2]'. Please recheck the objects properties to make sure the desired element is located. 

2019-05-19 11:55:01 - [MESSAGE][FAILED] - com.kms.katalon.core.webui.exception.WebElementNotFoundException: Web element with id: 'Object Repository/OOBObjects/HomepageObjects/OOBSideBar' located by 'By.xpath: (.//*[normalize-space(text()) and normalize-space(.)='النظام'])[1]/following::ul[2]' not found (Root cause: com.kms.katalon.core.exception.StepFailedException: com.kms.katalon.core.webui.exception.WebElementNotFoundException: Web element with id: 'Object Repository/OOBObjects/HomepageObjects/OOBSideBar' located by 'By.xpath: (.//*[normalize-space(text()) and normalize-space(.)='النظام'])[1]/following::ul[2]' not found
	at com.kms.katalon.core.webui.keyword.internal.WebUIKeywordMain.stepFailed(WebUIKeywordMain.groovy:64)
	at com.kms.katalon.core.webui.keyword.builtin.VerifyElementPresentKeyword$_verifyElementPresent_closure1.doCall(VerifyElementPresentKeyword.groovy:85)
	at com.kms.katalon.core.webui.keyword.builtin.VerifyElementPresentKeyword$_verifyElementPresent_closure1.call(VerifyElementPresentKeyword.groovy)
	at com.kms.katalon.core.webui.keyword.internal.WebUIKeywordMain.runKeyword(WebUIKeywordMain.groovy:20)
	at com.kms.katalon.core.webui.keyword.builtin.VerifyElementPresentKeyword.verifyElementPresent(VerifyElementPresentKeyword.groovy:92)
	at com.kms.katalon.core.webui.keyword.builtin.VerifyElementPresentKeyword.execute(VerifyElementPresentKeyword.groovy:68)
	at com.kms.katalon.core.keyword.internal.KeywordExecutor.executeKeywordForPlatform(KeywordExecutor.groovy:56)
	at com.kms.katalon.core.webui.keyword.WebUiBuiltInKeywords.verifyElementPresent(WebUiBuiltInKeywords.groovy:1434)
	at com.kms.katalon.core.webui.keyword.WebUiBuiltInKeywords$verifyElementPresent$3.call(Unknown Source)
	at com.pmo.steps.MainSteps.verifyLoginToOOB(MainSteps.groovy:71)
	at cucumber.runtime.Utils$1.call(Utils.java:26)
	at cucumber.runtime.Timeout.timeout(Timeout.java:16)
	at cucumber.runtime.Utils.invoke(Utils.java:20)
	at cucumber.runtime.java.JavaStepDefinition.execute(JavaStepDefinition.java:48)
	at cucumber.runtime.PickleStepDefinitionMatch.runStep(PickleStepDefinitionMatch.java:50)
	at cucumber.runner.TestStep.executeStep(TestStep.java:55)
	at cucumber.runner.TestStep.run(TestStep.java:42)
	at cucumber.runner.PickleStepTestStep.run(PickleStepTestStep.java:53)
	at cucumber.runner.TestCase.run(TestCase.java:47)
	at cucumber.runner.Runner.runPickle(Runner.java:44)
	at cucumber.runtime.Runtime.runFeature(Runtime.java:120)
	at cucumber.runtime.Runtime.run(Runtime.java:106)
	at cucumber.api.cli.Main.run(Main.java:35)
	at cucumber.api.cli.Main$run.call(Unknown Source)
	at com.kms.katalon.core.cucumber.keyword.CucumberBuiltinKeywords$_runFeatureFile_closure1.doCall(CucumberBuiltinKeywords.groovy:76)
	at com.kms.katalon.core.cucumber.keyword.CucumberBuiltinKeywords$_runFeatureFile_closure1.doCall(CucumberBuiltinKeywords.groovy)
	at com.kms.katalon.core.keyword.internal.KeywordMain.runKeyword(KeywordMain.groovy:66)
	at com.kms.katalon.core.keyword.internal.KeywordMain$runKeyword.call(Unknown Source)
	at com.kms.katalon.core.cucumber.keyword.CucumberBuiltinKeywords.runFeatureFile(CucumberBuiltinKeywords.groovy:46)
	at com.kms.katalon.core.cucumber.keyword.CucumberBuiltinKeywords$runFeatureFile$0.callStatic(Unknown Source)
	at com.kms.katalon.core.cucumber.keyword.CucumberBuiltinKeywords.runFeatureFile(CucumberBuiltinKeywords.groovy:101)
	at com.kms.katalon.core.cucumber.keyword.CucumberBuiltinKeywords$runFeatureFile.call(Unknown Source)
	at 036-Verify-Project-Support-Page.run(036-Verify-Project-Support-Page:16)
	at com.kms.katalon.core.main.ScriptEngine.run(ScriptEngine.java:194)
	at com.kms.katalon.core.main.ScriptEngine.runScriptAsRawText(ScriptEngine.java:119)
	at com.kms.katalon.core.main.TestCaseExecutor.runScript(TestCaseExecutor.java:331)
	at com.kms.katalon.core.main.TestCaseExecutor.doExecute(TestCaseExecutor.java:322)
	at com.kms.katalon.core.main.TestCaseExecutor.processExecutionPhase(TestCaseExecutor.java:301)
	at com.kms.katalon.core.main.TestCaseExecutor.accessMainPhase(TestCaseExecutor.java:293)
	at com.kms.katalon.core.main.TestCaseExecutor.execute(TestCaseExecutor.java:227)
	at com.kms.katalon.core.main.TestSuiteExecutor.accessTestCaseMainPhase(TestSuiteExecutor.java:129)
	at com.kms.katalon.core.main.TestSuiteExecutor.accessTestSuiteMainPhase(TestSuiteExecutor.java:112)
	at com.kms.katalon.core.main.TestSuiteExecutor.execute(TestSuiteExecutor.java:81)
	at com.kms.katalon.core.main.TestCaseMain.startTestSuite(TestCaseMain.java:157)
	at com.kms.katalon.core.main.TestCaseMain$startTestSuite$0.call(Unknown Source)
	at TempTestSuite1558253547685.run(TempTestSuite1558253547685.groovy:35)
)
[[ATTACHMENT|C:\\Users\\HP\\git\\PMO-Web-Application\\Reports\\First-Test-Suite\\20190519_111227\\1558256101711.png]]

2019-05-19 11:55:02 - [MESSAGE][FAILED] - Unable to verify object 'Object Repository/OOBObjects/HomepageObjects/OOBSideBar' is present (Root cause: com.kms.katalon.core.exception.StepFailedException: Unable to verify object 'Object Repository/OOBObjects/HomepageObjects/OOBSideBar' is present
	at com.kms.katalon.core.webui.keyword.internal.WebUIKeywordMain.stepFailed(WebUIKeywordMain.groovy:64)
	at com.kms.katalon.core.webui.keyword.internal.WebUIKeywordMain.runKeyword(WebUIKeywordMain.groovy:26)
	at com.kms.katalon.core.webui.keyword.builtin.VerifyElementPresentKeyword.verifyElementPresent(VerifyElementPresentKeyword.groovy:92)
	at com.kms.katalon.core.webui.keyword.builtin.VerifyElementPresentKeyword.execute(VerifyElementPresentKeyword.groovy:68)
	at com.kms.katalon.core.keyword.internal.KeywordExecutor.executeKeywordForPlatform(KeywordExecutor.groovy:56)
	at com.kms.katalon.core.webui.keyword.WebUiBuiltInKeywords.verifyElementPresent(WebUiBuiltInKeywords.groovy:1434)
	at com.kms.katalon.core.webui.keyword.WebUiBuiltInKeywords$verifyElementPresent$3.call(Unknown Source)
	at com.pmo.steps.MainSteps.verifyLoginToOOB(MainSteps.groovy:71)
	at cucumber.runtime.Utils$1.call(Utils.java:26)
	at cucumber.runtime.Timeout.timeout(Timeout.java:16)
	at cucumber.runtime.Utils.invoke(Utils.java:20)
	at cucumber.runtime.java.JavaStepDefinition.execute(JavaStepDefinition.java:48)
	at cucumber.runtime.PickleStepDefinitionMatch.runStep(PickleStepDefinitionMatch.java:50)
	at cucumber.runner.TestStep.executeStep(TestStep.java:55)
	at cucumber.runner.TestStep.run(TestStep.java:42)
	at cucumber.runner.PickleStepTestStep.run(PickleStepTestStep.java:53)
	at cucumber.runner.TestCase.run(TestCase.java:47)
	at cucumber.runner.Runner.runPickle(Runner.java:44)
	at cucumber.runtime.Runtime.runFeature(Runtime.java:120)
	at cucumber.runtime.Runtime.run(Runtime.java:106)
	at cucumber.api.cli.Main.run(Main.java:35)
	at cucumber.api.cli.Main$run.call(Unknown Source)
	at com.kms.katalon.core.cucumber.keyword.CucumberBuiltinKeywords$_runFeatureFile_closure1.doCall(CucumberBuiltinKeywords.groovy:76)
	at com.kms.katalon.core.cucumber.keyword.CucumberBuiltinKeywords$_runFeatureFile_closure1.doCall(CucumberBuiltinKeywords.groovy)
	at com.kms.katalon.core.keyword.internal.KeywordMain.runKeyword(KeywordMain.groovy:66)
	at com.kms.katalon.core.keyword.internal.KeywordMain$runKeyword.call(Unknown Source)
	at com.kms.katalon.core.cucumber.keyword.CucumberBuiltinKeywords.runFeatureFile(CucumberBuiltinKeywords.groovy:46)
	at com.kms.katalon.core.cucumber.keyword.CucumberBuiltinKeywords$runFeatureFile$0.callStatic(Unknown Source)
	at com.kms.katalon.core.cucumber.keyword.CucumberBuiltinKeywords.runFeatureFile(CucumberBuiltinKeywords.groovy:101)
	at com.kms.katalon.core.cucumber.keyword.CucumberBuiltinKeywords$runFeatureFile.call(Unknown Source)
	at 036-Verify-Project-Support-Page.run(036-Verify-Project-Support-Page:16)
	at com.kms.katalon.core.main.ScriptEngine.run(ScriptEngine.java:194)
	at com.kms.katalon.core.main.ScriptEngine.runScriptAsRawText(ScriptEngine.java:119)
	at com.kms.katalon.core.main.TestCaseExecutor.runScript(TestCaseExecutor.java:331)
	at com.kms.katalon.core.main.TestCaseExecutor.doExecute(TestCaseExecutor.java:322)
	at com.kms.katalon.core.main.TestCaseExecutor.processExecutionPhase(TestCaseExecutor.java:301)
	at com.kms.katalon.core.main.TestCaseExecutor.accessMainPhase(TestCaseExecutor.java:293)
	at com.kms.katalon.core.main.TestCaseExecutor.execute(TestCaseExecutor.java:227)
	at com.kms.katalon.core.main.TestSuiteExecutor.accessTestCaseMainPhase(TestSuiteExecutor.java:129)
	at com.kms.katalon.core.main.TestSuiteExecutor.accessTestSuiteMainPhase(TestSuiteExecutor.java:112)
	at com.kms.katalon.core.main.TestSuiteExecutor.execute(TestSuiteExecutor.java:81)
	at com.kms.katalon.core.main.TestCaseMain.startTestSuite(TestCaseMain.java:157)
	at com.kms.katalon.core.main.TestCaseMain$startTestSuite$0.call(Unknown Source)
	at TempTestSuite1558253547685.run(TempTestSuite1558253547685.groovy:35)
Caused by: com.kms.katalon.core.exception.StepFailedException: com.kms.katalon.core.webui.exception.WebElementNotFoundException: Web element with id: 'Object Repository/OOBObjects/HomepageObjects/OOBSideBar' located by 'By.xpath: (.//*[normalize-space(text()) and normalize-space(.)='النظام'])[1]/following::ul[2]' not found
	at com.kms.katalon.core.webui.keyword.internal.WebUIKeywordMain.stepFailed(WebUIKeywordMain.groovy:64)
	at com.kms.katalon.core.webui.keyword.builtin.VerifyElementPresentKeyword$_verifyElementPresent_closure1.doCall(VerifyElementPresentKeyword.groovy:85)
	at com.kms.katalon.core.webui.keyword.builtin.VerifyElementPresentKeyword$_verifyElementPresent_closure1.call(VerifyElementPresentKeyword.groovy)
	at com.kms.katalon.core.webui.keyword.internal.WebUIKeywordMain.runKeyword(WebUIKeywordMain.groovy:20)
	... 42 more
)
[[ATTACHMENT|C:\\Users\\HP\\git\\PMO-Web-Application\\Reports\\First-Test-Suite\\20190519_111227\\1558256101967.png]]

2019-05-19 11:55:02 - [MESSAGE][FAILED] - I want to verify I'm in OOB main page FAILED.
Reason:
com.kms.katalon.core.exception.StepFailedException: Unable to verify object 'Object Repository/OOBObjects/HomepageObjects/OOBSideBar' is present
	at com.kms.katalon.core.webui.keyword.internal.WebUIKeywordMain.stepFailed(WebUIKeywordMain.groovy:64)
	at com.kms.katalon.core.webui.keyword.internal.WebUIKeywordMain.runKeyword(WebUIKeywordMain.groovy:26)
	at com.kms.katalon.core.webui.keyword.builtin.VerifyElementPresentKeyword.verifyElementPresent(VerifyElementPresentKeyword.groovy:92)
	at com.kms.katalon.core.webui.keyword.builtin.VerifyElementPresentKeyword.execute(VerifyElementPresentKeyword.groovy:68)
	at com.kms.katalon.core.keyword.internal.KeywordExecutor.executeKeywordForPlatform(KeywordExecutor.groovy:56)
	at com.kms.katalon.core.webui.keyword.WebUiBuiltInKeywords.verifyElementPresent(WebUiBuiltInKeywords.groovy:1434)
	at com.kms.katalon.core.webui.keyword.WebUiBuiltInKeywords$verifyElementPresent$3.call(Unknown Source)
	at com.pmo.steps.MainSteps.verifyLoginToOOB(MainSteps.groovy:71)
	at ✽.I want to verify I'm in OOB main page(C:/Users/HP/git/PMO-Web-Application/Include/features/Governance-Module/Add-Project/036-Verify-Project-Support-Page.feature:9)
Caused by: com.kms.katalon.core.exception.StepFailedException: com.kms.katalon.core.webui.exception.WebElementNotFoundException: Web element with id: 'Object Repository/OOBObjects/HomepageObjects/OOBSideBar' located by 'By.xpath: (.//*[normalize-space(text()) and normalize-space(.)='النظام'])[1]/following::ul[2]' not found
	at com.kms.katalon.core.webui.keyword.internal.WebUIKeywordMain.stepFailed(WebUIKeywordMain.groovy:64)
	at com.kms.katalon.core.webui.keyword.builtin.VerifyElementPresentKeyword$_verifyElementPresent_closure1.doCall(VerifyElementPresentKeyword.groovy:85)
	at com.kms.katalon.core.webui.keyword.builtin.VerifyElementPresentKeyword$_verifyElementPresent_closure1.call(VerifyElementPresentKeyword.groovy)
	at com.kms.katalon.core.webui.keyword.internal.WebUIKeywordMain.runKeyword(WebUIKeywordMain.groovy:20)
	at com.kms.katalon.core.webui.keyword.builtin.VerifyElementPresentKeyword.verifyElementPresent(VerifyElementPresentKeyword.groovy:92)
	at com.kms.katalon.core.webui.keyword.builtin.VerifyElementPresentKeyword.execute(VerifyElementPresentKeyword.groovy:68)
	at com.kms.katalon.core.keyword.internal.KeywordExecutor.executeKeywordForPlatform(KeywordExecutor.groovy:56)
	at com.kms.katalon.core.webui.keyword.WebUiBuiltInKeywords.verifyElementPresent(WebUiBuiltInKeywords.groovy:1434)
	at com.kms.katalon.core.webui.keyword.WebUiBuiltInKeywords$verifyElementPresent$3.call(Unknown Source)
	at com.pmo.steps.MainSteps.verifyLoginToOOB(MainSteps.groovy:71)
	at cucumber.runtime.Utils$1.call(Utils.java:26)
	at cucumber.runtime.Timeout.timeout(Timeout.java:16)
	at cucumber.runtime.Utils.invoke(Utils.java:20)
	at cucumber.runtime.java.JavaStepDefinition.execute(JavaStepDefinition.java:48)
	at cucumber.runtime.PickleStepDefinitionMatch.runStep(PickleStepDefinitionMatch.java:50)
	at cucumber.runner.TestStep.executeStep(TestStep.java:55)
	at cucumber.runner.TestStep.run(TestStep.java:42)
	at cucumber.runner.PickleStepTestStep.run(PickleStepTestStep.java:53)
	at cucumber.runner.TestCase.run(TestCase.java:47)
	at cucumber.runner.Runner.runPickle(Runner.java:44)
	at cucumber.runtime.Runtime.runFeature(Runtime.java:120)
	at cucumber.runtime.Runtime.run(Runtime.java:106)
	at cucumber.api.cli.Main.run(Main.java:35)
	at cucumber.api.cli.Main$run.call(Unknown Source)
	at com.kms.katalon.core.cucumber.keyword.CucumberBuiltinKeywords$_runFeatureFile_closure1.doCall(CucumberBuiltinKeywords.groovy:76)
	at com.kms.katalon.core.cucumber.keyword.CucumberBuiltinKeywords$_runFeatureFile_closure1.doCall(CucumberBuiltinKeywords.groovy)
	at com.kms.katalon.core.keyword.internal.KeywordMain.runKeyword(KeywordMain.groovy:66)
	at com.kms.katalon.core.keyword.internal.KeywordMain$runKeyword.call(Unknown Source)
	at com.kms.katalon.core.cucumber.keyword.CucumberBuiltinKeywords.runFeatureFile(CucumberBuiltinKeywords.groovy:46)
	at com.kms.katalon.core.cucumber.keyword.CucumberBuiltinKeywords$runFeatureFile$0.callStatic(Unknown Source)
	at com.kms.katalon.core.cucumber.keyword.CucumberBuiltinKeywords.runFeatureFile(CucumberBuiltinKeywords.groovy:101)
	at com.kms.katalon.core.cucumber.keyword.CucumberBuiltinKeywords$runFeatureFile.call(Unknown Source)
	at 036-Verify-Project-Support-Page.run(036-Verify-Project-Support-Page:16)
	at com.kms.katalon.core.main.ScriptEngine.run(ScriptEngine.java:194)
	at com.kms.katalon.core.main.ScriptEngine.runScriptAsRawText(ScriptEngine.java:119)
	at com.kms.katalon.core.main.TestCaseExecutor.runScript(TestCaseExecutor.java:331)
	at com.kms.katalon.core.main.TestCaseExecutor.doExecute(TestCaseExecutor.java:322)
	at com.kms.katalon.core.main.TestCaseExecutor.processExecutionPhase(TestCaseExecutor.java:301)
	at com.kms.katalon.core.main.TestCaseExecutor.accessMainPhase(TestCaseExecutor.java:293)
	at com.kms.katalon.core.main.TestCaseExecutor.execute(TestCaseExecutor.java:227)
	at com.kms.katalon.core.main.TestSuiteExecutor.accessTestCaseMainPhase(TestSuiteExecutor.java:129)
	at com.kms.katalon.core.main.TestSuiteExecutor.accessTestSuiteMainPhase(TestSuiteExecutor.java:112)
	at com.kms.katalon.core.main.TestSuiteExecutor.execute(TestSuiteExecutor.java:81)
	at com.kms.katalon.core.main.TestCaseMain.startTestSuite(TestCaseMain.java:157)
	at com.kms.katalon.core.main.TestCaseMain$startTestSuite$0.call(Unknown Source)
	at TempTestSuite1558253547685.run(TempTestSuite1558253547685.groovy:35)


2019-05-19 11:55:02 - [TEST_STEP][NOT_RUN] - I want to go to projects list: I want to go to projects list

2019-05-19 11:55:02 - [MESSAGE][NOT_RUN] - I want to go to projects list

2019-05-19 11:55:02 - [TEST_STEP][NOT_RUN] - I want to verify project list page: I want to verify project list page

2019-05-19 11:55:02 - [MESSAGE][NOT_RUN] - I want to verify project list page

2019-05-19 11:55:02 - [TEST_STEP][NOT_RUN] - I want to click Add new project button: I want to click Add new project button

2019-05-19 11:55:02 - [MESSAGE][NOT_RUN] - I want to click Add new project button

2019-05-19 11:55:02 - [TEST_STEP][NOT_RUN] - I want to fill project name: I want to fill project name

2019-05-19 11:55:02 - [MESSAGE][NOT_RUN] - I want to fill project name

2019-05-19 11:55:02 - [TEST_STEP][NOT_RUN] - I want to select project type: I want to select project type

2019-05-19 11:55:02 - [MESSAGE][NOT_RUN] - I want to select project type

2019-05-19 11:55:02 - [TEST_STEP][NOT_RUN] - I want to select project expected start date: I want to select project expected start date

2019-05-19 11:55:02 - [MESSAGE][NOT_RUN] - I want to select project expected start date

2019-05-19 11:55:02 - [TEST_STEP][NOT_RUN] - I want to select project expected end date: I want to select project expected end date

2019-05-19 11:55:02 - [MESSAGE][NOT_RUN] - I want to select project expected end date

2019-05-19 11:55:02 - [TEST_STEP][NOT_RUN] - I want to fill project budget: I want to fill project budget

2019-05-19 11:55:02 - [MESSAGE][NOT_RUN] - I want to fill project budget

2019-05-19 11:55:02 - [TEST_STEP][NOT_RUN] - I want to select from owner deopdown list: I want to select from owner deopdown list

2019-05-19 11:55:02 - [MESSAGE][NOT_RUN] - I want to select from owner deopdown list

2019-05-19 11:55:02 - [TEST_STEP][NOT_RUN] - I want to fill project manager field: I want to fill project manager field

2019-05-19 11:55:02 - [MESSAGE][NOT_RUN] - I want to fill project manager field

2019-05-19 11:55:02 - [TEST_STEP][NOT_RUN] - I want to tap enter key on manager field: I want to tap enter key on manager field

2019-05-19 11:55:02 - [MESSAGE][NOT_RUN] - I want to tap enter key on manager field

2019-05-19 11:55:02 - [TEST_STEP][NOT_RUN] - I want to fill project owner field: I want to fill project owner field

2019-05-19 11:55:02 - [MESSAGE][NOT_RUN] - I want to fill project owner field

2019-05-19 11:55:02 - [TEST_STEP][NOT_RUN] - I want to tap enter key on owner field: I want to tap enter key on owner field

2019-05-19 11:55:02 - [MESSAGE][NOT_RUN] - I want to tap enter key on owner field

2019-05-19 11:55:02 - [TEST_STEP][NOT_RUN] - I want to fill project sponser field: I want to fill project sponser field

2019-05-19 11:55:02 - [MESSAGE][NOT_RUN] - I want to fill project sponser field

2019-05-19 11:55:02 - [TEST_STEP][NOT_RUN] - I want to tap enter key on sponser field: I want to tap enter key on sponser field

2019-05-19 11:55:02 - [MESSAGE][NOT_RUN] - I want to tap enter key on sponser field

2019-05-19 11:55:02 - [TEST_STEP][NOT_RUN] - I want to fill project description field: I want to fill project description field

2019-05-19 11:55:02 - [MESSAGE][NOT_RUN] - I want to fill project description field

2019-05-19 11:55:02 - [TEST_STEP][NOT_RUN] - I want to fill project notes field: I want to fill project notes field

2019-05-19 11:55:02 - [MESSAGE][NOT_RUN] - I want to fill project notes field

2019-05-19 11:55:02 - [TEST_STEP][NOT_RUN] - I want to add attachment for the project: I want to add attachment for the project

2019-05-19 11:55:02 - [MESSAGE][NOT_RUN] - I want to add attachment for the project

2019-05-19 11:55:02 - [TEST_STEP][NOT_RUN] - I want to wait: I want to wait

2019-05-19 11:55:02 - [MESSAGE][NOT_RUN] - I want to wait

2019-05-19 11:55:02 - [TEST_STEP][NOT_RUN] - I want to click on send project button: I want to click on send project button

2019-05-19 11:55:02 - [MESSAGE][NOT_RUN] - I want to click on send project button

2019-05-19 11:55:02 - [TEST_STEP][NOT_RUN] - I want to wait for page load: I want to wait for page load

2019-05-19 11:55:02 - [MESSAGE][NOT_RUN] - I want to wait for page load

2019-05-19 11:55:02 - [TEST_STEP][NOT_RUN] - I want to check im in projects list page: I want to check im in projects list page

2019-05-19 11:55:02 - [MESSAGE][NOT_RUN] - I want to check im in projects list page

2019-05-19 11:55:02 - [TEST_STEP][NOT_RUN] - I want to search for crated project by name: I want to search for crated project by name

2019-05-19 11:55:02 - [MESSAGE][NOT_RUN] - I want to search for crated project by name

2019-05-19 11:55:02 - [TEST_STEP][NOT_RUN] - I want to view project page: I want to view project page

2019-05-19 11:55:02 - [MESSAGE][NOT_RUN] - I want to view project page

2019-05-19 11:55:02 - [TEST_STEP][NOT_RUN] - I want to go to project support page: I want to go to project support page

2019-05-19 11:55:02 - [MESSAGE][NOT_RUN] - I want to go to project support page

2019-05-19 11:55:02 - [TEST_STEP][NOT_RUN] - I want to verify project support page: I want to verify project support page

2019-05-19 11:55:02 - [MESSAGE][NOT_RUN] - I want to verify project support page

2019-05-19 11:55:02 - [MESSAGE][FAILED] - Feature file 'Include/features/Governance-Module/Add-Project/036-Verify-Project-Support-Page.feature' was failed

2019-05-19 11:55:02 - [MESSAGE][FAILED] - Keyword runFeatureFile was failed (Root cause: com.kms.katalon.core.exception.StepFailedException: Feature file 'Include/features/Governance-Module/Add-Project/036-Verify-Project-Support-Page.feature' was failed
	at com.kms.katalon.core.keyword.internal.KeywordMain.stepFailed(KeywordMain.groovy:48)
	at com.kms.katalon.core.keyword.internal.KeywordMain.stepFailed(KeywordMain.groovy)
	at com.kms.katalon.core.keyword.internal.KeywordMain.stepFailed(KeywordMain.groovy:21)
	at com.kms.katalon.core.keyword.internal.KeywordMain$stepFailed$0.call(Unknown Source)
	at com.kms.katalon.core.cucumber.keyword.CucumberBuiltinKeywords$_runFeatureFile_closure1.doCall(CucumberBuiltinKeywords.groovy:82)
	at com.kms.katalon.core.cucumber.keyword.CucumberBuiltinKeywords$_runFeatureFile_closure1.doCall(CucumberBuiltinKeywords.groovy)
	at com.kms.katalon.core.keyword.internal.KeywordMain.runKeyword(KeywordMain.groovy:66)
	at com.kms.katalon.core.keyword.internal.KeywordMain$runKeyword.call(Unknown Source)
	at com.kms.katalon.core.cucumber.keyword.CucumberBuiltinKeywords.runFeatureFile(CucumberBuiltinKeywords.groovy:46)
	at com.kms.katalon.core.cucumber.keyword.CucumberBuiltinKeywords$runFeatureFile$0.callStatic(Unknown Source)
	at com.kms.katalon.core.cucumber.keyword.CucumberBuiltinKeywords.runFeatureFile(CucumberBuiltinKeywords.groovy:101)
	at com.kms.katalon.core.cucumber.keyword.CucumberBuiltinKeywords$runFeatureFile.call(Unknown Source)
	at 036-Verify-Project-Support-Page.run(036-Verify-Project-Support-Page:16)
	at com.kms.katalon.core.main.ScriptEngine.run(ScriptEngine.java:194)
	at com.kms.katalon.core.main.ScriptEngine.runScriptAsRawText(ScriptEngine.java:119)
	at com.kms.katalon.core.main.TestCaseExecutor.runScript(TestCaseExecutor.java:331)
	at com.kms.katalon.core.main.TestCaseExecutor.doExecute(TestCaseExecutor.java:322)
	at com.kms.katalon.core.main.TestCaseExecutor.processExecutionPhase(TestCaseExecutor.java:301)
	at com.kms.katalon.core.main.TestCaseExecutor.accessMainPhase(TestCaseExecutor.java:293)
	at com.kms.katalon.core.main.TestCaseExecutor.execute(TestCaseExecutor.java:227)
	at com.kms.katalon.core.main.TestSuiteExecutor.accessTestCaseMainPhase(TestSuiteExecutor.java:129)
	at com.kms.katalon.core.main.TestSuiteExecutor.accessTestSuiteMainPhase(TestSuiteExecutor.java:112)
	at com.kms.katalon.core.main.TestSuiteExecutor.execute(TestSuiteExecutor.java:81)
	at com.kms.katalon.core.main.TestCaseMain.startTestSuite(TestCaseMain.java:157)
	at com.kms.katalon.core.main.TestCaseMain$startTestSuite$0.call(Unknown Source)
	at TempTestSuite1558253547685.run(TempTestSuite1558253547685.groovy:35)
)

2019-05-19 11:55:02 - [MESSAGE][FAILED] - runFeatureFile("Include/features/Governance-Module/Add-Project/036-Verify-Project-Support-Page.feature") FAILED.
Reason:
com.kms.katalon.core.exception.StepFailedException: Feature file 'Include/features/Governance-Module/Add-Project/036-Verify-Project-Support-Page.feature' was failed
	at com.kms.katalon.core.keyword.internal.KeywordMain.stepFailed(KeywordMain.groovy:48)
	at com.kms.katalon.core.keyword.internal.KeywordMain.stepFailed(KeywordMain.groovy)
	at com.kms.katalon.core.keyword.internal.KeywordMain.stepFailed(KeywordMain.groovy:21)
	at com.kms.katalon.core.keyword.internal.KeywordMain$stepFailed$0.call(Unknown Source)
	at com.kms.katalon.core.cucumber.keyword.CucumberBuiltinKeywords$_runFeatureFile_closure1.doCall(CucumberBuiltinKeywords.groovy:82)
	at com.kms.katalon.core.cucumber.keyword.CucumberBuiltinKeywords$_runFeatureFile_closure1.doCall(CucumberBuiltinKeywords.groovy)
	at com.kms.katalon.core.keyword.internal.KeywordMain.runKeyword(KeywordMain.groovy:66)
	at com.kms.katalon.core.keyword.internal.KeywordMain$runKeyword.call(Unknown Source)
	at com.kms.katalon.core.cucumber.keyword.CucumberBuiltinKeywords.runFeatureFile(CucumberBuiltinKeywords.groovy:46)
	at com.kms.katalon.core.cucumber.keyword.CucumberBuiltinKeywords$runFeatureFile$0.callStatic(Unknown Source)
	at com.kms.katalon.core.cucumber.keyword.CucumberBuiltinKeywords.runFeatureFile(CucumberBuiltinKeywords.groovy:101)
	at com.kms.katalon.core.cucumber.keyword.CucumberBuiltinKeywords$runFeatureFile.call(Unknown Source)
	at 036-Verify-Project-Support-Page.run(036-Verify-Project-Support-Page:16)
	at com.kms.katalon.core.main.ScriptEngine.run(ScriptEngine.java:194)
	at com.kms.katalon.core.main.ScriptEngine.runScriptAsRawText(ScriptEngine.java:119)
	at com.kms.katalon.core.main.TestCaseExecutor.runScript(TestCaseExecutor.java:331)
	at com.kms.katalon.core.main.TestCaseExecutor.doExecute(TestCaseExecutor.java:322)
	at com.kms.katalon.core.main.TestCaseExecutor.processExecutionPhase(TestCaseExecutor.java:301)
	at com.kms.katalon.core.main.TestCaseExecutor.accessMainPhase(TestCaseExecutor.java:293)
	at com.kms.katalon.core.main.TestCaseExecutor.execute(TestCaseExecutor.java:227)
	at com.kms.katalon.core.main.TestSuiteExecutor.accessTestCaseMainPhase(TestSuiteExecutor.java:129)
	at com.kms.katalon.core.main.TestSuiteExecutor.accessTestSuiteMainPhase(TestSuiteExecutor.java:112)
	at com.kms.katalon.core.main.TestSuiteExecutor.execute(TestSuiteExecutor.java:81)
	at com.kms.katalon.core.main.TestCaseMain.startTestSuite(TestCaseMain.java:157)
	at com.kms.katalon.core.main.TestCaseMain$startTestSuite$0.call(Unknown Source)
	at TempTestSuite1558253547685.run(TempTestSuite1558253547685.groovy:35)]]></system-out>
         <system-err><![CDATA[2019-05-19 11:54:25 - [TEST_CASE][FAILED] - Test Cases/Add-Project-Test-Cases/036-Verify-Project-Support-Page: Test Cases/Add-Project-Test-Cases/036-Verify-Project-Support-Page FAILED.
Reason:
com.kms.katalon.core.exception.StepFailedException: Feature file 'Include/features/Governance-Module/Add-Project/036-Verify-Project-Support-Page.feature' was failed
	at com.kms.katalon.core.keyword.internal.KeywordMain.stepFailed(KeywordMain.groovy:48)
	at com.kms.katalon.core.keyword.internal.KeywordMain.stepFailed(KeywordMain.groovy)
	at com.kms.katalon.core.keyword.internal.KeywordMain.stepFailed(KeywordMain.groovy:21)
	at com.kms.katalon.core.keyword.internal.KeywordMain$stepFailed$0.call(Unknown Source)
	at com.kms.katalon.core.cucumber.keyword.CucumberBuiltinKeywords$_runFeatureFile_closure1.doCall(CucumberBuiltinKeywords.groovy:82)
	at com.kms.katalon.core.cucumber.keyword.CucumberBuiltinKeywords$_runFeatureFile_closure1.doCall(CucumberBuiltinKeywords.groovy)
	at com.kms.katalon.core.keyword.internal.KeywordMain.runKeyword(KeywordMain.groovy:66)
	at com.kms.katalon.core.keyword.internal.KeywordMain$runKeyword.call(Unknown Source)
	at com.kms.katalon.core.cucumber.keyword.CucumberBuiltinKeywords.runFeatureFile(CucumberBuiltinKeywords.groovy:46)
	at com.kms.katalon.core.cucumber.keyword.CucumberBuiltinKeywords$runFeatureFile$0.callStatic(Unknown Source)
	at com.kms.katalon.core.cucumber.keyword.CucumberBuiltinKeywords.runFeatureFile(CucumberBuiltinKeywords.groovy:101)
	at com.kms.katalon.core.cucumber.keyword.CucumberBuiltinKeywords$runFeatureFile.call(Unknown Source)
	at 036-Verify-Project-Support-Page.run(036-Verify-Project-Support-Page:16)
	at com.kms.katalon.core.main.ScriptEngine.run(ScriptEngine.java:194)
	at com.kms.katalon.core.main.ScriptEngine.runScriptAsRawText(ScriptEngine.java:119)
	at com.kms.katalon.core.main.TestCaseExecutor.runScript(TestCaseExecutor.java:331)
	at com.kms.katalon.core.main.TestCaseExecutor.doExecute(TestCaseExecutor.java:322)
	at com.kms.katalon.core.main.TestCaseExecutor.processExecutionPhase(TestCaseExecutor.java:301)
	at com.kms.katalon.core.main.TestCaseExecutor.accessMainPhase(TestCaseExecutor.java:293)
	at com.kms.katalon.core.main.TestCaseExecutor.execute(TestCaseExecutor.java:227)
	at com.kms.katalon.core.main.TestSuiteExecutor.accessTestCaseMainPhase(TestSuiteExecutor.java:129)
	at com.kms.katalon.core.main.TestSuiteExecutor.accessTestSuiteMainPhase(TestSuiteExecutor.java:112)
	at com.kms.katalon.core.main.TestSuiteExecutor.execute(TestSuiteExecutor.java:81)
	at com.kms.katalon.core.main.TestCaseMain.startTestSuite(TestCaseMain.java:157)
	at com.kms.katalon.core.main.TestCaseMain$startTestSuite$0.call(Unknown Source)
	at TempTestSuite1558253547685.run(TempTestSuite1558253547685.groovy:35)]]></system-err>
      </testcase>
      <testcase name="Test Cases/Add-Project-Test-Cases/037-Add-Project-Support" classname="Test Cases/Add-Project-Test-Cases/037-Add-Project-Support" status="FAILED">
         <failure type="FAILED" message="Test Cases/Add-Project-Test-Cases/037-Add-Project-Support FAILED.
Reason:
com.kms.katalon.core.exception.StepFailedException: Keyword runFeatureFile was failed (Root cause: java.lang.IllegalArgumentException: Not a file or directory: C:\Users\HP\git\PMO-Web-Application\Include\features\Governance-Module\Add-Project\037-Add-Project-Support.feature
	at cucumber.runtime.io.FileResourceIterator$FileIterator.&lt;init>(FileResourceIterator.java:63)
	at cucumber.runtime.io.FileResourceIterator.&lt;init>(FileResourceIterator.java:28)
	at cucumber.runtime.io.FileResourceIterator.createFileResourceIterator(FileResourceIterator.java:14)
	at cucumber.runtime.io.FileResourceIterable.iterator(FileResourceIterable.java:19)
	at cucumber.runtime.model.CucumberFeature.loadFromFeaturePath(CucumberFeature.java:111)
	at cucumber.runtime.model.CucumberFeature.load(CucumberFeature.java:48)
	at cucumber.runtime.model.CucumberFeature.load(CucumberFeature.java:30)
	at cucumber.runtime.RuntimeOptions.cucumberFeatures(RuntimeOptions.java:305)
	at cucumber.runtime.Runtime.run(Runtime.java:97)
	at cucumber.api.cli.Main.run(Main.java:35)
	at cucumber.api.cli.Main$run.call(Unknown Source)
	at com.kms.katalon.core.cucumber.keyword.CucumberBuiltinKeywords$_runFeatureFile_closure1.doCall(CucumberBuiltinKeywords.groovy:76)
	at com.kms.katalon.core.cucumber.keyword.CucumberBuiltinKeywords$_runFeatureFile_closure1.doCall(CucumberBuiltinKeywords.groovy)
	at com.kms.katalon.core.keyword.internal.KeywordMain.runKeyword(KeywordMain.groovy:66)
	at com.kms.katalon.core.keyword.internal.KeywordMain$runKeyword.call(Unknown Source)
	at com.kms.katalon.core.cucumber.keyword.CucumberBuiltinKeywords.runFeatureFile(CucumberBuiltinKeywords.groovy:46)
	at com.kms.katalon.core.cucumber.keyword.CucumberBuiltinKeywords$runFeatureFile$0.callStatic(Unknown Source)
	at com.kms.katalon.core.cucumber.keyword.CucumberBuiltinKeywords.runFeatureFile(CucumberBuiltinKeywords.groovy:101)
	at com.kms.katalon.core.cucumber.keyword.CucumberBuiltinKeywords$runFeatureFile.call(Unknown Source)
	at 037-Add-Project-Support.run(037-Add-Project-Support:16)
	at com.kms.katalon.core.main.ScriptEngine.run(ScriptEngine.java:194)
	at com.kms.katalon.core.main.ScriptEngine.runScriptAsRawText(ScriptEngine.java:119)
	at com.kms.katalon.core.main.TestCaseExecutor.runScript(TestCaseExecutor.java:331)
	at com.kms.katalon.core.main.TestCaseExecutor.doExecute(TestCaseExecutor.java:322)
	at com.kms.katalon.core.main.TestCaseExecutor.processExecutionPhase(TestCaseExecutor.java:301)
	at com.kms.katalon.core.main.TestCaseExecutor.accessMainPhase(TestCaseExecutor.java:293)
	at com.kms.katalon.core.main.TestCaseExecutor.execute(TestCaseExecutor.java:227)
	at com.kms.katalon.core.main.TestSuiteExecutor.accessTestCaseMainPhase(TestSuiteExecutor.java:129)
	at com.kms.katalon.core.main.TestSuiteExecutor.accessTestSuiteMainPhase(TestSuiteExecutor.java:112)
	at com.kms.katalon.core.main.TestSuiteExecutor.execute(TestSuiteExecutor.java:81)
	at com.kms.katalon.core.main.TestCaseMain.startTestSuite(TestCaseMain.java:157)
	at com.kms.katalon.core.main.TestCaseMain$startTestSuite$0.call(Unknown Source)
	at TempTestSuite1558253547685.run(TempTestSuite1558253547685.groovy:35)
)
	at com.kms.katalon.core.keyword.internal.KeywordMain.stepFailed(KeywordMain.groovy:48)
	at com.kms.katalon.core.keyword.internal.KeywordMain.stepFailed(KeywordMain.groovy)
	at com.kms.katalon.core.keyword.internal.KeywordMain.runKeyword(KeywordMain.groovy:68)
	at com.kms.katalon.core.keyword.internal.KeywordMain$runKeyword.call(Unknown Source)
	at com.kms.katalon.core.cucumber.keyword.CucumberBuiltinKeywords.runFeatureFile(CucumberBuiltinKeywords.groovy:46)
	at com.kms.katalon.core.cucumber.keyword.CucumberBuiltinKeywords$runFeatureFile$0.callStatic(Unknown Source)
	at com.kms.katalon.core.cucumber.keyword.CucumberBuiltinKeywords.runFeatureFile(CucumberBuiltinKeywords.groovy:101)
	at com.kms.katalon.core.cucumber.keyword.CucumberBuiltinKeywords$runFeatureFile.call(Unknown Source)
	at 037-Add-Project-Support.run(037-Add-Project-Support:16)
	at com.kms.katalon.core.main.ScriptEngine.run(ScriptEngine.java:194)
	at com.kms.katalon.core.main.ScriptEngine.runScriptAsRawText(ScriptEngine.java:119)
	at com.kms.katalon.core.main.TestCaseExecutor.runScript(TestCaseExecutor.java:331)
	at com.kms.katalon.core.main.TestCaseExecutor.doExecute(TestCaseExecutor.java:322)
	at com.kms.katalon.core.main.TestCaseExecutor.processExecutionPhase(TestCaseExecutor.java:301)
	at com.kms.katalon.core.main.TestCaseExecutor.accessMainPhase(TestCaseExecutor.java:293)
	at com.kms.katalon.core.main.TestCaseExecutor.execute(TestCaseExecutor.java:227)
	at com.kms.katalon.core.main.TestSuiteExecutor.accessTestCaseMainPhase(TestSuiteExecutor.java:129)
	at com.kms.katalon.core.main.TestSuiteExecutor.accessTestSuiteMainPhase(TestSuiteExecutor.java:112)
	at com.kms.katalon.core.main.TestSuiteExecutor.execute(TestSuiteExecutor.java:81)
	at com.kms.katalon.core.main.TestCaseMain.startTestSuite(TestCaseMain.java:157)
	at com.kms.katalon.core.main.TestCaseMain$startTestSuite$0.call(Unknown Source)
	at TempTestSuite1558253547685.run(TempTestSuite1558253547685.groovy:35)
Caused by: java.lang.IllegalArgumentException: Not a file or directory: C:\Users\HP\git\PMO-Web-Application\Include\features\Governance-Module\Add-Project\037-Add-Project-Support.feature
	at cucumber.runtime.io.FileResourceIterator$FileIterator.&lt;init>(FileResourceIterator.java:63)
	at cucumber.runtime.io.FileResourceIterator.&lt;init>(FileResourceIterator.java:28)
	at cucumber.runtime.io.FileResourceIterator.createFileResourceIterator(FileResourceIterator.java:14)
	at cucumber.runtime.io.FileResourceIterable.iterator(FileResourceIterable.java:19)
	at cucumber.runtime.model.CucumberFeature.loadFromFeaturePath(CucumberFeature.java:111)
	at cucumber.runtime.model.CucumberFeature.load(CucumberFeature.java:48)
	at cucumber.runtime.model.CucumberFeature.load(CucumberFeature.java:30)
	at cucumber.runtime.RuntimeOptions.cucumberFeatures(RuntimeOptions.java:305)
	at cucumber.runtime.Runtime.run(Runtime.java:97)
	at cucumber.api.cli.Main.run(Main.java:35)
	at cucumber.api.cli.Main$run.call(Unknown Source)
	at com.kms.katalon.core.cucumber.keyword.CucumberBuiltinKeywords$_runFeatureFile_closure1.doCall(CucumberBuiltinKeywords.groovy:76)
	at com.kms.katalon.core.cucumber.keyword.CucumberBuiltinKeywords$_runFeatureFile_closure1.doCall(CucumberBuiltinKeywords.groovy)
	at com.kms.katalon.core.keyword.internal.KeywordMain.runKeyword(KeywordMain.groovy:66)
	... 19 more
"/>
         <system-out><![CDATA[2019-05-19 11:55:02 - [TEST_CASE][FAILED] - Test Cases/Add-Project-Test-Cases/037-Add-Project-Support: Test Cases/Add-Project-Test-Cases/037-Add-Project-Support FAILED.
Reason:
com.kms.katalon.core.exception.StepFailedException: Keyword runFeatureFile was failed (Root cause: java.lang.IllegalArgumentException: Not a file or directory: C:\Users\HP\git\PMO-Web-Application\Include\features\Governance-Module\Add-Project\037-Add-Project-Support.feature
	at cucumber.runtime.io.FileResourceIterator$FileIterator.<init>(FileResourceIterator.java:63)
	at cucumber.runtime.io.FileResourceIterator.<init>(FileResourceIterator.java:28)
	at cucumber.runtime.io.FileResourceIterator.createFileResourceIterator(FileResourceIterator.java:14)
	at cucumber.runtime.io.FileResourceIterable.iterator(FileResourceIterable.java:19)
	at cucumber.runtime.model.CucumberFeature.loadFromFeaturePath(CucumberFeature.java:111)
	at cucumber.runtime.model.CucumberFeature.load(CucumberFeature.java:48)
	at cucumber.runtime.model.CucumberFeature.load(CucumberFeature.java:30)
	at cucumber.runtime.RuntimeOptions.cucumberFeatures(RuntimeOptions.java:305)
	at cucumber.runtime.Runtime.run(Runtime.java:97)
	at cucumber.api.cli.Main.run(Main.java:35)
	at cucumber.api.cli.Main$run.call(Unknown Source)
	at com.kms.katalon.core.cucumber.keyword.CucumberBuiltinKeywords$_runFeatureFile_closure1.doCall(CucumberBuiltinKeywords.groovy:76)
	at com.kms.katalon.core.cucumber.keyword.CucumberBuiltinKeywords$_runFeatureFile_closure1.doCall(CucumberBuiltinKeywords.groovy)
	at com.kms.katalon.core.keyword.internal.KeywordMain.runKeyword(KeywordMain.groovy:66)
	at com.kms.katalon.core.keyword.internal.KeywordMain$runKeyword.call(Unknown Source)
	at com.kms.katalon.core.cucumber.keyword.CucumberBuiltinKeywords.runFeatureFile(CucumberBuiltinKeywords.groovy:46)
	at com.kms.katalon.core.cucumber.keyword.CucumberBuiltinKeywords$runFeatureFile$0.callStatic(Unknown Source)
	at com.kms.katalon.core.cucumber.keyword.CucumberBuiltinKeywords.runFeatureFile(CucumberBuiltinKeywords.groovy:101)
	at com.kms.katalon.core.cucumber.keyword.CucumberBuiltinKeywords$runFeatureFile.call(Unknown Source)
	at 037-Add-Project-Support.run(037-Add-Project-Support:16)
	at com.kms.katalon.core.main.ScriptEngine.run(ScriptEngine.java:194)
	at com.kms.katalon.core.main.ScriptEngine.runScriptAsRawText(ScriptEngine.java:119)
	at com.kms.katalon.core.main.TestCaseExecutor.runScript(TestCaseExecutor.java:331)
	at com.kms.katalon.core.main.TestCaseExecutor.doExecute(TestCaseExecutor.java:322)
	at com.kms.katalon.core.main.TestCaseExecutor.processExecutionPhase(TestCaseExecutor.java:301)
	at com.kms.katalon.core.main.TestCaseExecutor.accessMainPhase(TestCaseExecutor.java:293)
	at com.kms.katalon.core.main.TestCaseExecutor.execute(TestCaseExecutor.java:227)
	at com.kms.katalon.core.main.TestSuiteExecutor.accessTestCaseMainPhase(TestSuiteExecutor.java:129)
	at com.kms.katalon.core.main.TestSuiteExecutor.accessTestSuiteMainPhase(TestSuiteExecutor.java:112)
	at com.kms.katalon.core.main.TestSuiteExecutor.execute(TestSuiteExecutor.java:81)
	at com.kms.katalon.core.main.TestCaseMain.startTestSuite(TestCaseMain.java:157)
	at com.kms.katalon.core.main.TestCaseMain$startTestSuite$0.call(Unknown Source)
	at TempTestSuite1558253547685.run(TempTestSuite1558253547685.groovy:35)
)
	at com.kms.katalon.core.keyword.internal.KeywordMain.stepFailed(KeywordMain.groovy:48)
	at com.kms.katalon.core.keyword.internal.KeywordMain.stepFailed(KeywordMain.groovy)
	at com.kms.katalon.core.keyword.internal.KeywordMain.runKeyword(KeywordMain.groovy:68)
	at com.kms.katalon.core.keyword.internal.KeywordMain$runKeyword.call(Unknown Source)
	at com.kms.katalon.core.cucumber.keyword.CucumberBuiltinKeywords.runFeatureFile(CucumberBuiltinKeywords.groovy:46)
	at com.kms.katalon.core.cucumber.keyword.CucumberBuiltinKeywords$runFeatureFile$0.callStatic(Unknown Source)
	at com.kms.katalon.core.cucumber.keyword.CucumberBuiltinKeywords.runFeatureFile(CucumberBuiltinKeywords.groovy:101)
	at com.kms.katalon.core.cucumber.keyword.CucumberBuiltinKeywords$runFeatureFile.call(Unknown Source)
	at 037-Add-Project-Support.run(037-Add-Project-Support:16)
	at com.kms.katalon.core.main.ScriptEngine.run(ScriptEngine.java:194)
	at com.kms.katalon.core.main.ScriptEngine.runScriptAsRawText(ScriptEngine.java:119)
	at com.kms.katalon.core.main.TestCaseExecutor.runScript(TestCaseExecutor.java:331)
	at com.kms.katalon.core.main.TestCaseExecutor.doExecute(TestCaseExecutor.java:322)
	at com.kms.katalon.core.main.TestCaseExecutor.processExecutionPhase(TestCaseExecutor.java:301)
	at com.kms.katalon.core.main.TestCaseExecutor.accessMainPhase(TestCaseExecutor.java:293)
	at com.kms.katalon.core.main.TestCaseExecutor.execute(TestCaseExecutor.java:227)
	at com.kms.katalon.core.main.TestSuiteExecutor.accessTestCaseMainPhase(TestSuiteExecutor.java:129)
	at com.kms.katalon.core.main.TestSuiteExecutor.accessTestSuiteMainPhase(TestSuiteExecutor.java:112)
	at com.kms.katalon.core.main.TestSuiteExecutor.execute(TestSuiteExecutor.java:81)
	at com.kms.katalon.core.main.TestCaseMain.startTestSuite(TestCaseMain.java:157)
	at com.kms.katalon.core.main.TestCaseMain$startTestSuite$0.call(Unknown Source)
	at TempTestSuite1558253547685.run(TempTestSuite1558253547685.groovy:35)
Caused by: java.lang.IllegalArgumentException: Not a file or directory: C:\Users\HP\git\PMO-Web-Application\Include\features\Governance-Module\Add-Project\037-Add-Project-Support.feature
	at cucumber.runtime.io.FileResourceIterator$FileIterator.<init>(FileResourceIterator.java:63)
	at cucumber.runtime.io.FileResourceIterator.<init>(FileResourceIterator.java:28)
	at cucumber.runtime.io.FileResourceIterator.createFileResourceIterator(FileResourceIterator.java:14)
	at cucumber.runtime.io.FileResourceIterable.iterator(FileResourceIterable.java:19)
	at cucumber.runtime.model.CucumberFeature.loadFromFeaturePath(CucumberFeature.java:111)
	at cucumber.runtime.model.CucumberFeature.load(CucumberFeature.java:48)
	at cucumber.runtime.model.CucumberFeature.load(CucumberFeature.java:30)
	at cucumber.runtime.RuntimeOptions.cucumberFeatures(RuntimeOptions.java:305)
	at cucumber.runtime.Runtime.run(Runtime.java:97)
	at cucumber.api.cli.Main.run(Main.java:35)
	at cucumber.api.cli.Main$run.call(Unknown Source)
	at com.kms.katalon.core.cucumber.keyword.CucumberBuiltinKeywords$_runFeatureFile_closure1.doCall(CucumberBuiltinKeywords.groovy:76)
	at com.kms.katalon.core.cucumber.keyword.CucumberBuiltinKeywords$_runFeatureFile_closure1.doCall(CucumberBuiltinKeywords.groovy)
	at com.kms.katalon.core.keyword.internal.KeywordMain.runKeyword(KeywordMain.groovy:66)
	... 19 more


2019-05-19 11:55:02 - [TEST_STEP][FAILED] - runFeatureFile("Include/features/Governance-Module/Add-Project/037-Add-Project-Support.feature"): runFeatureFile("Include/features/Governance-Module/Add-Project/037-Add-Project-Support.feature") FAILED.
Reason:
com.kms.katalon.core.exception.StepFailedException: Keyword runFeatureFile was failed (Root cause: java.lang.IllegalArgumentException: Not a file or directory: C:\Users\HP\git\PMO-Web-Application\Include\features\Governance-Module\Add-Project\037-Add-Project-Support.feature
	at cucumber.runtime.io.FileResourceIterator$FileIterator.<init>(FileResourceIterator.java:63)
	at cucumber.runtime.io.FileResourceIterator.<init>(FileResourceIterator.java:28)
	at cucumber.runtime.io.FileResourceIterator.createFileResourceIterator(FileResourceIterator.java:14)
	at cucumber.runtime.io.FileResourceIterable.iterator(FileResourceIterable.java:19)
	at cucumber.runtime.model.CucumberFeature.loadFromFeaturePath(CucumberFeature.java:111)
	at cucumber.runtime.model.CucumberFeature.load(CucumberFeature.java:48)
	at cucumber.runtime.model.CucumberFeature.load(CucumberFeature.java:30)
	at cucumber.runtime.RuntimeOptions.cucumberFeatures(RuntimeOptions.java:305)
	at cucumber.runtime.Runtime.run(Runtime.java:97)
	at cucumber.api.cli.Main.run(Main.java:35)
	at cucumber.api.cli.Main$run.call(Unknown Source)
	at com.kms.katalon.core.cucumber.keyword.CucumberBuiltinKeywords$_runFeatureFile_closure1.doCall(CucumberBuiltinKeywords.groovy:76)
	at com.kms.katalon.core.cucumber.keyword.CucumberBuiltinKeywords$_runFeatureFile_closure1.doCall(CucumberBuiltinKeywords.groovy)
	at com.kms.katalon.core.keyword.internal.KeywordMain.runKeyword(KeywordMain.groovy:66)
	at com.kms.katalon.core.keyword.internal.KeywordMain$runKeyword.call(Unknown Source)
	at com.kms.katalon.core.cucumber.keyword.CucumberBuiltinKeywords.runFeatureFile(CucumberBuiltinKeywords.groovy:46)
	at com.kms.katalon.core.cucumber.keyword.CucumberBuiltinKeywords$runFeatureFile$0.callStatic(Unknown Source)
	at com.kms.katalon.core.cucumber.keyword.CucumberBuiltinKeywords.runFeatureFile(CucumberBuiltinKeywords.groovy:101)
	at com.kms.katalon.core.cucumber.keyword.CucumberBuiltinKeywords$runFeatureFile.call(Unknown Source)
	at 037-Add-Project-Support.run(037-Add-Project-Support:16)
	at com.kms.katalon.core.main.ScriptEngine.run(ScriptEngine.java:194)
	at com.kms.katalon.core.main.ScriptEngine.runScriptAsRawText(ScriptEngine.java:119)
	at com.kms.katalon.core.main.TestCaseExecutor.runScript(TestCaseExecutor.java:331)
	at com.kms.katalon.core.main.TestCaseExecutor.doExecute(TestCaseExecutor.java:322)
	at com.kms.katalon.core.main.TestCaseExecutor.processExecutionPhase(TestCaseExecutor.java:301)
	at com.kms.katalon.core.main.TestCaseExecutor.accessMainPhase(TestCaseExecutor.java:293)
	at com.kms.katalon.core.main.TestCaseExecutor.execute(TestCaseExecutor.java:227)
	at com.kms.katalon.core.main.TestSuiteExecutor.accessTestCaseMainPhase(TestSuiteExecutor.java:129)
	at com.kms.katalon.core.main.TestSuiteExecutor.accessTestSuiteMainPhase(TestSuiteExecutor.java:112)
	at com.kms.katalon.core.main.TestSuiteExecutor.execute(TestSuiteExecutor.java:81)
	at com.kms.katalon.core.main.TestCaseMain.startTestSuite(TestCaseMain.java:157)
	at com.kms.katalon.core.main.TestCaseMain$startTestSuite$0.call(Unknown Source)
	at TempTestSuite1558253547685.run(TempTestSuite1558253547685.groovy:35)
)
	at com.kms.katalon.core.keyword.internal.KeywordMain.stepFailed(KeywordMain.groovy:48)
	at com.kms.katalon.core.keyword.internal.KeywordMain.stepFailed(KeywordMain.groovy)
	at com.kms.katalon.core.keyword.internal.KeywordMain.runKeyword(KeywordMain.groovy:68)
	at com.kms.katalon.core.keyword.internal.KeywordMain$runKeyword.call(Unknown Source)
	at com.kms.katalon.core.cucumber.keyword.CucumberBuiltinKeywords.runFeatureFile(CucumberBuiltinKeywords.groovy:46)
	at com.kms.katalon.core.cucumber.keyword.CucumberBuiltinKeywords$runFeatureFile$0.callStatic(Unknown Source)
	at com.kms.katalon.core.cucumber.keyword.CucumberBuiltinKeywords.runFeatureFile(CucumberBuiltinKeywords.groovy:101)
	at com.kms.katalon.core.cucumber.keyword.CucumberBuiltinKeywords$runFeatureFile.call(Unknown Source)
	at 037-Add-Project-Support.run(037-Add-Project-Support:16)
	at com.kms.katalon.core.main.ScriptEngine.run(ScriptEngine.java:194)
	at com.kms.katalon.core.main.ScriptEngine.runScriptAsRawText(ScriptEngine.java:119)
	at com.kms.katalon.core.main.TestCaseExecutor.runScript(TestCaseExecutor.java:331)
	at com.kms.katalon.core.main.TestCaseExecutor.doExecute(TestCaseExecutor.java:322)
	at com.kms.katalon.core.main.TestCaseExecutor.processExecutionPhase(TestCaseExecutor.java:301)
	at com.kms.katalon.core.main.TestCaseExecutor.accessMainPhase(TestCaseExecutor.java:293)
	at com.kms.katalon.core.main.TestCaseExecutor.execute(TestCaseExecutor.java:227)
	at com.kms.katalon.core.main.TestSuiteExecutor.accessTestCaseMainPhase(TestSuiteExecutor.java:129)
	at com.kms.katalon.core.main.TestSuiteExecutor.accessTestSuiteMainPhase(TestSuiteExecutor.java:112)
	at com.kms.katalon.core.main.TestSuiteExecutor.execute(TestSuiteExecutor.java:81)
	at com.kms.katalon.core.main.TestCaseMain.startTestSuite(TestCaseMain.java:157)
	at com.kms.katalon.core.main.TestCaseMain$startTestSuite$0.call(Unknown Source)
	at TempTestSuite1558253547685.run(TempTestSuite1558253547685.groovy:35)
Caused by: java.lang.IllegalArgumentException: Not a file or directory: C:\Users\HP\git\PMO-Web-Application\Include\features\Governance-Module\Add-Project\037-Add-Project-Support.feature
	at cucumber.runtime.io.FileResourceIterator$FileIterator.<init>(FileResourceIterator.java:63)
	at cucumber.runtime.io.FileResourceIterator.<init>(FileResourceIterator.java:28)
	at cucumber.runtime.io.FileResourceIterator.createFileResourceIterator(FileResourceIterator.java:14)
	at cucumber.runtime.io.FileResourceIterable.iterator(FileResourceIterable.java:19)
	at cucumber.runtime.model.CucumberFeature.loadFromFeaturePath(CucumberFeature.java:111)
	at cucumber.runtime.model.CucumberFeature.load(CucumberFeature.java:48)
	at cucumber.runtime.model.CucumberFeature.load(CucumberFeature.java:30)
	at cucumber.runtime.RuntimeOptions.cucumberFeatures(RuntimeOptions.java:305)
	at cucumber.runtime.Runtime.run(Runtime.java:97)
	at cucumber.api.cli.Main.run(Main.java:35)
	at cucumber.api.cli.Main$run.call(Unknown Source)
	at com.kms.katalon.core.cucumber.keyword.CucumberBuiltinKeywords$_runFeatureFile_closure1.doCall(CucumberBuiltinKeywords.groovy:76)
	at com.kms.katalon.core.cucumber.keyword.CucumberBuiltinKeywords$_runFeatureFile_closure1.doCall(CucumberBuiltinKeywords.groovy)
	at com.kms.katalon.core.keyword.internal.KeywordMain.runKeyword(KeywordMain.groovy:66)
	... 19 more


2019-05-19 11:55:02 - [MESSAGE][INFO] - Starting run keyword runFeatureFile: 'Include/features/Governance-Module/Add-Project/037-Add-Project-Support.feature' and extract report to folder: 'C:\Users\HP\git\PMO-Web-Application\Reports\First-Test-Suite\20190519_111227/cucumber_report/1558256102318'...

2019-05-19 11:55:02 - [MESSAGE][FAILED] - Keyword runFeatureFile was failed (Root cause: java.lang.IllegalArgumentException: Not a file or directory: C:\Users\HP\git\PMO-Web-Application\Include\features\Governance-Module\Add-Project\037-Add-Project-Support.feature
	at cucumber.runtime.io.FileResourceIterator$FileIterator.<init>(FileResourceIterator.java:63)
	at cucumber.runtime.io.FileResourceIterator.<init>(FileResourceIterator.java:28)
	at cucumber.runtime.io.FileResourceIterator.createFileResourceIterator(FileResourceIterator.java:14)
	at cucumber.runtime.io.FileResourceIterable.iterator(FileResourceIterable.java:19)
	at cucumber.runtime.model.CucumberFeature.loadFromFeaturePath(CucumberFeature.java:111)
	at cucumber.runtime.model.CucumberFeature.load(CucumberFeature.java:48)
	at cucumber.runtime.model.CucumberFeature.load(CucumberFeature.java:30)
	at cucumber.runtime.RuntimeOptions.cucumberFeatures(RuntimeOptions.java:305)
	at cucumber.runtime.Runtime.run(Runtime.java:97)
	at cucumber.api.cli.Main.run(Main.java:35)
	at cucumber.api.cli.Main$run.call(Unknown Source)
	at com.kms.katalon.core.cucumber.keyword.CucumberBuiltinKeywords$_runFeatureFile_closure1.doCall(CucumberBuiltinKeywords.groovy:76)
	at com.kms.katalon.core.cucumber.keyword.CucumberBuiltinKeywords$_runFeatureFile_closure1.doCall(CucumberBuiltinKeywords.groovy)
	at com.kms.katalon.core.keyword.internal.KeywordMain.runKeyword(KeywordMain.groovy:66)
	at com.kms.katalon.core.keyword.internal.KeywordMain$runKeyword.call(Unknown Source)
	at com.kms.katalon.core.cucumber.keyword.CucumberBuiltinKeywords.runFeatureFile(CucumberBuiltinKeywords.groovy:46)
	at com.kms.katalon.core.cucumber.keyword.CucumberBuiltinKeywords$runFeatureFile$0.callStatic(Unknown Source)
	at com.kms.katalon.core.cucumber.keyword.CucumberBuiltinKeywords.runFeatureFile(CucumberBuiltinKeywords.groovy:101)
	at com.kms.katalon.core.cucumber.keyword.CucumberBuiltinKeywords$runFeatureFile.call(Unknown Source)
	at 037-Add-Project-Support.run(037-Add-Project-Support:16)
	at com.kms.katalon.core.main.ScriptEngine.run(ScriptEngine.java:194)
	at com.kms.katalon.core.main.ScriptEngine.runScriptAsRawText(ScriptEngine.java:119)
	at com.kms.katalon.core.main.TestCaseExecutor.runScript(TestCaseExecutor.java:331)
	at com.kms.katalon.core.main.TestCaseExecutor.doExecute(TestCaseExecutor.java:322)
	at com.kms.katalon.core.main.TestCaseExecutor.processExecutionPhase(TestCaseExecutor.java:301)
	at com.kms.katalon.core.main.TestCaseExecutor.accessMainPhase(TestCaseExecutor.java:293)
	at com.kms.katalon.core.main.TestCaseExecutor.execute(TestCaseExecutor.java:227)
	at com.kms.katalon.core.main.TestSuiteExecutor.accessTestCaseMainPhase(TestSuiteExecutor.java:129)
	at com.kms.katalon.core.main.TestSuiteExecutor.accessTestSuiteMainPhase(TestSuiteExecutor.java:112)
	at com.kms.katalon.core.main.TestSuiteExecutor.execute(TestSuiteExecutor.java:81)
	at com.kms.katalon.core.main.TestCaseMain.startTestSuite(TestCaseMain.java:157)
	at com.kms.katalon.core.main.TestCaseMain$startTestSuite$0.call(Unknown Source)
	at TempTestSuite1558253547685.run(TempTestSuite1558253547685.groovy:35)
)

2019-05-19 11:55:02 - [MESSAGE][FAILED] - runFeatureFile("Include/features/Governance-Module/Add-Project/037-Add-Project-Support.feature") FAILED.
Reason:
com.kms.katalon.core.exception.StepFailedException: Keyword runFeatureFile was failed (Root cause: java.lang.IllegalArgumentException: Not a file or directory: C:\Users\HP\git\PMO-Web-Application\Include\features\Governance-Module\Add-Project\037-Add-Project-Support.feature
	at cucumber.runtime.io.FileResourceIterator$FileIterator.<init>(FileResourceIterator.java:63)
	at cucumber.runtime.io.FileResourceIterator.<init>(FileResourceIterator.java:28)
	at cucumber.runtime.io.FileResourceIterator.createFileResourceIterator(FileResourceIterator.java:14)
	at cucumber.runtime.io.FileResourceIterable.iterator(FileResourceIterable.java:19)
	at cucumber.runtime.model.CucumberFeature.loadFromFeaturePath(CucumberFeature.java:111)
	at cucumber.runtime.model.CucumberFeature.load(CucumberFeature.java:48)
	at cucumber.runtime.model.CucumberFeature.load(CucumberFeature.java:30)
	at cucumber.runtime.RuntimeOptions.cucumberFeatures(RuntimeOptions.java:305)
	at cucumber.runtime.Runtime.run(Runtime.java:97)
	at cucumber.api.cli.Main.run(Main.java:35)
	at cucumber.api.cli.Main$run.call(Unknown Source)
	at com.kms.katalon.core.cucumber.keyword.CucumberBuiltinKeywords$_runFeatureFile_closure1.doCall(CucumberBuiltinKeywords.groovy:76)
	at com.kms.katalon.core.cucumber.keyword.CucumberBuiltinKeywords$_runFeatureFile_closure1.doCall(CucumberBuiltinKeywords.groovy)
	at com.kms.katalon.core.keyword.internal.KeywordMain.runKeyword(KeywordMain.groovy:66)
	at com.kms.katalon.core.keyword.internal.KeywordMain$runKeyword.call(Unknown Source)
	at com.kms.katalon.core.cucumber.keyword.CucumberBuiltinKeywords.runFeatureFile(CucumberBuiltinKeywords.groovy:46)
	at com.kms.katalon.core.cucumber.keyword.CucumberBuiltinKeywords$runFeatureFile$0.callStatic(Unknown Source)
	at com.kms.katalon.core.cucumber.keyword.CucumberBuiltinKeywords.runFeatureFile(CucumberBuiltinKeywords.groovy:101)
	at com.kms.katalon.core.cucumber.keyword.CucumberBuiltinKeywords$runFeatureFile.call(Unknown Source)
	at 037-Add-Project-Support.run(037-Add-Project-Support:16)
	at com.kms.katalon.core.main.ScriptEngine.run(ScriptEngine.java:194)
	at com.kms.katalon.core.main.ScriptEngine.runScriptAsRawText(ScriptEngine.java:119)
	at com.kms.katalon.core.main.TestCaseExecutor.runScript(TestCaseExecutor.java:331)
	at com.kms.katalon.core.main.TestCaseExecutor.doExecute(TestCaseExecutor.java:322)
	at com.kms.katalon.core.main.TestCaseExecutor.processExecutionPhase(TestCaseExecutor.java:301)
	at com.kms.katalon.core.main.TestCaseExecutor.accessMainPhase(TestCaseExecutor.java:293)
	at com.kms.katalon.core.main.TestCaseExecutor.execute(TestCaseExecutor.java:227)
	at com.kms.katalon.core.main.TestSuiteExecutor.accessTestCaseMainPhase(TestSuiteExecutor.java:129)
	at com.kms.katalon.core.main.TestSuiteExecutor.accessTestSuiteMainPhase(TestSuiteExecutor.java:112)
	at com.kms.katalon.core.main.TestSuiteExecutor.execute(TestSuiteExecutor.java:81)
	at com.kms.katalon.core.main.TestCaseMain.startTestSuite(TestCaseMain.java:157)
	at com.kms.katalon.core.main.TestCaseMain$startTestSuite$0.call(Unknown Source)
	at TempTestSuite1558253547685.run(TempTestSuite1558253547685.groovy:35)
)
	at com.kms.katalon.core.keyword.internal.KeywordMain.stepFailed(KeywordMain.groovy:48)
	at com.kms.katalon.core.keyword.internal.KeywordMain.stepFailed(KeywordMain.groovy)
	at com.kms.katalon.core.keyword.internal.KeywordMain.runKeyword(KeywordMain.groovy:68)
	at com.kms.katalon.core.keyword.internal.KeywordMain$runKeyword.call(Unknown Source)
	at com.kms.katalon.core.cucumber.keyword.CucumberBuiltinKeywords.runFeatureFile(CucumberBuiltinKeywords.groovy:46)
	at com.kms.katalon.core.cucumber.keyword.CucumberBuiltinKeywords$runFeatureFile$0.callStatic(Unknown Source)
	at com.kms.katalon.core.cucumber.keyword.CucumberBuiltinKeywords.runFeatureFile(CucumberBuiltinKeywords.groovy:101)
	at com.kms.katalon.core.cucumber.keyword.CucumberBuiltinKeywords$runFeatureFile.call(Unknown Source)
	at 037-Add-Project-Support.run(037-Add-Project-Support:16)
	at com.kms.katalon.core.main.ScriptEngine.run(ScriptEngine.java:194)
	at com.kms.katalon.core.main.ScriptEngine.runScriptAsRawText(ScriptEngine.java:119)
	at com.kms.katalon.core.main.TestCaseExecutor.runScript(TestCaseExecutor.java:331)
	at com.kms.katalon.core.main.TestCaseExecutor.doExecute(TestCaseExecutor.java:322)
	at com.kms.katalon.core.main.TestCaseExecutor.processExecutionPhase(TestCaseExecutor.java:301)
	at com.kms.katalon.core.main.TestCaseExecutor.accessMainPhase(TestCaseExecutor.java:293)
	at com.kms.katalon.core.main.TestCaseExecutor.execute(TestCaseExecutor.java:227)
	at com.kms.katalon.core.main.TestSuiteExecutor.accessTestCaseMainPhase(TestSuiteExecutor.java:129)
	at com.kms.katalon.core.main.TestSuiteExecutor.accessTestSuiteMainPhase(TestSuiteExecutor.java:112)
	at com.kms.katalon.core.main.TestSuiteExecutor.execute(TestSuiteExecutor.java:81)
	at com.kms.katalon.core.main.TestCaseMain.startTestSuite(TestCaseMain.java:157)
	at com.kms.katalon.core.main.TestCaseMain$startTestSuite$0.call(Unknown Source)
	at TempTestSuite1558253547685.run(TempTestSuite1558253547685.groovy:35)
Caused by: java.lang.IllegalArgumentException: Not a file or directory: C:\Users\HP\git\PMO-Web-Application\Include\features\Governance-Module\Add-Project\037-Add-Project-Support.feature
	at cucumber.runtime.io.FileResourceIterator$FileIterator.<init>(FileResourceIterator.java:63)
	at cucumber.runtime.io.FileResourceIterator.<init>(FileResourceIterator.java:28)
	at cucumber.runtime.io.FileResourceIterator.createFileResourceIterator(FileResourceIterator.java:14)
	at cucumber.runtime.io.FileResourceIterable.iterator(FileResourceIterable.java:19)
	at cucumber.runtime.model.CucumberFeature.loadFromFeaturePath(CucumberFeature.java:111)
	at cucumber.runtime.model.CucumberFeature.load(CucumberFeature.java:48)
	at cucumber.runtime.model.CucumberFeature.load(CucumberFeature.java:30)
	at cucumber.runtime.RuntimeOptions.cucumberFeatures(RuntimeOptions.java:305)
	at cucumber.runtime.Runtime.run(Runtime.java:97)
	at cucumber.api.cli.Main.run(Main.java:35)
	at cucumber.api.cli.Main$run.call(Unknown Source)
	at com.kms.katalon.core.cucumber.keyword.CucumberBuiltinKeywords$_runFeatureFile_closure1.doCall(CucumberBuiltinKeywords.groovy:76)
	at com.kms.katalon.core.cucumber.keyword.CucumberBuiltinKeywords$_runFeatureFile_closure1.doCall(CucumberBuiltinKeywords.groovy)
	at com.kms.katalon.core.keyword.internal.KeywordMain.runKeyword(KeywordMain.groovy:66)
	... 19 more]]></system-out>
         <system-err><![CDATA[2019-05-19 11:55:02 - [TEST_CASE][FAILED] - Test Cases/Add-Project-Test-Cases/037-Add-Project-Support: Test Cases/Add-Project-Test-Cases/037-Add-Project-Support FAILED.
Reason:
com.kms.katalon.core.exception.StepFailedException: Keyword runFeatureFile was failed (Root cause: java.lang.IllegalArgumentException: Not a file or directory: C:\Users\HP\git\PMO-Web-Application\Include\features\Governance-Module\Add-Project\037-Add-Project-Support.feature
	at cucumber.runtime.io.FileResourceIterator$FileIterator.<init>(FileResourceIterator.java:63)
	at cucumber.runtime.io.FileResourceIterator.<init>(FileResourceIterator.java:28)
	at cucumber.runtime.io.FileResourceIterator.createFileResourceIterator(FileResourceIterator.java:14)
	at cucumber.runtime.io.FileResourceIterable.iterator(FileResourceIterable.java:19)
	at cucumber.runtime.model.CucumberFeature.loadFromFeaturePath(CucumberFeature.java:111)
	at cucumber.runtime.model.CucumberFeature.load(CucumberFeature.java:48)
	at cucumber.runtime.model.CucumberFeature.load(CucumberFeature.java:30)
	at cucumber.runtime.RuntimeOptions.cucumberFeatures(RuntimeOptions.java:305)
	at cucumber.runtime.Runtime.run(Runtime.java:97)
	at cucumber.api.cli.Main.run(Main.java:35)
	at cucumber.api.cli.Main$run.call(Unknown Source)
	at com.kms.katalon.core.cucumber.keyword.CucumberBuiltinKeywords$_runFeatureFile_closure1.doCall(CucumberBuiltinKeywords.groovy:76)
	at com.kms.katalon.core.cucumber.keyword.CucumberBuiltinKeywords$_runFeatureFile_closure1.doCall(CucumberBuiltinKeywords.groovy)
	at com.kms.katalon.core.keyword.internal.KeywordMain.runKeyword(KeywordMain.groovy:66)
	at com.kms.katalon.core.keyword.internal.KeywordMain$runKeyword.call(Unknown Source)
	at com.kms.katalon.core.cucumber.keyword.CucumberBuiltinKeywords.runFeatureFile(CucumberBuiltinKeywords.groovy:46)
	at com.kms.katalon.core.cucumber.keyword.CucumberBuiltinKeywords$runFeatureFile$0.callStatic(Unknown Source)
	at com.kms.katalon.core.cucumber.keyword.CucumberBuiltinKeywords.runFeatureFile(CucumberBuiltinKeywords.groovy:101)
	at com.kms.katalon.core.cucumber.keyword.CucumberBuiltinKeywords$runFeatureFile.call(Unknown Source)
	at 037-Add-Project-Support.run(037-Add-Project-Support:16)
	at com.kms.katalon.core.main.ScriptEngine.run(ScriptEngine.java:194)
	at com.kms.katalon.core.main.ScriptEngine.runScriptAsRawText(ScriptEngine.java:119)
	at com.kms.katalon.core.main.TestCaseExecutor.runScript(TestCaseExecutor.java:331)
	at com.kms.katalon.core.main.TestCaseExecutor.doExecute(TestCaseExecutor.java:322)
	at com.kms.katalon.core.main.TestCaseExecutor.processExecutionPhase(TestCaseExecutor.java:301)
	at com.kms.katalon.core.main.TestCaseExecutor.accessMainPhase(TestCaseExecutor.java:293)
	at com.kms.katalon.core.main.TestCaseExecutor.execute(TestCaseExecutor.java:227)
	at com.kms.katalon.core.main.TestSuiteExecutor.accessTestCaseMainPhase(TestSuiteExecutor.java:129)
	at com.kms.katalon.core.main.TestSuiteExecutor.accessTestSuiteMainPhase(TestSuiteExecutor.java:112)
	at com.kms.katalon.core.main.TestSuiteExecutor.execute(TestSuiteExecutor.java:81)
	at com.kms.katalon.core.main.TestCaseMain.startTestSuite(TestCaseMain.java:157)
	at com.kms.katalon.core.main.TestCaseMain$startTestSuite$0.call(Unknown Source)
	at TempTestSuite1558253547685.run(TempTestSuite1558253547685.groovy:35)
)
	at com.kms.katalon.core.keyword.internal.KeywordMain.stepFailed(KeywordMain.groovy:48)
	at com.kms.katalon.core.keyword.internal.KeywordMain.stepFailed(KeywordMain.groovy)
	at com.kms.katalon.core.keyword.internal.KeywordMain.runKeyword(KeywordMain.groovy:68)
	at com.kms.katalon.core.keyword.internal.KeywordMain$runKeyword.call(Unknown Source)
	at com.kms.katalon.core.cucumber.keyword.CucumberBuiltinKeywords.runFeatureFile(CucumberBuiltinKeywords.groovy:46)
	at com.kms.katalon.core.cucumber.keyword.CucumberBuiltinKeywords$runFeatureFile$0.callStatic(Unknown Source)
	at com.kms.katalon.core.cucumber.keyword.CucumberBuiltinKeywords.runFeatureFile(CucumberBuiltinKeywords.groovy:101)
	at com.kms.katalon.core.cucumber.keyword.CucumberBuiltinKeywords$runFeatureFile.call(Unknown Source)
	at 037-Add-Project-Support.run(037-Add-Project-Support:16)
	at com.kms.katalon.core.main.ScriptEngine.run(ScriptEngine.java:194)
	at com.kms.katalon.core.main.ScriptEngine.runScriptAsRawText(ScriptEngine.java:119)
	at com.kms.katalon.core.main.TestCaseExecutor.runScript(TestCaseExecutor.java:331)
	at com.kms.katalon.core.main.TestCaseExecutor.doExecute(TestCaseExecutor.java:322)
	at com.kms.katalon.core.main.TestCaseExecutor.processExecutionPhase(TestCaseExecutor.java:301)
	at com.kms.katalon.core.main.TestCaseExecutor.accessMainPhase(TestCaseExecutor.java:293)
	at com.kms.katalon.core.main.TestCaseExecutor.execute(TestCaseExecutor.java:227)
	at com.kms.katalon.core.main.TestSuiteExecutor.accessTestCaseMainPhase(TestSuiteExecutor.java:129)
	at com.kms.katalon.core.main.TestSuiteExecutor.accessTestSuiteMainPhase(TestSuiteExecutor.java:112)
	at com.kms.katalon.core.main.TestSuiteExecutor.execute(TestSuiteExecutor.java:81)
	at com.kms.katalon.core.main.TestCaseMain.startTestSuite(TestCaseMain.java:157)
	at com.kms.katalon.core.main.TestCaseMain$startTestSuite$0.call(Unknown Source)
	at TempTestSuite1558253547685.run(TempTestSuite1558253547685.groovy:35)
Caused by: java.lang.IllegalArgumentException: Not a file or directory: C:\Users\HP\git\PMO-Web-Application\Include\features\Governance-Module\Add-Project\037-Add-Project-Support.feature
	at cucumber.runtime.io.FileResourceIterator$FileIterator.<init>(FileResourceIterator.java:63)
	at cucumber.runtime.io.FileResourceIterator.<init>(FileResourceIterator.java:28)
	at cucumber.runtime.io.FileResourceIterator.createFileResourceIterator(FileResourceIterator.java:14)
	at cucumber.runtime.io.FileResourceIterable.iterator(FileResourceIterable.java:19)
	at cucumber.runtime.model.CucumberFeature.loadFromFeaturePath(CucumberFeature.java:111)
	at cucumber.runtime.model.CucumberFeature.load(CucumberFeature.java:48)
	at cucumber.runtime.model.CucumberFeature.load(CucumberFeature.java:30)
	at cucumber.runtime.RuntimeOptions.cucumberFeatures(RuntimeOptions.java:305)
	at cucumber.runtime.Runtime.run(Runtime.java:97)
	at cucumber.api.cli.Main.run(Main.java:35)
	at cucumber.api.cli.Main$run.call(Unknown Source)
	at com.kms.katalon.core.cucumber.keyword.CucumberBuiltinKeywords$_runFeatureFile_closure1.doCall(CucumberBuiltinKeywords.groovy:76)
	at com.kms.katalon.core.cucumber.keyword.CucumberBuiltinKeywords$_runFeatureFile_closure1.doCall(CucumberBuiltinKeywords.groovy)
	at com.kms.katalon.core.keyword.internal.KeywordMain.runKeyword(KeywordMain.groovy:66)
	... 19 more]]></system-err>
      </testcase>
      <testcase name="Test Cases/Add-Project-Test-Cases/038-Update-Project-Support" classname="Test Cases/Add-Project-Test-Cases/038-Update-Project-Support" status="FAILED">
         <failure type="FAILED" message="Test Cases/Add-Project-Test-Cases/038-Update-Project-Support FAILED.
Reason:
com.kms.katalon.core.exception.StepFailedException: Feature file 'Include/features/Governance-Module/Add-Project/038-Update-Project-Support.feature' was failed
	at com.kms.katalon.core.keyword.internal.KeywordMain.stepFailed(KeywordMain.groovy:48)
	at com.kms.katalon.core.keyword.internal.KeywordMain.stepFailed(KeywordMain.groovy)
	at com.kms.katalon.core.keyword.internal.KeywordMain.stepFailed(KeywordMain.groovy:21)
	at com.kms.katalon.core.keyword.internal.KeywordMain$stepFailed$0.call(Unknown Source)
	at com.kms.katalon.core.cucumber.keyword.CucumberBuiltinKeywords$_runFeatureFile_closure1.doCall(CucumberBuiltinKeywords.groovy:82)
	at com.kms.katalon.core.cucumber.keyword.CucumberBuiltinKeywords$_runFeatureFile_closure1.doCall(CucumberBuiltinKeywords.groovy)
	at com.kms.katalon.core.keyword.internal.KeywordMain.runKeyword(KeywordMain.groovy:66)
	at com.kms.katalon.core.keyword.internal.KeywordMain$runKeyword.call(Unknown Source)
	at com.kms.katalon.core.cucumber.keyword.CucumberBuiltinKeywords.runFeatureFile(CucumberBuiltinKeywords.groovy:46)
	at com.kms.katalon.core.cucumber.keyword.CucumberBuiltinKeywords$runFeatureFile$0.callStatic(Unknown Source)
	at com.kms.katalon.core.cucumber.keyword.CucumberBuiltinKeywords.runFeatureFile(CucumberBuiltinKeywords.groovy:101)
	at com.kms.katalon.core.cucumber.keyword.CucumberBuiltinKeywords$runFeatureFile.call(Unknown Source)
	at 038-Update-Project-Support.run(038-Update-Project-Support:16)
	at com.kms.katalon.core.main.ScriptEngine.run(ScriptEngine.java:194)
	at com.kms.katalon.core.main.ScriptEngine.runScriptAsRawText(ScriptEngine.java:119)
	at com.kms.katalon.core.main.TestCaseExecutor.runScript(TestCaseExecutor.java:331)
	at com.kms.katalon.core.main.TestCaseExecutor.doExecute(TestCaseExecutor.java:322)
	at com.kms.katalon.core.main.TestCaseExecutor.processExecutionPhase(TestCaseExecutor.java:301)
	at com.kms.katalon.core.main.TestCaseExecutor.accessMainPhase(TestCaseExecutor.java:293)
	at com.kms.katalon.core.main.TestCaseExecutor.execute(TestCaseExecutor.java:227)
	at com.kms.katalon.core.main.TestSuiteExecutor.accessTestCaseMainPhase(TestSuiteExecutor.java:129)
	at com.kms.katalon.core.main.TestSuiteExecutor.accessTestSuiteMainPhase(TestSuiteExecutor.java:112)
	at com.kms.katalon.core.main.TestSuiteExecutor.execute(TestSuiteExecutor.java:81)
	at com.kms.katalon.core.main.TestCaseMain.startTestSuite(TestCaseMain.java:157)
	at com.kms.katalon.core.main.TestCaseMain$startTestSuite$0.call(Unknown Source)
	at TempTestSuite1558253547685.run(TempTestSuite1558253547685.groovy:35)
"/>
         <system-out><![CDATA[2019-05-19 11:55:02 - [TEST_CASE][FAILED] - Test Cases/Add-Project-Test-Cases/038-Update-Project-Support: Test Cases/Add-Project-Test-Cases/038-Update-Project-Support FAILED.
Reason:
com.kms.katalon.core.exception.StepFailedException: Feature file 'Include/features/Governance-Module/Add-Project/038-Update-Project-Support.feature' was failed
	at com.kms.katalon.core.keyword.internal.KeywordMain.stepFailed(KeywordMain.groovy:48)
	at com.kms.katalon.core.keyword.internal.KeywordMain.stepFailed(KeywordMain.groovy)
	at com.kms.katalon.core.keyword.internal.KeywordMain.stepFailed(KeywordMain.groovy:21)
	at com.kms.katalon.core.keyword.internal.KeywordMain$stepFailed$0.call(Unknown Source)
	at com.kms.katalon.core.cucumber.keyword.CucumberBuiltinKeywords$_runFeatureFile_closure1.doCall(CucumberBuiltinKeywords.groovy:82)
	at com.kms.katalon.core.cucumber.keyword.CucumberBuiltinKeywords$_runFeatureFile_closure1.doCall(CucumberBuiltinKeywords.groovy)
	at com.kms.katalon.core.keyword.internal.KeywordMain.runKeyword(KeywordMain.groovy:66)
	at com.kms.katalon.core.keyword.internal.KeywordMain$runKeyword.call(Unknown Source)
	at com.kms.katalon.core.cucumber.keyword.CucumberBuiltinKeywords.runFeatureFile(CucumberBuiltinKeywords.groovy:46)
	at com.kms.katalon.core.cucumber.keyword.CucumberBuiltinKeywords$runFeatureFile$0.callStatic(Unknown Source)
	at com.kms.katalon.core.cucumber.keyword.CucumberBuiltinKeywords.runFeatureFile(CucumberBuiltinKeywords.groovy:101)
	at com.kms.katalon.core.cucumber.keyword.CucumberBuiltinKeywords$runFeatureFile.call(Unknown Source)
	at 038-Update-Project-Support.run(038-Update-Project-Support:16)
	at com.kms.katalon.core.main.ScriptEngine.run(ScriptEngine.java:194)
	at com.kms.katalon.core.main.ScriptEngine.runScriptAsRawText(ScriptEngine.java:119)
	at com.kms.katalon.core.main.TestCaseExecutor.runScript(TestCaseExecutor.java:331)
	at com.kms.katalon.core.main.TestCaseExecutor.doExecute(TestCaseExecutor.java:322)
	at com.kms.katalon.core.main.TestCaseExecutor.processExecutionPhase(TestCaseExecutor.java:301)
	at com.kms.katalon.core.main.TestCaseExecutor.accessMainPhase(TestCaseExecutor.java:293)
	at com.kms.katalon.core.main.TestCaseExecutor.execute(TestCaseExecutor.java:227)
	at com.kms.katalon.core.main.TestSuiteExecutor.accessTestCaseMainPhase(TestSuiteExecutor.java:129)
	at com.kms.katalon.core.main.TestSuiteExecutor.accessTestSuiteMainPhase(TestSuiteExecutor.java:112)
	at com.kms.katalon.core.main.TestSuiteExecutor.execute(TestSuiteExecutor.java:81)
	at com.kms.katalon.core.main.TestCaseMain.startTestSuite(TestCaseMain.java:157)
	at com.kms.katalon.core.main.TestCaseMain$startTestSuite$0.call(Unknown Source)
	at TempTestSuite1558253547685.run(TempTestSuite1558253547685.groovy:35)


2019-05-19 11:55:02 - [TEST_STEP][FAILED] - runFeatureFile("Include/features/Governance-Module/Add-Project/038-Update-Project-Support.feature"): runFeatureFile("Include/features/Governance-Module/Add-Project/038-Update-Project-Support.feature") FAILED.
Reason:
com.kms.katalon.core.exception.StepFailedException: Feature file 'Include/features/Governance-Module/Add-Project/038-Update-Project-Support.feature' was failed
	at com.kms.katalon.core.keyword.internal.KeywordMain.stepFailed(KeywordMain.groovy:48)
	at com.kms.katalon.core.keyword.internal.KeywordMain.stepFailed(KeywordMain.groovy)
	at com.kms.katalon.core.keyword.internal.KeywordMain.stepFailed(KeywordMain.groovy:21)
	at com.kms.katalon.core.keyword.internal.KeywordMain$stepFailed$0.call(Unknown Source)
	at com.kms.katalon.core.cucumber.keyword.CucumberBuiltinKeywords$_runFeatureFile_closure1.doCall(CucumberBuiltinKeywords.groovy:82)
	at com.kms.katalon.core.cucumber.keyword.CucumberBuiltinKeywords$_runFeatureFile_closure1.doCall(CucumberBuiltinKeywords.groovy)
	at com.kms.katalon.core.keyword.internal.KeywordMain.runKeyword(KeywordMain.groovy:66)
	at com.kms.katalon.core.keyword.internal.KeywordMain$runKeyword.call(Unknown Source)
	at com.kms.katalon.core.cucumber.keyword.CucumberBuiltinKeywords.runFeatureFile(CucumberBuiltinKeywords.groovy:46)
	at com.kms.katalon.core.cucumber.keyword.CucumberBuiltinKeywords$runFeatureFile$0.callStatic(Unknown Source)
	at com.kms.katalon.core.cucumber.keyword.CucumberBuiltinKeywords.runFeatureFile(CucumberBuiltinKeywords.groovy:101)
	at com.kms.katalon.core.cucumber.keyword.CucumberBuiltinKeywords$runFeatureFile.call(Unknown Source)
	at 038-Update-Project-Support.run(038-Update-Project-Support:16)
	at com.kms.katalon.core.main.ScriptEngine.run(ScriptEngine.java:194)
	at com.kms.katalon.core.main.ScriptEngine.runScriptAsRawText(ScriptEngine.java:119)
	at com.kms.katalon.core.main.TestCaseExecutor.runScript(TestCaseExecutor.java:331)
	at com.kms.katalon.core.main.TestCaseExecutor.doExecute(TestCaseExecutor.java:322)
	at com.kms.katalon.core.main.TestCaseExecutor.processExecutionPhase(TestCaseExecutor.java:301)
	at com.kms.katalon.core.main.TestCaseExecutor.accessMainPhase(TestCaseExecutor.java:293)
	at com.kms.katalon.core.main.TestCaseExecutor.execute(TestCaseExecutor.java:227)
	at com.kms.katalon.core.main.TestSuiteExecutor.accessTestCaseMainPhase(TestSuiteExecutor.java:129)
	at com.kms.katalon.core.main.TestSuiteExecutor.accessTestSuiteMainPhase(TestSuiteExecutor.java:112)
	at com.kms.katalon.core.main.TestSuiteExecutor.execute(TestSuiteExecutor.java:81)
	at com.kms.katalon.core.main.TestCaseMain.startTestSuite(TestCaseMain.java:157)
	at com.kms.katalon.core.main.TestCaseMain$startTestSuite$0.call(Unknown Source)
	at TempTestSuite1558253547685.run(TempTestSuite1558253547685.groovy:35)


2019-05-19 11:55:02 - [MESSAGE][INFO] - Starting run keyword runFeatureFile: 'Include/features/Governance-Module/Add-Project/038-Update-Project-Support.feature' and extract report to folder: 'C:\Users\HP\git\PMO-Web-Application\Reports\First-Test-Suite\20190519_111227/cucumber_report/1558256102567'...

2019-05-19 11:55:02 - [TEST_CASE][FAILED] - Start Test Case : SCENARIO Update project support: SCENARIO Update project support FAILED.
Reason:
com.kms.katalon.core.exception.StepFailedException: Unable to click on object 'Object Repository/OOBObjects/SupportPageObjects/EditSupportIcon'
	at com.kms.katalon.core.webui.keyword.internal.WebUIKeywordMain.stepFailed(WebUIKeywordMain.groovy:64)
	at com.kms.katalon.core.webui.keyword.internal.WebUIKeywordMain.runKeyword(WebUIKeywordMain.groovy:26)
	at com.kms.katalon.core.webui.keyword.builtin.ClickKeyword.click(ClickKeyword.groovy:86)
	at com.kms.katalon.core.webui.keyword.builtin.ClickKeyword.execute(ClickKeyword.groovy:67)
	at com.kms.katalon.core.keyword.internal.KeywordExecutor.executeKeywordForPlatform(KeywordExecutor.groovy:56)
	at com.kms.katalon.core.webui.keyword.WebUiBuiltInKeywords.click(WebUiBuiltInKeywords.groovy:616)
	at com.kms.katalon.core.webui.keyword.WebUiBuiltInKeywords$click$5.call(Unknown Source)
	at com.pmo.steps.AddProjectSteps.updateSupport(AddProjectSteps.groovy:573)
	at ✽.I want to update support(C:/Users/HP/git/PMO-Web-Application/Include/features/Governance-Module/Add-Project/038-Update-Project-Support.feature:37)
Caused by: com.kms.katalon.core.webui.exception.WebElementNotFoundException: Web element with id: 'Object Repository/OOBObjects/SupportPageObjects/EditSupportIcon' located by 'By.xpath: //table[@id='supportsTable']/tbody/tr/td[8]/a/i' not found
	at com.kms.katalon.core.webui.common.WebUiCommonHelper.findWebElement(WebUiCommonHelper.java:1053)
	at com.kms.katalon.core.webui.keyword.internal.WebUIAbstractKeyword.findWebElement(WebUIAbstractKeyword.groovy:27)
	at com.kms.katalon.core.webui.keyword.internal.WebUIAbstractKeyword.findWebElement(WebUIAbstractKeyword.groovy:26)
	at com.kms.katalon.core.webui.keyword.builtin.ClickKeyword$_click_closure1.doCall(ClickKeyword.groovy:77)
	at com.kms.katalon.core.webui.keyword.builtin.ClickKeyword$_click_closure1.call(ClickKeyword.groovy)
	at com.kms.katalon.core.webui.keyword.internal.WebUIKeywordMain.runKeyword(WebUIKeywordMain.groovy:20)
	at com.kms.katalon.core.webui.keyword.builtin.ClickKeyword.click(ClickKeyword.groovy:86)
	at com.kms.katalon.core.webui.keyword.builtin.ClickKeyword.execute(ClickKeyword.groovy:67)
	at com.kms.katalon.core.keyword.internal.KeywordExecutor.executeKeywordForPlatform(KeywordExecutor.groovy:56)
	at com.kms.katalon.core.webui.keyword.WebUiBuiltInKeywords.click(WebUiBuiltInKeywords.groovy:616)
	at com.kms.katalon.core.webui.keyword.WebUiBuiltInKeywords$click$5.call(Unknown Source)
	at com.pmo.steps.AddProjectSteps.updateSupport(AddProjectSteps.groovy:573)
	at cucumber.runtime.Utils$1.call(Utils.java:26)
	at cucumber.runtime.Timeout.timeout(Timeout.java:16)
	at cucumber.runtime.Utils.invoke(Utils.java:20)
	at cucumber.runtime.java.JavaStepDefinition.execute(JavaStepDefinition.java:48)
	at cucumber.runtime.PickleStepDefinitionMatch.runStep(PickleStepDefinitionMatch.java:50)
	at cucumber.runner.TestStep.executeStep(TestStep.java:55)
	at cucumber.runner.TestStep.run(TestStep.java:42)
	at cucumber.runner.PickleStepTestStep.run(PickleStepTestStep.java:53)
	at cucumber.runner.TestCase.run(TestCase.java:47)
	at cucumber.runner.Runner.runPickle(Runner.java:44)
	at cucumber.runtime.Runtime.runFeature(Runtime.java:120)
	at cucumber.runtime.Runtime.run(Runtime.java:106)
	at cucumber.api.cli.Main.run(Main.java:35)
	at cucumber.api.cli.Main$run.call(Unknown Source)
	at com.kms.katalon.core.cucumber.keyword.CucumberBuiltinKeywords$_runFeatureFile_closure1.doCall(CucumberBuiltinKeywords.groovy:76)
	at com.kms.katalon.core.cucumber.keyword.CucumberBuiltinKeywords$_runFeatureFile_closure1.doCall(CucumberBuiltinKeywords.groovy)
	at com.kms.katalon.core.keyword.internal.KeywordMain.runKeyword(KeywordMain.groovy:66)
	at com.kms.katalon.core.keyword.internal.KeywordMain$runKeyword.call(Unknown Source)
	at com.kms.katalon.core.cucumber.keyword.CucumberBuiltinKeywords.runFeatureFile(CucumberBuiltinKeywords.groovy:46)
	at com.kms.katalon.core.cucumber.keyword.CucumberBuiltinKeywords$runFeatureFile$0.callStatic(Unknown Source)
	at com.kms.katalon.core.cucumber.keyword.CucumberBuiltinKeywords.runFeatureFile(CucumberBuiltinKeywords.groovy:101)
	at com.kms.katalon.core.cucumber.keyword.CucumberBuiltinKeywords$runFeatureFile.call(Unknown Source)
	at Script1557915936038.run(Script1557915936038.groovy:16)
	at com.kms.katalon.core.main.ScriptEngine.run(ScriptEngine.java:194)
	at com.kms.katalon.core.main.ScriptEngine.runScriptAsRawText(ScriptEngine.java:119)
	at com.kms.katalon.core.main.TestCaseExecutor.runScript(TestCaseExecutor.java:331)
	at com.kms.katalon.core.main.TestCaseExecutor.doExecute(TestCaseExecutor.java:322)
	at com.kms.katalon.core.main.TestCaseExecutor.processExecutionPhase(TestCaseExecutor.java:301)
	at com.kms.katalon.core.main.TestCaseExecutor.accessMainPhase(TestCaseExecutor.java:293)
	at com.kms.katalon.core.main.TestCaseExecutor.execute(TestCaseExecutor.java:227)
	at com.kms.katalon.core.main.TestSuiteExecutor.accessTestCaseMainPhase(TestSuiteExecutor.java:129)
	at com.kms.katalon.core.main.TestSuiteExecutor.accessTestSuiteMainPhase(TestSuiteExecutor.java:112)
	at com.kms.katalon.core.main.TestSuiteExecutor.execute(TestSuiteExecutor.java:81)
	at com.kms.katalon.core.main.TestCaseMain.startTestSuite(TestCaseMain.java:157)
	at com.kms.katalon.core.main.TestCaseMain$startTestSuite$0.call(Unknown Source)
	at TempTestSuite1558253547685.run(TempTestSuite1558253547685.groovy:35)


2019-05-19 11:55:02 - [TEST_STEP][PASSED] - I want to open browser: I want to open browser

2019-05-19 11:55:02 - [MESSAGE][WARNING] - A browser is already opened. Closing browser and opening a new one

2019-05-19 11:55:03 - [MESSAGE][INFO] - Starting 'Chrome' driver

2019-05-19 11:55:05 - [MESSAGE][PASSED] - Browser is opened with url: ''

2019-05-19 11:55:05 - [MESSAGE][PASSED] - Delete all cookies successfully

2019-05-19 11:55:05 - [MESSAGE][PASSED] - I want to open browser

2019-05-19 11:55:05 - [TEST_STEP][PASSED] - I want to maximize window: I want to maximize window

2019-05-19 11:55:06 - [MESSAGE][PASSED] - Current window maximized

2019-05-19 11:55:06 - [MESSAGE][PASSED] - I want to maximize window

2019-05-19 11:55:06 - [TEST_STEP][PASSED] - I want to go to OOB: I want to go to OOB

2019-05-19 11:55:09 - [MESSAGE][PASSED] - Navigate to 'https://pmoadmin:P@ssw0rd@dev5.cloudapp.net/OOB2/' successfully

2019-05-19 11:55:09 - [MESSAGE][PASSED] - I want to go to OOB

2019-05-19 11:55:09 - [TEST_STEP][PASSED] - I want to verify I'm in OOB main page: I want to verify I'm in OOB main page

2019-05-19 11:55:09 - [MESSAGE][WARNING] - Timeout '0' is invalid. Using default page load timeout: '30'

2019-05-19 11:55:39 - [MESSAGE][PASSED] - Object 'Object Repository/OOBObjects/HomepageObjects/OOBSideBar' is present

2019-05-19 11:55:39 - [MESSAGE][PASSED] - I want to verify I'm in OOB main page

2019-05-19 11:55:39 - [TEST_STEP][PASSED] - I want to go to projects list: I want to go to projects list

2019-05-19 11:55:43 - [MESSAGE][PASSED] - Delayed 4 second(s)

2019-05-19 11:55:51 - [MESSAGE][PASSED] - Object: 'Object Repository/OOBObjects/HomepageObjects/ProjectsList' is clicked on

2019-05-19 11:55:51 - [MESSAGE][PASSED] - I want to go to projects list

2019-05-19 11:55:51 - [TEST_STEP][PASSED] - I want to verify project list page: I want to verify project list page

2019-05-19 11:55:51 - [MESSAGE][WARNING] - Timeout '0' is invalid. Using default page load timeout: '30'

2019-05-19 11:55:51 - [MESSAGE][PASSED] - Object 'Object Repository/OOBObjects/ProjectsListObjects/ProjectsListTitle' is present

2019-05-19 11:55:51 - [MESSAGE][WARNING] - Timeout '0' is invalid. Using default page load timeout: '30'

2019-05-19 11:55:51 - [MESSAGE][PASSED] - Object 'Object Repository/OOBObjects/ProjectsListObjects/ProjectCodeColumn' is present

2019-05-19 11:55:51 - [MESSAGE][WARNING] - Timeout '0' is invalid. Using default page load timeout: '30'

2019-05-19 11:55:51 - [MESSAGE][PASSED] - Object 'Object Repository/OOBObjects/ProjectsListObjects/ProjectNameColumn' is present

2019-05-19 11:55:51 - [MESSAGE][WARNING] - Timeout '0' is invalid. Using default page load timeout: '30'

2019-05-19 11:55:51 - [MESSAGE][PASSED] - Object 'Object Repository/OOBObjects/ProjectsListObjects/ProjectStatusColumn' is present

2019-05-19 11:55:51 - [MESSAGE][WARNING] - Timeout '0' is invalid. Using default page load timeout: '30'

2019-05-19 11:55:51 - [MESSAGE][PASSED] - Object 'Object Repository/OOBObjects/ProjectsListObjects/ProjectStageColumn' is present

2019-05-19 11:55:51 - [MESSAGE][WARNING] - Timeout '0' is invalid. Using default page load timeout: '30'

2019-05-19 11:55:51 - [MESSAGE][PASSED] - Object 'Object Repository/OOBObjects/ProjectsListObjects/ActionsColumn' is present

2019-05-19 11:55:51 - [MESSAGE][PASSED] - I want to verify project list page

2019-05-19 11:55:51 - [TEST_STEP][PASSED] - I want to click Add new project button: I want to click Add new project button

2019-05-19 11:55:54 - [MESSAGE][PASSED] - Object: 'Object Repository/OOBObjects/ProjectsListObjects/AddNewProject' is clicked on

2019-05-19 11:55:54 - [MESSAGE][PASSED] - I want to click Add new project button

2019-05-19 11:55:54 - [TEST_STEP][PASSED] - I want to fill project name: I want to fill project name

2019-05-19 11:55:54 - [MESSAGE][PASSED] - Text 'Automation Project9225' is set on object 'Object Repository/OOBObjects/ProjectsListObjects/ProjectNameField'

2019-05-19 11:55:54 - [MESSAGE][PASSED] - I want to fill project name

2019-05-19 11:55:54 - [TEST_STEP][PASSED] - I want to select project type: I want to select project type

2019-05-19 11:55:55 - [MESSAGE][PASSED] - All options with index in [1] are selected on object 'Object Repository/OOBObjects/ProjectsListObjects/ProjectTypeDropDwon'

2019-05-19 11:55:55 - [MESSAGE][PASSED] - I want to select project type

2019-05-19 11:55:55 - [TEST_STEP][PASSED] - I want to select project expected start date: I want to select project expected start date

2019-05-19 11:55:55 - [MESSAGE][PASSED] - Object: 'Object Repository/OOBObjects/ProjectsListObjects/GREGORIANStartDate' is clicked on

2019-05-19 11:55:55 - [MESSAGE][PASSED] - Object: 'Object Repository/OOBObjects/ProjectsListObjects/PlannedStartDate' is clicked on

2019-05-19 11:55:55 - [MESSAGE][PASSED] - Object: 'Object Repository/OOBObjects/ProjectsListObjects/DayThirtyStartDate' is hovered

2019-05-19 11:55:55 - [MESSAGE][PASSED] - Object: 'Object Repository/OOBObjects/ProjectsListObjects/DayThirtyStartDate' is clicked on

2019-05-19 11:55:55 - [MESSAGE][PASSED] - I want to select project expected start date

2019-05-19 11:55:55 - [TEST_STEP][PASSED] - I want to select project expected end date: I want to select project expected end date

2019-05-19 11:55:55 - [MESSAGE][PASSED] - Object 'Object Repository/OOBObjects/ProjectsListObjects/GREGORIANEndDate' is visible

2019-05-19 11:55:55 - [MESSAGE][PASSED] - Object: 'Object Repository/OOBObjects/ProjectsListObjects/GREGORIANEndDate' is clicked on

2019-05-19 11:55:57 - [MESSAGE][PASSED] - Delayed 2 second(s)

2019-05-19 11:55:57 - [MESSAGE][PASSED] - Object: 'Object Repository/OOBObjects/ProjectsListObjects/PlannedEndDate' is hovered

2019-05-19 11:55:57 - [MESSAGE][PASSED] - Object: 'Object Repository/OOBObjects/ProjectsListObjects/PlannedEndDate' is clicked on

2019-05-19 11:55:57 - [MESSAGE][PASSED] - All options with index in [6] are selected on object 'Object Repository/OOBObjects/ProjectsListObjects/ProjectEndDateMonthDropDown'

2019-05-19 11:55:57 - [MESSAGE][PASSED] - Object: 'Object Repository/OOBObjects/ProjectsListObjects/DayTwintyEndDate' is hovered

2019-05-19 11:55:57 - [MESSAGE][PASSED] - Object: 'Object Repository/OOBObjects/ProjectsListObjects/DayTwintyEndDate' is clicked on

2019-05-19 11:55:57 - [MESSAGE][PASSED] - I want to select project expected end date

2019-05-19 11:55:57 - [TEST_STEP][PASSED] - I want to fill project budget: I want to fill project budget

2019-05-19 11:55:57 - [MESSAGE][PASSED] - Text '10000' is set on object 'Object Repository/OOBObjects/ProjectsListObjects/ProjectExpectedBudget'

2019-05-19 11:55:57 - [MESSAGE][PASSED] - I want to fill project budget

2019-05-19 11:55:57 - [TEST_STEP][PASSED] - I want to select from owner deopdown list: I want to select from owner deopdown list

2019-05-19 11:55:58 - [MESSAGE][PASSED] - All options with index in [1] are selected on object 'Object Repository/OOBObjects/ProjectsListObjects/OwnerDropdown'

2019-05-19 11:55:58 - [MESSAGE][PASSED] - I want to select from owner deopdown list

2019-05-19 11:55:58 - [TEST_STEP][PASSED] - I want to fill project manager field: I want to fill project manager field

2019-05-19 11:55:58 - [MESSAGE][WARNING] - Timeout '0' is invalid. Using default page load timeout: '30'

2019-05-19 11:55:58 - [MESSAGE][PASSED] - Scroll to object 'Object Repository/OOBObjects/ProjectsListObjects/Duration' successfully

2019-05-19 11:55:58 - [MESSAGE][PASSED] - Text 'النظام' is set on object 'Object Repository/OOBObjects/ProjectsListObjects/ProjectMangerField'

2019-05-19 11:55:58 - [MESSAGE][PASSED] - I want to fill project manager field

2019-05-19 11:55:58 - [TEST_STEP][PASSED] - I want to tap enter key on manager field: I want to tap enter key on manager field

2019-05-19 11:55:58 - [MESSAGE][PASSED] - Keys 'ENTER + ' sent to object: 'Object Repository/OOBObjects/ProjectsListObjects/ProjectMangerField'

2019-05-19 11:55:58 - [MESSAGE][PASSED] - I want to tap enter key on manager field

2019-05-19 11:55:58 - [TEST_STEP][PASSED] - I want to fill project owner field: I want to fill project owner field

2019-05-19 11:55:58 - [MESSAGE][PASSED] - Text 'النظام' is set on object 'Object Repository/OOBObjects/ProjectsListObjects/ProjectOwnerField'

2019-05-19 11:55:58 - [MESSAGE][PASSED] - I want to fill project owner field

2019-05-19 11:55:58 - [TEST_STEP][PASSED] - I want to tap enter key on owner field: I want to tap enter key on owner field

2019-05-19 11:55:58 - [MESSAGE][PASSED] - Keys 'ENTER + ' sent to object: 'Object Repository/OOBObjects/ProjectsListObjects/ProjectOwnerField'

2019-05-19 11:55:58 - [MESSAGE][PASSED] - I want to tap enter key on owner field

2019-05-19 11:55:58 - [TEST_STEP][PASSED] - I want to fill project sponser field: I want to fill project sponser field

2019-05-19 11:55:58 - [MESSAGE][PASSED] - Text 'النظام' is set on object 'Object Repository/OOBObjects/ProjectsListObjects/ProjectSponsorField'

2019-05-19 11:55:58 - [MESSAGE][PASSED] - I want to fill project sponser field

2019-05-19 11:55:58 - [TEST_STEP][PASSED] - I want to tap enter key on sponser field: I want to tap enter key on sponser field

2019-05-19 11:55:58 - [MESSAGE][PASSED] - Keys 'ENTER + ' sent to object: 'Object Repository/OOBObjects/ProjectsListObjects/ProjectSponsorField'

2019-05-19 11:55:58 - [MESSAGE][PASSED] - I want to tap enter key on sponser field

2019-05-19 11:55:58 - [TEST_STEP][PASSED] - I want to fill project description field: I want to fill project description field

2019-05-19 11:55:58 - [MESSAGE][PASSED] - Text 'test description' is set on object 'Object Repository/OOBObjects/ProjectsListObjects/ProjectDescriptionField'

2019-05-19 11:55:58 - [MESSAGE][PASSED] - I want to fill project description field

2019-05-19 11:55:58 - [TEST_STEP][PASSED] - I want to fill project notes field: I want to fill project notes field

2019-05-19 11:55:58 - [MESSAGE][PASSED] - Text 'test notes' is set on object 'Object Repository/OOBObjects/ProjectsListObjects/ProjectNotesField'

2019-05-19 11:55:58 - [MESSAGE][PASSED] - I want to fill project notes field

2019-05-19 11:55:58 - [TEST_STEP][PASSED] - I want to add attachment for the project: I want to add attachment for the project

2019-05-19 11:55:58 - [MESSAGE][PASSED] - Object: 'Object Repository/OOBObjects/ProjectsListObjects/ProjectAddNewDocumentButton' is clicked on

2019-05-19 11:55:58 - [MESSAGE][WARNING] - Timeout '0' is invalid. Using default page load timeout: '30'

2019-05-19 11:55:58 - [MESSAGE][PASSED] - Scroll to object 'Object Repository/OOBObjects/ProjectsListObjects/ProjectAddNewDocumentButton' successfully

2019-05-19 11:55:58 - [MESSAGE][PASSED] - File 'C:\Users\HP\Desktop\download.png' sent to object: 'Object Repository/OOBObjects/ProjectsListObjects/ProjectUploadFile'

2019-05-19 11:55:58 - [MESSAGE][WARNING] - Timeout '0' is invalid. Using default page load timeout: '30'

2019-05-19 11:55:59 - [MESSAGE][PASSED] - Object 'Object Repository/OOBObjects/ProjectsListObjects/ProjectAttachedFile' is present

2019-05-19 11:55:59 - [MESSAGE][PASSED] - Object: 'Object Repository/OOBObjects/ProjectsListObjects/ProjectLoadButton' is clicked on

2019-05-19 11:55:59 - [MESSAGE][PASSED] - I want to add attachment for the project

2019-05-19 11:55:59 - [TEST_STEP][PASSED] - I want to wait: I want to wait

2019-05-19 11:56:02 - [MESSAGE][PASSED] - Delayed 3 second(s)

2019-05-19 11:56:02 - [MESSAGE][PASSED] - I want to wait

2019-05-19 11:56:02 - [TEST_STEP][PASSED] - I want to click on send project button: I want to click on send project button

2019-05-19 11:56:07 - [MESSAGE][PASSED] - Delayed 5 second(s)

2019-05-19 11:56:07 - [MESSAGE][PASSED] - Wait for page load successfully

2019-05-19 11:56:07 - [MESSAGE][PASSED] - Object: 'Object Repository/OOBObjects/ProjectsListObjects/SendProjectButton' is clicked on

2019-05-19 11:56:07 - [MESSAGE][PASSED] - I want to click on send project button

2019-05-19 11:56:07 - [TEST_STEP][PASSED] - I want to wait for page load: I want to wait for page load

2019-05-19 11:56:07 - [MESSAGE][PASSED] - Wait for page load successfully

2019-05-19 11:56:07 - [MESSAGE][PASSED] - I want to wait for page load

2019-05-19 11:56:07 - [TEST_STEP][PASSED] - I want to check im in projects list page: I want to check im in projects list page

2019-05-19 11:56:52 - [MESSAGE][PASSED] - Delayed 45 second(s)

2019-05-19 11:57:13 - [MESSAGE][INFO] - Unable to find the element located by 'By.xpath: (.//*[normalize-space(text()) and normalize-space(.)='المشاريع المتأخرة'])[1]/following::b[1]'. Please recheck the objects properties to make sure the desired element is located. 

2019-05-19 11:57:13 - [MESSAGE][WARNING] - Object 'Object Repository/OOBObjects/ProjectsListObjects/ProjectsListTitle' is not present after 20 second(s)

2019-05-19 11:57:13 - [MESSAGE][WARNING] - Timeout '0' is invalid. Using default page load timeout: '30'

2019-05-19 11:57:24 - [MESSAGE][PASSED] - Object 'Object Repository/OOBObjects/ProjectsListObjects/ProjectsListTitle' is present

2019-05-19 11:57:24 - [MESSAGE][PASSED] - I want to check im in projects list page

2019-05-19 11:57:24 - [TEST_STEP][PASSED] - I want to search for crated project by name: I want to search for crated project by name

2019-05-19 11:57:24 - [MESSAGE][PASSED] - Wait for page load successfully

2019-05-19 11:57:24 - [MESSAGE][PASSED] - Object: 'Object Repository/OOBObjects/ProjectsListObjects/ProjectSearchField' is hovered

2019-05-19 11:57:25 - [MESSAGE][PASSED] - Text 'Automation Project9225' is set on object 'Object Repository/OOBObjects/ProjectsListObjects/ProjectSearchField'

2019-05-19 11:57:27 - [MESSAGE][PASSED] - Actual text and expected text of test object 'Object Repository/OOBObjects/ProjectsListObjects/FirstProjectName' are matched.

2019-05-19 11:57:27 - [MESSAGE][PASSED] - I want to search for crated project by name

2019-05-19 11:57:27 - [TEST_STEP][PASSED] - I want to view project page: I want to view project page

2019-05-19 11:57:40 - [MESSAGE][PASSED] - Object: 'Object Repository/OOBObjects/ProjectsListObjects/ProjectNameLink' is clicked on

2019-05-19 11:57:40 - [MESSAGE][WARNING] - Timeout '0' is invalid. Using default page load timeout: '30'

2019-05-19 11:57:40 - [MESSAGE][PASSED] - Object 'Object Repository/OOBObjects/ProjectsListObjects/SupportFomMenue' is present

2019-05-19 11:57:40 - [MESSAGE][PASSED] - I want to view project page

2019-05-19 11:57:40 - [TEST_STEP][PASSED] - I want to go to project support page: I want to go to project support page

2019-05-19 11:57:40 - [MESSAGE][PASSED] - Object: 'Object Repository/OOBObjects/ProjectsListObjects/ProjectMenue' is clicked on

2019-05-19 11:57:47 - [MESSAGE][PASSED] - Object: 'Object Repository/OOBObjects/ProjectsListObjects/SupportFomMenue' is clicked on

2019-05-19 11:57:47 - [MESSAGE][PASSED] - I want to go to project support page

2019-05-19 11:57:47 - [TEST_STEP][PASSED] - I want to verify project support page: I want to verify project support page

2019-05-19 11:57:47 - [MESSAGE][WARNING] - Timeout '0' is invalid. Using default page load timeout: '30'

2019-05-19 11:57:47 - [MESSAGE][PASSED] - Object 'Object Repository/OOBObjects/SupportPageObjects/SupportPageTitel' is present

2019-05-19 11:57:47 - [MESSAGE][WARNING] - Timeout '0' is invalid. Using default page load timeout: '30'

2019-05-19 11:57:47 - [MESSAGE][PASSED] - Object 'Object Repository/OOBObjects/SupportPageObjects/SupportTable' is present

2019-05-19 11:57:47 - [MESSAGE][WARNING] - Timeout '0' is invalid. Using default page load timeout: '30'

2019-05-19 11:57:47 - [MESSAGE][PASSED] - Object 'Object Repository/OOBObjects/SupportPageObjects/Subject' is present

2019-05-19 11:57:47 - [MESSAGE][WARNING] - Timeout '0' is invalid. Using default page load timeout: '30'

2019-05-19 11:57:47 - [MESSAGE][PASSED] - Object 'Object Repository/OOBObjects/SupportPageObjects/SupportNote' is present

2019-05-19 11:57:47 - [MESSAGE][WARNING] - Timeout '0' is invalid. Using default page load timeout: '30'

2019-05-19 11:57:47 - [MESSAGE][PASSED] - Object 'Object Repository/OOBObjects/SupportPageObjects/Sender' is present

2019-05-19 11:57:47 - [MESSAGE][WARNING] - Timeout '0' is invalid. Using default page load timeout: '30'

2019-05-19 11:57:47 - [MESSAGE][PASSED] - Object 'Object Repository/OOBObjects/SupportPageObjects/CreatedDate' is present

2019-05-19 11:57:47 - [MESSAGE][WARNING] - Timeout '0' is invalid. Using default page load timeout: '30'

2019-05-19 11:57:47 - [MESSAGE][PASSED] - Object 'Object Repository/OOBObjects/SupportPageObjects/LastActionDate' is present

2019-05-19 11:57:47 - [MESSAGE][WARNING] - Timeout '0' is invalid. Using default page load timeout: '30'

2019-05-19 11:57:47 - [MESSAGE][PASSED] - Object 'Object Repository/OOBObjects/SupportPageObjects/Status' is present

2019-05-19 11:57:47 - [MESSAGE][WARNING] - Timeout '0' is invalid. Using default page load timeout: '30'

2019-05-19 11:57:47 - [MESSAGE][PASSED] - Object 'Object Repository/OOBObjects/SupportPageObjects/Actions' is present

2019-05-19 11:57:47 - [MESSAGE][PASSED] - I want to verify project support page

2019-05-19 11:57:47 - [TEST_STEP][PASSED] - I want to submit support: I want to submit support

2019-05-19 11:57:47 - [MESSAGE][PASSED] - Object: 'Object Repository/OOBObjects/SupportPageObjects/AddSupportButton' is clicked on

2019-05-19 11:57:47 - [MESSAGE][PASSED] - Text 'Automation support' is set on object 'Object Repository/OOBObjects/SupportPageObjects/SupportSubjectField'

2019-05-19 11:57:47 - [MESSAGE][PASSED] - Text 'Automation support note' is set on object 'Object Repository/OOBObjects/SupportPageObjects/SupportNotesField'

2019-05-19 11:57:47 - [MESSAGE][PASSED] - Object: 'Object Repository/OOBObjects/SupportPageObjects/SendButton' is clicked on

2019-05-19 11:57:47 - [MESSAGE][WARNING] - Timeout '0' is invalid. Using default page load timeout: '30'

2019-05-19 11:57:48 - [MESSAGE][PASSED] - Object 'Object Repository/OOBObjects/SupportPageObjects/PageOne' is present

2019-05-19 11:57:48 - [MESSAGE][PASSED] - I want to submit support

2019-05-19 11:57:48 - [TEST_STEP][FAILED] - I want to update support: I want to update support FAILED.
Reason:
com.kms.katalon.core.exception.StepFailedException: Unable to click on object 'Object Repository/OOBObjects/SupportPageObjects/EditSupportIcon'
	at com.kms.katalon.core.webui.keyword.internal.WebUIKeywordMain.stepFailed(WebUIKeywordMain.groovy:64)
	at com.kms.katalon.core.webui.keyword.internal.WebUIKeywordMain.runKeyword(WebUIKeywordMain.groovy:26)
	at com.kms.katalon.core.webui.keyword.builtin.ClickKeyword.click(ClickKeyword.groovy:86)
	at com.kms.katalon.core.webui.keyword.builtin.ClickKeyword.execute(ClickKeyword.groovy:67)
	at com.kms.katalon.core.keyword.internal.KeywordExecutor.executeKeywordForPlatform(KeywordExecutor.groovy:56)
	at com.kms.katalon.core.webui.keyword.WebUiBuiltInKeywords.click(WebUiBuiltInKeywords.groovy:616)
	at com.kms.katalon.core.webui.keyword.WebUiBuiltInKeywords$click$5.call(Unknown Source)
	at com.pmo.steps.AddProjectSteps.updateSupport(AddProjectSteps.groovy:573)
	at ✽.I want to update support(C:/Users/HP/git/PMO-Web-Application/Include/features/Governance-Module/Add-Project/038-Update-Project-Support.feature:37)
Caused by: com.kms.katalon.core.webui.exception.WebElementNotFoundException: Web element with id: 'Object Repository/OOBObjects/SupportPageObjects/EditSupportIcon' located by 'By.xpath: //table[@id='supportsTable']/tbody/tr/td[8]/a/i' not found
	at com.kms.katalon.core.webui.common.WebUiCommonHelper.findWebElement(WebUiCommonHelper.java:1053)
	at com.kms.katalon.core.webui.keyword.internal.WebUIAbstractKeyword.findWebElement(WebUIAbstractKeyword.groovy:27)
	at com.kms.katalon.core.webui.keyword.internal.WebUIAbstractKeyword.findWebElement(WebUIAbstractKeyword.groovy:26)
	at com.kms.katalon.core.webui.keyword.builtin.ClickKeyword$_click_closure1.doCall(ClickKeyword.groovy:77)
	at com.kms.katalon.core.webui.keyword.builtin.ClickKeyword$_click_closure1.call(ClickKeyword.groovy)
	at com.kms.katalon.core.webui.keyword.internal.WebUIKeywordMain.runKeyword(WebUIKeywordMain.groovy:20)
	at com.kms.katalon.core.webui.keyword.builtin.ClickKeyword.click(ClickKeyword.groovy:86)
	at com.kms.katalon.core.webui.keyword.builtin.ClickKeyword.execute(ClickKeyword.groovy:67)
	at com.kms.katalon.core.keyword.internal.KeywordExecutor.executeKeywordForPlatform(KeywordExecutor.groovy:56)
	at com.kms.katalon.core.webui.keyword.WebUiBuiltInKeywords.click(WebUiBuiltInKeywords.groovy:616)
	at com.kms.katalon.core.webui.keyword.WebUiBuiltInKeywords$click$5.call(Unknown Source)
	at com.pmo.steps.AddProjectSteps.updateSupport(AddProjectSteps.groovy:573)
	at cucumber.runtime.Utils$1.call(Utils.java:26)
	at cucumber.runtime.Timeout.timeout(Timeout.java:16)
	at cucumber.runtime.Utils.invoke(Utils.java:20)
	at cucumber.runtime.java.JavaStepDefinition.execute(JavaStepDefinition.java:48)
	at cucumber.runtime.PickleStepDefinitionMatch.runStep(PickleStepDefinitionMatch.java:50)
	at cucumber.runner.TestStep.executeStep(TestStep.java:55)
	at cucumber.runner.TestStep.run(TestStep.java:42)
	at cucumber.runner.PickleStepTestStep.run(PickleStepTestStep.java:53)
	at cucumber.runner.TestCase.run(TestCase.java:47)
	at cucumber.runner.Runner.runPickle(Runner.java:44)
	at cucumber.runtime.Runtime.runFeature(Runtime.java:120)
	at cucumber.runtime.Runtime.run(Runtime.java:106)
	at cucumber.api.cli.Main.run(Main.java:35)
	at cucumber.api.cli.Main$run.call(Unknown Source)
	at com.kms.katalon.core.cucumber.keyword.CucumberBuiltinKeywords$_runFeatureFile_closure1.doCall(CucumberBuiltinKeywords.groovy:76)
	at com.kms.katalon.core.cucumber.keyword.CucumberBuiltinKeywords$_runFeatureFile_closure1.doCall(CucumberBuiltinKeywords.groovy)
	at com.kms.katalon.core.keyword.internal.KeywordMain.runKeyword(KeywordMain.groovy:66)
	at com.kms.katalon.core.keyword.internal.KeywordMain$runKeyword.call(Unknown Source)
	at com.kms.katalon.core.cucumber.keyword.CucumberBuiltinKeywords.runFeatureFile(CucumberBuiltinKeywords.groovy:46)
	at com.kms.katalon.core.cucumber.keyword.CucumberBuiltinKeywords$runFeatureFile$0.callStatic(Unknown Source)
	at com.kms.katalon.core.cucumber.keyword.CucumberBuiltinKeywords.runFeatureFile(CucumberBuiltinKeywords.groovy:101)
	at com.kms.katalon.core.cucumber.keyword.CucumberBuiltinKeywords$runFeatureFile.call(Unknown Source)
	at Script1557915936038.run(Script1557915936038.groovy:16)
	at com.kms.katalon.core.main.ScriptEngine.run(ScriptEngine.java:194)
	at com.kms.katalon.core.main.ScriptEngine.runScriptAsRawText(ScriptEngine.java:119)
	at com.kms.katalon.core.main.TestCaseExecutor.runScript(TestCaseExecutor.java:331)
	at com.kms.katalon.core.main.TestCaseExecutor.doExecute(TestCaseExecutor.java:322)
	at com.kms.katalon.core.main.TestCaseExecutor.processExecutionPhase(TestCaseExecutor.java:301)
	at com.kms.katalon.core.main.TestCaseExecutor.accessMainPhase(TestCaseExecutor.java:293)
	at com.kms.katalon.core.main.TestCaseExecutor.execute(TestCaseExecutor.java:227)
	at com.kms.katalon.core.main.TestSuiteExecutor.accessTestCaseMainPhase(TestSuiteExecutor.java:129)
	at com.kms.katalon.core.main.TestSuiteExecutor.accessTestSuiteMainPhase(TestSuiteExecutor.java:112)
	at com.kms.katalon.core.main.TestSuiteExecutor.execute(TestSuiteExecutor.java:81)
	at com.kms.katalon.core.main.TestCaseMain.startTestSuite(TestCaseMain.java:157)
	at com.kms.katalon.core.main.TestCaseMain$startTestSuite$0.call(Unknown Source)
	at TempTestSuite1558253547685.run(TempTestSuite1558253547685.groovy:35)


2019-05-19 11:58:19 - [MESSAGE][INFO] - Unable to find the element located by 'By.xpath: //table[@id='supportsTable']/tbody/tr/td[8]/a/i'. Please recheck the objects properties to make sure the desired element is located. 

2019-05-19 11:58:19 - [MESSAGE][FAILED] - Unable to click on object 'Object Repository/OOBObjects/SupportPageObjects/EditSupportIcon' (Root cause: com.kms.katalon.core.exception.StepFailedException: Unable to click on object 'Object Repository/OOBObjects/SupportPageObjects/EditSupportIcon'
	at com.kms.katalon.core.webui.keyword.internal.WebUIKeywordMain.stepFailed(WebUIKeywordMain.groovy:64)
	at com.kms.katalon.core.webui.keyword.internal.WebUIKeywordMain.runKeyword(WebUIKeywordMain.groovy:26)
	at com.kms.katalon.core.webui.keyword.builtin.ClickKeyword.click(ClickKeyword.groovy:86)
	at com.kms.katalon.core.webui.keyword.builtin.ClickKeyword.execute(ClickKeyword.groovy:67)
	at com.kms.katalon.core.keyword.internal.KeywordExecutor.executeKeywordForPlatform(KeywordExecutor.groovy:56)
	at com.kms.katalon.core.webui.keyword.WebUiBuiltInKeywords.click(WebUiBuiltInKeywords.groovy:616)
	at com.kms.katalon.core.webui.keyword.WebUiBuiltInKeywords$click$5.call(Unknown Source)
	at com.pmo.steps.AddProjectSteps.updateSupport(AddProjectSteps.groovy:573)
	at cucumber.runtime.Utils$1.call(Utils.java:26)
	at cucumber.runtime.Timeout.timeout(Timeout.java:16)
	at cucumber.runtime.Utils.invoke(Utils.java:20)
	at cucumber.runtime.java.JavaStepDefinition.execute(JavaStepDefinition.java:48)
	at cucumber.runtime.PickleStepDefinitionMatch.runStep(PickleStepDefinitionMatch.java:50)
	at cucumber.runner.TestStep.executeStep(TestStep.java:55)
	at cucumber.runner.TestStep.run(TestStep.java:42)
	at cucumber.runner.PickleStepTestStep.run(PickleStepTestStep.java:53)
	at cucumber.runner.TestCase.run(TestCase.java:47)
	at cucumber.runner.Runner.runPickle(Runner.java:44)
	at cucumber.runtime.Runtime.runFeature(Runtime.java:120)
	at cucumber.runtime.Runtime.run(Runtime.java:106)
	at cucumber.api.cli.Main.run(Main.java:35)
	at cucumber.api.cli.Main$run.call(Unknown Source)
	at com.kms.katalon.core.cucumber.keyword.CucumberBuiltinKeywords$_runFeatureFile_closure1.doCall(CucumberBuiltinKeywords.groovy:76)
	at com.kms.katalon.core.cucumber.keyword.CucumberBuiltinKeywords$_runFeatureFile_closure1.doCall(CucumberBuiltinKeywords.groovy)
	at com.kms.katalon.core.keyword.internal.KeywordMain.runKeyword(KeywordMain.groovy:66)
	at com.kms.katalon.core.keyword.internal.KeywordMain$runKeyword.call(Unknown Source)
	at com.kms.katalon.core.cucumber.keyword.CucumberBuiltinKeywords.runFeatureFile(CucumberBuiltinKeywords.groovy:46)
	at com.kms.katalon.core.cucumber.keyword.CucumberBuiltinKeywords$runFeatureFile$0.callStatic(Unknown Source)
	at com.kms.katalon.core.cucumber.keyword.CucumberBuiltinKeywords.runFeatureFile(CucumberBuiltinKeywords.groovy:101)
	at com.kms.katalon.core.cucumber.keyword.CucumberBuiltinKeywords$runFeatureFile.call(Unknown Source)
	at 038-Update-Project-Support.run(038-Update-Project-Support:16)
	at com.kms.katalon.core.main.ScriptEngine.run(ScriptEngine.java:194)
	at com.kms.katalon.core.main.ScriptEngine.runScriptAsRawText(ScriptEngine.java:119)
	at com.kms.katalon.core.main.TestCaseExecutor.runScript(TestCaseExecutor.java:331)
	at com.kms.katalon.core.main.TestCaseExecutor.doExecute(TestCaseExecutor.java:322)
	at com.kms.katalon.core.main.TestCaseExecutor.processExecutionPhase(TestCaseExecutor.java:301)
	at com.kms.katalon.core.main.TestCaseExecutor.accessMainPhase(TestCaseExecutor.java:293)
	at com.kms.katalon.core.main.TestCaseExecutor.execute(TestCaseExecutor.java:227)
	at com.kms.katalon.core.main.TestSuiteExecutor.accessTestCaseMainPhase(TestSuiteExecutor.java:129)
	at com.kms.katalon.core.main.TestSuiteExecutor.accessTestSuiteMainPhase(TestSuiteExecutor.java:112)
	at com.kms.katalon.core.main.TestSuiteExecutor.execute(TestSuiteExecutor.java:81)
	at com.kms.katalon.core.main.TestCaseMain.startTestSuite(TestCaseMain.java:157)
	at com.kms.katalon.core.main.TestCaseMain$startTestSuite$0.call(Unknown Source)
	at TempTestSuite1558253547685.run(TempTestSuite1558253547685.groovy:35)
Caused by: com.kms.katalon.core.webui.exception.WebElementNotFoundException: Web element with id: 'Object Repository/OOBObjects/SupportPageObjects/EditSupportIcon' located by 'By.xpath: //table[@id='supportsTable']/tbody/tr/td[8]/a/i' not found
	at com.kms.katalon.core.webui.common.WebUiCommonHelper.findWebElement(WebUiCommonHelper.java:1053)
	at com.kms.katalon.core.webui.keyword.internal.WebUIAbstractKeyword.findWebElement(WebUIAbstractKeyword.groovy:27)
	at com.kms.katalon.core.webui.keyword.internal.WebUIAbstractKeyword.findWebElement(WebUIAbstractKeyword.groovy:26)
	at com.kms.katalon.core.webui.keyword.builtin.ClickKeyword$_click_closure1.doCall(ClickKeyword.groovy:77)
	at com.kms.katalon.core.webui.keyword.builtin.ClickKeyword$_click_closure1.call(ClickKeyword.groovy)
	at com.kms.katalon.core.webui.keyword.internal.WebUIKeywordMain.runKeyword(WebUIKeywordMain.groovy:20)
	at com.kms.katalon.core.webui.keyword.builtin.ClickKeyword.click(ClickKeyword.groovy:86)
	at com.kms.katalon.core.webui.keyword.builtin.ClickKeyword.execute(ClickKeyword.groovy:67)
	at com.kms.katalon.core.keyword.internal.KeywordExecutor.executeKeywordForPlatform(KeywordExecutor.groovy:56)
	at com.kms.katalon.core.webui.keyword.WebUiBuiltInKeywords.click(WebUiBuiltInKeywords.groovy:616)
	at com.kms.katalon.core.webui.keyword.WebUiBuiltInKeywords$click$5.call(Unknown Source)
	at com.pmo.steps.AddProjectSteps.updateSupport(AddProjectSteps.groovy:573)
	at cucumber.runtime.Utils$1.call(Utils.java:26)
	at cucumber.runtime.Timeout.timeout(Timeout.java:16)
	at cucumber.runtime.Utils.invoke(Utils.java:20)
	at cucumber.runtime.java.JavaStepDefinition.execute(JavaStepDefinition.java:48)
	at cucumber.runtime.PickleStepDefinitionMatch.runStep(PickleStepDefinitionMatch.java:50)
	at cucumber.runner.TestStep.executeStep(TestStep.java:55)
	at cucumber.runner.TestStep.run(TestStep.java:42)
	at cucumber.runner.PickleStepTestStep.run(PickleStepTestStep.java:53)
	at cucumber.runner.TestCase.run(TestCase.java:47)
	at cucumber.runner.Runner.runPickle(Runner.java:44)
	at cucumber.runtime.Runtime.runFeature(Runtime.java:120)
	at cucumber.runtime.Runtime.run(Runtime.java:106)
	at cucumber.api.cli.Main.run(Main.java:35)
	at cucumber.api.cli.Main$run.call(Unknown Source)
	at com.kms.katalon.core.cucumber.keyword.CucumberBuiltinKeywords$_runFeatureFile_closure1.doCall(CucumberBuiltinKeywords.groovy:76)
	at com.kms.katalon.core.cucumber.keyword.CucumberBuiltinKeywords$_runFeatureFile_closure1.doCall(CucumberBuiltinKeywords.groovy)
	at com.kms.katalon.core.keyword.internal.KeywordMain.runKeyword(KeywordMain.groovy:66)
	at com.kms.katalon.core.keyword.internal.KeywordMain$runKeyword.call(Unknown Source)
	at com.kms.katalon.core.cucumber.keyword.CucumberBuiltinKeywords.runFeatureFile(CucumberBuiltinKeywords.groovy:46)
	at com.kms.katalon.core.cucumber.keyword.CucumberBuiltinKeywords$runFeatureFile$0.callStatic(Unknown Source)
	at com.kms.katalon.core.cucumber.keyword.CucumberBuiltinKeywords.runFeatureFile(CucumberBuiltinKeywords.groovy:101)
	at com.kms.katalon.core.cucumber.keyword.CucumberBuiltinKeywords$runFeatureFile.call(Unknown Source)
	at Script1557915936038.run(Script1557915936038.groovy:16)
	... 13 more
)
[[ATTACHMENT|C:\\Users\\HP\\git\\PMO-Web-Application\\Reports\\First-Test-Suite\\20190519_111227\\1558256299601.png]]

2019-05-19 11:58:19 - [MESSAGE][FAILED] - I want to update support FAILED.
Reason:
com.kms.katalon.core.exception.StepFailedException: Unable to click on object 'Object Repository/OOBObjects/SupportPageObjects/EditSupportIcon'
	at com.kms.katalon.core.webui.keyword.internal.WebUIKeywordMain.stepFailed(WebUIKeywordMain.groovy:64)
	at com.kms.katalon.core.webui.keyword.internal.WebUIKeywordMain.runKeyword(WebUIKeywordMain.groovy:26)
	at com.kms.katalon.core.webui.keyword.builtin.ClickKeyword.click(ClickKeyword.groovy:86)
	at com.kms.katalon.core.webui.keyword.builtin.ClickKeyword.execute(ClickKeyword.groovy:67)
	at com.kms.katalon.core.keyword.internal.KeywordExecutor.executeKeywordForPlatform(KeywordExecutor.groovy:56)
	at com.kms.katalon.core.webui.keyword.WebUiBuiltInKeywords.click(WebUiBuiltInKeywords.groovy:616)
	at com.kms.katalon.core.webui.keyword.WebUiBuiltInKeywords$click$5.call(Unknown Source)
	at com.pmo.steps.AddProjectSteps.updateSupport(AddProjectSteps.groovy:573)
	at ✽.I want to update support(C:/Users/HP/git/PMO-Web-Application/Include/features/Governance-Module/Add-Project/038-Update-Project-Support.feature:37)
Caused by: com.kms.katalon.core.webui.exception.WebElementNotFoundException: Web element with id: 'Object Repository/OOBObjects/SupportPageObjects/EditSupportIcon' located by 'By.xpath: //table[@id='supportsTable']/tbody/tr/td[8]/a/i' not found
	at com.kms.katalon.core.webui.common.WebUiCommonHelper.findWebElement(WebUiCommonHelper.java:1053)
	at com.kms.katalon.core.webui.keyword.internal.WebUIAbstractKeyword.findWebElement(WebUIAbstractKeyword.groovy:27)
	at com.kms.katalon.core.webui.keyword.internal.WebUIAbstractKeyword.findWebElement(WebUIAbstractKeyword.groovy:26)
	at com.kms.katalon.core.webui.keyword.builtin.ClickKeyword$_click_closure1.doCall(ClickKeyword.groovy:77)
	at com.kms.katalon.core.webui.keyword.builtin.ClickKeyword$_click_closure1.call(ClickKeyword.groovy)
	at com.kms.katalon.core.webui.keyword.internal.WebUIKeywordMain.runKeyword(WebUIKeywordMain.groovy:20)
	at com.kms.katalon.core.webui.keyword.builtin.ClickKeyword.click(ClickKeyword.groovy:86)
	at com.kms.katalon.core.webui.keyword.builtin.ClickKeyword.execute(ClickKeyword.groovy:67)
	at com.kms.katalon.core.keyword.internal.KeywordExecutor.executeKeywordForPlatform(KeywordExecutor.groovy:56)
	at com.kms.katalon.core.webui.keyword.WebUiBuiltInKeywords.click(WebUiBuiltInKeywords.groovy:616)
	at com.kms.katalon.core.webui.keyword.WebUiBuiltInKeywords$click$5.call(Unknown Source)
	at com.pmo.steps.AddProjectSteps.updateSupport(AddProjectSteps.groovy:573)
	at cucumber.runtime.Utils$1.call(Utils.java:26)
	at cucumber.runtime.Timeout.timeout(Timeout.java:16)
	at cucumber.runtime.Utils.invoke(Utils.java:20)
	at cucumber.runtime.java.JavaStepDefinition.execute(JavaStepDefinition.java:48)
	at cucumber.runtime.PickleStepDefinitionMatch.runStep(PickleStepDefinitionMatch.java:50)
	at cucumber.runner.TestStep.executeStep(TestStep.java:55)
	at cucumber.runner.TestStep.run(TestStep.java:42)
	at cucumber.runner.PickleStepTestStep.run(PickleStepTestStep.java:53)
	at cucumber.runner.TestCase.run(TestCase.java:47)
	at cucumber.runner.Runner.runPickle(Runner.java:44)
	at cucumber.runtime.Runtime.runFeature(Runtime.java:120)
	at cucumber.runtime.Runtime.run(Runtime.java:106)
	at cucumber.api.cli.Main.run(Main.java:35)
	at cucumber.api.cli.Main$run.call(Unknown Source)
	at com.kms.katalon.core.cucumber.keyword.CucumberBuiltinKeywords$_runFeatureFile_closure1.doCall(CucumberBuiltinKeywords.groovy:76)
	at com.kms.katalon.core.cucumber.keyword.CucumberBuiltinKeywords$_runFeatureFile_closure1.doCall(CucumberBuiltinKeywords.groovy)
	at com.kms.katalon.core.keyword.internal.KeywordMain.runKeyword(KeywordMain.groovy:66)
	at com.kms.katalon.core.keyword.internal.KeywordMain$runKeyword.call(Unknown Source)
	at com.kms.katalon.core.cucumber.keyword.CucumberBuiltinKeywords.runFeatureFile(CucumberBuiltinKeywords.groovy:46)
	at com.kms.katalon.core.cucumber.keyword.CucumberBuiltinKeywords$runFeatureFile$0.callStatic(Unknown Source)
	at com.kms.katalon.core.cucumber.keyword.CucumberBuiltinKeywords.runFeatureFile(CucumberBuiltinKeywords.groovy:101)
	at com.kms.katalon.core.cucumber.keyword.CucumberBuiltinKeywords$runFeatureFile.call(Unknown Source)
	at Script1557915936038.run(Script1557915936038.groovy:16)
	at com.kms.katalon.core.main.ScriptEngine.run(ScriptEngine.java:194)
	at com.kms.katalon.core.main.ScriptEngine.runScriptAsRawText(ScriptEngine.java:119)
	at com.kms.katalon.core.main.TestCaseExecutor.runScript(TestCaseExecutor.java:331)
	at com.kms.katalon.core.main.TestCaseExecutor.doExecute(TestCaseExecutor.java:322)
	at com.kms.katalon.core.main.TestCaseExecutor.processExecutionPhase(TestCaseExecutor.java:301)
	at com.kms.katalon.core.main.TestCaseExecutor.accessMainPhase(TestCaseExecutor.java:293)
	at com.kms.katalon.core.main.TestCaseExecutor.execute(TestCaseExecutor.java:227)
	at com.kms.katalon.core.main.TestSuiteExecutor.accessTestCaseMainPhase(TestSuiteExecutor.java:129)
	at com.kms.katalon.core.main.TestSuiteExecutor.accessTestSuiteMainPhase(TestSuiteExecutor.java:112)
	at com.kms.katalon.core.main.TestSuiteExecutor.execute(TestSuiteExecutor.java:81)
	at com.kms.katalon.core.main.TestCaseMain.startTestSuite(TestCaseMain.java:157)
	at com.kms.katalon.core.main.TestCaseMain$startTestSuite$0.call(Unknown Source)
	at TempTestSuite1558253547685.run(TempTestSuite1558253547685.groovy:35)


2019-05-19 11:58:19 - [TEST_STEP][NOT_RUN] - I want to close browser: I want to close browser

2019-05-19 11:58:19 - [MESSAGE][NOT_RUN] - I want to close browser

2019-05-19 11:58:19 - [MESSAGE][FAILED] - Feature file 'Include/features/Governance-Module/Add-Project/038-Update-Project-Support.feature' was failed

2019-05-19 11:58:19 - [MESSAGE][FAILED] - Keyword runFeatureFile was failed (Root cause: com.kms.katalon.core.exception.StepFailedException: Feature file 'Include/features/Governance-Module/Add-Project/038-Update-Project-Support.feature' was failed
	at com.kms.katalon.core.keyword.internal.KeywordMain.stepFailed(KeywordMain.groovy:48)
	at com.kms.katalon.core.keyword.internal.KeywordMain.stepFailed(KeywordMain.groovy)
	at com.kms.katalon.core.keyword.internal.KeywordMain.stepFailed(KeywordMain.groovy:21)
	at com.kms.katalon.core.keyword.internal.KeywordMain$stepFailed$0.call(Unknown Source)
	at com.kms.katalon.core.cucumber.keyword.CucumberBuiltinKeywords$_runFeatureFile_closure1.doCall(CucumberBuiltinKeywords.groovy:82)
	at com.kms.katalon.core.cucumber.keyword.CucumberBuiltinKeywords$_runFeatureFile_closure1.doCall(CucumberBuiltinKeywords.groovy)
	at com.kms.katalon.core.keyword.internal.KeywordMain.runKeyword(KeywordMain.groovy:66)
	at com.kms.katalon.core.keyword.internal.KeywordMain$runKeyword.call(Unknown Source)
	at com.kms.katalon.core.cucumber.keyword.CucumberBuiltinKeywords.runFeatureFile(CucumberBuiltinKeywords.groovy:46)
	at com.kms.katalon.core.cucumber.keyword.CucumberBuiltinKeywords$runFeatureFile$0.callStatic(Unknown Source)
	at com.kms.katalon.core.cucumber.keyword.CucumberBuiltinKeywords.runFeatureFile(CucumberBuiltinKeywords.groovy:101)
	at com.kms.katalon.core.cucumber.keyword.CucumberBuiltinKeywords$runFeatureFile.call(Unknown Source)
	at 038-Update-Project-Support.run(038-Update-Project-Support:16)
	at com.kms.katalon.core.main.ScriptEngine.run(ScriptEngine.java:194)
	at com.kms.katalon.core.main.ScriptEngine.runScriptAsRawText(ScriptEngine.java:119)
	at com.kms.katalon.core.main.TestCaseExecutor.runScript(TestCaseExecutor.java:331)
	at com.kms.katalon.core.main.TestCaseExecutor.doExecute(TestCaseExecutor.java:322)
	at com.kms.katalon.core.main.TestCaseExecutor.processExecutionPhase(TestCaseExecutor.java:301)
	at com.kms.katalon.core.main.TestCaseExecutor.accessMainPhase(TestCaseExecutor.java:293)
	at com.kms.katalon.core.main.TestCaseExecutor.execute(TestCaseExecutor.java:227)
	at com.kms.katalon.core.main.TestSuiteExecutor.accessTestCaseMainPhase(TestSuiteExecutor.java:129)
	at com.kms.katalon.core.main.TestSuiteExecutor.accessTestSuiteMainPhase(TestSuiteExecutor.java:112)
	at com.kms.katalon.core.main.TestSuiteExecutor.execute(TestSuiteExecutor.java:81)
	at com.kms.katalon.core.main.TestCaseMain.startTestSuite(TestCaseMain.java:157)
	at com.kms.katalon.core.main.TestCaseMain$startTestSuite$0.call(Unknown Source)
	at TempTestSuite1558253547685.run(TempTestSuite1558253547685.groovy:35)
)

2019-05-19 11:58:19 - [MESSAGE][FAILED] - runFeatureFile("Include/features/Governance-Module/Add-Project/038-Update-Project-Support.feature") FAILED.
Reason:
com.kms.katalon.core.exception.StepFailedException: Feature file 'Include/features/Governance-Module/Add-Project/038-Update-Project-Support.feature' was failed
	at com.kms.katalon.core.keyword.internal.KeywordMain.stepFailed(KeywordMain.groovy:48)
	at com.kms.katalon.core.keyword.internal.KeywordMain.stepFailed(KeywordMain.groovy)
	at com.kms.katalon.core.keyword.internal.KeywordMain.stepFailed(KeywordMain.groovy:21)
	at com.kms.katalon.core.keyword.internal.KeywordMain$stepFailed$0.call(Unknown Source)
	at com.kms.katalon.core.cucumber.keyword.CucumberBuiltinKeywords$_runFeatureFile_closure1.doCall(CucumberBuiltinKeywords.groovy:82)
	at com.kms.katalon.core.cucumber.keyword.CucumberBuiltinKeywords$_runFeatureFile_closure1.doCall(CucumberBuiltinKeywords.groovy)
	at com.kms.katalon.core.keyword.internal.KeywordMain.runKeyword(KeywordMain.groovy:66)
	at com.kms.katalon.core.keyword.internal.KeywordMain$runKeyword.call(Unknown Source)
	at com.kms.katalon.core.cucumber.keyword.CucumberBuiltinKeywords.runFeatureFile(CucumberBuiltinKeywords.groovy:46)
	at com.kms.katalon.core.cucumber.keyword.CucumberBuiltinKeywords$runFeatureFile$0.callStatic(Unknown Source)
	at com.kms.katalon.core.cucumber.keyword.CucumberBuiltinKeywords.runFeatureFile(CucumberBuiltinKeywords.groovy:101)
	at com.kms.katalon.core.cucumber.keyword.CucumberBuiltinKeywords$runFeatureFile.call(Unknown Source)
	at 038-Update-Project-Support.run(038-Update-Project-Support:16)
	at com.kms.katalon.core.main.ScriptEngine.run(ScriptEngine.java:194)
	at com.kms.katalon.core.main.ScriptEngine.runScriptAsRawText(ScriptEngine.java:119)
	at com.kms.katalon.core.main.TestCaseExecutor.runScript(TestCaseExecutor.java:331)
	at com.kms.katalon.core.main.TestCaseExecutor.doExecute(TestCaseExecutor.java:322)
	at com.kms.katalon.core.main.TestCaseExecutor.processExecutionPhase(TestCaseExecutor.java:301)
	at com.kms.katalon.core.main.TestCaseExecutor.accessMainPhase(TestCaseExecutor.java:293)
	at com.kms.katalon.core.main.TestCaseExecutor.execute(TestCaseExecutor.java:227)
	at com.kms.katalon.core.main.TestSuiteExecutor.accessTestCaseMainPhase(TestSuiteExecutor.java:129)
	at com.kms.katalon.core.main.TestSuiteExecutor.accessTestSuiteMainPhase(TestSuiteExecutor.java:112)
	at com.kms.katalon.core.main.TestSuiteExecutor.execute(TestSuiteExecutor.java:81)
	at com.kms.katalon.core.main.TestCaseMain.startTestSuite(TestCaseMain.java:157)
	at com.kms.katalon.core.main.TestCaseMain$startTestSuite$0.call(Unknown Source)
	at TempTestSuite1558253547685.run(TempTestSuite1558253547685.groovy:35)]]></system-out>
         <system-err><![CDATA[2019-05-19 11:55:02 - [TEST_CASE][FAILED] - Test Cases/Add-Project-Test-Cases/038-Update-Project-Support: Test Cases/Add-Project-Test-Cases/038-Update-Project-Support FAILED.
Reason:
com.kms.katalon.core.exception.StepFailedException: Feature file 'Include/features/Governance-Module/Add-Project/038-Update-Project-Support.feature' was failed
	at com.kms.katalon.core.keyword.internal.KeywordMain.stepFailed(KeywordMain.groovy:48)
	at com.kms.katalon.core.keyword.internal.KeywordMain.stepFailed(KeywordMain.groovy)
	at com.kms.katalon.core.keyword.internal.KeywordMain.stepFailed(KeywordMain.groovy:21)
	at com.kms.katalon.core.keyword.internal.KeywordMain$stepFailed$0.call(Unknown Source)
	at com.kms.katalon.core.cucumber.keyword.CucumberBuiltinKeywords$_runFeatureFile_closure1.doCall(CucumberBuiltinKeywords.groovy:82)
	at com.kms.katalon.core.cucumber.keyword.CucumberBuiltinKeywords$_runFeatureFile_closure1.doCall(CucumberBuiltinKeywords.groovy)
	at com.kms.katalon.core.keyword.internal.KeywordMain.runKeyword(KeywordMain.groovy:66)
	at com.kms.katalon.core.keyword.internal.KeywordMain$runKeyword.call(Unknown Source)
	at com.kms.katalon.core.cucumber.keyword.CucumberBuiltinKeywords.runFeatureFile(CucumberBuiltinKeywords.groovy:46)
	at com.kms.katalon.core.cucumber.keyword.CucumberBuiltinKeywords$runFeatureFile$0.callStatic(Unknown Source)
	at com.kms.katalon.core.cucumber.keyword.CucumberBuiltinKeywords.runFeatureFile(CucumberBuiltinKeywords.groovy:101)
	at com.kms.katalon.core.cucumber.keyword.CucumberBuiltinKeywords$runFeatureFile.call(Unknown Source)
	at 038-Update-Project-Support.run(038-Update-Project-Support:16)
	at com.kms.katalon.core.main.ScriptEngine.run(ScriptEngine.java:194)
	at com.kms.katalon.core.main.ScriptEngine.runScriptAsRawText(ScriptEngine.java:119)
	at com.kms.katalon.core.main.TestCaseExecutor.runScript(TestCaseExecutor.java:331)
	at com.kms.katalon.core.main.TestCaseExecutor.doExecute(TestCaseExecutor.java:322)
	at com.kms.katalon.core.main.TestCaseExecutor.processExecutionPhase(TestCaseExecutor.java:301)
	at com.kms.katalon.core.main.TestCaseExecutor.accessMainPhase(TestCaseExecutor.java:293)
	at com.kms.katalon.core.main.TestCaseExecutor.execute(TestCaseExecutor.java:227)
	at com.kms.katalon.core.main.TestSuiteExecutor.accessTestCaseMainPhase(TestSuiteExecutor.java:129)
	at com.kms.katalon.core.main.TestSuiteExecutor.accessTestSuiteMainPhase(TestSuiteExecutor.java:112)
	at com.kms.katalon.core.main.TestSuiteExecutor.execute(TestSuiteExecutor.java:81)
	at com.kms.katalon.core.main.TestCaseMain.startTestSuite(TestCaseMain.java:157)
	at com.kms.katalon.core.main.TestCaseMain$startTestSuite$0.call(Unknown Source)
	at TempTestSuite1558253547685.run(TempTestSuite1558253547685.groovy:35)]]></system-err>
      </testcase>
      <testcase name="Test Cases/Add-Project-Test-Cases/039-DeleteProject-Support" classname="Test Cases/Add-Project-Test-Cases/039-DeleteProject-Support" status="FAILED">
         <failure type="FAILED" message="Test Cases/Add-Project-Test-Cases/039-DeleteProject-Support FAILED.
Reason:
com.kms.katalon.core.exception.StepFailedException: Feature file 'Include/features/Governance-Module/Add-Project/039-DeleteProject-Support.feature' was failed
	at com.kms.katalon.core.keyword.internal.KeywordMain.stepFailed(KeywordMain.groovy:48)
	at com.kms.katalon.core.keyword.internal.KeywordMain.stepFailed(KeywordMain.groovy)
	at com.kms.katalon.core.keyword.internal.KeywordMain.stepFailed(KeywordMain.groovy:21)
	at com.kms.katalon.core.keyword.internal.KeywordMain$stepFailed$0.call(Unknown Source)
	at com.kms.katalon.core.cucumber.keyword.CucumberBuiltinKeywords$_runFeatureFile_closure1.doCall(CucumberBuiltinKeywords.groovy:82)
	at com.kms.katalon.core.cucumber.keyword.CucumberBuiltinKeywords$_runFeatureFile_closure1.doCall(CucumberBuiltinKeywords.groovy)
	at com.kms.katalon.core.keyword.internal.KeywordMain.runKeyword(KeywordMain.groovy:66)
	at com.kms.katalon.core.keyword.internal.KeywordMain$runKeyword.call(Unknown Source)
	at com.kms.katalon.core.cucumber.keyword.CucumberBuiltinKeywords.runFeatureFile(CucumberBuiltinKeywords.groovy:46)
	at com.kms.katalon.core.cucumber.keyword.CucumberBuiltinKeywords$runFeatureFile$0.callStatic(Unknown Source)
	at com.kms.katalon.core.cucumber.keyword.CucumberBuiltinKeywords.runFeatureFile(CucumberBuiltinKeywords.groovy:101)
	at com.kms.katalon.core.cucumber.keyword.CucumberBuiltinKeywords$runFeatureFile.call(Unknown Source)
	at 039-DeleteProject-Support.run(039-DeleteProject-Support:16)
	at com.kms.katalon.core.main.ScriptEngine.run(ScriptEngine.java:194)
	at com.kms.katalon.core.main.ScriptEngine.runScriptAsRawText(ScriptEngine.java:119)
	at com.kms.katalon.core.main.TestCaseExecutor.runScript(TestCaseExecutor.java:331)
	at com.kms.katalon.core.main.TestCaseExecutor.doExecute(TestCaseExecutor.java:322)
	at com.kms.katalon.core.main.TestCaseExecutor.processExecutionPhase(TestCaseExecutor.java:301)
	at com.kms.katalon.core.main.TestCaseExecutor.accessMainPhase(TestCaseExecutor.java:293)
	at com.kms.katalon.core.main.TestCaseExecutor.execute(TestCaseExecutor.java:227)
	at com.kms.katalon.core.main.TestSuiteExecutor.accessTestCaseMainPhase(TestSuiteExecutor.java:129)
	at com.kms.katalon.core.main.TestSuiteExecutor.accessTestSuiteMainPhase(TestSuiteExecutor.java:112)
	at com.kms.katalon.core.main.TestSuiteExecutor.execute(TestSuiteExecutor.java:81)
	at com.kms.katalon.core.main.TestCaseMain.startTestSuite(TestCaseMain.java:157)
	at com.kms.katalon.core.main.TestCaseMain$startTestSuite$0.call(Unknown Source)
	at TempTestSuite1558253547685.run(TempTestSuite1558253547685.groovy:35)
"/>
         <system-out><![CDATA[2019-05-19 11:58:19 - [TEST_CASE][FAILED] - Test Cases/Add-Project-Test-Cases/039-DeleteProject-Support: Test Cases/Add-Project-Test-Cases/039-DeleteProject-Support FAILED.
Reason:
com.kms.katalon.core.exception.StepFailedException: Feature file 'Include/features/Governance-Module/Add-Project/039-DeleteProject-Support.feature' was failed
	at com.kms.katalon.core.keyword.internal.KeywordMain.stepFailed(KeywordMain.groovy:48)
	at com.kms.katalon.core.keyword.internal.KeywordMain.stepFailed(KeywordMain.groovy)
	at com.kms.katalon.core.keyword.internal.KeywordMain.stepFailed(KeywordMain.groovy:21)
	at com.kms.katalon.core.keyword.internal.KeywordMain$stepFailed$0.call(Unknown Source)
	at com.kms.katalon.core.cucumber.keyword.CucumberBuiltinKeywords$_runFeatureFile_closure1.doCall(CucumberBuiltinKeywords.groovy:82)
	at com.kms.katalon.core.cucumber.keyword.CucumberBuiltinKeywords$_runFeatureFile_closure1.doCall(CucumberBuiltinKeywords.groovy)
	at com.kms.katalon.core.keyword.internal.KeywordMain.runKeyword(KeywordMain.groovy:66)
	at com.kms.katalon.core.keyword.internal.KeywordMain$runKeyword.call(Unknown Source)
	at com.kms.katalon.core.cucumber.keyword.CucumberBuiltinKeywords.runFeatureFile(CucumberBuiltinKeywords.groovy:46)
	at com.kms.katalon.core.cucumber.keyword.CucumberBuiltinKeywords$runFeatureFile$0.callStatic(Unknown Source)
	at com.kms.katalon.core.cucumber.keyword.CucumberBuiltinKeywords.runFeatureFile(CucumberBuiltinKeywords.groovy:101)
	at com.kms.katalon.core.cucumber.keyword.CucumberBuiltinKeywords$runFeatureFile.call(Unknown Source)
	at 039-DeleteProject-Support.run(039-DeleteProject-Support:16)
	at com.kms.katalon.core.main.ScriptEngine.run(ScriptEngine.java:194)
	at com.kms.katalon.core.main.ScriptEngine.runScriptAsRawText(ScriptEngine.java:119)
	at com.kms.katalon.core.main.TestCaseExecutor.runScript(TestCaseExecutor.java:331)
	at com.kms.katalon.core.main.TestCaseExecutor.doExecute(TestCaseExecutor.java:322)
	at com.kms.katalon.core.main.TestCaseExecutor.processExecutionPhase(TestCaseExecutor.java:301)
	at com.kms.katalon.core.main.TestCaseExecutor.accessMainPhase(TestCaseExecutor.java:293)
	at com.kms.katalon.core.main.TestCaseExecutor.execute(TestCaseExecutor.java:227)
	at com.kms.katalon.core.main.TestSuiteExecutor.accessTestCaseMainPhase(TestSuiteExecutor.java:129)
	at com.kms.katalon.core.main.TestSuiteExecutor.accessTestSuiteMainPhase(TestSuiteExecutor.java:112)
	at com.kms.katalon.core.main.TestSuiteExecutor.execute(TestSuiteExecutor.java:81)
	at com.kms.katalon.core.main.TestCaseMain.startTestSuite(TestCaseMain.java:157)
	at com.kms.katalon.core.main.TestCaseMain$startTestSuite$0.call(Unknown Source)
	at TempTestSuite1558253547685.run(TempTestSuite1558253547685.groovy:35)


2019-05-19 11:58:19 - [TEST_STEP][FAILED] - runFeatureFile("Include/features/Governance-Module/Add-Project/039-DeleteProject-Support.feature"): runFeatureFile("Include/features/Governance-Module/Add-Project/039-DeleteProject-Support.feature") FAILED.
Reason:
com.kms.katalon.core.exception.StepFailedException: Feature file 'Include/features/Governance-Module/Add-Project/039-DeleteProject-Support.feature' was failed
	at com.kms.katalon.core.keyword.internal.KeywordMain.stepFailed(KeywordMain.groovy:48)
	at com.kms.katalon.core.keyword.internal.KeywordMain.stepFailed(KeywordMain.groovy)
	at com.kms.katalon.core.keyword.internal.KeywordMain.stepFailed(KeywordMain.groovy:21)
	at com.kms.katalon.core.keyword.internal.KeywordMain$stepFailed$0.call(Unknown Source)
	at com.kms.katalon.core.cucumber.keyword.CucumberBuiltinKeywords$_runFeatureFile_closure1.doCall(CucumberBuiltinKeywords.groovy:82)
	at com.kms.katalon.core.cucumber.keyword.CucumberBuiltinKeywords$_runFeatureFile_closure1.doCall(CucumberBuiltinKeywords.groovy)
	at com.kms.katalon.core.keyword.internal.KeywordMain.runKeyword(KeywordMain.groovy:66)
	at com.kms.katalon.core.keyword.internal.KeywordMain$runKeyword.call(Unknown Source)
	at com.kms.katalon.core.cucumber.keyword.CucumberBuiltinKeywords.runFeatureFile(CucumberBuiltinKeywords.groovy:46)
	at com.kms.katalon.core.cucumber.keyword.CucumberBuiltinKeywords$runFeatureFile$0.callStatic(Unknown Source)
	at com.kms.katalon.core.cucumber.keyword.CucumberBuiltinKeywords.runFeatureFile(CucumberBuiltinKeywords.groovy:101)
	at com.kms.katalon.core.cucumber.keyword.CucumberBuiltinKeywords$runFeatureFile.call(Unknown Source)
	at 039-DeleteProject-Support.run(039-DeleteProject-Support:16)
	at com.kms.katalon.core.main.ScriptEngine.run(ScriptEngine.java:194)
	at com.kms.katalon.core.main.ScriptEngine.runScriptAsRawText(ScriptEngine.java:119)
	at com.kms.katalon.core.main.TestCaseExecutor.runScript(TestCaseExecutor.java:331)
	at com.kms.katalon.core.main.TestCaseExecutor.doExecute(TestCaseExecutor.java:322)
	at com.kms.katalon.core.main.TestCaseExecutor.processExecutionPhase(TestCaseExecutor.java:301)
	at com.kms.katalon.core.main.TestCaseExecutor.accessMainPhase(TestCaseExecutor.java:293)
	at com.kms.katalon.core.main.TestCaseExecutor.execute(TestCaseExecutor.java:227)
	at com.kms.katalon.core.main.TestSuiteExecutor.accessTestCaseMainPhase(TestSuiteExecutor.java:129)
	at com.kms.katalon.core.main.TestSuiteExecutor.accessTestSuiteMainPhase(TestSuiteExecutor.java:112)
	at com.kms.katalon.core.main.TestSuiteExecutor.execute(TestSuiteExecutor.java:81)
	at com.kms.katalon.core.main.TestCaseMain.startTestSuite(TestCaseMain.java:157)
	at com.kms.katalon.core.main.TestCaseMain$startTestSuite$0.call(Unknown Source)
	at TempTestSuite1558253547685.run(TempTestSuite1558253547685.groovy:35)


2019-05-19 11:58:19 - [MESSAGE][INFO] - Starting run keyword runFeatureFile: 'Include/features/Governance-Module/Add-Project/039-DeleteProject-Support.feature' and extract report to folder: 'C:\Users\HP\git\PMO-Web-Application\Reports\First-Test-Suite\20190519_111227/cucumber_report/1558256299969'...

2019-05-19 11:58:20 - [TEST_CASE][PASSED] - Start Test Case : SCENARIO Delete project support: SCENARIO Delete project support

2019-05-19 11:58:20 - [TEST_STEP][PASSED] - I want to open browser: I want to open browser

2019-05-19 11:58:20 - [MESSAGE][WARNING] - A browser is already opened. Closing browser and opening a new one

2019-05-19 11:58:20 - [MESSAGE][INFO] - Starting 'Chrome' driver

2019-05-19 11:58:22 - [MESSAGE][PASSED] - Browser is opened with url: ''

2019-05-19 11:58:22 - [MESSAGE][PASSED] - Delete all cookies successfully

2019-05-19 11:58:22 - [MESSAGE][PASSED] - I want to open browser

2019-05-19 11:58:22 - [TEST_STEP][PASSED] - I want to maximize window: I want to maximize window

2019-05-19 11:58:23 - [MESSAGE][PASSED] - Current window maximized

2019-05-19 11:58:23 - [MESSAGE][PASSED] - I want to maximize window

2019-05-19 11:58:23 - [TEST_STEP][PASSED] - I want to go to OOB: I want to go to OOB

2019-05-19 11:58:25 - [MESSAGE][PASSED] - Navigate to 'https://pmoadmin:P@ssw0rd@dev5.cloudapp.net/OOB2/' successfully

2019-05-19 11:58:25 - [MESSAGE][PASSED] - I want to go to OOB

2019-05-19 11:58:25 - [TEST_STEP][PASSED] - I want to verify I'm in OOB main page: I want to verify I'm in OOB main page

2019-05-19 11:58:25 - [MESSAGE][WARNING] - Timeout '0' is invalid. Using default page load timeout: '30'

2019-05-19 11:58:40 - [MESSAGE][PASSED] - Object 'Object Repository/OOBObjects/HomepageObjects/OOBSideBar' is present

2019-05-19 11:58:40 - [MESSAGE][PASSED] - I want to verify I'm in OOB main page

2019-05-19 11:58:40 - [TEST_STEP][PASSED] - I want to go to projects list: I want to go to projects list

2019-05-19 11:58:44 - [MESSAGE][PASSED] - Delayed 4 second(s)

2019-05-19 11:58:49 - [MESSAGE][PASSED] - Object: 'Object Repository/OOBObjects/HomepageObjects/ProjectsList' is clicked on

2019-05-19 11:58:49 - [MESSAGE][PASSED] - I want to go to projects list

2019-05-19 11:58:49 - [TEST_STEP][PASSED] - I want to verify project list page: I want to verify project list page

2019-05-19 11:58:49 - [MESSAGE][WARNING] - Timeout '0' is invalid. Using default page load timeout: '30'

2019-05-19 11:58:49 - [MESSAGE][PASSED] - Object 'Object Repository/OOBObjects/ProjectsListObjects/ProjectsListTitle' is present

2019-05-19 11:58:49 - [MESSAGE][WARNING] - Timeout '0' is invalid. Using default page load timeout: '30'

2019-05-19 11:58:49 - [MESSAGE][PASSED] - Object 'Object Repository/OOBObjects/ProjectsListObjects/ProjectCodeColumn' is present

2019-05-19 11:58:49 - [MESSAGE][WARNING] - Timeout '0' is invalid. Using default page load timeout: '30'

2019-05-19 11:58:49 - [MESSAGE][PASSED] - Object 'Object Repository/OOBObjects/ProjectsListObjects/ProjectNameColumn' is present

2019-05-19 11:58:49 - [MESSAGE][WARNING] - Timeout '0' is invalid. Using default page load timeout: '30'

2019-05-19 11:58:49 - [MESSAGE][PASSED] - Object 'Object Repository/OOBObjects/ProjectsListObjects/ProjectStatusColumn' is present

2019-05-19 11:58:49 - [MESSAGE][WARNING] - Timeout '0' is invalid. Using default page load timeout: '30'

2019-05-19 11:58:49 - [MESSAGE][PASSED] - Object 'Object Repository/OOBObjects/ProjectsListObjects/ProjectStageColumn' is present

2019-05-19 11:58:49 - [MESSAGE][WARNING] - Timeout '0' is invalid. Using default page load timeout: '30'

2019-05-19 11:58:49 - [MESSAGE][PASSED] - Object 'Object Repository/OOBObjects/ProjectsListObjects/ActionsColumn' is present

2019-05-19 11:58:49 - [MESSAGE][PASSED] - I want to verify project list page

2019-05-19 11:58:49 - [TEST_STEP][PASSED] - I want to click Add new project button: I want to click Add new project button

2019-05-19 11:58:52 - [MESSAGE][PASSED] - Object: 'Object Repository/OOBObjects/ProjectsListObjects/AddNewProject' is clicked on

2019-05-19 11:58:52 - [MESSAGE][PASSED] - I want to click Add new project button

2019-05-19 11:58:52 - [TEST_STEP][PASSED] - I want to fill project name: I want to fill project name

2019-05-19 11:58:52 - [MESSAGE][PASSED] - Text 'Automation Project6551' is set on object 'Object Repository/OOBObjects/ProjectsListObjects/ProjectNameField'

2019-05-19 11:58:52 - [MESSAGE][PASSED] - I want to fill project name

2019-05-19 11:58:52 - [TEST_STEP][PASSED] - I want to select project type: I want to select project type

2019-05-19 11:58:53 - [MESSAGE][PASSED] - All options with index in [1] are selected on object 'Object Repository/OOBObjects/ProjectsListObjects/ProjectTypeDropDwon'

2019-05-19 11:58:53 - [MESSAGE][PASSED] - I want to select project type

2019-05-19 11:58:53 - [TEST_STEP][PASSED] - I want to select project expected start date: I want to select project expected start date

2019-05-19 11:58:53 - [MESSAGE][PASSED] - Object: 'Object Repository/OOBObjects/ProjectsListObjects/GREGORIANStartDate' is clicked on

2019-05-19 11:58:53 - [MESSAGE][PASSED] - Object: 'Object Repository/OOBObjects/ProjectsListObjects/PlannedStartDate' is clicked on

2019-05-19 11:58:53 - [MESSAGE][PASSED] - Object: 'Object Repository/OOBObjects/ProjectsListObjects/DayThirtyStartDate' is hovered

2019-05-19 11:58:53 - [MESSAGE][PASSED] - Object: 'Object Repository/OOBObjects/ProjectsListObjects/DayThirtyStartDate' is clicked on

2019-05-19 11:58:53 - [MESSAGE][PASSED] - I want to select project expected start date

2019-05-19 11:58:53 - [TEST_STEP][PASSED] - I want to select project expected end date: I want to select project expected end date

2019-05-19 11:58:53 - [MESSAGE][PASSED] - Object 'Object Repository/OOBObjects/ProjectsListObjects/GREGORIANEndDate' is visible

2019-05-19 11:58:53 - [MESSAGE][PASSED] - Object: 'Object Repository/OOBObjects/ProjectsListObjects/GREGORIANEndDate' is clicked on

2019-05-19 11:58:55 - [MESSAGE][PASSED] - Delayed 2 second(s)

2019-05-19 11:58:55 - [MESSAGE][PASSED] - Object: 'Object Repository/OOBObjects/ProjectsListObjects/PlannedEndDate' is hovered

2019-05-19 11:58:55 - [MESSAGE][PASSED] - Object: 'Object Repository/OOBObjects/ProjectsListObjects/PlannedEndDate' is clicked on

2019-05-19 11:58:55 - [MESSAGE][PASSED] - All options with index in [6] are selected on object 'Object Repository/OOBObjects/ProjectsListObjects/ProjectEndDateMonthDropDown'

2019-05-19 11:58:55 - [MESSAGE][PASSED] - Object: 'Object Repository/OOBObjects/ProjectsListObjects/DayTwintyEndDate' is hovered

2019-05-19 11:58:55 - [MESSAGE][PASSED] - Object: 'Object Repository/OOBObjects/ProjectsListObjects/DayTwintyEndDate' is clicked on

2019-05-19 11:58:55 - [MESSAGE][PASSED] - I want to select project expected end date

2019-05-19 11:58:55 - [TEST_STEP][PASSED] - I want to fill project budget: I want to fill project budget

2019-05-19 11:58:55 - [MESSAGE][PASSED] - Text '10000' is set on object 'Object Repository/OOBObjects/ProjectsListObjects/ProjectExpectedBudget'

2019-05-19 11:58:55 - [MESSAGE][PASSED] - I want to fill project budget

2019-05-19 11:58:55 - [TEST_STEP][PASSED] - I want to select from owner deopdown list: I want to select from owner deopdown list

2019-05-19 11:58:56 - [MESSAGE][PASSED] - All options with index in [1] are selected on object 'Object Repository/OOBObjects/ProjectsListObjects/OwnerDropdown'

2019-05-19 11:58:56 - [MESSAGE][PASSED] - I want to select from owner deopdown list

2019-05-19 11:58:56 - [TEST_STEP][PASSED] - I want to fill project manager field: I want to fill project manager field

2019-05-19 11:58:56 - [MESSAGE][WARNING] - Timeout '0' is invalid. Using default page load timeout: '30'

2019-05-19 11:58:56 - [MESSAGE][PASSED] - Scroll to object 'Object Repository/OOBObjects/ProjectsListObjects/Duration' successfully

2019-05-19 11:58:56 - [MESSAGE][PASSED] - Text 'النظام' is set on object 'Object Repository/OOBObjects/ProjectsListObjects/ProjectMangerField'

2019-05-19 11:58:56 - [MESSAGE][PASSED] - I want to fill project manager field

2019-05-19 11:58:56 - [TEST_STEP][PASSED] - I want to tap enter key on manager field: I want to tap enter key on manager field

2019-05-19 11:58:56 - [MESSAGE][PASSED] - Keys 'ENTER + ' sent to object: 'Object Repository/OOBObjects/ProjectsListObjects/ProjectMangerField'

2019-05-19 11:58:56 - [MESSAGE][PASSED] - I want to tap enter key on manager field

2019-05-19 11:58:56 - [TEST_STEP][PASSED] - I want to fill project owner field: I want to fill project owner field

2019-05-19 11:58:56 - [MESSAGE][PASSED] - Text 'النظام' is set on object 'Object Repository/OOBObjects/ProjectsListObjects/ProjectOwnerField'

2019-05-19 11:58:56 - [MESSAGE][PASSED] - I want to fill project owner field

2019-05-19 11:58:56 - [TEST_STEP][PASSED] - I want to tap enter key on owner field: I want to tap enter key on owner field

2019-05-19 11:58:56 - [MESSAGE][PASSED] - Keys 'ENTER + ' sent to object: 'Object Repository/OOBObjects/ProjectsListObjects/ProjectOwnerField'

2019-05-19 11:58:56 - [MESSAGE][PASSED] - I want to tap enter key on owner field

2019-05-19 11:58:56 - [TEST_STEP][PASSED] - I want to fill project sponser field: I want to fill project sponser field

2019-05-19 11:58:56 - [MESSAGE][PASSED] - Text 'النظام' is set on object 'Object Repository/OOBObjects/ProjectsListObjects/ProjectSponsorField'

2019-05-19 11:58:56 - [MESSAGE][PASSED] - I want to fill project sponser field

2019-05-19 11:58:56 - [TEST_STEP][PASSED] - I want to tap enter key on sponser field: I want to tap enter key on sponser field

2019-05-19 11:58:56 - [MESSAGE][PASSED] - Keys 'ENTER + ' sent to object: 'Object Repository/OOBObjects/ProjectsListObjects/ProjectSponsorField'

2019-05-19 11:58:56 - [MESSAGE][PASSED] - I want to tap enter key on sponser field

2019-05-19 11:58:56 - [TEST_STEP][PASSED] - I want to fill project description field: I want to fill project description field

2019-05-19 11:58:56 - [MESSAGE][PASSED] - Text 'test description' is set on object 'Object Repository/OOBObjects/ProjectsListObjects/ProjectDescriptionField'

2019-05-19 11:58:56 - [MESSAGE][PASSED] - I want to fill project description field

2019-05-19 11:58:56 - [TEST_STEP][PASSED] - I want to fill project notes field: I want to fill project notes field

2019-05-19 11:58:56 - [MESSAGE][PASSED] - Text 'test notes' is set on object 'Object Repository/OOBObjects/ProjectsListObjects/ProjectNotesField'

2019-05-19 11:58:56 - [MESSAGE][PASSED] - I want to fill project notes field

2019-05-19 11:58:56 - [TEST_STEP][PASSED] - I want to add attachment for the project: I want to add attachment for the project

2019-05-19 11:58:56 - [MESSAGE][PASSED] - Object: 'Object Repository/OOBObjects/ProjectsListObjects/ProjectAddNewDocumentButton' is clicked on

2019-05-19 11:58:56 - [MESSAGE][WARNING] - Timeout '0' is invalid. Using default page load timeout: '30'

2019-05-19 11:58:56 - [MESSAGE][PASSED] - Scroll to object 'Object Repository/OOBObjects/ProjectsListObjects/ProjectAddNewDocumentButton' successfully

2019-05-19 11:58:56 - [MESSAGE][PASSED] - File 'C:\Users\HP\Desktop\download.png' sent to object: 'Object Repository/OOBObjects/ProjectsListObjects/ProjectUploadFile'

2019-05-19 11:58:57 - [MESSAGE][WARNING] - Timeout '0' is invalid. Using default page load timeout: '30'

2019-05-19 11:58:58 - [MESSAGE][PASSED] - Object 'Object Repository/OOBObjects/ProjectsListObjects/ProjectAttachedFile' is present

2019-05-19 11:58:58 - [MESSAGE][PASSED] - Object: 'Object Repository/OOBObjects/ProjectsListObjects/ProjectLoadButton' is clicked on

2019-05-19 11:58:58 - [MESSAGE][PASSED] - I want to add attachment for the project

2019-05-19 11:58:58 - [TEST_STEP][PASSED] - I want to wait: I want to wait

2019-05-19 11:59:01 - [MESSAGE][PASSED] - Delayed 3 second(s)

2019-05-19 11:59:01 - [MESSAGE][PASSED] - I want to wait

2019-05-19 11:59:01 - [TEST_STEP][PASSED] - I want to click on send project button: I want to click on send project button

2019-05-19 11:59:06 - [MESSAGE][PASSED] - Delayed 5 second(s)

2019-05-19 11:59:06 - [MESSAGE][PASSED] - Wait for page load successfully

2019-05-19 11:59:06 - [MESSAGE][PASSED] - Object: 'Object Repository/OOBObjects/ProjectsListObjects/SendProjectButton' is clicked on

2019-05-19 11:59:06 - [MESSAGE][PASSED] - I want to click on send project button

2019-05-19 11:59:06 - [TEST_STEP][PASSED] - I want to wait for page load: I want to wait for page load

2019-05-19 11:59:06 - [MESSAGE][PASSED] - Wait for page load successfully

2019-05-19 11:59:06 - [MESSAGE][PASSED] - I want to wait for page load

2019-05-19 11:59:06 - [TEST_STEP][PASSED] - I want to check im in projects list page: I want to check im in projects list page

2019-05-19 11:59:51 - [MESSAGE][PASSED] - Delayed 45 second(s)

2019-05-19 12:00:12 - [MESSAGE][INFO] - Unable to find the element located by 'By.xpath: (.//*[normalize-space(text()) and normalize-space(.)='المشاريع المتأخرة'])[1]/following::b[1]'. Please recheck the objects properties to make sure the desired element is located. 

2019-05-19 12:00:12 - [MESSAGE][WARNING] - Object 'Object Repository/OOBObjects/ProjectsListObjects/ProjectsListTitle' is not present after 20 second(s)

2019-05-19 12:00:12 - [MESSAGE][WARNING] - Timeout '0' is invalid. Using default page load timeout: '30'

2019-05-19 12:00:29 - [MESSAGE][PASSED] - Object 'Object Repository/OOBObjects/ProjectsListObjects/ProjectsListTitle' is present

2019-05-19 12:00:29 - [MESSAGE][PASSED] - I want to check im in projects list page

2019-05-19 12:00:29 - [TEST_STEP][PASSED] - I want to search for crated project by name: I want to search for crated project by name

2019-05-19 12:00:29 - [MESSAGE][PASSED] - Wait for page load successfully

2019-05-19 12:00:29 - [MESSAGE][PASSED] - Object: 'Object Repository/OOBObjects/ProjectsListObjects/ProjectSearchField' is hovered

2019-05-19 12:00:30 - [MESSAGE][PASSED] - Text 'Automation Project6551' is set on object 'Object Repository/OOBObjects/ProjectsListObjects/ProjectSearchField'

2019-05-19 12:00:34 - [MESSAGE][PASSED] - Actual text and expected text of test object 'Object Repository/OOBObjects/ProjectsListObjects/FirstProjectName' are matched.

2019-05-19 12:00:34 - [MESSAGE][PASSED] - I want to search for crated project by name

2019-05-19 12:00:34 - [TEST_STEP][PASSED] - I want to view project page: I want to view project page

2019-05-19 12:00:43 - [MESSAGE][PASSED] - Object: 'Object Repository/OOBObjects/ProjectsListObjects/ProjectNameLink' is clicked on

2019-05-19 12:00:43 - [MESSAGE][WARNING] - Timeout '0' is invalid. Using default page load timeout: '30'

2019-05-19 12:00:43 - [MESSAGE][PASSED] - Object 'Object Repository/OOBObjects/ProjectsListObjects/SupportFomMenue' is present

2019-05-19 12:00:43 - [MESSAGE][PASSED] - I want to view project page

2019-05-19 12:00:43 - [TEST_STEP][PASSED] - I want to go to project support page: I want to go to project support page

2019-05-19 12:00:43 - [MESSAGE][PASSED] - Object: 'Object Repository/OOBObjects/ProjectsListObjects/ProjectMenue' is clicked on

2019-05-19 12:00:51 - [MESSAGE][PASSED] - Object: 'Object Repository/OOBObjects/ProjectsListObjects/SupportFomMenue' is clicked on

2019-05-19 12:00:51 - [MESSAGE][PASSED] - I want to go to project support page

2019-05-19 12:00:51 - [TEST_STEP][PASSED] - I want to verify project support page: I want to verify project support page

2019-05-19 12:00:51 - [MESSAGE][WARNING] - Timeout '0' is invalid. Using default page load timeout: '30'

2019-05-19 12:00:51 - [MESSAGE][PASSED] - Object 'Object Repository/OOBObjects/SupportPageObjects/SupportPageTitel' is present

2019-05-19 12:00:51 - [MESSAGE][WARNING] - Timeout '0' is invalid. Using default page load timeout: '30'

2019-05-19 12:00:51 - [MESSAGE][PASSED] - Object 'Object Repository/OOBObjects/SupportPageObjects/SupportTable' is present

2019-05-19 12:00:51 - [MESSAGE][WARNING] - Timeout '0' is invalid. Using default page load timeout: '30'

2019-05-19 12:00:51 - [MESSAGE][PASSED] - Object 'Object Repository/OOBObjects/SupportPageObjects/Subject' is present

2019-05-19 12:00:51 - [MESSAGE][WARNING] - Timeout '0' is invalid. Using default page load timeout: '30'

2019-05-19 12:00:51 - [MESSAGE][PASSED] - Object 'Object Repository/OOBObjects/SupportPageObjects/SupportNote' is present

2019-05-19 12:00:51 - [MESSAGE][WARNING] - Timeout '0' is invalid. Using default page load timeout: '30'

2019-05-19 12:00:51 - [MESSAGE][PASSED] - Object 'Object Repository/OOBObjects/SupportPageObjects/Sender' is present

2019-05-19 12:00:51 - [MESSAGE][WARNING] - Timeout '0' is invalid. Using default page load timeout: '30'

2019-05-19 12:00:51 - [MESSAGE][PASSED] - Object 'Object Repository/OOBObjects/SupportPageObjects/CreatedDate' is present

2019-05-19 12:00:51 - [MESSAGE][WARNING] - Timeout '0' is invalid. Using default page load timeout: '30'

2019-05-19 12:00:51 - [MESSAGE][PASSED] - Object 'Object Repository/OOBObjects/SupportPageObjects/LastActionDate' is present

2019-05-19 12:00:51 - [MESSAGE][WARNING] - Timeout '0' is invalid. Using default page load timeout: '30'

2019-05-19 12:00:51 - [MESSAGE][PASSED] - Object 'Object Repository/OOBObjects/SupportPageObjects/Status' is present

2019-05-19 12:00:51 - [MESSAGE][WARNING] - Timeout '0' is invalid. Using default page load timeout: '30'

2019-05-19 12:00:51 - [MESSAGE][PASSED] - Object 'Object Repository/OOBObjects/SupportPageObjects/Actions' is present

2019-05-19 12:00:51 - [MESSAGE][PASSED] - I want to verify project support page

2019-05-19 12:00:51 - [TEST_STEP][NOT_RUN] - I want to add support: I want to add support

2019-05-19 12:00:51 - [MESSAGE][NOT_RUN] - I want to add support

2019-05-19 12:00:51 - [TEST_STEP][NOT_RUN] - I want to delete support: I want to delete support

2019-05-19 12:00:51 - [MESSAGE][NOT_RUN] - I want to delete support

2019-05-19 12:00:51 - [TEST_STEP][NOT_RUN] - I want to close browser: I want to close browser

2019-05-19 12:00:51 - [MESSAGE][NOT_RUN] - I want to close browser

2019-05-19 12:00:51 - [MESSAGE][FAILED] - Feature file 'Include/features/Governance-Module/Add-Project/039-DeleteProject-Support.feature' was failed

2019-05-19 12:00:51 - [MESSAGE][FAILED] - Keyword runFeatureFile was failed (Root cause: com.kms.katalon.core.exception.StepFailedException: Feature file 'Include/features/Governance-Module/Add-Project/039-DeleteProject-Support.feature' was failed
	at com.kms.katalon.core.keyword.internal.KeywordMain.stepFailed(KeywordMain.groovy:48)
	at com.kms.katalon.core.keyword.internal.KeywordMain.stepFailed(KeywordMain.groovy)
	at com.kms.katalon.core.keyword.internal.KeywordMain.stepFailed(KeywordMain.groovy:21)
	at com.kms.katalon.core.keyword.internal.KeywordMain$stepFailed$0.call(Unknown Source)
	at com.kms.katalon.core.cucumber.keyword.CucumberBuiltinKeywords$_runFeatureFile_closure1.doCall(CucumberBuiltinKeywords.groovy:82)
	at com.kms.katalon.core.cucumber.keyword.CucumberBuiltinKeywords$_runFeatureFile_closure1.doCall(CucumberBuiltinKeywords.groovy)
	at com.kms.katalon.core.keyword.internal.KeywordMain.runKeyword(KeywordMain.groovy:66)
	at com.kms.katalon.core.keyword.internal.KeywordMain$runKeyword.call(Unknown Source)
	at com.kms.katalon.core.cucumber.keyword.CucumberBuiltinKeywords.runFeatureFile(CucumberBuiltinKeywords.groovy:46)
	at com.kms.katalon.core.cucumber.keyword.CucumberBuiltinKeywords$runFeatureFile$0.callStatic(Unknown Source)
	at com.kms.katalon.core.cucumber.keyword.CucumberBuiltinKeywords.runFeatureFile(CucumberBuiltinKeywords.groovy:101)
	at com.kms.katalon.core.cucumber.keyword.CucumberBuiltinKeywords$runFeatureFile.call(Unknown Source)
	at 039-DeleteProject-Support.run(039-DeleteProject-Support:16)
	at com.kms.katalon.core.main.ScriptEngine.run(ScriptEngine.java:194)
	at com.kms.katalon.core.main.ScriptEngine.runScriptAsRawText(ScriptEngine.java:119)
	at com.kms.katalon.core.main.TestCaseExecutor.runScript(TestCaseExecutor.java:331)
	at com.kms.katalon.core.main.TestCaseExecutor.doExecute(TestCaseExecutor.java:322)
	at com.kms.katalon.core.main.TestCaseExecutor.processExecutionPhase(TestCaseExecutor.java:301)
	at com.kms.katalon.core.main.TestCaseExecutor.accessMainPhase(TestCaseExecutor.java:293)
	at com.kms.katalon.core.main.TestCaseExecutor.execute(TestCaseExecutor.java:227)
	at com.kms.katalon.core.main.TestSuiteExecutor.accessTestCaseMainPhase(TestSuiteExecutor.java:129)
	at com.kms.katalon.core.main.TestSuiteExecutor.accessTestSuiteMainPhase(TestSuiteExecutor.java:112)
	at com.kms.katalon.core.main.TestSuiteExecutor.execute(TestSuiteExecutor.java:81)
	at com.kms.katalon.core.main.TestCaseMain.startTestSuite(TestCaseMain.java:157)
	at com.kms.katalon.core.main.TestCaseMain$startTestSuite$0.call(Unknown Source)
	at TempTestSuite1558253547685.run(TempTestSuite1558253547685.groovy:35)
)

2019-05-19 12:00:51 - [MESSAGE][FAILED] - runFeatureFile("Include/features/Governance-Module/Add-Project/039-DeleteProject-Support.feature") FAILED.
Reason:
com.kms.katalon.core.exception.StepFailedException: Feature file 'Include/features/Governance-Module/Add-Project/039-DeleteProject-Support.feature' was failed
	at com.kms.katalon.core.keyword.internal.KeywordMain.stepFailed(KeywordMain.groovy:48)
	at com.kms.katalon.core.keyword.internal.KeywordMain.stepFailed(KeywordMain.groovy)
	at com.kms.katalon.core.keyword.internal.KeywordMain.stepFailed(KeywordMain.groovy:21)
	at com.kms.katalon.core.keyword.internal.KeywordMain$stepFailed$0.call(Unknown Source)
	at com.kms.katalon.core.cucumber.keyword.CucumberBuiltinKeywords$_runFeatureFile_closure1.doCall(CucumberBuiltinKeywords.groovy:82)
	at com.kms.katalon.core.cucumber.keyword.CucumberBuiltinKeywords$_runFeatureFile_closure1.doCall(CucumberBuiltinKeywords.groovy)
	at com.kms.katalon.core.keyword.internal.KeywordMain.runKeyword(KeywordMain.groovy:66)
	at com.kms.katalon.core.keyword.internal.KeywordMain$runKeyword.call(Unknown Source)
	at com.kms.katalon.core.cucumber.keyword.CucumberBuiltinKeywords.runFeatureFile(CucumberBuiltinKeywords.groovy:46)
	at com.kms.katalon.core.cucumber.keyword.CucumberBuiltinKeywords$runFeatureFile$0.callStatic(Unknown Source)
	at com.kms.katalon.core.cucumber.keyword.CucumberBuiltinKeywords.runFeatureFile(CucumberBuiltinKeywords.groovy:101)
	at com.kms.katalon.core.cucumber.keyword.CucumberBuiltinKeywords$runFeatureFile.call(Unknown Source)
	at 039-DeleteProject-Support.run(039-DeleteProject-Support:16)
	at com.kms.katalon.core.main.ScriptEngine.run(ScriptEngine.java:194)
	at com.kms.katalon.core.main.ScriptEngine.runScriptAsRawText(ScriptEngine.java:119)
	at com.kms.katalon.core.main.TestCaseExecutor.runScript(TestCaseExecutor.java:331)
	at com.kms.katalon.core.main.TestCaseExecutor.doExecute(TestCaseExecutor.java:322)
	at com.kms.katalon.core.main.TestCaseExecutor.processExecutionPhase(TestCaseExecutor.java:301)
	at com.kms.katalon.core.main.TestCaseExecutor.accessMainPhase(TestCaseExecutor.java:293)
	at com.kms.katalon.core.main.TestCaseExecutor.execute(TestCaseExecutor.java:227)
	at com.kms.katalon.core.main.TestSuiteExecutor.accessTestCaseMainPhase(TestSuiteExecutor.java:129)
	at com.kms.katalon.core.main.TestSuiteExecutor.accessTestSuiteMainPhase(TestSuiteExecutor.java:112)
	at com.kms.katalon.core.main.TestSuiteExecutor.execute(TestSuiteExecutor.java:81)
	at com.kms.katalon.core.main.TestCaseMain.startTestSuite(TestCaseMain.java:157)
	at com.kms.katalon.core.main.TestCaseMain$startTestSuite$0.call(Unknown Source)
	at TempTestSuite1558253547685.run(TempTestSuite1558253547685.groovy:35)]]></system-out>
         <system-err><![CDATA[2019-05-19 11:58:19 - [TEST_CASE][FAILED] - Test Cases/Add-Project-Test-Cases/039-DeleteProject-Support: Test Cases/Add-Project-Test-Cases/039-DeleteProject-Support FAILED.
Reason:
com.kms.katalon.core.exception.StepFailedException: Feature file 'Include/features/Governance-Module/Add-Project/039-DeleteProject-Support.feature' was failed
	at com.kms.katalon.core.keyword.internal.KeywordMain.stepFailed(KeywordMain.groovy:48)
	at com.kms.katalon.core.keyword.internal.KeywordMain.stepFailed(KeywordMain.groovy)
	at com.kms.katalon.core.keyword.internal.KeywordMain.stepFailed(KeywordMain.groovy:21)
	at com.kms.katalon.core.keyword.internal.KeywordMain$stepFailed$0.call(Unknown Source)
	at com.kms.katalon.core.cucumber.keyword.CucumberBuiltinKeywords$_runFeatureFile_closure1.doCall(CucumberBuiltinKeywords.groovy:82)
	at com.kms.katalon.core.cucumber.keyword.CucumberBuiltinKeywords$_runFeatureFile_closure1.doCall(CucumberBuiltinKeywords.groovy)
	at com.kms.katalon.core.keyword.internal.KeywordMain.runKeyword(KeywordMain.groovy:66)
	at com.kms.katalon.core.keyword.internal.KeywordMain$runKeyword.call(Unknown Source)
	at com.kms.katalon.core.cucumber.keyword.CucumberBuiltinKeywords.runFeatureFile(CucumberBuiltinKeywords.groovy:46)
	at com.kms.katalon.core.cucumber.keyword.CucumberBuiltinKeywords$runFeatureFile$0.callStatic(Unknown Source)
	at com.kms.katalon.core.cucumber.keyword.CucumberBuiltinKeywords.runFeatureFile(CucumberBuiltinKeywords.groovy:101)
	at com.kms.katalon.core.cucumber.keyword.CucumberBuiltinKeywords$runFeatureFile.call(Unknown Source)
	at 039-DeleteProject-Support.run(039-DeleteProject-Support:16)
	at com.kms.katalon.core.main.ScriptEngine.run(ScriptEngine.java:194)
	at com.kms.katalon.core.main.ScriptEngine.runScriptAsRawText(ScriptEngine.java:119)
	at com.kms.katalon.core.main.TestCaseExecutor.runScript(TestCaseExecutor.java:331)
	at com.kms.katalon.core.main.TestCaseExecutor.doExecute(TestCaseExecutor.java:322)
	at com.kms.katalon.core.main.TestCaseExecutor.processExecutionPhase(TestCaseExecutor.java:301)
	at com.kms.katalon.core.main.TestCaseExecutor.accessMainPhase(TestCaseExecutor.java:293)
	at com.kms.katalon.core.main.TestCaseExecutor.execute(TestCaseExecutor.java:227)
	at com.kms.katalon.core.main.TestSuiteExecutor.accessTestCaseMainPhase(TestSuiteExecutor.java:129)
	at com.kms.katalon.core.main.TestSuiteExecutor.accessTestSuiteMainPhase(TestSuiteExecutor.java:112)
	at com.kms.katalon.core.main.TestSuiteExecutor.execute(TestSuiteExecutor.java:81)
	at com.kms.katalon.core.main.TestCaseMain.startTestSuite(TestCaseMain.java:157)
	at com.kms.katalon.core.main.TestCaseMain$startTestSuite$0.call(Unknown Source)
	at TempTestSuite1558253547685.run(TempTestSuite1558253547685.groovy:35)]]></system-err>
      </testcase>
      <testcase name="Test Cases/Add-Project-Test-Cases/040-SubmitProject-Support" classname="Test Cases/Add-Project-Test-Cases/040-SubmitProject-Support" status="FAILED">
         <failure type="FAILED" message="Test Cases/Add-Project-Test-Cases/040-SubmitProject-Support FAILED.
Reason:
com.kms.katalon.core.exception.StepFailedException: Keyword runFeatureFile was failed (Root cause: java.lang.IllegalArgumentException: Not a file or directory: C:\Users\HP\git\PMO-Web-Application\Include\features\Governance-Module\Add-Project\040-SubmitProject-Support
	at cucumber.runtime.io.FileResourceIterator$FileIterator.&lt;init>(FileResourceIterator.java:63)
	at cucumber.runtime.io.FileResourceIterator.&lt;init>(FileResourceIterator.java:28)
	at cucumber.runtime.io.FileResourceIterator.createFileResourceIterator(FileResourceIterator.java:14)
	at cucumber.runtime.io.FileResourceIterable.iterator(FileResourceIterable.java:19)
	at cucumber.runtime.model.CucumberFeature.loadFromFeaturePath(CucumberFeature.java:111)
	at cucumber.runtime.model.CucumberFeature.load(CucumberFeature.java:48)
	at cucumber.runtime.model.CucumberFeature.load(CucumberFeature.java:30)
	at cucumber.runtime.RuntimeOptions.cucumberFeatures(RuntimeOptions.java:305)
	at cucumber.runtime.Runtime.run(Runtime.java:97)
	at cucumber.api.cli.Main.run(Main.java:35)
	at cucumber.api.cli.Main$run.call(Unknown Source)
	at com.kms.katalon.core.cucumber.keyword.CucumberBuiltinKeywords$_runFeatureFile_closure1.doCall(CucumberBuiltinKeywords.groovy:76)
	at com.kms.katalon.core.cucumber.keyword.CucumberBuiltinKeywords$_runFeatureFile_closure1.doCall(CucumberBuiltinKeywords.groovy)
	at com.kms.katalon.core.keyword.internal.KeywordMain.runKeyword(KeywordMain.groovy:66)
	at com.kms.katalon.core.keyword.internal.KeywordMain$runKeyword.call(Unknown Source)
	at com.kms.katalon.core.cucumber.keyword.CucumberBuiltinKeywords.runFeatureFile(CucumberBuiltinKeywords.groovy:46)
	at com.kms.katalon.core.cucumber.keyword.CucumberBuiltinKeywords$runFeatureFile$0.callStatic(Unknown Source)
	at com.kms.katalon.core.cucumber.keyword.CucumberBuiltinKeywords.runFeatureFile(CucumberBuiltinKeywords.groovy:101)
	at com.kms.katalon.core.cucumber.keyword.CucumberBuiltinKeywords$runFeatureFile.call(Unknown Source)
	at 040-SubmitProject-Support.run(040-SubmitProject-Support:16)
	at com.kms.katalon.core.main.ScriptEngine.run(ScriptEngine.java:194)
	at com.kms.katalon.core.main.ScriptEngine.runScriptAsRawText(ScriptEngine.java:119)
	at com.kms.katalon.core.main.TestCaseExecutor.runScript(TestCaseExecutor.java:331)
	at com.kms.katalon.core.main.TestCaseExecutor.doExecute(TestCaseExecutor.java:322)
	at com.kms.katalon.core.main.TestCaseExecutor.processExecutionPhase(TestCaseExecutor.java:301)
	at com.kms.katalon.core.main.TestCaseExecutor.accessMainPhase(TestCaseExecutor.java:293)
	at com.kms.katalon.core.main.TestCaseExecutor.execute(TestCaseExecutor.java:227)
	at com.kms.katalon.core.main.TestSuiteExecutor.accessTestCaseMainPhase(TestSuiteExecutor.java:129)
	at com.kms.katalon.core.main.TestSuiteExecutor.accessTestSuiteMainPhase(TestSuiteExecutor.java:112)
	at com.kms.katalon.core.main.TestSuiteExecutor.execute(TestSuiteExecutor.java:81)
	at com.kms.katalon.core.main.TestCaseMain.startTestSuite(TestCaseMain.java:157)
	at com.kms.katalon.core.main.TestCaseMain$startTestSuite$0.call(Unknown Source)
	at TempTestSuite1558253547685.run(TempTestSuite1558253547685.groovy:35)
)
	at com.kms.katalon.core.keyword.internal.KeywordMain.stepFailed(KeywordMain.groovy:48)
	at com.kms.katalon.core.keyword.internal.KeywordMain.stepFailed(KeywordMain.groovy)
	at com.kms.katalon.core.keyword.internal.KeywordMain.runKeyword(KeywordMain.groovy:68)
	at com.kms.katalon.core.keyword.internal.KeywordMain$runKeyword.call(Unknown Source)
	at com.kms.katalon.core.cucumber.keyword.CucumberBuiltinKeywords.runFeatureFile(CucumberBuiltinKeywords.groovy:46)
	at com.kms.katalon.core.cucumber.keyword.CucumberBuiltinKeywords$runFeatureFile$0.callStatic(Unknown Source)
	at com.kms.katalon.core.cucumber.keyword.CucumberBuiltinKeywords.runFeatureFile(CucumberBuiltinKeywords.groovy:101)
	at com.kms.katalon.core.cucumber.keyword.CucumberBuiltinKeywords$runFeatureFile.call(Unknown Source)
	at 040-SubmitProject-Support.run(040-SubmitProject-Support:16)
	at com.kms.katalon.core.main.ScriptEngine.run(ScriptEngine.java:194)
	at com.kms.katalon.core.main.ScriptEngine.runScriptAsRawText(ScriptEngine.java:119)
	at com.kms.katalon.core.main.TestCaseExecutor.runScript(TestCaseExecutor.java:331)
	at com.kms.katalon.core.main.TestCaseExecutor.doExecute(TestCaseExecutor.java:322)
	at com.kms.katalon.core.main.TestCaseExecutor.processExecutionPhase(TestCaseExecutor.java:301)
	at com.kms.katalon.core.main.TestCaseExecutor.accessMainPhase(TestCaseExecutor.java:293)
	at com.kms.katalon.core.main.TestCaseExecutor.execute(TestCaseExecutor.java:227)
	at com.kms.katalon.core.main.TestSuiteExecutor.accessTestCaseMainPhase(TestSuiteExecutor.java:129)
	at com.kms.katalon.core.main.TestSuiteExecutor.accessTestSuiteMainPhase(TestSuiteExecutor.java:112)
	at com.kms.katalon.core.main.TestSuiteExecutor.execute(TestSuiteExecutor.java:81)
	at com.kms.katalon.core.main.TestCaseMain.startTestSuite(TestCaseMain.java:157)
	at com.kms.katalon.core.main.TestCaseMain$startTestSuite$0.call(Unknown Source)
	at TempTestSuite1558253547685.run(TempTestSuite1558253547685.groovy:35)
Caused by: java.lang.IllegalArgumentException: Not a file or directory: C:\Users\HP\git\PMO-Web-Application\Include\features\Governance-Module\Add-Project\040-SubmitProject-Support
	at cucumber.runtime.io.FileResourceIterator$FileIterator.&lt;init>(FileResourceIterator.java:63)
	at cucumber.runtime.io.FileResourceIterator.&lt;init>(FileResourceIterator.java:28)
	at cucumber.runtime.io.FileResourceIterator.createFileResourceIterator(FileResourceIterator.java:14)
	at cucumber.runtime.io.FileResourceIterable.iterator(FileResourceIterable.java:19)
	at cucumber.runtime.model.CucumberFeature.loadFromFeaturePath(CucumberFeature.java:111)
	at cucumber.runtime.model.CucumberFeature.load(CucumberFeature.java:48)
	at cucumber.runtime.model.CucumberFeature.load(CucumberFeature.java:30)
	at cucumber.runtime.RuntimeOptions.cucumberFeatures(RuntimeOptions.java:305)
	at cucumber.runtime.Runtime.run(Runtime.java:97)
	at cucumber.api.cli.Main.run(Main.java:35)
	at cucumber.api.cli.Main$run.call(Unknown Source)
	at com.kms.katalon.core.cucumber.keyword.CucumberBuiltinKeywords$_runFeatureFile_closure1.doCall(CucumberBuiltinKeywords.groovy:76)
	at com.kms.katalon.core.cucumber.keyword.CucumberBuiltinKeywords$_runFeatureFile_closure1.doCall(CucumberBuiltinKeywords.groovy)
	at com.kms.katalon.core.keyword.internal.KeywordMain.runKeyword(KeywordMain.groovy:66)
	... 19 more
"/>
         <system-out><![CDATA[2019-05-19 12:00:51 - [TEST_CASE][FAILED] - Test Cases/Add-Project-Test-Cases/040-SubmitProject-Support: Test Cases/Add-Project-Test-Cases/040-SubmitProject-Support FAILED.
Reason:
com.kms.katalon.core.exception.StepFailedException: Keyword runFeatureFile was failed (Root cause: java.lang.IllegalArgumentException: Not a file or directory: C:\Users\HP\git\PMO-Web-Application\Include\features\Governance-Module\Add-Project\040-SubmitProject-Support
	at cucumber.runtime.io.FileResourceIterator$FileIterator.<init>(FileResourceIterator.java:63)
	at cucumber.runtime.io.FileResourceIterator.<init>(FileResourceIterator.java:28)
	at cucumber.runtime.io.FileResourceIterator.createFileResourceIterator(FileResourceIterator.java:14)
	at cucumber.runtime.io.FileResourceIterable.iterator(FileResourceIterable.java:19)
	at cucumber.runtime.model.CucumberFeature.loadFromFeaturePath(CucumberFeature.java:111)
	at cucumber.runtime.model.CucumberFeature.load(CucumberFeature.java:48)
	at cucumber.runtime.model.CucumberFeature.load(CucumberFeature.java:30)
	at cucumber.runtime.RuntimeOptions.cucumberFeatures(RuntimeOptions.java:305)
	at cucumber.runtime.Runtime.run(Runtime.java:97)
	at cucumber.api.cli.Main.run(Main.java:35)
	at cucumber.api.cli.Main$run.call(Unknown Source)
	at com.kms.katalon.core.cucumber.keyword.CucumberBuiltinKeywords$_runFeatureFile_closure1.doCall(CucumberBuiltinKeywords.groovy:76)
	at com.kms.katalon.core.cucumber.keyword.CucumberBuiltinKeywords$_runFeatureFile_closure1.doCall(CucumberBuiltinKeywords.groovy)
	at com.kms.katalon.core.keyword.internal.KeywordMain.runKeyword(KeywordMain.groovy:66)
	at com.kms.katalon.core.keyword.internal.KeywordMain$runKeyword.call(Unknown Source)
	at com.kms.katalon.core.cucumber.keyword.CucumberBuiltinKeywords.runFeatureFile(CucumberBuiltinKeywords.groovy:46)
	at com.kms.katalon.core.cucumber.keyword.CucumberBuiltinKeywords$runFeatureFile$0.callStatic(Unknown Source)
	at com.kms.katalon.core.cucumber.keyword.CucumberBuiltinKeywords.runFeatureFile(CucumberBuiltinKeywords.groovy:101)
	at com.kms.katalon.core.cucumber.keyword.CucumberBuiltinKeywords$runFeatureFile.call(Unknown Source)
	at 040-SubmitProject-Support.run(040-SubmitProject-Support:16)
	at com.kms.katalon.core.main.ScriptEngine.run(ScriptEngine.java:194)
	at com.kms.katalon.core.main.ScriptEngine.runScriptAsRawText(ScriptEngine.java:119)
	at com.kms.katalon.core.main.TestCaseExecutor.runScript(TestCaseExecutor.java:331)
	at com.kms.katalon.core.main.TestCaseExecutor.doExecute(TestCaseExecutor.java:322)
	at com.kms.katalon.core.main.TestCaseExecutor.processExecutionPhase(TestCaseExecutor.java:301)
	at com.kms.katalon.core.main.TestCaseExecutor.accessMainPhase(TestCaseExecutor.java:293)
	at com.kms.katalon.core.main.TestCaseExecutor.execute(TestCaseExecutor.java:227)
	at com.kms.katalon.core.main.TestSuiteExecutor.accessTestCaseMainPhase(TestSuiteExecutor.java:129)
	at com.kms.katalon.core.main.TestSuiteExecutor.accessTestSuiteMainPhase(TestSuiteExecutor.java:112)
	at com.kms.katalon.core.main.TestSuiteExecutor.execute(TestSuiteExecutor.java:81)
	at com.kms.katalon.core.main.TestCaseMain.startTestSuite(TestCaseMain.java:157)
	at com.kms.katalon.core.main.TestCaseMain$startTestSuite$0.call(Unknown Source)
	at TempTestSuite1558253547685.run(TempTestSuite1558253547685.groovy:35)
)
	at com.kms.katalon.core.keyword.internal.KeywordMain.stepFailed(KeywordMain.groovy:48)
	at com.kms.katalon.core.keyword.internal.KeywordMain.stepFailed(KeywordMain.groovy)
	at com.kms.katalon.core.keyword.internal.KeywordMain.runKeyword(KeywordMain.groovy:68)
	at com.kms.katalon.core.keyword.internal.KeywordMain$runKeyword.call(Unknown Source)
	at com.kms.katalon.core.cucumber.keyword.CucumberBuiltinKeywords.runFeatureFile(CucumberBuiltinKeywords.groovy:46)
	at com.kms.katalon.core.cucumber.keyword.CucumberBuiltinKeywords$runFeatureFile$0.callStatic(Unknown Source)
	at com.kms.katalon.core.cucumber.keyword.CucumberBuiltinKeywords.runFeatureFile(CucumberBuiltinKeywords.groovy:101)
	at com.kms.katalon.core.cucumber.keyword.CucumberBuiltinKeywords$runFeatureFile.call(Unknown Source)
	at 040-SubmitProject-Support.run(040-SubmitProject-Support:16)
	at com.kms.katalon.core.main.ScriptEngine.run(ScriptEngine.java:194)
	at com.kms.katalon.core.main.ScriptEngine.runScriptAsRawText(ScriptEngine.java:119)
	at com.kms.katalon.core.main.TestCaseExecutor.runScript(TestCaseExecutor.java:331)
	at com.kms.katalon.core.main.TestCaseExecutor.doExecute(TestCaseExecutor.java:322)
	at com.kms.katalon.core.main.TestCaseExecutor.processExecutionPhase(TestCaseExecutor.java:301)
	at com.kms.katalon.core.main.TestCaseExecutor.accessMainPhase(TestCaseExecutor.java:293)
	at com.kms.katalon.core.main.TestCaseExecutor.execute(TestCaseExecutor.java:227)
	at com.kms.katalon.core.main.TestSuiteExecutor.accessTestCaseMainPhase(TestSuiteExecutor.java:129)
	at com.kms.katalon.core.main.TestSuiteExecutor.accessTestSuiteMainPhase(TestSuiteExecutor.java:112)
	at com.kms.katalon.core.main.TestSuiteExecutor.execute(TestSuiteExecutor.java:81)
	at com.kms.katalon.core.main.TestCaseMain.startTestSuite(TestCaseMain.java:157)
	at com.kms.katalon.core.main.TestCaseMain$startTestSuite$0.call(Unknown Source)
	at TempTestSuite1558253547685.run(TempTestSuite1558253547685.groovy:35)
Caused by: java.lang.IllegalArgumentException: Not a file or directory: C:\Users\HP\git\PMO-Web-Application\Include\features\Governance-Module\Add-Project\040-SubmitProject-Support
	at cucumber.runtime.io.FileResourceIterator$FileIterator.<init>(FileResourceIterator.java:63)
	at cucumber.runtime.io.FileResourceIterator.<init>(FileResourceIterator.java:28)
	at cucumber.runtime.io.FileResourceIterator.createFileResourceIterator(FileResourceIterator.java:14)
	at cucumber.runtime.io.FileResourceIterable.iterator(FileResourceIterable.java:19)
	at cucumber.runtime.model.CucumberFeature.loadFromFeaturePath(CucumberFeature.java:111)
	at cucumber.runtime.model.CucumberFeature.load(CucumberFeature.java:48)
	at cucumber.runtime.model.CucumberFeature.load(CucumberFeature.java:30)
	at cucumber.runtime.RuntimeOptions.cucumberFeatures(RuntimeOptions.java:305)
	at cucumber.runtime.Runtime.run(Runtime.java:97)
	at cucumber.api.cli.Main.run(Main.java:35)
	at cucumber.api.cli.Main$run.call(Unknown Source)
	at com.kms.katalon.core.cucumber.keyword.CucumberBuiltinKeywords$_runFeatureFile_closure1.doCall(CucumberBuiltinKeywords.groovy:76)
	at com.kms.katalon.core.cucumber.keyword.CucumberBuiltinKeywords$_runFeatureFile_closure1.doCall(CucumberBuiltinKeywords.groovy)
	at com.kms.katalon.core.keyword.internal.KeywordMain.runKeyword(KeywordMain.groovy:66)
	... 19 more


2019-05-19 12:00:51 - [TEST_STEP][FAILED] - runFeatureFile("Include/features/Governance-Module/Add-Project/040-SubmitProject-Support"): runFeatureFile("Include/features/Governance-Module/Add-Project/040-SubmitProject-Support") FAILED.
Reason:
com.kms.katalon.core.exception.StepFailedException: Keyword runFeatureFile was failed (Root cause: java.lang.IllegalArgumentException: Not a file or directory: C:\Users\HP\git\PMO-Web-Application\Include\features\Governance-Module\Add-Project\040-SubmitProject-Support
	at cucumber.runtime.io.FileResourceIterator$FileIterator.<init>(FileResourceIterator.java:63)
	at cucumber.runtime.io.FileResourceIterator.<init>(FileResourceIterator.java:28)
	at cucumber.runtime.io.FileResourceIterator.createFileResourceIterator(FileResourceIterator.java:14)
	at cucumber.runtime.io.FileResourceIterable.iterator(FileResourceIterable.java:19)
	at cucumber.runtime.model.CucumberFeature.loadFromFeaturePath(CucumberFeature.java:111)
	at cucumber.runtime.model.CucumberFeature.load(CucumberFeature.java:48)
	at cucumber.runtime.model.CucumberFeature.load(CucumberFeature.java:30)
	at cucumber.runtime.RuntimeOptions.cucumberFeatures(RuntimeOptions.java:305)
	at cucumber.runtime.Runtime.run(Runtime.java:97)
	at cucumber.api.cli.Main.run(Main.java:35)
	at cucumber.api.cli.Main$run.call(Unknown Source)
	at com.kms.katalon.core.cucumber.keyword.CucumberBuiltinKeywords$_runFeatureFile_closure1.doCall(CucumberBuiltinKeywords.groovy:76)
	at com.kms.katalon.core.cucumber.keyword.CucumberBuiltinKeywords$_runFeatureFile_closure1.doCall(CucumberBuiltinKeywords.groovy)
	at com.kms.katalon.core.keyword.internal.KeywordMain.runKeyword(KeywordMain.groovy:66)
	at com.kms.katalon.core.keyword.internal.KeywordMain$runKeyword.call(Unknown Source)
	at com.kms.katalon.core.cucumber.keyword.CucumberBuiltinKeywords.runFeatureFile(CucumberBuiltinKeywords.groovy:46)
	at com.kms.katalon.core.cucumber.keyword.CucumberBuiltinKeywords$runFeatureFile$0.callStatic(Unknown Source)
	at com.kms.katalon.core.cucumber.keyword.CucumberBuiltinKeywords.runFeatureFile(CucumberBuiltinKeywords.groovy:101)
	at com.kms.katalon.core.cucumber.keyword.CucumberBuiltinKeywords$runFeatureFile.call(Unknown Source)
	at 040-SubmitProject-Support.run(040-SubmitProject-Support:16)
	at com.kms.katalon.core.main.ScriptEngine.run(ScriptEngine.java:194)
	at com.kms.katalon.core.main.ScriptEngine.runScriptAsRawText(ScriptEngine.java:119)
	at com.kms.katalon.core.main.TestCaseExecutor.runScript(TestCaseExecutor.java:331)
	at com.kms.katalon.core.main.TestCaseExecutor.doExecute(TestCaseExecutor.java:322)
	at com.kms.katalon.core.main.TestCaseExecutor.processExecutionPhase(TestCaseExecutor.java:301)
	at com.kms.katalon.core.main.TestCaseExecutor.accessMainPhase(TestCaseExecutor.java:293)
	at com.kms.katalon.core.main.TestCaseExecutor.execute(TestCaseExecutor.java:227)
	at com.kms.katalon.core.main.TestSuiteExecutor.accessTestCaseMainPhase(TestSuiteExecutor.java:129)
	at com.kms.katalon.core.main.TestSuiteExecutor.accessTestSuiteMainPhase(TestSuiteExecutor.java:112)
	at com.kms.katalon.core.main.TestSuiteExecutor.execute(TestSuiteExecutor.java:81)
	at com.kms.katalon.core.main.TestCaseMain.startTestSuite(TestCaseMain.java:157)
	at com.kms.katalon.core.main.TestCaseMain$startTestSuite$0.call(Unknown Source)
	at TempTestSuite1558253547685.run(TempTestSuite1558253547685.groovy:35)
)
	at com.kms.katalon.core.keyword.internal.KeywordMain.stepFailed(KeywordMain.groovy:48)
	at com.kms.katalon.core.keyword.internal.KeywordMain.stepFailed(KeywordMain.groovy)
	at com.kms.katalon.core.keyword.internal.KeywordMain.runKeyword(KeywordMain.groovy:68)
	at com.kms.katalon.core.keyword.internal.KeywordMain$runKeyword.call(Unknown Source)
	at com.kms.katalon.core.cucumber.keyword.CucumberBuiltinKeywords.runFeatureFile(CucumberBuiltinKeywords.groovy:46)
	at com.kms.katalon.core.cucumber.keyword.CucumberBuiltinKeywords$runFeatureFile$0.callStatic(Unknown Source)
	at com.kms.katalon.core.cucumber.keyword.CucumberBuiltinKeywords.runFeatureFile(CucumberBuiltinKeywords.groovy:101)
	at com.kms.katalon.core.cucumber.keyword.CucumberBuiltinKeywords$runFeatureFile.call(Unknown Source)
	at 040-SubmitProject-Support.run(040-SubmitProject-Support:16)
	at com.kms.katalon.core.main.ScriptEngine.run(ScriptEngine.java:194)
	at com.kms.katalon.core.main.ScriptEngine.runScriptAsRawText(ScriptEngine.java:119)
	at com.kms.katalon.core.main.TestCaseExecutor.runScript(TestCaseExecutor.java:331)
	at com.kms.katalon.core.main.TestCaseExecutor.doExecute(TestCaseExecutor.java:322)
	at com.kms.katalon.core.main.TestCaseExecutor.processExecutionPhase(TestCaseExecutor.java:301)
	at com.kms.katalon.core.main.TestCaseExecutor.accessMainPhase(TestCaseExecutor.java:293)
	at com.kms.katalon.core.main.TestCaseExecutor.execute(TestCaseExecutor.java:227)
	at com.kms.katalon.core.main.TestSuiteExecutor.accessTestCaseMainPhase(TestSuiteExecutor.java:129)
	at com.kms.katalon.core.main.TestSuiteExecutor.accessTestSuiteMainPhase(TestSuiteExecutor.java:112)
	at com.kms.katalon.core.main.TestSuiteExecutor.execute(TestSuiteExecutor.java:81)
	at com.kms.katalon.core.main.TestCaseMain.startTestSuite(TestCaseMain.java:157)
	at com.kms.katalon.core.main.TestCaseMain$startTestSuite$0.call(Unknown Source)
	at TempTestSuite1558253547685.run(TempTestSuite1558253547685.groovy:35)
Caused by: java.lang.IllegalArgumentException: Not a file or directory: C:\Users\HP\git\PMO-Web-Application\Include\features\Governance-Module\Add-Project\040-SubmitProject-Support
	at cucumber.runtime.io.FileResourceIterator$FileIterator.<init>(FileResourceIterator.java:63)
	at cucumber.runtime.io.FileResourceIterator.<init>(FileResourceIterator.java:28)
	at cucumber.runtime.io.FileResourceIterator.createFileResourceIterator(FileResourceIterator.java:14)
	at cucumber.runtime.io.FileResourceIterable.iterator(FileResourceIterable.java:19)
	at cucumber.runtime.model.CucumberFeature.loadFromFeaturePath(CucumberFeature.java:111)
	at cucumber.runtime.model.CucumberFeature.load(CucumberFeature.java:48)
	at cucumber.runtime.model.CucumberFeature.load(CucumberFeature.java:30)
	at cucumber.runtime.RuntimeOptions.cucumberFeatures(RuntimeOptions.java:305)
	at cucumber.runtime.Runtime.run(Runtime.java:97)
	at cucumber.api.cli.Main.run(Main.java:35)
	at cucumber.api.cli.Main$run.call(Unknown Source)
	at com.kms.katalon.core.cucumber.keyword.CucumberBuiltinKeywords$_runFeatureFile_closure1.doCall(CucumberBuiltinKeywords.groovy:76)
	at com.kms.katalon.core.cucumber.keyword.CucumberBuiltinKeywords$_runFeatureFile_closure1.doCall(CucumberBuiltinKeywords.groovy)
	at com.kms.katalon.core.keyword.internal.KeywordMain.runKeyword(KeywordMain.groovy:66)
	... 19 more


2019-05-19 12:00:51 - [MESSAGE][INFO] - Starting run keyword runFeatureFile: 'Include/features/Governance-Module/Add-Project/040-SubmitProject-Support' and extract report to folder: 'C:\Users\HP\git\PMO-Web-Application\Reports\First-Test-Suite\20190519_111227/cucumber_report/1558256451797'...

2019-05-19 12:00:51 - [MESSAGE][FAILED] - Keyword runFeatureFile was failed (Root cause: java.lang.IllegalArgumentException: Not a file or directory: C:\Users\HP\git\PMO-Web-Application\Include\features\Governance-Module\Add-Project\040-SubmitProject-Support
	at cucumber.runtime.io.FileResourceIterator$FileIterator.<init>(FileResourceIterator.java:63)
	at cucumber.runtime.io.FileResourceIterator.<init>(FileResourceIterator.java:28)
	at cucumber.runtime.io.FileResourceIterator.createFileResourceIterator(FileResourceIterator.java:14)
	at cucumber.runtime.io.FileResourceIterable.iterator(FileResourceIterable.java:19)
	at cucumber.runtime.model.CucumberFeature.loadFromFeaturePath(CucumberFeature.java:111)
	at cucumber.runtime.model.CucumberFeature.load(CucumberFeature.java:48)
	at cucumber.runtime.model.CucumberFeature.load(CucumberFeature.java:30)
	at cucumber.runtime.RuntimeOptions.cucumberFeatures(RuntimeOptions.java:305)
	at cucumber.runtime.Runtime.run(Runtime.java:97)
	at cucumber.api.cli.Main.run(Main.java:35)
	at cucumber.api.cli.Main$run.call(Unknown Source)
	at com.kms.katalon.core.cucumber.keyword.CucumberBuiltinKeywords$_runFeatureFile_closure1.doCall(CucumberBuiltinKeywords.groovy:76)
	at com.kms.katalon.core.cucumber.keyword.CucumberBuiltinKeywords$_runFeatureFile_closure1.doCall(CucumberBuiltinKeywords.groovy)
	at com.kms.katalon.core.keyword.internal.KeywordMain.runKeyword(KeywordMain.groovy:66)
	at com.kms.katalon.core.keyword.internal.KeywordMain$runKeyword.call(Unknown Source)
	at com.kms.katalon.core.cucumber.keyword.CucumberBuiltinKeywords.runFeatureFile(CucumberBuiltinKeywords.groovy:46)
	at com.kms.katalon.core.cucumber.keyword.CucumberBuiltinKeywords$runFeatureFile$0.callStatic(Unknown Source)
	at com.kms.katalon.core.cucumber.keyword.CucumberBuiltinKeywords.runFeatureFile(CucumberBuiltinKeywords.groovy:101)
	at com.kms.katalon.core.cucumber.keyword.CucumberBuiltinKeywords$runFeatureFile.call(Unknown Source)
	at 040-SubmitProject-Support.run(040-SubmitProject-Support:16)
	at com.kms.katalon.core.main.ScriptEngine.run(ScriptEngine.java:194)
	at com.kms.katalon.core.main.ScriptEngine.runScriptAsRawText(ScriptEngine.java:119)
	at com.kms.katalon.core.main.TestCaseExecutor.runScript(TestCaseExecutor.java:331)
	at com.kms.katalon.core.main.TestCaseExecutor.doExecute(TestCaseExecutor.java:322)
	at com.kms.katalon.core.main.TestCaseExecutor.processExecutionPhase(TestCaseExecutor.java:301)
	at com.kms.katalon.core.main.TestCaseExecutor.accessMainPhase(TestCaseExecutor.java:293)
	at com.kms.katalon.core.main.TestCaseExecutor.execute(TestCaseExecutor.java:227)
	at com.kms.katalon.core.main.TestSuiteExecutor.accessTestCaseMainPhase(TestSuiteExecutor.java:129)
	at com.kms.katalon.core.main.TestSuiteExecutor.accessTestSuiteMainPhase(TestSuiteExecutor.java:112)
	at com.kms.katalon.core.main.TestSuiteExecutor.execute(TestSuiteExecutor.java:81)
	at com.kms.katalon.core.main.TestCaseMain.startTestSuite(TestCaseMain.java:157)
	at com.kms.katalon.core.main.TestCaseMain$startTestSuite$0.call(Unknown Source)
	at TempTestSuite1558253547685.run(TempTestSuite1558253547685.groovy:35)
)

2019-05-19 12:00:51 - [MESSAGE][FAILED] - runFeatureFile("Include/features/Governance-Module/Add-Project/040-SubmitProject-Support") FAILED.
Reason:
com.kms.katalon.core.exception.StepFailedException: Keyword runFeatureFile was failed (Root cause: java.lang.IllegalArgumentException: Not a file or directory: C:\Users\HP\git\PMO-Web-Application\Include\features\Governance-Module\Add-Project\040-SubmitProject-Support
	at cucumber.runtime.io.FileResourceIterator$FileIterator.<init>(FileResourceIterator.java:63)
	at cucumber.runtime.io.FileResourceIterator.<init>(FileResourceIterator.java:28)
	at cucumber.runtime.io.FileResourceIterator.createFileResourceIterator(FileResourceIterator.java:14)
	at cucumber.runtime.io.FileResourceIterable.iterator(FileResourceIterable.java:19)
	at cucumber.runtime.model.CucumberFeature.loadFromFeaturePath(CucumberFeature.java:111)
	at cucumber.runtime.model.CucumberFeature.load(CucumberFeature.java:48)
	at cucumber.runtime.model.CucumberFeature.load(CucumberFeature.java:30)
	at cucumber.runtime.RuntimeOptions.cucumberFeatures(RuntimeOptions.java:305)
	at cucumber.runtime.Runtime.run(Runtime.java:97)
	at cucumber.api.cli.Main.run(Main.java:35)
	at cucumber.api.cli.Main$run.call(Unknown Source)
	at com.kms.katalon.core.cucumber.keyword.CucumberBuiltinKeywords$_runFeatureFile_closure1.doCall(CucumberBuiltinKeywords.groovy:76)
	at com.kms.katalon.core.cucumber.keyword.CucumberBuiltinKeywords$_runFeatureFile_closure1.doCall(CucumberBuiltinKeywords.groovy)
	at com.kms.katalon.core.keyword.internal.KeywordMain.runKeyword(KeywordMain.groovy:66)
	at com.kms.katalon.core.keyword.internal.KeywordMain$runKeyword.call(Unknown Source)
	at com.kms.katalon.core.cucumber.keyword.CucumberBuiltinKeywords.runFeatureFile(CucumberBuiltinKeywords.groovy:46)
	at com.kms.katalon.core.cucumber.keyword.CucumberBuiltinKeywords$runFeatureFile$0.callStatic(Unknown Source)
	at com.kms.katalon.core.cucumber.keyword.CucumberBuiltinKeywords.runFeatureFile(CucumberBuiltinKeywords.groovy:101)
	at com.kms.katalon.core.cucumber.keyword.CucumberBuiltinKeywords$runFeatureFile.call(Unknown Source)
	at 040-SubmitProject-Support.run(040-SubmitProject-Support:16)
	at com.kms.katalon.core.main.ScriptEngine.run(ScriptEngine.java:194)
	at com.kms.katalon.core.main.ScriptEngine.runScriptAsRawText(ScriptEngine.java:119)
	at com.kms.katalon.core.main.TestCaseExecutor.runScript(TestCaseExecutor.java:331)
	at com.kms.katalon.core.main.TestCaseExecutor.doExecute(TestCaseExecutor.java:322)
	at com.kms.katalon.core.main.TestCaseExecutor.processExecutionPhase(TestCaseExecutor.java:301)
	at com.kms.katalon.core.main.TestCaseExecutor.accessMainPhase(TestCaseExecutor.java:293)
	at com.kms.katalon.core.main.TestCaseExecutor.execute(TestCaseExecutor.java:227)
	at com.kms.katalon.core.main.TestSuiteExecutor.accessTestCaseMainPhase(TestSuiteExecutor.java:129)
	at com.kms.katalon.core.main.TestSuiteExecutor.accessTestSuiteMainPhase(TestSuiteExecutor.java:112)
	at com.kms.katalon.core.main.TestSuiteExecutor.execute(TestSuiteExecutor.java:81)
	at com.kms.katalon.core.main.TestCaseMain.startTestSuite(TestCaseMain.java:157)
	at com.kms.katalon.core.main.TestCaseMain$startTestSuite$0.call(Unknown Source)
	at TempTestSuite1558253547685.run(TempTestSuite1558253547685.groovy:35)
)
	at com.kms.katalon.core.keyword.internal.KeywordMain.stepFailed(KeywordMain.groovy:48)
	at com.kms.katalon.core.keyword.internal.KeywordMain.stepFailed(KeywordMain.groovy)
	at com.kms.katalon.core.keyword.internal.KeywordMain.runKeyword(KeywordMain.groovy:68)
	at com.kms.katalon.core.keyword.internal.KeywordMain$runKeyword.call(Unknown Source)
	at com.kms.katalon.core.cucumber.keyword.CucumberBuiltinKeywords.runFeatureFile(CucumberBuiltinKeywords.groovy:46)
	at com.kms.katalon.core.cucumber.keyword.CucumberBuiltinKeywords$runFeatureFile$0.callStatic(Unknown Source)
	at com.kms.katalon.core.cucumber.keyword.CucumberBuiltinKeywords.runFeatureFile(CucumberBuiltinKeywords.groovy:101)
	at com.kms.katalon.core.cucumber.keyword.CucumberBuiltinKeywords$runFeatureFile.call(Unknown Source)
	at 040-SubmitProject-Support.run(040-SubmitProject-Support:16)
	at com.kms.katalon.core.main.ScriptEngine.run(ScriptEngine.java:194)
	at com.kms.katalon.core.main.ScriptEngine.runScriptAsRawText(ScriptEngine.java:119)
	at com.kms.katalon.core.main.TestCaseExecutor.runScript(TestCaseExecutor.java:331)
	at com.kms.katalon.core.main.TestCaseExecutor.doExecute(TestCaseExecutor.java:322)
	at com.kms.katalon.core.main.TestCaseExecutor.processExecutionPhase(TestCaseExecutor.java:301)
	at com.kms.katalon.core.main.TestCaseExecutor.accessMainPhase(TestCaseExecutor.java:293)
	at com.kms.katalon.core.main.TestCaseExecutor.execute(TestCaseExecutor.java:227)
	at com.kms.katalon.core.main.TestSuiteExecutor.accessTestCaseMainPhase(TestSuiteExecutor.java:129)
	at com.kms.katalon.core.main.TestSuiteExecutor.accessTestSuiteMainPhase(TestSuiteExecutor.java:112)
	at com.kms.katalon.core.main.TestSuiteExecutor.execute(TestSuiteExecutor.java:81)
	at com.kms.katalon.core.main.TestCaseMain.startTestSuite(TestCaseMain.java:157)
	at com.kms.katalon.core.main.TestCaseMain$startTestSuite$0.call(Unknown Source)
	at TempTestSuite1558253547685.run(TempTestSuite1558253547685.groovy:35)
Caused by: java.lang.IllegalArgumentException: Not a file or directory: C:\Users\HP\git\PMO-Web-Application\Include\features\Governance-Module\Add-Project\040-SubmitProject-Support
	at cucumber.runtime.io.FileResourceIterator$FileIterator.<init>(FileResourceIterator.java:63)
	at cucumber.runtime.io.FileResourceIterator.<init>(FileResourceIterator.java:28)
	at cucumber.runtime.io.FileResourceIterator.createFileResourceIterator(FileResourceIterator.java:14)
	at cucumber.runtime.io.FileResourceIterable.iterator(FileResourceIterable.java:19)
	at cucumber.runtime.model.CucumberFeature.loadFromFeaturePath(CucumberFeature.java:111)
	at cucumber.runtime.model.CucumberFeature.load(CucumberFeature.java:48)
	at cucumber.runtime.model.CucumberFeature.load(CucumberFeature.java:30)
	at cucumber.runtime.RuntimeOptions.cucumberFeatures(RuntimeOptions.java:305)
	at cucumber.runtime.Runtime.run(Runtime.java:97)
	at cucumber.api.cli.Main.run(Main.java:35)
	at cucumber.api.cli.Main$run.call(Unknown Source)
	at com.kms.katalon.core.cucumber.keyword.CucumberBuiltinKeywords$_runFeatureFile_closure1.doCall(CucumberBuiltinKeywords.groovy:76)
	at com.kms.katalon.core.cucumber.keyword.CucumberBuiltinKeywords$_runFeatureFile_closure1.doCall(CucumberBuiltinKeywords.groovy)
	at com.kms.katalon.core.keyword.internal.KeywordMain.runKeyword(KeywordMain.groovy:66)
	... 19 more]]></system-out>
         <system-err><![CDATA[2019-05-19 12:00:51 - [TEST_CASE][FAILED] - Test Cases/Add-Project-Test-Cases/040-SubmitProject-Support: Test Cases/Add-Project-Test-Cases/040-SubmitProject-Support FAILED.
Reason:
com.kms.katalon.core.exception.StepFailedException: Keyword runFeatureFile was failed (Root cause: java.lang.IllegalArgumentException: Not a file or directory: C:\Users\HP\git\PMO-Web-Application\Include\features\Governance-Module\Add-Project\040-SubmitProject-Support
	at cucumber.runtime.io.FileResourceIterator$FileIterator.<init>(FileResourceIterator.java:63)
	at cucumber.runtime.io.FileResourceIterator.<init>(FileResourceIterator.java:28)
	at cucumber.runtime.io.FileResourceIterator.createFileResourceIterator(FileResourceIterator.java:14)
	at cucumber.runtime.io.FileResourceIterable.iterator(FileResourceIterable.java:19)
	at cucumber.runtime.model.CucumberFeature.loadFromFeaturePath(CucumberFeature.java:111)
	at cucumber.runtime.model.CucumberFeature.load(CucumberFeature.java:48)
	at cucumber.runtime.model.CucumberFeature.load(CucumberFeature.java:30)
	at cucumber.runtime.RuntimeOptions.cucumberFeatures(RuntimeOptions.java:305)
	at cucumber.runtime.Runtime.run(Runtime.java:97)
	at cucumber.api.cli.Main.run(Main.java:35)
	at cucumber.api.cli.Main$run.call(Unknown Source)
	at com.kms.katalon.core.cucumber.keyword.CucumberBuiltinKeywords$_runFeatureFile_closure1.doCall(CucumberBuiltinKeywords.groovy:76)
	at com.kms.katalon.core.cucumber.keyword.CucumberBuiltinKeywords$_runFeatureFile_closure1.doCall(CucumberBuiltinKeywords.groovy)
	at com.kms.katalon.core.keyword.internal.KeywordMain.runKeyword(KeywordMain.groovy:66)
	at com.kms.katalon.core.keyword.internal.KeywordMain$runKeyword.call(Unknown Source)
	at com.kms.katalon.core.cucumber.keyword.CucumberBuiltinKeywords.runFeatureFile(CucumberBuiltinKeywords.groovy:46)
	at com.kms.katalon.core.cucumber.keyword.CucumberBuiltinKeywords$runFeatureFile$0.callStatic(Unknown Source)
	at com.kms.katalon.core.cucumber.keyword.CucumberBuiltinKeywords.runFeatureFile(CucumberBuiltinKeywords.groovy:101)
	at com.kms.katalon.core.cucumber.keyword.CucumberBuiltinKeywords$runFeatureFile.call(Unknown Source)
	at 040-SubmitProject-Support.run(040-SubmitProject-Support:16)
	at com.kms.katalon.core.main.ScriptEngine.run(ScriptEngine.java:194)
	at com.kms.katalon.core.main.ScriptEngine.runScriptAsRawText(ScriptEngine.java:119)
	at com.kms.katalon.core.main.TestCaseExecutor.runScript(TestCaseExecutor.java:331)
	at com.kms.katalon.core.main.TestCaseExecutor.doExecute(TestCaseExecutor.java:322)
	at com.kms.katalon.core.main.TestCaseExecutor.processExecutionPhase(TestCaseExecutor.java:301)
	at com.kms.katalon.core.main.TestCaseExecutor.accessMainPhase(TestCaseExecutor.java:293)
	at com.kms.katalon.core.main.TestCaseExecutor.execute(TestCaseExecutor.java:227)
	at com.kms.katalon.core.main.TestSuiteExecutor.accessTestCaseMainPhase(TestSuiteExecutor.java:129)
	at com.kms.katalon.core.main.TestSuiteExecutor.accessTestSuiteMainPhase(TestSuiteExecutor.java:112)
	at com.kms.katalon.core.main.TestSuiteExecutor.execute(TestSuiteExecutor.java:81)
	at com.kms.katalon.core.main.TestCaseMain.startTestSuite(TestCaseMain.java:157)
	at com.kms.katalon.core.main.TestCaseMain$startTestSuite$0.call(Unknown Source)
	at TempTestSuite1558253547685.run(TempTestSuite1558253547685.groovy:35)
)
	at com.kms.katalon.core.keyword.internal.KeywordMain.stepFailed(KeywordMain.groovy:48)
	at com.kms.katalon.core.keyword.internal.KeywordMain.stepFailed(KeywordMain.groovy)
	at com.kms.katalon.core.keyword.internal.KeywordMain.runKeyword(KeywordMain.groovy:68)
	at com.kms.katalon.core.keyword.internal.KeywordMain$runKeyword.call(Unknown Source)
	at com.kms.katalon.core.cucumber.keyword.CucumberBuiltinKeywords.runFeatureFile(CucumberBuiltinKeywords.groovy:46)
	at com.kms.katalon.core.cucumber.keyword.CucumberBuiltinKeywords$runFeatureFile$0.callStatic(Unknown Source)
	at com.kms.katalon.core.cucumber.keyword.CucumberBuiltinKeywords.runFeatureFile(CucumberBuiltinKeywords.groovy:101)
	at com.kms.katalon.core.cucumber.keyword.CucumberBuiltinKeywords$runFeatureFile.call(Unknown Source)
	at 040-SubmitProject-Support.run(040-SubmitProject-Support:16)
	at com.kms.katalon.core.main.ScriptEngine.run(ScriptEngine.java:194)
	at com.kms.katalon.core.main.ScriptEngine.runScriptAsRawText(ScriptEngine.java:119)
	at com.kms.katalon.core.main.TestCaseExecutor.runScript(TestCaseExecutor.java:331)
	at com.kms.katalon.core.main.TestCaseExecutor.doExecute(TestCaseExecutor.java:322)
	at com.kms.katalon.core.main.TestCaseExecutor.processExecutionPhase(TestCaseExecutor.java:301)
	at com.kms.katalon.core.main.TestCaseExecutor.accessMainPhase(TestCaseExecutor.java:293)
	at com.kms.katalon.core.main.TestCaseExecutor.execute(TestCaseExecutor.java:227)
	at com.kms.katalon.core.main.TestSuiteExecutor.accessTestCaseMainPhase(TestSuiteExecutor.java:129)
	at com.kms.katalon.core.main.TestSuiteExecutor.accessTestSuiteMainPhase(TestSuiteExecutor.java:112)
	at com.kms.katalon.core.main.TestSuiteExecutor.execute(TestSuiteExecutor.java:81)
	at com.kms.katalon.core.main.TestCaseMain.startTestSuite(TestCaseMain.java:157)
	at com.kms.katalon.core.main.TestCaseMain$startTestSuite$0.call(Unknown Source)
	at TempTestSuite1558253547685.run(TempTestSuite1558253547685.groovy:35)
Caused by: java.lang.IllegalArgumentException: Not a file or directory: C:\Users\HP\git\PMO-Web-Application\Include\features\Governance-Module\Add-Project\040-SubmitProject-Support
	at cucumber.runtime.io.FileResourceIterator$FileIterator.<init>(FileResourceIterator.java:63)
	at cucumber.runtime.io.FileResourceIterator.<init>(FileResourceIterator.java:28)
	at cucumber.runtime.io.FileResourceIterator.createFileResourceIterator(FileResourceIterator.java:14)
	at cucumber.runtime.io.FileResourceIterable.iterator(FileResourceIterable.java:19)
	at cucumber.runtime.model.CucumberFeature.loadFromFeaturePath(CucumberFeature.java:111)
	at cucumber.runtime.model.CucumberFeature.load(CucumberFeature.java:48)
	at cucumber.runtime.model.CucumberFeature.load(CucumberFeature.java:30)
	at cucumber.runtime.RuntimeOptions.cucumberFeatures(RuntimeOptions.java:305)
	at cucumber.runtime.Runtime.run(Runtime.java:97)
	at cucumber.api.cli.Main.run(Main.java:35)
	at cucumber.api.cli.Main$run.call(Unknown Source)
	at com.kms.katalon.core.cucumber.keyword.CucumberBuiltinKeywords$_runFeatureFile_closure1.doCall(CucumberBuiltinKeywords.groovy:76)
	at com.kms.katalon.core.cucumber.keyword.CucumberBuiltinKeywords$_runFeatureFile_closure1.doCall(CucumberBuiltinKeywords.groovy)
	at com.kms.katalon.core.keyword.internal.KeywordMain.runKeyword(KeywordMain.groovy:66)
	... 19 more]]></system-err>
      </testcase>
      <testcase name="Test Cases/Add-Project-Test-Cases/041-Verify-Support-Details" classname="Test Cases/Add-Project-Test-Cases/041-Verify-Support-Details" status="PASSED">
         <system-out><![CDATA[2019-05-19 12:00:51 - [TEST_CASE][PASSED] - Test Cases/Add-Project-Test-Cases/041-Verify-Support-Details: Test Cases/Add-Project-Test-Cases/041-Verify-Support-Details

2019-05-19 12:00:52 - [TEST_STEP][PASSED] - runFeatureFile("Include/features/Governance-Module/Add-Project/041-Verify-Support-Details.feature"): Feature file: 'Include/features/Governance-Module/Add-Project/041-Verify-Support-Details.feature' was passed

2019-05-19 12:00:52 - [MESSAGE][INFO] - Starting run keyword runFeatureFile: 'Include/features/Governance-Module/Add-Project/041-Verify-Support-Details.feature' and extract report to folder: 'C:\Users\HP\git\PMO-Web-Application\Reports\First-Test-Suite\20190519_111227/cucumber_report/1558256452058'...

2019-05-19 12:00:52 - [TEST_CASE][PASSED] - Start Test Case : SCENARIO Verify support details: SCENARIO Verify support details

2019-05-19 12:00:52 - [TEST_STEP][PASSED] - I want to open browser: I want to open browser

2019-05-19 12:00:52 - [MESSAGE][WARNING] - A browser is already opened. Closing browser and opening a new one

2019-05-19 12:00:52 - [MESSAGE][INFO] - Starting 'Chrome' driver

2019-05-19 12:00:54 - [MESSAGE][PASSED] - Browser is opened with url: ''

2019-05-19 12:00:54 - [MESSAGE][PASSED] - Delete all cookies successfully

2019-05-19 12:00:54 - [MESSAGE][PASSED] - I want to open browser

2019-05-19 12:00:54 - [TEST_STEP][PASSED] - I want to maximize window: I want to maximize window

2019-05-19 12:00:56 - [MESSAGE][PASSED] - Current window maximized

2019-05-19 12:00:56 - [MESSAGE][PASSED] - I want to maximize window

2019-05-19 12:00:56 - [TEST_STEP][PASSED] - I want to go to OOB: I want to go to OOB

2019-05-19 12:00:57 - [MESSAGE][PASSED] - Navigate to 'https://pmoadmin:P@ssw0rd@dev5.cloudapp.net/OOB2/' successfully

2019-05-19 12:00:57 - [MESSAGE][PASSED] - I want to go to OOB

2019-05-19 12:00:57 - [TEST_STEP][PASSED] - I want to verify I'm in OOB main page: I want to verify I'm in OOB main page

2019-05-19 12:00:57 - [MESSAGE][WARNING] - Timeout '0' is invalid. Using default page load timeout: '30'

2019-05-19 12:01:26 - [MESSAGE][PASSED] - Object 'Object Repository/OOBObjects/HomepageObjects/OOBSideBar' is present

2019-05-19 12:01:26 - [MESSAGE][PASSED] - I want to verify I'm in OOB main page

2019-05-19 12:01:26 - [TEST_STEP][PASSED] - I want to go to projects list: I want to go to projects list

2019-05-19 12:01:30 - [MESSAGE][PASSED] - Delayed 4 second(s)

2019-05-19 12:01:34 - [MESSAGE][PASSED] - Object: 'Object Repository/OOBObjects/HomepageObjects/ProjectsList' is clicked on

2019-05-19 12:01:34 - [MESSAGE][PASSED] - I want to go to projects list

2019-05-19 12:01:34 - [TEST_STEP][PASSED] - I want to verify project list page: I want to verify project list page

2019-05-19 12:01:34 - [MESSAGE][WARNING] - Timeout '0' is invalid. Using default page load timeout: '30'

2019-05-19 12:01:34 - [MESSAGE][PASSED] - Object 'Object Repository/OOBObjects/ProjectsListObjects/ProjectsListTitle' is present

2019-05-19 12:01:34 - [MESSAGE][WARNING] - Timeout '0' is invalid. Using default page load timeout: '30'

2019-05-19 12:01:34 - [MESSAGE][PASSED] - Object 'Object Repository/OOBObjects/ProjectsListObjects/ProjectCodeColumn' is present

2019-05-19 12:01:34 - [MESSAGE][WARNING] - Timeout '0' is invalid. Using default page load timeout: '30'

2019-05-19 12:01:34 - [MESSAGE][PASSED] - Object 'Object Repository/OOBObjects/ProjectsListObjects/ProjectNameColumn' is present

2019-05-19 12:01:34 - [MESSAGE][WARNING] - Timeout '0' is invalid. Using default page load timeout: '30'

2019-05-19 12:01:34 - [MESSAGE][PASSED] - Object 'Object Repository/OOBObjects/ProjectsListObjects/ProjectStatusColumn' is present

2019-05-19 12:01:34 - [MESSAGE][WARNING] - Timeout '0' is invalid. Using default page load timeout: '30'

2019-05-19 12:01:34 - [MESSAGE][PASSED] - Object 'Object Repository/OOBObjects/ProjectsListObjects/ProjectStageColumn' is present

2019-05-19 12:01:34 - [MESSAGE][WARNING] - Timeout '0' is invalid. Using default page load timeout: '30'

2019-05-19 12:01:34 - [MESSAGE][PASSED] - Object 'Object Repository/OOBObjects/ProjectsListObjects/ActionsColumn' is present

2019-05-19 12:01:34 - [MESSAGE][PASSED] - I want to verify project list page

2019-05-19 12:01:34 - [TEST_STEP][PASSED] - I want to click Add new project button: I want to click Add new project button

2019-05-19 12:01:38 - [MESSAGE][PASSED] - Object: 'Object Repository/OOBObjects/ProjectsListObjects/AddNewProject' is clicked on

2019-05-19 12:01:38 - [MESSAGE][PASSED] - I want to click Add new project button

2019-05-19 12:01:38 - [TEST_STEP][PASSED] - I want to fill project name: I want to fill project name

2019-05-19 12:01:39 - [MESSAGE][PASSED] - Text 'Automation Project8235' is set on object 'Object Repository/OOBObjects/ProjectsListObjects/ProjectNameField'

2019-05-19 12:01:39 - [MESSAGE][PASSED] - I want to fill project name

2019-05-19 12:01:39 - [TEST_STEP][PASSED] - I want to select project type: I want to select project type

2019-05-19 12:01:39 - [MESSAGE][PASSED] - All options with index in [1] are selected on object 'Object Repository/OOBObjects/ProjectsListObjects/ProjectTypeDropDwon'

2019-05-19 12:01:39 - [MESSAGE][PASSED] - I want to select project type

2019-05-19 12:01:39 - [TEST_STEP][PASSED] - I want to select project expected start date: I want to select project expected start date

2019-05-19 12:01:39 - [MESSAGE][PASSED] - Object: 'Object Repository/OOBObjects/ProjectsListObjects/GREGORIANStartDate' is clicked on

2019-05-19 12:01:39 - [MESSAGE][PASSED] - Object: 'Object Repository/OOBObjects/ProjectsListObjects/PlannedStartDate' is clicked on

2019-05-19 12:01:39 - [MESSAGE][PASSED] - Object: 'Object Repository/OOBObjects/ProjectsListObjects/DayThirtyStartDate' is hovered

2019-05-19 12:01:39 - [MESSAGE][PASSED] - Object: 'Object Repository/OOBObjects/ProjectsListObjects/DayThirtyStartDate' is clicked on

2019-05-19 12:01:39 - [MESSAGE][PASSED] - I want to select project expected start date

2019-05-19 12:01:39 - [TEST_STEP][PASSED] - I want to select project expected end date: I want to select project expected end date

2019-05-19 12:01:39 - [MESSAGE][PASSED] - Object 'Object Repository/OOBObjects/ProjectsListObjects/GREGORIANEndDate' is visible

2019-05-19 12:01:39 - [MESSAGE][PASSED] - Object: 'Object Repository/OOBObjects/ProjectsListObjects/GREGORIANEndDate' is clicked on

2019-05-19 12:01:41 - [MESSAGE][PASSED] - Delayed 2 second(s)

2019-05-19 12:01:41 - [MESSAGE][PASSED] - Object: 'Object Repository/OOBObjects/ProjectsListObjects/PlannedEndDate' is hovered

2019-05-19 12:01:41 - [MESSAGE][PASSED] - Object: 'Object Repository/OOBObjects/ProjectsListObjects/PlannedEndDate' is clicked on

2019-05-19 12:01:41 - [MESSAGE][PASSED] - All options with index in [6] are selected on object 'Object Repository/OOBObjects/ProjectsListObjects/ProjectEndDateMonthDropDown'

2019-05-19 12:01:42 - [MESSAGE][PASSED] - Object: 'Object Repository/OOBObjects/ProjectsListObjects/DayTwintyEndDate' is hovered

2019-05-19 12:01:42 - [MESSAGE][PASSED] - Object: 'Object Repository/OOBObjects/ProjectsListObjects/DayTwintyEndDate' is clicked on

2019-05-19 12:01:42 - [MESSAGE][PASSED] - I want to select project expected end date

2019-05-19 12:01:42 - [TEST_STEP][PASSED] - I want to fill project budget: I want to fill project budget

2019-05-19 12:01:42 - [MESSAGE][PASSED] - Text '10000' is set on object 'Object Repository/OOBObjects/ProjectsListObjects/ProjectExpectedBudget'

2019-05-19 12:01:42 - [MESSAGE][PASSED] - I want to fill project budget

2019-05-19 12:01:42 - [TEST_STEP][PASSED] - I want to select from owner deopdown list: I want to select from owner deopdown list

2019-05-19 12:01:42 - [MESSAGE][PASSED] - All options with index in [1] are selected on object 'Object Repository/OOBObjects/ProjectsListObjects/OwnerDropdown'

2019-05-19 12:01:42 - [MESSAGE][PASSED] - I want to select from owner deopdown list

2019-05-19 12:01:42 - [TEST_STEP][PASSED] - I want to fill project manager field: I want to fill project manager field

2019-05-19 12:01:42 - [MESSAGE][WARNING] - Timeout '0' is invalid. Using default page load timeout: '30'

2019-05-19 12:01:42 - [MESSAGE][PASSED] - Scroll to object 'Object Repository/OOBObjects/ProjectsListObjects/Duration' successfully

2019-05-19 12:01:42 - [MESSAGE][PASSED] - Text 'النظام' is set on object 'Object Repository/OOBObjects/ProjectsListObjects/ProjectMangerField'

2019-05-19 12:01:42 - [MESSAGE][PASSED] - I want to fill project manager field

2019-05-19 12:01:42 - [TEST_STEP][PASSED] - I want to tap enter key on manager field: I want to tap enter key on manager field

2019-05-19 12:01:42 - [MESSAGE][PASSED] - Keys 'ENTER + ' sent to object: 'Object Repository/OOBObjects/ProjectsListObjects/ProjectMangerField'

2019-05-19 12:01:42 - [MESSAGE][PASSED] - I want to tap enter key on manager field

2019-05-19 12:01:42 - [TEST_STEP][PASSED] - I want to fill project owner field: I want to fill project owner field

2019-05-19 12:01:42 - [MESSAGE][PASSED] - Text 'النظام' is set on object 'Object Repository/OOBObjects/ProjectsListObjects/ProjectOwnerField'

2019-05-19 12:01:42 - [MESSAGE][PASSED] - I want to fill project owner field

2019-05-19 12:01:42 - [TEST_STEP][PASSED] - I want to tap enter key on owner field: I want to tap enter key on owner field

2019-05-19 12:01:42 - [MESSAGE][PASSED] - Keys 'ENTER + ' sent to object: 'Object Repository/OOBObjects/ProjectsListObjects/ProjectOwnerField'

2019-05-19 12:01:42 - [MESSAGE][PASSED] - I want to tap enter key on owner field

2019-05-19 12:01:42 - [TEST_STEP][PASSED] - I want to fill project sponser field: I want to fill project sponser field

2019-05-19 12:01:42 - [MESSAGE][PASSED] - Text 'النظام' is set on object 'Object Repository/OOBObjects/ProjectsListObjects/ProjectSponsorField'

2019-05-19 12:01:42 - [MESSAGE][PASSED] - I want to fill project sponser field

2019-05-19 12:01:42 - [TEST_STEP][PASSED] - I want to tap enter key on sponser field: I want to tap enter key on sponser field

2019-05-19 12:01:42 - [MESSAGE][PASSED] - Keys 'ENTER + ' sent to object: 'Object Repository/OOBObjects/ProjectsListObjects/ProjectSponsorField'

2019-05-19 12:01:42 - [MESSAGE][PASSED] - I want to tap enter key on sponser field

2019-05-19 12:01:42 - [TEST_STEP][PASSED] - I want to fill project description field: I want to fill project description field

2019-05-19 12:01:43 - [MESSAGE][PASSED] - Text 'test description' is set on object 'Object Repository/OOBObjects/ProjectsListObjects/ProjectDescriptionField'

2019-05-19 12:01:43 - [MESSAGE][PASSED] - I want to fill project description field

2019-05-19 12:01:43 - [TEST_STEP][PASSED] - I want to fill project notes field: I want to fill project notes field

2019-05-19 12:01:43 - [MESSAGE][PASSED] - Text 'test notes' is set on object 'Object Repository/OOBObjects/ProjectsListObjects/ProjectNotesField'

2019-05-19 12:01:43 - [MESSAGE][PASSED] - I want to fill project notes field

2019-05-19 12:01:43 - [TEST_STEP][PASSED] - I want to add attachment for the project: I want to add attachment for the project

2019-05-19 12:01:43 - [MESSAGE][PASSED] - Object: 'Object Repository/OOBObjects/ProjectsListObjects/ProjectAddNewDocumentButton' is clicked on

2019-05-19 12:01:43 - [MESSAGE][WARNING] - Timeout '0' is invalid. Using default page load timeout: '30'

2019-05-19 12:01:43 - [MESSAGE][PASSED] - Scroll to object 'Object Repository/OOBObjects/ProjectsListObjects/ProjectAddNewDocumentButton' successfully

2019-05-19 12:01:43 - [MESSAGE][PASSED] - File 'C:\Users\HP\Desktop\download.png' sent to object: 'Object Repository/OOBObjects/ProjectsListObjects/ProjectUploadFile'

2019-05-19 12:01:43 - [MESSAGE][WARNING] - Timeout '0' is invalid. Using default page load timeout: '30'

2019-05-19 12:01:43 - [MESSAGE][PASSED] - Object 'Object Repository/OOBObjects/ProjectsListObjects/ProjectAttachedFile' is present

2019-05-19 12:01:43 - [MESSAGE][PASSED] - Object: 'Object Repository/OOBObjects/ProjectsListObjects/ProjectLoadButton' is clicked on

2019-05-19 12:01:43 - [MESSAGE][PASSED] - I want to add attachment for the project

2019-05-19 12:01:43 - [TEST_STEP][PASSED] - I want to wait: I want to wait

2019-05-19 12:01:46 - [MESSAGE][PASSED] - Delayed 3 second(s)

2019-05-19 12:01:46 - [MESSAGE][PASSED] - I want to wait

2019-05-19 12:01:46 - [TEST_STEP][PASSED] - I want to click on send project button: I want to click on send project button

2019-05-19 12:01:51 - [MESSAGE][PASSED] - Delayed 5 second(s)

2019-05-19 12:01:51 - [MESSAGE][PASSED] - Wait for page load successfully

2019-05-19 12:01:51 - [MESSAGE][PASSED] - Object: 'Object Repository/OOBObjects/ProjectsListObjects/SendProjectButton' is clicked on

2019-05-19 12:01:51 - [MESSAGE][PASSED] - I want to click on send project button

2019-05-19 12:01:51 - [TEST_STEP][PASSED] - I want to wait for page load: I want to wait for page load

2019-05-19 12:01:51 - [MESSAGE][PASSED] - Wait for page load successfully

2019-05-19 12:01:51 - [MESSAGE][PASSED] - I want to wait for page load

2019-05-19 12:01:51 - [TEST_STEP][PASSED] - I want to check im in projects list page: I want to check im in projects list page

2019-05-19 12:02:36 - [MESSAGE][PASSED] - Delayed 45 second(s)

2019-05-19 12:02:50 - [MESSAGE][PASSED] - Object 'Object Repository/OOBObjects/ProjectsListObjects/ProjectsListTitle' is present

2019-05-19 12:02:50 - [MESSAGE][WARNING] - Timeout '0' is invalid. Using default page load timeout: '30'

2019-05-19 12:02:50 - [MESSAGE][PASSED] - Object 'Object Repository/OOBObjects/ProjectsListObjects/ProjectsListTitle' is present

2019-05-19 12:02:50 - [MESSAGE][PASSED] - I want to check im in projects list page

2019-05-19 12:02:50 - [TEST_STEP][PASSED] - I want to search for crated project by name: I want to search for crated project by name

2019-05-19 12:02:50 - [MESSAGE][PASSED] - Wait for page load successfully

2019-05-19 12:02:50 - [MESSAGE][PASSED] - Object: 'Object Repository/OOBObjects/ProjectsListObjects/ProjectSearchField' is hovered

2019-05-19 12:02:50 - [MESSAGE][PASSED] - Text 'Automation Project8235' is set on object 'Object Repository/OOBObjects/ProjectsListObjects/ProjectSearchField'

2019-05-19 12:02:53 - [MESSAGE][PASSED] - Actual text and expected text of test object 'Object Repository/OOBObjects/ProjectsListObjects/FirstProjectName' are matched.

2019-05-19 12:02:53 - [MESSAGE][PASSED] - I want to search for crated project by name

2019-05-19 12:02:53 - [TEST_STEP][PASSED] - I want to view project page: I want to view project page

2019-05-19 12:03:06 - [MESSAGE][PASSED] - Object: 'Object Repository/OOBObjects/ProjectsListObjects/ProjectNameLink' is clicked on

2019-05-19 12:03:06 - [MESSAGE][WARNING] - Timeout '0' is invalid. Using default page load timeout: '30'

2019-05-19 12:03:06 - [MESSAGE][PASSED] - Object 'Object Repository/OOBObjects/ProjectsListObjects/SupportFomMenue' is present

2019-05-19 12:03:06 - [MESSAGE][PASSED] - I want to view project page

2019-05-19 12:03:06 - [TEST_STEP][PASSED] - I want to verify project charter page: I want to verify project charter page

2019-05-19 12:03:06 - [MESSAGE][PASSED] - Object: 'Object Repository/OOBObjects/ProjectCharterPage/ProjectCharterTitle' is clicked on

2019-05-19 12:03:06 - [MESSAGE][PASSED] - Object: 'Object Repository/OOBObjects/ProjectCharterPage/ProjectInScopeList' is clicked on

2019-05-19 12:03:06 - [MESSAGE][PASSED] - Object: 'Object Repository/OOBObjects/ProjectCharterPage/OutofWorkScopeList' is clicked on

2019-05-19 12:03:07 - [MESSAGE][PASSED] - Object: 'Object Repository/OOBObjects/ProjectCharterPage/ProjectGoalsList' is clicked on

2019-05-19 12:03:07 - [MESSAGE][PASSED] - Object: 'Object Repository/OOBObjects/ProjectCharterPage/ExpectedOutcomesList' is clicked on

2019-05-19 12:03:07 - [MESSAGE][PASSED] - Object: 'Object Repository/OOBObjects/ProjectCharterPage/DependenciesList' is clicked on

2019-05-19 12:03:07 - [MESSAGE][PASSED] - Object: 'Object Repository/OOBObjects/ProjectCharterPage/Risks' is clicked on

2019-05-19 12:03:07 - [MESSAGE][PASSED] - Object: 'Object Repository/OOBObjects/ProjectCharterPage/ConstraintList' is clicked on

2019-05-19 12:03:07 - [MESSAGE][PASSED] - Object: 'Object Repository/OOBObjects/ProjectCharterPage/AssumptionList' is clicked on

2019-05-19 12:03:07 - [MESSAGE][PASSED] - Object: 'Object Repository/OOBObjects/ProjectCharterPage/StakeholdersList' is clicked on

2019-05-19 12:03:07 - [MESSAGE][PASSED] - Object: 'Object Repository/OOBObjects/ProjectCharterPage/Documents' is clicked on

2019-05-19 12:03:07 - [MESSAGE][PASSED] - I want to verify project charter page

2019-05-19 12:03:07 - [TEST_STEP][PASSED] - I want to close browser: I want to close browser

2019-05-19 12:03:08 - [MESSAGE][PASSED] - Browser is closed

2019-05-19 12:03:08 - [MESSAGE][PASSED] - I want to close browser

2019-05-19 12:03:08 - [MESSAGE][PASSED] - Feature file: 'Include/features/Governance-Module/Add-Project/041-Verify-Support-Details.feature' was passed]]></system-out>
         <system-err><![CDATA[]]></system-err>
      </testcase>
      <testcase name="Test Cases/Add-Project-Test-Cases/042-Verify-Project-Charter" classname="Test Cases/Add-Project-Test-Cases/042-Verify-Project-Charter" status="PASSED">
         <system-out><![CDATA[2019-05-19 12:03:08 - [TEST_CASE][PASSED] - Test Cases/Add-Project-Test-Cases/042-Verify-Project-Charter: Test Cases/Add-Project-Test-Cases/042-Verify-Project-Charter

2019-05-19 12:03:08 - [TEST_STEP][PASSED] - runFeatureFile("Include/features/Governance-Module/Add-Project/042-Verify-Project-Charter.feature"): Feature file: 'Include/features/Governance-Module/Add-Project/042-Verify-Project-Charter.feature' was passed

2019-05-19 12:03:08 - [MESSAGE][INFO] - Starting run keyword runFeatureFile: 'Include/features/Governance-Module/Add-Project/042-Verify-Project-Charter.feature' and extract report to folder: 'C:\Users\HP\git\PMO-Web-Application\Reports\First-Test-Suite\20190519_111227/cucumber_report/1558256588171'...

2019-05-19 12:03:08 - [TEST_CASE][PASSED] - Start Test Case : SCENARIO Verify support details: SCENARIO Verify support details

2019-05-19 12:03:08 - [TEST_STEP][PASSED] - I want to open browser: I want to open browser

2019-05-19 12:03:08 - [MESSAGE][INFO] - Starting 'Chrome' driver

2019-05-19 12:03:10 - [MESSAGE][PASSED] - Browser is opened with url: ''

2019-05-19 12:03:10 - [MESSAGE][PASSED] - Delete all cookies successfully

2019-05-19 12:03:10 - [MESSAGE][PASSED] - I want to open browser

2019-05-19 12:03:10 - [TEST_STEP][PASSED] - I want to maximize window: I want to maximize window

2019-05-19 12:03:11 - [MESSAGE][PASSED] - Current window maximized

2019-05-19 12:03:11 - [MESSAGE][PASSED] - I want to maximize window

2019-05-19 12:03:11 - [TEST_STEP][PASSED] - I want to go to OOB: I want to go to OOB

2019-05-19 12:03:19 - [MESSAGE][PASSED] - Navigate to 'https://pmoadmin:P@ssw0rd@dev5.cloudapp.net/OOB2/' successfully

2019-05-19 12:03:19 - [MESSAGE][PASSED] - I want to go to OOB

2019-05-19 12:03:19 - [TEST_STEP][PASSED] - I want to verify I'm in OOB main page: I want to verify I'm in OOB main page

2019-05-19 12:03:19 - [MESSAGE][WARNING] - Timeout '0' is invalid. Using default page load timeout: '30'

2019-05-19 12:03:19 - [MESSAGE][PASSED] - Object 'Object Repository/OOBObjects/HomepageObjects/OOBSideBar' is present

2019-05-19 12:03:19 - [MESSAGE][PASSED] - I want to verify I'm in OOB main page

2019-05-19 12:03:19 - [TEST_STEP][PASSED] - I want to go to projects list: I want to go to projects list

2019-05-19 12:03:23 - [MESSAGE][PASSED] - Delayed 4 second(s)

2019-05-19 12:03:27 - [MESSAGE][PASSED] - Object: 'Object Repository/OOBObjects/HomepageObjects/ProjectsList' is clicked on

2019-05-19 12:03:27 - [MESSAGE][PASSED] - I want to go to projects list

2019-05-19 12:03:27 - [TEST_STEP][PASSED] - I want to verify project list page: I want to verify project list page

2019-05-19 12:03:27 - [MESSAGE][WARNING] - Timeout '0' is invalid. Using default page load timeout: '30'

2019-05-19 12:03:27 - [MESSAGE][PASSED] - Object 'Object Repository/OOBObjects/ProjectsListObjects/ProjectsListTitle' is present

2019-05-19 12:03:27 - [MESSAGE][WARNING] - Timeout '0' is invalid. Using default page load timeout: '30'

2019-05-19 12:03:27 - [MESSAGE][PASSED] - Object 'Object Repository/OOBObjects/ProjectsListObjects/ProjectCodeColumn' is present

2019-05-19 12:03:27 - [MESSAGE][WARNING] - Timeout '0' is invalid. Using default page load timeout: '30'

2019-05-19 12:03:27 - [MESSAGE][PASSED] - Object 'Object Repository/OOBObjects/ProjectsListObjects/ProjectNameColumn' is present

2019-05-19 12:03:27 - [MESSAGE][WARNING] - Timeout '0' is invalid. Using default page load timeout: '30'

2019-05-19 12:03:27 - [MESSAGE][PASSED] - Object 'Object Repository/OOBObjects/ProjectsListObjects/ProjectStatusColumn' is present

2019-05-19 12:03:27 - [MESSAGE][WARNING] - Timeout '0' is invalid. Using default page load timeout: '30'

2019-05-19 12:03:27 - [MESSAGE][PASSED] - Object 'Object Repository/OOBObjects/ProjectsListObjects/ProjectStageColumn' is present

2019-05-19 12:03:27 - [MESSAGE][WARNING] - Timeout '0' is invalid. Using default page load timeout: '30'

2019-05-19 12:03:27 - [MESSAGE][PASSED] - Object 'Object Repository/OOBObjects/ProjectsListObjects/ActionsColumn' is present

2019-05-19 12:03:27 - [MESSAGE][PASSED] - I want to verify project list page

2019-05-19 12:03:27 - [TEST_STEP][PASSED] - I want to click Add new project button: I want to click Add new project button

2019-05-19 12:03:30 - [MESSAGE][PASSED] - Object: 'Object Repository/OOBObjects/ProjectsListObjects/AddNewProject' is clicked on

2019-05-19 12:03:30 - [MESSAGE][PASSED] - I want to click Add new project button

2019-05-19 12:03:30 - [TEST_STEP][PASSED] - I want to fill project name: I want to fill project name

2019-05-19 12:03:31 - [MESSAGE][PASSED] - Text 'Automation Project7156' is set on object 'Object Repository/OOBObjects/ProjectsListObjects/ProjectNameField'

2019-05-19 12:03:31 - [MESSAGE][PASSED] - I want to fill project name

2019-05-19 12:03:31 - [TEST_STEP][PASSED] - I want to select project type: I want to select project type

2019-05-19 12:03:31 - [MESSAGE][PASSED] - All options with index in [1] are selected on object 'Object Repository/OOBObjects/ProjectsListObjects/ProjectTypeDropDwon'

2019-05-19 12:03:31 - [MESSAGE][PASSED] - I want to select project type

2019-05-19 12:03:31 - [TEST_STEP][PASSED] - I want to select project expected start date: I want to select project expected start date

2019-05-19 12:03:31 - [MESSAGE][PASSED] - Object: 'Object Repository/OOBObjects/ProjectsListObjects/GREGORIANStartDate' is clicked on

2019-05-19 12:03:31 - [MESSAGE][PASSED] - Object: 'Object Repository/OOBObjects/ProjectsListObjects/PlannedStartDate' is clicked on

2019-05-19 12:03:31 - [MESSAGE][PASSED] - Object: 'Object Repository/OOBObjects/ProjectsListObjects/DayThirtyStartDate' is hovered

2019-05-19 12:03:31 - [MESSAGE][PASSED] - Object: 'Object Repository/OOBObjects/ProjectsListObjects/DayThirtyStartDate' is clicked on

2019-05-19 12:03:31 - [MESSAGE][PASSED] - I want to select project expected start date

2019-05-19 12:03:31 - [TEST_STEP][PASSED] - I want to select project expected end date: I want to select project expected end date

2019-05-19 12:03:31 - [MESSAGE][PASSED] - Object 'Object Repository/OOBObjects/ProjectsListObjects/GREGORIANEndDate' is visible

2019-05-19 12:03:31 - [MESSAGE][PASSED] - Object: 'Object Repository/OOBObjects/ProjectsListObjects/GREGORIANEndDate' is clicked on

2019-05-19 12:03:33 - [MESSAGE][PASSED] - Delayed 2 second(s)

2019-05-19 12:03:33 - [MESSAGE][PASSED] - Object: 'Object Repository/OOBObjects/ProjectsListObjects/PlannedEndDate' is hovered

2019-05-19 12:03:33 - [MESSAGE][PASSED] - Object: 'Object Repository/OOBObjects/ProjectsListObjects/PlannedEndDate' is clicked on

2019-05-19 12:03:33 - [MESSAGE][PASSED] - All options with index in [6] are selected on object 'Object Repository/OOBObjects/ProjectsListObjects/ProjectEndDateMonthDropDown'

2019-05-19 12:03:33 - [MESSAGE][PASSED] - Object: 'Object Repository/OOBObjects/ProjectsListObjects/DayTwintyEndDate' is hovered

2019-05-19 12:03:33 - [MESSAGE][PASSED] - Object: 'Object Repository/OOBObjects/ProjectsListObjects/DayTwintyEndDate' is clicked on

2019-05-19 12:03:33 - [MESSAGE][PASSED] - I want to select project expected end date

2019-05-19 12:03:33 - [TEST_STEP][PASSED] - I want to fill project budget: I want to fill project budget

2019-05-19 12:03:34 - [MESSAGE][PASSED] - Text '10000' is set on object 'Object Repository/OOBObjects/ProjectsListObjects/ProjectExpectedBudget'

2019-05-19 12:03:34 - [MESSAGE][PASSED] - I want to fill project budget

2019-05-19 12:03:34 - [TEST_STEP][PASSED] - I want to select from owner deopdown list: I want to select from owner deopdown list

2019-05-19 12:03:34 - [MESSAGE][PASSED] - All options with index in [1] are selected on object 'Object Repository/OOBObjects/ProjectsListObjects/OwnerDropdown'

2019-05-19 12:03:34 - [MESSAGE][PASSED] - I want to select from owner deopdown list

2019-05-19 12:03:34 - [TEST_STEP][PASSED] - I want to fill project manager field: I want to fill project manager field

2019-05-19 12:03:34 - [MESSAGE][WARNING] - Timeout '0' is invalid. Using default page load timeout: '30'

2019-05-19 12:03:34 - [MESSAGE][PASSED] - Scroll to object 'Object Repository/OOBObjects/ProjectsListObjects/Duration' successfully

2019-05-19 12:03:34 - [MESSAGE][PASSED] - Text 'النظام' is set on object 'Object Repository/OOBObjects/ProjectsListObjects/ProjectMangerField'

2019-05-19 12:03:34 - [MESSAGE][PASSED] - I want to fill project manager field

2019-05-19 12:03:34 - [TEST_STEP][PASSED] - I want to tap enter key on manager field: I want to tap enter key on manager field

2019-05-19 12:03:34 - [MESSAGE][PASSED] - Keys 'ENTER + ' sent to object: 'Object Repository/OOBObjects/ProjectsListObjects/ProjectMangerField'

2019-05-19 12:03:34 - [MESSAGE][PASSED] - I want to tap enter key on manager field

2019-05-19 12:03:34 - [TEST_STEP][PASSED] - I want to fill project owner field: I want to fill project owner field

2019-05-19 12:03:34 - [MESSAGE][PASSED] - Text 'النظام' is set on object 'Object Repository/OOBObjects/ProjectsListObjects/ProjectOwnerField'

2019-05-19 12:03:34 - [MESSAGE][PASSED] - I want to fill project owner field

2019-05-19 12:03:34 - [TEST_STEP][PASSED] - I want to tap enter key on owner field: I want to tap enter key on owner field

2019-05-19 12:03:34 - [MESSAGE][PASSED] - Keys 'ENTER + ' sent to object: 'Object Repository/OOBObjects/ProjectsListObjects/ProjectOwnerField'

2019-05-19 12:03:34 - [MESSAGE][PASSED] - I want to tap enter key on owner field

2019-05-19 12:03:34 - [TEST_STEP][PASSED] - I want to fill project sponser field: I want to fill project sponser field

2019-05-19 12:03:34 - [MESSAGE][PASSED] - Text 'النظام' is set on object 'Object Repository/OOBObjects/ProjectsListObjects/ProjectSponsorField'

2019-05-19 12:03:34 - [MESSAGE][PASSED] - I want to fill project sponser field

2019-05-19 12:03:34 - [TEST_STEP][PASSED] - I want to tap enter key on sponser field: I want to tap enter key on sponser field

2019-05-19 12:03:34 - [MESSAGE][PASSED] - Keys 'ENTER + ' sent to object: 'Object Repository/OOBObjects/ProjectsListObjects/ProjectSponsorField'

2019-05-19 12:03:34 - [MESSAGE][PASSED] - I want to tap enter key on sponser field

2019-05-19 12:03:34 - [TEST_STEP][PASSED] - I want to fill project description field: I want to fill project description field

2019-05-19 12:03:34 - [MESSAGE][PASSED] - Text 'test description' is set on object 'Object Repository/OOBObjects/ProjectsListObjects/ProjectDescriptionField'

2019-05-19 12:03:34 - [MESSAGE][PASSED] - I want to fill project description field

2019-05-19 12:03:34 - [TEST_STEP][PASSED] - I want to fill project notes field: I want to fill project notes field

2019-05-19 12:03:34 - [MESSAGE][PASSED] - Text 'test notes' is set on object 'Object Repository/OOBObjects/ProjectsListObjects/ProjectNotesField'

2019-05-19 12:03:34 - [MESSAGE][PASSED] - I want to fill project notes field

2019-05-19 12:03:34 - [TEST_STEP][PASSED] - I want to add attachment for the project: I want to add attachment for the project

2019-05-19 12:03:35 - [MESSAGE][PASSED] - Object: 'Object Repository/OOBObjects/ProjectsListObjects/ProjectAddNewDocumentButton' is clicked on

2019-05-19 12:03:35 - [MESSAGE][WARNING] - Timeout '0' is invalid. Using default page load timeout: '30'

2019-05-19 12:03:35 - [MESSAGE][PASSED] - Scroll to object 'Object Repository/OOBObjects/ProjectsListObjects/ProjectAddNewDocumentButton' successfully

2019-05-19 12:03:35 - [MESSAGE][PASSED] - File 'C:\Users\HP\Desktop\download.png' sent to object: 'Object Repository/OOBObjects/ProjectsListObjects/ProjectUploadFile'

2019-05-19 12:03:35 - [MESSAGE][WARNING] - Timeout '0' is invalid. Using default page load timeout: '30'

2019-05-19 12:03:35 - [MESSAGE][PASSED] - Object 'Object Repository/OOBObjects/ProjectsListObjects/ProjectAttachedFile' is present

2019-05-19 12:03:35 - [MESSAGE][PASSED] - Object: 'Object Repository/OOBObjects/ProjectsListObjects/ProjectLoadButton' is clicked on

2019-05-19 12:03:35 - [MESSAGE][PASSED] - I want to add attachment for the project

2019-05-19 12:03:35 - [TEST_STEP][PASSED] - I want to wait: I want to wait

2019-05-19 12:03:38 - [MESSAGE][PASSED] - Delayed 3 second(s)

2019-05-19 12:03:38 - [MESSAGE][PASSED] - I want to wait

2019-05-19 12:03:38 - [TEST_STEP][PASSED] - I want to click on send project button: I want to click on send project button

2019-05-19 12:03:43 - [MESSAGE][PASSED] - Delayed 5 second(s)

2019-05-19 12:03:43 - [MESSAGE][PASSED] - Wait for page load successfully

2019-05-19 12:03:43 - [MESSAGE][PASSED] - Object: 'Object Repository/OOBObjects/ProjectsListObjects/SendProjectButton' is clicked on

2019-05-19 12:03:43 - [MESSAGE][PASSED] - I want to click on send project button

2019-05-19 12:03:43 - [TEST_STEP][PASSED] - I want to wait for page load: I want to wait for page load

2019-05-19 12:03:43 - [MESSAGE][PASSED] - Wait for page load successfully

2019-05-19 12:03:43 - [MESSAGE][PASSED] - I want to wait for page load

2019-05-19 12:03:43 - [TEST_STEP][PASSED] - I want to check im in projects list page: I want to check im in projects list page

2019-05-19 12:04:28 - [MESSAGE][PASSED] - Delayed 45 second(s)

2019-05-19 12:04:52 - [MESSAGE][PASSED] - Object 'Object Repository/OOBObjects/ProjectsListObjects/ProjectsListTitle' is present

2019-05-19 12:04:52 - [MESSAGE][WARNING] - Timeout '0' is invalid. Using default page load timeout: '30'

2019-05-19 12:04:52 - [MESSAGE][PASSED] - Object 'Object Repository/OOBObjects/ProjectsListObjects/ProjectsListTitle' is present

2019-05-19 12:04:52 - [MESSAGE][PASSED] - I want to check im in projects list page

2019-05-19 12:04:52 - [TEST_STEP][PASSED] - I want to search for crated project by name: I want to search for crated project by name

2019-05-19 12:04:52 - [MESSAGE][PASSED] - Wait for page load successfully

2019-05-19 12:04:52 - [MESSAGE][PASSED] - Object: 'Object Repository/OOBObjects/ProjectsListObjects/ProjectSearchField' is hovered

2019-05-19 12:04:52 - [MESSAGE][PASSED] - Text 'Automation Project7156' is set on object 'Object Repository/OOBObjects/ProjectsListObjects/ProjectSearchField'

2019-05-19 12:04:55 - [MESSAGE][PASSED] - Actual text and expected text of test object 'Object Repository/OOBObjects/ProjectsListObjects/FirstProjectName' are matched.

2019-05-19 12:04:55 - [MESSAGE][PASSED] - I want to search for crated project by name

2019-05-19 12:04:55 - [TEST_STEP][PASSED] - I want to view project page: I want to view project page

2019-05-19 12:05:08 - [MESSAGE][PASSED] - Object: 'Object Repository/OOBObjects/ProjectsListObjects/ProjectNameLink' is clicked on

2019-05-19 12:05:08 - [MESSAGE][WARNING] - Timeout '0' is invalid. Using default page load timeout: '30'

2019-05-19 12:05:08 - [MESSAGE][PASSED] - Object 'Object Repository/OOBObjects/ProjectsListObjects/SupportFomMenue' is present

2019-05-19 12:05:08 - [MESSAGE][PASSED] - I want to view project page

2019-05-19 12:05:08 - [TEST_STEP][PASSED] - I want to go to project support page: I want to go to project support page

2019-05-19 12:05:08 - [MESSAGE][PASSED] - Object: 'Object Repository/OOBObjects/ProjectsListObjects/ProjectMenue' is clicked on

2019-05-19 12:05:16 - [MESSAGE][PASSED] - Object: 'Object Repository/OOBObjects/ProjectsListObjects/SupportFomMenue' is clicked on

2019-05-19 12:05:16 - [MESSAGE][PASSED] - I want to go to project support page

2019-05-19 12:05:16 - [TEST_STEP][PASSED] - I want to verify project support page: I want to verify project support page

2019-05-19 12:05:16 - [MESSAGE][WARNING] - Timeout '0' is invalid. Using default page load timeout: '30'

2019-05-19 12:05:16 - [MESSAGE][PASSED] - Object 'Object Repository/OOBObjects/SupportPageObjects/SupportPageTitel' is present

2019-05-19 12:05:16 - [MESSAGE][WARNING] - Timeout '0' is invalid. Using default page load timeout: '30'

2019-05-19 12:05:16 - [MESSAGE][PASSED] - Object 'Object Repository/OOBObjects/SupportPageObjects/SupportTable' is present

2019-05-19 12:05:16 - [MESSAGE][WARNING] - Timeout '0' is invalid. Using default page load timeout: '30'

2019-05-19 12:05:16 - [MESSAGE][PASSED] - Object 'Object Repository/OOBObjects/SupportPageObjects/Subject' is present

2019-05-19 12:05:16 - [MESSAGE][WARNING] - Timeout '0' is invalid. Using default page load timeout: '30'

2019-05-19 12:05:16 - [MESSAGE][PASSED] - Object 'Object Repository/OOBObjects/SupportPageObjects/SupportNote' is present

2019-05-19 12:05:16 - [MESSAGE][WARNING] - Timeout '0' is invalid. Using default page load timeout: '30'

2019-05-19 12:05:16 - [MESSAGE][PASSED] - Object 'Object Repository/OOBObjects/SupportPageObjects/Sender' is present

2019-05-19 12:05:16 - [MESSAGE][WARNING] - Timeout '0' is invalid. Using default page load timeout: '30'

2019-05-19 12:05:16 - [MESSAGE][PASSED] - Object 'Object Repository/OOBObjects/SupportPageObjects/CreatedDate' is present

2019-05-19 12:05:16 - [MESSAGE][WARNING] - Timeout '0' is invalid. Using default page load timeout: '30'

2019-05-19 12:05:16 - [MESSAGE][PASSED] - Object 'Object Repository/OOBObjects/SupportPageObjects/LastActionDate' is present

2019-05-19 12:05:16 - [MESSAGE][WARNING] - Timeout '0' is invalid. Using default page load timeout: '30'

2019-05-19 12:05:16 - [MESSAGE][PASSED] - Object 'Object Repository/OOBObjects/SupportPageObjects/Status' is present

2019-05-19 12:05:16 - [MESSAGE][WARNING] - Timeout '0' is invalid. Using default page load timeout: '30'

2019-05-19 12:05:16 - [MESSAGE][PASSED] - Object 'Object Repository/OOBObjects/SupportPageObjects/Actions' is present

2019-05-19 12:05:16 - [MESSAGE][PASSED] - I want to verify project support page

2019-05-19 12:05:16 - [TEST_STEP][PASSED] - I want to submit support: I want to submit support

2019-05-19 12:05:16 - [MESSAGE][PASSED] - Object: 'Object Repository/OOBObjects/SupportPageObjects/AddSupportButton' is clicked on

2019-05-19 12:05:16 - [MESSAGE][PASSED] - Text 'Automation support' is set on object 'Object Repository/OOBObjects/SupportPageObjects/SupportSubjectField'

2019-05-19 12:05:16 - [MESSAGE][PASSED] - Text 'Automation support note' is set on object 'Object Repository/OOBObjects/SupportPageObjects/SupportNotesField'

2019-05-19 12:05:16 - [MESSAGE][PASSED] - Object: 'Object Repository/OOBObjects/SupportPageObjects/SendButton' is clicked on

2019-05-19 12:05:16 - [MESSAGE][WARNING] - Timeout '0' is invalid. Using default page load timeout: '30'

2019-05-19 12:05:26 - [MESSAGE][PASSED] - Object 'Object Repository/OOBObjects/SupportPageObjects/PageOne' is present

2019-05-19 12:05:26 - [MESSAGE][PASSED] - I want to submit support

2019-05-19 12:05:26 - [TEST_STEP][PASSED] - I want to view support details: I want to view support details

2019-05-19 12:05:28 - [MESSAGE][PASSED] - Object: 'Object Repository/OOBObjects/SupportPageObjects/AddedSupportName' is clicked on

2019-05-19 12:05:28 - [MESSAGE][WARNING] - Timeout '0' is invalid. Using default page load timeout: '30'

2019-05-19 12:05:28 - [MESSAGE][PASSED] - Object 'Object Repository/OOBObjects/SupportPageObjects/SenderFromDetails' is present

2019-05-19 12:05:28 - [MESSAGE][PASSED] - Actual text and expected text of test object 'Object Repository/OOBObjects/SupportPageObjects/SenderValue' are matched.

2019-05-19 12:05:28 - [MESSAGE][WARNING] - Timeout '0' is invalid. Using default page load timeout: '30'

2019-05-19 12:05:28 - [MESSAGE][PASSED] - Object 'Object Repository/OOBObjects/SupportPageObjects/SubjectFromDetails' is present

2019-05-19 12:05:28 - [MESSAGE][PASSED] - Actual text and expected text of test object 'Object Repository/OOBObjects/SupportPageObjects/SubjectValue' are matched.

2019-05-19 12:05:28 - [MESSAGE][WARNING] - Timeout '0' is invalid. Using default page load timeout: '30'

2019-05-19 12:05:28 - [MESSAGE][PASSED] - Object 'Object Repository/OOBObjects/SupportPageObjects/RelatedProjectFromDetails' is present

2019-05-19 12:05:28 - [MESSAGE][PASSED] - Actual text and expected text of test object 'Object Repository/OOBObjects/SupportPageObjects/RelatedProjectValue' are matched.

2019-05-19 12:05:28 - [MESSAGE][WARNING] - Timeout '0' is invalid. Using default page load timeout: '30'

2019-05-19 12:05:28 - [MESSAGE][PASSED] - Object 'Object Repository/OOBObjects/SupportPageObjects/NotesFromDetails' is present

2019-05-19 12:05:28 - [MESSAGE][PASSED] - Actual text and expected text of test object 'Object Repository/OOBObjects/SupportPageObjects/NotesValue' are matched.

2019-05-19 12:05:28 - [MESSAGE][PASSED] - I want to view support details

2019-05-19 12:05:28 - [TEST_STEP][PASSED] - I want to close browser: I want to close browser

2019-05-19 12:05:29 - [MESSAGE][PASSED] - Browser is closed

2019-05-19 12:05:29 - [MESSAGE][PASSED] - I want to close browser

2019-05-19 12:05:29 - [MESSAGE][PASSED] - Feature file: 'Include/features/Governance-Module/Add-Project/042-Verify-Project-Charter.feature' was passed]]></system-out>
         <system-err><![CDATA[]]></system-err>
      </testcase>
      <system-out><![CDATA[2019-05-19 11:12:29 - [TEST_SUITE][FAILED] - First-Test-Suite: Test Cases/Add-Idea-Test-Cases/006-Check-Mandatory-Fields FAILED.
Reason:
com.kms.katalon.core.exception.StepFailedException: Feature file 'Include/features/Governance-Module/Add-Idea/006-Check-Mandatory-Fields.feature' was failed
	at com.kms.katalon.core.keyword.internal.KeywordMain.stepFailed(KeywordMain.groovy:48)
	at com.kms.katalon.core.keyword.internal.KeywordMain.stepFailed(KeywordMain.groovy)
	at com.kms.katalon.core.keyword.internal.KeywordMain.stepFailed(KeywordMain.groovy:21)
	at com.kms.katalon.core.keyword.internal.KeywordMain$stepFailed$0.call(Unknown Source)
	at com.kms.katalon.core.cucumber.keyword.CucumberBuiltinKeywords$_runFeatureFile_closure1.doCall(CucumberBuiltinKeywords.groovy:82)
	at com.kms.katalon.core.cucumber.keyword.CucumberBuiltinKeywords$_runFeatureFile_closure1.doCall(CucumberBuiltinKeywords.groovy)
	at com.kms.katalon.core.keyword.internal.KeywordMain.runKeyword(KeywordMain.groovy:66)
	at com.kms.katalon.core.keyword.internal.KeywordMain$runKeyword.call(Unknown Source)
	at com.kms.katalon.core.cucumber.keyword.CucumberBuiltinKeywords.runFeatureFile(CucumberBuiltinKeywords.groovy:46)
	at com.kms.katalon.core.cucumber.keyword.CucumberBuiltinKeywords$runFeatureFile$0.callStatic(Unknown Source)
	at com.kms.katalon.core.cucumber.keyword.CucumberBuiltinKeywords.runFeatureFile(CucumberBuiltinKeywords.groovy:101)
	at com.kms.katalon.core.cucumber.keyword.CucumberBuiltinKeywords$runFeatureFile.call(Unknown Source)
	at 006-Check-Mandatory-Fields.run(006-Check-Mandatory-Fields:16)
	at com.kms.katalon.core.main.ScriptEngine.run(ScriptEngine.java:194)
	at com.kms.katalon.core.main.ScriptEngine.runScriptAsRawText(ScriptEngine.java:119)
	at com.kms.katalon.core.main.TestCaseExecutor.runScript(TestCaseExecutor.java:331)
	at com.kms.katalon.core.main.TestCaseExecutor.doExecute(TestCaseExecutor.java:322)
	at com.kms.katalon.core.main.TestCaseExecutor.processExecutionPhase(TestCaseExecutor.java:301)
	at com.kms.katalon.core.main.TestCaseExecutor.accessMainPhase(TestCaseExecutor.java:293)
	at com.kms.katalon.core.main.TestCaseExecutor.execute(TestCaseExecutor.java:227)
	at com.kms.katalon.core.main.TestSuiteExecutor.accessTestCaseMainPhase(TestSuiteExecutor.java:129)
	at com.kms.katalon.core.main.TestSuiteExecutor.accessTestSuiteMainPhase(TestSuiteExecutor.java:112)
	at com.kms.katalon.core.main.TestSuiteExecutor.execute(TestSuiteExecutor.java:81)
	at com.kms.katalon.core.main.TestCaseMain.startTestSuite(TestCaseMain.java:157)
	at com.kms.katalon.core.main.TestCaseMain$startTestSuite$0.call(Unknown Source)
	at TempTestSuite1558253547685.run(TempTestSuite1558253547685.groovy:35)]]></system-out>
      <system-err><![CDATA[2019-05-19 11:12:29 - [TEST_SUITE][FAILED] - First-Test-Suite: Test Cases/Add-Idea-Test-Cases/006-Check-Mandatory-Fields FAILED.
Reason:
com.kms.katalon.core.exception.StepFailedException: Feature file 'Include/features/Governance-Module/Add-Idea/006-Check-Mandatory-Fields.feature' was failed
	at com.kms.katalon.core.keyword.internal.KeywordMain.stepFailed(KeywordMain.groovy:48)
	at com.kms.katalon.core.keyword.internal.KeywordMain.stepFailed(KeywordMain.groovy)
	at com.kms.katalon.core.keyword.internal.KeywordMain.stepFailed(KeywordMain.groovy:21)
	at com.kms.katalon.core.keyword.internal.KeywordMain$stepFailed$0.call(Unknown Source)
	at com.kms.katalon.core.cucumber.keyword.CucumberBuiltinKeywords$_runFeatureFile_closure1.doCall(CucumberBuiltinKeywords.groovy:82)
	at com.kms.katalon.core.cucumber.keyword.CucumberBuiltinKeywords$_runFeatureFile_closure1.doCall(CucumberBuiltinKeywords.groovy)
	at com.kms.katalon.core.keyword.internal.KeywordMain.runKeyword(KeywordMain.groovy:66)
	at com.kms.katalon.core.keyword.internal.KeywordMain$runKeyword.call(Unknown Source)
	at com.kms.katalon.core.cucumber.keyword.CucumberBuiltinKeywords.runFeatureFile(CucumberBuiltinKeywords.groovy:46)
	at com.kms.katalon.core.cucumber.keyword.CucumberBuiltinKeywords$runFeatureFile$0.callStatic(Unknown Source)
	at com.kms.katalon.core.cucumber.keyword.CucumberBuiltinKeywords.runFeatureFile(CucumberBuiltinKeywords.groovy:101)
	at com.kms.katalon.core.cucumber.keyword.CucumberBuiltinKeywords$runFeatureFile.call(Unknown Source)
	at 006-Check-Mandatory-Fields.run(006-Check-Mandatory-Fields:16)
	at com.kms.katalon.core.main.ScriptEngine.run(ScriptEngine.java:194)
	at com.kms.katalon.core.main.ScriptEngine.runScriptAsRawText(ScriptEngine.java:119)
	at com.kms.katalon.core.main.TestCaseExecutor.runScript(TestCaseExecutor.java:331)
	at com.kms.katalon.core.main.TestCaseExecutor.doExecute(TestCaseExecutor.java:322)
	at com.kms.katalon.core.main.TestCaseExecutor.processExecutionPhase(TestCaseExecutor.java:301)
	at com.kms.katalon.core.main.TestCaseExecutor.accessMainPhase(TestCaseExecutor.java:293)
	at com.kms.katalon.core.main.TestCaseExecutor.execute(TestCaseExecutor.java:227)
	at com.kms.katalon.core.main.TestSuiteExecutor.accessTestCaseMainPhase(TestSuiteExecutor.java:129)
	at com.kms.katalon.core.main.TestSuiteExecutor.accessTestSuiteMainPhase(TestSuiteExecutor.java:112)
	at com.kms.katalon.core.main.TestSuiteExecutor.execute(TestSuiteExecutor.java:81)
	at com.kms.katalon.core.main.TestCaseMain.startTestSuite(TestCaseMain.java:157)
	at com.kms.katalon.core.main.TestCaseMain$startTestSuite$0.call(Unknown Source)
	at TempTestSuite1558253547685.run(TempTestSuite1558253547685.groovy:35)]]></system-err>
   </testsuite>
</testsuites>
